<?xml version="1.0" encoding="UTF-8"?>
<testsuite xmlns:xsi="http://www.w3.org/2001/XMLSchema-instance" xsi:noNamespaceSchemaLocation="https://maven.apache.org/surefire/maven-surefire-plugin/xsd/surefire-test-report.xsd" version="3.0.1" name="TestSuite" time="1890.6" tests="100" errors="0" skipped="0" failures="5">
  <properties>
    <property name="java.specification.version" value="21"/>
    <property name="sun.cpu.isalist" value="amd64"/>
    <property name="sun.jnu.encoding" value="Cp1252"/>
    <property name="java.class.path" value="C:\Users\santh\Desktop\Ecommerce Automation\Selenium\EcommercePractise\target\test-classes;C:\Users\santh\Desktop\Ecommerce Automation\Selenium\EcommercePractise\target\classes;C:\Users\santh\.m2\repository\org\json\json\20230618\json-20230618.jar;C:\Users\santh\.m2\repository\org\seleniumhq\selenium\selenium-java\4.23.0\selenium-java-4.23.0.jar;C:\Users\santh\.m2\repository\org\seleniumhq\selenium\selenium-api\4.23.0\selenium-api-4.23.0.jar;C:\Users\santh\.m2\repository\org\seleniumhq\selenium\selenium-chrome-driver\4.23.0\selenium-chrome-driver-4.23.0.jar;C:\Users\santh\.m2\repository\com\google\auto\service\auto-service-annotations\1.1.1\auto-service-annotations-1.1.1.jar;C:\Users\santh\.m2\repository\org\seleniumhq\selenium\selenium-chromium-driver\4.23.0\selenium-chromium-driver-4.23.0.jar;C:\Users\santh\.m2\repository\org\seleniumhq\selenium\selenium-json\4.23.0\selenium-json-4.23.0.jar;C:\Users\santh\.m2\repository\org\seleniumhq\selenium\selenium-manager\4.23.0\selenium-manager-4.23.0.jar;C:\Users\santh\.m2\repository\org\seleniumhq\selenium\selenium-devtools-v125\4.23.0\selenium-devtools-v125-4.23.0.jar;C:\Users\santh\.m2\repository\org\seleniumhq\selenium\selenium-devtools-v126\4.23.0\selenium-devtools-v126-4.23.0.jar;C:\Users\santh\.m2\repository\org\seleniumhq\selenium\selenium-devtools-v127\4.23.0\selenium-devtools-v127-4.23.0.jar;C:\Users\santh\.m2\repository\org\seleniumhq\selenium\selenium-devtools-v85\4.23.0\selenium-devtools-v85-4.23.0.jar;C:\Users\santh\.m2\repository\org\seleniumhq\selenium\selenium-edge-driver\4.23.0\selenium-edge-driver-4.23.0.jar;C:\Users\santh\.m2\repository\org\seleniumhq\selenium\selenium-firefox-driver\4.23.0\selenium-firefox-driver-4.23.0.jar;C:\Users\santh\.m2\repository\org\seleniumhq\selenium\selenium-http\4.23.0\selenium-http-4.23.0.jar;C:\Users\santh\.m2\repository\dev\failsafe\failsafe\3.3.2\failsafe-3.3.2.jar;C:\Users\santh\.m2\repository\org\seleniumhq\selenium\selenium-ie-driver\4.23.0\selenium-ie-driver-4.23.0.jar;C:\Users\santh\.m2\repository\org\seleniumhq\selenium\selenium-remote-driver\4.23.0\selenium-remote-driver-4.23.0.jar;C:\Users\santh\.m2\repository\com\google\guava\guava\33.2.1-jre\guava-33.2.1-jre.jar;C:\Users\santh\.m2\repository\com\google\guava\failureaccess\1.0.2\failureaccess-1.0.2.jar;C:\Users\santh\.m2\repository\com\google\guava\listenablefuture\9999.0-empty-to-avoid-conflict-with-guava\listenablefuture-9999.0-empty-to-avoid-conflict-with-guava.jar;C:\Users\santh\.m2\repository\com\google\code\findbugs\jsr305\3.0.2\jsr305-3.0.2.jar;C:\Users\santh\.m2\repository\org\checkerframework\checker-qual\3.42.0\checker-qual-3.42.0.jar;C:\Users\santh\.m2\repository\com\google\errorprone\error_prone_annotations\2.26.1\error_prone_annotations-2.26.1.jar;C:\Users\santh\.m2\repository\com\google\j2objc\j2objc-annotations\3.0.0\j2objc-annotations-3.0.0.jar;C:\Users\santh\.m2\repository\io\opentelemetry\semconv\opentelemetry-semconv\1.25.0-alpha\opentelemetry-semconv-1.25.0-alpha.jar;C:\Users\santh\.m2\repository\io\opentelemetry\opentelemetry-api\1.40.0\opentelemetry-api-1.40.0.jar;C:\Users\santh\.m2\repository\io\opentelemetry\opentelemetry-context\1.40.0\opentelemetry-context-1.40.0.jar;C:\Users\santh\.m2\repository\io\opentelemetry\opentelemetry-exporter-logging\1.40.0\opentelemetry-exporter-logging-1.40.0.jar;C:\Users\santh\.m2\repository\io\opentelemetry\opentelemetry-sdk-common\1.40.0\opentelemetry-sdk-common-1.40.0.jar;C:\Users\santh\.m2\repository\io\opentelemetry\opentelemetry-sdk-extension-autoconfigure-spi\1.40.0\opentelemetry-sdk-extension-autoconfigure-spi-1.40.0.jar;C:\Users\santh\.m2\repository\io\opentelemetry\opentelemetry-sdk-extension-autoconfigure\1.40.0\opentelemetry-sdk-extension-autoconfigure-1.40.0.jar;C:\Users\santh\.m2\repository\io\opentelemetry\opentelemetry-api-incubator\1.40.0-alpha\opentelemetry-api-incubator-1.40.0-alpha.jar;C:\Users\santh\.m2\repository\io\opentelemetry\opentelemetry-sdk-trace\1.40.0\opentelemetry-sdk-trace-1.40.0.jar;C:\Users\santh\.m2\repository\io\opentelemetry\opentelemetry-sdk\1.40.0\opentelemetry-sdk-1.40.0.jar;C:\Users\santh\.m2\repository\io\opentelemetry\opentelemetry-sdk-metrics\1.40.0\opentelemetry-sdk-metrics-1.40.0.jar;C:\Users\santh\.m2\repository\io\opentelemetry\opentelemetry-sdk-logs\1.40.0\opentelemetry-sdk-logs-1.40.0.jar;C:\Users\santh\.m2\repository\net\bytebuddy\byte-buddy\1.14.18\byte-buddy-1.14.18.jar;C:\Users\santh\.m2\repository\org\seleniumhq\selenium\selenium-os\4.23.0\selenium-os-4.23.0.jar;C:\Users\santh\.m2\repository\org\apache\commons\commons-exec\1.4.0\commons-exec-1.4.0.jar;C:\Users\santh\.m2\repository\org\seleniumhq\selenium\selenium-safari-driver\4.23.0\selenium-safari-driver-4.23.0.jar;C:\Users\santh\.m2\repository\org\seleniumhq\selenium\selenium-support\4.23.0\selenium-support-4.23.0.jar;C:\Users\santh\.m2\repository\commons-io\commons-io\2.16.1\commons-io-2.16.1.jar;C:\Users\santh\.m2\repository\io\cucumber\cucumber-java\7.18.1\cucumber-java-7.18.1.jar;C:\Users\santh\.m2\repository\io\cucumber\cucumber-core\7.18.1\cucumber-core-7.18.1.jar;C:\Users\santh\.m2\repository\io\cucumber\cucumber-gherkin\7.18.1\cucumber-gherkin-7.18.1.jar;C:\Users\santh\.m2\repository\io\cucumber\cucumber-gherkin-messages\7.18.1\cucumber-gherkin-messages-7.18.1.jar;C:\Users\santh\.m2\repository\io\cucumber\gherkin\28.0.0\gherkin-28.0.0.jar;C:\Users\santh\.m2\repository\io\cucumber\messages\24.1.0\messages-24.1.0.jar;C:\Users\santh\.m2\repository\io\cucumber\testng-xml-formatter\0.2.0\testng-xml-formatter-0.2.0.jar;C:\Users\santh\.m2\repository\io\cucumber\query\12.2.0\query-12.2.0.jar;C:\Users\santh\.m2\repository\io\cucumber\tag-expressions\6.1.0\tag-expressions-6.1.0.jar;C:\Users\santh\.m2\repository\io\cucumber\cucumber-expressions\17.1.0\cucumber-expressions-17.1.0.jar;C:\Users\santh\.m2\repository\io\cucumber\datatable\7.18.1\datatable-7.18.1.jar;C:\Users\santh\.m2\repository\io\cucumber\cucumber-plugin\7.18.1\cucumber-plugin-7.18.1.jar;C:\Users\santh\.m2\repository\io\cucumber\docstring\7.18.1\docstring-7.18.1.jar;C:\Users\santh\.m2\repository\io\cucumber\html-formatter\21.4.1\html-formatter-21.4.1.jar;C:\Users\santh\.m2\repository\io\cucumber\junit-xml-formatter\0.5.0\junit-xml-formatter-0.5.0.jar;C:\Users\santh\.m2\repository\io\cucumber\ci-environment\10.0.1\ci-environment-10.0.1.jar;C:\Users\santh\.m2\repository\org\apiguardian\apiguardian-api\1.1.2\apiguardian-api-1.1.2.jar;C:\Users\santh\.m2\repository\io\cucumber\cucumber-testng\7.18.1\cucumber-testng-7.18.1.jar;C:\Users\santh\.m2\repository\org\testng\testng\7.10.2\testng-7.10.2.jar;C:\Users\santh\.m2\repository\org\slf4j\slf4j-api\1.7.36\slf4j-api-1.7.36.jar;C:\Users\santh\.m2\repository\com\beust\jcommander\1.82\jcommander-1.82.jar;C:\Users\santh\.m2\repository\org\webjars\jquery\3.7.1\jquery-3.7.1.jar;"/>
    <property name="java.vm.vendor" value="Oracle Corporation"/>
    <property name="sun.arch.data.model" value="64"/>
    <property name="user.variant" value=""/>
    <property name="java.vendor.url" value="https://java.oracle.com/"/>
    <property name="user.timezone" value="Asia/Calcutta"/>
    <property name="os.name" value="Windows 11"/>
    <property name="java.vm.specification.version" value="21"/>
    <property name="sun.java.launcher" value="SUN_STANDARD"/>
    <property name="user.country" value="US"/>
    <property name="sun.boot.library.path" value="C:\Program Files\Java\jdk-21\bin"/>
    <property name="sun.java.command" value="C:\Users\santh\AppData\Local\Temp\surefire11850996068781479331\surefirebooter-20241216111846276_3.jar C:\Users\santh\AppData\Local\Temp\surefire11850996068781479331 2024-12-16T11-18-46_123-jvmRun1 surefire-20241216111846276_1tmp surefire_0-20241216111846276_2tmp"/>
    <property name="jdk.debug" value="release"/>
    <property name="surefire.test.class.path" value="C:\Users\santh\Desktop\Ecommerce Automation\Selenium\EcommercePractise\target\test-classes;C:\Users\santh\Desktop\Ecommerce Automation\Selenium\EcommercePractise\target\classes;C:\Users\santh\.m2\repository\org\json\json\20230618\json-20230618.jar;C:\Users\santh\.m2\repository\org\seleniumhq\selenium\selenium-java\4.23.0\selenium-java-4.23.0.jar;C:\Users\santh\.m2\repository\org\seleniumhq\selenium\selenium-api\4.23.0\selenium-api-4.23.0.jar;C:\Users\santh\.m2\repository\org\seleniumhq\selenium\selenium-chrome-driver\4.23.0\selenium-chrome-driver-4.23.0.jar;C:\Users\santh\.m2\repository\com\google\auto\service\auto-service-annotations\1.1.1\auto-service-annotations-1.1.1.jar;C:\Users\santh\.m2\repository\org\seleniumhq\selenium\selenium-chromium-driver\4.23.0\selenium-chromium-driver-4.23.0.jar;C:\Users\santh\.m2\repository\org\seleniumhq\selenium\selenium-json\4.23.0\selenium-json-4.23.0.jar;C:\Users\santh\.m2\repository\org\seleniumhq\selenium\selenium-manager\4.23.0\selenium-manager-4.23.0.jar;C:\Users\santh\.m2\repository\org\seleniumhq\selenium\selenium-devtools-v125\4.23.0\selenium-devtools-v125-4.23.0.jar;C:\Users\santh\.m2\repository\org\seleniumhq\selenium\selenium-devtools-v126\4.23.0\selenium-devtools-v126-4.23.0.jar;C:\Users\santh\.m2\repository\org\seleniumhq\selenium\selenium-devtools-v127\4.23.0\selenium-devtools-v127-4.23.0.jar;C:\Users\santh\.m2\repository\org\seleniumhq\selenium\selenium-devtools-v85\4.23.0\selenium-devtools-v85-4.23.0.jar;C:\Users\santh\.m2\repository\org\seleniumhq\selenium\selenium-edge-driver\4.23.0\selenium-edge-driver-4.23.0.jar;C:\Users\santh\.m2\repository\org\seleniumhq\selenium\selenium-firefox-driver\4.23.0\selenium-firefox-driver-4.23.0.jar;C:\Users\santh\.m2\repository\org\seleniumhq\selenium\selenium-http\4.23.0\selenium-http-4.23.0.jar;C:\Users\santh\.m2\repository\dev\failsafe\failsafe\3.3.2\failsafe-3.3.2.jar;C:\Users\santh\.m2\repository\org\seleniumhq\selenium\selenium-ie-driver\4.23.0\selenium-ie-driver-4.23.0.jar;C:\Users\santh\.m2\repository\org\seleniumhq\selenium\selenium-remote-driver\4.23.0\selenium-remote-driver-4.23.0.jar;C:\Users\santh\.m2\repository\com\google\guava\guava\33.2.1-jre\guava-33.2.1-jre.jar;C:\Users\santh\.m2\repository\com\google\guava\failureaccess\1.0.2\failureaccess-1.0.2.jar;C:\Users\santh\.m2\repository\com\google\guava\listenablefuture\9999.0-empty-to-avoid-conflict-with-guava\listenablefuture-9999.0-empty-to-avoid-conflict-with-guava.jar;C:\Users\santh\.m2\repository\com\google\code\findbugs\jsr305\3.0.2\jsr305-3.0.2.jar;C:\Users\santh\.m2\repository\org\checkerframework\checker-qual\3.42.0\checker-qual-3.42.0.jar;C:\Users\santh\.m2\repository\com\google\errorprone\error_prone_annotations\2.26.1\error_prone_annotations-2.26.1.jar;C:\Users\santh\.m2\repository\com\google\j2objc\j2objc-annotations\3.0.0\j2objc-annotations-3.0.0.jar;C:\Users\santh\.m2\repository\io\opentelemetry\semconv\opentelemetry-semconv\1.25.0-alpha\opentelemetry-semconv-1.25.0-alpha.jar;C:\Users\santh\.m2\repository\io\opentelemetry\opentelemetry-api\1.40.0\opentelemetry-api-1.40.0.jar;C:\Users\santh\.m2\repository\io\opentelemetry\opentelemetry-context\1.40.0\opentelemetry-context-1.40.0.jar;C:\Users\santh\.m2\repository\io\opentelemetry\opentelemetry-exporter-logging\1.40.0\opentelemetry-exporter-logging-1.40.0.jar;C:\Users\santh\.m2\repository\io\opentelemetry\opentelemetry-sdk-common\1.40.0\opentelemetry-sdk-common-1.40.0.jar;C:\Users\santh\.m2\repository\io\opentelemetry\opentelemetry-sdk-extension-autoconfigure-spi\1.40.0\opentelemetry-sdk-extension-autoconfigure-spi-1.40.0.jar;C:\Users\santh\.m2\repository\io\opentelemetry\opentelemetry-sdk-extension-autoconfigure\1.40.0\opentelemetry-sdk-extension-autoconfigure-1.40.0.jar;C:\Users\santh\.m2\repository\io\opentelemetry\opentelemetry-api-incubator\1.40.0-alpha\opentelemetry-api-incubator-1.40.0-alpha.jar;C:\Users\santh\.m2\repository\io\opentelemetry\opentelemetry-sdk-trace\1.40.0\opentelemetry-sdk-trace-1.40.0.jar;C:\Users\santh\.m2\repository\io\opentelemetry\opentelemetry-sdk\1.40.0\opentelemetry-sdk-1.40.0.jar;C:\Users\santh\.m2\repository\io\opentelemetry\opentelemetry-sdk-metrics\1.40.0\opentelemetry-sdk-metrics-1.40.0.jar;C:\Users\santh\.m2\repository\io\opentelemetry\opentelemetry-sdk-logs\1.40.0\opentelemetry-sdk-logs-1.40.0.jar;C:\Users\santh\.m2\repository\net\bytebuddy\byte-buddy\1.14.18\byte-buddy-1.14.18.jar;C:\Users\santh\.m2\repository\org\seleniumhq\selenium\selenium-os\4.23.0\selenium-os-4.23.0.jar;C:\Users\santh\.m2\repository\org\apache\commons\commons-exec\1.4.0\commons-exec-1.4.0.jar;C:\Users\santh\.m2\repository\org\seleniumhq\selenium\selenium-safari-driver\4.23.0\selenium-safari-driver-4.23.0.jar;C:\Users\santh\.m2\repository\org\seleniumhq\selenium\selenium-support\4.23.0\selenium-support-4.23.0.jar;C:\Users\santh\.m2\repository\commons-io\commons-io\2.16.1\commons-io-2.16.1.jar;C:\Users\santh\.m2\repository\io\cucumber\cucumber-java\7.18.1\cucumber-java-7.18.1.jar;C:\Users\santh\.m2\repository\io\cucumber\cucumber-core\7.18.1\cucumber-core-7.18.1.jar;C:\Users\santh\.m2\repository\io\cucumber\cucumber-gherkin\7.18.1\cucumber-gherkin-7.18.1.jar;C:\Users\santh\.m2\repository\io\cucumber\cucumber-gherkin-messages\7.18.1\cucumber-gherkin-messages-7.18.1.jar;C:\Users\santh\.m2\repository\io\cucumber\gherkin\28.0.0\gherkin-28.0.0.jar;C:\Users\santh\.m2\repository\io\cucumber\messages\24.1.0\messages-24.1.0.jar;C:\Users\santh\.m2\repository\io\cucumber\testng-xml-formatter\0.2.0\testng-xml-formatter-0.2.0.jar;C:\Users\santh\.m2\repository\io\cucumber\query\12.2.0\query-12.2.0.jar;C:\Users\santh\.m2\repository\io\cucumber\tag-expressions\6.1.0\tag-expressions-6.1.0.jar;C:\Users\santh\.m2\repository\io\cucumber\cucumber-expressions\17.1.0\cucumber-expressions-17.1.0.jar;C:\Users\santh\.m2\repository\io\cucumber\datatable\7.18.1\datatable-7.18.1.jar;C:\Users\santh\.m2\repository\io\cucumber\cucumber-plugin\7.18.1\cucumber-plugin-7.18.1.jar;C:\Users\santh\.m2\repository\io\cucumber\docstring\7.18.1\docstring-7.18.1.jar;C:\Users\santh\.m2\repository\io\cucumber\html-formatter\21.4.1\html-formatter-21.4.1.jar;C:\Users\santh\.m2\repository\io\cucumber\junit-xml-formatter\0.5.0\junit-xml-formatter-0.5.0.jar;C:\Users\santh\.m2\repository\io\cucumber\ci-environment\10.0.1\ci-environment-10.0.1.jar;C:\Users\santh\.m2\repository\org\apiguardian\apiguardian-api\1.1.2\apiguardian-api-1.1.2.jar;C:\Users\santh\.m2\repository\io\cucumber\cucumber-testng\7.18.1\cucumber-testng-7.18.1.jar;C:\Users\santh\.m2\repository\org\testng\testng\7.10.2\testng-7.10.2.jar;C:\Users\santh\.m2\repository\org\slf4j\slf4j-api\1.7.36\slf4j-api-1.7.36.jar;C:\Users\santh\.m2\repository\com\beust\jcommander\1.82\jcommander-1.82.jar;C:\Users\santh\.m2\repository\org\webjars\jquery\3.7.1\jquery-3.7.1.jar;"/>
    <property name="sun.cpu.endian" value="little"/>
    <property name="user.home" value="C:\Users\santh"/>
    <property name="user.language" value="en"/>
    <property name="java.specification.vendor" value="Oracle Corporation"/>
    <property name="java.version.date" value="2024-10-15"/>
    <property name="java.home" value="C:\Program Files\Java\jdk-21"/>
    <property name="file.separator" value="\"/>
    <property name="basedir" value="C:\Users\santh\Desktop\Ecommerce Automation\Selenium\EcommercePractise"/>
    <property name="java.vm.compressedOopsMode" value="Zero based"/>
    <property name="line.separator" value="&#10;"/>
    <property name="java.vm.specification.vendor" value="Oracle Corporation"/>
    <property name="java.specification.name" value="Java Platform API Specification"/>
    <property name="surefire.real.class.path" value="C:\Users\santh\AppData\Local\Temp\surefire11850996068781479331\surefirebooter-20241216111846276_3.jar"/>
    <property name="user.script" value=""/>
    <property name="sun.management.compiler" value="HotSpot 64-Bit Tiered Compilers"/>
    <property name="java.runtime.version" value="21.0.5+9-LTS-239"/>
    <property name="user.name" value="santh"/>
    <property name="stdout.encoding" value="Cp1252"/>
    <property name="path.separator" value=";"/>
    <property name="os.version" value="10.0"/>
    <property name="java.runtime.name" value="Java(TM) SE Runtime Environment"/>
    <property name="file.encoding" value="UTF-8"/>
    <property name="java.vm.name" value="Java HotSpot(TM) 64-Bit Server VM"/>
    <property name="localRepository" value="C:\Users\santh\.m2\repository"/>
    <property name="java.vendor.url.bug" value="https://bugreport.java.com/bugreport/"/>
    <property name="java.io.tmpdir" value="C:\Users\santh\AppData\Local\Temp\"/>
    <property name="java.version" value="21.0.5"/>
    <property name="user.dir" value="C:\Users\santh\Desktop\Ecommerce Automation\Selenium\EcommercePractise"/>
    <property name="os.arch" value="amd64"/>
    <property name="java.vm.specification.name" value="Java Virtual Machine Specification"/>
    <property name="sun.os.patch.level" value=""/>
    <property name="native.encoding" value="Cp1252"/>
    <property name="java.library.path" value="C:\Program Files\Java\jdk-21\bin;C:\WINDOWS\Sun\Java\bin;C:\WINDOWS\system32;C:\WINDOWS;C:\Program Files\Common Files\Oracle\Java\javapath;C:\WINDOWS\system32;C:\WINDOWS;C:\WINDOWS\System32\Wbem;C:\WINDOWS\System32\WindowsPowerShell\v1.0\;C:\WINDOWS\System32\OpenSSH\;C:\Program Files\dotnet\;C:\Program Files\NVIDIA Corporation\NVIDIA NvDLISR;C:\Program Files (x86)\NVIDIA Corporation\PhysX\Common;C:\Program Files (x86)\Windows Kits\10\Windows Performance Toolkit\;C:\apache-maven-3.9.8\bin;C:\Program Files\Git\cmd;C:\Program Files\Amazon\AWSCLIV2\;C:\Program Files\nodejs\;C:\Users\santh\AppData\Local\Microsoft\WindowsApps;C:\Users\santh\AppData\Local\Programs\Microsoft VS Code\bin;C:\Program Files\MongoDB\Server\7.0\bin;C:\Users\santh\Downloads\Compressed\mongosh-2.0.2-win32-x64\mongosh-2.0.2-win32-x64\bin;C:\src\flutter\bin;C:\apache-maven-3.9.8;C:\Users\santh\AppData\Roaming\npm;C:\Program Files\JetBrains\IntelliJ IDEA 2024.2.4\bin;;C:\Program Files\JetBrains\IntelliJ IDEA Community Edition 2024.2.4\bin;;;."/>
    <property name="java.vm.info" value="mixed mode, sharing"/>
    <property name="stderr.encoding" value="Cp1252"/>
    <property name="java.vendor" value="Oracle Corporation"/>
    <property name="java.vm.version" value="21.0.5+9-LTS-239"/>
    <property name="sun.io.unicode.encoding" value="UnicodeLittle"/>
    <property name="java.class.version" value="65.0"/>
  </properties>
  <testcase name="runScenario[&quot;Home button&quot;, &quot;Cart Page functionality&quot;](1)" classname="TestNGTestRunner" time="8.756">
    <system-err><![CDATA[SLF4J: Failed to load class "org.slf4j.impl.StaticLoggerBinder".
SLF4J: Defaulting to no-operation (NOP) logger implementation
SLF4J: See http://www.slf4j.org/codes.html#StaticLoggerBinder for further details.
Dec 16, 2024 11:18:50 AM org.openqa.selenium.devtools.CdpVersionFinder findNearestMatch
WARNING: Unable to find an exact match for CDP version 130, returning the closest version; found: 127; Please update to a Selenium version that supports CDP version 130
]]></system-err>
  </testcase>
  <testcase name="runScenario[&quot;Orders button&quot;, &quot;Cart Page functionality&quot;](2)" classname="TestNGTestRunner" time="7.315">
    <system-err><![CDATA[Dec 16, 2024 11:18:57 AM org.openqa.selenium.devtools.CdpVersionFinder findNearestMatch
WARNING: Unable to find an exact match for CDP version 130, returning the closest version; found: 127; Please update to a Selenium version that supports CDP version 130
Dec 16, 2024 11:19:03 AM org.openqa.selenium.remote.http.WebSocket$Listener onError
WARNING: Connection reset
java.net.SocketException: Connection reset
	at java.base/sun.nio.ch.SocketChannelImpl.throwConnectionReset(SocketChannelImpl.java:401)
	at java.base/sun.nio.ch.SocketChannelImpl.read(SocketChannelImpl.java:434)
	at java.net.http/jdk.internal.net.http.SocketTube.readAvailable(SocketTube.java:1178)
	at java.net.http/jdk.internal.net.http.SocketTube$InternalReadPublisher$InternalReadSubscription.read(SocketTube.java:841)
	at java.net.http/jdk.internal.net.http.SocketTube$SocketFlowTask.run(SocketTube.java:181)
	at java.net.http/jdk.internal.net.http.common.SequentialScheduler$SchedulableTask.run(SequentialScheduler.java:207)
	at java.net.http/jdk.internal.net.http.common.SequentialScheduler.runOrSchedule(SequentialScheduler.java:280)
	at java.net.http/jdk.internal.net.http.common.SequentialScheduler.runOrSchedule(SequentialScheduler.java:233)
	at java.net.http/jdk.internal.net.http.SocketTube$InternalReadPublisher$InternalReadSubscription.signalReadable(SocketTube.java:782)
	at java.net.http/jdk.internal.net.http.SocketTube$InternalReadPublisher$ReadEvent.signalEvent(SocketTube.java:965)
	at java.net.http/jdk.internal.net.http.SocketTube$SocketFlowEvent.handle(SocketTube.java:253)
	at java.net.http/jdk.internal.net.http.HttpClientImpl$SelectorManager.handleEvent(HttpClientImpl.java:1469)
	at java.net.http/jdk.internal.net.http.HttpClientImpl$SelectorManager.lambda$run$3(HttpClientImpl.java:1414)
	at java.base/java.util.ArrayList.forEach(ArrayList.java:1596)
	at java.net.http/jdk.internal.net.http.HttpClientImpl$SelectorManager.run(HttpClientImpl.java:1414)

]]></system-err>
  </testcase>
  <testcase name="runScenario[&quot;Signout button&quot;, &quot;Cart Page functionality&quot;](3)" classname="TestNGTestRunner" time="7.387">
    <system-err><![CDATA[Dec 16, 2024 11:19:04 AM org.openqa.selenium.devtools.CdpVersionFinder findNearestMatch
WARNING: Unable to find an exact match for CDP version 130, returning the closest version; found: 127; Please update to a Selenium version that supports CDP version 130
Dec 16, 2024 11:19:10 AM org.openqa.selenium.remote.http.WebSocket$Listener onError
WARNING: Connection reset
java.net.SocketException: Connection reset
	at java.base/sun.nio.ch.SocketChannelImpl.throwConnectionReset(SocketChannelImpl.java:401)
	at java.base/sun.nio.ch.SocketChannelImpl.read(SocketChannelImpl.java:434)
	at java.net.http/jdk.internal.net.http.SocketTube.readAvailable(SocketTube.java:1178)
	at java.net.http/jdk.internal.net.http.SocketTube$InternalReadPublisher$InternalReadSubscription.read(SocketTube.java:841)
	at java.net.http/jdk.internal.net.http.SocketTube$SocketFlowTask.run(SocketTube.java:181)
	at java.net.http/jdk.internal.net.http.common.SequentialScheduler$SchedulableTask.run(SequentialScheduler.java:207)
	at java.net.http/jdk.internal.net.http.common.SequentialScheduler.runOrSchedule(SequentialScheduler.java:280)
	at java.net.http/jdk.internal.net.http.common.SequentialScheduler.runOrSchedule(SequentialScheduler.java:233)
	at java.net.http/jdk.internal.net.http.SocketTube$InternalReadPublisher$InternalReadSubscription.signalReadable(SocketTube.java:782)
	at java.net.http/jdk.internal.net.http.SocketTube$InternalReadPublisher$ReadEvent.signalEvent(SocketTube.java:965)
	at java.net.http/jdk.internal.net.http.SocketTube$SocketFlowEvent.handle(SocketTube.java:253)
	at java.net.http/jdk.internal.net.http.HttpClientImpl$SelectorManager.handleEvent(HttpClientImpl.java:1469)
	at java.net.http/jdk.internal.net.http.HttpClientImpl$SelectorManager.lambda$run$3(HttpClientImpl.java:1414)
	at java.base/java.util.ArrayList.forEach(ArrayList.java:1596)
	at java.net.http/jdk.internal.net.http.HttpClientImpl$SelectorManager.run(HttpClientImpl.java:1414)

]]></system-err>
  </testcase>
  <testcase name="runScenario[&quot;Cart button&quot;, &quot;Cart Page functionality&quot;](4)" classname="TestNGTestRunner" time="7.219">
    <system-err><![CDATA[Dec 16, 2024 11:19:11 AM org.openqa.selenium.devtools.CdpVersionFinder findNearestMatch
WARNING: Unable to find an exact match for CDP version 130, returning the closest version; found: 127; Please update to a Selenium version that supports CDP version 130
]]></system-err>
  </testcase>
  <testcase name="runScenario[&quot;Logo&quot;, &quot;Cart Page functionality&quot;](5)" classname="TestNGTestRunner" time="9.391">
    <system-err><![CDATA[Dec 16, 2024 11:19:19 AM org.openqa.selenium.devtools.CdpVersionFinder findNearestMatch
WARNING: Unable to find an exact match for CDP version 130, returning the closest version; found: 127; Please update to a Selenium version that supports CDP version 130
]]></system-err>
  </testcase>
  <testcase name="runScenario[&quot;Continue shopping&quot;, &quot;Cart Page functionality&quot;](6)" classname="TestNGTestRunner" time="7.399">
    <system-err><![CDATA[Dec 16, 2024 11:19:28 AM org.openqa.selenium.devtools.CdpVersionFinder findNearestMatch
WARNING: Unable to find an exact match for CDP version 130, returning the closest version; found: 127; Please update to a Selenium version that supports CDP version 130
Dec 16, 2024 11:19:34 AM org.openqa.selenium.remote.http.WebSocket$Listener onError
WARNING: Connection reset
java.net.SocketException: Connection reset
	at java.base/sun.nio.ch.SocketChannelImpl.throwConnectionReset(SocketChannelImpl.java:401)
	at java.base/sun.nio.ch.SocketChannelImpl.read(SocketChannelImpl.java:434)
	at java.net.http/jdk.internal.net.http.SocketTube.readAvailable(SocketTube.java:1178)
	at java.net.http/jdk.internal.net.http.SocketTube$InternalReadPublisher$InternalReadSubscription.read(SocketTube.java:841)
	at java.net.http/jdk.internal.net.http.SocketTube$SocketFlowTask.run(SocketTube.java:181)
	at java.net.http/jdk.internal.net.http.common.SequentialScheduler$SchedulableTask.run(SequentialScheduler.java:207)
	at java.net.http/jdk.internal.net.http.common.SequentialScheduler.runOrSchedule(SequentialScheduler.java:280)
	at java.net.http/jdk.internal.net.http.common.SequentialScheduler.runOrSchedule(SequentialScheduler.java:233)
	at java.net.http/jdk.internal.net.http.SocketTube$InternalReadPublisher$InternalReadSubscription.signalReadable(SocketTube.java:782)
	at java.net.http/jdk.internal.net.http.SocketTube$InternalReadPublisher$ReadEvent.signalEvent(SocketTube.java:965)
	at java.net.http/jdk.internal.net.http.SocketTube$SocketFlowEvent.handle(SocketTube.java:253)
	at java.net.http/jdk.internal.net.http.HttpClientImpl$SelectorManager.handleEvent(HttpClientImpl.java:1469)
	at java.net.http/jdk.internal.net.http.HttpClientImpl$SelectorManager.lambda$run$3(HttpClientImpl.java:1414)
	at java.base/java.util.ArrayList.forEach(ArrayList.java:1596)
	at java.net.http/jdk.internal.net.http.HttpClientImpl$SelectorManager.run(HttpClientImpl.java:1414)

]]></system-err>
  </testcase>
  <testcase name="runScenario[&quot;No Products&quot;, &quot;Cart Page functionality&quot;](7)" classname="TestNGTestRunner" time="7.192">
    <system-err><![CDATA[Dec 16, 2024 11:19:35 AM org.openqa.selenium.devtools.CdpVersionFinder findNearestMatch
WARNING: Unable to find an exact match for CDP version 130, returning the closest version; found: 127; Please update to a Selenium version that supports CDP version 130
Dec 16, 2024 11:19:41 AM org.openqa.selenium.remote.http.WebSocket$Listener onError
WARNING: Connection reset
java.net.SocketException: Connection reset
	at java.base/sun.nio.ch.SocketChannelImpl.throwConnectionReset(SocketChannelImpl.java:401)
	at java.base/sun.nio.ch.SocketChannelImpl.read(SocketChannelImpl.java:434)
	at java.net.http/jdk.internal.net.http.SocketTube.readAvailable(SocketTube.java:1178)
	at java.net.http/jdk.internal.net.http.SocketTube$InternalReadPublisher$InternalReadSubscription.read(SocketTube.java:841)
	at java.net.http/jdk.internal.net.http.SocketTube$SocketFlowTask.run(SocketTube.java:181)
	at java.net.http/jdk.internal.net.http.common.SequentialScheduler$SchedulableTask.run(SequentialScheduler.java:207)
	at java.net.http/jdk.internal.net.http.common.SequentialScheduler.runOrSchedule(SequentialScheduler.java:280)
	at java.net.http/jdk.internal.net.http.common.SequentialScheduler.runOrSchedule(SequentialScheduler.java:233)
	at java.net.http/jdk.internal.net.http.SocketTube$InternalReadPublisher$InternalReadSubscription.signalReadable(SocketTube.java:782)
	at java.net.http/jdk.internal.net.http.SocketTube$InternalReadPublisher$ReadEvent.signalEvent(SocketTube.java:965)
	at java.net.http/jdk.internal.net.http.SocketTube$SocketFlowEvent.handle(SocketTube.java:253)
	at java.net.http/jdk.internal.net.http.HttpClientImpl$SelectorManager.handleEvent(HttpClientImpl.java:1469)
	at java.net.http/jdk.internal.net.http.HttpClientImpl$SelectorManager.lambda$run$3(HttpClientImpl.java:1414)
	at java.base/java.util.ArrayList.forEach(ArrayList.java:1596)
	at java.net.http/jdk.internal.net.http.HttpClientImpl$SelectorManager.run(HttpClientImpl.java:1414)

]]></system-err>
  </testcase>
  <testcase name="runScenario[&quot;Cart is cleared when user logs out&quot;, &quot;Cart Page functionality&quot;](8)" classname="TestNGTestRunner" time="28.485">
    <system-err><![CDATA[Dec 16, 2024 11:19:43 AM org.openqa.selenium.devtools.CdpVersionFinder findNearestMatch
WARNING: Unable to find an exact match for CDP version 130, returning the closest version; found: 127; Please update to a Selenium version that supports CDP version 130
Dec 16, 2024 11:20:10 AM org.openqa.selenium.remote.http.WebSocket$Listener onError
WARNING: Connection reset
java.net.SocketException: Connection reset
	at java.base/sun.nio.ch.SocketChannelImpl.throwConnectionReset(SocketChannelImpl.java:401)
	at java.base/sun.nio.ch.SocketChannelImpl.read(SocketChannelImpl.java:434)
	at java.net.http/jdk.internal.net.http.SocketTube.readAvailable(SocketTube.java:1178)
	at java.net.http/jdk.internal.net.http.SocketTube$InternalReadPublisher$InternalReadSubscription.read(SocketTube.java:841)
	at java.net.http/jdk.internal.net.http.SocketTube$SocketFlowTask.run(SocketTube.java:181)
	at java.net.http/jdk.internal.net.http.common.SequentialScheduler$SchedulableTask.run(SequentialScheduler.java:207)
	at java.net.http/jdk.internal.net.http.common.SequentialScheduler.runOrSchedule(SequentialScheduler.java:280)
	at java.net.http/jdk.internal.net.http.common.SequentialScheduler.runOrSchedule(SequentialScheduler.java:233)
	at java.net.http/jdk.internal.net.http.SocketTube$InternalReadPublisher$InternalReadSubscription.signalReadable(SocketTube.java:782)
	at java.net.http/jdk.internal.net.http.SocketTube$InternalReadPublisher$ReadEvent.signalEvent(SocketTube.java:965)
	at java.net.http/jdk.internal.net.http.SocketTube$SocketFlowEvent.handle(SocketTube.java:253)
	at java.net.http/jdk.internal.net.http.HttpClientImpl$SelectorManager.handleEvent(HttpClientImpl.java:1469)
	at java.net.http/jdk.internal.net.http.HttpClientImpl$SelectorManager.lambda$run$3(HttpClientImpl.java:1414)
	at java.base/java.util.ArrayList.forEach(ArrayList.java:1596)
	at java.net.http/jdk.internal.net.http.HttpClientImpl$SelectorManager.run(HttpClientImpl.java:1414)

]]></system-err>
  </testcase>
  <testcase name="runScenario[&quot;Verify product details and total price&quot;, &quot;Cart Page functionality&quot;](9)" classname="TestNGTestRunner" time="24.684">
    <system-err><![CDATA[Dec 16, 2024 11:20:12 AM org.openqa.selenium.devtools.CdpVersionFinder findNearestMatch
WARNING: Unable to find an exact match for CDP version 130, returning the closest version; found: 127; Please update to a Selenium version that supports CDP version 130
Dec 16, 2024 11:20:34 AM org.openqa.selenium.remote.http.WebSocket$Listener onError
WARNING: Connection reset
java.net.SocketException: Connection reset
	at java.base/sun.nio.ch.SocketChannelImpl.throwConnectionReset(SocketChannelImpl.java:401)
	at java.base/sun.nio.ch.SocketChannelImpl.read(SocketChannelImpl.java:434)
	at java.net.http/jdk.internal.net.http.SocketTube.readAvailable(SocketTube.java:1178)
	at java.net.http/jdk.internal.net.http.SocketTube$InternalReadPublisher$InternalReadSubscription.read(SocketTube.java:841)
	at java.net.http/jdk.internal.net.http.SocketTube$SocketFlowTask.run(SocketTube.java:181)
	at java.net.http/jdk.internal.net.http.common.SequentialScheduler$SchedulableTask.run(SequentialScheduler.java:207)
	at java.net.http/jdk.internal.net.http.common.SequentialScheduler.runOrSchedule(SequentialScheduler.java:280)
	at java.net.http/jdk.internal.net.http.common.SequentialScheduler.runOrSchedule(SequentialScheduler.java:233)
	at java.net.http/jdk.internal.net.http.SocketTube$InternalReadPublisher$InternalReadSubscription.signalReadable(SocketTube.java:782)
	at java.net.http/jdk.internal.net.http.SocketTube$InternalReadPublisher$ReadEvent.signalEvent(SocketTube.java:965)
	at java.net.http/jdk.internal.net.http.SocketTube$SocketFlowEvent.handle(SocketTube.java:253)
	at java.net.http/jdk.internal.net.http.HttpClientImpl$SelectorManager.handleEvent(HttpClientImpl.java:1469)
	at java.net.http/jdk.internal.net.http.HttpClientImpl$SelectorManager.lambda$run$3(HttpClientImpl.java:1414)
	at java.base/java.util.ArrayList.forEach(ArrayList.java:1596)
	at java.net.http/jdk.internal.net.http.HttpClientImpl$SelectorManager.run(HttpClientImpl.java:1414)

]]></system-err>
  </testcase>
  <testcase name="runScenario[&quot;Verify checkout button is working&quot;, &quot;Cart Page functionality&quot;](10)" classname="TestNGTestRunner" time="24.645">
    <system-err><![CDATA[Dec 16, 2024 11:20:36 AM org.openqa.selenium.devtools.CdpVersionFinder findNearestMatch
WARNING: Unable to find an exact match for CDP version 130, returning the closest version; found: 127; Please update to a Selenium version that supports CDP version 130
Dec 16, 2024 11:20:59 AM org.openqa.selenium.remote.http.WebSocket$Listener onError
WARNING: Connection reset
java.net.SocketException: Connection reset
	at java.base/sun.nio.ch.SocketChannelImpl.throwConnectionReset(SocketChannelImpl.java:401)
	at java.base/sun.nio.ch.SocketChannelImpl.read(SocketChannelImpl.java:434)
	at java.net.http/jdk.internal.net.http.SocketTube.readAvailable(SocketTube.java:1178)
	at java.net.http/jdk.internal.net.http.SocketTube$InternalReadPublisher$InternalReadSubscription.read(SocketTube.java:841)
	at java.net.http/jdk.internal.net.http.SocketTube$SocketFlowTask.run(SocketTube.java:181)
	at java.net.http/jdk.internal.net.http.common.SequentialScheduler$SchedulableTask.run(SequentialScheduler.java:207)
	at java.net.http/jdk.internal.net.http.common.SequentialScheduler.runOrSchedule(SequentialScheduler.java:280)
	at java.net.http/jdk.internal.net.http.common.SequentialScheduler.runOrSchedule(SequentialScheduler.java:233)
	at java.net.http/jdk.internal.net.http.SocketTube$InternalReadPublisher$InternalReadSubscription.signalReadable(SocketTube.java:782)
	at java.net.http/jdk.internal.net.http.SocketTube$InternalReadPublisher$ReadEvent.signalEvent(SocketTube.java:965)
	at java.net.http/jdk.internal.net.http.SocketTube$SocketFlowEvent.handle(SocketTube.java:253)
	at java.net.http/jdk.internal.net.http.HttpClientImpl$SelectorManager.handleEvent(HttpClientImpl.java:1469)
	at java.net.http/jdk.internal.net.http.HttpClientImpl$SelectorManager.lambda$run$3(HttpClientImpl.java:1414)
	at java.base/java.util.ArrayList.forEach(ArrayList.java:1596)
	at java.net.http/jdk.internal.net.http.HttpClientImpl$SelectorManager.run(HttpClientImpl.java:1414)

]]></system-err>
  </testcase>
  <testcase name="runScenario[&quot;Verify delete button is working&quot;, &quot;Cart Page functionality&quot;](11)" classname="TestNGTestRunner" time="26.172">
    <system-err><![CDATA[Dec 16, 2024 11:21:01 AM org.openqa.selenium.devtools.CdpVersionFinder findNearestMatch
WARNING: Unable to find an exact match for CDP version 130, returning the closest version; found: 127; Please update to a Selenium version that supports CDP version 130
]]></system-err>
  </testcase>
  <testcase name="runScenario[&quot;Verify buy now button is working&quot;, &quot;Cart Page functionality&quot;](12)" classname="TestNGTestRunner" time="26.523">
    <system-err><![CDATA[Dec 16, 2024 11:21:27 AM org.openqa.selenium.devtools.CdpVersionFinder findNearestMatch
WARNING: Unable to find an exact match for CDP version 130, returning the closest version; found: 127; Please update to a Selenium version that supports CDP version 130
]]></system-err>
  </testcase>
  <testcase name="runScenario[&quot;No country details&quot;, &quot;Checkout Page functionality&quot;](13)" classname="TestNGTestRunner" time="14.226">
    <system-err><![CDATA[Dec 16, 2024 11:21:53 AM org.openqa.selenium.devtools.CdpVersionFinder findNearestMatch
WARNING: Unable to find an exact match for CDP version 130, returning the closest version; found: 127; Please update to a Selenium version that supports CDP version 130
Dec 16, 2024 11:22:06 AM org.openqa.selenium.remote.http.WebSocket$Listener onError
WARNING: Connection reset
java.net.SocketException: Connection reset
	at java.base/sun.nio.ch.SocketChannelImpl.throwConnectionReset(SocketChannelImpl.java:401)
	at java.base/sun.nio.ch.SocketChannelImpl.read(SocketChannelImpl.java:434)
	at java.net.http/jdk.internal.net.http.SocketTube.readAvailable(SocketTube.java:1178)
	at java.net.http/jdk.internal.net.http.SocketTube$InternalReadPublisher$InternalReadSubscription.read(SocketTube.java:841)
	at java.net.http/jdk.internal.net.http.SocketTube$SocketFlowTask.run(SocketTube.java:181)
	at java.net.http/jdk.internal.net.http.common.SequentialScheduler$SchedulableTask.run(SequentialScheduler.java:207)
	at java.net.http/jdk.internal.net.http.common.SequentialScheduler.runOrSchedule(SequentialScheduler.java:280)
	at java.net.http/jdk.internal.net.http.common.SequentialScheduler.runOrSchedule(SequentialScheduler.java:233)
	at java.net.http/jdk.internal.net.http.SocketTube$InternalReadPublisher$InternalReadSubscription.signalReadable(SocketTube.java:782)
	at java.net.http/jdk.internal.net.http.SocketTube$InternalReadPublisher$ReadEvent.signalEvent(SocketTube.java:965)
	at java.net.http/jdk.internal.net.http.SocketTube$SocketFlowEvent.handle(SocketTube.java:253)
	at java.net.http/jdk.internal.net.http.HttpClientImpl$SelectorManager.handleEvent(HttpClientImpl.java:1469)
	at java.net.http/jdk.internal.net.http.HttpClientImpl$SelectorManager.lambda$run$3(HttpClientImpl.java:1414)
	at java.base/java.util.ArrayList.forEach(ArrayList.java:1596)
	at java.net.http/jdk.internal.net.http.HttpClientImpl$SelectorManager.run(HttpClientImpl.java:1414)

]]></system-err>
  </testcase>
  <testcase name="runScenario[&quot;API is failed&quot;, &quot;Checkout Page functionality&quot;](14)" classname="TestNGTestRunner" time="14.21">
    <system-err><![CDATA[Dec 16, 2024 11:22:07 AM org.openqa.selenium.devtools.CdpVersionFinder findNearestMatch
WARNING: Unable to find an exact match for CDP version 130, returning the closest version; found: 127; Please update to a Selenium version that supports CDP version 130
]]></system-err>
  </testcase>
  <testcase name="runScenario[&quot;Home button&quot;, &quot;Checkout Page functionality&quot;](15)" classname="TestNGTestRunner" time="13.884">
    <system-err><![CDATA[Dec 16, 2024 11:22:22 AM org.openqa.selenium.devtools.CdpVersionFinder findNearestMatch
WARNING: Unable to find an exact match for CDP version 130, returning the closest version; found: 127; Please update to a Selenium version that supports CDP version 130
Dec 16, 2024 11:22:34 AM org.openqa.selenium.remote.http.WebSocket$Listener onError
WARNING: Connection reset
java.net.SocketException: Connection reset
	at java.base/sun.nio.ch.SocketChannelImpl.throwConnectionReset(SocketChannelImpl.java:401)
	at java.base/sun.nio.ch.SocketChannelImpl.read(SocketChannelImpl.java:434)
	at java.net.http/jdk.internal.net.http.SocketTube.readAvailable(SocketTube.java:1178)
	at java.net.http/jdk.internal.net.http.SocketTube$InternalReadPublisher$InternalReadSubscription.read(SocketTube.java:841)
	at java.net.http/jdk.internal.net.http.SocketTube$SocketFlowTask.run(SocketTube.java:181)
	at java.net.http/jdk.internal.net.http.common.SequentialScheduler$SchedulableTask.run(SequentialScheduler.java:207)
	at java.net.http/jdk.internal.net.http.common.SequentialScheduler.runOrSchedule(SequentialScheduler.java:280)
	at java.net.http/jdk.internal.net.http.common.SequentialScheduler.runOrSchedule(SequentialScheduler.java:233)
	at java.net.http/jdk.internal.net.http.SocketTube$InternalReadPublisher$InternalReadSubscription.signalReadable(SocketTube.java:782)
	at java.net.http/jdk.internal.net.http.SocketTube$InternalReadPublisher$ReadEvent.signalEvent(SocketTube.java:965)
	at java.net.http/jdk.internal.net.http.SocketTube$SocketFlowEvent.handle(SocketTube.java:253)
	at java.net.http/jdk.internal.net.http.HttpClientImpl$SelectorManager.handleEvent(HttpClientImpl.java:1469)
	at java.net.http/jdk.internal.net.http.HttpClientImpl$SelectorManager.lambda$run$3(HttpClientImpl.java:1414)
	at java.base/java.util.ArrayList.forEach(ArrayList.java:1596)
	at java.net.http/jdk.internal.net.http.HttpClientImpl$SelectorManager.run(HttpClientImpl.java:1414)

]]></system-err>
  </testcase>
  <testcase name="runScenario[&quot;Orders button&quot;, &quot;Checkout Page functionality&quot;](16)" classname="TestNGTestRunner" time="15.488">
    <system-err><![CDATA[Dec 16, 2024 11:22:36 AM org.openqa.selenium.devtools.CdpVersionFinder findNearestMatch
WARNING: Unable to find an exact match for CDP version 130, returning the closest version; found: 127; Please update to a Selenium version that supports CDP version 130
Dec 16, 2024 11:22:49 AM org.openqa.selenium.remote.http.WebSocket$Listener onError
WARNING: Connection reset
java.net.SocketException: Connection reset
	at java.base/sun.nio.ch.SocketChannelImpl.throwConnectionReset(SocketChannelImpl.java:401)
	at java.base/sun.nio.ch.SocketChannelImpl.read(SocketChannelImpl.java:434)
	at java.net.http/jdk.internal.net.http.SocketTube.readAvailable(SocketTube.java:1178)
	at java.net.http/jdk.internal.net.http.SocketTube$InternalReadPublisher$InternalReadSubscription.read(SocketTube.java:841)
	at java.net.http/jdk.internal.net.http.SocketTube$SocketFlowTask.run(SocketTube.java:181)
	at java.net.http/jdk.internal.net.http.common.SequentialScheduler$SchedulableTask.run(SequentialScheduler.java:207)
	at java.net.http/jdk.internal.net.http.common.SequentialScheduler.runOrSchedule(SequentialScheduler.java:280)
	at java.net.http/jdk.internal.net.http.common.SequentialScheduler.runOrSchedule(SequentialScheduler.java:233)
	at java.net.http/jdk.internal.net.http.SocketTube$InternalReadPublisher$InternalReadSubscription.signalReadable(SocketTube.java:782)
	at java.net.http/jdk.internal.net.http.SocketTube$InternalReadPublisher$ReadEvent.signalEvent(SocketTube.java:965)
	at java.net.http/jdk.internal.net.http.SocketTube$SocketFlowEvent.handle(SocketTube.java:253)
	at java.net.http/jdk.internal.net.http.HttpClientImpl$SelectorManager.handleEvent(HttpClientImpl.java:1469)
	at java.net.http/jdk.internal.net.http.HttpClientImpl$SelectorManager.lambda$run$3(HttpClientImpl.java:1414)
	at java.base/java.util.ArrayList.forEach(ArrayList.java:1596)
	at java.net.http/jdk.internal.net.http.HttpClientImpl$SelectorManager.run(HttpClientImpl.java:1414)

]]></system-err>
  </testcase>
  <testcase name="runScenario[&quot;Signout button&quot;, &quot;Checkout Page functionality&quot;](17)" classname="TestNGTestRunner" time="13.396">
    <system-err><![CDATA[Dec 16, 2024 11:22:51 AM org.openqa.selenium.devtools.CdpVersionFinder findNearestMatch
WARNING: Unable to find an exact match for CDP version 130, returning the closest version; found: 127; Please update to a Selenium version that supports CDP version 130
]]></system-err>
  </testcase>
  <testcase name="runScenario[&quot;Cart button&quot;, &quot;Checkout Page functionality&quot;](18)" classname="TestNGTestRunner" time="13.542">
    <system-err><![CDATA[Dec 16, 2024 11:23:04 AM org.openqa.selenium.devtools.CdpVersionFinder findNearestMatch
WARNING: Unable to find an exact match for CDP version 130, returning the closest version; found: 127; Please update to a Selenium version that supports CDP version 130
Dec 16, 2024 11:23:16 AM org.openqa.selenium.remote.http.WebSocket$Listener onError
WARNING: Connection reset
java.net.SocketException: Connection reset
	at java.base/sun.nio.ch.SocketChannelImpl.throwConnectionReset(SocketChannelImpl.java:401)
	at java.base/sun.nio.ch.SocketChannelImpl.read(SocketChannelImpl.java:434)
	at java.net.http/jdk.internal.net.http.SocketTube.readAvailable(SocketTube.java:1178)
	at java.net.http/jdk.internal.net.http.SocketTube$InternalReadPublisher$InternalReadSubscription.read(SocketTube.java:841)
	at java.net.http/jdk.internal.net.http.SocketTube$SocketFlowTask.run(SocketTube.java:181)
	at java.net.http/jdk.internal.net.http.common.SequentialScheduler$SchedulableTask.run(SequentialScheduler.java:207)
	at java.net.http/jdk.internal.net.http.common.SequentialScheduler.runOrSchedule(SequentialScheduler.java:280)
	at java.net.http/jdk.internal.net.http.common.SequentialScheduler.runOrSchedule(SequentialScheduler.java:233)
	at java.net.http/jdk.internal.net.http.SocketTube$InternalReadPublisher$InternalReadSubscription.signalReadable(SocketTube.java:782)
	at java.net.http/jdk.internal.net.http.SocketTube$InternalReadPublisher$ReadEvent.signalEvent(SocketTube.java:965)
	at java.net.http/jdk.internal.net.http.SocketTube$SocketFlowEvent.handle(SocketTube.java:253)
	at java.net.http/jdk.internal.net.http.HttpClientImpl$SelectorManager.handleEvent(HttpClientImpl.java:1469)
	at java.net.http/jdk.internal.net.http.HttpClientImpl$SelectorManager.lambda$run$3(HttpClientImpl.java:1414)
	at java.base/java.util.ArrayList.forEach(ArrayList.java:1596)
	at java.net.http/jdk.internal.net.http.HttpClientImpl$SelectorManager.run(HttpClientImpl.java:1414)

]]></system-err>
  </testcase>
  <testcase name="runScenario[&quot;Logo&quot;, &quot;Checkout Page functionality&quot;](19)" classname="TestNGTestRunner" time="13.268">
    <system-err><![CDATA[Dec 16, 2024 11:23:18 AM org.openqa.selenium.devtools.CdpVersionFinder findNearestMatch
WARNING: Unable to find an exact match for CDP version 130, returning the closest version; found: 127; Please update to a Selenium version that supports CDP version 130
Dec 16, 2024 11:23:30 AM org.openqa.selenium.remote.http.WebSocket$Listener onError
WARNING: Connection reset
java.net.SocketException: Connection reset
	at java.base/sun.nio.ch.SocketChannelImpl.throwConnectionReset(SocketChannelImpl.java:401)
	at java.base/sun.nio.ch.SocketChannelImpl.read(SocketChannelImpl.java:434)
	at java.net.http/jdk.internal.net.http.SocketTube.readAvailable(SocketTube.java:1178)
	at java.net.http/jdk.internal.net.http.SocketTube$InternalReadPublisher$InternalReadSubscription.read(SocketTube.java:841)
	at java.net.http/jdk.internal.net.http.SocketTube$SocketFlowTask.run(SocketTube.java:181)
	at java.net.http/jdk.internal.net.http.common.SequentialScheduler$SchedulableTask.run(SequentialScheduler.java:207)
	at java.net.http/jdk.internal.net.http.common.SequentialScheduler.runOrSchedule(SequentialScheduler.java:280)
	at java.net.http/jdk.internal.net.http.common.SequentialScheduler.runOrSchedule(SequentialScheduler.java:233)
	at java.net.http/jdk.internal.net.http.SocketTube$InternalReadPublisher$InternalReadSubscription.signalReadable(SocketTube.java:782)
	at java.net.http/jdk.internal.net.http.SocketTube$InternalReadPublisher$ReadEvent.signalEvent(SocketTube.java:965)
	at java.net.http/jdk.internal.net.http.SocketTube$SocketFlowEvent.handle(SocketTube.java:253)
	at java.net.http/jdk.internal.net.http.HttpClientImpl$SelectorManager.handleEvent(HttpClientImpl.java:1469)
	at java.net.http/jdk.internal.net.http.HttpClientImpl$SelectorManager.lambda$run$3(HttpClientImpl.java:1414)
	at java.base/java.util.ArrayList.forEach(ArrayList.java:1596)
	at java.net.http/jdk.internal.net.http.HttpClientImpl$SelectorManager.run(HttpClientImpl.java:1414)

]]></system-err>
  </testcase>
  <testcase name="runScenario[&quot;Product details in chekout page&quot;, &quot;Checkout Page functionality&quot;](20)" classname="TestNGTestRunner" time="55.171">
    <system-err><![CDATA[Dec 16, 2024 11:23:32 AM org.openqa.selenium.devtools.CdpVersionFinder findNearestMatch
WARNING: Unable to find an exact match for CDP version 130, returning the closest version; found: 127; Please update to a Selenium version that supports CDP version 130
Dec 16, 2024 11:24:25 AM org.openqa.selenium.remote.http.WebSocket$Listener onError
WARNING: Connection reset
java.net.SocketException: Connection reset
	at java.base/sun.nio.ch.SocketChannelImpl.throwConnectionReset(SocketChannelImpl.java:401)
	at java.base/sun.nio.ch.SocketChannelImpl.read(SocketChannelImpl.java:434)
	at java.net.http/jdk.internal.net.http.SocketTube.readAvailable(SocketTube.java:1178)
	at java.net.http/jdk.internal.net.http.SocketTube$InternalReadPublisher$InternalReadSubscription.read(SocketTube.java:841)
	at java.net.http/jdk.internal.net.http.SocketTube$SocketFlowTask.run(SocketTube.java:181)
	at java.net.http/jdk.internal.net.http.common.SequentialScheduler$SchedulableTask.run(SequentialScheduler.java:207)
	at java.net.http/jdk.internal.net.http.common.SequentialScheduler.runOrSchedule(SequentialScheduler.java:280)
	at java.net.http/jdk.internal.net.http.common.SequentialScheduler.runOrSchedule(SequentialScheduler.java:233)
	at java.net.http/jdk.internal.net.http.SocketTube$InternalReadPublisher$InternalReadSubscription.signalReadable(SocketTube.java:782)
	at java.net.http/jdk.internal.net.http.SocketTube$InternalReadPublisher$ReadEvent.signalEvent(SocketTube.java:965)
	at java.net.http/jdk.internal.net.http.SocketTube$SocketFlowEvent.handle(SocketTube.java:253)
	at java.net.http/jdk.internal.net.http.HttpClientImpl$SelectorManager.handleEvent(HttpClientImpl.java:1469)
	at java.net.http/jdk.internal.net.http.HttpClientImpl$SelectorManager.lambda$run$3(HttpClientImpl.java:1414)
	at java.base/java.util.ArrayList.forEach(ArrayList.java:1596)
	at java.net.http/jdk.internal.net.http.HttpClientImpl$SelectorManager.run(HttpClientImpl.java:1414)

]]></system-err>
  </testcase>
  <testcase name="runScenario[&quot;Product details in chekout page&quot;, &quot;Checkout Page functionality&quot;](21)" classname="TestNGTestRunner" time="54.082">
    <system-err><![CDATA[Dec 16, 2024 11:24:27 AM org.openqa.selenium.devtools.CdpVersionFinder findNearestMatch
WARNING: Unable to find an exact match for CDP version 130, returning the closest version; found: 127; Please update to a Selenium version that supports CDP version 130
Dec 16, 2024 11:25:19 AM org.openqa.selenium.remote.http.WebSocket$Listener onError
WARNING: Connection reset
java.net.SocketException: Connection reset
	at java.base/sun.nio.ch.SocketChannelImpl.throwConnectionReset(SocketChannelImpl.java:401)
	at java.base/sun.nio.ch.SocketChannelImpl.read(SocketChannelImpl.java:434)
	at java.net.http/jdk.internal.net.http.SocketTube.readAvailable(SocketTube.java:1178)
	at java.net.http/jdk.internal.net.http.SocketTube$InternalReadPublisher$InternalReadSubscription.read(SocketTube.java:841)
	at java.net.http/jdk.internal.net.http.SocketTube$SocketFlowTask.run(SocketTube.java:181)
	at java.net.http/jdk.internal.net.http.common.SequentialScheduler$SchedulableTask.run(SequentialScheduler.java:207)
	at java.net.http/jdk.internal.net.http.common.SequentialScheduler.runOrSchedule(SequentialScheduler.java:280)
	at java.net.http/jdk.internal.net.http.common.SequentialScheduler.runOrSchedule(SequentialScheduler.java:233)
	at java.net.http/jdk.internal.net.http.SocketTube$InternalReadPublisher$InternalReadSubscription.signalReadable(SocketTube.java:782)
	at java.net.http/jdk.internal.net.http.SocketTube$InternalReadPublisher$ReadEvent.signalEvent(SocketTube.java:965)
	at java.net.http/jdk.internal.net.http.SocketTube$SocketFlowEvent.handle(SocketTube.java:253)
	at java.net.http/jdk.internal.net.http.HttpClientImpl$SelectorManager.handleEvent(HttpClientImpl.java:1469)
	at java.net.http/jdk.internal.net.http.HttpClientImpl$SelectorManager.lambda$run$3(HttpClientImpl.java:1414)
	at java.base/java.util.ArrayList.forEach(ArrayList.java:1596)
	at java.net.http/jdk.internal.net.http.HttpClientImpl$SelectorManager.run(HttpClientImpl.java:1414)

]]></system-err>
  </testcase>
  <testcase name="runScenario[&quot;Completeing order&quot;, &quot;Checkout Page functionality&quot;](22)" classname="TestNGTestRunner" time="55.727">
    <system-out><![CDATA[{"orders":[{"country":"India","productOrderedId":"6701364cae2afd4c0b90113c"},{"country":"India","productOrderedId":"6581ca979fd99c85e8ee7faf"},{"country":"India","productOrderedId":"6581cade9fd99c85e8ee7ff5"},{"country":"India","productOrderedId":"6581ca399fd99c85e8ee7f45"}]}
]]></system-out>
    <system-err><![CDATA[Dec 16, 2024 11:25:20 AM org.openqa.selenium.devtools.CdpVersionFinder findNearestMatch
WARNING: Unable to find an exact match for CDP version 130, returning the closest version; found: 127; Please update to a Selenium version that supports CDP version 130
Dec 16, 2024 11:26:15 AM org.openqa.selenium.remote.http.WebSocket$Listener onError
WARNING: Connection reset
java.net.SocketException: Connection reset
	at java.base/sun.nio.ch.SocketChannelImpl.throwConnectionReset(SocketChannelImpl.java:401)
	at java.base/sun.nio.ch.SocketChannelImpl.read(SocketChannelImpl.java:434)
	at java.net.http/jdk.internal.net.http.SocketTube.readAvailable(SocketTube.java:1178)
	at java.net.http/jdk.internal.net.http.SocketTube$InternalReadPublisher$InternalReadSubscription.read(SocketTube.java:841)
	at java.net.http/jdk.internal.net.http.SocketTube$SocketFlowTask.run(SocketTube.java:181)
	at java.net.http/jdk.internal.net.http.common.SequentialScheduler$SchedulableTask.run(SequentialScheduler.java:207)
	at java.net.http/jdk.internal.net.http.common.SequentialScheduler.runOrSchedule(SequentialScheduler.java:280)
	at java.net.http/jdk.internal.net.http.common.SequentialScheduler.runOrSchedule(SequentialScheduler.java:233)
	at java.net.http/jdk.internal.net.http.SocketTube$InternalReadPublisher$InternalReadSubscription.signalReadable(SocketTube.java:782)
	at java.net.http/jdk.internal.net.http.SocketTube$InternalReadPublisher$ReadEvent.signalEvent(SocketTube.java:965)
	at java.net.http/jdk.internal.net.http.SocketTube$SocketFlowEvent.handle(SocketTube.java:253)
	at java.net.http/jdk.internal.net.http.HttpClientImpl$SelectorManager.handleEvent(HttpClientImpl.java:1469)
	at java.net.http/jdk.internal.net.http.HttpClientImpl$SelectorManager.lambda$run$3(HttpClientImpl.java:1414)
	at java.base/java.util.ArrayList.forEach(ArrayList.java:1596)
	at java.net.http/jdk.internal.net.http.HttpClientImpl$SelectorManager.run(HttpClientImpl.java:1414)

]]></system-err>
  </testcase>
  <testcase name="runScenario[&quot;Empty form&quot;, &quot;Forgot Password Page error handling&quot;](23)" classname="TestNGTestRunner" time="8.638">
    <system-err><![CDATA[Dec 16, 2024 11:26:18 AM org.openqa.selenium.devtools.CdpVersionFinder findNearestMatch
WARNING: Unable to find an exact match for CDP version 130, returning the closest version; found: 127; Please update to a Selenium version that supports CDP version 130
Dec 16, 2024 11:26:23 AM org.openqa.selenium.remote.http.WebSocket$Listener onError
WARNING: Connection reset
java.net.SocketException: Connection reset
	at java.base/sun.nio.ch.SocketChannelImpl.throwConnectionReset(SocketChannelImpl.java:401)
	at java.base/sun.nio.ch.SocketChannelImpl.read(SocketChannelImpl.java:434)
	at java.net.http/jdk.internal.net.http.SocketTube.readAvailable(SocketTube.java:1178)
	at java.net.http/jdk.internal.net.http.SocketTube$InternalReadPublisher$InternalReadSubscription.read(SocketTube.java:841)
	at java.net.http/jdk.internal.net.http.SocketTube$SocketFlowTask.run(SocketTube.java:181)
	at java.net.http/jdk.internal.net.http.common.SequentialScheduler$SchedulableTask.run(SequentialScheduler.java:207)
	at java.net.http/jdk.internal.net.http.common.SequentialScheduler.runOrSchedule(SequentialScheduler.java:280)
	at java.net.http/jdk.internal.net.http.common.SequentialScheduler.runOrSchedule(SequentialScheduler.java:233)
	at java.net.http/jdk.internal.net.http.SocketTube$InternalReadPublisher$InternalReadSubscription.signalReadable(SocketTube.java:782)
	at java.net.http/jdk.internal.net.http.SocketTube$InternalReadPublisher$ReadEvent.signalEvent(SocketTube.java:965)
	at java.net.http/jdk.internal.net.http.SocketTube$SocketFlowEvent.handle(SocketTube.java:253)
	at java.net.http/jdk.internal.net.http.HttpClientImpl$SelectorManager.handleEvent(HttpClientImpl.java:1469)
	at java.net.http/jdk.internal.net.http.HttpClientImpl$SelectorManager.lambda$run$3(HttpClientImpl.java:1414)
	at java.base/java.util.ArrayList.forEach(ArrayList.java:1596)
	at java.net.http/jdk.internal.net.http.HttpClientImpl$SelectorManager.run(HttpClientImpl.java:1414)

]]></system-err>
  </testcase>
  <testcase name="runScenario[&quot;Invalid email&quot;, &quot;Forgot Password Page error handling&quot;](24)" classname="TestNGTestRunner" time="6.24">
    <system-err><![CDATA[Dec 16, 2024 11:26:25 AM org.openqa.selenium.devtools.CdpVersionFinder findNearestMatch
WARNING: Unable to find an exact match for CDP version 130, returning the closest version; found: 127; Please update to a Selenium version that supports CDP version 130
Dec 16, 2024 11:26:30 AM org.openqa.selenium.remote.http.WebSocket$Listener onError
WARNING: Connection reset
java.net.SocketException: Connection reset
	at java.base/sun.nio.ch.SocketChannelImpl.throwConnectionReset(SocketChannelImpl.java:401)
	at java.base/sun.nio.ch.SocketChannelImpl.read(SocketChannelImpl.java:434)
	at java.net.http/jdk.internal.net.http.SocketTube.readAvailable(SocketTube.java:1178)
	at java.net.http/jdk.internal.net.http.SocketTube$InternalReadPublisher$InternalReadSubscription.read(SocketTube.java:841)
	at java.net.http/jdk.internal.net.http.SocketTube$SocketFlowTask.run(SocketTube.java:181)
	at java.net.http/jdk.internal.net.http.common.SequentialScheduler$SchedulableTask.run(SequentialScheduler.java:207)
	at java.net.http/jdk.internal.net.http.common.SequentialScheduler.runOrSchedule(SequentialScheduler.java:280)
	at java.net.http/jdk.internal.net.http.common.SequentialScheduler.runOrSchedule(SequentialScheduler.java:233)
	at java.net.http/jdk.internal.net.http.SocketTube$InternalReadPublisher$InternalReadSubscription.signalReadable(SocketTube.java:782)
	at java.net.http/jdk.internal.net.http.SocketTube$InternalReadPublisher$ReadEvent.signalEvent(SocketTube.java:965)
	at java.net.http/jdk.internal.net.http.SocketTube$SocketFlowEvent.handle(SocketTube.java:253)
	at java.net.http/jdk.internal.net.http.HttpClientImpl$SelectorManager.handleEvent(HttpClientImpl.java:1469)
	at java.net.http/jdk.internal.net.http.HttpClientImpl$SelectorManager.lambda$run$3(HttpClientImpl.java:1414)
	at java.base/java.util.ArrayList.forEach(ArrayList.java:1596)
	at java.net.http/jdk.internal.net.http.HttpClientImpl$SelectorManager.run(HttpClientImpl.java:1414)

]]></system-err>
  </testcase>
  <testcase name="runScenario[&quot;Password mismatch&quot;, &quot;Forgot Password Page error handling&quot;](25)" classname="TestNGTestRunner" time="8.509">
    <system-err><![CDATA[Dec 16, 2024 11:26:32 AM org.openqa.selenium.devtools.CdpVersionFinder findNearestMatch
WARNING: Unable to find an exact match for CDP version 130, returning the closest version; found: 127; Please update to a Selenium version that supports CDP version 130
Dec 16, 2024 11:26:38 AM org.openqa.selenium.remote.http.WebSocket$Listener onError
WARNING: Connection reset
java.net.SocketException: Connection reset
	at java.base/sun.nio.ch.SocketChannelImpl.throwConnectionReset(SocketChannelImpl.java:401)
	at java.base/sun.nio.ch.SocketChannelImpl.read(SocketChannelImpl.java:434)
	at java.net.http/jdk.internal.net.http.SocketTube.readAvailable(SocketTube.java:1178)
	at java.net.http/jdk.internal.net.http.SocketTube$InternalReadPublisher$InternalReadSubscription.read(SocketTube.java:841)
	at java.net.http/jdk.internal.net.http.SocketTube$SocketFlowTask.run(SocketTube.java:181)
	at java.net.http/jdk.internal.net.http.common.SequentialScheduler$SchedulableTask.run(SequentialScheduler.java:207)
	at java.net.http/jdk.internal.net.http.common.SequentialScheduler.runOrSchedule(SequentialScheduler.java:280)
	at java.net.http/jdk.internal.net.http.common.SequentialScheduler.runOrSchedule(SequentialScheduler.java:233)
	at java.net.http/jdk.internal.net.http.SocketTube$InternalReadPublisher$InternalReadSubscription.signalReadable(SocketTube.java:782)
	at java.net.http/jdk.internal.net.http.SocketTube$InternalReadPublisher$ReadEvent.signalEvent(SocketTube.java:965)
	at java.net.http/jdk.internal.net.http.SocketTube$SocketFlowEvent.handle(SocketTube.java:253)
	at java.net.http/jdk.internal.net.http.HttpClientImpl$SelectorManager.handleEvent(HttpClientImpl.java:1469)
	at java.net.http/jdk.internal.net.http.HttpClientImpl$SelectorManager.lambda$run$3(HttpClientImpl.java:1414)
	at java.base/java.util.ArrayList.forEach(ArrayList.java:1596)
	at java.net.http/jdk.internal.net.http.HttpClientImpl$SelectorManager.run(HttpClientImpl.java:1414)

]]></system-err>
  </testcase>
  <testcase name="runScenario[&quot;User Not found&quot;, &quot;Forgot Password Page error handling&quot;](26)" classname="TestNGTestRunner" time="9.361">
    <system-out><![CDATA[{"userEmail":"s123vreveg4@gmail.com","userPassword":"123456","confirmPassword":"123456"}
]]></system-out>
    <system-err><![CDATA[Dec 16, 2024 11:26:40 AM org.openqa.selenium.devtools.CdpVersionFinder findNearestMatch
WARNING: Unable to find an exact match for CDP version 130, returning the closest version; found: 127; Please update to a Selenium version that supports CDP version 130
Dec 16, 2024 11:26:45 AM org.openqa.selenium.devtools.Connection$Listener lambda$onText$0
WARNING: Unable to process: {"method":"Network.requestWillBeSent","params":{"requestId":"20408.20","loaderId":"4A433C149A6DC48FB1B21D54052B9383","documentURL":"https://rahulshettyacademy.com/client/auth/password-new","request":{"url":"https://rahulshettyacademy.com/api/ecom/auth/new-password","method":"POST","headers":{"sec-ch-ua-platform":"\"Windows\"","Referer":"https://rahulshettyacademy.com/client/auth/password-new","User-Agent":"Mozilla/5.0 (Windows NT 10.0; Win64; x64) AppleWebKit/537.36 (KHTML, like Gecko) Chrome/130.0.0.0 Safari/537.36","Accept":"application/json, text/plain, */*","sec-ch-ua":"\"Chromium\";v=\"130\", \"Google Chrome\";v=\"130\", \"Not?A_Brand\";v=\"99\"","Content-Type":"application/json","sec-ch-ua-mobile":"?0"},"postData":"{\"userEmail\":\"s123vreveg4@gmail.com\",\"userPassword\":\"123456\",\"confirmPassword\":\"123456\"}","hasPostData":true,"postDataEntries":[{"bytes":"eyJ1c2VyRW1haWwiOiJzMTIzdnJldmVnNEBnbWFpbC5jb20iLCJ1c2VyUGFzc3dvcmQiOiIxMjM0NTYiLCJjb25maXJtUGFzc3dvcmQiOiIxMjM0NTYifQ=="}],"mixedContentType":"none","initialPriority":"High","referrerPolicy":"strict-origin-when-cross-origin","isSameSite":true},"timestamp":179408.75779,"wallTime":1734328605.613975,"initiator":{"type":"script","stack":{"callFrames":[{"functionName":"q","scriptId":"8","url":"https://rahulshettyacademy.com/client/polyfills.bd0c6ffd915d0ed70d31.js","lineNumber":0,"columnNumber":32300},{"functionName":"scheduleTask","scriptId":"8","url":"https://rahulshettyacademy.com/client/polyfills.bd0c6ffd915d0ed70d31.js","lineNumber":0,"columnNumber":6899},{"functionName":"onScheduleTask","scriptId":"8","url":"https://rahulshettyacademy.com/client/polyfills.bd0c6ffd915d0ed70d31.js","lineNumber":0,"columnNumber":4124},{"functionName":"scheduleTask","scriptId":"8","url":"https://rahulshettyacademy.com/client/polyfills.bd0c6ffd915d0ed70d31.js","lineNumber":0,"columnNumber":6797},{"functionName":"scheduleTask","scriptId":"8","url":"https://rahulshettyacademy.com/client/polyfills.bd0c6ffd915d0ed70d31.js","lineNumber":0,"columnNumber":3086},{"functionName":"scheduleMacroTask","scriptId":"8","url":"https://rahulshettyacademy.com/client/polyfills.bd0c6ffd915d0ed70d31.js","lineNumber":0,"columnNumber":3395},{"functionName":"Me","scriptId":"8","url":"https://rahulshettyacademy.com/client/polyfills.bd0c6ffd915d0ed70d31.js","lineNumber":0,"columnNumber":10539},{"functionName":"","scriptId":"8","url":"https://rahulshettyacademy.com/client/polyfills.bd0c6ffd915d0ed70d31.js","lineNumber":0,"columnNumber":32691},{"functionName":"o.<computed>","scriptId":"8","url":"https://rahulshettyacademy.com/client/polyfills.bd0c6ffd915d0ed70d31.js","lineNumber":0,"columnNumber":13452},{"functionName":"","scriptId":"10","url":"https://rahulshettyacademy.com/client/main.9c44d72685822eee0a0f.js","lineNumber":0,"columnNumber":40276},{"functionName":"_trySubscribe","scriptId":"10","url":"https://rahulshettyacademy.com/client/main.9c44d72685822eee0a0f.js","lineNumber":0,"columnNumber":247222},{"functionName":"subscribe","scriptId":"10","url":"https://rahulshettyacademy.com/client/main.9c44d72685822eee0a0f.js","lineNumber":0,"columnNumber":247023},{"functionName":"call","scriptId":"10","url":"https://rahulshettyacademy.com/client/main.9c44d72685822eee0a0f.js","lineNumber":0,"columnNumber":347614},{"functionName":"subscribe","scriptId":"10","url":"https://rahulshettyacademy.com/client/main.9c44d72685822eee0a0f.js","lineNumber":0,"columnNumber":246898},{"functionName":"call","scriptId":"10","url":"https://rahulshettyacademy.com/client/main.9c44d72685822eee0a0f.js","lineNumber":0,"columnNumber":260024},{"functionName":"subscribe","scriptId":"10","url":"https://rahulshettyacademy.com/client/main.9c44d72685822eee0a0f.js","lineNumber":0,"columnNumber":246898},{"functionName":"call","scriptId":"10","url":"https://rahulshettyacademy.com/client/main.9c44d72685822eee0a0f.js","lineNumber":0,"columnNumber":261641},{"functionName":"subscribe","scriptId":"10","url":"https://rahulshettyacademy.com/client/main.9c44d72685822eee0a0f.js","lineNumber":0,"columnNumber":246898},{"functionName":"X","scriptId":"10","url":"https://rahulshettyacademy.com/client/main.9c44d72685822eee0a0f.js","lineNumber":0,"columnNumber":256272},{"functionName":"_innerSub","scriptId":"10","url":"https://rahulshettyacademy.com/client/main.9c44d72685822eee0a0f.js","lineNumber":0,"columnNumber":263677},{"functionName":"_tryNext","scriptId":"10","url":"https://rahulshettyacademy.com/client/main.9c44d72685822eee0a0f.js","lineNumber":0,"columnNumber":263582},{"functionName":"_next","scriptId":"10","url":"https://rahulshettyacademy.com/client/main.9c44d72685822eee0a0f.js","lineNumber":0,"columnNumber":263421},{"functionName":"next","scriptId":"10","url":"https://rahulshettyacademy.com/client/main.9c44d72685822eee0a0f.js","lineNumber":0,"columnNumber":251086},{"functionName":"","scriptId":"10","url":"https://rahulshettyacademy.com/client/main.9c44d72685822eee0a0f.js","lineNumber":0,"columnNumber":270945},{"functionName":"_trySubscribe","scriptId":"10","url":"https://rahulshettyacademy.com/client/main.9c44d72685822eee0a0f.js","lineNumber":0,"columnNumber":247222},{"functionName":"subscribe","scriptId":"10","url":"https://rahulshettyacademy.com/client/main.9c44d72685822eee0a0f.js","lineNumber":0,"columnNumber":247023},{"functionName":"call","scriptId":"10","url":"https://rahulshettyacademy.com/client/main.9c44d72685822eee0a0f.js","lineNumber":0,"columnNumber":263156},{"functionName":"subscribe","scriptId":"10","url":"https://rahulshettyacademy.com/client/main.9c44d72685822eee0a0f.js","lineNumber":0,"columnNumber":246898},{"functionName":"call","scriptId":"10","url":"https://rahulshettyacademy.com/client/main.9c44d72685822eee0a0f.js","lineNumber":0,"columnNumber":261156},{"functionName":"subscribe","scriptId":"10","url":"https://rahulshettyacademy.com/client/main.9c44d72685822eee0a0f.js","lineNumber":0,"columnNumber":246898},{"functionName":"call","scriptId":"10","url":"https://rahulshettyacademy.com/client/main.9c44d72685822eee0a0f.js","lineNumber":0,"columnNumber":262331},{"functionName":"subscribe","scriptId":"10","url":"https://rahulshettyacademy.com/client/main.9c44d72685822eee0a0f.js","lineNumber":0,"columnNumber":246898},{"functionName":"call","scriptId":"10","url":"https://rahulshettyacademy.com/client/main.9c44d72685822eee0a0f.js","lineNumber":0,"columnNumber":262331},{"functionName":"subscribe","scriptId":"10","url":"https://rahulshettyacademy.com/client/main.9c44d72685822eee0a0f.js","lineNumber":0,"columnNumber":246898},{"functionName":"call","scriptId":"10","url":"https://rahulshettyacademy.com/client/main.9c44d72685822eee0a0f.js","lineNumber":0,"columnNumber":265941},{"functionName":"subscribe","scriptId":"10","url":"https://rahulshettyacademy.com/client/main.9c44d72685822eee0a0f.js","lineNumber":0,"columnNumber":246898},{"functionName":"call","scriptId":"10","url":"https://rahulshettyacademy.com/client/main.9c44d72685822eee0a0f.js","lineNumber":0,"columnNumber":267376},{"functionName":"subscribe","scriptId":"10","url":"https://rahulshettyacademy.com/client/main.9c44d72685822eee0a0f.js","lineNumber":0,"columnNumber":246898},{"functionName":"forgotPassword","scriptId":"14","url":"https://rahulshettyacademy.com/client/674.c8a6d45922fab3876c70.js","lineNumber":0,"columnNumber":56288},{"functionName":"","scriptId":"14","url":"https://rahulshettyacademy.com/client/674.c8a6d45922fab3876c70.js","lineNumber":0,"columnNumber":57832},{"functionName":"Bp","scriptId":"10","url":"https://rahulshettyacademy.com/client/main.9c44d72685822eee0a0f.js","lineNumber":0,"columnNumber":101233},{"functionName":"i","scriptId":"10","url":"https://rahulshettyacademy.com/client/main.9c44d72685822eee0a0f.js","lineNumber":0,"columnNumber":101395},{"functionName":"__tryOrUnsub","scriptId":"10","url":"https://rahulshettyacademy.com/client/main.9c44d72685822eee0a0f.js","lineNumber":0,"columnNumber":252917},{"functionName":"next","scriptId":"10","url":"https://rahulshettyacademy.com/client/main.9c44d72685822eee0a0f.js","lineNumber":0,"columnNumber":252142},{"functionName":"_next","scriptId":"10","url":"https://rahulshettyacademy.com/client/main.9c44d72685822eee0a0f.js","lineNumber":0,"columnNumber":251312},{"functionName":"next","scriptId":"10","url":"https://rahulshettyacademy.com/client/main.9c44d72685822eee0a0f.js","lineNumber":0,"columnNumber":251086},{"functionName":"next","scriptId":"10","url":"https://rahulshettyacademy.com/client/main.9c44d72685822eee0a0f.js","lineNumber":0,"columnNumber":249168},{"functionName":"emit","scriptId":"10","url":"https://rahulshettyacademy.com/client/main.9c44d72685822eee0a0f.js","lineNumber":0,"columnNumber":136306},{"functionName":"onSubmit","scriptId":"12","url":"https://rahulshettyacademy.com/client/480.f1614ecd961bd8e3dfd9.js","lineNumber":0,"columnNumber":33303},{"functionName":"","scriptId":"12","url":"https://rahulshettyacademy.com/client/480.f1614ecd961bd8e3dfd9.js","lineNumber":0,"columnNumber":34287},{"functionName":"Bp","scriptId":"10","url":"https://rahulshettyacademy.com/client/main.9c44d72685822eee0a0f.js","lineNumber":0,"columnNumber":101233},{"functionName":"i","scriptId":"10","url":"https://rahulshettyacademy.com/client/main.9c44d72685822eee0a0f.js","lineNumber":0,"columnNumber":101395},{"functionName":"","scriptId":"10","url":"https://rahulshettyacademy.com/client/main.9c44d72685822eee0a0f.js","lineNumber":0,"columnNumber":164144},{"functionName":"invokeTask","scriptId":"8","url":"https://rahulshettyacademy.com/client/polyfills.bd0c6ffd915d0ed70d31.js","lineNumber":0,"columnNumber":7136},{"functionName":"onInvokeTask","scriptId":"10","url":"https://rahulshettyacademy.com/client/main.9c44d72685822eee0a0f.js","lineNumber":0,"columnNumber":146363},{"functionName":"invokeTask","scriptId":"8","url":"https://rahulshettyacademy.com/client/polyfills.bd0c6ffd915d0ed70d31.js","lineNumber":0,"columnNumber":7057},{"functionName":"runTask","scriptId":"8","url":"https://rahulshettyacademy.com/client/polyfills.bd0c6ffd915d0ed70d31.js","lineNumber":0,"columnNumber":2531},{"functionName":"invokeTask","scriptId":"8","url":"https://rahulshettyacademy.com/client/polyfills.bd0c6ffd915d0ed70d31.js","lineNumber":0,"columnNumber":8187},{"functionName":"Z","scriptId":"8","url":"https://rahulshettyacademy.com/client/polyfills.bd0c6ffd915d0ed70d31.js","lineNumber":0,"columnNumber":20798},{"functionName":"N","scriptId":"8","url":"https://rahulshettyacademy.com/client/polyfills.bd0c6ffd915d0ed70d31.js","lineNumber":0,"columnNumber":21091},{"functionName":"B","scriptId":"8","url":"https://rahulshettyacademy.com/client/polyfills.bd0c6ffd915d0ed70d31.js","lineNumber":0,"columnNumber":21357}]}},"redirectHasExtraInfo":false,"type":"XHR","frameId":"22C07F5109F09BFEF5D0FF57CF5C2FA0","hasUserGesture":true},"sessionId":"25F4B1037FFA514F0E167B1DF0895742"}
org.json.JSONException: JSONObject["userPaassword"] not found.
	at org.json.JSONObject.get(JSONObject.java:570)
	at org.json.JSONObject.getString(JSONObject.java:857)
	at StepDefinitions.ForgotPasswordPage.ErrorHandlingStepDefImpl.lambda$user_provied_not_recognised_mail_and_submits_the_form$0(ErrorHandlingStepDefImpl.java:91)
	at org.openqa.selenium.devtools.DevTools.lambda$addListener$0(DevTools.java:104)
	at org.openqa.selenium.devtools.Connection.lambda$handle$5(Connection.java:348)
	at java.base/java.util.stream.ForEachOps$ForEachOp$OfRef.accept(ForEachOps.java:184)
	at java.base/java.util.stream.ReferencePipeline$2$1.accept(ReferencePipeline.java:179)
	at java.base/java.util.stream.ReferencePipeline$15$1.accept(ReferencePipeline.java:541)
	at java.base/java.util.HashMap$EntrySpliterator.forEachRemaining(HashMap.java:1858)
	at java.base/java.util.stream.AbstractPipeline.copyInto(AbstractPipeline.java:509)
	at java.base/java.util.stream.AbstractPipeline.wrapAndCopyInto(AbstractPipeline.java:499)
	at java.base/java.util.stream.ForEachOps$ForEachOp.evaluateSequential(ForEachOps.java:151)
	at java.base/java.util.stream.ForEachOps$ForEachOp$OfRef.evaluateSequential(ForEachOps.java:174)
	at java.base/java.util.stream.AbstractPipeline.evaluate(AbstractPipeline.java:234)
	at java.base/java.util.stream.ReferencePipeline.forEach(ReferencePipeline.java:596)
	at org.openqa.selenium.devtools.Connection.handle(Connection.java:311)
	at org.openqa.selenium.devtools.Connection$Listener.lambda$onText$0(Connection.java:239)
	at java.base/java.util.concurrent.ThreadPoolExecutor.runWorker(ThreadPoolExecutor.java:1144)
	at java.base/java.util.concurrent.ThreadPoolExecutor$Worker.run(ThreadPoolExecutor.java:642)
	at java.base/java.lang.Thread.run(Thread.java:1583)

Exception in thread "CDP Connection" org.openqa.selenium.devtools.DevToolsException: JSONObject["userPaassword"] not found.
Build info: version: '4.23.0', revision: '4df0a231af'
System info: os.name: 'Windows 11', os.arch: 'amd64', os.version: '10.0', java.version: '21.0.5'
Driver info: DevTools Connection
	at org.openqa.selenium.devtools.Connection$Listener.lambda$onText$0(Connection.java:242)
	at java.base/java.util.concurrent.ThreadPoolExecutor.runWorker(ThreadPoolExecutor.java:1144)
	at java.base/java.util.concurrent.ThreadPoolExecutor$Worker.run(ThreadPoolExecutor.java:642)
	at java.base/java.lang.Thread.run(Thread.java:1583)
Caused by: org.json.JSONException: JSONObject["userPaassword"] not found.
	at org.json.JSONObject.get(JSONObject.java:570)
	at org.json.JSONObject.getString(JSONObject.java:857)
	at StepDefinitions.ForgotPasswordPage.ErrorHandlingStepDefImpl.lambda$user_provied_not_recognised_mail_and_submits_the_form$0(ErrorHandlingStepDefImpl.java:91)
	at org.openqa.selenium.devtools.DevTools.lambda$addListener$0(DevTools.java:104)
	at org.openqa.selenium.devtools.Connection.lambda$handle$5(Connection.java:348)
	at java.base/java.util.stream.ForEachOps$ForEachOp$OfRef.accept(ForEachOps.java:184)
	at java.base/java.util.stream.ReferencePipeline$2$1.accept(ReferencePipeline.java:179)
	at java.base/java.util.stream.ReferencePipeline$15$1.accept(ReferencePipeline.java:541)
	at java.base/java.util.HashMap$EntrySpliterator.forEachRemaining(HashMap.java:1858)
	at java.base/java.util.stream.AbstractPipeline.copyInto(AbstractPipeline.java:509)
	at java.base/java.util.stream.AbstractPipeline.wrapAndCopyInto(AbstractPipeline.java:499)
	at java.base/java.util.stream.ForEachOps$ForEachOp.evaluateSequential(ForEachOps.java:151)
	at java.base/java.util.stream.ForEachOps$ForEachOp$OfRef.evaluateSequential(ForEachOps.java:174)
	at java.base/java.util.stream.AbstractPipeline.evaluate(AbstractPipeline.java:234)
	at java.base/java.util.stream.ReferencePipeline.forEach(ReferencePipeline.java:596)
	at org.openqa.selenium.devtools.Connection.handle(Connection.java:311)
	at org.openqa.selenium.devtools.Connection$Listener.lambda$onText$0(Connection.java:239)
	... 3 more
Dec 16, 2024 11:26:45 AM org.openqa.selenium.devtools.Connection$Listener lambda$onText$0
WARNING: Unable to process: {"method":"Network.responseReceived","params":{"requestId":"20408.20","loaderId":"4A433C149A6DC48FB1B21D54052B9383","timestamp":179408.798021,"type":"XHR","response":{"url":"https://rahulshettyacademy.com/api/ecom/auth/new-password","status":404,"statusText":"Not Found","headers":{"ETag":"W/\"1d-PuFZGbFdVksd6DA+Q6gxJfihjNc\"","Expect-CT":"max-age=0","X-Permitted-Cross-Domain-Policies":"none","X-Content-Type-Options":"nosniff","Keep-Alive":"timeout=5, max=92","Date":"Mon, 16 Dec 2024 05:56:49 GMT","Content-Type":"application/json; charset=utf-8","Vary":"Accept-Encoding","X-Frame-Options":"SAMEORIGIN","Strict-Transport-Security":"max-age=15552000; includeSubDomains","Content-Security-Policy":"default-src 'self';base-uri 'self';block-all-mixed-content;font-src 'self' https: data:;frame-ancestors 'self';img-src 'self' data:;object-src 'none';script-src 'self';script-src-attr 'none';style-src 'self' https: 'unsafe-inline';upgrade-insecure-requests","X-DNS-Prefetch-Control":"off","Connection":"Keep-Alive","Referrer-Policy":"no-referrer","X-Download-Options":"noopen","Access-Control-Allow-Origin":"*","Content-Length":"29","X-XSS-Protection":"0","Server":"Apache/2.4.52 (Ubuntu)"},"mimeType":"application/json","charset":"utf-8","connectionReused":true,"connectionId":72,"remoteIPAddress":"13.201.9.53","remotePort":443,"fromDiskCache":false,"fromServiceWorker":false,"fromPrefetchCache":false,"encodedDataLength":894,"timing":{"requestTime":179408.762696,"proxyStart":-1,"proxyEnd":-1,"dnsStart":-1,"dnsEnd":-1,"connectStart":-1,"connectEnd":-1,"sslStart":-1,"sslEnd":-1,"workerStart":-1,"workerReady":-1,"workerFetchStart":-1,"workerRespondWithSettled":-1,"sendStart":0.383,"sendEnd":0.652,"pushStart":0,"pushEnd":0,"receiveHeadersStart":32.326,"receiveHeadersEnd":32.49},"responseTime":1.73432860564674e+12,"protocol":"http/1.1","alternateProtocolUsage":"unspecifiedReason","securityState":"secure","securityDetails":{"protocol":"TLS 1.3","keyExchange":"","keyExchangeGroup":"X25519","cipher":"AES_128_GCM","certificateId":0,"subjectName":"rahulshettyacademy.com","sanList":["rahulshettyacademy.com"],"issuer":"E6","validFrom":1731833819,"validTo":1739609818,"signedCertificateTimestampList":[{"status":"Verified","origin":"Embedded in certificate","logDescription":"Google 'Xenon2025h1' log","logId":"CF1156EED52E7CAFF3875BD9692E9BE91A71674AB017ECAC01D25B77CECC3B08","timestamp":1731837329589,"hashAlgorithm":"SHA-256","signatureAlgorithm":"ECDSA","signatureData":"3045022049CA90B2CB95C3A4AECDECF04FECA784EE3C38F667E4444EC363E3896496E161022100A382A6A79A23DB380C6BAE53F0317A7817F487C963769692F01598128068DB66"},{"status":"Verified","origin":"Embedded in certificate","logDescription":"DigiCert Nessie2025 Log","logId":"E6D2316340778CC1104106D771B9CEC1D240F6968486FBBA87321DFD1E378E50","timestamp":1731837329733,"hashAlgorithm":"SHA-256","signatureAlgorithm":"ECDSA","signatureData":"30450220157FD090AF13CC9D704CDB761C669D3050A465792F7063143A29419C5455EE34022100B52F2E04241FBDC492EED0F11D8D4C2FCCA313C5DD1D6CFBD8BE909857B03816"}],"certificateTransparencyCompliance":"compliant","serverSignatureAlgorithm":1027,"encryptedClientHello":false}},"hasExtraInfo":true,"frameId":"22C07F5109F09BFEF5D0FF57CF5C2FA0"},"sessionId":"25F4B1037FFA514F0E167B1DF0895742"}
org.json.JSONException: A JSONObject text must begin with '{' at 1 [character 2 line 1]
	at org.json.JSONTokener.syntaxError(JSONTokener.java:497)
	at org.json.JSONObject.<init>(JSONObject.java:208)
	at org.json.JSONObject.<init>(JSONObject.java:404)
	at StepDefinitions.ForgotPasswordPage.ErrorHandlingStepDefImpl.lambda$user_provied_not_recognised_mail_and_submits_the_form$1(ErrorHandlingStepDefImpl.java:102)
	at org.openqa.selenium.devtools.DevTools.lambda$addListener$0(DevTools.java:104)
	at org.openqa.selenium.devtools.Connection.lambda$handle$5(Connection.java:348)
	at java.base/java.util.stream.ForEachOps$ForEachOp$OfRef.accept(ForEachOps.java:184)
	at java.base/java.util.stream.ReferencePipeline$2$1.accept(ReferencePipeline.java:179)
	at java.base/java.util.stream.ReferencePipeline$15$1.accept(ReferencePipeline.java:541)
	at java.base/java.util.HashMap$EntrySpliterator.forEachRemaining(HashMap.java:1858)
	at java.base/java.util.stream.AbstractPipeline.copyInto(AbstractPipeline.java:509)
	at java.base/java.util.stream.AbstractPipeline.wrapAndCopyInto(AbstractPipeline.java:499)
	at java.base/java.util.stream.ForEachOps$ForEachOp.evaluateSequential(ForEachOps.java:151)
	at java.base/java.util.stream.ForEachOps$ForEachOp$OfRef.evaluateSequential(ForEachOps.java:174)
	at java.base/java.util.stream.AbstractPipeline.evaluate(AbstractPipeline.java:234)
	at java.base/java.util.stream.ReferencePipeline.forEach(ReferencePipeline.java:596)
	at org.openqa.selenium.devtools.Connection.handle(Connection.java:311)
	at org.openqa.selenium.devtools.Connection$Listener.lambda$onText$0(Connection.java:239)
	at java.base/java.util.concurrent.ThreadPoolExecutor.runWorker(ThreadPoolExecutor.java:1144)
	at java.base/java.util.concurrent.ThreadPoolExecutor$Worker.run(ThreadPoolExecutor.java:642)
	at java.base/java.lang.Thread.run(Thread.java:1583)

Exception in thread "CDP Connection" org.openqa.selenium.devtools.DevToolsException: A JSONObject text must begin with '{' at 1 [character 2 line 1]
Build info: version: '4.23.0', revision: '4df0a231af'
System info: os.name: 'Windows 11', os.arch: 'amd64', os.version: '10.0', java.version: '21.0.5'
Driver info: DevTools Connection
	at org.openqa.selenium.devtools.Connection$Listener.lambda$onText$0(Connection.java:242)
	at java.base/java.util.concurrent.ThreadPoolExecutor.runWorker(ThreadPoolExecutor.java:1144)
	at java.base/java.util.concurrent.ThreadPoolExecutor$Worker.run(ThreadPoolExecutor.java:642)
	at java.base/java.lang.Thread.run(Thread.java:1583)
Caused by: org.json.JSONException: A JSONObject text must begin with '{' at 1 [character 2 line 1]
	at org.json.JSONTokener.syntaxError(JSONTokener.java:497)
	at org.json.JSONObject.<init>(JSONObject.java:208)
	at org.json.JSONObject.<init>(JSONObject.java:404)
	at StepDefinitions.ForgotPasswordPage.ErrorHandlingStepDefImpl.lambda$user_provied_not_recognised_mail_and_submits_the_form$1(ErrorHandlingStepDefImpl.java:102)
	at org.openqa.selenium.devtools.DevTools.lambda$addListener$0(DevTools.java:104)
	at org.openqa.selenium.devtools.Connection.lambda$handle$5(Connection.java:348)
	at java.base/java.util.stream.ForEachOps$ForEachOp$OfRef.accept(ForEachOps.java:184)
	at java.base/java.util.stream.ReferencePipeline$2$1.accept(ReferencePipeline.java:179)
	at java.base/java.util.stream.ReferencePipeline$15$1.accept(ReferencePipeline.java:541)
	at java.base/java.util.HashMap$EntrySpliterator.forEachRemaining(HashMap.java:1858)
	at java.base/java.util.stream.AbstractPipeline.copyInto(AbstractPipeline.java:509)
	at java.base/java.util.stream.AbstractPipeline.wrapAndCopyInto(AbstractPipeline.java:499)
	at java.base/java.util.stream.ForEachOps$ForEachOp.evaluateSequential(ForEachOps.java:151)
	at java.base/java.util.stream.ForEachOps$ForEachOp$OfRef.evaluateSequential(ForEachOps.java:174)
	at java.base/java.util.stream.AbstractPipeline.evaluate(AbstractPipeline.java:234)
	at java.base/java.util.stream.ReferencePipeline.forEach(ReferencePipeline.java:596)
	at org.openqa.selenium.devtools.Connection.handle(Connection.java:311)
	at org.openqa.selenium.devtools.Connection$Listener.lambda$onText$0(Connection.java:239)
	... 3 more
Dec 16, 2024 11:26:47 AM org.openqa.selenium.remote.http.WebSocket$Listener onError
WARNING: Connection reset
java.net.SocketException: Connection reset
	at java.base/sun.nio.ch.SocketChannelImpl.throwConnectionReset(SocketChannelImpl.java:401)
	at java.base/sun.nio.ch.SocketChannelImpl.read(SocketChannelImpl.java:434)
	at java.net.http/jdk.internal.net.http.SocketTube.readAvailable(SocketTube.java:1178)
	at java.net.http/jdk.internal.net.http.SocketTube$InternalReadPublisher$InternalReadSubscription.read(SocketTube.java:841)
	at java.net.http/jdk.internal.net.http.SocketTube$SocketFlowTask.run(SocketTube.java:181)
	at java.net.http/jdk.internal.net.http.common.SequentialScheduler$SchedulableTask.run(SequentialScheduler.java:207)
	at java.net.http/jdk.internal.net.http.common.SequentialScheduler.runOrSchedule(SequentialScheduler.java:280)
	at java.net.http/jdk.internal.net.http.common.SequentialScheduler.runOrSchedule(SequentialScheduler.java:233)
	at java.net.http/jdk.internal.net.http.SocketTube$InternalReadPublisher$InternalReadSubscription.signalReadable(SocketTube.java:782)
	at java.net.http/jdk.internal.net.http.SocketTube$InternalReadPublisher$ReadEvent.signalEvent(SocketTube.java:965)
	at java.net.http/jdk.internal.net.http.SocketTube$SocketFlowEvent.handle(SocketTube.java:253)
	at java.net.http/jdk.internal.net.http.HttpClientImpl$SelectorManager.handleEvent(HttpClientImpl.java:1469)
	at java.net.http/jdk.internal.net.http.HttpClientImpl$SelectorManager.lambda$run$3(HttpClientImpl.java:1414)
	at java.base/java.util.ArrayList.forEach(ArrayList.java:1596)
	at java.net.http/jdk.internal.net.http.HttpClientImpl$SelectorManager.run(HttpClientImpl.java:1414)

]]></system-err>
  </testcase>
  <testcase name="runScenario[&quot;API intercept failed&quot;, &quot;Forgot Password Page error handling&quot;](27)" classname="TestNGTestRunner" time="7.278">
    <system-out><![CDATA[dd
]]></system-out>
    <system-err><![CDATA[Dec 16, 2024 11:26:49 AM org.openqa.selenium.devtools.CdpVersionFinder findNearestMatch
WARNING: Unable to find an exact match for CDP version 130, returning the closest version; found: 127; Please update to a Selenium version that supports CDP version 130
Dec 16, 2024 11:26:55 AM org.openqa.selenium.remote.http.WebSocket$Listener onError
WARNING: Connection reset
java.net.SocketException: Connection reset
	at java.base/sun.nio.ch.SocketChannelImpl.throwConnectionReset(SocketChannelImpl.java:401)
	at java.base/sun.nio.ch.SocketChannelImpl.read(SocketChannelImpl.java:434)
	at java.net.http/jdk.internal.net.http.SocketTube.readAvailable(SocketTube.java:1178)
	at java.net.http/jdk.internal.net.http.SocketTube$InternalReadPublisher$InternalReadSubscription.read(SocketTube.java:841)
	at java.net.http/jdk.internal.net.http.SocketTube$SocketFlowTask.run(SocketTube.java:181)
	at java.net.http/jdk.internal.net.http.common.SequentialScheduler$SchedulableTask.run(SequentialScheduler.java:207)
	at java.net.http/jdk.internal.net.http.common.SequentialScheduler.runOrSchedule(SequentialScheduler.java:280)
	at java.net.http/jdk.internal.net.http.common.SequentialScheduler.runOrSchedule(SequentialScheduler.java:233)
	at java.net.http/jdk.internal.net.http.SocketTube$InternalReadPublisher$InternalReadSubscription.signalReadable(SocketTube.java:782)
	at java.net.http/jdk.internal.net.http.SocketTube$InternalReadPublisher$ReadEvent.signalEvent(SocketTube.java:965)
	at java.net.http/jdk.internal.net.http.SocketTube$SocketFlowEvent.handle(SocketTube.java:253)
	at java.net.http/jdk.internal.net.http.HttpClientImpl$SelectorManager.handleEvent(HttpClientImpl.java:1469)
	at java.net.http/jdk.internal.net.http.HttpClientImpl$SelectorManager.lambda$run$3(HttpClientImpl.java:1414)
	at java.base/java.util.ArrayList.forEach(ArrayList.java:1596)
	at java.net.http/jdk.internal.net.http.HttpClientImpl$SelectorManager.run(HttpClientImpl.java:1414)

]]></system-err>
  </testcase>
  <testcase name="runScenario[&quot;API Payload changedInvalid email&quot;, &quot;Forgot Password Page error handling&quot;](28)" classname="TestNGTestRunner" time="7.772">
    <system-out><![CDATA[interception-job-1.0
{"userEmail":"123456","userPassword":"123456","confirmPassword":"123456"}
]]></system-out>
    <system-err><![CDATA[Dec 16, 2024 11:26:57 AM org.openqa.selenium.devtools.CdpVersionFinder findNearestMatch
WARNING: Unable to find an exact match for CDP version 130, returning the closest version; found: 127; Please update to a Selenium version that supports CDP version 130
Dec 16, 2024 11:27:00 AM org.openqa.selenium.devtools.Connection$Listener lambda$onText$0
WARNING: Unable to process: {"method":"Fetch.requestPaused","params":{"requestId":"interception-job-1.0","request":{"url":"https://rahulshettyacademy.com/api/ecom/auth/new-password","method":"POST","headers":{"Accept":"application/json, text/plain, */*","Content-Type":"application/json","Origin":"https://rahulshettyacademy.com","Referer":"https://rahulshettyacademy.com/client/auth/password-new","User-Agent":"Mozilla/5.0 (Windows NT 10.0; Win64; x64) AppleWebKit/537.36 (KHTML, like Gecko) Chrome/130.0.0.0 Safari/537.36","sec-ch-ua":"\"Chromium\";v=\"130\", \"Google Chrome\";v=\"130\", \"Not?A_Brand\";v=\"99\"","sec-ch-ua-mobile":"?0","sec-ch-ua-platform":"\"Windows\""},"postData":"{\"userEmail\":\"s1234@gmail.com\",\"userPassword\":\"123456\",\"confirmPassword\":\"123456\"}","hasPostData":true,"postDataEntries":[{"bytes":"eyJ1c2VyRW1haWwiOiJzMTIzNEBnbWFpbC5jb20iLCJ1c2VyUGFzc3dvcmQiOiIxMjM0NTYiLCJjb25maXJtUGFzc3dvcmQiOiIxMjM0NTYifQ=="}],"initialPriority":"High","referrerPolicy":"strict-origin-when-cross-origin"},"frameId":"59D4D29261344D538BA3C5F005BD5C97","resourceType":"XHR"},"sessionId":"EAFC8F6CD1A5EE38EDC22B25C29DCD8A"}
org.openqa.selenium.devtools.DevToolsException: {"id":45,"error":{"code":-32602,"message":"Invalid parameters","data":"Failed to deserialize params.postData - BINDINGS: invalid base64 string at position 48"},"sessionId":"EAFC8F6CD1A5EE38EDC22B25C29DCD8A"}
Build info: version: '4.23.0', revision: '4df0a231af'
System info: os.name: 'Windows 11', os.arch: 'amd64', os.version: '10.0', java.version: '21.0.5'
Driver info: driver.version: unknown
	at org.openqa.selenium.devtools.Connection.sendAndWait(Connection.java:195)
	at org.openqa.selenium.devtools.DevTools.send(DevTools.java:90)
	at StepDefinitions.ForgotPasswordPage.ErrorHandlingStepDefImpl.lambda$user_provied_correct_details_and_submits_the_form$3(ErrorHandlingStepDefImpl.java:159)
	at org.openqa.selenium.devtools.DevTools.lambda$addListener$0(DevTools.java:104)
	at org.openqa.selenium.devtools.Connection.lambda$handle$5(Connection.java:348)
	at java.base/java.util.stream.ForEachOps$ForEachOp$OfRef.accept(ForEachOps.java:184)
	at java.base/java.util.stream.ReferencePipeline$2$1.accept(ReferencePipeline.java:179)
	at java.base/java.util.stream.ReferencePipeline$15$1.accept(ReferencePipeline.java:541)
	at java.base/java.util.HashMap$EntrySpliterator.forEachRemaining(HashMap.java:1858)
	at java.base/java.util.stream.AbstractPipeline.copyInto(AbstractPipeline.java:509)
	at java.base/java.util.stream.AbstractPipeline.wrapAndCopyInto(AbstractPipeline.java:499)
	at java.base/java.util.stream.ForEachOps$ForEachOp.evaluateSequential(ForEachOps.java:151)
	at java.base/java.util.stream.ForEachOps$ForEachOp$OfRef.evaluateSequential(ForEachOps.java:174)
	at java.base/java.util.stream.AbstractPipeline.evaluate(AbstractPipeline.java:234)
	at java.base/java.util.stream.ReferencePipeline.forEach(ReferencePipeline.java:596)
	at org.openqa.selenium.devtools.Connection.handle(Connection.java:311)
	at org.openqa.selenium.devtools.Connection$Listener.lambda$onText$0(Connection.java:239)
	at java.base/java.util.concurrent.ThreadPoolExecutor.runWorker(ThreadPoolExecutor.java:1144)
	at java.base/java.util.concurrent.ThreadPoolExecutor$Worker.run(ThreadPoolExecutor.java:642)
	at java.base/java.lang.Thread.run(Thread.java:1583)
Caused by: org.openqa.selenium.WebDriverException: {"id":45,"error":{"code":-32602,"message":"Invalid parameters","data":"Failed to deserialize params.postData - BINDINGS: invalid base64 string at position 48"},"sessionId":"EAFC8F6CD1A5EE38EDC22B25C29DCD8A"}
Build info: version: '4.23.0', revision: '4df0a231af'
System info: os.name: 'Windows 11', os.arch: 'amd64', os.version: '10.0', java.version: '21.0.5'
Driver info: driver.version: unknown
	at org.openqa.selenium.devtools.Connection.handle(Connection.java:275)
	... 4 more

Exception in thread "CDP Connection" org.openqa.selenium.devtools.DevToolsException: {"id":45,"error":{"code":-32602,"message":"Invalid parameters","data":"Failed to deserialize params.postData - BINDINGS: invalid base64 string at position 48"},"sessionId":"EAFC8F6CD1A5EE38EDC22B25C29DCD8A"}
Build info: version: '4.23.0', revision: '4df0a231af'
System info: os.name: 'Windows 11', os.arch: 'amd64', os.version: '10.0', java.version: '21.0.5'
Driver info: driver.version: unknown
	at org.openqa.selenium.devtools.Connection$Listener.lambda$onText$0(Connection.java:242)
	at java.base/java.util.concurrent.ThreadPoolExecutor.runWorker(ThreadPoolExecutor.java:1144)
	at java.base/java.util.concurrent.ThreadPoolExecutor$Worker.run(ThreadPoolExecutor.java:642)
	at java.base/java.lang.Thread.run(Thread.java:1583)
Caused by: org.openqa.selenium.devtools.DevToolsException: {"id":45,"error":{"code":-32602,"message":"Invalid parameters","data":"Failed to deserialize params.postData - BINDINGS: invalid base64 string at position 48"},"sessionId":"EAFC8F6CD1A5EE38EDC22B25C29DCD8A"}
Build info: version: '4.23.0', revision: '4df0a231af'
System info: os.name: 'Windows 11', os.arch: 'amd64', os.version: '10.0', java.version: '21.0.5'
Driver info: driver.version: unknown
	at org.openqa.selenium.devtools.Connection.sendAndWait(Connection.java:195)
	at org.openqa.selenium.devtools.DevTools.send(DevTools.java:90)
	at StepDefinitions.ForgotPasswordPage.ErrorHandlingStepDefImpl.lambda$user_provied_correct_details_and_submits_the_form$3(ErrorHandlingStepDefImpl.java:159)
	at org.openqa.selenium.devtools.DevTools.lambda$addListener$0(DevTools.java:104)
	at org.openqa.selenium.devtools.Connection.lambda$handle$5(Connection.java:348)
	at java.base/java.util.stream.ForEachOps$ForEachOp$OfRef.accept(ForEachOps.java:184)
	at java.base/java.util.stream.ReferencePipeline$2$1.accept(ReferencePipeline.java:179)
	at java.base/java.util.stream.ReferencePipeline$15$1.accept(ReferencePipeline.java:541)
	at java.base/java.util.HashMap$EntrySpliterator.forEachRemaining(HashMap.java:1858)
	at java.base/java.util.stream.AbstractPipeline.copyInto(AbstractPipeline.java:509)
	at java.base/java.util.stream.AbstractPipeline.wrapAndCopyInto(AbstractPipeline.java:499)
	at java.base/java.util.stream.ForEachOps$ForEachOp.evaluateSequential(ForEachOps.java:151)
	at java.base/java.util.stream.ForEachOps$ForEachOp$OfRef.evaluateSequential(ForEachOps.java:174)
	at java.base/java.util.stream.AbstractPipeline.evaluate(AbstractPipeline.java:234)
	at java.base/java.util.stream.ReferencePipeline.forEach(ReferencePipeline.java:596)
	at org.openqa.selenium.devtools.Connection.handle(Connection.java:311)
	at org.openqa.selenium.devtools.Connection$Listener.lambda$onText$0(Connection.java:239)
	... 3 more
Caused by: org.openqa.selenium.WebDriverException: {"id":45,"error":{"code":-32602,"message":"Invalid parameters","data":"Failed to deserialize params.postData - BINDINGS: invalid base64 string at position 48"},"sessionId":"EAFC8F6CD1A5EE38EDC22B25C29DCD8A"}
Build info: version: '4.23.0', revision: '4df0a231af'
System info: os.name: 'Windows 11', os.arch: 'amd64', os.version: '10.0', java.version: '21.0.5'
Driver info: driver.version: unknown
	at org.openqa.selenium.devtools.Connection.handle(Connection.java:275)
	... 4 more
Dec 16, 2024 11:27:02 AM org.openqa.selenium.remote.http.WebSocket$Listener onError
WARNING: Connection reset
java.net.SocketException: Connection reset
	at java.base/sun.nio.ch.SocketChannelImpl.throwConnectionReset(SocketChannelImpl.java:401)
	at java.base/sun.nio.ch.SocketChannelImpl.read(SocketChannelImpl.java:434)
	at java.net.http/jdk.internal.net.http.SocketTube.readAvailable(SocketTube.java:1178)
	at java.net.http/jdk.internal.net.http.SocketTube$InternalReadPublisher$InternalReadSubscription.read(SocketTube.java:841)
	at java.net.http/jdk.internal.net.http.SocketTube$SocketFlowTask.run(SocketTube.java:181)
	at java.net.http/jdk.internal.net.http.common.SequentialScheduler$SchedulableTask.run(SequentialScheduler.java:207)
	at java.net.http/jdk.internal.net.http.common.SequentialScheduler.runOrSchedule(SequentialScheduler.java:280)
	at java.net.http/jdk.internal.net.http.common.SequentialScheduler.runOrSchedule(SequentialScheduler.java:233)
	at java.net.http/jdk.internal.net.http.SocketTube$InternalReadPublisher$InternalReadSubscription.signalReadable(SocketTube.java:782)
	at java.net.http/jdk.internal.net.http.SocketTube$InternalReadPublisher$ReadEvent.signalEvent(SocketTube.java:965)
	at java.net.http/jdk.internal.net.http.SocketTube$SocketFlowEvent.handle(SocketTube.java:253)
	at java.net.http/jdk.internal.net.http.HttpClientImpl$SelectorManager.handleEvent(HttpClientImpl.java:1469)
	at java.net.http/jdk.internal.net.http.HttpClientImpl$SelectorManager.lambda$run$3(HttpClientImpl.java:1414)
	at java.base/java.util.ArrayList.forEach(ArrayList.java:1596)
	at java.net.http/jdk.internal.net.http.HttpClientImpl$SelectorManager.run(HttpClientImpl.java:1414)

]]></system-err>
  </testcase>
  <testcase name="runScenario[&quot;Forgot Password Page functionality&quot;, &quot;Forgot Password Page functionality&quot;](29)" classname="TestNGTestRunner" time="6.709">
    <system-err><![CDATA[Dec 16, 2024 11:27:05 AM org.openqa.selenium.devtools.CdpVersionFinder findNearestMatch
WARNING: Unable to find an exact match for CDP version 130, returning the closest version; found: 127; Please update to a Selenium version that supports CDP version 130
Dec 16, 2024 11:27:09 AM org.openqa.selenium.remote.http.WebSocket$Listener onError
WARNING: Connection reset
java.net.SocketException: Connection reset
	at java.base/sun.nio.ch.SocketChannelImpl.throwConnectionReset(SocketChannelImpl.java:401)
	at java.base/sun.nio.ch.SocketChannelImpl.read(SocketChannelImpl.java:434)
	at java.net.http/jdk.internal.net.http.SocketTube.readAvailable(SocketTube.java:1178)
	at java.net.http/jdk.internal.net.http.SocketTube$InternalReadPublisher$InternalReadSubscription.read(SocketTube.java:841)
	at java.net.http/jdk.internal.net.http.SocketTube$SocketFlowTask.run(SocketTube.java:181)
	at java.net.http/jdk.internal.net.http.common.SequentialScheduler$SchedulableTask.run(SequentialScheduler.java:207)
	at java.net.http/jdk.internal.net.http.common.SequentialScheduler.runOrSchedule(SequentialScheduler.java:280)
	at java.net.http/jdk.internal.net.http.common.SequentialScheduler.runOrSchedule(SequentialScheduler.java:233)
	at java.net.http/jdk.internal.net.http.SocketTube$InternalReadPublisher$InternalReadSubscription.signalReadable(SocketTube.java:782)
	at java.net.http/jdk.internal.net.http.SocketTube$InternalReadPublisher$ReadEvent.signalEvent(SocketTube.java:965)
	at java.net.http/jdk.internal.net.http.SocketTube$SocketFlowEvent.handle(SocketTube.java:253)
	at java.net.http/jdk.internal.net.http.HttpClientImpl$SelectorManager.handleEvent(HttpClientImpl.java:1469)
	at java.net.http/jdk.internal.net.http.HttpClientImpl$SelectorManager.lambda$run$3(HttpClientImpl.java:1414)
	at java.base/java.util.ArrayList.forEach(ArrayList.java:1596)
	at java.net.http/jdk.internal.net.http.HttpClientImpl$SelectorManager.run(HttpClientImpl.java:1414)

]]></system-err>
  </testcase>
  <testcase name="runScenario[&quot;Forgot Password Page functionality&quot;, &quot;Forgot Password Page functionality&quot;](30)" classname="TestNGTestRunner" time="6.659">
    <system-err><![CDATA[Dec 16, 2024 11:27:12 AM org.openqa.selenium.devtools.CdpVersionFinder findNearestMatch
WARNING: Unable to find an exact match for CDP version 130, returning the closest version; found: 127; Please update to a Selenium version that supports CDP version 130
Dec 16, 2024 11:27:16 AM org.openqa.selenium.remote.http.WebSocket$Listener onError
WARNING: Connection reset
java.net.SocketException: Connection reset
	at java.base/sun.nio.ch.SocketChannelImpl.throwConnectionReset(SocketChannelImpl.java:401)
	at java.base/sun.nio.ch.SocketChannelImpl.read(SocketChannelImpl.java:434)
	at java.net.http/jdk.internal.net.http.SocketTube.readAvailable(SocketTube.java:1178)
	at java.net.http/jdk.internal.net.http.SocketTube$InternalReadPublisher$InternalReadSubscription.read(SocketTube.java:841)
	at java.net.http/jdk.internal.net.http.SocketTube$SocketFlowTask.run(SocketTube.java:181)
	at java.net.http/jdk.internal.net.http.common.SequentialScheduler$SchedulableTask.run(SequentialScheduler.java:207)
	at java.net.http/jdk.internal.net.http.common.SequentialScheduler.runOrSchedule(SequentialScheduler.java:280)
	at java.net.http/jdk.internal.net.http.common.SequentialScheduler.runOrSchedule(SequentialScheduler.java:233)
	at java.net.http/jdk.internal.net.http.SocketTube$InternalReadPublisher$InternalReadSubscription.signalReadable(SocketTube.java:782)
	at java.net.http/jdk.internal.net.http.SocketTube$InternalReadPublisher$ReadEvent.signalEvent(SocketTube.java:965)
	at java.net.http/jdk.internal.net.http.SocketTube$SocketFlowEvent.handle(SocketTube.java:253)
	at java.net.http/jdk.internal.net.http.HttpClientImpl$SelectorManager.handleEvent(HttpClientImpl.java:1469)
	at java.net.http/jdk.internal.net.http.HttpClientImpl$SelectorManager.lambda$run$3(HttpClientImpl.java:1414)
	at java.base/java.util.ArrayList.forEach(ArrayList.java:1596)
	at java.net.http/jdk.internal.net.http.HttpClientImpl$SelectorManager.run(HttpClientImpl.java:1414)

]]></system-err>
  </testcase>
  <testcase name="runScenario[&quot;Forgot Password Page functionality&quot;, &quot;Forgot Password Page functionality&quot;](31)" classname="TestNGTestRunner" time="11.309">
    <system-out><![CDATA[{"userEmail":"s1234@gmail.com","userPassword":"123456","confirmPassword":"123456"}
]]></system-out>
    <system-err><![CDATA[Dec 16, 2024 11:27:18 AM org.openqa.selenium.devtools.CdpVersionFinder findNearestMatch
WARNING: Unable to find an exact match for CDP version 130, returning the closest version; found: 127; Please update to a Selenium version that supports CDP version 130
Dec 16, 2024 11:27:21 AM org.openqa.selenium.devtools.Connection$Listener lambda$onText$0
WARNING: Unable to process: {"method":"Network.requestWillBeSent","params":{"requestId":"31436.20","loaderId":"5CF738E167D25AD84B3F6BE9987AB891","documentURL":"https://rahulshettyacademy.com/client/auth/password-new","request":{"url":"https://rahulshettyacademy.com/api/ecom/auth/new-password","method":"POST","headers":{"sec-ch-ua-platform":"\"Windows\"","Referer":"https://rahulshettyacademy.com/client/auth/password-new","User-Agent":"Mozilla/5.0 (Windows NT 10.0; Win64; x64) AppleWebKit/537.36 (KHTML, like Gecko) Chrome/130.0.0.0 Safari/537.36","Accept":"application/json, text/plain, */*","sec-ch-ua":"\"Chromium\";v=\"130\", \"Google Chrome\";v=\"130\", \"Not?A_Brand\";v=\"99\"","Content-Type":"application/json","sec-ch-ua-mobile":"?0"},"postData":"{\"userEmail\":\"s1234@gmail.com\",\"userPassword\":\"123456\",\"confirmPassword\":\"123456\"}","hasPostData":true,"postDataEntries":[{"bytes":"eyJ1c2VyRW1haWwiOiJzMTIzNEBnbWFpbC5jb20iLCJ1c2VyUGFzc3dvcmQiOiIxMjM0NTYiLCJjb25maXJtUGFzc3dvcmQiOiIxMjM0NTYifQ=="}],"mixedContentType":"none","initialPriority":"High","referrerPolicy":"strict-origin-when-cross-origin","isSameSite":true},"timestamp":179444.667628,"wallTime":1734328641.522445,"initiator":{"type":"script","stack":{"callFrames":[{"functionName":"q","scriptId":"8","url":"https://rahulshettyacademy.com/client/polyfills.bd0c6ffd915d0ed70d31.js","lineNumber":0,"columnNumber":32300},{"functionName":"scheduleTask","scriptId":"8","url":"https://rahulshettyacademy.com/client/polyfills.bd0c6ffd915d0ed70d31.js","lineNumber":0,"columnNumber":6899},{"functionName":"onScheduleTask","scriptId":"8","url":"https://rahulshettyacademy.com/client/polyfills.bd0c6ffd915d0ed70d31.js","lineNumber":0,"columnNumber":4124},{"functionName":"scheduleTask","scriptId":"8","url":"https://rahulshettyacademy.com/client/polyfills.bd0c6ffd915d0ed70d31.js","lineNumber":0,"columnNumber":6797},{"functionName":"scheduleTask","scriptId":"8","url":"https://rahulshettyacademy.com/client/polyfills.bd0c6ffd915d0ed70d31.js","lineNumber":0,"columnNumber":3086},{"functionName":"scheduleMacroTask","scriptId":"8","url":"https://rahulshettyacademy.com/client/polyfills.bd0c6ffd915d0ed70d31.js","lineNumber":0,"columnNumber":3395},{"functionName":"Me","scriptId":"8","url":"https://rahulshettyacademy.com/client/polyfills.bd0c6ffd915d0ed70d31.js","lineNumber":0,"columnNumber":10539},{"functionName":"","scriptId":"8","url":"https://rahulshettyacademy.com/client/polyfills.bd0c6ffd915d0ed70d31.js","lineNumber":0,"columnNumber":32691},{"functionName":"o.<computed>","scriptId":"8","url":"https://rahulshettyacademy.com/client/polyfills.bd0c6ffd915d0ed70d31.js","lineNumber":0,"columnNumber":13452},{"functionName":"","scriptId":"10","url":"https://rahulshettyacademy.com/client/main.9c44d72685822eee0a0f.js","lineNumber":0,"columnNumber":40276},{"functionName":"_trySubscribe","scriptId":"10","url":"https://rahulshettyacademy.com/client/main.9c44d72685822eee0a0f.js","lineNumber":0,"columnNumber":247222},{"functionName":"subscribe","scriptId":"10","url":"https://rahulshettyacademy.com/client/main.9c44d72685822eee0a0f.js","lineNumber":0,"columnNumber":247023},{"functionName":"call","scriptId":"10","url":"https://rahulshettyacademy.com/client/main.9c44d72685822eee0a0f.js","lineNumber":0,"columnNumber":347614},{"functionName":"subscribe","scriptId":"10","url":"https://rahulshettyacademy.com/client/main.9c44d72685822eee0a0f.js","lineNumber":0,"columnNumber":246898},{"functionName":"call","scriptId":"10","url":"https://rahulshettyacademy.com/client/main.9c44d72685822eee0a0f.js","lineNumber":0,"columnNumber":260024},{"functionName":"subscribe","scriptId":"10","url":"https://rahulshettyacademy.com/client/main.9c44d72685822eee0a0f.js","lineNumber":0,"columnNumber":246898},{"functionName":"call","scriptId":"10","url":"https://rahulshettyacademy.com/client/main.9c44d72685822eee0a0f.js","lineNumber":0,"columnNumber":261641},{"functionName":"subscribe","scriptId":"10","url":"https://rahulshettyacademy.com/client/main.9c44d72685822eee0a0f.js","lineNumber":0,"columnNumber":246898},{"functionName":"X","scriptId":"10","url":"https://rahulshettyacademy.com/client/main.9c44d72685822eee0a0f.js","lineNumber":0,"columnNumber":256272},{"functionName":"_innerSub","scriptId":"10","url":"https://rahulshettyacademy.com/client/main.9c44d72685822eee0a0f.js","lineNumber":0,"columnNumber":263677},{"functionName":"_tryNext","scriptId":"10","url":"https://rahulshettyacademy.com/client/main.9c44d72685822eee0a0f.js","lineNumber":0,"columnNumber":263582},{"functionName":"_next","scriptId":"10","url":"https://rahulshettyacademy.com/client/main.9c44d72685822eee0a0f.js","lineNumber":0,"columnNumber":263421},{"functionName":"next","scriptId":"10","url":"https://rahulshettyacademy.com/client/main.9c44d72685822eee0a0f.js","lineNumber":0,"columnNumber":251086},{"functionName":"","scriptId":"10","url":"https://rahulshettyacademy.com/client/main.9c44d72685822eee0a0f.js","lineNumber":0,"columnNumber":270945},{"functionName":"_trySubscribe","scriptId":"10","url":"https://rahulshettyacademy.com/client/main.9c44d72685822eee0a0f.js","lineNumber":0,"columnNumber":247222},{"functionName":"subscribe","scriptId":"10","url":"https://rahulshettyacademy.com/client/main.9c44d72685822eee0a0f.js","lineNumber":0,"columnNumber":247023},{"functionName":"call","scriptId":"10","url":"https://rahulshettyacademy.com/client/main.9c44d72685822eee0a0f.js","lineNumber":0,"columnNumber":263156},{"functionName":"subscribe","scriptId":"10","url":"https://rahulshettyacademy.com/client/main.9c44d72685822eee0a0f.js","lineNumber":0,"columnNumber":246898},{"functionName":"call","scriptId":"10","url":"https://rahulshettyacademy.com/client/main.9c44d72685822eee0a0f.js","lineNumber":0,"columnNumber":261156},{"functionName":"subscribe","scriptId":"10","url":"https://rahulshettyacademy.com/client/main.9c44d72685822eee0a0f.js","lineNumber":0,"columnNumber":246898},{"functionName":"call","scriptId":"10","url":"https://rahulshettyacademy.com/client/main.9c44d72685822eee0a0f.js","lineNumber":0,"columnNumber":262331},{"functionName":"subscribe","scriptId":"10","url":"https://rahulshettyacademy.com/client/main.9c44d72685822eee0a0f.js","lineNumber":0,"columnNumber":246898},{"functionName":"call","scriptId":"10","url":"https://rahulshettyacademy.com/client/main.9c44d72685822eee0a0f.js","lineNumber":0,"columnNumber":262331},{"functionName":"subscribe","scriptId":"10","url":"https://rahulshettyacademy.com/client/main.9c44d72685822eee0a0f.js","lineNumber":0,"columnNumber":246898},{"functionName":"call","scriptId":"10","url":"https://rahulshettyacademy.com/client/main.9c44d72685822eee0a0f.js","lineNumber":0,"columnNumber":265941},{"functionName":"subscribe","scriptId":"10","url":"https://rahulshettyacademy.com/client/main.9c44d72685822eee0a0f.js","lineNumber":0,"columnNumber":246898},{"functionName":"call","scriptId":"10","url":"https://rahulshettyacademy.com/client/main.9c44d72685822eee0a0f.js","lineNumber":0,"columnNumber":267376},{"functionName":"subscribe","scriptId":"10","url":"https://rahulshettyacademy.com/client/main.9c44d72685822eee0a0f.js","lineNumber":0,"columnNumber":246898},{"functionName":"forgotPassword","scriptId":"14","url":"https://rahulshettyacademy.com/client/674.c8a6d45922fab3876c70.js","lineNumber":0,"columnNumber":56288},{"functionName":"","scriptId":"14","url":"https://rahulshettyacademy.com/client/674.c8a6d45922fab3876c70.js","lineNumber":0,"columnNumber":57832},{"functionName":"Bp","scriptId":"10","url":"https://rahulshettyacademy.com/client/main.9c44d72685822eee0a0f.js","lineNumber":0,"columnNumber":101233},{"functionName":"i","scriptId":"10","url":"https://rahulshettyacademy.com/client/main.9c44d72685822eee0a0f.js","lineNumber":0,"columnNumber":101395},{"functionName":"__tryOrUnsub","scriptId":"10","url":"https://rahulshettyacademy.com/client/main.9c44d72685822eee0a0f.js","lineNumber":0,"columnNumber":252917},{"functionName":"next","scriptId":"10","url":"https://rahulshettyacademy.com/client/main.9c44d72685822eee0a0f.js","lineNumber":0,"columnNumber":252142},{"functionName":"_next","scriptId":"10","url":"https://rahulshettyacademy.com/client/main.9c44d72685822eee0a0f.js","lineNumber":0,"columnNumber":251312},{"functionName":"next","scriptId":"10","url":"https://rahulshettyacademy.com/client/main.9c44d72685822eee0a0f.js","lineNumber":0,"columnNumber":251086},{"functionName":"next","scriptId":"10","url":"https://rahulshettyacademy.com/client/main.9c44d72685822eee0a0f.js","lineNumber":0,"columnNumber":249168},{"functionName":"emit","scriptId":"10","url":"https://rahulshettyacademy.com/client/main.9c44d72685822eee0a0f.js","lineNumber":0,"columnNumber":136306},{"functionName":"onSubmit","scriptId":"12","url":"https://rahulshettyacademy.com/client/480.f1614ecd961bd8e3dfd9.js","lineNumber":0,"columnNumber":33303},{"functionName":"","scriptId":"12","url":"https://rahulshettyacademy.com/client/480.f1614ecd961bd8e3dfd9.js","lineNumber":0,"columnNumber":34287},{"functionName":"Bp","scriptId":"10","url":"https://rahulshettyacademy.com/client/main.9c44d72685822eee0a0f.js","lineNumber":0,"columnNumber":101233},{"functionName":"i","scriptId":"10","url":"https://rahulshettyacademy.com/client/main.9c44d72685822eee0a0f.js","lineNumber":0,"columnNumber":101395},{"functionName":"","scriptId":"10","url":"https://rahulshettyacademy.com/client/main.9c44d72685822eee0a0f.js","lineNumber":0,"columnNumber":164144},{"functionName":"invokeTask","scriptId":"8","url":"https://rahulshettyacademy.com/client/polyfills.bd0c6ffd915d0ed70d31.js","lineNumber":0,"columnNumber":7136},{"functionName":"onInvokeTask","scriptId":"10","url":"https://rahulshettyacademy.com/client/main.9c44d72685822eee0a0f.js","lineNumber":0,"columnNumber":146363},{"functionName":"invokeTask","scriptId":"8","url":"https://rahulshettyacademy.com/client/polyfills.bd0c6ffd915d0ed70d31.js","lineNumber":0,"columnNumber":7057},{"functionName":"runTask","scriptId":"8","url":"https://rahulshettyacademy.com/client/polyfills.bd0c6ffd915d0ed70d31.js","lineNumber":0,"columnNumber":2531},{"functionName":"invokeTask","scriptId":"8","url":"https://rahulshettyacademy.com/client/polyfills.bd0c6ffd915d0ed70d31.js","lineNumber":0,"columnNumber":8187},{"functionName":"Z","scriptId":"8","url":"https://rahulshettyacademy.com/client/polyfills.bd0c6ffd915d0ed70d31.js","lineNumber":0,"columnNumber":20798},{"functionName":"N","scriptId":"8","url":"https://rahulshettyacademy.com/client/polyfills.bd0c6ffd915d0ed70d31.js","lineNumber":0,"columnNumber":21091},{"functionName":"B","scriptId":"8","url":"https://rahulshettyacademy.com/client/polyfills.bd0c6ffd915d0ed70d31.js","lineNumber":0,"columnNumber":21357}]}},"redirectHasExtraInfo":false,"type":"XHR","frameId":"0D745D1C6371A0D6F68D6DC383B9EC72","hasUserGesture":true},"sessionId":"920F829BE405D06C52EB85D0CB97EC4F"}
org.json.JSONException: JSONObject["userPaassword"] not found.
	at org.json.JSONObject.get(JSONObject.java:570)
	at org.json.JSONObject.getString(JSONObject.java:857)
	at StepDefinitions.ForgotPasswordPage.FunctionalityStepDefImpl.lambda$user_provied_details_and_submits_the_form$0(FunctionalityStepDefImpl.java:73)
	at org.openqa.selenium.devtools.DevTools.lambda$addListener$0(DevTools.java:104)
	at org.openqa.selenium.devtools.Connection.lambda$handle$5(Connection.java:348)
	at java.base/java.util.stream.ForEachOps$ForEachOp$OfRef.accept(ForEachOps.java:184)
	at java.base/java.util.stream.ReferencePipeline$2$1.accept(ReferencePipeline.java:179)
	at java.base/java.util.stream.ReferencePipeline$15$1.accept(ReferencePipeline.java:541)
	at java.base/java.util.HashMap$EntrySpliterator.forEachRemaining(HashMap.java:1858)
	at java.base/java.util.stream.AbstractPipeline.copyInto(AbstractPipeline.java:509)
	at java.base/java.util.stream.AbstractPipeline.wrapAndCopyInto(AbstractPipeline.java:499)
	at java.base/java.util.stream.ForEachOps$ForEachOp.evaluateSequential(ForEachOps.java:151)
	at java.base/java.util.stream.ForEachOps$ForEachOp$OfRef.evaluateSequential(ForEachOps.java:174)
	at java.base/java.util.stream.AbstractPipeline.evaluate(AbstractPipeline.java:234)
	at java.base/java.util.stream.ReferencePipeline.forEach(ReferencePipeline.java:596)
	at org.openqa.selenium.devtools.Connection.handle(Connection.java:311)
	at org.openqa.selenium.devtools.Connection$Listener.lambda$onText$0(Connection.java:239)
	at java.base/java.util.concurrent.ThreadPoolExecutor.runWorker(ThreadPoolExecutor.java:1144)
	at java.base/java.util.concurrent.ThreadPoolExecutor$Worker.run(ThreadPoolExecutor.java:642)
	at java.base/java.lang.Thread.run(Thread.java:1583)

Exception in thread "CDP Connection" org.openqa.selenium.devtools.DevToolsException: JSONObject["userPaassword"] not found.
Build info: version: '4.23.0', revision: '4df0a231af'
System info: os.name: 'Windows 11', os.arch: 'amd64', os.version: '10.0', java.version: '21.0.5'
Driver info: DevTools Connection
	at org.openqa.selenium.devtools.Connection$Listener.lambda$onText$0(Connection.java:242)
	at java.base/java.util.concurrent.ThreadPoolExecutor.runWorker(ThreadPoolExecutor.java:1144)
	at java.base/java.util.concurrent.ThreadPoolExecutor$Worker.run(ThreadPoolExecutor.java:642)
	at java.base/java.lang.Thread.run(Thread.java:1583)
Caused by: org.json.JSONException: JSONObject["userPaassword"] not found.
	at org.json.JSONObject.get(JSONObject.java:570)
	at org.json.JSONObject.getString(JSONObject.java:857)
	at StepDefinitions.ForgotPasswordPage.FunctionalityStepDefImpl.lambda$user_provied_details_and_submits_the_form$0(FunctionalityStepDefImpl.java:73)
	at org.openqa.selenium.devtools.DevTools.lambda$addListener$0(DevTools.java:104)
	at org.openqa.selenium.devtools.Connection.lambda$handle$5(Connection.java:348)
	at java.base/java.util.stream.ForEachOps$ForEachOp$OfRef.accept(ForEachOps.java:184)
	at java.base/java.util.stream.ReferencePipeline$2$1.accept(ReferencePipeline.java:179)
	at java.base/java.util.stream.ReferencePipeline$15$1.accept(ReferencePipeline.java:541)
	at java.base/java.util.HashMap$EntrySpliterator.forEachRemaining(HashMap.java:1858)
	at java.base/java.util.stream.AbstractPipeline.copyInto(AbstractPipeline.java:509)
	at java.base/java.util.stream.AbstractPipeline.wrapAndCopyInto(AbstractPipeline.java:499)
	at java.base/java.util.stream.ForEachOps$ForEachOp.evaluateSequential(ForEachOps.java:151)
	at java.base/java.util.stream.ForEachOps$ForEachOp$OfRef.evaluateSequential(ForEachOps.java:174)
	at java.base/java.util.stream.AbstractPipeline.evaluate(AbstractPipeline.java:234)
	at java.base/java.util.stream.ReferencePipeline.forEach(ReferencePipeline.java:596)
	at org.openqa.selenium.devtools.Connection.handle(Connection.java:311)
	at org.openqa.selenium.devtools.Connection$Listener.lambda$onText$0(Connection.java:239)
	... 3 more
Dec 16, 2024 11:27:27 AM org.openqa.selenium.remote.http.WebSocket$Listener onError
WARNING: Connection reset
java.net.SocketException: Connection reset
	at java.base/sun.nio.ch.SocketChannelImpl.throwConnectionReset(SocketChannelImpl.java:401)
	at java.base/sun.nio.ch.SocketChannelImpl.read(SocketChannelImpl.java:434)
	at java.net.http/jdk.internal.net.http.SocketTube.readAvailable(SocketTube.java:1178)
	at java.net.http/jdk.internal.net.http.SocketTube$InternalReadPublisher$InternalReadSubscription.read(SocketTube.java:841)
	at java.net.http/jdk.internal.net.http.SocketTube$SocketFlowTask.run(SocketTube.java:181)
	at java.net.http/jdk.internal.net.http.common.SequentialScheduler$SchedulableTask.run(SequentialScheduler.java:207)
	at java.net.http/jdk.internal.net.http.common.SequentialScheduler.runOrSchedule(SequentialScheduler.java:280)
	at java.net.http/jdk.internal.net.http.common.SequentialScheduler.runOrSchedule(SequentialScheduler.java:233)
	at java.net.http/jdk.internal.net.http.SocketTube$InternalReadPublisher$InternalReadSubscription.signalReadable(SocketTube.java:782)
	at java.net.http/jdk.internal.net.http.SocketTube$InternalReadPublisher$ReadEvent.signalEvent(SocketTube.java:965)
	at java.net.http/jdk.internal.net.http.SocketTube$SocketFlowEvent.handle(SocketTube.java:253)
	at java.net.http/jdk.internal.net.http.HttpClientImpl$SelectorManager.handleEvent(HttpClientImpl.java:1469)
	at java.net.http/jdk.internal.net.http.HttpClientImpl$SelectorManager.lambda$run$3(HttpClientImpl.java:1414)
	at java.base/java.util.ArrayList.forEach(ArrayList.java:1596)
	at java.net.http/jdk.internal.net.http.HttpClientImpl$SelectorManager.run(HttpClientImpl.java:1414)

]]></system-err>
  </testcase>
  <testcase name="runScenario[&quot;Login page functionality&quot;, &quot;Login error handling&quot;](32)" classname="TestNGTestRunner" time="7.434">
    <system-err><![CDATA[Dec 16, 2024 11:27:30 AM org.openqa.selenium.devtools.CdpVersionFinder findNearestMatch
WARNING: Unable to find an exact match for CDP version 130, returning the closest version; found: 127; Please update to a Selenium version that supports CDP version 130
Dec 16, 2024 11:27:35 AM org.openqa.selenium.remote.http.WebSocket$Listener onError
WARNING: Connection reset
java.net.SocketException: Connection reset
	at java.base/sun.nio.ch.SocketChannelImpl.throwConnectionReset(SocketChannelImpl.java:401)
	at java.base/sun.nio.ch.SocketChannelImpl.read(SocketChannelImpl.java:434)
	at java.net.http/jdk.internal.net.http.SocketTube.readAvailable(SocketTube.java:1178)
	at java.net.http/jdk.internal.net.http.SocketTube$InternalReadPublisher$InternalReadSubscription.read(SocketTube.java:841)
	at java.net.http/jdk.internal.net.http.SocketTube$SocketFlowTask.run(SocketTube.java:181)
	at java.net.http/jdk.internal.net.http.common.SequentialScheduler$SchedulableTask.run(SequentialScheduler.java:207)
	at java.net.http/jdk.internal.net.http.common.SequentialScheduler.runOrSchedule(SequentialScheduler.java:280)
	at java.net.http/jdk.internal.net.http.common.SequentialScheduler.runOrSchedule(SequentialScheduler.java:233)
	at java.net.http/jdk.internal.net.http.SocketTube$InternalReadPublisher$InternalReadSubscription.signalReadable(SocketTube.java:782)
	at java.net.http/jdk.internal.net.http.SocketTube$InternalReadPublisher$ReadEvent.signalEvent(SocketTube.java:965)
	at java.net.http/jdk.internal.net.http.SocketTube$SocketFlowEvent.handle(SocketTube.java:253)
	at java.net.http/jdk.internal.net.http.HttpClientImpl$SelectorManager.handleEvent(HttpClientImpl.java:1469)
	at java.net.http/jdk.internal.net.http.HttpClientImpl$SelectorManager.lambda$run$3(HttpClientImpl.java:1414)
	at java.base/java.util.ArrayList.forEach(ArrayList.java:1596)
	at java.net.http/jdk.internal.net.http.HttpClientImpl$SelectorManager.run(HttpClientImpl.java:1414)

]]></system-err>
  </testcase>
  <testcase name="runScenario[&quot;Login page functionality&quot;, &quot;Login error handling&quot;](33)" classname="TestNGTestRunner" time="6.591">
    <system-err><![CDATA[Dec 16, 2024 11:27:37 AM org.openqa.selenium.devtools.CdpVersionFinder findNearestMatch
WARNING: Unable to find an exact match for CDP version 130, returning the closest version; found: 127; Please update to a Selenium version that supports CDP version 130
Dec 16, 2024 11:27:41 AM org.openqa.selenium.remote.http.WebSocket$Listener onError
WARNING: Connection reset
java.net.SocketException: Connection reset
	at java.base/sun.nio.ch.SocketChannelImpl.throwConnectionReset(SocketChannelImpl.java:401)
	at java.base/sun.nio.ch.SocketChannelImpl.read(SocketChannelImpl.java:434)
	at java.net.http/jdk.internal.net.http.SocketTube.readAvailable(SocketTube.java:1178)
	at java.net.http/jdk.internal.net.http.SocketTube$InternalReadPublisher$InternalReadSubscription.read(SocketTube.java:841)
	at java.net.http/jdk.internal.net.http.SocketTube$SocketFlowTask.run(SocketTube.java:181)
	at java.net.http/jdk.internal.net.http.common.SequentialScheduler$SchedulableTask.run(SequentialScheduler.java:207)
	at java.net.http/jdk.internal.net.http.common.SequentialScheduler.runOrSchedule(SequentialScheduler.java:280)
	at java.net.http/jdk.internal.net.http.common.SequentialScheduler.runOrSchedule(SequentialScheduler.java:233)
	at java.net.http/jdk.internal.net.http.SocketTube$InternalReadPublisher$InternalReadSubscription.signalReadable(SocketTube.java:782)
	at java.net.http/jdk.internal.net.http.SocketTube$InternalReadPublisher$ReadEvent.signalEvent(SocketTube.java:965)
	at java.net.http/jdk.internal.net.http.SocketTube$SocketFlowEvent.handle(SocketTube.java:253)
	at java.net.http/jdk.internal.net.http.HttpClientImpl$SelectorManager.handleEvent(HttpClientImpl.java:1469)
	at java.net.http/jdk.internal.net.http.HttpClientImpl$SelectorManager.lambda$run$3(HttpClientImpl.java:1414)
	at java.base/java.util.ArrayList.forEach(ArrayList.java:1596)
	at java.net.http/jdk.internal.net.http.HttpClientImpl$SelectorManager.run(HttpClientImpl.java:1414)

]]></system-err>
  </testcase>
  <testcase name="runScenario[&quot;Login page functionality&quot;, &quot;Login error handling&quot;](34)" classname="TestNGTestRunner" time="13.574">
    <system-out><![CDATA[interception-job-1.0
{"userEmail":"santhoshsai4517@gmail.com","userPassword":"123456"}
]]></system-out>
    <system-err><![CDATA[Dec 16, 2024 11:27:43 AM org.openqa.selenium.devtools.CdpVersionFinder findNearestMatch
WARNING: Unable to find an exact match for CDP version 130, returning the closest version; found: 127; Please update to a Selenium version that supports CDP version 130
Dec 16, 2024 11:27:48 AM org.openqa.selenium.devtools.Connection$Listener lambda$onText$0
WARNING: Unable to process: {"method":"Fetch.requestPaused","params":{"requestId":"interception-job-1.0","request":{"url":"https://rahulshettyacademy.com/api/ecom/auth/login","method":"POST","headers":{"Accept":"application/json, text/plain, */*","Content-Type":"application/json","Origin":"https://rahulshettyacademy.com","Referer":"https://rahulshettyacademy.com/client/auth/login","User-Agent":"Mozilla/5.0 (Windows NT 10.0; Win64; x64) AppleWebKit/537.36 (KHTML, like Gecko) Chrome/130.0.0.0 Safari/537.36","sec-ch-ua":"\"Chromium\";v=\"130\", \"Google Chrome\";v=\"130\", \"Not?A_Brand\";v=\"99\"","sec-ch-ua-mobile":"?0","sec-ch-ua-platform":"\"Windows\""},"postData":"{\"userEmail\":\"santhoshsai4517@gmail.com\",\"userPassword\":\"151Fa04124@4517\"}","hasPostData":true,"postDataEntries":[{"bytes":"eyJ1c2VyRW1haWwiOiJzYW50aG9zaHNhaTQ1MTdAZ21haWwuY29tIiwidXNlclBhc3N3b3JkIjoiMTUxRmEwNDEyNEA0NTE3In0="}],"initialPriority":"High","referrerPolicy":"strict-origin-when-cross-origin"},"frameId":"20CF002078B1E2A5F71D8EBB9389667A","resourceType":"XHR"},"sessionId":"85CFF618A63C7DA1095EEC51021FAEE7"}
org.openqa.selenium.devtools.DevToolsException: {"id":63,"error":{"code":-32602,"message":"Invalid parameters","data":"Failed to deserialize params.postData - BINDINGS: invalid base64 string at position 48"},"sessionId":"85CFF618A63C7DA1095EEC51021FAEE7"}
Build info: version: '4.23.0', revision: '4df0a231af'
System info: os.name: 'Windows 11', os.arch: 'amd64', os.version: '10.0', java.version: '21.0.5'
Driver info: driver.version: unknown
	at org.openqa.selenium.devtools.Connection.sendAndWait(Connection.java:195)
	at org.openqa.selenium.devtools.DevTools.send(DevTools.java:90)
	at StepDefinitions.LoginPage.ErrorHandlingStepDefImpl.lambda$api_payload_changed_logged_in_with_wrong_username_and_password$1(ErrorHandlingStepDefImpl.java:68)
	at org.openqa.selenium.devtools.DevTools.lambda$addListener$0(DevTools.java:104)
	at org.openqa.selenium.devtools.Connection.lambda$handle$5(Connection.java:348)
	at java.base/java.util.stream.ForEachOps$ForEachOp$OfRef.accept(ForEachOps.java:184)
	at java.base/java.util.stream.ReferencePipeline$2$1.accept(ReferencePipeline.java:179)
	at java.base/java.util.stream.ReferencePipeline$15$1.accept(ReferencePipeline.java:541)
	at java.base/java.util.HashMap$EntrySpliterator.forEachRemaining(HashMap.java:1858)
	at java.base/java.util.stream.AbstractPipeline.copyInto(AbstractPipeline.java:509)
	at java.base/java.util.stream.AbstractPipeline.wrapAndCopyInto(AbstractPipeline.java:499)
	at java.base/java.util.stream.ForEachOps$ForEachOp.evaluateSequential(ForEachOps.java:151)
	at java.base/java.util.stream.ForEachOps$ForEachOp$OfRef.evaluateSequential(ForEachOps.java:174)
	at java.base/java.util.stream.AbstractPipeline.evaluate(AbstractPipeline.java:234)
	at java.base/java.util.stream.ReferencePipeline.forEach(ReferencePipeline.java:596)
	at org.openqa.selenium.devtools.Connection.handle(Connection.java:311)
	at org.openqa.selenium.devtools.Connection$Listener.lambda$onText$0(Connection.java:239)
	at java.base/java.util.concurrent.ThreadPoolExecutor.runWorker(ThreadPoolExecutor.java:1144)
	at java.base/java.util.concurrent.ThreadPoolExecutor$Worker.run(ThreadPoolExecutor.java:642)
	at java.base/java.lang.Thread.run(Thread.java:1583)
Caused by: org.openqa.selenium.WebDriverException: {"id":63,"error":{"code":-32602,"message":"Invalid parameters","data":"Failed to deserialize params.postData - BINDINGS: invalid base64 string at position 48"},"sessionId":"85CFF618A63C7DA1095EEC51021FAEE7"}
Build info: version: '4.23.0', revision: '4df0a231af'
System info: os.name: 'Windows 11', os.arch: 'amd64', os.version: '10.0', java.version: '21.0.5'
Driver info: driver.version: unknown
	at org.openqa.selenium.devtools.Connection.handle(Connection.java:275)
	... 4 more

Exception in thread "CDP Connection" org.openqa.selenium.devtools.DevToolsException: {"id":63,"error":{"code":-32602,"message":"Invalid parameters","data":"Failed to deserialize params.postData - BINDINGS: invalid base64 string at position 48"},"sessionId":"85CFF618A63C7DA1095EEC51021FAEE7"}
Build info: version: '4.23.0', revision: '4df0a231af'
System info: os.name: 'Windows 11', os.arch: 'amd64', os.version: '10.0', java.version: '21.0.5'
Driver info: driver.version: unknown
	at org.openqa.selenium.devtools.Connection$Listener.lambda$onText$0(Connection.java:242)
	at java.base/java.util.concurrent.ThreadPoolExecutor.runWorker(ThreadPoolExecutor.java:1144)
	at java.base/java.util.concurrent.ThreadPoolExecutor$Worker.run(ThreadPoolExecutor.java:642)
	at java.base/java.lang.Thread.run(Thread.java:1583)
Caused by: org.openqa.selenium.devtools.DevToolsException: {"id":63,"error":{"code":-32602,"message":"Invalid parameters","data":"Failed to deserialize params.postData - BINDINGS: invalid base64 string at position 48"},"sessionId":"85CFF618A63C7DA1095EEC51021FAEE7"}
Build info: version: '4.23.0', revision: '4df0a231af'
System info: os.name: 'Windows 11', os.arch: 'amd64', os.version: '10.0', java.version: '21.0.5'
Driver info: driver.version: unknown
	at org.openqa.selenium.devtools.Connection.sendAndWait(Connection.java:195)
	at org.openqa.selenium.devtools.DevTools.send(DevTools.java:90)
	at StepDefinitions.LoginPage.ErrorHandlingStepDefImpl.lambda$api_payload_changed_logged_in_with_wrong_username_and_password$1(ErrorHandlingStepDefImpl.java:68)
	at org.openqa.selenium.devtools.DevTools.lambda$addListener$0(DevTools.java:104)
	at org.openqa.selenium.devtools.Connection.lambda$handle$5(Connection.java:348)
	at java.base/java.util.stream.ForEachOps$ForEachOp$OfRef.accept(ForEachOps.java:184)
	at java.base/java.util.stream.ReferencePipeline$2$1.accept(ReferencePipeline.java:179)
	at java.base/java.util.stream.ReferencePipeline$15$1.accept(ReferencePipeline.java:541)
	at java.base/java.util.HashMap$EntrySpliterator.forEachRemaining(HashMap.java:1858)
	at java.base/java.util.stream.AbstractPipeline.copyInto(AbstractPipeline.java:509)
	at java.base/java.util.stream.AbstractPipeline.wrapAndCopyInto(AbstractPipeline.java:499)
	at java.base/java.util.stream.ForEachOps$ForEachOp.evaluateSequential(ForEachOps.java:151)
	at java.base/java.util.stream.ForEachOps$ForEachOp$OfRef.evaluateSequential(ForEachOps.java:174)
	at java.base/java.util.stream.AbstractPipeline.evaluate(AbstractPipeline.java:234)
	at java.base/java.util.stream.ReferencePipeline.forEach(ReferencePipeline.java:596)
	at org.openqa.selenium.devtools.Connection.handle(Connection.java:311)
	at org.openqa.selenium.devtools.Connection$Listener.lambda$onText$0(Connection.java:239)
	... 3 more
Caused by: org.openqa.selenium.WebDriverException: {"id":63,"error":{"code":-32602,"message":"Invalid parameters","data":"Failed to deserialize params.postData - BINDINGS: invalid base64 string at position 48"},"sessionId":"85CFF618A63C7DA1095EEC51021FAEE7"}
Build info: version: '4.23.0', revision: '4df0a231af'
System info: os.name: 'Windows 11', os.arch: 'amd64', os.version: '10.0', java.version: '21.0.5'
Driver info: driver.version: unknown
	at org.openqa.selenium.devtools.Connection.handle(Connection.java:275)
	... 4 more
Dec 16, 2024 11:27:55 AM org.openqa.selenium.remote.http.WebSocket$Listener onError
WARNING: Connection reset
java.net.SocketException: Connection reset
	at java.base/sun.nio.ch.SocketChannelImpl.throwConnectionReset(SocketChannelImpl.java:401)
	at java.base/sun.nio.ch.SocketChannelImpl.read(SocketChannelImpl.java:434)
	at java.net.http/jdk.internal.net.http.SocketTube.readAvailable(SocketTube.java:1178)
	at java.net.http/jdk.internal.net.http.SocketTube$InternalReadPublisher$InternalReadSubscription.read(SocketTube.java:841)
	at java.net.http/jdk.internal.net.http.SocketTube$SocketFlowTask.run(SocketTube.java:181)
	at java.net.http/jdk.internal.net.http.common.SequentialScheduler$SchedulableTask.run(SequentialScheduler.java:207)
	at java.net.http/jdk.internal.net.http.common.SequentialScheduler.runOrSchedule(SequentialScheduler.java:280)
	at java.net.http/jdk.internal.net.http.common.SequentialScheduler.runOrSchedule(SequentialScheduler.java:233)
	at java.net.http/jdk.internal.net.http.SocketTube$InternalReadPublisher$InternalReadSubscription.signalReadable(SocketTube.java:782)
	at java.net.http/jdk.internal.net.http.SocketTube$InternalReadPublisher$ReadEvent.signalEvent(SocketTube.java:965)
	at java.net.http/jdk.internal.net.http.SocketTube$SocketFlowEvent.handle(SocketTube.java:253)
	at java.net.http/jdk.internal.net.http.HttpClientImpl$SelectorManager.handleEvent(HttpClientImpl.java:1469)
	at java.net.http/jdk.internal.net.http.HttpClientImpl$SelectorManager.lambda$run$3(HttpClientImpl.java:1414)
	at java.base/java.util.ArrayList.forEach(ArrayList.java:1596)
	at java.net.http/jdk.internal.net.http.HttpClientImpl$SelectorManager.run(HttpClientImpl.java:1414)

]]></system-err>
  </testcase>
  <testcase name="runScenario[&quot;Login page functionality&quot;, &quot;Login error handling&quot;](35)" classname="TestNGTestRunner" time="6.99">
    <system-err><![CDATA[Dec 16, 2024 11:27:57 AM org.openqa.selenium.devtools.CdpVersionFinder findNearestMatch
WARNING: Unable to find an exact match for CDP version 130, returning the closest version; found: 127; Please update to a Selenium version that supports CDP version 130
Dec 16, 2024 11:28:02 AM org.openqa.selenium.remote.http.WebSocket$Listener onError
WARNING: Connection reset
java.net.SocketException: Connection reset
	at java.base/sun.nio.ch.SocketChannelImpl.throwConnectionReset(SocketChannelImpl.java:401)
	at java.base/sun.nio.ch.SocketChannelImpl.read(SocketChannelImpl.java:434)
	at java.net.http/jdk.internal.net.http.SocketTube.readAvailable(SocketTube.java:1178)
	at java.net.http/jdk.internal.net.http.SocketTube$InternalReadPublisher$InternalReadSubscription.read(SocketTube.java:841)
	at java.net.http/jdk.internal.net.http.SocketTube$SocketFlowTask.run(SocketTube.java:181)
	at java.net.http/jdk.internal.net.http.common.SequentialScheduler$SchedulableTask.run(SequentialScheduler.java:207)
	at java.net.http/jdk.internal.net.http.common.SequentialScheduler.runOrSchedule(SequentialScheduler.java:280)
	at java.net.http/jdk.internal.net.http.common.SequentialScheduler.runOrSchedule(SequentialScheduler.java:233)
	at java.net.http/jdk.internal.net.http.SocketTube$InternalReadPublisher$InternalReadSubscription.signalReadable(SocketTube.java:782)
	at java.net.http/jdk.internal.net.http.SocketTube$InternalReadPublisher$ReadEvent.signalEvent(SocketTube.java:965)
	at java.net.http/jdk.internal.net.http.SocketTube$SocketFlowEvent.handle(SocketTube.java:253)
	at java.net.http/jdk.internal.net.http.HttpClientImpl$SelectorManager.handleEvent(HttpClientImpl.java:1469)
	at java.net.http/jdk.internal.net.http.HttpClientImpl$SelectorManager.lambda$run$3(HttpClientImpl.java:1414)
	at java.base/java.util.ArrayList.forEach(ArrayList.java:1596)
	at java.net.http/jdk.internal.net.http.HttpClientImpl$SelectorManager.run(HttpClientImpl.java:1414)

]]></system-err>
  </testcase>
  <testcase name="runScenario[&quot;Login page functionality&quot;, &quot;Login error handling&quot;](36)" classname="TestNGTestRunner" time="5.878">
    <system-err><![CDATA[Dec 16, 2024 11:28:03 AM org.openqa.selenium.devtools.CdpVersionFinder findNearestMatch
WARNING: Unable to find an exact match for CDP version 130, returning the closest version; found: 127; Please update to a Selenium version that supports CDP version 130
Dec 16, 2024 11:28:08 AM org.openqa.selenium.remote.http.WebSocket$Listener onError
WARNING: Connection reset
java.net.SocketException: Connection reset
	at java.base/sun.nio.ch.SocketChannelImpl.throwConnectionReset(SocketChannelImpl.java:401)
	at java.base/sun.nio.ch.SocketChannelImpl.read(SocketChannelImpl.java:434)
	at java.net.http/jdk.internal.net.http.SocketTube.readAvailable(SocketTube.java:1178)
	at java.net.http/jdk.internal.net.http.SocketTube$InternalReadPublisher$InternalReadSubscription.read(SocketTube.java:841)
	at java.net.http/jdk.internal.net.http.SocketTube$SocketFlowTask.run(SocketTube.java:181)
	at java.net.http/jdk.internal.net.http.common.SequentialScheduler$SchedulableTask.run(SequentialScheduler.java:207)
	at java.net.http/jdk.internal.net.http.common.SequentialScheduler.runOrSchedule(SequentialScheduler.java:280)
	at java.net.http/jdk.internal.net.http.common.SequentialScheduler.runOrSchedule(SequentialScheduler.java:233)
	at java.net.http/jdk.internal.net.http.SocketTube$InternalReadPublisher$InternalReadSubscription.signalReadable(SocketTube.java:782)
	at java.net.http/jdk.internal.net.http.SocketTube$InternalReadPublisher$ReadEvent.signalEvent(SocketTube.java:965)
	at java.net.http/jdk.internal.net.http.SocketTube$SocketFlowEvent.handle(SocketTube.java:253)
	at java.net.http/jdk.internal.net.http.HttpClientImpl$SelectorManager.handleEvent(HttpClientImpl.java:1469)
	at java.net.http/jdk.internal.net.http.HttpClientImpl$SelectorManager.lambda$run$3(HttpClientImpl.java:1414)
	at java.base/java.util.ArrayList.forEach(ArrayList.java:1596)
	at java.net.http/jdk.internal.net.http.HttpClientImpl$SelectorManager.run(HttpClientImpl.java:1414)

]]></system-err>
  </testcase>
  <testcase name="runScenario[&quot;Login page functionality&quot;, &quot;Login error handling&quot;](37)" classname="TestNGTestRunner" time="5.955">
    <system-err><![CDATA[Dec 16, 2024 11:28:09 AM org.openqa.selenium.devtools.CdpVersionFinder findNearestMatch
WARNING: Unable to find an exact match for CDP version 130, returning the closest version; found: 127; Please update to a Selenium version that supports CDP version 130
Dec 16, 2024 11:28:14 AM org.openqa.selenium.remote.http.WebSocket$Listener onError
WARNING: Connection reset
java.net.SocketException: Connection reset
	at java.base/sun.nio.ch.SocketChannelImpl.throwConnectionReset(SocketChannelImpl.java:401)
	at java.base/sun.nio.ch.SocketChannelImpl.read(SocketChannelImpl.java:434)
	at java.net.http/jdk.internal.net.http.SocketTube.readAvailable(SocketTube.java:1178)
	at java.net.http/jdk.internal.net.http.SocketTube$InternalReadPublisher$InternalReadSubscription.read(SocketTube.java:841)
	at java.net.http/jdk.internal.net.http.SocketTube$SocketFlowTask.run(SocketTube.java:181)
	at java.net.http/jdk.internal.net.http.common.SequentialScheduler$SchedulableTask.run(SequentialScheduler.java:207)
	at java.net.http/jdk.internal.net.http.common.SequentialScheduler.runOrSchedule(SequentialScheduler.java:280)
	at java.net.http/jdk.internal.net.http.common.SequentialScheduler.runOrSchedule(SequentialScheduler.java:233)
	at java.net.http/jdk.internal.net.http.SocketTube$InternalReadPublisher$InternalReadSubscription.signalReadable(SocketTube.java:782)
	at java.net.http/jdk.internal.net.http.SocketTube$InternalReadPublisher$ReadEvent.signalEvent(SocketTube.java:965)
	at java.net.http/jdk.internal.net.http.SocketTube$SocketFlowEvent.handle(SocketTube.java:253)
	at java.net.http/jdk.internal.net.http.HttpClientImpl$SelectorManager.handleEvent(HttpClientImpl.java:1469)
	at java.net.http/jdk.internal.net.http.HttpClientImpl$SelectorManager.lambda$run$3(HttpClientImpl.java:1414)
	at java.base/java.util.ArrayList.forEach(ArrayList.java:1596)
	at java.net.http/jdk.internal.net.http.HttpClientImpl$SelectorManager.run(HttpClientImpl.java:1414)

]]></system-err>
  </testcase>
  <testcase name="runScenario[&quot;Login page functionality&quot;, &quot;Login error handling&quot;](38)" classname="TestNGTestRunner" time="6.45">
    <system-err><![CDATA[Dec 16, 2024 11:28:16 AM org.openqa.selenium.devtools.CdpVersionFinder findNearestMatch
WARNING: Unable to find an exact match for CDP version 130, returning the closest version; found: 127; Please update to a Selenium version that supports CDP version 130
Dec 16, 2024 11:28:20 AM org.openqa.selenium.remote.http.WebSocket$Listener onError
WARNING: Connection reset
java.net.SocketException: Connection reset
	at java.base/sun.nio.ch.SocketChannelImpl.throwConnectionReset(SocketChannelImpl.java:401)
	at java.base/sun.nio.ch.SocketChannelImpl.read(SocketChannelImpl.java:434)
	at java.net.http/jdk.internal.net.http.SocketTube.readAvailable(SocketTube.java:1178)
	at java.net.http/jdk.internal.net.http.SocketTube$InternalReadPublisher$InternalReadSubscription.read(SocketTube.java:841)
	at java.net.http/jdk.internal.net.http.SocketTube$SocketFlowTask.run(SocketTube.java:181)
	at java.net.http/jdk.internal.net.http.common.SequentialScheduler$SchedulableTask.run(SequentialScheduler.java:207)
	at java.net.http/jdk.internal.net.http.common.SequentialScheduler.runOrSchedule(SequentialScheduler.java:280)
	at java.net.http/jdk.internal.net.http.common.SequentialScheduler.runOrSchedule(SequentialScheduler.java:233)
	at java.net.http/jdk.internal.net.http.SocketTube$InternalReadPublisher$InternalReadSubscription.signalReadable(SocketTube.java:782)
	at java.net.http/jdk.internal.net.http.SocketTube$InternalReadPublisher$ReadEvent.signalEvent(SocketTube.java:965)
	at java.net.http/jdk.internal.net.http.SocketTube$SocketFlowEvent.handle(SocketTube.java:253)
	at java.net.http/jdk.internal.net.http.HttpClientImpl$SelectorManager.handleEvent(HttpClientImpl.java:1469)
	at java.net.http/jdk.internal.net.http.HttpClientImpl$SelectorManager.lambda$run$3(HttpClientImpl.java:1414)
	at java.base/java.util.ArrayList.forEach(ArrayList.java:1596)
	at java.net.http/jdk.internal.net.http.HttpClientImpl$SelectorManager.run(HttpClientImpl.java:1414)

]]></system-err>
  </testcase>
  <testcase name="runScenario[&quot;Login page functionality&quot;, &quot;Login functionality&quot;](39)" classname="TestNGTestRunner" time="5.672">
    <system-err><![CDATA[Dec 16, 2024 11:28:22 AM org.openqa.selenium.devtools.CdpVersionFinder findNearestMatch
WARNING: Unable to find an exact match for CDP version 130, returning the closest version; found: 127; Please update to a Selenium version that supports CDP version 130
Dec 16, 2024 11:28:26 AM org.openqa.selenium.remote.http.WebSocket$Listener onError
WARNING: Connection reset
java.net.SocketException: Connection reset
	at java.base/sun.nio.ch.SocketChannelImpl.throwConnectionReset(SocketChannelImpl.java:401)
	at java.base/sun.nio.ch.SocketChannelImpl.read(SocketChannelImpl.java:434)
	at java.net.http/jdk.internal.net.http.SocketTube.readAvailable(SocketTube.java:1178)
	at java.net.http/jdk.internal.net.http.SocketTube$InternalReadPublisher$InternalReadSubscription.read(SocketTube.java:841)
	at java.net.http/jdk.internal.net.http.SocketTube$SocketFlowTask.run(SocketTube.java:181)
	at java.net.http/jdk.internal.net.http.common.SequentialScheduler$SchedulableTask.run(SequentialScheduler.java:207)
	at java.net.http/jdk.internal.net.http.common.SequentialScheduler.runOrSchedule(SequentialScheduler.java:280)
	at java.net.http/jdk.internal.net.http.common.SequentialScheduler.runOrSchedule(SequentialScheduler.java:233)
	at java.net.http/jdk.internal.net.http.SocketTube$InternalReadPublisher$InternalReadSubscription.signalReadable(SocketTube.java:782)
	at java.net.http/jdk.internal.net.http.SocketTube$InternalReadPublisher$ReadEvent.signalEvent(SocketTube.java:965)
	at java.net.http/jdk.internal.net.http.SocketTube$SocketFlowEvent.handle(SocketTube.java:253)
	at java.net.http/jdk.internal.net.http.HttpClientImpl$SelectorManager.handleEvent(HttpClientImpl.java:1469)
	at java.net.http/jdk.internal.net.http.HttpClientImpl$SelectorManager.lambda$run$3(HttpClientImpl.java:1414)
	at java.base/java.util.ArrayList.forEach(ArrayList.java:1596)
	at java.net.http/jdk.internal.net.http.HttpClientImpl$SelectorManager.run(HttpClientImpl.java:1414)

]]></system-err>
  </testcase>
  <testcase name="runScenario[&quot;Login page functionality&quot;, &quot;Login functionality&quot;](40)" classname="TestNGTestRunner" time="7.307">
    <system-err><![CDATA[Dec 16, 2024 11:28:29 AM org.openqa.selenium.devtools.CdpVersionFinder findNearestMatch
WARNING: Unable to find an exact match for CDP version 130, returning the closest version; found: 127; Please update to a Selenium version that supports CDP version 130
Dec 16, 2024 11:28:33 AM org.openqa.selenium.remote.http.WebSocket$Listener onError
WARNING: Connection reset
java.net.SocketException: Connection reset
	at java.base/sun.nio.ch.SocketChannelImpl.throwConnectionReset(SocketChannelImpl.java:401)
	at java.base/sun.nio.ch.SocketChannelImpl.read(SocketChannelImpl.java:434)
	at java.net.http/jdk.internal.net.http.SocketTube.readAvailable(SocketTube.java:1178)
	at java.net.http/jdk.internal.net.http.SocketTube$InternalReadPublisher$InternalReadSubscription.read(SocketTube.java:841)
	at java.net.http/jdk.internal.net.http.SocketTube$SocketFlowTask.run(SocketTube.java:181)
	at java.net.http/jdk.internal.net.http.common.SequentialScheduler$SchedulableTask.run(SequentialScheduler.java:207)
	at java.net.http/jdk.internal.net.http.common.SequentialScheduler.runOrSchedule(SequentialScheduler.java:280)
	at java.net.http/jdk.internal.net.http.common.SequentialScheduler.runOrSchedule(SequentialScheduler.java:233)
	at java.net.http/jdk.internal.net.http.SocketTube$InternalReadPublisher$InternalReadSubscription.signalReadable(SocketTube.java:782)
	at java.net.http/jdk.internal.net.http.SocketTube$InternalReadPublisher$ReadEvent.signalEvent(SocketTube.java:965)
	at java.net.http/jdk.internal.net.http.SocketTube$SocketFlowEvent.handle(SocketTube.java:253)
	at java.net.http/jdk.internal.net.http.HttpClientImpl$SelectorManager.handleEvent(HttpClientImpl.java:1469)
	at java.net.http/jdk.internal.net.http.HttpClientImpl$SelectorManager.lambda$run$3(HttpClientImpl.java:1414)
	at java.base/java.util.ArrayList.forEach(ArrayList.java:1596)
	at java.net.http/jdk.internal.net.http.HttpClientImpl$SelectorManager.run(HttpClientImpl.java:1414)

]]></system-err>
  </testcase>
  <testcase name="runScenario[&quot;Login page functionality&quot;, &quot;Login functionality&quot;](41)" classname="TestNGTestRunner" time="7.142">
    <system-err><![CDATA[Dec 16, 2024 11:28:36 AM org.openqa.selenium.devtools.CdpVersionFinder findNearestMatch
WARNING: Unable to find an exact match for CDP version 130, returning the closest version; found: 127; Please update to a Selenium version that supports CDP version 130
Dec 16, 2024 11:28:40 AM org.openqa.selenium.remote.http.WebSocket$Listener onError
WARNING: Connection reset
java.net.SocketException: Connection reset
	at java.base/sun.nio.ch.SocketChannelImpl.throwConnectionReset(SocketChannelImpl.java:401)
	at java.base/sun.nio.ch.SocketChannelImpl.read(SocketChannelImpl.java:434)
	at java.net.http/jdk.internal.net.http.SocketTube.readAvailable(SocketTube.java:1178)
	at java.net.http/jdk.internal.net.http.SocketTube$InternalReadPublisher$InternalReadSubscription.read(SocketTube.java:841)
	at java.net.http/jdk.internal.net.http.SocketTube$SocketFlowTask.run(SocketTube.java:181)
	at java.net.http/jdk.internal.net.http.common.SequentialScheduler$SchedulableTask.run(SequentialScheduler.java:207)
	at java.net.http/jdk.internal.net.http.common.SequentialScheduler.runOrSchedule(SequentialScheduler.java:280)
	at java.net.http/jdk.internal.net.http.common.SequentialScheduler.runOrSchedule(SequentialScheduler.java:233)
	at java.net.http/jdk.internal.net.http.SocketTube$InternalReadPublisher$InternalReadSubscription.signalReadable(SocketTube.java:782)
	at java.net.http/jdk.internal.net.http.SocketTube$InternalReadPublisher$ReadEvent.signalEvent(SocketTube.java:965)
	at java.net.http/jdk.internal.net.http.SocketTube$SocketFlowEvent.handle(SocketTube.java:253)
	at java.net.http/jdk.internal.net.http.HttpClientImpl$SelectorManager.handleEvent(HttpClientImpl.java:1469)
	at java.net.http/jdk.internal.net.http.HttpClientImpl$SelectorManager.lambda$run$3(HttpClientImpl.java:1414)
	at java.base/java.util.ArrayList.forEach(ArrayList.java:1596)
	at java.net.http/jdk.internal.net.http.HttpClientImpl$SelectorManager.run(HttpClientImpl.java:1414)

]]></system-err>
  </testcase>
  <testcase name="runScenario[&quot;Login page functionality&quot;, &quot;Login functionality&quot;](42)" classname="TestNGTestRunner" time="6.549">
    <system-err><![CDATA[Dec 16, 2024 11:28:43 AM org.openqa.selenium.devtools.CdpVersionFinder findNearestMatch
WARNING: Unable to find an exact match for CDP version 130, returning the closest version; found: 127; Please update to a Selenium version that supports CDP version 130
Dec 16, 2024 11:28:47 AM org.openqa.selenium.remote.http.WebSocket$Listener onError
WARNING: Connection reset
java.net.SocketException: Connection reset
	at java.base/sun.nio.ch.SocketChannelImpl.throwConnectionReset(SocketChannelImpl.java:401)
	at java.base/sun.nio.ch.SocketChannelImpl.read(SocketChannelImpl.java:434)
	at java.net.http/jdk.internal.net.http.SocketTube.readAvailable(SocketTube.java:1178)
	at java.net.http/jdk.internal.net.http.SocketTube$InternalReadPublisher$InternalReadSubscription.read(SocketTube.java:841)
	at java.net.http/jdk.internal.net.http.SocketTube$SocketFlowTask.run(SocketTube.java:181)
	at java.net.http/jdk.internal.net.http.common.SequentialScheduler$SchedulableTask.run(SequentialScheduler.java:207)
	at java.net.http/jdk.internal.net.http.common.SequentialScheduler.runOrSchedule(SequentialScheduler.java:280)
	at java.net.http/jdk.internal.net.http.common.SequentialScheduler.runOrSchedule(SequentialScheduler.java:233)
	at java.net.http/jdk.internal.net.http.SocketTube$InternalReadPublisher$InternalReadSubscription.signalReadable(SocketTube.java:782)
	at java.net.http/jdk.internal.net.http.SocketTube$InternalReadPublisher$ReadEvent.signalEvent(SocketTube.java:965)
	at java.net.http/jdk.internal.net.http.SocketTube$SocketFlowEvent.handle(SocketTube.java:253)
	at java.net.http/jdk.internal.net.http.HttpClientImpl$SelectorManager.handleEvent(HttpClientImpl.java:1469)
	at java.net.http/jdk.internal.net.http.HttpClientImpl$SelectorManager.lambda$run$3(HttpClientImpl.java:1414)
	at java.base/java.util.ArrayList.forEach(ArrayList.java:1596)
	at java.net.http/jdk.internal.net.http.HttpClientImpl$SelectorManager.run(HttpClientImpl.java:1414)

]]></system-err>
  </testcase>
  <testcase name="runScenario[&quot;Login page functionality&quot;, &quot;Login functionality&quot;](43)" classname="TestNGTestRunner" time="7.429">
    <system-out><![CDATA[{"userEmail":"santhoshsai4517@gmail.com","userPassword":"151Fa04124@4517"}
]]></system-out>
    <system-err><![CDATA[Dec 16, 2024 11:28:49 AM org.openqa.selenium.devtools.CdpVersionFinder findNearestMatch
WARNING: Unable to find an exact match for CDP version 130, returning the closest version; found: 127; Please update to a Selenium version that supports CDP version 130
Dec 16, 2024 11:28:51 AM org.openqa.selenium.devtools.Connection$Listener lambda$onText$0
WARNING: Unable to process: {"method":"Network.requestWillBeSent","params":{"requestId":"26952.20","loaderId":"DBE32151B65C0BEB19285670F9D63ACC","documentURL":"https://rahulshettyacademy.com/client/auth/login","request":{"url":"https://rahulshettyacademy.com/api/ecom/auth/login","method":"POST","headers":{"sec-ch-ua-platform":"\"Windows\"","Referer":"https://rahulshettyacademy.com/client/auth/login","User-Agent":"Mozilla/5.0 (Windows NT 10.0; Win64; x64) AppleWebKit/537.36 (KHTML, like Gecko) Chrome/130.0.0.0 Safari/537.36","Accept":"application/json, text/plain, */*","sec-ch-ua":"\"Chromium\";v=\"130\", \"Google Chrome\";v=\"130\", \"Not?A_Brand\";v=\"99\"","Content-Type":"application/json","sec-ch-ua-mobile":"?0"},"postData":"{\"userEmail\":\"santhoshsai4517@gmail.com\",\"userPassword\":\"151Fa04124@4517\"}","hasPostData":true,"postDataEntries":[{"bytes":"eyJ1c2VyRW1haWwiOiJzYW50aG9zaHNhaTQ1MTdAZ21haWwuY29tIiwidXNlclBhc3N3b3JkIjoiMTUxRmEwNDEyNEA0NTE3In0="}],"mixedContentType":"none","initialPriority":"High","referrerPolicy":"strict-origin-when-cross-origin","isSameSite":true},"timestamp":179534.720599,"wallTime":1734328731.576244,"initiator":{"type":"script","stack":{"callFrames":[{"functionName":"q","scriptId":"8","url":"https://rahulshettyacademy.com/client/polyfills.bd0c6ffd915d0ed70d31.js","lineNumber":0,"columnNumber":32300},{"functionName":"scheduleTask","scriptId":"8","url":"https://rahulshettyacademy.com/client/polyfills.bd0c6ffd915d0ed70d31.js","lineNumber":0,"columnNumber":6899},{"functionName":"onScheduleTask","scriptId":"8","url":"https://rahulshettyacademy.com/client/polyfills.bd0c6ffd915d0ed70d31.js","lineNumber":0,"columnNumber":4124},{"functionName":"scheduleTask","scriptId":"8","url":"https://rahulshettyacademy.com/client/polyfills.bd0c6ffd915d0ed70d31.js","lineNumber":0,"columnNumber":6797},{"functionName":"scheduleTask","scriptId":"8","url":"https://rahulshettyacademy.com/client/polyfills.bd0c6ffd915d0ed70d31.js","lineNumber":0,"columnNumber":3086},{"functionName":"scheduleMacroTask","scriptId":"8","url":"https://rahulshettyacademy.com/client/polyfills.bd0c6ffd915d0ed70d31.js","lineNumber":0,"columnNumber":3395},{"functionName":"Me","scriptId":"8","url":"https://rahulshettyacademy.com/client/polyfills.bd0c6ffd915d0ed70d31.js","lineNumber":0,"columnNumber":10539},{"functionName":"","scriptId":"8","url":"https://rahulshettyacademy.com/client/polyfills.bd0c6ffd915d0ed70d31.js","lineNumber":0,"columnNumber":32691},{"functionName":"o.<computed>","scriptId":"8","url":"https://rahulshettyacademy.com/client/polyfills.bd0c6ffd915d0ed70d31.js","lineNumber":0,"columnNumber":13452},{"functionName":"","scriptId":"10","url":"https://rahulshettyacademy.com/client/main.9c44d72685822eee0a0f.js","lineNumber":0,"columnNumber":40276},{"functionName":"_trySubscribe","scriptId":"10","url":"https://rahulshettyacademy.com/client/main.9c44d72685822eee0a0f.js","lineNumber":0,"columnNumber":247222},{"functionName":"subscribe","scriptId":"10","url":"https://rahulshettyacademy.com/client/main.9c44d72685822eee0a0f.js","lineNumber":0,"columnNumber":247023},{"functionName":"call","scriptId":"10","url":"https://rahulshettyacademy.com/client/main.9c44d72685822eee0a0f.js","lineNumber":0,"columnNumber":347614},{"functionName":"subscribe","scriptId":"10","url":"https://rahulshettyacademy.com/client/main.9c44d72685822eee0a0f.js","lineNumber":0,"columnNumber":246898},{"functionName":"call","scriptId":"10","url":"https://rahulshettyacademy.com/client/main.9c44d72685822eee0a0f.js","lineNumber":0,"columnNumber":260024},{"functionName":"subscribe","scriptId":"10","url":"https://rahulshettyacademy.com/client/main.9c44d72685822eee0a0f.js","lineNumber":0,"columnNumber":246898},{"functionName":"call","scriptId":"10","url":"https://rahulshettyacademy.com/client/main.9c44d72685822eee0a0f.js","lineNumber":0,"columnNumber":261641},{"functionName":"subscribe","scriptId":"10","url":"https://rahulshettyacademy.com/client/main.9c44d72685822eee0a0f.js","lineNumber":0,"columnNumber":246898},{"functionName":"X","scriptId":"10","url":"https://rahulshettyacademy.com/client/main.9c44d72685822eee0a0f.js","lineNumber":0,"columnNumber":256272},{"functionName":"_innerSub","scriptId":"10","url":"https://rahulshettyacademy.com/client/main.9c44d72685822eee0a0f.js","lineNumber":0,"columnNumber":263677},{"functionName":"_tryNext","scriptId":"10","url":"https://rahulshettyacademy.com/client/main.9c44d72685822eee0a0f.js","lineNumber":0,"columnNumber":263582},{"functionName":"_next","scriptId":"10","url":"https://rahulshettyacademy.com/client/main.9c44d72685822eee0a0f.js","lineNumber":0,"columnNumber":263421},{"functionName":"next","scriptId":"10","url":"https://rahulshettyacademy.com/client/main.9c44d72685822eee0a0f.js","lineNumber":0,"columnNumber":251086},{"functionName":"","scriptId":"10","url":"https://rahulshettyacademy.com/client/main.9c44d72685822eee0a0f.js","lineNumber":0,"columnNumber":270945},{"functionName":"_trySubscribe","scriptId":"10","url":"https://rahulshettyacademy.com/client/main.9c44d72685822eee0a0f.js","lineNumber":0,"columnNumber":247222},{"functionName":"subscribe","scriptId":"10","url":"https://rahulshettyacademy.com/client/main.9c44d72685822eee0a0f.js","lineNumber":0,"columnNumber":247023},{"functionName":"call","scriptId":"10","url":"https://rahulshettyacademy.com/client/main.9c44d72685822eee0a0f.js","lineNumber":0,"columnNumber":263156},{"functionName":"subscribe","scriptId":"10","url":"https://rahulshettyacademy.com/client/main.9c44d72685822eee0a0f.js","lineNumber":0,"columnNumber":246898},{"functionName":"call","scriptId":"10","url":"https://rahulshettyacademy.com/client/main.9c44d72685822eee0a0f.js","lineNumber":0,"columnNumber":261156},{"functionName":"subscribe","scriptId":"10","url":"https://rahulshettyacademy.com/client/main.9c44d72685822eee0a0f.js","lineNumber":0,"columnNumber":246898},{"functionName":"call","scriptId":"10","url":"https://rahulshettyacademy.com/client/main.9c44d72685822eee0a0f.js","lineNumber":0,"columnNumber":262331},{"functionName":"subscribe","scriptId":"10","url":"https://rahulshettyacademy.com/client/main.9c44d72685822eee0a0f.js","lineNumber":0,"columnNumber":246898},{"functionName":"call","scriptId":"10","url":"https://rahulshettyacademy.com/client/main.9c44d72685822eee0a0f.js","lineNumber":0,"columnNumber":262331},{"functionName":"subscribe","scriptId":"10","url":"https://rahulshettyacademy.com/client/main.9c44d72685822eee0a0f.js","lineNumber":0,"columnNumber":246898},{"functionName":"call","scriptId":"10","url":"https://rahulshettyacademy.com/client/main.9c44d72685822eee0a0f.js","lineNumber":0,"columnNumber":265941},{"functionName":"subscribe","scriptId":"10","url":"https://rahulshettyacademy.com/client/main.9c44d72685822eee0a0f.js","lineNumber":0,"columnNumber":246898},{"functionName":"call","scriptId":"10","url":"https://rahulshettyacademy.com/client/main.9c44d72685822eee0a0f.js","lineNumber":0,"columnNumber":267376},{"functionName":"subscribe","scriptId":"10","url":"https://rahulshettyacademy.com/client/main.9c44d72685822eee0a0f.js","lineNumber":0,"columnNumber":246898},{"functionName":"login","scriptId":"14","url":"https://rahulshettyacademy.com/client/674.c8a6d45922fab3876c70.js","lineNumber":0,"columnNumber":14410},{"functionName":"","scriptId":"14","url":"https://rahulshettyacademy.com/client/674.c8a6d45922fab3876c70.js","lineNumber":0,"columnNumber":17298},{"functionName":"Bp","scriptId":"10","url":"https://rahulshettyacademy.com/client/main.9c44d72685822eee0a0f.js","lineNumber":0,"columnNumber":101233},{"functionName":"i","scriptId":"10","url":"https://rahulshettyacademy.com/client/main.9c44d72685822eee0a0f.js","lineNumber":0,"columnNumber":101395},{"functionName":"__tryOrUnsub","scriptId":"10","url":"https://rahulshettyacademy.com/client/main.9c44d72685822eee0a0f.js","lineNumber":0,"columnNumber":252917},{"functionName":"next","scriptId":"10","url":"https://rahulshettyacademy.com/client/main.9c44d72685822eee0a0f.js","lineNumber":0,"columnNumber":252142},{"functionName":"_next","scriptId":"10","url":"https://rahulshettyacademy.com/client/main.9c44d72685822eee0a0f.js","lineNumber":0,"columnNumber":251312},{"functionName":"next","scriptId":"10","url":"https://rahulshettyacademy.com/client/main.9c44d72685822eee0a0f.js","lineNumber":0,"columnNumber":251086},{"functionName":"next","scriptId":"10","url":"https://rahulshettyacademy.com/client/main.9c44d72685822eee0a0f.js","lineNumber":0,"columnNumber":249168},{"functionName":"emit","scriptId":"10","url":"https://rahulshettyacademy.com/client/main.9c44d72685822eee0a0f.js","lineNumber":0,"columnNumber":136306},{"functionName":"onSubmit","scriptId":"12","url":"https://rahulshettyacademy.com/client/480.f1614ecd961bd8e3dfd9.js","lineNumber":0,"columnNumber":33303},{"functionName":"","scriptId":"12","url":"https://rahulshettyacademy.com/client/480.f1614ecd961bd8e3dfd9.js","lineNumber":0,"columnNumber":34287},{"functionName":"Bp","scriptId":"10","url":"https://rahulshettyacademy.com/client/main.9c44d72685822eee0a0f.js","lineNumber":0,"columnNumber":101233},{"functionName":"i","scriptId":"10","url":"https://rahulshettyacademy.com/client/main.9c44d72685822eee0a0f.js","lineNumber":0,"columnNumber":101395},{"functionName":"","scriptId":"10","url":"https://rahulshettyacademy.com/client/main.9c44d72685822eee0a0f.js","lineNumber":0,"columnNumber":164144},{"functionName":"invokeTask","scriptId":"8","url":"https://rahulshettyacademy.com/client/polyfills.bd0c6ffd915d0ed70d31.js","lineNumber":0,"columnNumber":7136},{"functionName":"onInvokeTask","scriptId":"10","url":"https://rahulshettyacademy.com/client/main.9c44d72685822eee0a0f.js","lineNumber":0,"columnNumber":146363},{"functionName":"invokeTask","scriptId":"8","url":"https://rahulshettyacademy.com/client/polyfills.bd0c6ffd915d0ed70d31.js","lineNumber":0,"columnNumber":7057},{"functionName":"runTask","scriptId":"8","url":"https://rahulshettyacademy.com/client/polyfills.bd0c6ffd915d0ed70d31.js","lineNumber":0,"columnNumber":2531},{"functionName":"invokeTask","scriptId":"8","url":"https://rahulshettyacademy.com/client/polyfills.bd0c6ffd915d0ed70d31.js","lineNumber":0,"columnNumber":8187},{"functionName":"Z","scriptId":"8","url":"https://rahulshettyacademy.com/client/polyfills.bd0c6ffd915d0ed70d31.js","lineNumber":0,"columnNumber":20798},{"functionName":"N","scriptId":"8","url":"https://rahulshettyacademy.com/client/polyfills.bd0c6ffd915d0ed70d31.js","lineNumber":0,"columnNumber":21091},{"functionName":"B","scriptId":"8","url":"https://rahulshettyacademy.com/client/polyfills.bd0c6ffd915d0ed70d31.js","lineNumber":0,"columnNumber":21357}]}},"redirectHasExtraInfo":false,"type":"XHR","frameId":"78DEC7BC20AC9CD008D569EC1F7EA5F3","hasUserGesture":true},"sessionId":"30F84C4BE5B97A1DC5486033C1B4BB18"}
org.json.JSONException: JSONObject["userPaassword"] not found.
	at org.json.JSONObject.get(JSONObject.java:570)
	at org.json.JSONObject.getString(JSONObject.java:857)
	at StepDefinitions.LoginPage.FunctionalityStepDefImpl.lambda$logged_in_with_username_and_password$0(FunctionalityStepDefImpl.java:79)
	at org.openqa.selenium.devtools.DevTools.lambda$addListener$0(DevTools.java:104)
	at org.openqa.selenium.devtools.Connection.lambda$handle$5(Connection.java:348)
	at java.base/java.util.stream.ForEachOps$ForEachOp$OfRef.accept(ForEachOps.java:184)
	at java.base/java.util.stream.ReferencePipeline$2$1.accept(ReferencePipeline.java:179)
	at java.base/java.util.stream.ReferencePipeline$15$1.accept(ReferencePipeline.java:541)
	at java.base/java.util.HashMap$EntrySpliterator.forEachRemaining(HashMap.java:1858)
	at java.base/java.util.stream.AbstractPipeline.copyInto(AbstractPipeline.java:509)
	at java.base/java.util.stream.AbstractPipeline.wrapAndCopyInto(AbstractPipeline.java:499)
	at java.base/java.util.stream.ForEachOps$ForEachOp.evaluateSequential(ForEachOps.java:151)
	at java.base/java.util.stream.ForEachOps$ForEachOp$OfRef.evaluateSequential(ForEachOps.java:174)
	at java.base/java.util.stream.AbstractPipeline.evaluate(AbstractPipeline.java:234)
	at java.base/java.util.stream.ReferencePipeline.forEach(ReferencePipeline.java:596)
	at org.openqa.selenium.devtools.Connection.handle(Connection.java:311)
	at org.openqa.selenium.devtools.Connection$Listener.lambda$onText$0(Connection.java:239)
	at java.base/java.util.concurrent.ThreadPoolExecutor.runWorker(ThreadPoolExecutor.java:1144)
	at java.base/java.util.concurrent.ThreadPoolExecutor$Worker.run(ThreadPoolExecutor.java:642)
	at java.base/java.lang.Thread.run(Thread.java:1583)

Exception in thread "CDP Connection" org.openqa.selenium.devtools.DevToolsException: JSONObject["userPaassword"] not found.
Build info: version: '4.23.0', revision: '4df0a231af'
System info: os.name: 'Windows 11', os.arch: 'amd64', os.version: '10.0', java.version: '21.0.5'
Driver info: DevTools Connection
	at org.openqa.selenium.devtools.Connection$Listener.lambda$onText$0(Connection.java:242)
	at java.base/java.util.concurrent.ThreadPoolExecutor.runWorker(ThreadPoolExecutor.java:1144)
	at java.base/java.util.concurrent.ThreadPoolExecutor$Worker.run(ThreadPoolExecutor.java:642)
	at java.base/java.lang.Thread.run(Thread.java:1583)
Caused by: org.json.JSONException: JSONObject["userPaassword"] not found.
	at org.json.JSONObject.get(JSONObject.java:570)
	at org.json.JSONObject.getString(JSONObject.java:857)
	at StepDefinitions.LoginPage.FunctionalityStepDefImpl.lambda$logged_in_with_username_and_password$0(FunctionalityStepDefImpl.java:79)
	at org.openqa.selenium.devtools.DevTools.lambda$addListener$0(DevTools.java:104)
	at org.openqa.selenium.devtools.Connection.lambda$handle$5(Connection.java:348)
	at java.base/java.util.stream.ForEachOps$ForEachOp$OfRef.accept(ForEachOps.java:184)
	at java.base/java.util.stream.ReferencePipeline$2$1.accept(ReferencePipeline.java:179)
	at java.base/java.util.stream.ReferencePipeline$15$1.accept(ReferencePipeline.java:541)
	at java.base/java.util.HashMap$EntrySpliterator.forEachRemaining(HashMap.java:1858)
	at java.base/java.util.stream.AbstractPipeline.copyInto(AbstractPipeline.java:509)
	at java.base/java.util.stream.AbstractPipeline.wrapAndCopyInto(AbstractPipeline.java:499)
	at java.base/java.util.stream.ForEachOps$ForEachOp.evaluateSequential(ForEachOps.java:151)
	at java.base/java.util.stream.ForEachOps$ForEachOp$OfRef.evaluateSequential(ForEachOps.java:174)
	at java.base/java.util.stream.AbstractPipeline.evaluate(AbstractPipeline.java:234)
	at java.base/java.util.stream.ReferencePipeline.forEach(ReferencePipeline.java:596)
	at org.openqa.selenium.devtools.Connection.handle(Connection.java:311)
	at org.openqa.selenium.devtools.Connection$Listener.lambda$onText$0(Connection.java:239)
	... 3 more
Dec 16, 2024 11:28:54 AM org.openqa.selenium.remote.http.WebSocket$Listener onError
WARNING: Connection reset
java.net.SocketException: Connection reset
	at java.base/sun.nio.ch.SocketChannelImpl.throwConnectionReset(SocketChannelImpl.java:401)
	at java.base/sun.nio.ch.SocketChannelImpl.read(SocketChannelImpl.java:434)
	at java.net.http/jdk.internal.net.http.SocketTube.readAvailable(SocketTube.java:1178)
	at java.net.http/jdk.internal.net.http.SocketTube$InternalReadPublisher$InternalReadSubscription.read(SocketTube.java:841)
	at java.net.http/jdk.internal.net.http.SocketTube$SocketFlowTask.run(SocketTube.java:181)
	at java.net.http/jdk.internal.net.http.common.SequentialScheduler$SchedulableTask.run(SequentialScheduler.java:207)
	at java.net.http/jdk.internal.net.http.common.SequentialScheduler.runOrSchedule(SequentialScheduler.java:280)
	at java.net.http/jdk.internal.net.http.common.SequentialScheduler.runOrSchedule(SequentialScheduler.java:233)
	at java.net.http/jdk.internal.net.http.SocketTube$InternalReadPublisher$InternalReadSubscription.signalReadable(SocketTube.java:782)
	at java.net.http/jdk.internal.net.http.SocketTube$InternalReadPublisher$ReadEvent.signalEvent(SocketTube.java:965)
	at java.net.http/jdk.internal.net.http.SocketTube$SocketFlowEvent.handle(SocketTube.java:253)
	at java.net.http/jdk.internal.net.http.HttpClientImpl$SelectorManager.handleEvent(HttpClientImpl.java:1469)
	at java.net.http/jdk.internal.net.http.HttpClientImpl$SelectorManager.lambda$run$3(HttpClientImpl.java:1414)
	at java.base/java.util.ArrayList.forEach(ArrayList.java:1596)
	at java.net.http/jdk.internal.net.http.HttpClientImpl$SelectorManager.run(HttpClientImpl.java:1414)

]]></system-err>
  </testcase>
  <testcase name="runScenario[&quot;Home button&quot;, &quot;Order confirmation Page functionality&quot;](44)" classname="TestNGTestRunner" time="47.355">
    <system-err><![CDATA[Dec 16, 2024 11:28:57 AM org.openqa.selenium.devtools.CdpVersionFinder findNearestMatch
WARNING: Unable to find an exact match for CDP version 130, returning the closest version; found: 127; Please update to a Selenium version that supports CDP version 130
Dec 16, 2024 11:29:41 AM org.openqa.selenium.remote.http.WebSocket$Listener onError
WARNING: Connection reset
java.net.SocketException: Connection reset
	at java.base/sun.nio.ch.SocketChannelImpl.throwConnectionReset(SocketChannelImpl.java:401)
	at java.base/sun.nio.ch.SocketChannelImpl.read(SocketChannelImpl.java:434)
	at java.net.http/jdk.internal.net.http.SocketTube.readAvailable(SocketTube.java:1178)
	at java.net.http/jdk.internal.net.http.SocketTube$InternalReadPublisher$InternalReadSubscription.read(SocketTube.java:841)
	at java.net.http/jdk.internal.net.http.SocketTube$SocketFlowTask.run(SocketTube.java:181)
	at java.net.http/jdk.internal.net.http.common.SequentialScheduler$SchedulableTask.run(SequentialScheduler.java:207)
	at java.net.http/jdk.internal.net.http.common.SequentialScheduler.runOrSchedule(SequentialScheduler.java:280)
	at java.net.http/jdk.internal.net.http.common.SequentialScheduler.runOrSchedule(SequentialScheduler.java:233)
	at java.net.http/jdk.internal.net.http.SocketTube$InternalReadPublisher$InternalReadSubscription.signalReadable(SocketTube.java:782)
	at java.net.http/jdk.internal.net.http.SocketTube$InternalReadPublisher$ReadEvent.signalEvent(SocketTube.java:965)
	at java.net.http/jdk.internal.net.http.SocketTube$SocketFlowEvent.handle(SocketTube.java:253)
	at java.net.http/jdk.internal.net.http.HttpClientImpl$SelectorManager.handleEvent(HttpClientImpl.java:1469)
	at java.net.http/jdk.internal.net.http.HttpClientImpl$SelectorManager.lambda$run$3(HttpClientImpl.java:1414)
	at java.base/java.util.ArrayList.forEach(ArrayList.java:1596)
	at java.net.http/jdk.internal.net.http.HttpClientImpl$SelectorManager.run(HttpClientImpl.java:1414)

]]></system-err>
  </testcase>
  <testcase name="runScenario[&quot;Orders button&quot;, &quot;Order confirmation Page functionality&quot;](45)" classname="TestNGTestRunner" time="48.722">
    <system-err><![CDATA[Dec 16, 2024 11:29:45 AM org.openqa.selenium.devtools.CdpVersionFinder findNearestMatch
WARNING: Unable to find an exact match for CDP version 130, returning the closest version; found: 127; Please update to a Selenium version that supports CDP version 130
Dec 16, 2024 11:30:30 AM org.openqa.selenium.remote.http.WebSocket$Listener onError
WARNING: Connection reset
java.net.SocketException: Connection reset
	at java.base/sun.nio.ch.SocketChannelImpl.throwConnectionReset(SocketChannelImpl.java:401)
	at java.base/sun.nio.ch.SocketChannelImpl.read(SocketChannelImpl.java:434)
	at java.net.http/jdk.internal.net.http.SocketTube.readAvailable(SocketTube.java:1178)
	at java.net.http/jdk.internal.net.http.SocketTube$InternalReadPublisher$InternalReadSubscription.read(SocketTube.java:841)
	at java.net.http/jdk.internal.net.http.SocketTube$SocketFlowTask.run(SocketTube.java:181)
	at java.net.http/jdk.internal.net.http.common.SequentialScheduler$SchedulableTask.run(SequentialScheduler.java:207)
	at java.net.http/jdk.internal.net.http.common.SequentialScheduler.runOrSchedule(SequentialScheduler.java:280)
	at java.net.http/jdk.internal.net.http.common.SequentialScheduler.runOrSchedule(SequentialScheduler.java:233)
	at java.net.http/jdk.internal.net.http.SocketTube$InternalReadPublisher$InternalReadSubscription.signalReadable(SocketTube.java:782)
	at java.net.http/jdk.internal.net.http.SocketTube$InternalReadPublisher$ReadEvent.signalEvent(SocketTube.java:965)
	at java.net.http/jdk.internal.net.http.SocketTube$SocketFlowEvent.handle(SocketTube.java:253)
	at java.net.http/jdk.internal.net.http.HttpClientImpl$SelectorManager.handleEvent(HttpClientImpl.java:1469)
	at java.net.http/jdk.internal.net.http.HttpClientImpl$SelectorManager.lambda$run$3(HttpClientImpl.java:1414)
	at java.base/java.util.ArrayList.forEach(ArrayList.java:1596)
	at java.net.http/jdk.internal.net.http.HttpClientImpl$SelectorManager.run(HttpClientImpl.java:1414)

]]></system-err>
  </testcase>
  <testcase name="runScenario[&quot;Signout button&quot;, &quot;Order confirmation Page functionality&quot;](46)" classname="TestNGTestRunner" time="47.003">
    <system-err><![CDATA[Dec 16, 2024 11:30:33 AM org.openqa.selenium.devtools.CdpVersionFinder findNearestMatch
WARNING: Unable to find an exact match for CDP version 130, returning the closest version; found: 127; Please update to a Selenium version that supports CDP version 130
Dec 16, 2024 11:31:17 AM org.openqa.selenium.remote.http.WebSocket$Listener onError
WARNING: Connection reset
java.net.SocketException: Connection reset
	at java.base/sun.nio.ch.SocketChannelImpl.throwConnectionReset(SocketChannelImpl.java:401)
	at java.base/sun.nio.ch.SocketChannelImpl.read(SocketChannelImpl.java:434)
	at java.net.http/jdk.internal.net.http.SocketTube.readAvailable(SocketTube.java:1178)
	at java.net.http/jdk.internal.net.http.SocketTube$InternalReadPublisher$InternalReadSubscription.read(SocketTube.java:841)
	at java.net.http/jdk.internal.net.http.SocketTube$SocketFlowTask.run(SocketTube.java:181)
	at java.net.http/jdk.internal.net.http.common.SequentialScheduler$SchedulableTask.run(SequentialScheduler.java:207)
	at java.net.http/jdk.internal.net.http.common.SequentialScheduler.runOrSchedule(SequentialScheduler.java:280)
	at java.net.http/jdk.internal.net.http.common.SequentialScheduler.runOrSchedule(SequentialScheduler.java:233)
	at java.net.http/jdk.internal.net.http.SocketTube$InternalReadPublisher$InternalReadSubscription.signalReadable(SocketTube.java:782)
	at java.net.http/jdk.internal.net.http.SocketTube$InternalReadPublisher$ReadEvent.signalEvent(SocketTube.java:965)
	at java.net.http/jdk.internal.net.http.SocketTube$SocketFlowEvent.handle(SocketTube.java:253)
	at java.net.http/jdk.internal.net.http.HttpClientImpl$SelectorManager.handleEvent(HttpClientImpl.java:1469)
	at java.net.http/jdk.internal.net.http.HttpClientImpl$SelectorManager.lambda$run$3(HttpClientImpl.java:1414)
	at java.base/java.util.ArrayList.forEach(ArrayList.java:1596)
	at java.net.http/jdk.internal.net.http.HttpClientImpl$SelectorManager.run(HttpClientImpl.java:1414)

]]></system-err>
  </testcase>
  <testcase name="runScenario[&quot;Cart button&quot;, &quot;Order confirmation Page functionality&quot;](47)" classname="TestNGTestRunner" time="47.92">
    <system-err><![CDATA[Dec 16, 2024 11:31:20 AM org.openqa.selenium.devtools.CdpVersionFinder findNearestMatch
WARNING: Unable to find an exact match for CDP version 130, returning the closest version; found: 127; Please update to a Selenium version that supports CDP version 130
Dec 16, 2024 11:32:05 AM org.openqa.selenium.remote.http.WebSocket$Listener onError
WARNING: Connection reset
java.net.SocketException: Connection reset
	at java.base/sun.nio.ch.SocketChannelImpl.throwConnectionReset(SocketChannelImpl.java:401)
	at java.base/sun.nio.ch.SocketChannelImpl.read(SocketChannelImpl.java:434)
	at java.net.http/jdk.internal.net.http.SocketTube.readAvailable(SocketTube.java:1178)
	at java.net.http/jdk.internal.net.http.SocketTube$InternalReadPublisher$InternalReadSubscription.read(SocketTube.java:841)
	at java.net.http/jdk.internal.net.http.SocketTube$SocketFlowTask.run(SocketTube.java:181)
	at java.net.http/jdk.internal.net.http.common.SequentialScheduler$SchedulableTask.run(SequentialScheduler.java:207)
	at java.net.http/jdk.internal.net.http.common.SequentialScheduler.runOrSchedule(SequentialScheduler.java:280)
	at java.net.http/jdk.internal.net.http.common.SequentialScheduler.runOrSchedule(SequentialScheduler.java:233)
	at java.net.http/jdk.internal.net.http.SocketTube$InternalReadPublisher$InternalReadSubscription.signalReadable(SocketTube.java:782)
	at java.net.http/jdk.internal.net.http.SocketTube$InternalReadPublisher$ReadEvent.signalEvent(SocketTube.java:965)
	at java.net.http/jdk.internal.net.http.SocketTube$SocketFlowEvent.handle(SocketTube.java:253)
	at java.net.http/jdk.internal.net.http.HttpClientImpl$SelectorManager.handleEvent(HttpClientImpl.java:1469)
	at java.net.http/jdk.internal.net.http.HttpClientImpl$SelectorManager.lambda$run$3(HttpClientImpl.java:1414)
	at java.base/java.util.ArrayList.forEach(ArrayList.java:1596)
	at java.net.http/jdk.internal.net.http.HttpClientImpl$SelectorManager.run(HttpClientImpl.java:1414)

]]></system-err>
  </testcase>
  <testcase name="runScenario[&quot;Logo&quot;, &quot;Order confirmation Page functionality&quot;](48)" classname="TestNGTestRunner" time="47.204">
    <system-err><![CDATA[Dec 16, 2024 11:32:08 AM org.openqa.selenium.devtools.CdpVersionFinder findNearestMatch
WARNING: Unable to find an exact match for CDP version 130, returning the closest version; found: 127; Please update to a Selenium version that supports CDP version 130
Dec 16, 2024 11:32:52 AM org.openqa.selenium.remote.http.WebSocket$Listener onError
WARNING: Connection reset
java.net.SocketException: Connection reset
	at java.base/sun.nio.ch.SocketChannelImpl.throwConnectionReset(SocketChannelImpl.java:401)
	at java.base/sun.nio.ch.SocketChannelImpl.read(SocketChannelImpl.java:434)
	at java.net.http/jdk.internal.net.http.SocketTube.readAvailable(SocketTube.java:1178)
	at java.net.http/jdk.internal.net.http.SocketTube$InternalReadPublisher$InternalReadSubscription.read(SocketTube.java:841)
	at java.net.http/jdk.internal.net.http.SocketTube$SocketFlowTask.run(SocketTube.java:181)
	at java.net.http/jdk.internal.net.http.common.SequentialScheduler$SchedulableTask.run(SequentialScheduler.java:207)
	at java.net.http/jdk.internal.net.http.common.SequentialScheduler.runOrSchedule(SequentialScheduler.java:280)
	at java.net.http/jdk.internal.net.http.common.SequentialScheduler.runOrSchedule(SequentialScheduler.java:233)
	at java.net.http/jdk.internal.net.http.SocketTube$InternalReadPublisher$InternalReadSubscription.signalReadable(SocketTube.java:782)
	at java.net.http/jdk.internal.net.http.SocketTube$InternalReadPublisher$ReadEvent.signalEvent(SocketTube.java:965)
	at java.net.http/jdk.internal.net.http.SocketTube$SocketFlowEvent.handle(SocketTube.java:253)
	at java.net.http/jdk.internal.net.http.HttpClientImpl$SelectorManager.handleEvent(HttpClientImpl.java:1469)
	at java.net.http/jdk.internal.net.http.HttpClientImpl$SelectorManager.lambda$run$3(HttpClientImpl.java:1414)
	at java.base/java.util.ArrayList.forEach(ArrayList.java:1596)
	at java.net.http/jdk.internal.net.http.HttpClientImpl$SelectorManager.run(HttpClientImpl.java:1414)

]]></system-err>
  </testcase>
  <testcase name="runScenario[&quot;Orders link&quot;, &quot;Order confirmation Page functionality&quot;](49)" classname="TestNGTestRunner" time="46.903">
    <system-err><![CDATA[Dec 16, 2024 11:32:55 AM org.openqa.selenium.devtools.CdpVersionFinder findNearestMatch
WARNING: Unable to find an exact match for CDP version 130, returning the closest version; found: 127; Please update to a Selenium version that supports CDP version 130
Dec 16, 2024 11:33:39 AM org.openqa.selenium.remote.http.WebSocket$Listener onError
WARNING: Connection reset
java.net.SocketException: Connection reset
	at java.base/sun.nio.ch.SocketChannelImpl.throwConnectionReset(SocketChannelImpl.java:401)
	at java.base/sun.nio.ch.SocketChannelImpl.read(SocketChannelImpl.java:434)
	at java.net.http/jdk.internal.net.http.SocketTube.readAvailable(SocketTube.java:1178)
	at java.net.http/jdk.internal.net.http.SocketTube$InternalReadPublisher$InternalReadSubscription.read(SocketTube.java:841)
	at java.net.http/jdk.internal.net.http.SocketTube$SocketFlowTask.run(SocketTube.java:181)
	at java.net.http/jdk.internal.net.http.common.SequentialScheduler$SchedulableTask.run(SequentialScheduler.java:207)
	at java.net.http/jdk.internal.net.http.common.SequentialScheduler.runOrSchedule(SequentialScheduler.java:280)
	at java.net.http/jdk.internal.net.http.common.SequentialScheduler.runOrSchedule(SequentialScheduler.java:233)
	at java.net.http/jdk.internal.net.http.SocketTube$InternalReadPublisher$InternalReadSubscription.signalReadable(SocketTube.java:782)
	at java.net.http/jdk.internal.net.http.SocketTube$InternalReadPublisher$ReadEvent.signalEvent(SocketTube.java:965)
	at java.net.http/jdk.internal.net.http.SocketTube$SocketFlowEvent.handle(SocketTube.java:253)
	at java.net.http/jdk.internal.net.http.HttpClientImpl$SelectorManager.handleEvent(HttpClientImpl.java:1469)
	at java.net.http/jdk.internal.net.http.HttpClientImpl$SelectorManager.lambda$run$3(HttpClientImpl.java:1414)
	at java.base/java.util.ArrayList.forEach(ArrayList.java:1596)
	at java.net.http/jdk.internal.net.http.HttpClientImpl$SelectorManager.run(HttpClientImpl.java:1414)

]]></system-err>
  </testcase>
  <testcase name="runScenario[&quot;Product details, order id, url&quot;, &quot;Order confirmation Page functionality&quot;](50)" classname="TestNGTestRunner" time="46.173">
    <failure message="expected [true] but found [false]" type="java.lang.AssertionError"><![CDATA[java.lang.AssertionError: expected [true] but found [false]
	at org.testng.Assert.fail(Assert.java:111)
	at org.testng.Assert.failNotEquals(Assert.java:1578)
	at org.testng.Assert.assertTrue(Assert.java:57)
	at org.testng.Assert.assertTrue(Assert.java:67)
	at StepDefinitions.OrderConfirmationPage.FunctionalityStepDefImpl.validateProductDetailsOrderIdUrl(FunctionalityStepDefImpl.java:160)
	at ✽.Validate product details,order id,url(file:///C:/Users/santh/Desktop/Ecommerce%20Automation/Selenium/EcommercePractise/src/test/java/FeatureFiles/OrderConfirmationPage/Functionality.feature:42)
]]></failure>
    <system-out><![CDATA[https://rahulshettyacademy.com/client/dashboard/thanks?prop=%5B%22675fc2eae2b5443b1ff4e055%22,%22675fc2eae2b5443b1ff4e058%22,%22675fc2eae2b5443b1ff4e05b%22,%22675fc2eae2b5443b1ff4e05f%22%5D 6581ca399fd99c85e8ee7f45
]]></system-out>
    <system-err><![CDATA[Dec 16, 2024 11:33:42 AM org.openqa.selenium.devtools.CdpVersionFinder findNearestMatch
WARNING: Unable to find an exact match for CDP version 130, returning the closest version; found: 127; Please update to a Selenium version that supports CDP version 130
Dec 16, 2024 11:34:25 AM org.openqa.selenium.remote.http.WebSocket$Listener onError
WARNING: Connection reset
java.net.SocketException: Connection reset
	at java.base/sun.nio.ch.SocketChannelImpl.throwConnectionReset(SocketChannelImpl.java:401)
	at java.base/sun.nio.ch.SocketChannelImpl.read(SocketChannelImpl.java:434)
	at java.net.http/jdk.internal.net.http.SocketTube.readAvailable(SocketTube.java:1178)
	at java.net.http/jdk.internal.net.http.SocketTube$InternalReadPublisher$InternalReadSubscription.read(SocketTube.java:841)
	at java.net.http/jdk.internal.net.http.SocketTube$SocketFlowTask.run(SocketTube.java:181)
	at java.net.http/jdk.internal.net.http.common.SequentialScheduler$SchedulableTask.run(SequentialScheduler.java:207)
	at java.net.http/jdk.internal.net.http.common.SequentialScheduler.runOrSchedule(SequentialScheduler.java:280)
	at java.net.http/jdk.internal.net.http.common.SequentialScheduler.runOrSchedule(SequentialScheduler.java:233)
	at java.net.http/jdk.internal.net.http.SocketTube$InternalReadPublisher$InternalReadSubscription.signalReadable(SocketTube.java:782)
	at java.net.http/jdk.internal.net.http.SocketTube$InternalReadPublisher$ReadEvent.signalEvent(SocketTube.java:965)
	at java.net.http/jdk.internal.net.http.SocketTube$SocketFlowEvent.handle(SocketTube.java:253)
	at java.net.http/jdk.internal.net.http.HttpClientImpl$SelectorManager.handleEvent(HttpClientImpl.java:1469)
	at java.net.http/jdk.internal.net.http.HttpClientImpl$SelectorManager.lambda$run$3(HttpClientImpl.java:1414)
	at java.base/java.util.ArrayList.forEach(ArrayList.java:1596)
	at java.net.http/jdk.internal.net.http.HttpClientImpl$SelectorManager.run(HttpClientImpl.java:1414)

]]></system-err>
  </testcase>
  <testcase name="runScenario[&quot;Home button&quot;, &quot;Order Page functionality&quot;](51)" classname="TestNGTestRunner" time="9.471">
    <system-err><![CDATA[Dec 16, 2024 11:34:28 AM org.openqa.selenium.devtools.CdpVersionFinder findNearestMatch
WARNING: Unable to find an exact match for CDP version 130, returning the closest version; found: 127; Please update to a Selenium version that supports CDP version 130
Dec 16, 2024 11:34:35 AM org.openqa.selenium.remote.http.WebSocket$Listener onError
WARNING: Connection reset
java.net.SocketException: Connection reset
	at java.base/sun.nio.ch.SocketChannelImpl.throwConnectionReset(SocketChannelImpl.java:401)
	at java.base/sun.nio.ch.SocketChannelImpl.read(SocketChannelImpl.java:434)
	at java.net.http/jdk.internal.net.http.SocketTube.readAvailable(SocketTube.java:1178)
	at java.net.http/jdk.internal.net.http.SocketTube$InternalReadPublisher$InternalReadSubscription.read(SocketTube.java:841)
	at java.net.http/jdk.internal.net.http.SocketTube$SocketFlowTask.run(SocketTube.java:181)
	at java.net.http/jdk.internal.net.http.common.SequentialScheduler$SchedulableTask.run(SequentialScheduler.java:207)
	at java.net.http/jdk.internal.net.http.common.SequentialScheduler.runOrSchedule(SequentialScheduler.java:280)
	at java.net.http/jdk.internal.net.http.common.SequentialScheduler.runOrSchedule(SequentialScheduler.java:233)
	at java.net.http/jdk.internal.net.http.SocketTube$InternalReadPublisher$InternalReadSubscription.signalReadable(SocketTube.java:782)
	at java.net.http/jdk.internal.net.http.SocketTube$InternalReadPublisher$ReadEvent.signalEvent(SocketTube.java:965)
	at java.net.http/jdk.internal.net.http.SocketTube$SocketFlowEvent.handle(SocketTube.java:253)
	at java.net.http/jdk.internal.net.http.HttpClientImpl$SelectorManager.handleEvent(HttpClientImpl.java:1469)
	at java.net.http/jdk.internal.net.http.HttpClientImpl$SelectorManager.lambda$run$3(HttpClientImpl.java:1414)
	at java.base/java.util.ArrayList.forEach(ArrayList.java:1596)
	at java.net.http/jdk.internal.net.http.HttpClientImpl$SelectorManager.run(HttpClientImpl.java:1414)

]]></system-err>
  </testcase>
  <testcase name="runScenario[&quot;Orders button&quot;, &quot;Order Page functionality&quot;](52)" classname="TestNGTestRunner" time="8.581">
    <system-err><![CDATA[Dec 16, 2024 11:34:37 AM org.openqa.selenium.devtools.CdpVersionFinder findNearestMatch
WARNING: Unable to find an exact match for CDP version 130, returning the closest version; found: 127; Please update to a Selenium version that supports CDP version 130
Dec 16, 2024 11:34:43 AM org.openqa.selenium.remote.http.WebSocket$Listener onError
WARNING: Connection reset
java.net.SocketException: Connection reset
	at java.base/sun.nio.ch.SocketChannelImpl.throwConnectionReset(SocketChannelImpl.java:401)
	at java.base/sun.nio.ch.SocketChannelImpl.read(SocketChannelImpl.java:434)
	at java.net.http/jdk.internal.net.http.SocketTube.readAvailable(SocketTube.java:1178)
	at java.net.http/jdk.internal.net.http.SocketTube$InternalReadPublisher$InternalReadSubscription.read(SocketTube.java:841)
	at java.net.http/jdk.internal.net.http.SocketTube$SocketFlowTask.run(SocketTube.java:181)
	at java.net.http/jdk.internal.net.http.common.SequentialScheduler$SchedulableTask.run(SequentialScheduler.java:207)
	at java.net.http/jdk.internal.net.http.common.SequentialScheduler.runOrSchedule(SequentialScheduler.java:280)
	at java.net.http/jdk.internal.net.http.common.SequentialScheduler.runOrSchedule(SequentialScheduler.java:233)
	at java.net.http/jdk.internal.net.http.SocketTube$InternalReadPublisher$InternalReadSubscription.signalReadable(SocketTube.java:782)
	at java.net.http/jdk.internal.net.http.SocketTube$InternalReadPublisher$ReadEvent.signalEvent(SocketTube.java:965)
	at java.net.http/jdk.internal.net.http.SocketTube$SocketFlowEvent.handle(SocketTube.java:253)
	at java.net.http/jdk.internal.net.http.HttpClientImpl$SelectorManager.handleEvent(HttpClientImpl.java:1469)
	at java.net.http/jdk.internal.net.http.HttpClientImpl$SelectorManager.lambda$run$3(HttpClientImpl.java:1414)
	at java.base/java.util.ArrayList.forEach(ArrayList.java:1596)
	at java.net.http/jdk.internal.net.http.HttpClientImpl$SelectorManager.run(HttpClientImpl.java:1414)

]]></system-err>
  </testcase>
  <testcase name="runScenario[&quot;Signout button&quot;, &quot;Order Page functionality&quot;](53)" classname="TestNGTestRunner" time="8.571">
    <system-err><![CDATA[Dec 16, 2024 11:34:46 AM org.openqa.selenium.devtools.CdpVersionFinder findNearestMatch
WARNING: Unable to find an exact match for CDP version 130, returning the closest version; found: 127; Please update to a Selenium version that supports CDP version 130
Dec 16, 2024 11:34:52 AM org.openqa.selenium.remote.http.WebSocket$Listener onError
WARNING: Connection reset
java.net.SocketException: Connection reset
	at java.base/sun.nio.ch.SocketChannelImpl.throwConnectionReset(SocketChannelImpl.java:401)
	at java.base/sun.nio.ch.SocketChannelImpl.read(SocketChannelImpl.java:434)
	at java.net.http/jdk.internal.net.http.SocketTube.readAvailable(SocketTube.java:1178)
	at java.net.http/jdk.internal.net.http.SocketTube$InternalReadPublisher$InternalReadSubscription.read(SocketTube.java:841)
	at java.net.http/jdk.internal.net.http.SocketTube$SocketFlowTask.run(SocketTube.java:181)
	at java.net.http/jdk.internal.net.http.common.SequentialScheduler$SchedulableTask.run(SequentialScheduler.java:207)
	at java.net.http/jdk.internal.net.http.common.SequentialScheduler.runOrSchedule(SequentialScheduler.java:280)
	at java.net.http/jdk.internal.net.http.common.SequentialScheduler.runOrSchedule(SequentialScheduler.java:233)
	at java.net.http/jdk.internal.net.http.SocketTube$InternalReadPublisher$InternalReadSubscription.signalReadable(SocketTube.java:782)
	at java.net.http/jdk.internal.net.http.SocketTube$InternalReadPublisher$ReadEvent.signalEvent(SocketTube.java:965)
	at java.net.http/jdk.internal.net.http.SocketTube$SocketFlowEvent.handle(SocketTube.java:253)
	at java.net.http/jdk.internal.net.http.HttpClientImpl$SelectorManager.handleEvent(HttpClientImpl.java:1469)
	at java.net.http/jdk.internal.net.http.HttpClientImpl$SelectorManager.lambda$run$3(HttpClientImpl.java:1414)
	at java.base/java.util.ArrayList.forEach(ArrayList.java:1596)
	at java.net.http/jdk.internal.net.http.HttpClientImpl$SelectorManager.run(HttpClientImpl.java:1414)

]]></system-err>
  </testcase>
  <testcase name="runScenario[&quot;Cart button&quot;, &quot;Order Page functionality&quot;](54)" classname="TestNGTestRunner" time="8.157">
    <system-err><![CDATA[Dec 16, 2024 11:34:55 AM org.openqa.selenium.devtools.CdpVersionFinder findNearestMatch
WARNING: Unable to find an exact match for CDP version 130, returning the closest version; found: 127; Please update to a Selenium version that supports CDP version 130
Dec 16, 2024 11:35:00 AM org.openqa.selenium.remote.http.WebSocket$Listener onError
WARNING: Connection reset
java.net.SocketException: Connection reset
	at java.base/sun.nio.ch.SocketChannelImpl.throwConnectionReset(SocketChannelImpl.java:401)
	at java.base/sun.nio.ch.SocketChannelImpl.read(SocketChannelImpl.java:434)
	at java.net.http/jdk.internal.net.http.SocketTube.readAvailable(SocketTube.java:1178)
	at java.net.http/jdk.internal.net.http.SocketTube$InternalReadPublisher$InternalReadSubscription.read(SocketTube.java:841)
	at java.net.http/jdk.internal.net.http.SocketTube$SocketFlowTask.run(SocketTube.java:181)
	at java.net.http/jdk.internal.net.http.common.SequentialScheduler$SchedulableTask.run(SequentialScheduler.java:207)
	at java.net.http/jdk.internal.net.http.common.SequentialScheduler.runOrSchedule(SequentialScheduler.java:280)
	at java.net.http/jdk.internal.net.http.common.SequentialScheduler.runOrSchedule(SequentialScheduler.java:233)
	at java.net.http/jdk.internal.net.http.SocketTube$InternalReadPublisher$InternalReadSubscription.signalReadable(SocketTube.java:782)
	at java.net.http/jdk.internal.net.http.SocketTube$InternalReadPublisher$ReadEvent.signalEvent(SocketTube.java:965)
	at java.net.http/jdk.internal.net.http.SocketTube$SocketFlowEvent.handle(SocketTube.java:253)
	at java.net.http/jdk.internal.net.http.HttpClientImpl$SelectorManager.handleEvent(HttpClientImpl.java:1469)
	at java.net.http/jdk.internal.net.http.HttpClientImpl$SelectorManager.lambda$run$3(HttpClientImpl.java:1414)
	at java.base/java.util.ArrayList.forEach(ArrayList.java:1596)
	at java.net.http/jdk.internal.net.http.HttpClientImpl$SelectorManager.run(HttpClientImpl.java:1414)

]]></system-err>
  </testcase>
  <testcase name="runScenario[&quot;Logo&quot;, &quot;Order Page functionality&quot;](55)" classname="TestNGTestRunner" time="7.454">
    <system-err><![CDATA[Dec 16, 2024 11:35:02 AM org.openqa.selenium.devtools.CdpVersionFinder findNearestMatch
WARNING: Unable to find an exact match for CDP version 130, returning the closest version; found: 127; Please update to a Selenium version that supports CDP version 130
Dec 16, 2024 11:35:08 AM org.openqa.selenium.remote.http.WebSocket$Listener onError
WARNING: Connection reset
java.net.SocketException: Connection reset
	at java.base/sun.nio.ch.SocketChannelImpl.throwConnectionReset(SocketChannelImpl.java:401)
	at java.base/sun.nio.ch.SocketChannelImpl.read(SocketChannelImpl.java:434)
	at java.net.http/jdk.internal.net.http.SocketTube.readAvailable(SocketTube.java:1178)
	at java.net.http/jdk.internal.net.http.SocketTube$InternalReadPublisher$InternalReadSubscription.read(SocketTube.java:841)
	at java.net.http/jdk.internal.net.http.SocketTube$SocketFlowTask.run(SocketTube.java:181)
	at java.net.http/jdk.internal.net.http.common.SequentialScheduler$SchedulableTask.run(SequentialScheduler.java:207)
	at java.net.http/jdk.internal.net.http.common.SequentialScheduler.runOrSchedule(SequentialScheduler.java:280)
	at java.net.http/jdk.internal.net.http.common.SequentialScheduler.runOrSchedule(SequentialScheduler.java:233)
	at java.net.http/jdk.internal.net.http.SocketTube$InternalReadPublisher$InternalReadSubscription.signalReadable(SocketTube.java:782)
	at java.net.http/jdk.internal.net.http.SocketTube$InternalReadPublisher$ReadEvent.signalEvent(SocketTube.java:965)
	at java.net.http/jdk.internal.net.http.SocketTube$SocketFlowEvent.handle(SocketTube.java:253)
	at java.net.http/jdk.internal.net.http.HttpClientImpl$SelectorManager.handleEvent(HttpClientImpl.java:1469)
	at java.net.http/jdk.internal.net.http.HttpClientImpl$SelectorManager.lambda$run$3(HttpClientImpl.java:1414)
	at java.base/java.util.ArrayList.forEach(ArrayList.java:1596)
	at java.net.http/jdk.internal.net.http.HttpClientImpl$SelectorManager.run(HttpClientImpl.java:1414)

]]></system-err>
  </testcase>
  <testcase name="runScenario[&quot;Orders api is failed&quot;, &quot;Order confirmation Page error handling&quot;](56)" classname="TestNGTestRunner" time="46.853">
    <system-err><![CDATA[Dec 16, 2024 11:35:10 AM org.openqa.selenium.devtools.CdpVersionFinder findNearestMatch
WARNING: Unable to find an exact match for CDP version 130, returning the closest version; found: 127; Please update to a Selenium version that supports CDP version 130
Dec 16, 2024 11:35:54 AM org.openqa.selenium.remote.http.WebSocket$Listener onError
WARNING: Connection reset
java.net.SocketException: Connection reset
	at java.base/sun.nio.ch.SocketChannelImpl.throwConnectionReset(SocketChannelImpl.java:401)
	at java.base/sun.nio.ch.SocketChannelImpl.read(SocketChannelImpl.java:434)
	at java.net.http/jdk.internal.net.http.SocketTube.readAvailable(SocketTube.java:1178)
	at java.net.http/jdk.internal.net.http.SocketTube$InternalReadPublisher$InternalReadSubscription.read(SocketTube.java:841)
	at java.net.http/jdk.internal.net.http.SocketTube$SocketFlowTask.run(SocketTube.java:181)
	at java.net.http/jdk.internal.net.http.common.SequentialScheduler$SchedulableTask.run(SequentialScheduler.java:207)
	at java.net.http/jdk.internal.net.http.common.SequentialScheduler.runOrSchedule(SequentialScheduler.java:280)
	at java.net.http/jdk.internal.net.http.common.SequentialScheduler.runOrSchedule(SequentialScheduler.java:233)
	at java.net.http/jdk.internal.net.http.SocketTube$InternalReadPublisher$InternalReadSubscription.signalReadable(SocketTube.java:782)
	at java.net.http/jdk.internal.net.http.SocketTube$InternalReadPublisher$ReadEvent.signalEvent(SocketTube.java:965)
	at java.net.http/jdk.internal.net.http.SocketTube$SocketFlowEvent.handle(SocketTube.java:253)
	at java.net.http/jdk.internal.net.http.HttpClientImpl$SelectorManager.handleEvent(HttpClientImpl.java:1469)
	at java.net.http/jdk.internal.net.http.HttpClientImpl$SelectorManager.lambda$run$3(HttpClientImpl.java:1414)
	at java.base/java.util.ArrayList.forEach(ArrayList.java:1596)
	at java.net.http/jdk.internal.net.http.HttpClientImpl$SelectorManager.run(HttpClientImpl.java:1414)

]]></system-err>
  </testcase>
  <testcase name="runScenario[&quot;Delete api is failed&quot;, &quot;Order confirmation Page error handling&quot;](57)" classname="TestNGTestRunner" time="47.45">
    <system-err><![CDATA[Dec 16, 2024 11:35:57 AM org.openqa.selenium.devtools.CdpVersionFinder findNearestMatch
WARNING: Unable to find an exact match for CDP version 130, returning the closest version; found: 127; Please update to a Selenium version that supports CDP version 130
Dec 16, 2024 11:36:42 AM org.openqa.selenium.remote.http.WebSocket$Listener onError
WARNING: Connection reset
java.net.SocketException: Connection reset
	at java.base/sun.nio.ch.SocketChannelImpl.throwConnectionReset(SocketChannelImpl.java:401)
	at java.base/sun.nio.ch.SocketChannelImpl.read(SocketChannelImpl.java:434)
	at java.net.http/jdk.internal.net.http.SocketTube.readAvailable(SocketTube.java:1178)
	at java.net.http/jdk.internal.net.http.SocketTube$InternalReadPublisher$InternalReadSubscription.read(SocketTube.java:841)
	at java.net.http/jdk.internal.net.http.SocketTube$SocketFlowTask.run(SocketTube.java:181)
	at java.net.http/jdk.internal.net.http.common.SequentialScheduler$SchedulableTask.run(SequentialScheduler.java:207)
	at java.net.http/jdk.internal.net.http.common.SequentialScheduler.runOrSchedule(SequentialScheduler.java:280)
	at java.net.http/jdk.internal.net.http.common.SequentialScheduler.runOrSchedule(SequentialScheduler.java:233)
	at java.net.http/jdk.internal.net.http.SocketTube$InternalReadPublisher$InternalReadSubscription.signalReadable(SocketTube.java:782)
	at java.net.http/jdk.internal.net.http.SocketTube$InternalReadPublisher$ReadEvent.signalEvent(SocketTube.java:965)
	at java.net.http/jdk.internal.net.http.SocketTube$SocketFlowEvent.handle(SocketTube.java:253)
	at java.net.http/jdk.internal.net.http.HttpClientImpl$SelectorManager.handleEvent(HttpClientImpl.java:1469)
	at java.net.http/jdk.internal.net.http.HttpClientImpl$SelectorManager.lambda$run$3(HttpClientImpl.java:1414)
	at java.base/java.util.ArrayList.forEach(ArrayList.java:1596)
	at java.net.http/jdk.internal.net.http.HttpClientImpl$SelectorManager.run(HttpClientImpl.java:1414)

]]></system-err>
  </testcase>
  <testcase name="runScenario[&quot;View api is failed&quot;, &quot;Order confirmation Page error handling&quot;](58)" classname="TestNGTestRunner" time="43.625">
    <failure message="element click intercepted: Element is not clickable at point (1286, 1095)&#10;  (Session info: chrome=130.0.6723.70)&#10;Build info: version: &apos;4.23.0&apos;, revision: &apos;4df0a231af&apos;&#10;System info: os.name: &apos;Windows 11&apos;, os.arch: &apos;amd64&apos;, os.version: &apos;10.0&apos;, java.version: &apos;21.0.5&apos;&#10;Driver info: org.openqa.selenium.chrome.ChromeDriver&#10;Command: [b181763634d60658182ef6df93880e86, clickElement {id=f.E212ABF3576554B63DBE2CE9268EB14C.d.4BA7EF215D74BA01D781EC6C74ADD1C3.e.211}]&#10;Capabilities {acceptInsecureCerts: false, browserName: chrome, browserVersion: 130.0.6723.70, chrome: {chromedriverVersion: 130.0.6723.116 (6ac35f94ae3..., userDataDir: C:\Users\santh\AppData\Loca...}, fedcm:accounts: true, goog:chromeOptions: {debuggerAddress: localhost:60574}, networkConnectionEnabled: false, pageLoadStrategy: normal, platformName: windows, proxy: Proxy(), se:cdp: ws://localhost:60574/devtoo..., se:cdpVersion: 130.0.6723.70, setWindowRect: true, strictFileInteractability: false, timeouts: {implicit: 0, pageLoad: 300000, script: 30000}, unhandledPromptBehavior: dismiss and notify, webauthn:extension:credBlob: true, webauthn:extension:largeBlob: true, webauthn:extension:minPinLength: true, webauthn:extension:prf: true, webauthn:virtualAuthenticators: true}&#10;Element: [[[[ChromeDriver: chrome on windows (b181763634d60658182ef6df93880e86)] -&gt; css selector: tr.ng-star-inserted]] -&gt; css selector: .btn-primary]&#10;Session ID: b181763634d60658182ef6df93880e86" type="org.openqa.selenium.ElementClickInterceptedException"><![CDATA[org.openqa.selenium.ElementClickInterceptedException: 
element click intercepted: Element is not clickable at point (1286, 1095)
  (Session info: chrome=130.0.6723.70)
Build info: version: '4.23.0', revision: '4df0a231af'
System info: os.name: 'Windows 11', os.arch: 'amd64', os.version: '10.0', java.version: '21.0.5'
Driver info: org.openqa.selenium.chrome.ChromeDriver
Command: [b181763634d60658182ef6df93880e86, clickElement {id=f.E212ABF3576554B63DBE2CE9268EB14C.d.4BA7EF215D74BA01D781EC6C74ADD1C3.e.211}]
Capabilities {acceptInsecureCerts: false, browserName: chrome, browserVersion: 130.0.6723.70, chrome: {chromedriverVersion: 130.0.6723.116 (6ac35f94ae3..., userDataDir: C:\Users\santh\AppData\Loca...}, fedcm:accounts: true, goog:chromeOptions: {debuggerAddress: localhost:60574}, networkConnectionEnabled: false, pageLoadStrategy: normal, platformName: windows, proxy: Proxy(), se:cdp: ws://localhost:60574/devtoo..., se:cdpVersion: 130.0.6723.70, setWindowRect: true, strictFileInteractability: false, timeouts: {implicit: 0, pageLoad: 300000, script: 30000}, unhandledPromptBehavior: dismiss and notify, webauthn:extension:credBlob: true, webauthn:extension:largeBlob: true, webauthn:extension:minPinLength: true, webauthn:extension:prf: true, webauthn:virtualAuthenticators: true}
Element: [[[[ChromeDriver: chrome on windows (b181763634d60658182ef6df93880e86)] -> css selector: tr.ng-star-inserted]] -> css selector: .btn-primary]
Session ID: b181763634d60658182ef6df93880e86
	at java.base/jdk.internal.reflect.DirectConstructorHandleAccessor.newInstance(DirectConstructorHandleAccessor.java:62)
	at java.base/java.lang.reflect.Constructor.newInstanceWithCaller(Constructor.java:502)
	at java.base/java.lang.reflect.Constructor.newInstance(Constructor.java:486)
	at org.openqa.selenium.remote.ErrorCodec.decode(ErrorCodec.java:167)
	at org.openqa.selenium.remote.codec.w3c.W3CHttpResponseCodec.decode(W3CHttpResponseCodec.java:138)
	at org.openqa.selenium.remote.codec.w3c.W3CHttpResponseCodec.decode(W3CHttpResponseCodec.java:50)
	at org.openqa.selenium.remote.HttpCommandExecutor.execute(HttpCommandExecutor.java:190)
	at org.openqa.selenium.remote.service.DriverCommandExecutor.invokeExecute(DriverCommandExecutor.java:216)
	at org.openqa.selenium.remote.service.DriverCommandExecutor.execute(DriverCommandExecutor.java:174)
	at org.openqa.selenium.remote.RemoteWebDriver.execute(RemoteWebDriver.java:527)
	at org.openqa.selenium.remote.RemoteWebElement.execute(RemoteWebElement.java:223)
	at org.openqa.selenium.remote.RemoteWebElement.click(RemoteWebElement.java:76)
	at StepDefinitions.OrdersPage.ErrorHandlingStepDefImpl.userClicksOnViewButtonWhenApiIsDown(ErrorHandlingStepDefImpl.java:150)
	at ✽.User clicks on view button when api is down(file:///C:/Users/santh/Desktop/Ecommerce%20Automation/Selenium/EcommercePractise/src/test/java/FeatureFiles/OrdersPage/ErrorHandling.feature:17)
]]></failure>
    <system-err><![CDATA[Dec 16, 2024 11:36:45 AM org.openqa.selenium.devtools.CdpVersionFinder findNearestMatch
WARNING: Unable to find an exact match for CDP version 130, returning the closest version; found: 127; Please update to a Selenium version that supports CDP version 130
Dec 16, 2024 11:37:26 AM org.openqa.selenium.remote.http.WebSocket$Listener onError
WARNING: Connection reset
java.net.SocketException: Connection reset
	at java.base/sun.nio.ch.SocketChannelImpl.throwConnectionReset(SocketChannelImpl.java:401)
	at java.base/sun.nio.ch.SocketChannelImpl.read(SocketChannelImpl.java:434)
	at java.net.http/jdk.internal.net.http.SocketTube.readAvailable(SocketTube.java:1178)
	at java.net.http/jdk.internal.net.http.SocketTube$InternalReadPublisher$InternalReadSubscription.read(SocketTube.java:841)
	at java.net.http/jdk.internal.net.http.SocketTube$SocketFlowTask.run(SocketTube.java:181)
	at java.net.http/jdk.internal.net.http.common.SequentialScheduler$SchedulableTask.run(SequentialScheduler.java:207)
	at java.net.http/jdk.internal.net.http.common.SequentialScheduler.runOrSchedule(SequentialScheduler.java:280)
	at java.net.http/jdk.internal.net.http.common.SequentialScheduler.runOrSchedule(SequentialScheduler.java:233)
	at java.net.http/jdk.internal.net.http.SocketTube$InternalReadPublisher$InternalReadSubscription.signalReadable(SocketTube.java:782)
	at java.net.http/jdk.internal.net.http.SocketTube$InternalReadPublisher$ReadEvent.signalEvent(SocketTube.java:965)
	at java.net.http/jdk.internal.net.http.SocketTube$SocketFlowEvent.handle(SocketTube.java:253)
	at java.net.http/jdk.internal.net.http.HttpClientImpl$SelectorManager.handleEvent(HttpClientImpl.java:1469)
	at java.net.http/jdk.internal.net.http.HttpClientImpl$SelectorManager.lambda$run$3(HttpClientImpl.java:1414)
	at java.base/java.util.ArrayList.forEach(ArrayList.java:1596)
	at java.net.http/jdk.internal.net.http.HttpClientImpl$SelectorManager.run(HttpClientImpl.java:1414)

]]></system-err>
  </testcase>
  <testcase name="runScenario[&quot;Home button&quot;, &quot;Order confirmation Page functionality&quot;](59)" classname="TestNGTestRunner" time="47.098">
    <system-err><![CDATA[Dec 16, 2024 11:37:28 AM org.openqa.selenium.devtools.CdpVersionFinder findNearestMatch
WARNING: Unable to find an exact match for CDP version 130, returning the closest version; found: 127; Please update to a Selenium version that supports CDP version 130
Dec 16, 2024 11:38:13 AM org.openqa.selenium.remote.http.WebSocket$Listener onError
WARNING: Connection reset
java.net.SocketException: Connection reset
	at java.base/sun.nio.ch.SocketChannelImpl.throwConnectionReset(SocketChannelImpl.java:401)
	at java.base/sun.nio.ch.SocketChannelImpl.read(SocketChannelImpl.java:434)
	at java.net.http/jdk.internal.net.http.SocketTube.readAvailable(SocketTube.java:1178)
	at java.net.http/jdk.internal.net.http.SocketTube$InternalReadPublisher$InternalReadSubscription.read(SocketTube.java:841)
	at java.net.http/jdk.internal.net.http.SocketTube$SocketFlowTask.run(SocketTube.java:181)
	at java.net.http/jdk.internal.net.http.common.SequentialScheduler$SchedulableTask.run(SequentialScheduler.java:207)
	at java.net.http/jdk.internal.net.http.common.SequentialScheduler.runOrSchedule(SequentialScheduler.java:280)
	at java.net.http/jdk.internal.net.http.common.SequentialScheduler.runOrSchedule(SequentialScheduler.java:233)
	at java.net.http/jdk.internal.net.http.SocketTube$InternalReadPublisher$InternalReadSubscription.signalReadable(SocketTube.java:782)
	at java.net.http/jdk.internal.net.http.SocketTube$InternalReadPublisher$ReadEvent.signalEvent(SocketTube.java:965)
	at java.net.http/jdk.internal.net.http.SocketTube$SocketFlowEvent.handle(SocketTube.java:253)
	at java.net.http/jdk.internal.net.http.HttpClientImpl$SelectorManager.handleEvent(HttpClientImpl.java:1469)
	at java.net.http/jdk.internal.net.http.HttpClientImpl$SelectorManager.lambda$run$3(HttpClientImpl.java:1414)
	at java.base/java.util.ArrayList.forEach(ArrayList.java:1596)
	at java.net.http/jdk.internal.net.http.HttpClientImpl$SelectorManager.run(HttpClientImpl.java:1414)

]]></system-err>
  </testcase>
  <testcase name="runScenario[&quot;Orders button&quot;, &quot;Order confirmation Page functionality&quot;](60)" classname="TestNGTestRunner" time="50.331">
    <system-err><![CDATA[Dec 16, 2024 11:38:15 AM org.openqa.selenium.devtools.CdpVersionFinder findNearestMatch
WARNING: Unable to find an exact match for CDP version 130, returning the closest version; found: 127; Please update to a Selenium version that supports CDP version 130
Dec 16, 2024 11:39:03 AM org.openqa.selenium.remote.http.WebSocket$Listener onError
WARNING: Connection reset
java.net.SocketException: Connection reset
	at java.base/sun.nio.ch.SocketChannelImpl.throwConnectionReset(SocketChannelImpl.java:401)
	at java.base/sun.nio.ch.SocketChannelImpl.read(SocketChannelImpl.java:434)
	at java.net.http/jdk.internal.net.http.SocketTube.readAvailable(SocketTube.java:1178)
	at java.net.http/jdk.internal.net.http.SocketTube$InternalReadPublisher$InternalReadSubscription.read(SocketTube.java:841)
	at java.net.http/jdk.internal.net.http.SocketTube$SocketFlowTask.run(SocketTube.java:181)
	at java.net.http/jdk.internal.net.http.common.SequentialScheduler$SchedulableTask.run(SequentialScheduler.java:207)
	at java.net.http/jdk.internal.net.http.common.SequentialScheduler.runOrSchedule(SequentialScheduler.java:280)
	at java.net.http/jdk.internal.net.http.common.SequentialScheduler.runOrSchedule(SequentialScheduler.java:233)
	at java.net.http/jdk.internal.net.http.SocketTube$InternalReadPublisher$InternalReadSubscription.signalReadable(SocketTube.java:782)
	at java.net.http/jdk.internal.net.http.SocketTube$InternalReadPublisher$ReadEvent.signalEvent(SocketTube.java:965)
	at java.net.http/jdk.internal.net.http.SocketTube$SocketFlowEvent.handle(SocketTube.java:253)
	at java.net.http/jdk.internal.net.http.HttpClientImpl$SelectorManager.handleEvent(HttpClientImpl.java:1469)
	at java.net.http/jdk.internal.net.http.HttpClientImpl$SelectorManager.lambda$run$3(HttpClientImpl.java:1414)
	at java.base/java.util.ArrayList.forEach(ArrayList.java:1596)
	at java.net.http/jdk.internal.net.http.HttpClientImpl$SelectorManager.run(HttpClientImpl.java:1414)

]]></system-err>
  </testcase>
  <testcase name="runScenario[&quot;Signout button&quot;, &quot;Order confirmation Page functionality&quot;](61)" classname="TestNGTestRunner" time="39.954">
    <system-err><![CDATA[Dec 16, 2024 11:39:06 AM org.openqa.selenium.devtools.CdpVersionFinder findNearestMatch
WARNING: Unable to find an exact match for CDP version 130, returning the closest version; found: 127; Please update to a Selenium version that supports CDP version 130
Dec 16, 2024 11:39:43 AM org.openqa.selenium.remote.http.WebSocket$Listener onError
WARNING: Connection reset
java.net.SocketException: Connection reset
	at java.base/sun.nio.ch.SocketChannelImpl.throwConnectionReset(SocketChannelImpl.java:401)
	at java.base/sun.nio.ch.SocketChannelImpl.read(SocketChannelImpl.java:434)
	at java.net.http/jdk.internal.net.http.SocketTube.readAvailable(SocketTube.java:1178)
	at java.net.http/jdk.internal.net.http.SocketTube$InternalReadPublisher$InternalReadSubscription.read(SocketTube.java:841)
	at java.net.http/jdk.internal.net.http.SocketTube$SocketFlowTask.run(SocketTube.java:181)
	at java.net.http/jdk.internal.net.http.common.SequentialScheduler$SchedulableTask.run(SequentialScheduler.java:207)
	at java.net.http/jdk.internal.net.http.common.SequentialScheduler.runOrSchedule(SequentialScheduler.java:280)
	at java.net.http/jdk.internal.net.http.common.SequentialScheduler.runOrSchedule(SequentialScheduler.java:233)
	at java.net.http/jdk.internal.net.http.SocketTube$InternalReadPublisher$InternalReadSubscription.signalReadable(SocketTube.java:782)
	at java.net.http/jdk.internal.net.http.SocketTube$InternalReadPublisher$ReadEvent.signalEvent(SocketTube.java:965)
	at java.net.http/jdk.internal.net.http.SocketTube$SocketFlowEvent.handle(SocketTube.java:253)
	at java.net.http/jdk.internal.net.http.HttpClientImpl$SelectorManager.handleEvent(HttpClientImpl.java:1469)
	at java.net.http/jdk.internal.net.http.HttpClientImpl$SelectorManager.lambda$run$3(HttpClientImpl.java:1414)
	at java.base/java.util.ArrayList.forEach(ArrayList.java:1596)
	at java.net.http/jdk.internal.net.http.HttpClientImpl$SelectorManager.run(HttpClientImpl.java:1414)

]]></system-err>
  </testcase>
  <testcase name="runScenario[&quot;Cart button&quot;, &quot;Order confirmation Page functionality&quot;](62)" classname="TestNGTestRunner" time="40.197">
    <system-err><![CDATA[Dec 16, 2024 11:39:45 AM org.openqa.selenium.devtools.CdpVersionFinder findNearestMatch
WARNING: Unable to find an exact match for CDP version 130, returning the closest version; found: 127; Please update to a Selenium version that supports CDP version 130
Dec 16, 2024 11:40:23 AM org.openqa.selenium.remote.http.WebSocket$Listener onError
WARNING: Connection reset
java.net.SocketException: Connection reset
	at java.base/sun.nio.ch.SocketChannelImpl.throwConnectionReset(SocketChannelImpl.java:401)
	at java.base/sun.nio.ch.SocketChannelImpl.read(SocketChannelImpl.java:434)
	at java.net.http/jdk.internal.net.http.SocketTube.readAvailable(SocketTube.java:1178)
	at java.net.http/jdk.internal.net.http.SocketTube$InternalReadPublisher$InternalReadSubscription.read(SocketTube.java:841)
	at java.net.http/jdk.internal.net.http.SocketTube$SocketFlowTask.run(SocketTube.java:181)
	at java.net.http/jdk.internal.net.http.common.SequentialScheduler$SchedulableTask.run(SequentialScheduler.java:207)
	at java.net.http/jdk.internal.net.http.common.SequentialScheduler.runOrSchedule(SequentialScheduler.java:280)
	at java.net.http/jdk.internal.net.http.common.SequentialScheduler.runOrSchedule(SequentialScheduler.java:233)
	at java.net.http/jdk.internal.net.http.SocketTube$InternalReadPublisher$InternalReadSubscription.signalReadable(SocketTube.java:782)
	at java.net.http/jdk.internal.net.http.SocketTube$InternalReadPublisher$ReadEvent.signalEvent(SocketTube.java:965)
	at java.net.http/jdk.internal.net.http.SocketTube$SocketFlowEvent.handle(SocketTube.java:253)
	at java.net.http/jdk.internal.net.http.HttpClientImpl$SelectorManager.handleEvent(HttpClientImpl.java:1469)
	at java.net.http/jdk.internal.net.http.HttpClientImpl$SelectorManager.lambda$run$3(HttpClientImpl.java:1414)
	at java.base/java.util.ArrayList.forEach(ArrayList.java:1596)
	at java.net.http/jdk.internal.net.http.HttpClientImpl$SelectorManager.run(HttpClientImpl.java:1414)

]]></system-err>
  </testcase>
  <testcase name="runScenario[&quot;Logo&quot;, &quot;Order confirmation Page functionality&quot;](63)" classname="TestNGTestRunner" time="40.246">
    <system-err><![CDATA[Dec 16, 2024 11:40:26 AM org.openqa.selenium.devtools.CdpVersionFinder findNearestMatch
WARNING: Unable to find an exact match for CDP version 130, returning the closest version; found: 127; Please update to a Selenium version that supports CDP version 130
Dec 16, 2024 11:41:03 AM org.openqa.selenium.remote.http.WebSocket$Listener onError
WARNING: Connection reset
java.net.SocketException: Connection reset
	at java.base/sun.nio.ch.SocketChannelImpl.throwConnectionReset(SocketChannelImpl.java:401)
	at java.base/sun.nio.ch.SocketChannelImpl.read(SocketChannelImpl.java:434)
	at java.net.http/jdk.internal.net.http.SocketTube.readAvailable(SocketTube.java:1178)
	at java.net.http/jdk.internal.net.http.SocketTube$InternalReadPublisher$InternalReadSubscription.read(SocketTube.java:841)
	at java.net.http/jdk.internal.net.http.SocketTube$SocketFlowTask.run(SocketTube.java:181)
	at java.net.http/jdk.internal.net.http.common.SequentialScheduler$SchedulableTask.run(SequentialScheduler.java:207)
	at java.net.http/jdk.internal.net.http.common.SequentialScheduler.runOrSchedule(SequentialScheduler.java:280)
	at java.net.http/jdk.internal.net.http.common.SequentialScheduler.runOrSchedule(SequentialScheduler.java:233)
	at java.net.http/jdk.internal.net.http.SocketTube$InternalReadPublisher$InternalReadSubscription.signalReadable(SocketTube.java:782)
	at java.net.http/jdk.internal.net.http.SocketTube$InternalReadPublisher$ReadEvent.signalEvent(SocketTube.java:965)
	at java.net.http/jdk.internal.net.http.SocketTube$SocketFlowEvent.handle(SocketTube.java:253)
	at java.net.http/jdk.internal.net.http.HttpClientImpl$SelectorManager.handleEvent(HttpClientImpl.java:1469)
	at java.net.http/jdk.internal.net.http.HttpClientImpl$SelectorManager.lambda$run$3(HttpClientImpl.java:1414)
	at java.base/java.util.ArrayList.forEach(ArrayList.java:1596)
	at java.net.http/jdk.internal.net.http.HttpClientImpl$SelectorManager.run(HttpClientImpl.java:1414)

]]></system-err>
  </testcase>
  <testcase name="runScenario[&quot;Go back to shopping&quot;, &quot;Order confirmation Page functionality&quot;](64)" classname="TestNGTestRunner" time="46.906">
    <system-err><![CDATA[Dec 16, 2024 11:41:05 AM org.openqa.selenium.devtools.CdpVersionFinder findNearestMatch
WARNING: Unable to find an exact match for CDP version 130, returning the closest version; found: 127; Please update to a Selenium version that supports CDP version 130
Dec 16, 2024 11:41:50 AM org.openqa.selenium.remote.http.WebSocket$Listener onError
WARNING: Connection reset
java.net.SocketException: Connection reset
	at java.base/sun.nio.ch.SocketChannelImpl.throwConnectionReset(SocketChannelImpl.java:401)
	at java.base/sun.nio.ch.SocketChannelImpl.read(SocketChannelImpl.java:434)
	at java.net.http/jdk.internal.net.http.SocketTube.readAvailable(SocketTube.java:1178)
	at java.net.http/jdk.internal.net.http.SocketTube$InternalReadPublisher$InternalReadSubscription.read(SocketTube.java:841)
	at java.net.http/jdk.internal.net.http.SocketTube$SocketFlowTask.run(SocketTube.java:181)
	at java.net.http/jdk.internal.net.http.common.SequentialScheduler$SchedulableTask.run(SequentialScheduler.java:207)
	at java.net.http/jdk.internal.net.http.common.SequentialScheduler.runOrSchedule(SequentialScheduler.java:280)
	at java.net.http/jdk.internal.net.http.common.SequentialScheduler.runOrSchedule(SequentialScheduler.java:233)
	at java.net.http/jdk.internal.net.http.SocketTube$InternalReadPublisher$InternalReadSubscription.signalReadable(SocketTube.java:782)
	at java.net.http/jdk.internal.net.http.SocketTube$InternalReadPublisher$ReadEvent.signalEvent(SocketTube.java:965)
	at java.net.http/jdk.internal.net.http.SocketTube$SocketFlowEvent.handle(SocketTube.java:253)
	at java.net.http/jdk.internal.net.http.HttpClientImpl$SelectorManager.handleEvent(HttpClientImpl.java:1469)
	at java.net.http/jdk.internal.net.http.HttpClientImpl$SelectorManager.lambda$run$3(HttpClientImpl.java:1414)
	at java.base/java.util.ArrayList.forEach(ArrayList.java:1596)
	at java.net.http/jdk.internal.net.http.HttpClientImpl$SelectorManager.run(HttpClientImpl.java:1414)

]]></system-err>
  </testcase>
  <testcase name="runScenario[&quot;Go back to cart&quot;, &quot;Order confirmation Page functionality&quot;](65)" classname="TestNGTestRunner" time="47.783">
    <system-err><![CDATA[Dec 16, 2024 11:41:53 AM org.openqa.selenium.devtools.CdpVersionFinder findNearestMatch
WARNING: Unable to find an exact match for CDP version 130, returning the closest version; found: 127; Please update to a Selenium version that supports CDP version 130
Dec 16, 2024 11:42:38 AM org.openqa.selenium.remote.http.WebSocket$Listener onError
WARNING: Connection reset
java.net.SocketException: Connection reset
	at java.base/sun.nio.ch.SocketChannelImpl.throwConnectionReset(SocketChannelImpl.java:401)
	at java.base/sun.nio.ch.SocketChannelImpl.read(SocketChannelImpl.java:434)
	at java.net.http/jdk.internal.net.http.SocketTube.readAvailable(SocketTube.java:1178)
	at java.net.http/jdk.internal.net.http.SocketTube$InternalReadPublisher$InternalReadSubscription.read(SocketTube.java:841)
	at java.net.http/jdk.internal.net.http.SocketTube$SocketFlowTask.run(SocketTube.java:181)
	at java.net.http/jdk.internal.net.http.common.SequentialScheduler$SchedulableTask.run(SequentialScheduler.java:207)
	at java.net.http/jdk.internal.net.http.common.SequentialScheduler.runOrSchedule(SequentialScheduler.java:280)
	at java.net.http/jdk.internal.net.http.common.SequentialScheduler.runOrSchedule(SequentialScheduler.java:233)
	at java.net.http/jdk.internal.net.http.SocketTube$InternalReadPublisher$InternalReadSubscription.signalReadable(SocketTube.java:782)
	at java.net.http/jdk.internal.net.http.SocketTube$InternalReadPublisher$ReadEvent.signalEvent(SocketTube.java:965)
	at java.net.http/jdk.internal.net.http.SocketTube$SocketFlowEvent.handle(SocketTube.java:253)
	at java.net.http/jdk.internal.net.http.HttpClientImpl$SelectorManager.handleEvent(HttpClientImpl.java:1469)
	at java.net.http/jdk.internal.net.http.HttpClientImpl$SelectorManager.lambda$run$3(HttpClientImpl.java:1414)
	at java.base/java.util.ArrayList.forEach(ArrayList.java:1596)
	at java.net.http/jdk.internal.net.http.HttpClientImpl$SelectorManager.run(HttpClientImpl.java:1414)

]]></system-err>
  </testcase>
  <testcase name="runScenario[&quot;No orders&quot;, &quot;Order confirmation Page functionality&quot;](66)" classname="TestNGTestRunner" time="13.253">
    <failure message="no such element: Unable to locate element: {&quot;method&quot;:&quot;css selector&quot;,&quot;selector&quot;:&quot;button[routerlink*=&apos;myorders&apos;]&quot;}&#10;  (Session info: chrome=130.0.6723.70)&#10;For documentation on this error, please visit: https://www.selenium.dev/documentation/webdriver/troubleshooting/errors#no-such-element-exception&#10;Build info: version: &apos;4.23.0&apos;, revision: &apos;4df0a231af&apos;&#10;System info: os.name: &apos;Windows 11&apos;, os.arch: &apos;amd64&apos;, os.version: &apos;10.0&apos;, java.version: &apos;21.0.5&apos;&#10;Driver info: org.openqa.selenium.chrome.ChromeDriver&#10;Command: [a4aa70ea92cad751f225b67853f35dff, findElement {using=css selector, value=button[routerlink*=&apos;myorders&apos;]}]&#10;Capabilities {acceptInsecureCerts: false, browserName: chrome, browserVersion: 130.0.6723.70, chrome: {chromedriverVersion: 130.0.6723.116 (6ac35f94ae3..., userDataDir: C:\Users\santh\AppData\Loca...}, fedcm:accounts: true, goog:chromeOptions: {debuggerAddress: localhost:61084}, networkConnectionEnabled: false, pageLoadStrategy: normal, platformName: windows, proxy: Proxy(), se:cdp: ws://localhost:61084/devtoo..., se:cdpVersion: 130.0.6723.70, setWindowRect: true, strictFileInteractability: false, timeouts: {implicit: 0, pageLoad: 300000, script: 30000}, unhandledPromptBehavior: dismiss and notify, webauthn:extension:credBlob: true, webauthn:extension:largeBlob: true, webauthn:extension:minPinLength: true, webauthn:extension:prf: true, webauthn:virtualAuthenticators: true}&#10;Session ID: a4aa70ea92cad751f225b67853f35dff" type="org.openqa.selenium.NoSuchElementException"><![CDATA[org.openqa.selenium.NoSuchElementException: 
no such element: Unable to locate element: {"method":"css selector","selector":"button[routerlink*='myorders']"}
  (Session info: chrome=130.0.6723.70)
For documentation on this error, please visit: https://www.selenium.dev/documentation/webdriver/troubleshooting/errors#no-such-element-exception
Build info: version: '4.23.0', revision: '4df0a231af'
System info: os.name: 'Windows 11', os.arch: 'amd64', os.version: '10.0', java.version: '21.0.5'
Driver info: org.openqa.selenium.chrome.ChromeDriver
Command: [a4aa70ea92cad751f225b67853f35dff, findElement {using=css selector, value=button[routerlink*='myorders']}]
Capabilities {acceptInsecureCerts: false, browserName: chrome, browserVersion: 130.0.6723.70, chrome: {chromedriverVersion: 130.0.6723.116 (6ac35f94ae3..., userDataDir: C:\Users\santh\AppData\Loca...}, fedcm:accounts: true, goog:chromeOptions: {debuggerAddress: localhost:61084}, networkConnectionEnabled: false, pageLoadStrategy: normal, platformName: windows, proxy: Proxy(), se:cdp: ws://localhost:61084/devtoo..., se:cdpVersion: 130.0.6723.70, setWindowRect: true, strictFileInteractability: false, timeouts: {implicit: 0, pageLoad: 300000, script: 30000}, unhandledPromptBehavior: dismiss and notify, webauthn:extension:credBlob: true, webauthn:extension:largeBlob: true, webauthn:extension:minPinLength: true, webauthn:extension:prf: true, webauthn:virtualAuthenticators: true}
Session ID: a4aa70ea92cad751f225b67853f35dff
	at java.base/jdk.internal.reflect.DirectConstructorHandleAccessor.newInstance(DirectConstructorHandleAccessor.java:62)
	at java.base/java.lang.reflect.Constructor.newInstanceWithCaller(Constructor.java:502)
	at java.base/java.lang.reflect.Constructor.newInstance(Constructor.java:486)
	at org.openqa.selenium.remote.ErrorCodec.decode(ErrorCodec.java:167)
	at org.openqa.selenium.remote.codec.w3c.W3CHttpResponseCodec.decode(W3CHttpResponseCodec.java:138)
	at org.openqa.selenium.remote.codec.w3c.W3CHttpResponseCodec.decode(W3CHttpResponseCodec.java:50)
	at org.openqa.selenium.remote.HttpCommandExecutor.execute(HttpCommandExecutor.java:190)
	at org.openqa.selenium.remote.service.DriverCommandExecutor.invokeExecute(DriverCommandExecutor.java:216)
	at org.openqa.selenium.remote.service.DriverCommandExecutor.execute(DriverCommandExecutor.java:174)
	at org.openqa.selenium.remote.RemoteWebDriver.execute(RemoteWebDriver.java:527)
	at org.openqa.selenium.remote.ElementLocation$ElementFinder$2.findElement(ElementLocation.java:165)
	at org.openqa.selenium.remote.ElementLocation.findElement(ElementLocation.java:59)
	at org.openqa.selenium.remote.RemoteWebDriver.findElement(RemoteWebDriver.java:357)
	at org.openqa.selenium.remote.RemoteWebDriver.findElement(RemoteWebDriver.java:351)
	at org.openqa.selenium.support.pagefactory.DefaultElementLocator.findElement(DefaultElementLocator.java:68)
	at org.openqa.selenium.support.pagefactory.internal.LocatingElementHandler.invoke(LocatingElementHandler.java:38)
	at jdk.proxy2/jdk.proxy2.$Proxy19.click(Unknown Source)
	at PageObjects.ProductsPage.gotoMyOrders(ProductsPage.java:118)
	at StepDefinitions.OrdersPage.FunctionalityStepDefImpl.userLandedOnECommerecePageOrdersPageWithNoOrders(FunctionalityStepDefImpl.java:170)
	at ✽.User landed on ECommerece page orders page with no orders(file:///C:/Users/santh/Desktop/Ecommerce%20Automation/Selenium/EcommercePractise/src/test/java/FeatureFiles/OrdersPage/Functionality.feature:47)
]]></failure>
    <system-err><![CDATA[Dec 16, 2024 11:42:41 AM org.openqa.selenium.devtools.CdpVersionFinder findNearestMatch
WARNING: Unable to find an exact match for CDP version 130, returning the closest version; found: 127; Please update to a Selenium version that supports CDP version 130
Dec 16, 2024 11:42:51 AM org.openqa.selenium.remote.http.WebSocket$Listener onError
WARNING: Connection reset
java.net.SocketException: Connection reset
	at java.base/sun.nio.ch.SocketChannelImpl.throwConnectionReset(SocketChannelImpl.java:401)
	at java.base/sun.nio.ch.SocketChannelImpl.read(SocketChannelImpl.java:434)
	at java.net.http/jdk.internal.net.http.SocketTube.readAvailable(SocketTube.java:1178)
	at java.net.http/jdk.internal.net.http.SocketTube$InternalReadPublisher$InternalReadSubscription.read(SocketTube.java:841)
	at java.net.http/jdk.internal.net.http.SocketTube$SocketFlowTask.run(SocketTube.java:181)
	at java.net.http/jdk.internal.net.http.common.SequentialScheduler$SchedulableTask.run(SequentialScheduler.java:207)
	at java.net.http/jdk.internal.net.http.common.SequentialScheduler.runOrSchedule(SequentialScheduler.java:280)
	at java.net.http/jdk.internal.net.http.common.SequentialScheduler.runOrSchedule(SequentialScheduler.java:233)
	at java.net.http/jdk.internal.net.http.SocketTube$InternalReadPublisher$InternalReadSubscription.signalReadable(SocketTube.java:782)
	at java.net.http/jdk.internal.net.http.SocketTube$InternalReadPublisher$ReadEvent.signalEvent(SocketTube.java:965)
	at java.net.http/jdk.internal.net.http.SocketTube$SocketFlowEvent.handle(SocketTube.java:253)
	at java.net.http/jdk.internal.net.http.HttpClientImpl$SelectorManager.handleEvent(HttpClientImpl.java:1469)
	at java.net.http/jdk.internal.net.http.HttpClientImpl$SelectorManager.lambda$run$3(HttpClientImpl.java:1414)
	at java.base/java.util.ArrayList.forEach(ArrayList.java:1596)
	at java.net.http/jdk.internal.net.http.HttpClientImpl$SelectorManager.run(HttpClientImpl.java:1414)

]]></system-err>
  </testcase>
  <testcase name="runScenario[&quot;Orders are displayed&quot;, &quot;Order confirmation Page functionality&quot;](67)" classname="TestNGTestRunner" time="40.354">
    <system-err><![CDATA[Dec 16, 2024 11:42:54 AM org.openqa.selenium.devtools.CdpVersionFinder findNearestMatch
WARNING: Unable to find an exact match for CDP version 130, returning the closest version; found: 127; Please update to a Selenium version that supports CDP version 130
Dec 16, 2024 11:43:32 AM org.openqa.selenium.remote.http.WebSocket$Listener onError
WARNING: Connection reset
java.net.SocketException: Connection reset
	at java.base/sun.nio.ch.SocketChannelImpl.throwConnectionReset(SocketChannelImpl.java:401)
	at java.base/sun.nio.ch.SocketChannelImpl.read(SocketChannelImpl.java:434)
	at java.net.http/jdk.internal.net.http.SocketTube.readAvailable(SocketTube.java:1178)
	at java.net.http/jdk.internal.net.http.SocketTube$InternalReadPublisher$InternalReadSubscription.read(SocketTube.java:841)
	at java.net.http/jdk.internal.net.http.SocketTube$SocketFlowTask.run(SocketTube.java:181)
	at java.net.http/jdk.internal.net.http.common.SequentialScheduler$SchedulableTask.run(SequentialScheduler.java:207)
	at java.net.http/jdk.internal.net.http.common.SequentialScheduler.runOrSchedule(SequentialScheduler.java:280)
	at java.net.http/jdk.internal.net.http.common.SequentialScheduler.runOrSchedule(SequentialScheduler.java:233)
	at java.net.http/jdk.internal.net.http.SocketTube$InternalReadPublisher$InternalReadSubscription.signalReadable(SocketTube.java:782)
	at java.net.http/jdk.internal.net.http.SocketTube$InternalReadPublisher$ReadEvent.signalEvent(SocketTube.java:965)
	at java.net.http/jdk.internal.net.http.SocketTube$SocketFlowEvent.handle(SocketTube.java:253)
	at java.net.http/jdk.internal.net.http.HttpClientImpl$SelectorManager.handleEvent(HttpClientImpl.java:1469)
	at java.net.http/jdk.internal.net.http.HttpClientImpl$SelectorManager.lambda$run$3(HttpClientImpl.java:1414)
	at java.base/java.util.ArrayList.forEach(ArrayList.java:1596)
	at java.net.http/jdk.internal.net.http.HttpClientImpl$SelectorManager.run(HttpClientImpl.java:1414)

]]></system-err>
  </testcase>
  <testcase name="runScenario[&quot;Delete order&quot;, &quot;Order confirmation Page functionality&quot;](68)" classname="TestNGTestRunner" time="54.272">
    <system-err><![CDATA[Dec 16, 2024 11:43:34 AM org.openqa.selenium.devtools.CdpVersionFinder findNearestMatch
WARNING: Unable to find an exact match for CDP version 130, returning the closest version; found: 127; Please update to a Selenium version that supports CDP version 130
Dec 16, 2024 11:44:26 AM org.openqa.selenium.remote.http.WebSocket$Listener onError
WARNING: Connection reset
java.net.SocketException: Connection reset
	at java.base/sun.nio.ch.SocketChannelImpl.throwConnectionReset(SocketChannelImpl.java:401)
	at java.base/sun.nio.ch.SocketChannelImpl.read(SocketChannelImpl.java:434)
	at java.net.http/jdk.internal.net.http.SocketTube.readAvailable(SocketTube.java:1178)
	at java.net.http/jdk.internal.net.http.SocketTube$InternalReadPublisher$InternalReadSubscription.read(SocketTube.java:841)
	at java.net.http/jdk.internal.net.http.SocketTube$SocketFlowTask.run(SocketTube.java:181)
	at java.net.http/jdk.internal.net.http.common.SequentialScheduler$SchedulableTask.run(SequentialScheduler.java:207)
	at java.net.http/jdk.internal.net.http.common.SequentialScheduler.runOrSchedule(SequentialScheduler.java:280)
	at java.net.http/jdk.internal.net.http.common.SequentialScheduler.runOrSchedule(SequentialScheduler.java:233)
	at java.net.http/jdk.internal.net.http.SocketTube$InternalReadPublisher$InternalReadSubscription.signalReadable(SocketTube.java:782)
	at java.net.http/jdk.internal.net.http.SocketTube$InternalReadPublisher$ReadEvent.signalEvent(SocketTube.java:965)
	at java.net.http/jdk.internal.net.http.SocketTube$SocketFlowEvent.handle(SocketTube.java:253)
	at java.net.http/jdk.internal.net.http.HttpClientImpl$SelectorManager.handleEvent(HttpClientImpl.java:1469)
	at java.net.http/jdk.internal.net.http.HttpClientImpl$SelectorManager.lambda$run$3(HttpClientImpl.java:1414)
	at java.base/java.util.ArrayList.forEach(ArrayList.java:1596)
	at java.net.http/jdk.internal.net.http.HttpClientImpl$SelectorManager.run(HttpClientImpl.java:1414)

]]></system-err>
  </testcase>
  <testcase name="runScenario[&quot;View order&quot;, &quot;Order confirmation Page functionality&quot;](69)" classname="TestNGTestRunner" time="23.071">
    <failure message="element click intercepted: Element &lt;button _ngcontent-paw-c34=&quot;&quot; class=&quot;btn w-10 rounded&quot; style=&quot;float: right;&quot;&gt;...&lt;/button&gt; is not clickable at point (1062, 443). Other element would receive the click: &lt;div _ngcontent-paw-c31=&quot;&quot; class=&quot;ngx-spinner-overlay ng-tns-c31-1 ng-trigger ng-trigger-fadeIn ng-star-inserted ng-animating&quot; style=&quot;background-color: rgba(51, 51, 51, 0.8); z-index: 99999; position: fixed;&quot;&gt;...&lt;/div&gt;&#10;  (Session info: chrome=130.0.6723.70)&#10;Build info: version: &apos;4.23.0&apos;, revision: &apos;4df0a231af&apos;&#10;System info: os.name: &apos;Windows 11&apos;, os.arch: &apos;amd64&apos;, os.version: &apos;10.0&apos;, java.version: &apos;21.0.5&apos;&#10;Driver info: org.openqa.selenium.chrome.ChromeDriver&#10;Command: [556c1577452d2fae78622038b2ea7f58, clickElement {id=f.4EB67D20353F1F63B0C92F62620DF2D1.d.A8BB64927AEE7F273B7FEA780E395869.e.79}]&#10;Capabilities {acceptInsecureCerts: false, browserName: chrome, browserVersion: 130.0.6723.70, chrome: {chromedriverVersion: 130.0.6723.116 (6ac35f94ae3..., userDataDir: C:\Users\santh\AppData\Loca...}, fedcm:accounts: true, goog:chromeOptions: {debuggerAddress: localhost:61241}, networkConnectionEnabled: false, pageLoadStrategy: normal, platformName: windows, proxy: Proxy(), se:cdp: ws://localhost:61241/devtoo..., se:cdpVersion: 130.0.6723.70, setWindowRect: true, strictFileInteractability: false, timeouts: {implicit: 0, pageLoad: 300000, script: 30000}, unhandledPromptBehavior: dismiss and notify, webauthn:extension:credBlob: true, webauthn:extension:largeBlob: true, webauthn:extension:minPinLength: true, webauthn:extension:prf: true, webauthn:virtualAuthenticators: true}&#10;Element: [[[[ChromeDriver: chrome on windows (556c1577452d2fae78622038b2ea7f58)] -&gt; class name: card]] -&gt; css selector: .card-body button:last-of-type]&#10;Session ID: 556c1577452d2fae78622038b2ea7f58" type="org.openqa.selenium.ElementClickInterceptedException"><![CDATA[org.openqa.selenium.ElementClickInterceptedException: 
element click intercepted: Element <button _ngcontent-paw-c34="" class="btn w-10 rounded" style="float: right;">...</button> is not clickable at point (1062, 443). Other element would receive the click: <div _ngcontent-paw-c31="" class="ngx-spinner-overlay ng-tns-c31-1 ng-trigger ng-trigger-fadeIn ng-star-inserted ng-animating" style="background-color: rgba(51, 51, 51, 0.8); z-index: 99999; position: fixed;">...</div>
  (Session info: chrome=130.0.6723.70)
Build info: version: '4.23.0', revision: '4df0a231af'
System info: os.name: 'Windows 11', os.arch: 'amd64', os.version: '10.0', java.version: '21.0.5'
Driver info: org.openqa.selenium.chrome.ChromeDriver
Command: [556c1577452d2fae78622038b2ea7f58, clickElement {id=f.4EB67D20353F1F63B0C92F62620DF2D1.d.A8BB64927AEE7F273B7FEA780E395869.e.79}]
Capabilities {acceptInsecureCerts: false, browserName: chrome, browserVersion: 130.0.6723.70, chrome: {chromedriverVersion: 130.0.6723.116 (6ac35f94ae3..., userDataDir: C:\Users\santh\AppData\Loca...}, fedcm:accounts: true, goog:chromeOptions: {debuggerAddress: localhost:61241}, networkConnectionEnabled: false, pageLoadStrategy: normal, platformName: windows, proxy: Proxy(), se:cdp: ws://localhost:61241/devtoo..., se:cdpVersion: 130.0.6723.70, setWindowRect: true, strictFileInteractability: false, timeouts: {implicit: 0, pageLoad: 300000, script: 30000}, unhandledPromptBehavior: dismiss and notify, webauthn:extension:credBlob: true, webauthn:extension:largeBlob: true, webauthn:extension:minPinLength: true, webauthn:extension:prf: true, webauthn:virtualAuthenticators: true}
Element: [[[[ChromeDriver: chrome on windows (556c1577452d2fae78622038b2ea7f58)] -> class name: card]] -> css selector: .card-body button:last-of-type]
Session ID: 556c1577452d2fae78622038b2ea7f58
	at java.base/jdk.internal.reflect.DirectConstructorHandleAccessor.newInstance(DirectConstructorHandleAccessor.java:62)
	at java.base/java.lang.reflect.Constructor.newInstanceWithCaller(Constructor.java:502)
	at java.base/java.lang.reflect.Constructor.newInstance(Constructor.java:486)
	at org.openqa.selenium.remote.ErrorCodec.decode(ErrorCodec.java:167)
	at org.openqa.selenium.remote.codec.w3c.W3CHttpResponseCodec.decode(W3CHttpResponseCodec.java:138)
	at org.openqa.selenium.remote.codec.w3c.W3CHttpResponseCodec.decode(W3CHttpResponseCodec.java:50)
	at org.openqa.selenium.remote.HttpCommandExecutor.execute(HttpCommandExecutor.java:190)
	at org.openqa.selenium.remote.service.DriverCommandExecutor.invokeExecute(DriverCommandExecutor.java:216)
	at org.openqa.selenium.remote.service.DriverCommandExecutor.execute(DriverCommandExecutor.java:174)
	at org.openqa.selenium.remote.RemoteWebDriver.execute(RemoteWebDriver.java:527)
	at org.openqa.selenium.remote.RemoteWebElement.execute(RemoteWebElement.java:223)
	at org.openqa.selenium.remote.RemoteWebElement.click(RemoteWebElement.java:76)
	at PageObjects.ProductsPage.addProductToCart(ProductsPage.java:91)
	at StepDefinitions.OrdersPage.FunctionalityStepDefImpl.userLandedOnECommerecePageOrdersPage(FunctionalityStepDefImpl.java:69)
	at ✽.User landed on ECommerece page orders page(file:///C:/Users/santh/Desktop/Ecommerce%20Automation/Selenium/EcommercePractise/src/test/java/FeatureFiles/OrdersPage/Functionality.feature:62)
]]></failure>
    <system-err><![CDATA[Dec 16, 2024 11:44:29 AM org.openqa.selenium.devtools.CdpVersionFinder findNearestMatch
WARNING: Unable to find an exact match for CDP version 130, returning the closest version; found: 127; Please update to a Selenium version that supports CDP version 130
Dec 16, 2024 11:44:49 AM org.openqa.selenium.remote.http.WebSocket$Listener onError
WARNING: Connection reset
java.net.SocketException: Connection reset
	at java.base/sun.nio.ch.SocketChannelImpl.throwConnectionReset(SocketChannelImpl.java:401)
	at java.base/sun.nio.ch.SocketChannelImpl.read(SocketChannelImpl.java:434)
	at java.net.http/jdk.internal.net.http.SocketTube.readAvailable(SocketTube.java:1178)
	at java.net.http/jdk.internal.net.http.SocketTube$InternalReadPublisher$InternalReadSubscription.read(SocketTube.java:841)
	at java.net.http/jdk.internal.net.http.SocketTube$SocketFlowTask.run(SocketTube.java:181)
	at java.net.http/jdk.internal.net.http.common.SequentialScheduler$SchedulableTask.run(SequentialScheduler.java:207)
	at java.net.http/jdk.internal.net.http.common.SequentialScheduler.runOrSchedule(SequentialScheduler.java:280)
	at java.net.http/jdk.internal.net.http.common.SequentialScheduler.runOrSchedule(SequentialScheduler.java:233)
	at java.net.http/jdk.internal.net.http.SocketTube$InternalReadPublisher$InternalReadSubscription.signalReadable(SocketTube.java:782)
	at java.net.http/jdk.internal.net.http.SocketTube$InternalReadPublisher$ReadEvent.signalEvent(SocketTube.java:965)
	at java.net.http/jdk.internal.net.http.SocketTube$SocketFlowEvent.handle(SocketTube.java:253)
	at java.net.http/jdk.internal.net.http.HttpClientImpl$SelectorManager.handleEvent(HttpClientImpl.java:1469)
	at java.net.http/jdk.internal.net.http.HttpClientImpl$SelectorManager.lambda$run$3(HttpClientImpl.java:1414)
	at java.base/java.util.ArrayList.forEach(ArrayList.java:1596)
	at java.net.http/jdk.internal.net.http.HttpClientImpl$SelectorManager.run(HttpClientImpl.java:1414)

]]></system-err>
  </testcase>
  <testcase name="runScenario[&quot;Logo button is working&quot;, &quot;Product page functionality&quot;](70)" classname="TestNGTestRunner" time="8.665">
    <system-err><![CDATA[Dec 16, 2024 11:44:52 AM org.openqa.selenium.devtools.CdpVersionFinder findNearestMatch
WARNING: Unable to find an exact match for CDP version 130, returning the closest version; found: 127; Please update to a Selenium version that supports CDP version 130
Dec 16, 2024 11:44:58 AM org.openqa.selenium.remote.http.WebSocket$Listener onError
WARNING: Connection reset
java.net.SocketException: Connection reset
	at java.base/sun.nio.ch.SocketChannelImpl.throwConnectionReset(SocketChannelImpl.java:401)
	at java.base/sun.nio.ch.SocketChannelImpl.read(SocketChannelImpl.java:434)
	at java.net.http/jdk.internal.net.http.SocketTube.readAvailable(SocketTube.java:1178)
	at java.net.http/jdk.internal.net.http.SocketTube$InternalReadPublisher$InternalReadSubscription.read(SocketTube.java:841)
	at java.net.http/jdk.internal.net.http.SocketTube$SocketFlowTask.run(SocketTube.java:181)
	at java.net.http/jdk.internal.net.http.common.SequentialScheduler$SchedulableTask.run(SequentialScheduler.java:207)
	at java.net.http/jdk.internal.net.http.common.SequentialScheduler.runOrSchedule(SequentialScheduler.java:280)
	at java.net.http/jdk.internal.net.http.common.SequentialScheduler.runOrSchedule(SequentialScheduler.java:233)
	at java.net.http/jdk.internal.net.http.SocketTube$InternalReadPublisher$InternalReadSubscription.signalReadable(SocketTube.java:782)
	at java.net.http/jdk.internal.net.http.SocketTube$InternalReadPublisher$ReadEvent.signalEvent(SocketTube.java:965)
	at java.net.http/jdk.internal.net.http.SocketTube$SocketFlowEvent.handle(SocketTube.java:253)
	at java.net.http/jdk.internal.net.http.HttpClientImpl$SelectorManager.handleEvent(HttpClientImpl.java:1469)
	at java.net.http/jdk.internal.net.http.HttpClientImpl$SelectorManager.lambda$run$3(HttpClientImpl.java:1414)
	at java.base/java.util.ArrayList.forEach(ArrayList.java:1596)
	at java.net.http/jdk.internal.net.http.HttpClientImpl$SelectorManager.run(HttpClientImpl.java:1414)

]]></system-err>
  </testcase>
  <testcase name="runScenario[&quot;Cart button&quot;, &quot;Product page functionality&quot;](71)" classname="TestNGTestRunner" time="7.701">
    <system-err><![CDATA[Dec 16, 2024 11:44:59 AM org.openqa.selenium.devtools.CdpVersionFinder findNearestMatch
WARNING: Unable to find an exact match for CDP version 130, returning the closest version; found: 127; Please update to a Selenium version that supports CDP version 130
Dec 16, 2024 11:45:05 AM org.openqa.selenium.remote.http.WebSocket$Listener onError
WARNING: Connection reset
java.net.SocketException: Connection reset
	at java.base/sun.nio.ch.SocketChannelImpl.throwConnectionReset(SocketChannelImpl.java:401)
	at java.base/sun.nio.ch.SocketChannelImpl.read(SocketChannelImpl.java:434)
	at java.net.http/jdk.internal.net.http.SocketTube.readAvailable(SocketTube.java:1178)
	at java.net.http/jdk.internal.net.http.SocketTube$InternalReadPublisher$InternalReadSubscription.read(SocketTube.java:841)
	at java.net.http/jdk.internal.net.http.SocketTube$SocketFlowTask.run(SocketTube.java:181)
	at java.net.http/jdk.internal.net.http.common.SequentialScheduler$SchedulableTask.run(SequentialScheduler.java:207)
	at java.net.http/jdk.internal.net.http.common.SequentialScheduler.runOrSchedule(SequentialScheduler.java:280)
	at java.net.http/jdk.internal.net.http.common.SequentialScheduler.runOrSchedule(SequentialScheduler.java:233)
	at java.net.http/jdk.internal.net.http.SocketTube$InternalReadPublisher$InternalReadSubscription.signalReadable(SocketTube.java:782)
	at java.net.http/jdk.internal.net.http.SocketTube$InternalReadPublisher$ReadEvent.signalEvent(SocketTube.java:965)
	at java.net.http/jdk.internal.net.http.SocketTube$SocketFlowEvent.handle(SocketTube.java:253)
	at java.net.http/jdk.internal.net.http.HttpClientImpl$SelectorManager.handleEvent(HttpClientImpl.java:1469)
	at java.net.http/jdk.internal.net.http.HttpClientImpl$SelectorManager.lambda$run$3(HttpClientImpl.java:1414)
	at java.base/java.util.ArrayList.forEach(ArrayList.java:1596)
	at java.net.http/jdk.internal.net.http.HttpClientImpl$SelectorManager.run(HttpClientImpl.java:1414)

]]></system-err>
  </testcase>
  <testcase name="runScenario[&quot;Home button&quot;, &quot;Product page functionality&quot;](72)" classname="TestNGTestRunner" time="7.475">
    <system-err><![CDATA[Dec 16, 2024 11:45:07 AM org.openqa.selenium.devtools.CdpVersionFinder findNearestMatch
WARNING: Unable to find an exact match for CDP version 130, returning the closest version; found: 127; Please update to a Selenium version that supports CDP version 130
Dec 16, 2024 11:45:13 AM org.openqa.selenium.remote.http.WebSocket$Listener onError
WARNING: Connection reset
java.net.SocketException: Connection reset
	at java.base/sun.nio.ch.SocketChannelImpl.throwConnectionReset(SocketChannelImpl.java:401)
	at java.base/sun.nio.ch.SocketChannelImpl.read(SocketChannelImpl.java:434)
	at java.net.http/jdk.internal.net.http.SocketTube.readAvailable(SocketTube.java:1178)
	at java.net.http/jdk.internal.net.http.SocketTube$InternalReadPublisher$InternalReadSubscription.read(SocketTube.java:841)
	at java.net.http/jdk.internal.net.http.SocketTube$SocketFlowTask.run(SocketTube.java:181)
	at java.net.http/jdk.internal.net.http.common.SequentialScheduler$SchedulableTask.run(SequentialScheduler.java:207)
	at java.net.http/jdk.internal.net.http.common.SequentialScheduler.runOrSchedule(SequentialScheduler.java:280)
	at java.net.http/jdk.internal.net.http.common.SequentialScheduler.runOrSchedule(SequentialScheduler.java:233)
	at java.net.http/jdk.internal.net.http.SocketTube$InternalReadPublisher$InternalReadSubscription.signalReadable(SocketTube.java:782)
	at java.net.http/jdk.internal.net.http.SocketTube$InternalReadPublisher$ReadEvent.signalEvent(SocketTube.java:965)
	at java.net.http/jdk.internal.net.http.SocketTube$SocketFlowEvent.handle(SocketTube.java:253)
	at java.net.http/jdk.internal.net.http.HttpClientImpl$SelectorManager.handleEvent(HttpClientImpl.java:1469)
	at java.net.http/jdk.internal.net.http.HttpClientImpl$SelectorManager.lambda$run$3(HttpClientImpl.java:1414)
	at java.base/java.util.ArrayList.forEach(ArrayList.java:1596)
	at java.net.http/jdk.internal.net.http.HttpClientImpl$SelectorManager.run(HttpClientImpl.java:1414)

]]></system-err>
  </testcase>
  <testcase name="runScenario[&quot;Orders button&quot;, &quot;Product page functionality&quot;](73)" classname="TestNGTestRunner" time="10.633">
    <system-err><![CDATA[Dec 16, 2024 11:45:15 AM org.openqa.selenium.devtools.CdpVersionFinder findNearestMatch
WARNING: Unable to find an exact match for CDP version 130, returning the closest version; found: 127; Please update to a Selenium version that supports CDP version 130
Dec 16, 2024 11:45:24 AM org.openqa.selenium.remote.http.WebSocket$Listener onError
WARNING: Connection reset
java.net.SocketException: Connection reset
	at java.base/sun.nio.ch.SocketChannelImpl.throwConnectionReset(SocketChannelImpl.java:401)
	at java.base/sun.nio.ch.SocketChannelImpl.read(SocketChannelImpl.java:434)
	at java.net.http/jdk.internal.net.http.SocketTube.readAvailable(SocketTube.java:1178)
	at java.net.http/jdk.internal.net.http.SocketTube$InternalReadPublisher$InternalReadSubscription.read(SocketTube.java:841)
	at java.net.http/jdk.internal.net.http.SocketTube$SocketFlowTask.run(SocketTube.java:181)
	at java.net.http/jdk.internal.net.http.common.SequentialScheduler$SchedulableTask.run(SequentialScheduler.java:207)
	at java.net.http/jdk.internal.net.http.common.SequentialScheduler.runOrSchedule(SequentialScheduler.java:280)
	at java.net.http/jdk.internal.net.http.common.SequentialScheduler.runOrSchedule(SequentialScheduler.java:233)
	at java.net.http/jdk.internal.net.http.SocketTube$InternalReadPublisher$InternalReadSubscription.signalReadable(SocketTube.java:782)
	at java.net.http/jdk.internal.net.http.SocketTube$InternalReadPublisher$ReadEvent.signalEvent(SocketTube.java:965)
	at java.net.http/jdk.internal.net.http.SocketTube$SocketFlowEvent.handle(SocketTube.java:253)
	at java.net.http/jdk.internal.net.http.HttpClientImpl$SelectorManager.handleEvent(HttpClientImpl.java:1469)
	at java.net.http/jdk.internal.net.http.HttpClientImpl$SelectorManager.lambda$run$3(HttpClientImpl.java:1414)
	at java.base/java.util.ArrayList.forEach(ArrayList.java:1596)
	at java.net.http/jdk.internal.net.http.HttpClientImpl$SelectorManager.run(HttpClientImpl.java:1414)

]]></system-err>
  </testcase>
  <testcase name="runScenario[&quot;SignOut&quot;, &quot;Product page functionality&quot;](74)" classname="TestNGTestRunner" time="9.017">
    <system-err><![CDATA[Dec 16, 2024 11:45:26 AM org.openqa.selenium.devtools.CdpVersionFinder findNearestMatch
WARNING: Unable to find an exact match for CDP version 130, returning the closest version; found: 127; Please update to a Selenium version that supports CDP version 130
Dec 16, 2024 11:45:33 AM org.openqa.selenium.remote.http.WebSocket$Listener onError
WARNING: Connection reset
java.net.SocketException: Connection reset
	at java.base/sun.nio.ch.SocketChannelImpl.throwConnectionReset(SocketChannelImpl.java:401)
	at java.base/sun.nio.ch.SocketChannelImpl.read(SocketChannelImpl.java:434)
	at java.net.http/jdk.internal.net.http.SocketTube.readAvailable(SocketTube.java:1178)
	at java.net.http/jdk.internal.net.http.SocketTube$InternalReadPublisher$InternalReadSubscription.read(SocketTube.java:841)
	at java.net.http/jdk.internal.net.http.SocketTube$SocketFlowTask.run(SocketTube.java:181)
	at java.net.http/jdk.internal.net.http.common.SequentialScheduler$SchedulableTask.run(SequentialScheduler.java:207)
	at java.net.http/jdk.internal.net.http.common.SequentialScheduler.runOrSchedule(SequentialScheduler.java:280)
	at java.net.http/jdk.internal.net.http.common.SequentialScheduler.runOrSchedule(SequentialScheduler.java:233)
	at java.net.http/jdk.internal.net.http.SocketTube$InternalReadPublisher$InternalReadSubscription.signalReadable(SocketTube.java:782)
	at java.net.http/jdk.internal.net.http.SocketTube$InternalReadPublisher$ReadEvent.signalEvent(SocketTube.java:965)
	at java.net.http/jdk.internal.net.http.SocketTube$SocketFlowEvent.handle(SocketTube.java:253)
	at java.net.http/jdk.internal.net.http.HttpClientImpl$SelectorManager.handleEvent(HttpClientImpl.java:1469)
	at java.net.http/jdk.internal.net.http.HttpClientImpl$SelectorManager.lambda$run$3(HttpClientImpl.java:1414)
	at java.base/java.util.ArrayList.forEach(ArrayList.java:1596)
	at java.net.http/jdk.internal.net.http.HttpClientImpl$SelectorManager.run(HttpClientImpl.java:1414)

]]></system-err>
  </testcase>
  <testcase name="runScenario[&quot;Continue shopping&quot;, &quot;Product page functionality&quot;](75)" classname="TestNGTestRunner" time="17.947">
    <system-err><![CDATA[Dec 16, 2024 11:45:35 AM org.openqa.selenium.devtools.CdpVersionFinder findNearestMatch
WARNING: Unable to find an exact match for CDP version 130, returning the closest version; found: 127; Please update to a Selenium version that supports CDP version 130
Dec 16, 2024 11:45:50 AM org.openqa.selenium.remote.http.WebSocket$Listener onError
WARNING: Connection reset
java.net.SocketException: Connection reset
	at java.base/sun.nio.ch.SocketChannelImpl.throwConnectionReset(SocketChannelImpl.java:401)
	at java.base/sun.nio.ch.SocketChannelImpl.read(SocketChannelImpl.java:434)
	at java.net.http/jdk.internal.net.http.SocketTube.readAvailable(SocketTube.java:1178)
	at java.net.http/jdk.internal.net.http.SocketTube$InternalReadPublisher$InternalReadSubscription.read(SocketTube.java:841)
	at java.net.http/jdk.internal.net.http.SocketTube$SocketFlowTask.run(SocketTube.java:181)
	at java.net.http/jdk.internal.net.http.common.SequentialScheduler$SchedulableTask.run(SequentialScheduler.java:207)
	at java.net.http/jdk.internal.net.http.common.SequentialScheduler.runOrSchedule(SequentialScheduler.java:280)
	at java.net.http/jdk.internal.net.http.common.SequentialScheduler.runOrSchedule(SequentialScheduler.java:233)
	at java.net.http/jdk.internal.net.http.SocketTube$InternalReadPublisher$InternalReadSubscription.signalReadable(SocketTube.java:782)
	at java.net.http/jdk.internal.net.http.SocketTube$InternalReadPublisher$ReadEvent.signalEvent(SocketTube.java:965)
	at java.net.http/jdk.internal.net.http.SocketTube$SocketFlowEvent.handle(SocketTube.java:253)
	at java.net.http/jdk.internal.net.http.HttpClientImpl$SelectorManager.handleEvent(HttpClientImpl.java:1469)
	at java.net.http/jdk.internal.net.http.HttpClientImpl$SelectorManager.lambda$run$3(HttpClientImpl.java:1414)
	at java.base/java.util.ArrayList.forEach(ArrayList.java:1596)
	at java.net.http/jdk.internal.net.http.HttpClientImpl$SelectorManager.run(HttpClientImpl.java:1414)

]]></system-err>
  </testcase>
  <testcase name="runScenario[&quot;Add to cart&quot;, &quot;Product page functionality&quot;](76)" classname="TestNGTestRunner" time="22.872">
    <system-err><![CDATA[Dec 16, 2024 11:45:53 AM org.openqa.selenium.devtools.CdpVersionFinder findNearestMatch
WARNING: Unable to find an exact match for CDP version 130, returning the closest version; found: 127; Please update to a Selenium version that supports CDP version 130
Dec 16, 2024 11:46:13 AM org.openqa.selenium.remote.http.WebSocket$Listener onError
WARNING: Connection reset
java.net.SocketException: Connection reset
	at java.base/sun.nio.ch.SocketChannelImpl.throwConnectionReset(SocketChannelImpl.java:401)
	at java.base/sun.nio.ch.SocketChannelImpl.read(SocketChannelImpl.java:434)
	at java.net.http/jdk.internal.net.http.SocketTube.readAvailable(SocketTube.java:1178)
	at java.net.http/jdk.internal.net.http.SocketTube$InternalReadPublisher$InternalReadSubscription.read(SocketTube.java:841)
	at java.net.http/jdk.internal.net.http.SocketTube$SocketFlowTask.run(SocketTube.java:181)
	at java.net.http/jdk.internal.net.http.common.SequentialScheduler$SchedulableTask.run(SequentialScheduler.java:207)
	at java.net.http/jdk.internal.net.http.common.SequentialScheduler.runOrSchedule(SequentialScheduler.java:280)
	at java.net.http/jdk.internal.net.http.common.SequentialScheduler.runOrSchedule(SequentialScheduler.java:233)
	at java.net.http/jdk.internal.net.http.SocketTube$InternalReadPublisher$InternalReadSubscription.signalReadable(SocketTube.java:782)
	at java.net.http/jdk.internal.net.http.SocketTube$InternalReadPublisher$ReadEvent.signalEvent(SocketTube.java:965)
	at java.net.http/jdk.internal.net.http.SocketTube$SocketFlowEvent.handle(SocketTube.java:253)
	at java.net.http/jdk.internal.net.http.HttpClientImpl$SelectorManager.handleEvent(HttpClientImpl.java:1469)
	at java.net.http/jdk.internal.net.http.HttpClientImpl$SelectorManager.lambda$run$3(HttpClientImpl.java:1414)
	at java.base/java.util.ArrayList.forEach(ArrayList.java:1596)
	at java.net.http/jdk.internal.net.http.HttpClientImpl$SelectorManager.run(HttpClientImpl.java:1414)

]]></system-err>
  </testcase>
  <testcase name="runScenario[&quot;Products page error handling no products are displayed due to api failure&quot;, &quot;Products page error handling&quot;](77)" classname="TestNGTestRunner" time="13.027">
    <system-err><![CDATA[Dec 16, 2024 11:46:16 AM org.openqa.selenium.devtools.CdpVersionFinder findNearestMatch
WARNING: Unable to find an exact match for CDP version 130, returning the closest version; found: 127; Please update to a Selenium version that supports CDP version 130
]]></system-err>
  </testcase>
  <testcase name="runScenario[&quot;Products page error handling no products are displayed due to filters&quot;, &quot;Products page error handling&quot;](78)" classname="TestNGTestRunner" time="14.403">
    <system-err><![CDATA[Dec 16, 2024 11:46:29 AM org.openqa.selenium.devtools.CdpVersionFinder findNearestMatch
WARNING: Unable to find an exact match for CDP version 130, returning the closest version; found: 127; Please update to a Selenium version that supports CDP version 130
Dec 16, 2024 11:46:41 AM org.openqa.selenium.remote.http.WebSocket$Listener onError
WARNING: Connection reset
java.net.SocketException: Connection reset
	at java.base/sun.nio.ch.SocketChannelImpl.throwConnectionReset(SocketChannelImpl.java:401)
	at java.base/sun.nio.ch.SocketChannelImpl.read(SocketChannelImpl.java:434)
	at java.net.http/jdk.internal.net.http.SocketTube.readAvailable(SocketTube.java:1178)
	at java.net.http/jdk.internal.net.http.SocketTube$InternalReadPublisher$InternalReadSubscription.read(SocketTube.java:841)
	at java.net.http/jdk.internal.net.http.SocketTube$SocketFlowTask.run(SocketTube.java:181)
	at java.net.http/jdk.internal.net.http.common.SequentialScheduler$SchedulableTask.run(SequentialScheduler.java:207)
	at java.net.http/jdk.internal.net.http.common.SequentialScheduler.runOrSchedule(SequentialScheduler.java:280)
	at java.net.http/jdk.internal.net.http.common.SequentialScheduler.runOrSchedule(SequentialScheduler.java:233)
	at java.net.http/jdk.internal.net.http.SocketTube$InternalReadPublisher$InternalReadSubscription.signalReadable(SocketTube.java:782)
	at java.net.http/jdk.internal.net.http.SocketTube$InternalReadPublisher$ReadEvent.signalEvent(SocketTube.java:965)
	at java.net.http/jdk.internal.net.http.SocketTube$SocketFlowEvent.handle(SocketTube.java:253)
	at java.net.http/jdk.internal.net.http.HttpClientImpl$SelectorManager.handleEvent(HttpClientImpl.java:1469)
	at java.net.http/jdk.internal.net.http.HttpClientImpl$SelectorManager.lambda$run$3(HttpClientImpl.java:1414)
	at java.base/java.util.ArrayList.forEach(ArrayList.java:1596)
	at java.net.http/jdk.internal.net.http.HttpClientImpl$SelectorManager.run(HttpClientImpl.java:1414)

]]></system-err>
  </testcase>
  <testcase name="runScenario[&quot;Products page error handling add to cart api is failed&quot;, &quot;Products page error handling&quot;](79)" classname="TestNGTestRunner" time="16.37">
    <system-err><![CDATA[Dec 16, 2024 11:46:43 AM org.openqa.selenium.devtools.CdpVersionFinder findNearestMatch
WARNING: Unable to find an exact match for CDP version 130, returning the closest version; found: 127; Please update to a Selenium version that supports CDP version 130
Dec 16, 2024 11:46:57 AM org.openqa.selenium.remote.http.WebSocket$Listener onError
WARNING: Connection reset
java.net.SocketException: Connection reset
	at java.base/sun.nio.ch.SocketChannelImpl.throwConnectionReset(SocketChannelImpl.java:401)
	at java.base/sun.nio.ch.SocketChannelImpl.read(SocketChannelImpl.java:434)
	at java.net.http/jdk.internal.net.http.SocketTube.readAvailable(SocketTube.java:1178)
	at java.net.http/jdk.internal.net.http.SocketTube$InternalReadPublisher$InternalReadSubscription.read(SocketTube.java:841)
	at java.net.http/jdk.internal.net.http.SocketTube$SocketFlowTask.run(SocketTube.java:181)
	at java.net.http/jdk.internal.net.http.common.SequentialScheduler$SchedulableTask.run(SequentialScheduler.java:207)
	at java.net.http/jdk.internal.net.http.common.SequentialScheduler.runOrSchedule(SequentialScheduler.java:280)
	at java.net.http/jdk.internal.net.http.common.SequentialScheduler.runOrSchedule(SequentialScheduler.java:233)
	at java.net.http/jdk.internal.net.http.SocketTube$InternalReadPublisher$InternalReadSubscription.signalReadable(SocketTube.java:782)
	at java.net.http/jdk.internal.net.http.SocketTube$InternalReadPublisher$ReadEvent.signalEvent(SocketTube.java:965)
	at java.net.http/jdk.internal.net.http.SocketTube$SocketFlowEvent.handle(SocketTube.java:253)
	at java.net.http/jdk.internal.net.http.HttpClientImpl$SelectorManager.handleEvent(HttpClientImpl.java:1469)
	at java.net.http/jdk.internal.net.http.HttpClientImpl$SelectorManager.lambda$run$3(HttpClientImpl.java:1414)
	at java.base/java.util.ArrayList.forEach(ArrayList.java:1596)
	at java.net.http/jdk.internal.net.http.HttpClientImpl$SelectorManager.run(HttpClientImpl.java:1414)

]]></system-err>
  </testcase>
  <testcase name="runScenario[&quot;Products page functionality&quot;, &quot;Products page functionality&quot;](80)" classname="TestNGTestRunner" time="12.416">
    <system-err><![CDATA[Dec 16, 2024 11:47:00 AM org.openqa.selenium.devtools.CdpVersionFinder findNearestMatch
WARNING: Unable to find an exact match for CDP version 130, returning the closest version; found: 127; Please update to a Selenium version that supports CDP version 130
Dec 16, 2024 11:47:10 AM org.openqa.selenium.devtools.Connection$Listener lambda$onText$0
WARNING: Unable to process: {"method":"Network.responseReceived","params":{"requestId":"32344.21","loaderId":"69B14D1B0B2C234AE98D933CC2BC1B24","timestamp":180625.770933,"type":"XHR","response":{"url":"https://rahulshettyacademy.com/api/ecom/product/get-all-products","status":200,"statusText":"OK","headers":{"Content-Encoding":"gzip","ETag":"W/\"eeb-WBxOugJHQWte4Fp60e5VDHrCkRk\"","Expect-CT":"max-age=0","X-Permitted-Cross-Domain-Policies":"none","X-Content-Type-Options":"nosniff","Keep-Alive":"timeout=5, max=91","Date":"Mon, 16 Dec 2024 06:17:06 GMT","Content-Type":"application/json; charset=utf-8","Vary":"Accept-Encoding","X-Frame-Options":"SAMEORIGIN","Transfer-Encoding":"chunked","Strict-Transport-Security":"max-age=15552000; includeSubDomains","Content-Security-Policy":"default-src 'self';base-uri 'self';block-all-mixed-content;font-src 'self' https: data:;frame-ancestors 'self';img-src 'self' data:;object-src 'none';script-src 'self';script-src-attr 'none';style-src 'self' https: 'unsafe-inline';upgrade-insecure-requests","X-DNS-Prefetch-Control":"off","Connection":"Keep-Alive","Referrer-Policy":"no-referrer","X-Download-Options":"noopen","Access-Control-Allow-Origin":"*","X-XSS-Protection":"0","Server":"Apache/2.4.52 (Ubuntu)"},"mimeType":"application/json","charset":"utf-8","connectionReused":true,"connectionId":59,"remoteIPAddress":"13.201.9.53","remotePort":443,"fromDiskCache":false,"fromServiceWorker":false,"fromPrefetchCache":false,"encodedDataLength":920,"timing":{"requestTime":180625.71008,"proxyStart":-1,"proxyEnd":-1,"dnsStart":-1,"dnsEnd":-1,"connectStart":-1,"connectEnd":-1,"sslStart":-1,"sslEnd":-1,"workerStart":-1,"workerReady":-1,"workerFetchStart":-1,"workerRespondWithSettled":-1,"sendStart":0.341,"sendEnd":0.579,"pushStart":0,"pushEnd":0,"receiveHeadersStart":59.758,"receiveHeadersEnd":59.852},"responseTime":1.734329822621789e+12,"protocol":"http/1.1","alternateProtocolUsage":"unspecifiedReason","securityState":"secure","securityDetails":{"protocol":"TLS 1.3","keyExchange":"","keyExchangeGroup":"X25519","cipher":"AES_128_GCM","certificateId":0,"subjectName":"rahulshettyacademy.com","sanList":["rahulshettyacademy.com"],"issuer":"E6","validFrom":1731833819,"validTo":1739609818,"signedCertificateTimestampList":[{"status":"Verified","origin":"Embedded in certificate","logDescription":"Google 'Xenon2025h1' log","logId":"CF1156EED52E7CAFF3875BD9692E9BE91A71674AB017ECAC01D25B77CECC3B08","timestamp":1731837329589,"hashAlgorithm":"SHA-256","signatureAlgorithm":"ECDSA","signatureData":"3045022049CA90B2CB95C3A4AECDECF04FECA784EE3C38F667E4444EC363E3896496E161022100A382A6A79A23DB380C6BAE53F0317A7817F487C963769692F01598128068DB66"},{"status":"Verified","origin":"Embedded in certificate","logDescription":"DigiCert Nessie2025 Log","logId":"E6D2316340778CC1104106D771B9CEC1D240F6968486FBBA87321DFD1E378E50","timestamp":1731837329733,"hashAlgorithm":"SHA-256","signatureAlgorithm":"ECDSA","signatureData":"30450220157FD090AF13CC9D704CDB761C669D3050A465792F7063143A29419C5455EE34022100B52F2E04241FBDC492EED0F11D8D4C2FCCA313C5DD1D6CFBD8BE909857B03816"}],"certificateTransparencyCompliance":"compliant","serverSignatureAlgorithm":1027,"encryptedClientHello":false}},"hasExtraInfo":true,"frameId":"096002BCB0F162AF0B4F252C07AC65F9"},"sessionId":"E414218CED538196FADDA727FD457CBC"}
org.openqa.selenium.NoSuchElementException: no such element: Unable to locate element: {"method":"css selector","selector":".\.text\-muted"}
  (Session info: chrome=130.0.6723.70)
For documentation on this error, please visit: https://www.selenium.dev/documentation/webdriver/troubleshooting/errors#no-such-element-exception
Build info: version: '4.23.0', revision: '4df0a231af'
System info: os.name: 'Windows 11', os.arch: 'amd64', os.version: '10.0', java.version: '21.0.5'
Driver info: org.openqa.selenium.chrome.ChromeDriver
Command: [30aceee9ceaee6eaa02d45dd17002380, findChildElement {id=f.096002BCB0F162AF0B4F252C07AC65F9.d.69B14D1B0B2C234AE98D933CC2BC1B24.e.95, value=.text-muted, using=class name}]
Capabilities {acceptInsecureCerts: false, browserName: chrome, browserVersion: 130.0.6723.70, chrome: {chromedriverVersion: 130.0.6723.116 (6ac35f94ae3..., userDataDir: C:\Users\santh\AppData\Loca...}, fedcm:accounts: true, goog:chromeOptions: {debuggerAddress: localhost:61516}, networkConnectionEnabled: false, pageLoadStrategy: normal, platformName: windows, proxy: Proxy(), se:cdp: ws://localhost:61516/devtoo..., se:cdpVersion: 130.0.6723.70, setWindowRect: true, strictFileInteractability: false, timeouts: {implicit: 0, pageLoad: 300000, script: 30000}, unhandledPromptBehavior: dismiss and notify, webauthn:extension:credBlob: true, webauthn:extension:largeBlob: true, webauthn:extension:minPinLength: true, webauthn:extension:prf: true, webauthn:virtualAuthenticators: true}
Session ID: 30aceee9ceaee6eaa02d45dd17002380
	at java.base/jdk.internal.reflect.DirectConstructorHandleAccessor.newInstance(DirectConstructorHandleAccessor.java:62)
	at java.base/java.lang.reflect.Constructor.newInstanceWithCaller(Constructor.java:502)
	at java.base/java.lang.reflect.Constructor.newInstance(Constructor.java:486)
	at org.openqa.selenium.remote.ErrorCodec.decode(ErrorCodec.java:167)
	at org.openqa.selenium.remote.codec.w3c.W3CHttpResponseCodec.decode(W3CHttpResponseCodec.java:138)
	at org.openqa.selenium.remote.codec.w3c.W3CHttpResponseCodec.decode(W3CHttpResponseCodec.java:50)
	at org.openqa.selenium.remote.HttpCommandExecutor.execute(HttpCommandExecutor.java:190)
	at org.openqa.selenium.remote.service.DriverCommandExecutor.invokeExecute(DriverCommandExecutor.java:216)
	at org.openqa.selenium.remote.service.DriverCommandExecutor.execute(DriverCommandExecutor.java:174)
	at org.openqa.selenium.remote.RemoteWebDriver.execute(RemoteWebDriver.java:527)
	at org.openqa.selenium.remote.ElementLocation$ElementFinder$2.findElement(ElementLocation.java:165)
	at org.openqa.selenium.remote.ElementLocation.findElement(ElementLocation.java:59)
	at org.openqa.selenium.remote.RemoteWebDriver.findElement(RemoteWebDriver.java:357)
	at org.openqa.selenium.remote.RemoteWebElement.findElement(RemoteWebElement.java:211)
	at StepDefinitions.ProductsPage.FunctionalityStepDefImpl.lambda$logo_message_is_displayed$1(FunctionalityStepDefImpl.java:103)
	at org.openqa.selenium.devtools.DevTools.lambda$addListener$0(DevTools.java:104)
	at org.openqa.selenium.devtools.Connection.lambda$handle$5(Connection.java:348)
	at java.base/java.util.stream.ForEachOps$ForEachOp$OfRef.accept(ForEachOps.java:184)
	at java.base/java.util.stream.ReferencePipeline$2$1.accept(ReferencePipeline.java:179)
	at java.base/java.util.stream.ReferencePipeline$15$1.accept(ReferencePipeline.java:541)
	at java.base/java.util.HashMap$EntrySpliterator.forEachRemaining(HashMap.java:1858)
	at java.base/java.util.stream.AbstractPipeline.copyInto(AbstractPipeline.java:509)
	at java.base/java.util.stream.AbstractPipeline.wrapAndCopyInto(AbstractPipeline.java:499)
	at java.base/java.util.stream.ForEachOps$ForEachOp.evaluateSequential(ForEachOps.java:151)
	at java.base/java.util.stream.ForEachOps$ForEachOp$OfRef.evaluateSequential(ForEachOps.java:174)
	at java.base/java.util.stream.AbstractPipeline.evaluate(AbstractPipeline.java:234)
	at java.base/java.util.stream.ReferencePipeline.forEach(ReferencePipeline.java:596)
	at org.openqa.selenium.devtools.Connection.handle(Connection.java:311)
	at org.openqa.selenium.devtools.Connection$Listener.lambda$onText$0(Connection.java:239)
	at java.base/java.util.concurrent.ThreadPoolExecutor.runWorker(ThreadPoolExecutor.java:1144)
	at java.base/java.util.concurrent.ThreadPoolExecutor$Worker.run(ThreadPoolExecutor.java:642)
	at java.base/java.lang.Thread.run(Thread.java:1583)

Exception in thread "CDP Connection" org.openqa.selenium.devtools.DevToolsException: no such element: Unable to locate element: {"method":"css selector","selector":".\.text\-muted"}
  (Session info: chrome=130.0.6723.70)
For documentation on this error, please visit: https://www.selenium.dev/documentation/webdriver/troubleshooting/errors#no-such-element-exception
Build info: version: '4.23.0', revision: '4df0a231af'
System info: os.name: 'Windows 11', os.arch: 'amd64', os.version: '10.0', java.version: '21.0.5'
Driver info: org.openqa.selenium.chrome.ChromeDriver
Command: [30aceee9ceaee6eaa02d45dd17002380, findChildElement {id=f.096002BCB0F162AF0B4F252C07AC65F9.d.69B14D1B0B2C234AE98D933CC2BC1B24.e.95, value=.text-muted, using=class name}]
Capabilities {acceptInsecureCerts: false, browserName: chrome, browserVersion: 130.0.6723.70, chrome: {chromedriverVersion: 130.0.6723.116 (6ac35f94ae3..., userDataDir: C:\Users\santh\AppData\Loca...}, fedcm:accounts: true, goog:chromeOptions: {debuggerAddress: localhost:61516}, networkConnectionEnabled: false, pageLoadStrategy: normal, platformName: windows, proxy: Proxy(), se:cdp: ws://localhost:61516/devtoo..., se:cdpVersion: 130.0.6723.70, setWindowRect: true, strictFileInteractability: false, timeouts: {implicit: 0, pageLoad: 300000, script: 30000}, unhandledPromptBehavior: dismiss and notify, webauthn:extension:credBlob: true, webauthn:extension:largeBlob: true, webauthn:extension:minPinLength: true, webauthn:extension:prf: true, webauthn:virtualAuthenticators: true}
Session ID: 30aceee9ceaee6eaa02d45dd17002380
	at org.openqa.selenium.devtools.Connection$Listener.lambda$onText$0(Connection.java:242)
	at java.base/java.util.concurrent.ThreadPoolExecutor.runWorker(ThreadPoolExecutor.java:1144)
	at java.base/java.util.concurrent.ThreadPoolExecutor$Worker.run(ThreadPoolExecutor.java:642)
	at java.base/java.lang.Thread.run(Thread.java:1583)
Caused by: org.openqa.selenium.NoSuchElementException: no such element: Unable to locate element: {"method":"css selector","selector":".\.text\-muted"}
  (Session info: chrome=130.0.6723.70)
For documentation on this error, please visit: https://www.selenium.dev/documentation/webdriver/troubleshooting/errors#no-such-element-exception
Build info: version: '4.23.0', revision: '4df0a231af'
System info: os.name: 'Windows 11', os.arch: 'amd64', os.version: '10.0', java.version: '21.0.5'
Driver info: org.openqa.selenium.chrome.ChromeDriver
Command: [30aceee9ceaee6eaa02d45dd17002380, findChildElement {id=f.096002BCB0F162AF0B4F252C07AC65F9.d.69B14D1B0B2C234AE98D933CC2BC1B24.e.95, value=.text-muted, using=class name}]
Capabilities {acceptInsecureCerts: false, browserName: chrome, browserVersion: 130.0.6723.70, chrome: {chromedriverVersion: 130.0.6723.116 (6ac35f94ae3..., userDataDir: C:\Users\santh\AppData\Loca...}, fedcm:accounts: true, goog:chromeOptions: {debuggerAddress: localhost:61516}, networkConnectionEnabled: false, pageLoadStrategy: normal, platformName: windows, proxy: Proxy(), se:cdp: ws://localhost:61516/devtoo..., se:cdpVersion: 130.0.6723.70, setWindowRect: true, strictFileInteractability: false, timeouts: {implicit: 0, pageLoad: 300000, script: 30000}, unhandledPromptBehavior: dismiss and notify, webauthn:extension:credBlob: true, webauthn:extension:largeBlob: true, webauthn:extension:minPinLength: true, webauthn:extension:prf: true, webauthn:virtualAuthenticators: true}
Session ID: 30aceee9ceaee6eaa02d45dd17002380
	at java.base/jdk.internal.reflect.DirectConstructorHandleAccessor.newInstance(DirectConstructorHandleAccessor.java:62)
	at java.base/java.lang.reflect.Constructor.newInstanceWithCaller(Constructor.java:502)
	at java.base/java.lang.reflect.Constructor.newInstance(Constructor.java:486)
	at org.openqa.selenium.remote.ErrorCodec.decode(ErrorCodec.java:167)
	at org.openqa.selenium.remote.codec.w3c.W3CHttpResponseCodec.decode(W3CHttpResponseCodec.java:138)
	at org.openqa.selenium.remote.codec.w3c.W3CHttpResponseCodec.decode(W3CHttpResponseCodec.java:50)
	at org.openqa.selenium.remote.HttpCommandExecutor.execute(HttpCommandExecutor.java:190)
	at org.openqa.selenium.remote.service.DriverCommandExecutor.invokeExecute(DriverCommandExecutor.java:216)
	at org.openqa.selenium.remote.service.DriverCommandExecutor.execute(DriverCommandExecutor.java:174)
	at org.openqa.selenium.remote.RemoteWebDriver.execute(RemoteWebDriver.java:527)
	at org.openqa.selenium.remote.ElementLocation$ElementFinder$2.findElement(ElementLocation.java:165)
	at org.openqa.selenium.remote.ElementLocation.findElement(ElementLocation.java:59)
	at org.openqa.selenium.remote.RemoteWebDriver.findElement(RemoteWebDriver.java:357)
	at org.openqa.selenium.remote.RemoteWebElement.findElement(RemoteWebElement.java:211)
	at StepDefinitions.ProductsPage.FunctionalityStepDefImpl.lambda$logo_message_is_displayed$1(FunctionalityStepDefImpl.java:103)
	at org.openqa.selenium.devtools.DevTools.lambda$addListener$0(DevTools.java:104)
	at org.openqa.selenium.devtools.Connection.lambda$handle$5(Connection.java:348)
	at java.base/java.util.stream.ForEachOps$ForEachOp$OfRef.accept(ForEachOps.java:184)
	at java.base/java.util.stream.ReferencePipeline$2$1.accept(ReferencePipeline.java:179)
	at java.base/java.util.stream.ReferencePipeline$15$1.accept(ReferencePipeline.java:541)
	at java.base/java.util.HashMap$EntrySpliterator.forEachRemaining(HashMap.java:1858)
	at java.base/java.util.stream.AbstractPipeline.copyInto(AbstractPipeline.java:509)
	at java.base/java.util.stream.AbstractPipeline.wrapAndCopyInto(AbstractPipeline.java:499)
	at java.base/java.util.stream.ForEachOps$ForEachOp.evaluateSequential(ForEachOps.java:151)
	at java.base/java.util.stream.ForEachOps$ForEachOp$OfRef.evaluateSequential(ForEachOps.java:174)
	at java.base/java.util.stream.AbstractPipeline.evaluate(AbstractPipeline.java:234)
	at java.base/java.util.stream.ReferencePipeline.forEach(ReferencePipeline.java:596)
	at org.openqa.selenium.devtools.Connection.handle(Connection.java:311)
	at org.openqa.selenium.devtools.Connection$Listener.lambda$onText$0(Connection.java:239)
	... 3 more
Dec 16, 2024 11:47:10 AM org.openqa.selenium.remote.http.WebSocket$Listener onError
WARNING: Connection reset
java.net.SocketException: Connection reset
	at java.base/sun.nio.ch.SocketChannelImpl.throwConnectionReset(SocketChannelImpl.java:401)
	at java.base/sun.nio.ch.SocketChannelImpl.read(SocketChannelImpl.java:434)
	at java.net.http/jdk.internal.net.http.SocketTube.readAvailable(SocketTube.java:1178)
	at java.net.http/jdk.internal.net.http.SocketTube$InternalReadPublisher$InternalReadSubscription.read(SocketTube.java:841)
	at java.net.http/jdk.internal.net.http.SocketTube$SocketFlowTask.run(SocketTube.java:181)
	at java.net.http/jdk.internal.net.http.common.SequentialScheduler$SchedulableTask.run(SequentialScheduler.java:207)
	at java.net.http/jdk.internal.net.http.common.SequentialScheduler.runOrSchedule(SequentialScheduler.java:280)
	at java.net.http/jdk.internal.net.http.common.SequentialScheduler.runOrSchedule(SequentialScheduler.java:233)
	at java.net.http/jdk.internal.net.http.SocketTube$InternalReadPublisher$InternalReadSubscription.signalReadable(SocketTube.java:782)
	at java.net.http/jdk.internal.net.http.SocketTube$InternalReadPublisher$ReadEvent.signalEvent(SocketTube.java:965)
	at java.net.http/jdk.internal.net.http.SocketTube$SocketFlowEvent.handle(SocketTube.java:253)
	at java.net.http/jdk.internal.net.http.HttpClientImpl$SelectorManager.handleEvent(HttpClientImpl.java:1469)
	at java.net.http/jdk.internal.net.http.HttpClientImpl$SelectorManager.lambda$run$3(HttpClientImpl.java:1414)
	at java.base/java.util.ArrayList.forEach(ArrayList.java:1596)
	at java.net.http/jdk.internal.net.http.HttpClientImpl$SelectorManager.run(HttpClientImpl.java:1414)

]]></system-err>
  </testcase>
  <testcase name="runScenario[&quot;Cart button&quot;, &quot;Products page functionality&quot;](81)" classname="TestNGTestRunner" time="6.904">
    <system-err><![CDATA[Dec 16, 2024 11:47:12 AM org.openqa.selenium.devtools.CdpVersionFinder findNearestMatch
WARNING: Unable to find an exact match for CDP version 130, returning the closest version; found: 127; Please update to a Selenium version that supports CDP version 130
Dec 16, 2024 11:47:16 AM org.openqa.selenium.remote.http.WebSocket$Listener onError
WARNING: Connection reset
java.net.SocketException: Connection reset
	at java.base/sun.nio.ch.SocketChannelImpl.throwConnectionReset(SocketChannelImpl.java:401)
	at java.base/sun.nio.ch.SocketChannelImpl.read(SocketChannelImpl.java:434)
	at java.net.http/jdk.internal.net.http.SocketTube.readAvailable(SocketTube.java:1178)
	at java.net.http/jdk.internal.net.http.SocketTube$InternalReadPublisher$InternalReadSubscription.read(SocketTube.java:841)
	at java.net.http/jdk.internal.net.http.SocketTube$SocketFlowTask.run(SocketTube.java:181)
	at java.net.http/jdk.internal.net.http.common.SequentialScheduler$SchedulableTask.run(SequentialScheduler.java:207)
	at java.net.http/jdk.internal.net.http.common.SequentialScheduler.runOrSchedule(SequentialScheduler.java:280)
	at java.net.http/jdk.internal.net.http.common.SequentialScheduler.runOrSchedule(SequentialScheduler.java:233)
	at java.net.http/jdk.internal.net.http.SocketTube$InternalReadPublisher$InternalReadSubscription.signalReadable(SocketTube.java:782)
	at java.net.http/jdk.internal.net.http.SocketTube$InternalReadPublisher$ReadEvent.signalEvent(SocketTube.java:965)
	at java.net.http/jdk.internal.net.http.SocketTube$SocketFlowEvent.handle(SocketTube.java:253)
	at java.net.http/jdk.internal.net.http.HttpClientImpl$SelectorManager.handleEvent(HttpClientImpl.java:1469)
	at java.net.http/jdk.internal.net.http.HttpClientImpl$SelectorManager.lambda$run$3(HttpClientImpl.java:1414)
	at java.base/java.util.ArrayList.forEach(ArrayList.java:1596)
	at java.net.http/jdk.internal.net.http.HttpClientImpl$SelectorManager.run(HttpClientImpl.java:1414)

]]></system-err>
  </testcase>
  <testcase name="runScenario[&quot;Home button&quot;, &quot;Products page functionality&quot;](82)" classname="TestNGTestRunner" time="7.356">
    <system-err><![CDATA[Dec 16, 2024 11:47:18 AM org.openqa.selenium.devtools.CdpVersionFinder findNearestMatch
WARNING: Unable to find an exact match for CDP version 130, returning the closest version; found: 127; Please update to a Selenium version that supports CDP version 130
Dec 16, 2024 11:47:24 AM org.openqa.selenium.remote.http.WebSocket$Listener onError
WARNING: Connection reset
java.net.SocketException: Connection reset
	at java.base/sun.nio.ch.SocketChannelImpl.throwConnectionReset(SocketChannelImpl.java:401)
	at java.base/sun.nio.ch.SocketChannelImpl.read(SocketChannelImpl.java:434)
	at java.net.http/jdk.internal.net.http.SocketTube.readAvailable(SocketTube.java:1178)
	at java.net.http/jdk.internal.net.http.SocketTube$InternalReadPublisher$InternalReadSubscription.read(SocketTube.java:841)
	at java.net.http/jdk.internal.net.http.SocketTube$SocketFlowTask.run(SocketTube.java:181)
	at java.net.http/jdk.internal.net.http.common.SequentialScheduler$SchedulableTask.run(SequentialScheduler.java:207)
	at java.net.http/jdk.internal.net.http.common.SequentialScheduler.runOrSchedule(SequentialScheduler.java:280)
	at java.net.http/jdk.internal.net.http.common.SequentialScheduler.runOrSchedule(SequentialScheduler.java:233)
	at java.net.http/jdk.internal.net.http.SocketTube$InternalReadPublisher$InternalReadSubscription.signalReadable(SocketTube.java:782)
	at java.net.http/jdk.internal.net.http.SocketTube$InternalReadPublisher$ReadEvent.signalEvent(SocketTube.java:965)
	at java.net.http/jdk.internal.net.http.SocketTube$SocketFlowEvent.handle(SocketTube.java:253)
	at java.net.http/jdk.internal.net.http.HttpClientImpl$SelectorManager.handleEvent(HttpClientImpl.java:1469)
	at java.net.http/jdk.internal.net.http.HttpClientImpl$SelectorManager.lambda$run$3(HttpClientImpl.java:1414)
	at java.base/java.util.ArrayList.forEach(ArrayList.java:1596)
	at java.net.http/jdk.internal.net.http.HttpClientImpl$SelectorManager.run(HttpClientImpl.java:1414)

]]></system-err>
  </testcase>
  <testcase name="runScenario[&quot;Orders button&quot;, &quot;Products page functionality&quot;](83)" classname="TestNGTestRunner" time="7.223">
    <system-err><![CDATA[Dec 16, 2024 11:47:27 AM org.openqa.selenium.devtools.CdpVersionFinder findNearestMatch
WARNING: Unable to find an exact match for CDP version 130, returning the closest version; found: 127; Please update to a Selenium version that supports CDP version 130
Dec 16, 2024 11:47:31 AM org.openqa.selenium.remote.http.WebSocket$Listener onError
WARNING: Connection reset
java.net.SocketException: Connection reset
	at java.base/sun.nio.ch.SocketChannelImpl.throwConnectionReset(SocketChannelImpl.java:401)
	at java.base/sun.nio.ch.SocketChannelImpl.read(SocketChannelImpl.java:434)
	at java.net.http/jdk.internal.net.http.SocketTube.readAvailable(SocketTube.java:1178)
	at java.net.http/jdk.internal.net.http.SocketTube$InternalReadPublisher$InternalReadSubscription.read(SocketTube.java:841)
	at java.net.http/jdk.internal.net.http.SocketTube$SocketFlowTask.run(SocketTube.java:181)
	at java.net.http/jdk.internal.net.http.common.SequentialScheduler$SchedulableTask.run(SequentialScheduler.java:207)
	at java.net.http/jdk.internal.net.http.common.SequentialScheduler.runOrSchedule(SequentialScheduler.java:280)
	at java.net.http/jdk.internal.net.http.common.SequentialScheduler.runOrSchedule(SequentialScheduler.java:233)
	at java.net.http/jdk.internal.net.http.SocketTube$InternalReadPublisher$InternalReadSubscription.signalReadable(SocketTube.java:782)
	at java.net.http/jdk.internal.net.http.SocketTube$InternalReadPublisher$ReadEvent.signalEvent(SocketTube.java:965)
	at java.net.http/jdk.internal.net.http.SocketTube$SocketFlowEvent.handle(SocketTube.java:253)
	at java.net.http/jdk.internal.net.http.HttpClientImpl$SelectorManager.handleEvent(HttpClientImpl.java:1469)
	at java.net.http/jdk.internal.net.http.HttpClientImpl$SelectorManager.lambda$run$3(HttpClientImpl.java:1414)
	at java.base/java.util.ArrayList.forEach(ArrayList.java:1596)
	at java.net.http/jdk.internal.net.http.HttpClientImpl$SelectorManager.run(HttpClientImpl.java:1414)

]]></system-err>
  </testcase>
  <testcase name="runScenario[&quot;SignOut&quot;, &quot;Products page functionality&quot;](84)" classname="TestNGTestRunner" time="7.344">
    <system-err><![CDATA[Dec 16, 2024 11:47:33 AM org.openqa.selenium.devtools.CdpVersionFinder findNearestMatch
WARNING: Unable to find an exact match for CDP version 130, returning the closest version; found: 127; Please update to a Selenium version that supports CDP version 130
Dec 16, 2024 11:47:38 AM org.openqa.selenium.remote.http.WebSocket$Listener onError
WARNING: Connection reset
java.net.SocketException: Connection reset
	at java.base/sun.nio.ch.SocketChannelImpl.throwConnectionReset(SocketChannelImpl.java:401)
	at java.base/sun.nio.ch.SocketChannelImpl.read(SocketChannelImpl.java:434)
	at java.net.http/jdk.internal.net.http.SocketTube.readAvailable(SocketTube.java:1178)
	at java.net.http/jdk.internal.net.http.SocketTube$InternalReadPublisher$InternalReadSubscription.read(SocketTube.java:841)
	at java.net.http/jdk.internal.net.http.SocketTube$SocketFlowTask.run(SocketTube.java:181)
	at java.net.http/jdk.internal.net.http.common.SequentialScheduler$SchedulableTask.run(SequentialScheduler.java:207)
	at java.net.http/jdk.internal.net.http.common.SequentialScheduler.runOrSchedule(SequentialScheduler.java:280)
	at java.net.http/jdk.internal.net.http.common.SequentialScheduler.runOrSchedule(SequentialScheduler.java:233)
	at java.net.http/jdk.internal.net.http.SocketTube$InternalReadPublisher$InternalReadSubscription.signalReadable(SocketTube.java:782)
	at java.net.http/jdk.internal.net.http.SocketTube$InternalReadPublisher$ReadEvent.signalEvent(SocketTube.java:965)
	at java.net.http/jdk.internal.net.http.SocketTube$SocketFlowEvent.handle(SocketTube.java:253)
	at java.net.http/jdk.internal.net.http.HttpClientImpl$SelectorManager.handleEvent(HttpClientImpl.java:1469)
	at java.net.http/jdk.internal.net.http.HttpClientImpl$SelectorManager.lambda$run$3(HttpClientImpl.java:1414)
	at java.base/java.util.ArrayList.forEach(ArrayList.java:1596)
	at java.net.http/jdk.internal.net.http.HttpClientImpl$SelectorManager.run(HttpClientImpl.java:1414)

]]></system-err>
  </testcase>
  <testcase name="runScenario[&quot;Add products to cart&quot;, &quot;Products page functionality&quot;](85)" classname="TestNGTestRunner" time="24.2">
    <system-err><![CDATA[Dec 16, 2024 11:47:41 AM org.openqa.selenium.devtools.CdpVersionFinder findNearestMatch
WARNING: Unable to find an exact match for CDP version 130, returning the closest version; found: 127; Please update to a Selenium version that supports CDP version 130
Dec 16, 2024 11:48:03 AM org.openqa.selenium.remote.http.WebSocket$Listener onError
WARNING: Connection reset
java.net.SocketException: Connection reset
	at java.base/sun.nio.ch.SocketChannelImpl.throwConnectionReset(SocketChannelImpl.java:401)
	at java.base/sun.nio.ch.SocketChannelImpl.read(SocketChannelImpl.java:434)
	at java.net.http/jdk.internal.net.http.SocketTube.readAvailable(SocketTube.java:1178)
	at java.net.http/jdk.internal.net.http.SocketTube$InternalReadPublisher$InternalReadSubscription.read(SocketTube.java:841)
	at java.net.http/jdk.internal.net.http.SocketTube$SocketFlowTask.run(SocketTube.java:181)
	at java.net.http/jdk.internal.net.http.common.SequentialScheduler$SchedulableTask.run(SequentialScheduler.java:207)
	at java.net.http/jdk.internal.net.http.common.SequentialScheduler.runOrSchedule(SequentialScheduler.java:280)
	at java.net.http/jdk.internal.net.http.common.SequentialScheduler.runOrSchedule(SequentialScheduler.java:233)
	at java.net.http/jdk.internal.net.http.SocketTube$InternalReadPublisher$InternalReadSubscription.signalReadable(SocketTube.java:782)
	at java.net.http/jdk.internal.net.http.SocketTube$InternalReadPublisher$ReadEvent.signalEvent(SocketTube.java:965)
	at java.net.http/jdk.internal.net.http.SocketTube$SocketFlowEvent.handle(SocketTube.java:253)
	at java.net.http/jdk.internal.net.http.HttpClientImpl$SelectorManager.handleEvent(HttpClientImpl.java:1469)
	at java.net.http/jdk.internal.net.http.HttpClientImpl$SelectorManager.lambda$run$3(HttpClientImpl.java:1414)
	at java.base/java.util.ArrayList.forEach(ArrayList.java:1596)
	at java.net.http/jdk.internal.net.http.HttpClientImpl$SelectorManager.run(HttpClientImpl.java:1414)

]]></system-err>
  </testcase>
  <testcase name="runScenario[&quot;Search filter&quot;, &quot;Products page functionality&quot;](86)" classname="TestNGTestRunner" time="9.785">
    <system-out><![CDATA[ZARA
]]></system-out>
    <system-err><![CDATA[Dec 16, 2024 11:48:05 AM org.openqa.selenium.devtools.CdpVersionFinder findNearestMatch
WARNING: Unable to find an exact match for CDP version 130, returning the closest version; found: 127; Please update to a Selenium version that supports CDP version 130
Dec 16, 2024 11:48:12 AM org.openqa.selenium.remote.http.WebSocket$Listener onError
WARNING: Connection reset
java.net.SocketException: Connection reset
	at java.base/sun.nio.ch.SocketChannelImpl.throwConnectionReset(SocketChannelImpl.java:401)
	at java.base/sun.nio.ch.SocketChannelImpl.read(SocketChannelImpl.java:434)
	at java.net.http/jdk.internal.net.http.SocketTube.readAvailable(SocketTube.java:1178)
	at java.net.http/jdk.internal.net.http.SocketTube$InternalReadPublisher$InternalReadSubscription.read(SocketTube.java:841)
	at java.net.http/jdk.internal.net.http.SocketTube$SocketFlowTask.run(SocketTube.java:181)
	at java.net.http/jdk.internal.net.http.common.SequentialScheduler$SchedulableTask.run(SequentialScheduler.java:207)
	at java.net.http/jdk.internal.net.http.common.SequentialScheduler.runOrSchedule(SequentialScheduler.java:280)
	at java.net.http/jdk.internal.net.http.common.SequentialScheduler.runOrSchedule(SequentialScheduler.java:233)
	at java.net.http/jdk.internal.net.http.SocketTube$InternalReadPublisher$InternalReadSubscription.signalReadable(SocketTube.java:782)
	at java.net.http/jdk.internal.net.http.SocketTube$InternalReadPublisher$ReadEvent.signalEvent(SocketTube.java:965)
	at java.net.http/jdk.internal.net.http.SocketTube$SocketFlowEvent.handle(SocketTube.java:253)
	at java.net.http/jdk.internal.net.http.HttpClientImpl$SelectorManager.handleEvent(HttpClientImpl.java:1469)
	at java.net.http/jdk.internal.net.http.HttpClientImpl$SelectorManager.lambda$run$3(HttpClientImpl.java:1414)
	at java.base/java.util.ArrayList.forEach(ArrayList.java:1596)
	at java.net.http/jdk.internal.net.http.HttpClientImpl$SelectorManager.run(HttpClientImpl.java:1414)

]]></system-err>
  </testcase>
  <testcase name="runScenario[&quot;Min max price filter&quot;, &quot;Products page functionality&quot;](87)" classname="TestNGTestRunner" time="8.53">
    <system-out><![CDATA[{"productName":"","minPrice":30000,"maxPrice":50000,"productCategory":[],"productSubCategory":[],"productFor":[]}

]]></system-out>
    <system-err><![CDATA[Dec 16, 2024 11:48:13 AM org.openqa.selenium.devtools.Connection$Listener lambda$onText$0
WARNING: Unable to process: {"method":"Network.responseReceived","params":{"requestId":"35056.37","loaderId":"AED3041AAFE257C18C3A434BF1B5D584","timestamp":180693.962679,"type":"XHR","response":{"url":"https://rahulshettyacademy.com/api/ecom/product/get-all-products","status":200,"statusText":"OK","headers":{"ETag":"W/\"1e8-rAKjXLc7KSNEvi/Jsrkfo53h3X0\"","Expect-CT":"max-age=0","X-Permitted-Cross-Domain-Policies":"none","X-Content-Type-Options":"nosniff","Keep-Alive":"timeout=5, max=96","Date":"Mon, 16 Dec 2024 06:18:14 GMT","Content-Type":"application/json; charset=utf-8","Vary":"Accept-Encoding","X-Frame-Options":"SAMEORIGIN","Strict-Transport-Security":"max-age=15552000; includeSubDomains","Content-Security-Policy":"default-src 'self';base-uri 'self';block-all-mixed-content;font-src 'self' https: data:;frame-ancestors 'self';img-src 'self' data:;object-src 'none';script-src 'self';script-src-attr 'none';style-src 'self' https: 'unsafe-inline';upgrade-insecure-requests","X-DNS-Prefetch-Control":"off","Connection":"Keep-Alive","Referrer-Policy":"no-referrer","X-Download-Options":"noopen","Access-Control-Allow-Origin":"*","Content-Length":"488","X-XSS-Protection":"0","Server":"Apache/2.4.52 (Ubuntu)"},"mimeType":"application/json","charset":"utf-8","connectionReused":true,"connectionId":97,"remoteIPAddress":"13.201.9.53","remotePort":443,"fromDiskCache":false,"fromServiceWorker":false,"fromPrefetchCache":false,"encodedDataLength":889,"timing":{"requestTime":180693.913777,"proxyStart":-1,"proxyEnd":-1,"dnsStart":-1,"dnsEnd":-1,"connectStart":-1,"connectEnd":-1,"sslStart":-1,"sslEnd":-1,"workerStart":-1,"workerReady":-1,"workerFetchStart":-1,"workerRespondWithSettled":-1,"sendStart":0.751,"sendEnd":1.318,"pushStart":0,"pushEnd":0,"receiveHeadersStart":47.192,"receiveHeadersEnd":47.283},"responseTime":1.734329890812026e+12,"protocol":"http/1.1","alternateProtocolUsage":"unspecifiedReason","securityState":"secure","securityDetails":{"protocol":"TLS 1.3","keyExchange":"","keyExchangeGroup":"X25519","cipher":"AES_128_GCM","certificateId":0,"subjectName":"rahulshettyacademy.com","sanList":["rahulshettyacademy.com"],"issuer":"E6","validFrom":1731833819,"validTo":1739609818,"signedCertificateTimestampList":[{"status":"Verified","origin":"Embedded in certificate","logDescription":"Google 'Xenon2025h1' log","logId":"CF1156EED52E7CAFF3875BD9692E9BE91A71674AB017ECAC01D25B77CECC3B08","timestamp":1731837329589,"hashAlgorithm":"SHA-256","signatureAlgorithm":"ECDSA","signatureData":"3045022049CA90B2CB95C3A4AECDECF04FECA784EE3C38F667E4444EC363E3896496E161022100A382A6A79A23DB380C6BAE53F0317A7817F487C963769692F01598128068DB66"},{"status":"Verified","origin":"Embedded in certificate","logDescription":"DigiCert Nessie2025 Log","logId":"E6D2316340778CC1104106D771B9CEC1D240F6968486FBBA87321DFD1E378E50","timestamp":1731837329733,"hashAlgorithm":"SHA-256","signatureAlgorithm":"ECDSA","signatureData":"30450220157FD090AF13CC9D704CDB761C669D3050A465792F7063143A29419C5455EE34022100B52F2E04241FBDC492EED0F11D8D4C2FCCA313C5DD1D6CFBD8BE909857B03816"}],"certificateTransparencyCompliance":"compliant","serverSignatureAlgorithm":1027,"encryptedClientHello":false}},"hasExtraInfo":true,"frameId":"20F922A6ACEBAF4DCECD518AB5F0C24B"},"sessionId":"FD2E730718D3D632CB5740036ABE9994"}
org.openqa.selenium.NoSuchSessionException: invalid session id
Build info: version: '4.23.0', revision: '4df0a231af'
System info: os.name: 'Windows 11', os.arch: 'amd64', os.version: '10.0', java.version: '21.0.5'
Driver info: org.openqa.selenium.chrome.ChromeDriver
Command: [824ed31cd1a064d75a8fc330d829fa41, findElements {using=class name, value=card}]
Capabilities {acceptInsecureCerts: false, browserName: chrome, browserVersion: 130.0.6723.70, chrome: {chromedriverVersion: 130.0.6723.116 (6ac35f94ae3..., userDataDir: C:\Users\santh\AppData\Loca...}, fedcm:accounts: true, goog:chromeOptions: {debuggerAddress: localhost:61651}, networkConnectionEnabled: false, pageLoadStrategy: normal, platformName: windows, proxy: Proxy(), se:cdp: ws://localhost:61651/devtoo..., se:cdpVersion: 130.0.6723.70, setWindowRect: true, strictFileInteractability: false, timeouts: {implicit: 0, pageLoad: 300000, script: 30000}, unhandledPromptBehavior: dismiss and notify, webauthn:extension:credBlob: true, webauthn:extension:largeBlob: true, webauthn:extension:minPinLength: true, webauthn:extension:prf: true, webauthn:virtualAuthenticators: true}
Session ID: 824ed31cd1a064d75a8fc330d829fa41
	at java.base/jdk.internal.reflect.DirectConstructorHandleAccessor.newInstance(DirectConstructorHandleAccessor.java:62)
	at java.base/java.lang.reflect.Constructor.newInstanceWithCaller(Constructor.java:502)
	at java.base/java.lang.reflect.Constructor.newInstance(Constructor.java:486)
	at org.openqa.selenium.remote.ErrorCodec.decode(ErrorCodec.java:167)
	at org.openqa.selenium.remote.codec.w3c.W3CHttpResponseCodec.decode(W3CHttpResponseCodec.java:138)
	at org.openqa.selenium.remote.codec.w3c.W3CHttpResponseCodec.decode(W3CHttpResponseCodec.java:50)
	at org.openqa.selenium.remote.HttpCommandExecutor.execute(HttpCommandExecutor.java:190)
	at org.openqa.selenium.remote.service.DriverCommandExecutor.invokeExecute(DriverCommandExecutor.java:216)
	at org.openqa.selenium.remote.service.DriverCommandExecutor.execute(DriverCommandExecutor.java:174)
	at org.openqa.selenium.remote.RemoteWebDriver.execute(RemoteWebDriver.java:527)
	at org.openqa.selenium.remote.ElementLocation$ElementFinder$2.findElements(ElementLocation.java:182)
	at org.openqa.selenium.remote.ElementLocation.findElements(ElementLocation.java:103)
	at org.openqa.selenium.remote.RemoteWebDriver.findElements(RemoteWebDriver.java:370)
	at org.openqa.selenium.remote.RemoteWebDriver.findElements(RemoteWebDriver.java:364)
	at org.openqa.selenium.support.pagefactory.DefaultElementLocator.findElements(DefaultElementLocator.java:83)
	at org.openqa.selenium.support.pagefactory.internal.LocatingElementListHandler.invoke(LocatingElementListHandler.java:36)
	at jdk.proxy2/jdk.proxy2.$Proxy20.stream(Unknown Source)
	at PageObjects.ProductsPage.getProductByName(ProductsPage.java:85)
	at StepDefinitions.ProductsPage.FunctionalityStepDefImpl.lambda$user_searches_for_a_product$5(FunctionalityStepDefImpl.java:295)
	at org.openqa.selenium.devtools.DevTools.lambda$addListener$0(DevTools.java:104)
	at org.openqa.selenium.devtools.Connection.lambda$handle$5(Connection.java:348)
	at java.base/java.util.stream.ForEachOps$ForEachOp$OfRef.accept(ForEachOps.java:184)
	at java.base/java.util.stream.ReferencePipeline$2$1.accept(ReferencePipeline.java:179)
	at java.base/java.util.stream.ReferencePipeline$15$1.accept(ReferencePipeline.java:541)
	at java.base/java.util.HashMap$EntrySpliterator.forEachRemaining(HashMap.java:1858)
	at java.base/java.util.stream.AbstractPipeline.copyInto(AbstractPipeline.java:509)
	at java.base/java.util.stream.AbstractPipeline.wrapAndCopyInto(AbstractPipeline.java:499)
	at java.base/java.util.stream.ForEachOps$ForEachOp.evaluateSequential(ForEachOps.java:151)
	at java.base/java.util.stream.ForEachOps$ForEachOp$OfRef.evaluateSequential(ForEachOps.java:174)
	at java.base/java.util.stream.AbstractPipeline.evaluate(AbstractPipeline.java:234)
	at java.base/java.util.stream.ReferencePipeline.forEach(ReferencePipeline.java:596)
	at org.openqa.selenium.devtools.Connection.handle(Connection.java:311)
	at org.openqa.selenium.devtools.Connection$Listener.lambda$onText$0(Connection.java:239)
	at java.base/java.util.concurrent.ThreadPoolExecutor.runWorker(ThreadPoolExecutor.java:1144)
	at java.base/java.util.concurrent.ThreadPoolExecutor$Worker.run(ThreadPoolExecutor.java:642)
	at java.base/java.lang.Thread.run(Thread.java:1583)

Exception in thread "CDP Connection" org.openqa.selenium.devtools.DevToolsException: invalid session id
Build info: version: '4.23.0', revision: '4df0a231af'
System info: os.name: 'Windows 11', os.arch: 'amd64', os.version: '10.0', java.version: '21.0.5'
Driver info: org.openqa.selenium.chrome.ChromeDriver
Command: [824ed31cd1a064d75a8fc330d829fa41, findElements {using=class name, value=card}]
Capabilities {acceptInsecureCerts: false, browserName: chrome, browserVersion: 130.0.6723.70, chrome: {chromedriverVersion: 130.0.6723.116 (6ac35f94ae3..., userDataDir: C:\Users\santh\AppData\Loca...}, fedcm:accounts: true, goog:chromeOptions: {debuggerAddress: localhost:61651}, networkConnectionEnabled: false, pageLoadStrategy: normal, platformName: windows, proxy: Proxy(), se:cdp: ws://localhost:61651/devtoo..., se:cdpVersion: 130.0.6723.70, setWindowRect: true, strictFileInteractability: false, timeouts: {implicit: 0, pageLoad: 300000, script: 30000}, unhandledPromptBehavior: dismiss and notify, webauthn:extension:credBlob: true, webauthn:extension:largeBlob: true, webauthn:extension:minPinLength: true, webauthn:extension:prf: true, webauthn:virtualAuthenticators: true}
Session ID: 824ed31cd1a064d75a8fc330d829fa41
	at org.openqa.selenium.devtools.Connection$Listener.lambda$onText$0(Connection.java:242)
	at java.base/java.util.concurrent.ThreadPoolExecutor.runWorker(ThreadPoolExecutor.java:1144)
	at java.base/java.util.concurrent.ThreadPoolExecutor$Worker.run(ThreadPoolExecutor.java:642)
	at java.base/java.lang.Thread.run(Thread.java:1583)
Caused by: org.openqa.selenium.NoSuchSessionException: invalid session id
Build info: version: '4.23.0', revision: '4df0a231af'
System info: os.name: 'Windows 11', os.arch: 'amd64', os.version: '10.0', java.version: '21.0.5'
Driver info: org.openqa.selenium.chrome.ChromeDriver
Command: [824ed31cd1a064d75a8fc330d829fa41, findElements {using=class name, value=card}]
Capabilities {acceptInsecureCerts: false, browserName: chrome, browserVersion: 130.0.6723.70, chrome: {chromedriverVersion: 130.0.6723.116 (6ac35f94ae3..., userDataDir: C:\Users\santh\AppData\Loca...}, fedcm:accounts: true, goog:chromeOptions: {debuggerAddress: localhost:61651}, networkConnectionEnabled: false, pageLoadStrategy: normal, platformName: windows, proxy: Proxy(), se:cdp: ws://localhost:61651/devtoo..., se:cdpVersion: 130.0.6723.70, setWindowRect: true, strictFileInteractability: false, timeouts: {implicit: 0, pageLoad: 300000, script: 30000}, unhandledPromptBehavior: dismiss and notify, webauthn:extension:credBlob: true, webauthn:extension:largeBlob: true, webauthn:extension:minPinLength: true, webauthn:extension:prf: true, webauthn:virtualAuthenticators: true}
Session ID: 824ed31cd1a064d75a8fc330d829fa41
	at java.base/jdk.internal.reflect.DirectConstructorHandleAccessor.newInstance(DirectConstructorHandleAccessor.java:62)
	at java.base/java.lang.reflect.Constructor.newInstanceWithCaller(Constructor.java:502)
	at java.base/java.lang.reflect.Constructor.newInstance(Constructor.java:486)
	at org.openqa.selenium.remote.ErrorCodec.decode(ErrorCodec.java:167)
	at org.openqa.selenium.remote.codec.w3c.W3CHttpResponseCodec.decode(W3CHttpResponseCodec.java:138)
	at org.openqa.selenium.remote.codec.w3c.W3CHttpResponseCodec.decode(W3CHttpResponseCodec.java:50)
	at org.openqa.selenium.remote.HttpCommandExecutor.execute(HttpCommandExecutor.java:190)
	at org.openqa.selenium.remote.service.DriverCommandExecutor.invokeExecute(DriverCommandExecutor.java:216)
	at org.openqa.selenium.remote.service.DriverCommandExecutor.execute(DriverCommandExecutor.java:174)
	at org.openqa.selenium.remote.RemoteWebDriver.execute(RemoteWebDriver.java:527)
	at org.openqa.selenium.remote.ElementLocation$ElementFinder$2.findElements(ElementLocation.java:182)
	at org.openqa.selenium.remote.ElementLocation.findElements(ElementLocation.java:103)
	at org.openqa.selenium.remote.RemoteWebDriver.findElements(RemoteWebDriver.java:370)
	at org.openqa.selenium.remote.RemoteWebDriver.findElements(RemoteWebDriver.java:364)
	at org.openqa.selenium.support.pagefactory.DefaultElementLocator.findElements(DefaultElementLocator.java:83)
	at org.openqa.selenium.support.pagefactory.internal.LocatingElementListHandler.invoke(LocatingElementListHandler.java:36)
	at jdk.proxy2/jdk.proxy2.$Proxy20.stream(Unknown Source)
	at PageObjects.ProductsPage.getProductByName(ProductsPage.java:85)
	at StepDefinitions.ProductsPage.FunctionalityStepDefImpl.lambda$user_searches_for_a_product$5(FunctionalityStepDefImpl.java:295)
	at org.openqa.selenium.devtools.DevTools.lambda$addListener$0(DevTools.java:104)
	at org.openqa.selenium.devtools.Connection.lambda$handle$5(Connection.java:348)
	at java.base/java.util.stream.ForEachOps$ForEachOp$OfRef.accept(ForEachOps.java:184)
	at java.base/java.util.stream.ReferencePipeline$2$1.accept(ReferencePipeline.java:179)
	at java.base/java.util.stream.ReferencePipeline$15$1.accept(ReferencePipeline.java:541)
	at java.base/java.util.HashMap$EntrySpliterator.forEachRemaining(HashMap.java:1858)
	at java.base/java.util.stream.AbstractPipeline.copyInto(AbstractPipeline.java:509)
	at java.base/java.util.stream.AbstractPipeline.wrapAndCopyInto(AbstractPipeline.java:499)
	at java.base/java.util.stream.ForEachOps$ForEachOp.evaluateSequential(ForEachOps.java:151)
	at java.base/java.util.stream.ForEachOps$ForEachOp$OfRef.evaluateSequential(ForEachOps.java:174)
	at java.base/java.util.stream.AbstractPipeline.evaluate(AbstractPipeline.java:234)
	at java.base/java.util.stream.ReferencePipeline.forEach(ReferencePipeline.java:596)
	at org.openqa.selenium.devtools.Connection.handle(Connection.java:311)
	at org.openqa.selenium.devtools.Connection$Listener.lambda$onText$0(Connection.java:239)
	... 3 more
Dec 16, 2024 11:48:15 AM org.openqa.selenium.devtools.CdpVersionFinder findNearestMatch
WARNING: Unable to find an exact match for CDP version 130, returning the closest version; found: 127; Please update to a Selenium version that supports CDP version 130
Dec 16, 2024 11:48:19 AM org.openqa.selenium.devtools.Connection$Listener lambda$onText$0
WARNING: Unable to process: {"method":"Network.responseReceived","params":{"requestId":"35496.37","loaderId":"36396EFA25C9648E25D1DC966CD361A7","timestamp":180702.389683,"type":"Other","response":{"url":"https://rahulshettyacademy.com/api/ecom/product/get-all-products","status":200,"statusText":"OK","headers":{"Content-Encoding":"gzip","ETag":"W/\"eeb-WBxOugJHQWte4Fp60e5VDHrCkRk\"","Expect-CT":"max-age=0","X-Permitted-Cross-Domain-Policies":"none","X-Content-Type-Options":"nosniff","Keep-Alive":"timeout=5, max=96","Date":"Mon, 16 Dec 2024 06:18:23 GMT","Content-Type":"application/json; charset=utf-8","Vary":"Accept-Encoding","X-Frame-Options":"SAMEORIGIN","Transfer-Encoding":"chunked","Strict-Transport-Security":"max-age=15552000; includeSubDomains","Content-Security-Policy":"default-src 'self';base-uri 'self';block-all-mixed-content;font-src 'self' https: data:;frame-ancestors 'self';img-src 'self' data:;object-src 'none';script-src 'self';script-src-attr 'none';style-src 'self' https: 'unsafe-inline';upgrade-insecure-requests","X-DNS-Prefetch-Control":"off","Connection":"Keep-Alive","Referrer-Policy":"no-referrer","X-Download-Options":"noopen","Access-Control-Allow-Origin":"*","X-XSS-Protection":"0","Server":"Apache/2.4.52 (Ubuntu)"},"mimeType":"application/json","charset":"utf-8","connectionReused":true,"connectionId":103,"remoteIPAddress":"13.201.9.53","remotePort":443,"fromDiskCache":false,"fromServiceWorker":false,"fromPrefetchCache":false,"encodedDataLength":920,"timing":{"requestTime":180702.292578,"proxyStart":-1,"proxyEnd":-1,"dnsStart":-1,"dnsEnd":-1,"connectStart":-1,"connectEnd":-1,"sslStart":-1,"sslEnd":-1,"workerStart":-1,"workerReady":-1,"workerFetchStart":-1,"workerRespondWithSettled":-1,"sendStart":0.649,"sendEnd":0.812,"pushStart":0,"pushEnd":0,"receiveHeadersStart":96.121,"receiveHeadersEnd":96.203},"responseTime":1.734329899240667e+12,"protocol":"http/1.1","alternateProtocolUsage":"unspecifiedReason","securityState":"unknown"},"hasExtraInfo":false,"frameId":"F2992F79124713761B522BE6D9FE098C"},"sessionId":"F197E1D1CF97EF5A63A9AAEA78AA70AC"}
org.openqa.selenium.devtools.DevToolsException: {"id":364,"error":{"code":-32000,"message":"No resource with given identifier found"},"sessionId":"F197E1D1CF97EF5A63A9AAEA78AA70AC"}
Build info: version: '4.23.0', revision: '4df0a231af'
System info: os.name: 'Windows 11', os.arch: 'amd64', os.version: '10.0', java.version: '21.0.5'
Driver info: driver.version: unknown
	at org.openqa.selenium.devtools.Connection.sendAndWait(Connection.java:195)
	at org.openqa.selenium.devtools.DevTools.send(DevTools.java:90)
	at StepDefinitions.ProductsPage.FunctionalityStepDefImpl.lambda$user_filters_using_min_max_price$7(FunctionalityStepDefImpl.java:362)
	at org.openqa.selenium.devtools.DevTools.lambda$addListener$0(DevTools.java:104)
	at org.openqa.selenium.devtools.Connection.lambda$handle$5(Connection.java:348)
	at java.base/java.util.stream.ForEachOps$ForEachOp$OfRef.accept(ForEachOps.java:184)
	at java.base/java.util.stream.ReferencePipeline$2$1.accept(ReferencePipeline.java:179)
	at java.base/java.util.stream.ReferencePipeline$15$1.accept(ReferencePipeline.java:541)
	at java.base/java.util.HashMap$EntrySpliterator.forEachRemaining(HashMap.java:1858)
	at java.base/java.util.stream.AbstractPipeline.copyInto(AbstractPipeline.java:509)
	at java.base/java.util.stream.AbstractPipeline.wrapAndCopyInto(AbstractPipeline.java:499)
	at java.base/java.util.stream.ForEachOps$ForEachOp.evaluateSequential(ForEachOps.java:151)
	at java.base/java.util.stream.ForEachOps$ForEachOp$OfRef.evaluateSequential(ForEachOps.java:174)
	at java.base/java.util.stream.AbstractPipeline.evaluate(AbstractPipeline.java:234)
	at java.base/java.util.stream.ReferencePipeline.forEach(ReferencePipeline.java:596)
	at org.openqa.selenium.devtools.Connection.handle(Connection.java:311)
	at org.openqa.selenium.devtools.Connection$Listener.lambda$onText$0(Connection.java:239)
	at java.base/java.util.concurrent.ThreadPoolExecutor.runWorker(ThreadPoolExecutor.java:1144)
	at java.base/java.util.concurrent.ThreadPoolExecutor$Worker.run(ThreadPoolExecutor.java:642)
	at java.base/java.lang.Thread.run(Thread.java:1583)
Caused by: org.openqa.selenium.WebDriverException: {"id":364,"error":{"code":-32000,"message":"No resource with given identifier found"},"sessionId":"F197E1D1CF97EF5A63A9AAEA78AA70AC"}
Build info: version: '4.23.0', revision: '4df0a231af'
System info: os.name: 'Windows 11', os.arch: 'amd64', os.version: '10.0', java.version: '21.0.5'
Driver info: driver.version: unknown
	at org.openqa.selenium.devtools.Connection.handle(Connection.java:275)
	... 4 more

Exception in thread "CDP Connection" org.openqa.selenium.devtools.DevToolsException: {"id":364,"error":{"code":-32000,"message":"No resource with given identifier found"},"sessionId":"F197E1D1CF97EF5A63A9AAEA78AA70AC"}
Build info: version: '4.23.0', revision: '4df0a231af'
System info: os.name: 'Windows 11', os.arch: 'amd64', os.version: '10.0', java.version: '21.0.5'
Driver info: driver.version: unknown
	at org.openqa.selenium.devtools.Connection$Listener.lambda$onText$0(Connection.java:242)
	at java.base/java.util.concurrent.ThreadPoolExecutor.runWorker(ThreadPoolExecutor.java:1144)
	at java.base/java.util.concurrent.ThreadPoolExecutor$Worker.run(ThreadPoolExecutor.java:642)
	at java.base/java.lang.Thread.run(Thread.java:1583)
Caused by: org.openqa.selenium.devtools.DevToolsException: {"id":364,"error":{"code":-32000,"message":"No resource with given identifier found"},"sessionId":"F197E1D1CF97EF5A63A9AAEA78AA70AC"}
Build info: version: '4.23.0', revision: '4df0a231af'
System info: os.name: 'Windows 11', os.arch: 'amd64', os.version: '10.0', java.version: '21.0.5'
Driver info: driver.version: unknown
	at org.openqa.selenium.devtools.Connection.sendAndWait(Connection.java:195)
	at org.openqa.selenium.devtools.DevTools.send(DevTools.java:90)
	at StepDefinitions.ProductsPage.FunctionalityStepDefImpl.lambda$user_filters_using_min_max_price$7(FunctionalityStepDefImpl.java:362)
	at org.openqa.selenium.devtools.DevTools.lambda$addListener$0(DevTools.java:104)
	at org.openqa.selenium.devtools.Connection.lambda$handle$5(Connection.java:348)
	at java.base/java.util.stream.ForEachOps$ForEachOp$OfRef.accept(ForEachOps.java:184)
	at java.base/java.util.stream.ReferencePipeline$2$1.accept(ReferencePipeline.java:179)
	at java.base/java.util.stream.ReferencePipeline$15$1.accept(ReferencePipeline.java:541)
	at java.base/java.util.HashMap$EntrySpliterator.forEachRemaining(HashMap.java:1858)
	at java.base/java.util.stream.AbstractPipeline.copyInto(AbstractPipeline.java:509)
	at java.base/java.util.stream.AbstractPipeline.wrapAndCopyInto(AbstractPipeline.java:499)
	at java.base/java.util.stream.ForEachOps$ForEachOp.evaluateSequential(ForEachOps.java:151)
	at java.base/java.util.stream.ForEachOps$ForEachOp$OfRef.evaluateSequential(ForEachOps.java:174)
	at java.base/java.util.stream.AbstractPipeline.evaluate(AbstractPipeline.java:234)
	at java.base/java.util.stream.ReferencePipeline.forEach(ReferencePipeline.java:596)
	at org.openqa.selenium.devtools.Connection.handle(Connection.java:311)
	at org.openqa.selenium.devtools.Connection$Listener.lambda$onText$0(Connection.java:239)
	... 3 more
Caused by: org.openqa.selenium.WebDriverException: {"id":364,"error":{"code":-32000,"message":"No resource with given identifier found"},"sessionId":"F197E1D1CF97EF5A63A9AAEA78AA70AC"}
Build info: version: '4.23.0', revision: '4df0a231af'
System info: os.name: 'Windows 11', os.arch: 'amd64', os.version: '10.0', java.version: '21.0.5'
Driver info: driver.version: unknown
	at org.openqa.selenium.devtools.Connection.handle(Connection.java:275)
	... 4 more
Dec 16, 2024 11:48:21 AM org.openqa.selenium.remote.http.WebSocket$Listener onError
WARNING: Connection reset
java.net.SocketException: Connection reset
	at java.base/sun.nio.ch.SocketChannelImpl.throwConnectionReset(SocketChannelImpl.java:401)
	at java.base/sun.nio.ch.SocketChannelImpl.read(SocketChannelImpl.java:434)
	at java.net.http/jdk.internal.net.http.SocketTube.readAvailable(SocketTube.java:1178)
	at java.net.http/jdk.internal.net.http.SocketTube$InternalReadPublisher$InternalReadSubscription.read(SocketTube.java:841)
	at java.net.http/jdk.internal.net.http.SocketTube$SocketFlowTask.run(SocketTube.java:181)
	at java.net.http/jdk.internal.net.http.common.SequentialScheduler$SchedulableTask.run(SequentialScheduler.java:207)
	at java.net.http/jdk.internal.net.http.common.SequentialScheduler.runOrSchedule(SequentialScheduler.java:280)
	at java.net.http/jdk.internal.net.http.common.SequentialScheduler.runOrSchedule(SequentialScheduler.java:233)
	at java.net.http/jdk.internal.net.http.SocketTube$InternalReadPublisher$InternalReadSubscription.signalReadable(SocketTube.java:782)
	at java.net.http/jdk.internal.net.http.SocketTube$InternalReadPublisher$ReadEvent.signalEvent(SocketTube.java:965)
	at java.net.http/jdk.internal.net.http.SocketTube$SocketFlowEvent.handle(SocketTube.java:253)
	at java.net.http/jdk.internal.net.http.HttpClientImpl$SelectorManager.handleEvent(HttpClientImpl.java:1469)
	at java.net.http/jdk.internal.net.http.HttpClientImpl$SelectorManager.lambda$run$3(HttpClientImpl.java:1414)
	at java.base/java.util.ArrayList.forEach(ArrayList.java:1596)
	at java.net.http/jdk.internal.net.http.HttpClientImpl$SelectorManager.run(HttpClientImpl.java:1414)

]]></system-err>
  </testcase>
  <testcase name="runScenario[&quot;Categories filter&quot;, &quot;Products page functionality&quot;](88)" classname="TestNGTestRunner" time="9.668">
    <system-out><![CDATA[{"productName":"","minPrice":null,"maxPrice":null,"productCategory":["fashion"],"productSubCategory":[],"productFor":[]}
{"productFor":"women","productStatus":true,"productTotalOrders":"0","productName":"ZARA COAT 3","productCategory":"fashion","productImage":"https://rahulshettyacademy.com/api/ecom/uploads/productImage_1650649434146.jpeg","productSubCategory":"shirts","__v":0,"_id":"6581ca399fd99c85e8ee7f45","productRating":"0","productPrice":31500,"productDescription":"Zara coat for Women and girls","productAddedBy":"admin@gmail.com"}
]]></system-out>
    <system-err><![CDATA[Dec 16, 2024 11:48:21 AM org.openqa.selenium.devtools.Connection$Listener lambda$onText$0
WARNING: Unable to process: {"method":"Network.responseReceived","params":{"requestId":"35496.50","loaderId":"36396EFA25C9648E25D1DC966CD361A7","timestamp":180702.543262,"type":"XHR","response":{"url":"https://rahulshettyacademy.com/api/ecom/product/get-all-products","status":200,"statusText":"OK","headers":{"ETag":"W/\"387-/vpa43pRy0qW68O7hrVWgyGBAyg\"","Expect-CT":"max-age=0","X-Permitted-Cross-Domain-Policies":"none","X-Content-Type-Options":"nosniff","Keep-Alive":"timeout=5, max=99","Date":"Mon, 16 Dec 2024 06:18:23 GMT","Content-Type":"application/json; charset=utf-8","Vary":"Accept-Encoding","X-Frame-Options":"SAMEORIGIN","Strict-Transport-Security":"max-age=15552000; includeSubDomains","Content-Security-Policy":"default-src 'self';base-uri 'self';block-all-mixed-content;font-src 'self' https: data:;frame-ancestors 'self';img-src 'self' data:;object-src 'none';script-src 'self';script-src-attr 'none';style-src 'self' https: 'unsafe-inline';upgrade-insecure-requests","X-DNS-Prefetch-Control":"off","Connection":"Keep-Alive","Referrer-Policy":"no-referrer","X-Download-Options":"noopen","Access-Control-Allow-Origin":"*","Content-Length":"903","X-XSS-Protection":"0","Server":"Apache/2.4.52 (Ubuntu)"},"mimeType":"application/json","charset":"utf-8","connectionReused":true,"connectionId":247,"remoteIPAddress":"13.201.9.53","remotePort":443,"fromDiskCache":false,"fromServiceWorker":false,"fromPrefetchCache":false,"encodedDataLength":889,"timing":{"requestTime":180702.49674,"proxyStart":-1,"proxyEnd":-1,"dnsStart":-1,"dnsEnd":-1,"connectStart":-1,"connectEnd":-1,"sslStart":-1,"sslEnd":-1,"workerStart":-1,"workerReady":-1,"workerFetchStart":-1,"workerRespondWithSettled":-1,"sendStart":0.3,"sendEnd":0.49,"pushStart":0,"pushEnd":0,"receiveHeadersStart":45.149,"receiveHeadersEnd":45.253},"responseTime":1.734329899393857e+12,"protocol":"http/1.1","alternateProtocolUsage":"unspecifiedReason","securityState":"secure","securityDetails":{"protocol":"TLS 1.3","keyExchange":"","keyExchangeGroup":"X25519","cipher":"AES_128_GCM","certificateId":0,"subjectName":"rahulshettyacademy.com","sanList":["rahulshettyacademy.com"],"issuer":"E6","validFrom":1731833819,"validTo":1739609818,"signedCertificateTimestampList":[{"status":"Verified","origin":"Embedded in certificate","logDescription":"Google 'Xenon2025h1' log","logId":"CF1156EED52E7CAFF3875BD9692E9BE91A71674AB017ECAC01D25B77CECC3B08","timestamp":1731837329589,"hashAlgorithm":"SHA-256","signatureAlgorithm":"ECDSA","signatureData":"3045022049CA90B2CB95C3A4AECDECF04FECA784EE3C38F667E4444EC363E3896496E161022100A382A6A79A23DB380C6BAE53F0317A7817F487C963769692F01598128068DB66"},{"status":"Verified","origin":"Embedded in certificate","logDescription":"DigiCert Nessie2025 Log","logId":"E6D2316340778CC1104106D771B9CEC1D240F6968486FBBA87321DFD1E378E50","timestamp":1731837329733,"hashAlgorithm":"SHA-256","signatureAlgorithm":"ECDSA","signatureData":"30450220157FD090AF13CC9D704CDB761C669D3050A465792F7063143A29419C5455EE34022100B52F2E04241FBDC492EED0F11D8D4C2FCCA313C5DD1D6CFBD8BE909857B03816"}],"certificateTransparencyCompliance":"compliant","serverSignatureAlgorithm":1027,"encryptedClientHello":false}},"hasExtraInfo":true,"frameId":"F2992F79124713761B522BE6D9FE098C"},"sessionId":"F197E1D1CF97EF5A63A9AAEA78AA70AC"}
org.openqa.selenium.NoSuchSessionException: invalid session id
Build info: version: '4.23.0', revision: '4df0a231af'
System info: os.name: 'Windows 11', os.arch: 'amd64', os.version: '10.0', java.version: '21.0.5'
Driver info: org.openqa.selenium.chrome.ChromeDriver
Command: [7dbb6731e6b0dd142b535b009ec72980, findElements {using=class name, value=card}]
Capabilities {acceptInsecureCerts: false, browserName: chrome, browserVersion: 130.0.6723.70, chrome: {chromedriverVersion: 130.0.6723.116 (6ac35f94ae3..., userDataDir: C:\Users\santh\AppData\Loca...}, fedcm:accounts: true, goog:chromeOptions: {debuggerAddress: localhost:61675}, networkConnectionEnabled: false, pageLoadStrategy: normal, platformName: windows, proxy: Proxy(), se:cdp: ws://localhost:61675/devtoo..., se:cdpVersion: 130.0.6723.70, setWindowRect: true, strictFileInteractability: false, timeouts: {implicit: 0, pageLoad: 300000, script: 30000}, unhandledPromptBehavior: dismiss and notify, webauthn:extension:credBlob: true, webauthn:extension:largeBlob: true, webauthn:extension:minPinLength: true, webauthn:extension:prf: true, webauthn:virtualAuthenticators: true}
Session ID: 7dbb6731e6b0dd142b535b009ec72980
	at java.base/jdk.internal.reflect.DirectConstructorHandleAccessor.newInstance(DirectConstructorHandleAccessor.java:62)
	at java.base/java.lang.reflect.Constructor.newInstanceWithCaller(Constructor.java:502)
	at java.base/java.lang.reflect.Constructor.newInstance(Constructor.java:486)
	at org.openqa.selenium.remote.ErrorCodec.decode(ErrorCodec.java:167)
	at org.openqa.selenium.remote.codec.w3c.W3CHttpResponseCodec.decode(W3CHttpResponseCodec.java:138)
	at org.openqa.selenium.remote.codec.w3c.W3CHttpResponseCodec.decode(W3CHttpResponseCodec.java:50)
	at org.openqa.selenium.remote.HttpCommandExecutor.execute(HttpCommandExecutor.java:190)
	at org.openqa.selenium.remote.service.DriverCommandExecutor.invokeExecute(DriverCommandExecutor.java:216)
	at org.openqa.selenium.remote.service.DriverCommandExecutor.execute(DriverCommandExecutor.java:174)
	at org.openqa.selenium.remote.RemoteWebDriver.execute(RemoteWebDriver.java:527)
	at org.openqa.selenium.remote.ElementLocation$ElementFinder$2.findElements(ElementLocation.java:182)
	at org.openqa.selenium.remote.ElementLocation.findElements(ElementLocation.java:103)
	at org.openqa.selenium.remote.RemoteWebDriver.findElements(RemoteWebDriver.java:370)
	at org.openqa.selenium.remote.RemoteWebDriver.findElements(RemoteWebDriver.java:364)
	at org.openqa.selenium.support.pagefactory.DefaultElementLocator.findElements(DefaultElementLocator.java:83)
	at org.openqa.selenium.support.pagefactory.internal.LocatingElementListHandler.invoke(LocatingElementListHandler.java:36)
	at jdk.proxy2/jdk.proxy2.$Proxy20.stream(Unknown Source)
	at PageObjects.ProductsPage.getProductByName(ProductsPage.java:85)
	at StepDefinitions.ProductsPage.FunctionalityStepDefImpl.lambda$user_filters_using_min_max_price$7(FunctionalityStepDefImpl.java:375)
	at org.openqa.selenium.devtools.DevTools.lambda$addListener$0(DevTools.java:104)
	at org.openqa.selenium.devtools.Connection.lambda$handle$5(Connection.java:348)
	at java.base/java.util.stream.ForEachOps$ForEachOp$OfRef.accept(ForEachOps.java:184)
	at java.base/java.util.stream.ReferencePipeline$2$1.accept(ReferencePipeline.java:179)
	at java.base/java.util.stream.ReferencePipeline$15$1.accept(ReferencePipeline.java:541)
	at java.base/java.util.HashMap$EntrySpliterator.forEachRemaining(HashMap.java:1858)
	at java.base/java.util.stream.AbstractPipeline.copyInto(AbstractPipeline.java:509)
	at java.base/java.util.stream.AbstractPipeline.wrapAndCopyInto(AbstractPipeline.java:499)
	at java.base/java.util.stream.ForEachOps$ForEachOp.evaluateSequential(ForEachOps.java:151)
	at java.base/java.util.stream.ForEachOps$ForEachOp$OfRef.evaluateSequential(ForEachOps.java:174)
	at java.base/java.util.stream.AbstractPipeline.evaluate(AbstractPipeline.java:234)
	at java.base/java.util.stream.ReferencePipeline.forEach(ReferencePipeline.java:596)
	at org.openqa.selenium.devtools.Connection.handle(Connection.java:311)
	at org.openqa.selenium.devtools.Connection$Listener.lambda$onText$0(Connection.java:239)
	at java.base/java.util.concurrent.ThreadPoolExecutor.runWorker(ThreadPoolExecutor.java:1144)
	at java.base/java.util.concurrent.ThreadPoolExecutor$Worker.run(ThreadPoolExecutor.java:642)
	at java.base/java.lang.Thread.run(Thread.java:1583)

Exception in thread "CDP Connection" org.openqa.selenium.devtools.DevToolsException: invalid session id
Build info: version: '4.23.0', revision: '4df0a231af'
System info: os.name: 'Windows 11', os.arch: 'amd64', os.version: '10.0', java.version: '21.0.5'
Driver info: org.openqa.selenium.chrome.ChromeDriver
Command: [7dbb6731e6b0dd142b535b009ec72980, findElements {using=class name, value=card}]
Capabilities {acceptInsecureCerts: false, browserName: chrome, browserVersion: 130.0.6723.70, chrome: {chromedriverVersion: 130.0.6723.116 (6ac35f94ae3..., userDataDir: C:\Users\santh\AppData\Loca...}, fedcm:accounts: true, goog:chromeOptions: {debuggerAddress: localhost:61675}, networkConnectionEnabled: false, pageLoadStrategy: normal, platformName: windows, proxy: Proxy(), se:cdp: ws://localhost:61675/devtoo..., se:cdpVersion: 130.0.6723.70, setWindowRect: true, strictFileInteractability: false, timeouts: {implicit: 0, pageLoad: 300000, script: 30000}, unhandledPromptBehavior: dismiss and notify, webauthn:extension:credBlob: true, webauthn:extension:largeBlob: true, webauthn:extension:minPinLength: true, webauthn:extension:prf: true, webauthn:virtualAuthenticators: true}
Session ID: 7dbb6731e6b0dd142b535b009ec72980
	at org.openqa.selenium.devtools.Connection$Listener.lambda$onText$0(Connection.java:242)
	at java.base/java.util.concurrent.ThreadPoolExecutor.runWorker(ThreadPoolExecutor.java:1144)
	at java.base/java.util.concurrent.ThreadPoolExecutor$Worker.run(ThreadPoolExecutor.java:642)
	at java.base/java.lang.Thread.run(Thread.java:1583)
Caused by: org.openqa.selenium.NoSuchSessionException: invalid session id
Build info: version: '4.23.0', revision: '4df0a231af'
System info: os.name: 'Windows 11', os.arch: 'amd64', os.version: '10.0', java.version: '21.0.5'
Driver info: org.openqa.selenium.chrome.ChromeDriver
Command: [7dbb6731e6b0dd142b535b009ec72980, findElements {using=class name, value=card}]
Capabilities {acceptInsecureCerts: false, browserName: chrome, browserVersion: 130.0.6723.70, chrome: {chromedriverVersion: 130.0.6723.116 (6ac35f94ae3..., userDataDir: C:\Users\santh\AppData\Loca...}, fedcm:accounts: true, goog:chromeOptions: {debuggerAddress: localhost:61675}, networkConnectionEnabled: false, pageLoadStrategy: normal, platformName: windows, proxy: Proxy(), se:cdp: ws://localhost:61675/devtoo..., se:cdpVersion: 130.0.6723.70, setWindowRect: true, strictFileInteractability: false, timeouts: {implicit: 0, pageLoad: 300000, script: 30000}, unhandledPromptBehavior: dismiss and notify, webauthn:extension:credBlob: true, webauthn:extension:largeBlob: true, webauthn:extension:minPinLength: true, webauthn:extension:prf: true, webauthn:virtualAuthenticators: true}
Session ID: 7dbb6731e6b0dd142b535b009ec72980
	at java.base/jdk.internal.reflect.DirectConstructorHandleAccessor.newInstance(DirectConstructorHandleAccessor.java:62)
	at java.base/java.lang.reflect.Constructor.newInstanceWithCaller(Constructor.java:502)
	at java.base/java.lang.reflect.Constructor.newInstance(Constructor.java:486)
	at org.openqa.selenium.remote.ErrorCodec.decode(ErrorCodec.java:167)
	at org.openqa.selenium.remote.codec.w3c.W3CHttpResponseCodec.decode(W3CHttpResponseCodec.java:138)
	at org.openqa.selenium.remote.codec.w3c.W3CHttpResponseCodec.decode(W3CHttpResponseCodec.java:50)
	at org.openqa.selenium.remote.HttpCommandExecutor.execute(HttpCommandExecutor.java:190)
	at org.openqa.selenium.remote.service.DriverCommandExecutor.invokeExecute(DriverCommandExecutor.java:216)
	at org.openqa.selenium.remote.service.DriverCommandExecutor.execute(DriverCommandExecutor.java:174)
	at org.openqa.selenium.remote.RemoteWebDriver.execute(RemoteWebDriver.java:527)
	at org.openqa.selenium.remote.ElementLocation$ElementFinder$2.findElements(ElementLocation.java:182)
	at org.openqa.selenium.remote.ElementLocation.findElements(ElementLocation.java:103)
	at org.openqa.selenium.remote.RemoteWebDriver.findElements(RemoteWebDriver.java:370)
	at org.openqa.selenium.remote.RemoteWebDriver.findElements(RemoteWebDriver.java:364)
	at org.openqa.selenium.support.pagefactory.DefaultElementLocator.findElements(DefaultElementLocator.java:83)
	at org.openqa.selenium.support.pagefactory.internal.LocatingElementListHandler.invoke(LocatingElementListHandler.java:36)
	at jdk.proxy2/jdk.proxy2.$Proxy20.stream(Unknown Source)
	at PageObjects.ProductsPage.getProductByName(ProductsPage.java:85)
	at StepDefinitions.ProductsPage.FunctionalityStepDefImpl.lambda$user_filters_using_min_max_price$7(FunctionalityStepDefImpl.java:375)
	at org.openqa.selenium.devtools.DevTools.lambda$addListener$0(DevTools.java:104)
	at org.openqa.selenium.devtools.Connection.lambda$handle$5(Connection.java:348)
	at java.base/java.util.stream.ForEachOps$ForEachOp$OfRef.accept(ForEachOps.java:184)
	at java.base/java.util.stream.ReferencePipeline$2$1.accept(ReferencePipeline.java:179)
	at java.base/java.util.stream.ReferencePipeline$15$1.accept(ReferencePipeline.java:541)
	at java.base/java.util.HashMap$EntrySpliterator.forEachRemaining(HashMap.java:1858)
	at java.base/java.util.stream.AbstractPipeline.copyInto(AbstractPipeline.java:509)
	at java.base/java.util.stream.AbstractPipeline.wrapAndCopyInto(AbstractPipeline.java:499)
	at java.base/java.util.stream.ForEachOps$ForEachOp.evaluateSequential(ForEachOps.java:151)
	at java.base/java.util.stream.ForEachOps$ForEachOp$OfRef.evaluateSequential(ForEachOps.java:174)
	at java.base/java.util.stream.AbstractPipeline.evaluate(AbstractPipeline.java:234)
	at java.base/java.util.stream.ReferencePipeline.forEach(ReferencePipeline.java:596)
	at org.openqa.selenium.devtools.Connection.handle(Connection.java:311)
	at org.openqa.selenium.devtools.Connection$Listener.lambda$onText$0(Connection.java:239)
	... 3 more
Dec 16, 2024 11:48:23 AM org.openqa.selenium.devtools.CdpVersionFinder findNearestMatch
WARNING: Unable to find an exact match for CDP version 130, returning the closest version; found: 127; Please update to a Selenium version that supports CDP version 130
Dec 16, 2024 11:48:31 AM org.openqa.selenium.remote.http.WebSocket$Listener onError
WARNING: Connection reset
java.net.SocketException: Connection reset
	at java.base/sun.nio.ch.SocketChannelImpl.throwConnectionReset(SocketChannelImpl.java:401)
	at java.base/sun.nio.ch.SocketChannelImpl.read(SocketChannelImpl.java:434)
	at java.net.http/jdk.internal.net.http.SocketTube.readAvailable(SocketTube.java:1178)
	at java.net.http/jdk.internal.net.http.SocketTube$InternalReadPublisher$InternalReadSubscription.read(SocketTube.java:841)
	at java.net.http/jdk.internal.net.http.SocketTube$SocketFlowTask.run(SocketTube.java:181)
	at java.net.http/jdk.internal.net.http.common.SequentialScheduler$SchedulableTask.run(SequentialScheduler.java:207)
	at java.net.http/jdk.internal.net.http.common.SequentialScheduler.runOrSchedule(SequentialScheduler.java:280)
	at java.net.http/jdk.internal.net.http.common.SequentialScheduler.runOrSchedule(SequentialScheduler.java:233)
	at java.net.http/jdk.internal.net.http.SocketTube$InternalReadPublisher$InternalReadSubscription.signalReadable(SocketTube.java:782)
	at java.net.http/jdk.internal.net.http.SocketTube$InternalReadPublisher$ReadEvent.signalEvent(SocketTube.java:965)
	at java.net.http/jdk.internal.net.http.SocketTube$SocketFlowEvent.handle(SocketTube.java:253)
	at java.net.http/jdk.internal.net.http.HttpClientImpl$SelectorManager.handleEvent(HttpClientImpl.java:1469)
	at java.net.http/jdk.internal.net.http.HttpClientImpl$SelectorManager.lambda$run$3(HttpClientImpl.java:1414)
	at java.base/java.util.ArrayList.forEach(ArrayList.java:1596)
	at java.net.http/jdk.internal.net.http.HttpClientImpl$SelectorManager.run(HttpClientImpl.java:1414)

]]></system-err>
  </testcase>
  <testcase name="runScenario[&quot;User submits empty registration form&quot;, &quot;Register page error handling&quot;](89)" classname="TestNGTestRunner" time="6.231">
    <system-err><![CDATA[Dec 16, 2024 11:48:31 AM org.openqa.selenium.devtools.Connection$Listener lambda$onText$0
WARNING: Unable to process: {"method":"Network.responseReceived","params":{"requestId":"25112.37","loaderId":"0B458659867C6AE7B24573948E0A5A7D","timestamp":180712.234173,"type":"XHR","response":{"url":"https://rahulshettyacademy.com/api/ecom/product/get-all-products","status":200,"statusText":"OK","headers":{"Content-Encoding":"gzip","ETag":"W/\"b8d-/8LNlAiS43X+MZx1KEjom971fpM\"","Expect-CT":"max-age=0","X-Permitted-Cross-Domain-Policies":"none","X-Content-Type-Options":"nosniff","Keep-Alive":"timeout=5, max=96","Date":"Mon, 16 Dec 2024 06:18:33 GMT","Content-Type":"application/json; charset=utf-8","Vary":"Accept-Encoding","X-Frame-Options":"SAMEORIGIN","Transfer-Encoding":"chunked","Strict-Transport-Security":"max-age=15552000; includeSubDomains","Content-Security-Policy":"default-src 'self';base-uri 'self';block-all-mixed-content;font-src 'self' https: data:;frame-ancestors 'self';img-src 'self' data:;object-src 'none';script-src 'self';script-src-attr 'none';style-src 'self' https: 'unsafe-inline';upgrade-insecure-requests","X-DNS-Prefetch-Control":"off","Connection":"Keep-Alive","Referrer-Policy":"no-referrer","X-Download-Options":"noopen","Access-Control-Allow-Origin":"*","X-XSS-Protection":"0","Server":"Apache/2.4.52 (Ubuntu)"},"mimeType":"application/json","charset":"utf-8","connectionReused":true,"connectionId":104,"remoteIPAddress":"13.201.9.53","remotePort":443,"fromDiskCache":false,"fromServiceWorker":false,"fromPrefetchCache":false,"encodedDataLength":920,"timing":{"requestTime":180712.174026,"proxyStart":-1,"proxyEnd":-1,"dnsStart":-1,"dnsEnd":-1,"connectStart":-1,"connectEnd":-1,"sslStart":-1,"sslEnd":-1,"workerStart":-1,"workerReady":-1,"workerFetchStart":-1,"workerRespondWithSettled":-1,"sendStart":0.891,"sendEnd":1.114,"pushStart":0,"pushEnd":0,"receiveHeadersStart":58.72,"receiveHeadersEnd":58.842},"responseTime":1.734329909084338e+12,"protocol":"http/1.1","alternateProtocolUsage":"unspecifiedReason","securityState":"secure","securityDetails":{"protocol":"TLS 1.3","keyExchange":"","keyExchangeGroup":"X25519","cipher":"AES_128_GCM","certificateId":0,"subjectName":"rahulshettyacademy.com","sanList":["rahulshettyacademy.com"],"issuer":"E6","validFrom":1731833819,"validTo":1739609818,"signedCertificateTimestampList":[{"status":"Verified","origin":"Embedded in certificate","logDescription":"Google 'Xenon2025h1' log","logId":"CF1156EED52E7CAFF3875BD9692E9BE91A71674AB017ECAC01D25B77CECC3B08","timestamp":1731837329589,"hashAlgorithm":"SHA-256","signatureAlgorithm":"ECDSA","signatureData":"3045022049CA90B2CB95C3A4AECDECF04FECA784EE3C38F667E4444EC363E3896496E161022100A382A6A79A23DB380C6BAE53F0317A7817F487C963769692F01598128068DB66"},{"status":"Verified","origin":"Embedded in certificate","logDescription":"DigiCert Nessie2025 Log","logId":"E6D2316340778CC1104106D771B9CEC1D240F6968486FBBA87321DFD1E378E50","timestamp":1731837329733,"hashAlgorithm":"SHA-256","signatureAlgorithm":"ECDSA","signatureData":"30450220157FD090AF13CC9D704CDB761C669D3050A465792F7063143A29419C5455EE34022100B52F2E04241FBDC492EED0F11D8D4C2FCCA313C5DD1D6CFBD8BE909857B03816"}],"certificateTransparencyCompliance":"compliant","serverSignatureAlgorithm":1027,"encryptedClientHello":false}},"hasExtraInfo":true,"frameId":"C38D6AD7916593DE8BD66EDCDE92A617"},"sessionId":"568F2F137AF4F74676C0FF45D480186D"}
org.openqa.selenium.NoSuchSessionException: invalid session id
Build info: version: '4.23.0', revision: '4df0a231af'
System info: os.name: 'Windows 11', os.arch: 'amd64', os.version: '10.0', java.version: '21.0.5'
Driver info: org.openqa.selenium.chrome.ChromeDriver
Command: [eef77dd2daee167e2294ab2cee02954c, findElements {using=class name, value=card}]
Capabilities {acceptInsecureCerts: false, browserName: chrome, browserVersion: 130.0.6723.70, chrome: {chromedriverVersion: 130.0.6723.116 (6ac35f94ae3..., userDataDir: C:\Users\santh\AppData\Loca...}, fedcm:accounts: true, goog:chromeOptions: {debuggerAddress: localhost:61696}, networkConnectionEnabled: false, pageLoadStrategy: normal, platformName: windows, proxy: Proxy(), se:cdp: ws://localhost:61696/devtoo..., se:cdpVersion: 130.0.6723.70, setWindowRect: true, strictFileInteractability: false, timeouts: {implicit: 0, pageLoad: 300000, script: 30000}, unhandledPromptBehavior: dismiss and notify, webauthn:extension:credBlob: true, webauthn:extension:largeBlob: true, webauthn:extension:minPinLength: true, webauthn:extension:prf: true, webauthn:virtualAuthenticators: true}
Session ID: eef77dd2daee167e2294ab2cee02954c
	at java.base/jdk.internal.reflect.DirectConstructorHandleAccessor.newInstance(DirectConstructorHandleAccessor.java:62)
	at java.base/java.lang.reflect.Constructor.newInstanceWithCaller(Constructor.java:502)
	at java.base/java.lang.reflect.Constructor.newInstance(Constructor.java:486)
	at org.openqa.selenium.remote.ErrorCodec.decode(ErrorCodec.java:167)
	at org.openqa.selenium.remote.codec.w3c.W3CHttpResponseCodec.decode(W3CHttpResponseCodec.java:138)
	at org.openqa.selenium.remote.codec.w3c.W3CHttpResponseCodec.decode(W3CHttpResponseCodec.java:50)
	at org.openqa.selenium.remote.HttpCommandExecutor.execute(HttpCommandExecutor.java:190)
	at org.openqa.selenium.remote.service.DriverCommandExecutor.invokeExecute(DriverCommandExecutor.java:216)
	at org.openqa.selenium.remote.service.DriverCommandExecutor.execute(DriverCommandExecutor.java:174)
	at org.openqa.selenium.remote.RemoteWebDriver.execute(RemoteWebDriver.java:527)
	at org.openqa.selenium.remote.ElementLocation$ElementFinder$2.findElements(ElementLocation.java:182)
	at org.openqa.selenium.remote.ElementLocation.findElements(ElementLocation.java:103)
	at org.openqa.selenium.remote.RemoteWebDriver.findElements(RemoteWebDriver.java:370)
	at org.openqa.selenium.remote.RemoteWebDriver.findElements(RemoteWebDriver.java:364)
	at org.openqa.selenium.support.pagefactory.DefaultElementLocator.findElements(DefaultElementLocator.java:83)
	at org.openqa.selenium.support.pagefactory.internal.LocatingElementListHandler.invoke(LocatingElementListHandler.java:36)
	at jdk.proxy2/jdk.proxy2.$Proxy20.stream(Unknown Source)
	at PageObjects.ProductsPage.getProductByName(ProductsPage.java:85)
	at StepDefinitions.ProductsPage.FunctionalityStepDefImpl.lambda$user_filters_using_categories$9(FunctionalityStepDefImpl.java:458)
	at org.openqa.selenium.devtools.DevTools.lambda$addListener$0(DevTools.java:104)
	at org.openqa.selenium.devtools.Connection.lambda$handle$5(Connection.java:348)
	at java.base/java.util.stream.ForEachOps$ForEachOp$OfRef.accept(ForEachOps.java:184)
	at java.base/java.util.stream.ReferencePipeline$2$1.accept(ReferencePipeline.java:179)
	at java.base/java.util.stream.ReferencePipeline$15$1.accept(ReferencePipeline.java:541)
	at java.base/java.util.HashMap$EntrySpliterator.forEachRemaining(HashMap.java:1858)
	at java.base/java.util.stream.AbstractPipeline.copyInto(AbstractPipeline.java:509)
	at java.base/java.util.stream.AbstractPipeline.wrapAndCopyInto(AbstractPipeline.java:499)
	at java.base/java.util.stream.ForEachOps$ForEachOp.evaluateSequential(ForEachOps.java:151)
	at java.base/java.util.stream.ForEachOps$ForEachOp$OfRef.evaluateSequential(ForEachOps.java:174)
	at java.base/java.util.stream.AbstractPipeline.evaluate(AbstractPipeline.java:234)
	at java.base/java.util.stream.ReferencePipeline.forEach(ReferencePipeline.java:596)
	at org.openqa.selenium.devtools.Connection.handle(Connection.java:311)
	at org.openqa.selenium.devtools.Connection$Listener.lambda$onText$0(Connection.java:239)
	at java.base/java.util.concurrent.ThreadPoolExecutor.runWorker(ThreadPoolExecutor.java:1144)
	at java.base/java.util.concurrent.ThreadPoolExecutor$Worker.run(ThreadPoolExecutor.java:642)
	at java.base/java.lang.Thread.run(Thread.java:1583)

Exception in thread "CDP Connection" org.openqa.selenium.devtools.DevToolsException: invalid session id
Build info: version: '4.23.0', revision: '4df0a231af'
System info: os.name: 'Windows 11', os.arch: 'amd64', os.version: '10.0', java.version: '21.0.5'
Driver info: org.openqa.selenium.chrome.ChromeDriver
Command: [eef77dd2daee167e2294ab2cee02954c, findElements {using=class name, value=card}]
Capabilities {acceptInsecureCerts: false, browserName: chrome, browserVersion: 130.0.6723.70, chrome: {chromedriverVersion: 130.0.6723.116 (6ac35f94ae3..., userDataDir: C:\Users\santh\AppData\Loca...}, fedcm:accounts: true, goog:chromeOptions: {debuggerAddress: localhost:61696}, networkConnectionEnabled: false, pageLoadStrategy: normal, platformName: windows, proxy: Proxy(), se:cdp: ws://localhost:61696/devtoo..., se:cdpVersion: 130.0.6723.70, setWindowRect: true, strictFileInteractability: false, timeouts: {implicit: 0, pageLoad: 300000, script: 30000}, unhandledPromptBehavior: dismiss and notify, webauthn:extension:credBlob: true, webauthn:extension:largeBlob: true, webauthn:extension:minPinLength: true, webauthn:extension:prf: true, webauthn:virtualAuthenticators: true}
Session ID: eef77dd2daee167e2294ab2cee02954c
	at org.openqa.selenium.devtools.Connection$Listener.lambda$onText$0(Connection.java:242)
	at java.base/java.util.concurrent.ThreadPoolExecutor.runWorker(ThreadPoolExecutor.java:1144)
	at java.base/java.util.concurrent.ThreadPoolExecutor$Worker.run(ThreadPoolExecutor.java:642)
	at java.base/java.lang.Thread.run(Thread.java:1583)
Caused by: org.openqa.selenium.NoSuchSessionException: invalid session id
Build info: version: '4.23.0', revision: '4df0a231af'
System info: os.name: 'Windows 11', os.arch: 'amd64', os.version: '10.0', java.version: '21.0.5'
Driver info: org.openqa.selenium.chrome.ChromeDriver
Command: [eef77dd2daee167e2294ab2cee02954c, findElements {using=class name, value=card}]
Capabilities {acceptInsecureCerts: false, browserName: chrome, browserVersion: 130.0.6723.70, chrome: {chromedriverVersion: 130.0.6723.116 (6ac35f94ae3..., userDataDir: C:\Users\santh\AppData\Loca...}, fedcm:accounts: true, goog:chromeOptions: {debuggerAddress: localhost:61696}, networkConnectionEnabled: false, pageLoadStrategy: normal, platformName: windows, proxy: Proxy(), se:cdp: ws://localhost:61696/devtoo..., se:cdpVersion: 130.0.6723.70, setWindowRect: true, strictFileInteractability: false, timeouts: {implicit: 0, pageLoad: 300000, script: 30000}, unhandledPromptBehavior: dismiss and notify, webauthn:extension:credBlob: true, webauthn:extension:largeBlob: true, webauthn:extension:minPinLength: true, webauthn:extension:prf: true, webauthn:virtualAuthenticators: true}
Session ID: eef77dd2daee167e2294ab2cee02954c
	at java.base/jdk.internal.reflect.DirectConstructorHandleAccessor.newInstance(DirectConstructorHandleAccessor.java:62)
	at java.base/java.lang.reflect.Constructor.newInstanceWithCaller(Constructor.java:502)
	at java.base/java.lang.reflect.Constructor.newInstance(Constructor.java:486)
	at org.openqa.selenium.remote.ErrorCodec.decode(ErrorCodec.java:167)
	at org.openqa.selenium.remote.codec.w3c.W3CHttpResponseCodec.decode(W3CHttpResponseCodec.java:138)
	at org.openqa.selenium.remote.codec.w3c.W3CHttpResponseCodec.decode(W3CHttpResponseCodec.java:50)
	at org.openqa.selenium.remote.HttpCommandExecutor.execute(HttpCommandExecutor.java:190)
	at org.openqa.selenium.remote.service.DriverCommandExecutor.invokeExecute(DriverCommandExecutor.java:216)
	at org.openqa.selenium.remote.service.DriverCommandExecutor.execute(DriverCommandExecutor.java:174)
	at org.openqa.selenium.remote.RemoteWebDriver.execute(RemoteWebDriver.java:527)
	at org.openqa.selenium.remote.ElementLocation$ElementFinder$2.findElements(ElementLocation.java:182)
	at org.openqa.selenium.remote.ElementLocation.findElements(ElementLocation.java:103)
	at org.openqa.selenium.remote.RemoteWebDriver.findElements(RemoteWebDriver.java:370)
	at org.openqa.selenium.remote.RemoteWebDriver.findElements(RemoteWebDriver.java:364)
	at org.openqa.selenium.support.pagefactory.DefaultElementLocator.findElements(DefaultElementLocator.java:83)
	at org.openqa.selenium.support.pagefactory.internal.LocatingElementListHandler.invoke(LocatingElementListHandler.java:36)
	at jdk.proxy2/jdk.proxy2.$Proxy20.stream(Unknown Source)
	at PageObjects.ProductsPage.getProductByName(ProductsPage.java:85)
	at StepDefinitions.ProductsPage.FunctionalityStepDefImpl.lambda$user_filters_using_categories$9(FunctionalityStepDefImpl.java:458)
	at org.openqa.selenium.devtools.DevTools.lambda$addListener$0(DevTools.java:104)
	at org.openqa.selenium.devtools.Connection.lambda$handle$5(Connection.java:348)
	at java.base/java.util.stream.ForEachOps$ForEachOp$OfRef.accept(ForEachOps.java:184)
	at java.base/java.util.stream.ReferencePipeline$2$1.accept(ReferencePipeline.java:179)
	at java.base/java.util.stream.ReferencePipeline$15$1.accept(ReferencePipeline.java:541)
	at java.base/java.util.HashMap$EntrySpliterator.forEachRemaining(HashMap.java:1858)
	at java.base/java.util.stream.AbstractPipeline.copyInto(AbstractPipeline.java:509)
	at java.base/java.util.stream.AbstractPipeline.wrapAndCopyInto(AbstractPipeline.java:499)
	at java.base/java.util.stream.ForEachOps$ForEachOp.evaluateSequential(ForEachOps.java:151)
	at java.base/java.util.stream.ForEachOps$ForEachOp$OfRef.evaluateSequential(ForEachOps.java:174)
	at java.base/java.util.stream.AbstractPipeline.evaluate(AbstractPipeline.java:234)
	at java.base/java.util.stream.ReferencePipeline.forEach(ReferencePipeline.java:596)
	at org.openqa.selenium.devtools.Connection.handle(Connection.java:311)
	at org.openqa.selenium.devtools.Connection$Listener.lambda$onText$0(Connection.java:239)
	... 3 more
Dec 16, 2024 11:48:33 AM org.openqa.selenium.devtools.CdpVersionFinder findNearestMatch
WARNING: Unable to find an exact match for CDP version 130, returning the closest version; found: 127; Please update to a Selenium version that supports CDP version 130
]]></system-err>
  </testcase>
  <testcase name="runScenario[&quot;User provides inalid email and invalid email error is displayed&quot;, &quot;Register page error handling&quot;](90)" classname="TestNGTestRunner" time="7.603">
    <system-err><![CDATA[Dec 16, 2024 11:48:38 AM org.openqa.selenium.devtools.CdpVersionFinder findNearestMatch
WARNING: Unable to find an exact match for CDP version 130, returning the closest version; found: 127; Please update to a Selenium version that supports CDP version 130
Dec 16, 2024 11:48:42 AM org.openqa.selenium.remote.http.WebSocket$Listener onError
WARNING: Connection reset
java.net.SocketException: Connection reset
	at java.base/sun.nio.ch.SocketChannelImpl.throwConnectionReset(SocketChannelImpl.java:401)
	at java.base/sun.nio.ch.SocketChannelImpl.read(SocketChannelImpl.java:434)
	at java.net.http/jdk.internal.net.http.SocketTube.readAvailable(SocketTube.java:1178)
	at java.net.http/jdk.internal.net.http.SocketTube$InternalReadPublisher$InternalReadSubscription.read(SocketTube.java:841)
	at java.net.http/jdk.internal.net.http.SocketTube$SocketFlowTask.run(SocketTube.java:181)
	at java.net.http/jdk.internal.net.http.common.SequentialScheduler$SchedulableTask.run(SequentialScheduler.java:207)
	at java.net.http/jdk.internal.net.http.common.SequentialScheduler.runOrSchedule(SequentialScheduler.java:280)
	at java.net.http/jdk.internal.net.http.common.SequentialScheduler.runOrSchedule(SequentialScheduler.java:233)
	at java.net.http/jdk.internal.net.http.SocketTube$InternalReadPublisher$InternalReadSubscription.signalReadable(SocketTube.java:782)
	at java.net.http/jdk.internal.net.http.SocketTube$InternalReadPublisher$ReadEvent.signalEvent(SocketTube.java:965)
	at java.net.http/jdk.internal.net.http.SocketTube$SocketFlowEvent.handle(SocketTube.java:253)
	at java.net.http/jdk.internal.net.http.HttpClientImpl$SelectorManager.handleEvent(HttpClientImpl.java:1469)
	at java.net.http/jdk.internal.net.http.HttpClientImpl$SelectorManager.lambda$run$3(HttpClientImpl.java:1414)
	at java.base/java.util.ArrayList.forEach(ArrayList.java:1596)
	at java.net.http/jdk.internal.net.http.HttpClientImpl$SelectorManager.run(HttpClientImpl.java:1414)

]]></system-err>
  </testcase>
  <testcase name="runScenario[&quot;User provides mismatch password and password mismatch error is displayed&quot;, &quot;Register page error handling&quot;](91)" classname="TestNGTestRunner" time="9.312">
    <system-err><![CDATA[Dec 16, 2024 11:48:47 AM org.openqa.selenium.devtools.CdpVersionFinder findNearestMatch
WARNING: Unable to find an exact match for CDP version 130, returning the closest version; found: 127; Please update to a Selenium version that supports CDP version 130
Dec 16, 2024 11:48:52 AM org.openqa.selenium.remote.http.WebSocket$Listener onError
WARNING: Connection reset
java.net.SocketException: Connection reset
	at java.base/sun.nio.ch.SocketChannelImpl.throwConnectionReset(SocketChannelImpl.java:401)
	at java.base/sun.nio.ch.SocketChannelImpl.read(SocketChannelImpl.java:434)
	at java.net.http/jdk.internal.net.http.SocketTube.readAvailable(SocketTube.java:1178)
	at java.net.http/jdk.internal.net.http.SocketTube$InternalReadPublisher$InternalReadSubscription.read(SocketTube.java:841)
	at java.net.http/jdk.internal.net.http.SocketTube$SocketFlowTask.run(SocketTube.java:181)
	at java.net.http/jdk.internal.net.http.common.SequentialScheduler$SchedulableTask.run(SequentialScheduler.java:207)
	at java.net.http/jdk.internal.net.http.common.SequentialScheduler.runOrSchedule(SequentialScheduler.java:280)
	at java.net.http/jdk.internal.net.http.common.SequentialScheduler.runOrSchedule(SequentialScheduler.java:233)
	at java.net.http/jdk.internal.net.http.SocketTube$InternalReadPublisher$InternalReadSubscription.signalReadable(SocketTube.java:782)
	at java.net.http/jdk.internal.net.http.SocketTube$InternalReadPublisher$ReadEvent.signalEvent(SocketTube.java:965)
	at java.net.http/jdk.internal.net.http.SocketTube$SocketFlowEvent.handle(SocketTube.java:253)
	at java.net.http/jdk.internal.net.http.HttpClientImpl$SelectorManager.handleEvent(HttpClientImpl.java:1469)
	at java.net.http/jdk.internal.net.http.HttpClientImpl$SelectorManager.lambda$run$3(HttpClientImpl.java:1414)
	at java.base/java.util.ArrayList.forEach(ArrayList.java:1596)
	at java.net.http/jdk.internal.net.http.HttpClientImpl$SelectorManager.run(HttpClientImpl.java:1414)

]]></system-err>
  </testcase>
  <testcase name="runScenario[&quot;User provides mobile number with chars and mobile error is displayed&quot;, &quot;Register page error handling&quot;](92)" classname="TestNGTestRunner" time="8.886">
    <system-err><![CDATA[Dec 16, 2024 11:48:56 AM org.openqa.selenium.devtools.CdpVersionFinder findNearestMatch
WARNING: Unable to find an exact match for CDP version 130, returning the closest version; found: 127; Please update to a Selenium version that supports CDP version 130
Dec 16, 2024 11:49:01 AM org.openqa.selenium.remote.http.WebSocket$Listener onError
WARNING: Connection reset
java.net.SocketException: Connection reset
	at java.base/sun.nio.ch.SocketChannelImpl.throwConnectionReset(SocketChannelImpl.java:401)
	at java.base/sun.nio.ch.SocketChannelImpl.read(SocketChannelImpl.java:434)
	at java.net.http/jdk.internal.net.http.SocketTube.readAvailable(SocketTube.java:1178)
	at java.net.http/jdk.internal.net.http.SocketTube$InternalReadPublisher$InternalReadSubscription.read(SocketTube.java:841)
	at java.net.http/jdk.internal.net.http.SocketTube$SocketFlowTask.run(SocketTube.java:181)
	at java.net.http/jdk.internal.net.http.common.SequentialScheduler$SchedulableTask.run(SequentialScheduler.java:207)
	at java.net.http/jdk.internal.net.http.common.SequentialScheduler.runOrSchedule(SequentialScheduler.java:280)
	at java.net.http/jdk.internal.net.http.common.SequentialScheduler.runOrSchedule(SequentialScheduler.java:233)
	at java.net.http/jdk.internal.net.http.SocketTube$InternalReadPublisher$InternalReadSubscription.signalReadable(SocketTube.java:782)
	at java.net.http/jdk.internal.net.http.SocketTube$InternalReadPublisher$ReadEvent.signalEvent(SocketTube.java:965)
	at java.net.http/jdk.internal.net.http.SocketTube$SocketFlowEvent.handle(SocketTube.java:253)
	at java.net.http/jdk.internal.net.http.HttpClientImpl$SelectorManager.handleEvent(HttpClientImpl.java:1469)
	at java.net.http/jdk.internal.net.http.HttpClientImpl$SelectorManager.lambda$run$3(HttpClientImpl.java:1414)
	at java.base/java.util.ArrayList.forEach(ArrayList.java:1596)
	at java.net.http/jdk.internal.net.http.HttpClientImpl$SelectorManager.run(HttpClientImpl.java:1414)

]]></system-err>
  </testcase>
  <testcase name="runScenario[&quot;User provides mobile number with less than 10 digits and mobile error is displayed&quot;, &quot;Register page error handling&quot;](93)" classname="TestNGTestRunner" time="8.348">
    <system-err><![CDATA[Dec 16, 2024 11:49:05 AM org.openqa.selenium.devtools.CdpVersionFinder findNearestMatch
WARNING: Unable to find an exact match for CDP version 130, returning the closest version; found: 127; Please update to a Selenium version that supports CDP version 130
Dec 16, 2024 11:49:09 AM org.openqa.selenium.remote.http.WebSocket$Listener onError
WARNING: Connection reset
java.net.SocketException: Connection reset
	at java.base/sun.nio.ch.SocketChannelImpl.throwConnectionReset(SocketChannelImpl.java:401)
	at java.base/sun.nio.ch.SocketChannelImpl.read(SocketChannelImpl.java:434)
	at java.net.http/jdk.internal.net.http.SocketTube.readAvailable(SocketTube.java:1178)
	at java.net.http/jdk.internal.net.http.SocketTube$InternalReadPublisher$InternalReadSubscription.read(SocketTube.java:841)
	at java.net.http/jdk.internal.net.http.SocketTube$SocketFlowTask.run(SocketTube.java:181)
	at java.net.http/jdk.internal.net.http.common.SequentialScheduler$SchedulableTask.run(SequentialScheduler.java:207)
	at java.net.http/jdk.internal.net.http.common.SequentialScheduler.runOrSchedule(SequentialScheduler.java:280)
	at java.net.http/jdk.internal.net.http.common.SequentialScheduler.runOrSchedule(SequentialScheduler.java:233)
	at java.net.http/jdk.internal.net.http.SocketTube$InternalReadPublisher$InternalReadSubscription.signalReadable(SocketTube.java:782)
	at java.net.http/jdk.internal.net.http.SocketTube$InternalReadPublisher$ReadEvent.signalEvent(SocketTube.java:965)
	at java.net.http/jdk.internal.net.http.SocketTube$SocketFlowEvent.handle(SocketTube.java:253)
	at java.net.http/jdk.internal.net.http.HttpClientImpl$SelectorManager.handleEvent(HttpClientImpl.java:1469)
	at java.net.http/jdk.internal.net.http.HttpClientImpl$SelectorManager.lambda$run$3(HttpClientImpl.java:1414)
	at java.base/java.util.ArrayList.forEach(ArrayList.java:1596)
	at java.net.http/jdk.internal.net.http.HttpClientImpl$SelectorManager.run(HttpClientImpl.java:1414)

]]></system-err>
  </testcase>
  <testcase name="runScenario[&quot;User provides registered email and registerd user is displayed&quot;, &quot;Register page error handling&quot;](94)" classname="TestNGTestRunner" time="8.597">
    <system-err><![CDATA[Dec 16, 2024 11:49:14 AM org.openqa.selenium.devtools.CdpVersionFinder findNearestMatch
WARNING: Unable to find an exact match for CDP version 130, returning the closest version; found: 127; Please update to a Selenium version that supports CDP version 130
Dec 16, 2024 11:49:17 AM org.openqa.selenium.devtools.Connection$Listener lambda$onText$0
WARNING: Unable to process: {"method":"Network.responseReceived","params":{"requestId":"2832.21","loaderId":"D37D8BD4B1D338B3284BB7ECF89D6CD8","timestamp":180761.030123,"type":"Other","response":{"url":"https://rahulshettyacademy.com/api/ecom/auth/register","status":400,"statusText":"Bad Request","headers":{"ETag":"W/\"36-P1IkbAVinPZnsnsl+gSlDYl9r30\"","Expect-CT":"max-age=0","X-Permitted-Cross-Domain-Policies":"none","X-Content-Type-Options":"nosniff","Date":"Mon, 16 Dec 2024 06:19:22 GMT","Content-Type":"application/json; charset=utf-8","Vary":"Accept-Encoding","X-Frame-Options":"SAMEORIGIN","Strict-Transport-Security":"max-age=15552000; includeSubDomains","Content-Security-Policy":"default-src 'self';base-uri 'self';block-all-mixed-content;font-src 'self' https: data:;frame-ancestors 'self';img-src 'self' data:;object-src 'none';script-src 'self';script-src-attr 'none';style-src 'self' https: 'unsafe-inline';upgrade-insecure-requests","X-DNS-Prefetch-Control":"off","Connection":"close","Referrer-Policy":"no-referrer","X-Download-Options":"noopen","Access-Control-Allow-Origin":"*","Content-Length":"54","X-XSS-Protection":"0","Server":"Apache/2.4.52 (Ubuntu)"},"mimeType":"application/json","charset":"utf-8","connectionReused":true,"connectionId":72,"remoteIPAddress":"13.201.9.53","remotePort":443,"fromDiskCache":false,"fromServiceWorker":false,"fromPrefetchCache":false,"encodedDataLength":860,"timing":{"requestTime":180760.990524,"proxyStart":-1,"proxyEnd":-1,"dnsStart":-1,"dnsEnd":-1,"connectStart":-1,"connectEnd":-1,"sslStart":-1,"sslEnd":-1,"workerStart":-1,"workerReady":-1,"workerFetchStart":-1,"workerRespondWithSettled":-1,"sendStart":0.667,"sendEnd":0.882,"pushStart":0,"pushEnd":0,"receiveHeadersStart":34.41,"receiveHeadersEnd":34.529},"responseTime":1.734329957876744e+12,"protocol":"http/1.1","alternateProtocolUsage":"unspecifiedReason","securityState":"secure","securityDetails":{"protocol":"TLS 1.3","keyExchange":"","keyExchangeGroup":"X25519","cipher":"AES_128_GCM","certificateId":0,"subjectName":"rahulshettyacademy.com","sanList":["rahulshettyacademy.com"],"issuer":"E6","validFrom":1731833819,"validTo":1739609818,"signedCertificateTimestampList":[{"status":"Verified","origin":"Embedded in certificate","logDescription":"Google 'Xenon2025h1' log","logId":"CF1156EED52E7CAFF3875BD9692E9BE91A71674AB017ECAC01D25B77CECC3B08","timestamp":1731837329589,"hashAlgorithm":"SHA-256","signatureAlgorithm":"ECDSA","signatureData":"3045022049CA90B2CB95C3A4AECDECF04FECA784EE3C38F667E4444EC363E3896496E161022100A382A6A79A23DB380C6BAE53F0317A7817F487C963769692F01598128068DB66"},{"status":"Verified","origin":"Embedded in certificate","logDescription":"DigiCert Nessie2025 Log","logId":"E6D2316340778CC1104106D771B9CEC1D240F6968486FBBA87321DFD1E378E50","timestamp":1731837329733,"hashAlgorithm":"SHA-256","signatureAlgorithm":"ECDSA","signatureData":"30450220157FD090AF13CC9D704CDB761C669D3050A465792F7063143A29419C5455EE34022100B52F2E04241FBDC492EED0F11D8D4C2FCCA313C5DD1D6CFBD8BE909857B03816"}],"certificateTransparencyCompliance":"compliant","serverSignatureAlgorithm":1027,"encryptedClientHello":false}},"hasExtraInfo":true,"frameId":"811C8478390203926F70FD02062DCC75"},"sessionId":"FF715A40BFB5233B72B3D10C474C62EE"}
org.openqa.selenium.devtools.DevToolsException: {"id":425,"error":{"code":-32000,"message":"No resource with given identifier found"},"sessionId":"FF715A40BFB5233B72B3D10C474C62EE"}
Build info: version: '4.23.0', revision: '4df0a231af'
System info: os.name: 'Windows 11', os.arch: 'amd64', os.version: '10.0', java.version: '21.0.5'
Driver info: driver.version: unknown
	at org.openqa.selenium.devtools.Connection.sendAndWait(Connection.java:195)
	at org.openqa.selenium.devtools.DevTools.send(DevTools.java:90)
	at StepDefinitions.RegisterPage.ErrorHandlingStepDefImpl.lambda$user_exist_error_message_is_displayed$1(ErrorHandlingStepDefImpl.java:116)
	at org.openqa.selenium.devtools.DevTools.lambda$addListener$0(DevTools.java:104)
	at org.openqa.selenium.devtools.Connection.lambda$handle$5(Connection.java:348)
	at java.base/java.util.stream.ForEachOps$ForEachOp$OfRef.accept(ForEachOps.java:184)
	at java.base/java.util.stream.ReferencePipeline$2$1.accept(ReferencePipeline.java:179)
	at java.base/java.util.stream.ReferencePipeline$15$1.accept(ReferencePipeline.java:541)
	at java.base/java.util.HashMap$EntrySpliterator.forEachRemaining(HashMap.java:1858)
	at java.base/java.util.stream.AbstractPipeline.copyInto(AbstractPipeline.java:509)
	at java.base/java.util.stream.AbstractPipeline.wrapAndCopyInto(AbstractPipeline.java:499)
	at java.base/java.util.stream.ForEachOps$ForEachOp.evaluateSequential(ForEachOps.java:151)
	at java.base/java.util.stream.ForEachOps$ForEachOp$OfRef.evaluateSequential(ForEachOps.java:174)
	at java.base/java.util.stream.AbstractPipeline.evaluate(AbstractPipeline.java:234)
	at java.base/java.util.stream.ReferencePipeline.forEach(ReferencePipeline.java:596)
	at org.openqa.selenium.devtools.Connection.handle(Connection.java:311)
	at org.openqa.selenium.devtools.Connection$Listener.lambda$onText$0(Connection.java:239)
	at java.base/java.util.concurrent.ThreadPoolExecutor.runWorker(ThreadPoolExecutor.java:1144)
	at java.base/java.util.concurrent.ThreadPoolExecutor$Worker.run(ThreadPoolExecutor.java:642)
	at java.base/java.lang.Thread.run(Thread.java:1583)
Caused by: org.openqa.selenium.WebDriverException: {"id":425,"error":{"code":-32000,"message":"No resource with given identifier found"},"sessionId":"FF715A40BFB5233B72B3D10C474C62EE"}
Build info: version: '4.23.0', revision: '4df0a231af'
System info: os.name: 'Windows 11', os.arch: 'amd64', os.version: '10.0', java.version: '21.0.5'
Driver info: driver.version: unknown
	at org.openqa.selenium.devtools.Connection.handle(Connection.java:275)
	... 4 more

Exception in thread "CDP Connection" org.openqa.selenium.devtools.DevToolsException: {"id":425,"error":{"code":-32000,"message":"No resource with given identifier found"},"sessionId":"FF715A40BFB5233B72B3D10C474C62EE"}
Build info: version: '4.23.0', revision: '4df0a231af'
System info: os.name: 'Windows 11', os.arch: 'amd64', os.version: '10.0', java.version: '21.0.5'
Driver info: driver.version: unknown
	at org.openqa.selenium.devtools.Connection$Listener.lambda$onText$0(Connection.java:242)
	at java.base/java.util.concurrent.ThreadPoolExecutor.runWorker(ThreadPoolExecutor.java:1144)
	at java.base/java.util.concurrent.ThreadPoolExecutor$Worker.run(ThreadPoolExecutor.java:642)
	at java.base/java.lang.Thread.run(Thread.java:1583)
Caused by: org.openqa.selenium.devtools.DevToolsException: {"id":425,"error":{"code":-32000,"message":"No resource with given identifier found"},"sessionId":"FF715A40BFB5233B72B3D10C474C62EE"}
Build info: version: '4.23.0', revision: '4df0a231af'
System info: os.name: 'Windows 11', os.arch: 'amd64', os.version: '10.0', java.version: '21.0.5'
Driver info: driver.version: unknown
	at org.openqa.selenium.devtools.Connection.sendAndWait(Connection.java:195)
	at org.openqa.selenium.devtools.DevTools.send(DevTools.java:90)
	at StepDefinitions.RegisterPage.ErrorHandlingStepDefImpl.lambda$user_exist_error_message_is_displayed$1(ErrorHandlingStepDefImpl.java:116)
	at org.openqa.selenium.devtools.DevTools.lambda$addListener$0(DevTools.java:104)
	at org.openqa.selenium.devtools.Connection.lambda$handle$5(Connection.java:348)
	at java.base/java.util.stream.ForEachOps$ForEachOp$OfRef.accept(ForEachOps.java:184)
	at java.base/java.util.stream.ReferencePipeline$2$1.accept(ReferencePipeline.java:179)
	at java.base/java.util.stream.ReferencePipeline$15$1.accept(ReferencePipeline.java:541)
	at java.base/java.util.HashMap$EntrySpliterator.forEachRemaining(HashMap.java:1858)
	at java.base/java.util.stream.AbstractPipeline.copyInto(AbstractPipeline.java:509)
	at java.base/java.util.stream.AbstractPipeline.wrapAndCopyInto(AbstractPipeline.java:499)
	at java.base/java.util.stream.ForEachOps$ForEachOp.evaluateSequential(ForEachOps.java:151)
	at java.base/java.util.stream.ForEachOps$ForEachOp$OfRef.evaluateSequential(ForEachOps.java:174)
	at java.base/java.util.stream.AbstractPipeline.evaluate(AbstractPipeline.java:234)
	at java.base/java.util.stream.ReferencePipeline.forEach(ReferencePipeline.java:596)
	at org.openqa.selenium.devtools.Connection.handle(Connection.java:311)
	at org.openqa.selenium.devtools.Connection$Listener.lambda$onText$0(Connection.java:239)
	... 3 more
Caused by: org.openqa.selenium.WebDriverException: {"id":425,"error":{"code":-32000,"message":"No resource with given identifier found"},"sessionId":"FF715A40BFB5233B72B3D10C474C62EE"}
Build info: version: '4.23.0', revision: '4df0a231af'
System info: os.name: 'Windows 11', os.arch: 'amd64', os.version: '10.0', java.version: '21.0.5'
Driver info: driver.version: unknown
	at org.openqa.selenium.devtools.Connection.handle(Connection.java:275)
	... 4 more
Dec 16, 2024 11:49:17 AM org.openqa.selenium.devtools.Connection$Listener lambda$onText$0
WARNING: Unable to process: {"method":"Network.responseReceived","params":{"requestId":"2832.21","loaderId":"D37D8BD4B1D338B3284BB7ECF89D6CD8","timestamp":180761.030054,"type":"XHR","response":{"url":"https://rahulshettyacademy.com/api/ecom/auth/register","status":400,"statusText":"Bad Request","headers":{"ETag":"W/\"36-P1IkbAVinPZnsnsl+gSlDYl9r30\"","Expect-CT":"max-age=0","X-Permitted-Cross-Domain-Policies":"none","X-Content-Type-Options":"nosniff","Date":"Mon, 16 Dec 2024 06:19:22 GMT","Content-Type":"application/json; charset=utf-8","Vary":"Accept-Encoding","X-Frame-Options":"SAMEORIGIN","Strict-Transport-Security":"max-age=15552000; includeSubDomains","Content-Security-Policy":"default-src 'self';base-uri 'self';block-all-mixed-content;font-src 'self' https: data:;frame-ancestors 'self';img-src 'self' data:;object-src 'none';script-src 'self';script-src-attr 'none';style-src 'self' https: 'unsafe-inline';upgrade-insecure-requests","X-DNS-Prefetch-Control":"off","Connection":"close","Referrer-Policy":"no-referrer","X-Download-Options":"noopen","Access-Control-Allow-Origin":"*","Content-Length":"54","X-XSS-Protection":"0","Server":"Apache/2.4.52 (Ubuntu)"},"mimeType":"application/json","charset":"utf-8","connectionReused":true,"connectionId":72,"remoteIPAddress":"13.201.9.53","remotePort":443,"fromDiskCache":false,"fromServiceWorker":false,"fromPrefetchCache":false,"encodedDataLength":860,"timing":{"requestTime":180760.990524,"proxyStart":-1,"proxyEnd":-1,"dnsStart":-1,"dnsEnd":-1,"connectStart":-1,"connectEnd":-1,"sslStart":-1,"sslEnd":-1,"workerStart":-1,"workerReady":-1,"workerFetchStart":-1,"workerRespondWithSettled":-1,"sendStart":0.667,"sendEnd":0.882,"pushStart":0,"pushEnd":0,"receiveHeadersStart":34.41,"receiveHeadersEnd":34.529},"responseTime":1.734329957876744e+12,"protocol":"http/1.1","alternateProtocolUsage":"unspecifiedReason","securityState":"secure","securityDetails":{"protocol":"TLS 1.3","keyExchange":"","keyExchangeGroup":"X25519","cipher":"AES_128_GCM","certificateId":0,"subjectName":"rahulshettyacademy.com","sanList":["rahulshettyacademy.com"],"issuer":"E6","validFrom":1731833819,"validTo":1739609818,"signedCertificateTimestampList":[{"status":"Verified","origin":"Embedded in certificate","logDescription":"Google 'Xenon2025h1' log","logId":"CF1156EED52E7CAFF3875BD9692E9BE91A71674AB017ECAC01D25B77CECC3B08","timestamp":1731837329589,"hashAlgorithm":"SHA-256","signatureAlgorithm":"ECDSA","signatureData":"3045022049CA90B2CB95C3A4AECDECF04FECA784EE3C38F667E4444EC363E3896496E161022100A382A6A79A23DB380C6BAE53F0317A7817F487C963769692F01598128068DB66"},{"status":"Verified","origin":"Embedded in certificate","logDescription":"DigiCert Nessie2025 Log","logId":"E6D2316340778CC1104106D771B9CEC1D240F6968486FBBA87321DFD1E378E50","timestamp":1731837329733,"hashAlgorithm":"SHA-256","signatureAlgorithm":"ECDSA","signatureData":"30450220157FD090AF13CC9D704CDB761C669D3050A465792F7063143A29419C5455EE34022100B52F2E04241FBDC492EED0F11D8D4C2FCCA313C5DD1D6CFBD8BE909857B03816"}],"certificateTransparencyCompliance":"compliant","serverSignatureAlgorithm":1027,"encryptedClientHello":false}},"hasExtraInfo":true,"frameId":"811C8478390203926F70FD02062DCC75"},"sessionId":"C14EA51B64536D9C5926D49E76358A20"}
org.openqa.selenium.devtools.DevToolsException: {"id":424,"error":{"code":-32000,"message":"No resource with given identifier found"},"sessionId":"FF715A40BFB5233B72B3D10C474C62EE"}
Build info: version: '4.23.0', revision: '4df0a231af'
System info: os.name: 'Windows 11', os.arch: 'amd64', os.version: '10.0', java.version: '21.0.5'
Driver info: driver.version: unknown
	at org.openqa.selenium.devtools.Connection.sendAndWait(Connection.java:195)
	at org.openqa.selenium.devtools.DevTools.send(DevTools.java:90)
	at StepDefinitions.RegisterPage.ErrorHandlingStepDefImpl.lambda$user_exist_error_message_is_displayed$1(ErrorHandlingStepDefImpl.java:116)
	at org.openqa.selenium.devtools.DevTools.lambda$addListener$0(DevTools.java:104)
	at org.openqa.selenium.devtools.Connection.lambda$handle$5(Connection.java:348)
	at java.base/java.util.stream.ForEachOps$ForEachOp$OfRef.accept(ForEachOps.java:184)
	at java.base/java.util.stream.ReferencePipeline$2$1.accept(ReferencePipeline.java:179)
	at java.base/java.util.stream.ReferencePipeline$15$1.accept(ReferencePipeline.java:541)
	at java.base/java.util.HashMap$EntrySpliterator.forEachRemaining(HashMap.java:1858)
	at java.base/java.util.stream.AbstractPipeline.copyInto(AbstractPipeline.java:509)
	at java.base/java.util.stream.AbstractPipeline.wrapAndCopyInto(AbstractPipeline.java:499)
	at java.base/java.util.stream.ForEachOps$ForEachOp.evaluateSequential(ForEachOps.java:151)
	at java.base/java.util.stream.ForEachOps$ForEachOp$OfRef.evaluateSequential(ForEachOps.java:174)
	at java.base/java.util.stream.AbstractPipeline.evaluate(AbstractPipeline.java:234)
	at java.base/java.util.stream.ReferencePipeline.forEach(ReferencePipeline.java:596)
	at org.openqa.selenium.devtools.Connection.handle(Connection.java:311)
	at org.openqa.selenium.devtools.Connection$Listener.lambda$onText$0(Connection.java:239)
	at java.base/java.util.concurrent.ThreadPoolExecutor.runWorker(ThreadPoolExecutor.java:1144)
	at java.base/java.util.concurrent.ThreadPoolExecutor$Worker.run(ThreadPoolExecutor.java:642)
	at java.base/java.lang.Thread.run(Thread.java:1583)
Caused by: org.openqa.selenium.WebDriverException: {"id":424,"error":{"code":-32000,"message":"No resource with given identifier found"},"sessionId":"FF715A40BFB5233B72B3D10C474C62EE"}
Build info: version: '4.23.0', revision: '4df0a231af'
System info: os.name: 'Windows 11', os.arch: 'amd64', os.version: '10.0', java.version: '21.0.5'
Driver info: driver.version: unknown
	at org.openqa.selenium.devtools.Connection.handle(Connection.java:275)
	... 4 more

Exception in thread "CDP Connection" org.openqa.selenium.devtools.DevToolsException: {"id":424,"error":{"code":-32000,"message":"No resource with given identifier found"},"sessionId":"FF715A40BFB5233B72B3D10C474C62EE"}
Build info: version: '4.23.0', revision: '4df0a231af'
System info: os.name: 'Windows 11', os.arch: 'amd64', os.version: '10.0', java.version: '21.0.5'
Driver info: driver.version: unknown
	at org.openqa.selenium.devtools.Connection$Listener.lambda$onText$0(Connection.java:242)
	at java.base/java.util.concurrent.ThreadPoolExecutor.runWorker(ThreadPoolExecutor.java:1144)
	at java.base/java.util.concurrent.ThreadPoolExecutor$Worker.run(ThreadPoolExecutor.java:642)
	at java.base/java.lang.Thread.run(Thread.java:1583)
Caused by: org.openqa.selenium.devtools.DevToolsException: {"id":424,"error":{"code":-32000,"message":"No resource with given identifier found"},"sessionId":"FF715A40BFB5233B72B3D10C474C62EE"}
Build info: version: '4.23.0', revision: '4df0a231af'
System info: os.name: 'Windows 11', os.arch: 'amd64', os.version: '10.0', java.version: '21.0.5'
Driver info: driver.version: unknown
	at org.openqa.selenium.devtools.Connection.sendAndWait(Connection.java:195)
	at org.openqa.selenium.devtools.DevTools.send(DevTools.java:90)
	at StepDefinitions.RegisterPage.ErrorHandlingStepDefImpl.lambda$user_exist_error_message_is_displayed$1(ErrorHandlingStepDefImpl.java:116)
	at org.openqa.selenium.devtools.DevTools.lambda$addListener$0(DevTools.java:104)
	at org.openqa.selenium.devtools.Connection.lambda$handle$5(Connection.java:348)
	at java.base/java.util.stream.ForEachOps$ForEachOp$OfRef.accept(ForEachOps.java:184)
	at java.base/java.util.stream.ReferencePipeline$2$1.accept(ReferencePipeline.java:179)
	at java.base/java.util.stream.ReferencePipeline$15$1.accept(ReferencePipeline.java:541)
	at java.base/java.util.HashMap$EntrySpliterator.forEachRemaining(HashMap.java:1858)
	at java.base/java.util.stream.AbstractPipeline.copyInto(AbstractPipeline.java:509)
	at java.base/java.util.stream.AbstractPipeline.wrapAndCopyInto(AbstractPipeline.java:499)
	at java.base/java.util.stream.ForEachOps$ForEachOp.evaluateSequential(ForEachOps.java:151)
	at java.base/java.util.stream.ForEachOps$ForEachOp$OfRef.evaluateSequential(ForEachOps.java:174)
	at java.base/java.util.stream.AbstractPipeline.evaluate(AbstractPipeline.java:234)
	at java.base/java.util.stream.ReferencePipeline.forEach(ReferencePipeline.java:596)
	at org.openqa.selenium.devtools.Connection.handle(Connection.java:311)
	at org.openqa.selenium.devtools.Connection$Listener.lambda$onText$0(Connection.java:239)
	... 3 more
Caused by: org.openqa.selenium.WebDriverException: {"id":424,"error":{"code":-32000,"message":"No resource with given identifier found"},"sessionId":"FF715A40BFB5233B72B3D10C474C62EE"}
Build info: version: '4.23.0', revision: '4df0a231af'
System info: os.name: 'Windows 11', os.arch: 'amd64', os.version: '10.0', java.version: '21.0.5'
Driver info: driver.version: unknown
	at org.openqa.selenium.devtools.Connection.handle(Connection.java:275)
	... 4 more
Dec 16, 2024 11:49:18 AM org.openqa.selenium.remote.http.WebSocket$Listener onError
WARNING: Connection reset
java.net.SocketException: Connection reset
	at java.base/sun.nio.ch.SocketChannelImpl.throwConnectionReset(SocketChannelImpl.java:401)
	at java.base/sun.nio.ch.SocketChannelImpl.read(SocketChannelImpl.java:434)
	at java.net.http/jdk.internal.net.http.SocketTube.readAvailable(SocketTube.java:1178)
	at java.net.http/jdk.internal.net.http.SocketTube$InternalReadPublisher$InternalReadSubscription.read(SocketTube.java:841)
	at java.net.http/jdk.internal.net.http.SocketTube$SocketFlowTask.run(SocketTube.java:181)
	at java.net.http/jdk.internal.net.http.common.SequentialScheduler$SchedulableTask.run(SequentialScheduler.java:207)
	at java.net.http/jdk.internal.net.http.common.SequentialScheduler.runOrSchedule(SequentialScheduler.java:280)
	at java.net.http/jdk.internal.net.http.common.SequentialScheduler.runOrSchedule(SequentialScheduler.java:233)
	at java.net.http/jdk.internal.net.http.SocketTube$InternalReadPublisher$InternalReadSubscription.signalReadable(SocketTube.java:782)
	at java.net.http/jdk.internal.net.http.SocketTube$InternalReadPublisher$ReadEvent.signalEvent(SocketTube.java:965)
	at java.net.http/jdk.internal.net.http.SocketTube$SocketFlowEvent.handle(SocketTube.java:253)
	at java.net.http/jdk.internal.net.http.HttpClientImpl$SelectorManager.handleEvent(HttpClientImpl.java:1469)
	at java.net.http/jdk.internal.net.http.HttpClientImpl$SelectorManager.lambda$run$3(HttpClientImpl.java:1414)
	at java.base/java.util.ArrayList.forEach(ArrayList.java:1596)
	at java.net.http/jdk.internal.net.http.HttpClientImpl$SelectorManager.run(HttpClientImpl.java:1414)

]]></system-err>
  </testcase>
  <testcase name="runScenario[&quot;User provides password length less than 8 and passowrd error is displayed&quot;, &quot;Register page error handling&quot;](95)" classname="TestNGTestRunner" time="7.564">
    <system-err><![CDATA[Dec 16, 2024 11:49:21 AM org.openqa.selenium.devtools.CdpVersionFinder findNearestMatch
WARNING: Unable to find an exact match for CDP version 130, returning the closest version; found: 127; Please update to a Selenium version that supports CDP version 130
Dec 16, 2024 11:49:25 AM org.openqa.selenium.devtools.Connection$Listener lambda$onText$0
WARNING: Unable to process: {"method":"Network.responseReceived","params":{"requestId":"26016.21","loaderId":"93D282BFCCAFF83AD0D6881CAF06AF49","timestamp":180768.646527,"type":"Other","response":{"url":"https://rahulshettyacademy.com/api/ecom/auth/register","status":422,"statusText":"Unprocessable Entity","headers":{"ETag":"W/\"5a-mSZORuFKHjKkqEMdomcB1IpMT0w\"","Expect-CT":"max-age=0","X-Permitted-Cross-Domain-Policies":"none","X-Content-Type-Options":"nosniff","Keep-Alive":"timeout=5, max=92","Date":"Mon, 16 Dec 2024 06:19:29 GMT","Content-Type":"application/json; charset=utf-8","Vary":"Accept-Encoding","X-Frame-Options":"SAMEORIGIN","Strict-Transport-Security":"max-age=15552000; includeSubDomains","Content-Security-Policy":"default-src 'self';base-uri 'self';block-all-mixed-content;font-src 'self' https: data:;frame-ancestors 'self';img-src 'self' data:;object-src 'none';script-src 'self';script-src-attr 'none';style-src 'self' https: 'unsafe-inline';upgrade-insecure-requests","X-DNS-Prefetch-Control":"off","Connection":"Keep-Alive","Referrer-Policy":"no-referrer","X-Download-Options":"noopen","Access-Control-Allow-Origin":"*","Content-Length":"90","X-XSS-Protection":"0","Server":"Apache/2.4.52 (Ubuntu)"},"mimeType":"application/json","charset":"utf-8","connectionReused":true,"connectionId":57,"remoteIPAddress":"13.201.9.53","remotePort":443,"fromDiskCache":false,"fromServiceWorker":false,"fromPrefetchCache":false,"encodedDataLength":905,"timing":{"requestTime":180768.614176,"proxyStart":-1,"proxyEnd":-1,"dnsStart":-1,"dnsEnd":-1,"connectStart":-1,"connectEnd":-1,"sslStart":-1,"sslEnd":-1,"workerStart":-1,"workerReady":-1,"workerFetchStart":-1,"workerRespondWithSettled":-1,"sendStart":0.863,"sendEnd":1.134,"pushStart":0,"pushEnd":0,"receiveHeadersStart":30.194,"receiveHeadersEnd":30.296},"responseTime":1.734329965495925e+12,"protocol":"http/1.1","alternateProtocolUsage":"unspecifiedReason","securityState":"secure","securityDetails":{"protocol":"TLS 1.3","keyExchange":"","keyExchangeGroup":"X25519","cipher":"AES_128_GCM","certificateId":0,"subjectName":"rahulshettyacademy.com","sanList":["rahulshettyacademy.com"],"issuer":"E6","validFrom":1731833819,"validTo":1739609818,"signedCertificateTimestampList":[{"status":"Verified","origin":"Embedded in certificate","logDescription":"Google 'Xenon2025h1' log","logId":"CF1156EED52E7CAFF3875BD9692E9BE91A71674AB017ECAC01D25B77CECC3B08","timestamp":1731837329589,"hashAlgorithm":"SHA-256","signatureAlgorithm":"ECDSA","signatureData":"3045022049CA90B2CB95C3A4AECDECF04FECA784EE3C38F667E4444EC363E3896496E161022100A382A6A79A23DB380C6BAE53F0317A7817F487C963769692F01598128068DB66"},{"status":"Verified","origin":"Embedded in certificate","logDescription":"DigiCert Nessie2025 Log","logId":"E6D2316340778CC1104106D771B9CEC1D240F6968486FBBA87321DFD1E378E50","timestamp":1731837329733,"hashAlgorithm":"SHA-256","signatureAlgorithm":"ECDSA","signatureData":"30450220157FD090AF13CC9D704CDB761C669D3050A465792F7063143A29419C5455EE34022100B52F2E04241FBDC492EED0F11D8D4C2FCCA313C5DD1D6CFBD8BE909857B03816"}],"certificateTransparencyCompliance":"compliant","serverSignatureAlgorithm":1027,"encryptedClientHello":false}},"hasExtraInfo":true,"frameId":"7869610EB8666BFAD8FA4870CFE06E0D"},"sessionId":"BCBA5A32656EECF62954414D246337D7"}
org.openqa.selenium.devtools.DevToolsException: {"id":441,"error":{"code":-32000,"message":"No resource with given identifier found"},"sessionId":"BCBA5A32656EECF62954414D246337D7"}
Build info: version: '4.23.0', revision: '4df0a231af'
System info: os.name: 'Windows 11', os.arch: 'amd64', os.version: '10.0', java.version: '21.0.5'
Driver info: driver.version: unknown
	at org.openqa.selenium.devtools.Connection.sendAndWait(Connection.java:195)
	at org.openqa.selenium.devtools.DevTools.send(DevTools.java:90)
	at StepDefinitions.RegisterPage.ErrorHandlingStepDefImpl.lambda$password_length_error_message_is_displayed$2(ErrorHandlingStepDefImpl.java:134)
	at org.openqa.selenium.devtools.DevTools.lambda$addListener$0(DevTools.java:104)
	at org.openqa.selenium.devtools.Connection.lambda$handle$5(Connection.java:348)
	at java.base/java.util.stream.ForEachOps$ForEachOp$OfRef.accept(ForEachOps.java:184)
	at java.base/java.util.stream.ReferencePipeline$2$1.accept(ReferencePipeline.java:179)
	at java.base/java.util.stream.ReferencePipeline$15$1.accept(ReferencePipeline.java:541)
	at java.base/java.util.HashMap$EntrySpliterator.forEachRemaining(HashMap.java:1858)
	at java.base/java.util.stream.AbstractPipeline.copyInto(AbstractPipeline.java:509)
	at java.base/java.util.stream.AbstractPipeline.wrapAndCopyInto(AbstractPipeline.java:499)
	at java.base/java.util.stream.ForEachOps$ForEachOp.evaluateSequential(ForEachOps.java:151)
	at java.base/java.util.stream.ForEachOps$ForEachOp$OfRef.evaluateSequential(ForEachOps.java:174)
	at java.base/java.util.stream.AbstractPipeline.evaluate(AbstractPipeline.java:234)
	at java.base/java.util.stream.ReferencePipeline.forEach(ReferencePipeline.java:596)
	at org.openqa.selenium.devtools.Connection.handle(Connection.java:311)
	at org.openqa.selenium.devtools.Connection$Listener.lambda$onText$0(Connection.java:239)
	at java.base/java.util.concurrent.ThreadPoolExecutor.runWorker(ThreadPoolExecutor.java:1144)
	at java.base/java.util.concurrent.ThreadPoolExecutor$Worker.run(ThreadPoolExecutor.java:642)
	at java.base/java.lang.Thread.run(Thread.java:1583)
Caused by: org.openqa.selenium.WebDriverException: {"id":441,"error":{"code":-32000,"message":"No resource with given identifier found"},"sessionId":"BCBA5A32656EECF62954414D246337D7"}
Build info: version: '4.23.0', revision: '4df0a231af'
System info: os.name: 'Windows 11', os.arch: 'amd64', os.version: '10.0', java.version: '21.0.5'
Driver info: driver.version: unknown
	at org.openqa.selenium.devtools.Connection.handle(Connection.java:275)
	... 4 more

Exception in thread "CDP Connection" org.openqa.selenium.devtools.DevToolsException: {"id":441,"error":{"code":-32000,"message":"No resource with given identifier found"},"sessionId":"BCBA5A32656EECF62954414D246337D7"}
Build info: version: '4.23.0', revision: '4df0a231af'
System info: os.name: 'Windows 11', os.arch: 'amd64', os.version: '10.0', java.version: '21.0.5'
Driver info: driver.version: unknown
	at org.openqa.selenium.devtools.Connection$Listener.lambda$onText$0(Connection.java:242)
	at java.base/java.util.concurrent.ThreadPoolExecutor.runWorker(ThreadPoolExecutor.java:1144)
	at java.base/java.util.concurrent.ThreadPoolExecutor$Worker.run(ThreadPoolExecutor.java:642)
	at java.base/java.lang.Thread.run(Thread.java:1583)
Caused by: org.openqa.selenium.devtools.DevToolsException: {"id":441,"error":{"code":-32000,"message":"No resource with given identifier found"},"sessionId":"BCBA5A32656EECF62954414D246337D7"}
Build info: version: '4.23.0', revision: '4df0a231af'
System info: os.name: 'Windows 11', os.arch: 'amd64', os.version: '10.0', java.version: '21.0.5'
Driver info: driver.version: unknown
	at org.openqa.selenium.devtools.Connection.sendAndWait(Connection.java:195)
	at org.openqa.selenium.devtools.DevTools.send(DevTools.java:90)
	at StepDefinitions.RegisterPage.ErrorHandlingStepDefImpl.lambda$password_length_error_message_is_displayed$2(ErrorHandlingStepDefImpl.java:134)
	at org.openqa.selenium.devtools.DevTools.lambda$addListener$0(DevTools.java:104)
	at org.openqa.selenium.devtools.Connection.lambda$handle$5(Connection.java:348)
	at java.base/java.util.stream.ForEachOps$ForEachOp$OfRef.accept(ForEachOps.java:184)
	at java.base/java.util.stream.ReferencePipeline$2$1.accept(ReferencePipeline.java:179)
	at java.base/java.util.stream.ReferencePipeline$15$1.accept(ReferencePipeline.java:541)
	at java.base/java.util.HashMap$EntrySpliterator.forEachRemaining(HashMap.java:1858)
	at java.base/java.util.stream.AbstractPipeline.copyInto(AbstractPipeline.java:509)
	at java.base/java.util.stream.AbstractPipeline.wrapAndCopyInto(AbstractPipeline.java:499)
	at java.base/java.util.stream.ForEachOps$ForEachOp.evaluateSequential(ForEachOps.java:151)
	at java.base/java.util.stream.ForEachOps$ForEachOp$OfRef.evaluateSequential(ForEachOps.java:174)
	at java.base/java.util.stream.AbstractPipeline.evaluate(AbstractPipeline.java:234)
	at java.base/java.util.stream.ReferencePipeline.forEach(ReferencePipeline.java:596)
	at org.openqa.selenium.devtools.Connection.handle(Connection.java:311)
	at org.openqa.selenium.devtools.Connection$Listener.lambda$onText$0(Connection.java:239)
	... 3 more
Caused by: org.openqa.selenium.WebDriverException: {"id":441,"error":{"code":-32000,"message":"No resource with given identifier found"},"sessionId":"BCBA5A32656EECF62954414D246337D7"}
Build info: version: '4.23.0', revision: '4df0a231af'
System info: os.name: 'Windows 11', os.arch: 'amd64', os.version: '10.0', java.version: '21.0.5'
Driver info: driver.version: unknown
	at org.openqa.selenium.devtools.Connection.handle(Connection.java:275)
	... 4 more
Dec 16, 2024 11:49:25 AM org.openqa.selenium.devtools.Connection$Listener lambda$onText$0
WARNING: Unable to process: {"method":"Network.responseReceived","params":{"requestId":"26016.21","loaderId":"93D282BFCCAFF83AD0D6881CAF06AF49","timestamp":180768.646458,"type":"XHR","response":{"url":"https://rahulshettyacademy.com/api/ecom/auth/register","status":422,"statusText":"Unprocessable Entity","headers":{"ETag":"W/\"5a-mSZORuFKHjKkqEMdomcB1IpMT0w\"","Expect-CT":"max-age=0","X-Permitted-Cross-Domain-Policies":"none","X-Content-Type-Options":"nosniff","Keep-Alive":"timeout=5, max=92","Date":"Mon, 16 Dec 2024 06:19:29 GMT","Content-Type":"application/json; charset=utf-8","Vary":"Accept-Encoding","X-Frame-Options":"SAMEORIGIN","Strict-Transport-Security":"max-age=15552000; includeSubDomains","Content-Security-Policy":"default-src 'self';base-uri 'self';block-all-mixed-content;font-src 'self' https: data:;frame-ancestors 'self';img-src 'self' data:;object-src 'none';script-src 'self';script-src-attr 'none';style-src 'self' https: 'unsafe-inline';upgrade-insecure-requests","X-DNS-Prefetch-Control":"off","Connection":"Keep-Alive","Referrer-Policy":"no-referrer","X-Download-Options":"noopen","Access-Control-Allow-Origin":"*","Content-Length":"90","X-XSS-Protection":"0","Server":"Apache/2.4.52 (Ubuntu)"},"mimeType":"application/json","charset":"utf-8","connectionReused":true,"connectionId":57,"remoteIPAddress":"13.201.9.53","remotePort":443,"fromDiskCache":false,"fromServiceWorker":false,"fromPrefetchCache":false,"encodedDataLength":905,"timing":{"requestTime":180768.614176,"proxyStart":-1,"proxyEnd":-1,"dnsStart":-1,"dnsEnd":-1,"connectStart":-1,"connectEnd":-1,"sslStart":-1,"sslEnd":-1,"workerStart":-1,"workerReady":-1,"workerFetchStart":-1,"workerRespondWithSettled":-1,"sendStart":0.863,"sendEnd":1.134,"pushStart":0,"pushEnd":0,"receiveHeadersStart":30.194,"receiveHeadersEnd":30.296},"responseTime":1.734329965495925e+12,"protocol":"http/1.1","alternateProtocolUsage":"unspecifiedReason","securityState":"secure","securityDetails":{"protocol":"TLS 1.3","keyExchange":"","keyExchangeGroup":"X25519","cipher":"AES_128_GCM","certificateId":0,"subjectName":"rahulshettyacademy.com","sanList":["rahulshettyacademy.com"],"issuer":"E6","validFrom":1731833819,"validTo":1739609818,"signedCertificateTimestampList":[{"status":"Verified","origin":"Embedded in certificate","logDescription":"Google 'Xenon2025h1' log","logId":"CF1156EED52E7CAFF3875BD9692E9BE91A71674AB017ECAC01D25B77CECC3B08","timestamp":1731837329589,"hashAlgorithm":"SHA-256","signatureAlgorithm":"ECDSA","signatureData":"3045022049CA90B2CB95C3A4AECDECF04FECA784EE3C38F667E4444EC363E3896496E161022100A382A6A79A23DB380C6BAE53F0317A7817F487C963769692F01598128068DB66"},{"status":"Verified","origin":"Embedded in certificate","logDescription":"DigiCert Nessie2025 Log","logId":"E6D2316340778CC1104106D771B9CEC1D240F6968486FBBA87321DFD1E378E50","timestamp":1731837329733,"hashAlgorithm":"SHA-256","signatureAlgorithm":"ECDSA","signatureData":"30450220157FD090AF13CC9D704CDB761C669D3050A465792F7063143A29419C5455EE34022100B52F2E04241FBDC492EED0F11D8D4C2FCCA313C5DD1D6CFBD8BE909857B03816"}],"certificateTransparencyCompliance":"compliant","serverSignatureAlgorithm":1027,"encryptedClientHello":false}},"hasExtraInfo":true,"frameId":"7869610EB8666BFAD8FA4870CFE06E0D"},"sessionId":"CB9A6F2028581766459279E688CBF413"}
org.openqa.selenium.devtools.DevToolsException: {"id":440,"error":{"code":-32000,"message":"No resource with given identifier found"},"sessionId":"BCBA5A32656EECF62954414D246337D7"}
Build info: version: '4.23.0', revision: '4df0a231af'
System info: os.name: 'Windows 11', os.arch: 'amd64', os.version: '10.0', java.version: '21.0.5'
Driver info: driver.version: unknown
	at org.openqa.selenium.devtools.Connection.sendAndWait(Connection.java:195)
	at org.openqa.selenium.devtools.DevTools.send(DevTools.java:90)
	at StepDefinitions.RegisterPage.ErrorHandlingStepDefImpl.lambda$password_length_error_message_is_displayed$2(ErrorHandlingStepDefImpl.java:134)
	at org.openqa.selenium.devtools.DevTools.lambda$addListener$0(DevTools.java:104)
	at org.openqa.selenium.devtools.Connection.lambda$handle$5(Connection.java:348)
	at java.base/java.util.stream.ForEachOps$ForEachOp$OfRef.accept(ForEachOps.java:184)
	at java.base/java.util.stream.ReferencePipeline$2$1.accept(ReferencePipeline.java:179)
	at java.base/java.util.stream.ReferencePipeline$15$1.accept(ReferencePipeline.java:541)
	at java.base/java.util.HashMap$EntrySpliterator.forEachRemaining(HashMap.java:1858)
	at java.base/java.util.stream.AbstractPipeline.copyInto(AbstractPipeline.java:509)
	at java.base/java.util.stream.AbstractPipeline.wrapAndCopyInto(AbstractPipeline.java:499)
	at java.base/java.util.stream.ForEachOps$ForEachOp.evaluateSequential(ForEachOps.java:151)
	at java.base/java.util.stream.ForEachOps$ForEachOp$OfRef.evaluateSequential(ForEachOps.java:174)
	at java.base/java.util.stream.AbstractPipeline.evaluate(AbstractPipeline.java:234)
	at java.base/java.util.stream.ReferencePipeline.forEach(ReferencePipeline.java:596)
	at org.openqa.selenium.devtools.Connection.handle(Connection.java:311)
	at org.openqa.selenium.devtools.Connection$Listener.lambda$onText$0(Connection.java:239)
	at java.base/java.util.concurrent.ThreadPoolExecutor.runWorker(ThreadPoolExecutor.java:1144)
	at java.base/java.util.concurrent.ThreadPoolExecutor$Worker.run(ThreadPoolExecutor.java:642)
	at java.base/java.lang.Thread.run(Thread.java:1583)
Caused by: org.openqa.selenium.WebDriverException: {"id":440,"error":{"code":-32000,"message":"No resource with given identifier found"},"sessionId":"BCBA5A32656EECF62954414D246337D7"}
Build info: version: '4.23.0', revision: '4df0a231af'
System info: os.name: 'Windows 11', os.arch: 'amd64', os.version: '10.0', java.version: '21.0.5'
Driver info: driver.version: unknown
	at org.openqa.selenium.devtools.Connection.handle(Connection.java:275)
	... 4 more

Exception in thread "CDP Connection" org.openqa.selenium.devtools.DevToolsException: {"id":440,"error":{"code":-32000,"message":"No resource with given identifier found"},"sessionId":"BCBA5A32656EECF62954414D246337D7"}
Build info: version: '4.23.0', revision: '4df0a231af'
System info: os.name: 'Windows 11', os.arch: 'amd64', os.version: '10.0', java.version: '21.0.5'
Driver info: driver.version: unknown
	at org.openqa.selenium.devtools.Connection$Listener.lambda$onText$0(Connection.java:242)
	at java.base/java.util.concurrent.ThreadPoolExecutor.runWorker(ThreadPoolExecutor.java:1144)
	at java.base/java.util.concurrent.ThreadPoolExecutor$Worker.run(ThreadPoolExecutor.java:642)
	at java.base/java.lang.Thread.run(Thread.java:1583)
Caused by: org.openqa.selenium.devtools.DevToolsException: {"id":440,"error":{"code":-32000,"message":"No resource with given identifier found"},"sessionId":"BCBA5A32656EECF62954414D246337D7"}
Build info: version: '4.23.0', revision: '4df0a231af'
System info: os.name: 'Windows 11', os.arch: 'amd64', os.version: '10.0', java.version: '21.0.5'
Driver info: driver.version: unknown
	at org.openqa.selenium.devtools.Connection.sendAndWait(Connection.java:195)
	at org.openqa.selenium.devtools.DevTools.send(DevTools.java:90)
	at StepDefinitions.RegisterPage.ErrorHandlingStepDefImpl.lambda$password_length_error_message_is_displayed$2(ErrorHandlingStepDefImpl.java:134)
	at org.openqa.selenium.devtools.DevTools.lambda$addListener$0(DevTools.java:104)
	at org.openqa.selenium.devtools.Connection.lambda$handle$5(Connection.java:348)
	at java.base/java.util.stream.ForEachOps$ForEachOp$OfRef.accept(ForEachOps.java:184)
	at java.base/java.util.stream.ReferencePipeline$2$1.accept(ReferencePipeline.java:179)
	at java.base/java.util.stream.ReferencePipeline$15$1.accept(ReferencePipeline.java:541)
	at java.base/java.util.HashMap$EntrySpliterator.forEachRemaining(HashMap.java:1858)
	at java.base/java.util.stream.AbstractPipeline.copyInto(AbstractPipeline.java:509)
	at java.base/java.util.stream.AbstractPipeline.wrapAndCopyInto(AbstractPipeline.java:499)
	at java.base/java.util.stream.ForEachOps$ForEachOp.evaluateSequential(ForEachOps.java:151)
	at java.base/java.util.stream.ForEachOps$ForEachOp$OfRef.evaluateSequential(ForEachOps.java:174)
	at java.base/java.util.stream.AbstractPipeline.evaluate(AbstractPipeline.java:234)
	at java.base/java.util.stream.ReferencePipeline.forEach(ReferencePipeline.java:596)
	at org.openqa.selenium.devtools.Connection.handle(Connection.java:311)
	at org.openqa.selenium.devtools.Connection$Listener.lambda$onText$0(Connection.java:239)
	... 3 more
Caused by: org.openqa.selenium.WebDriverException: {"id":440,"error":{"code":-32000,"message":"No resource with given identifier found"},"sessionId":"BCBA5A32656EECF62954414D246337D7"}
Build info: version: '4.23.0', revision: '4df0a231af'
System info: os.name: 'Windows 11', os.arch: 'amd64', os.version: '10.0', java.version: '21.0.5'
Driver info: driver.version: unknown
	at org.openqa.selenium.devtools.Connection.handle(Connection.java:275)
	... 4 more
Dec 16, 2024 11:49:25 AM org.openqa.selenium.remote.http.WebSocket$Listener onError
WARNING: Connection reset
java.net.SocketException: Connection reset
	at java.base/sun.nio.ch.SocketChannelImpl.throwConnectionReset(SocketChannelImpl.java:401)
	at java.base/sun.nio.ch.SocketChannelImpl.read(SocketChannelImpl.java:434)
	at java.net.http/jdk.internal.net.http.SocketTube.readAvailable(SocketTube.java:1178)
	at java.net.http/jdk.internal.net.http.SocketTube$InternalReadPublisher$InternalReadSubscription.read(SocketTube.java:841)
	at java.net.http/jdk.internal.net.http.SocketTube$SocketFlowTask.run(SocketTube.java:181)
	at java.net.http/jdk.internal.net.http.common.SequentialScheduler$SchedulableTask.run(SequentialScheduler.java:207)
	at java.net.http/jdk.internal.net.http.common.SequentialScheduler.runOrSchedule(SequentialScheduler.java:280)
	at java.net.http/jdk.internal.net.http.common.SequentialScheduler.runOrSchedule(SequentialScheduler.java:233)
	at java.net.http/jdk.internal.net.http.SocketTube$InternalReadPublisher$InternalReadSubscription.signalReadable(SocketTube.java:782)
	at java.net.http/jdk.internal.net.http.SocketTube$InternalReadPublisher$ReadEvent.signalEvent(SocketTube.java:965)
	at java.net.http/jdk.internal.net.http.SocketTube$SocketFlowEvent.handle(SocketTube.java:253)
	at java.net.http/jdk.internal.net.http.HttpClientImpl$SelectorManager.handleEvent(HttpClientImpl.java:1469)
	at java.net.http/jdk.internal.net.http.HttpClientImpl$SelectorManager.lambda$run$3(HttpClientImpl.java:1414)
	at java.base/java.util.ArrayList.forEach(ArrayList.java:1596)
	at java.net.http/jdk.internal.net.http.HttpClientImpl$SelectorManager.run(HttpClientImpl.java:1414)

]]></system-err>
  </testcase>
  <testcase name="runScenario[&quot;User provides password length less than 8 and passowrd error is displayed&quot;, &quot;Register page error handling&quot;](96)" classname="TestNGTestRunner" time="8.626">
    <system-err><![CDATA[Dec 16, 2024 11:49:30 AM org.openqa.selenium.devtools.CdpVersionFinder findNearestMatch
WARNING: Unable to find an exact match for CDP version 130, returning the closest version; found: 127; Please update to a Selenium version that supports CDP version 130
Dec 16, 2024 11:49:34 AM org.openqa.selenium.devtools.Connection$Listener lambda$onText$0
WARNING: Unable to process: {"method":"Network.responseReceived","params":{"requestId":"34052.21","loaderId":"65D4266E0166C60CDF6B89843044200F","timestamp":180777.288487,"type":"XHR","response":{"url":"https://rahulshettyacademy.com/api/ecom/auth/register","status":422,"statusText":"Unprocessable Entity","headers":{"ETag":"W/\"3e-OmujLQqQR2EiBppCB1shGOh9ahM\"","Expect-CT":"max-age=0","X-Permitted-Cross-Domain-Policies":"none","X-Content-Type-Options":"nosniff","Keep-Alive":"timeout=5, max=92","Date":"Mon, 16 Dec 2024 06:19:38 GMT","Content-Type":"application/json; charset=utf-8","Vary":"Accept-Encoding","X-Frame-Options":"SAMEORIGIN","Strict-Transport-Security":"max-age=15552000; includeSubDomains","Content-Security-Policy":"default-src 'self';base-uri 'self';block-all-mixed-content;font-src 'self' https: data:;frame-ancestors 'self';img-src 'self' data:;object-src 'none';script-src 'self';script-src-attr 'none';style-src 'self' https: 'unsafe-inline';upgrade-insecure-requests","X-DNS-Prefetch-Control":"off","Connection":"Keep-Alive","Referrer-Policy":"no-referrer","X-Download-Options":"noopen","Access-Control-Allow-Origin":"*","Content-Length":"62","X-XSS-Protection":"0","Server":"Apache/2.4.52 (Ubuntu)"},"mimeType":"application/json","charset":"utf-8","connectionReused":true,"connectionId":59,"remoteIPAddress":"13.201.9.53","remotePort":443,"fromDiskCache":false,"fromServiceWorker":false,"fromPrefetchCache":false,"encodedDataLength":905,"timing":{"requestTime":180777.256584,"proxyStart":-1,"proxyEnd":-1,"dnsStart":-1,"dnsEnd":-1,"connectStart":-1,"connectEnd":-1,"sslStart":-1,"sslEnd":-1,"workerStart":-1,"workerReady":-1,"workerFetchStart":-1,"workerRespondWithSettled":-1,"sendStart":0.644,"sendEnd":0.846,"pushStart":0,"pushEnd":0,"receiveHeadersStart":30.388,"receiveHeadersEnd":30.492},"responseTime":1.734329974138351e+12,"protocol":"http/1.1","alternateProtocolUsage":"unspecifiedReason","securityState":"secure","securityDetails":{"protocol":"TLS 1.3","keyExchange":"","keyExchangeGroup":"X25519","cipher":"AES_128_GCM","certificateId":0,"subjectName":"rahulshettyacademy.com","sanList":["rahulshettyacademy.com"],"issuer":"E6","validFrom":1731833819,"validTo":1739609818,"signedCertificateTimestampList":[{"status":"Verified","origin":"Embedded in certificate","logDescription":"Google 'Xenon2025h1' log","logId":"CF1156EED52E7CAFF3875BD9692E9BE91A71674AB017ECAC01D25B77CECC3B08","timestamp":1731837329589,"hashAlgorithm":"SHA-256","signatureAlgorithm":"ECDSA","signatureData":"3045022049CA90B2CB95C3A4AECDECF04FECA784EE3C38F667E4444EC363E3896496E161022100A382A6A79A23DB380C6BAE53F0317A7817F487C963769692F01598128068DB66"},{"status":"Verified","origin":"Embedded in certificate","logDescription":"DigiCert Nessie2025 Log","logId":"E6D2316340778CC1104106D771B9CEC1D240F6968486FBBA87321DFD1E378E50","timestamp":1731837329733,"hashAlgorithm":"SHA-256","signatureAlgorithm":"ECDSA","signatureData":"30450220157FD090AF13CC9D704CDB761C669D3050A465792F7063143A29419C5455EE34022100B52F2E04241FBDC492EED0F11D8D4C2FCCA313C5DD1D6CFBD8BE909857B03816"}],"certificateTransparencyCompliance":"compliant","serverSignatureAlgorithm":1027,"encryptedClientHello":false}},"hasExtraInfo":true,"frameId":"E098CD68712298C10A4C7E4BDE4BC281"},"sessionId":"802FADE8B8BCA5B3AD438E4A62A1244A"}
org.openqa.selenium.devtools.DevToolsException: {"id":457,"error":{"code":-32000,"message":"No resource with given identifier found"},"sessionId":"BEF43A2049D68FB9E0531E8D06D3A7CD"}
Build info: version: '4.23.0', revision: '4df0a231af'
System info: os.name: 'Windows 11', os.arch: 'amd64', os.version: '10.0', java.version: '21.0.5'
Driver info: driver.version: unknown
	at org.openqa.selenium.devtools.Connection.sendAndWait(Connection.java:195)
	at org.openqa.selenium.devtools.DevTools.send(DevTools.java:90)
	at StepDefinitions.RegisterPage.ErrorHandlingStepDefImpl.lambda$password_length_error_message_is_displayed$2(ErrorHandlingStepDefImpl.java:134)
	at org.openqa.selenium.devtools.DevTools.lambda$addListener$0(DevTools.java:104)
	at org.openqa.selenium.devtools.Connection.lambda$handle$5(Connection.java:348)
	at java.base/java.util.stream.ForEachOps$ForEachOp$OfRef.accept(ForEachOps.java:184)
	at java.base/java.util.stream.ReferencePipeline$2$1.accept(ReferencePipeline.java:179)
	at java.base/java.util.stream.ReferencePipeline$15$1.accept(ReferencePipeline.java:541)
	at java.base/java.util.HashMap$EntrySpliterator.forEachRemaining(HashMap.java:1858)
	at java.base/java.util.stream.AbstractPipeline.copyInto(AbstractPipeline.java:509)
	at java.base/java.util.stream.AbstractPipeline.wrapAndCopyInto(AbstractPipeline.java:499)
	at java.base/java.util.stream.ForEachOps$ForEachOp.evaluateSequential(ForEachOps.java:151)
	at java.base/java.util.stream.ForEachOps$ForEachOp$OfRef.evaluateSequential(ForEachOps.java:174)
	at java.base/java.util.stream.AbstractPipeline.evaluate(AbstractPipeline.java:234)
	at java.base/java.util.stream.ReferencePipeline.forEach(ReferencePipeline.java:596)
	at org.openqa.selenium.devtools.Connection.handle(Connection.java:311)
	at org.openqa.selenium.devtools.Connection$Listener.lambda$onText$0(Connection.java:239)
	at java.base/java.util.concurrent.ThreadPoolExecutor.runWorker(ThreadPoolExecutor.java:1144)
	at java.base/java.util.concurrent.ThreadPoolExecutor$Worker.run(ThreadPoolExecutor.java:642)
	at java.base/java.lang.Thread.run(Thread.java:1583)
Caused by: org.openqa.selenium.WebDriverException: {"id":457,"error":{"code":-32000,"message":"No resource with given identifier found"},"sessionId":"BEF43A2049D68FB9E0531E8D06D3A7CD"}
Build info: version: '4.23.0', revision: '4df0a231af'
System info: os.name: 'Windows 11', os.arch: 'amd64', os.version: '10.0', java.version: '21.0.5'
Driver info: driver.version: unknown
	at org.openqa.selenium.devtools.Connection.handle(Connection.java:275)
	... 4 more

Exception in thread "CDP Connection" org.openqa.selenium.devtools.DevToolsException: {"id":457,"error":{"code":-32000,"message":"No resource with given identifier found"},"sessionId":"BEF43A2049D68FB9E0531E8D06D3A7CD"}
Build info: version: '4.23.0', revision: '4df0a231af'
System info: os.name: 'Windows 11', os.arch: 'amd64', os.version: '10.0', java.version: '21.0.5'
Driver info: driver.version: unknown
	at org.openqa.selenium.devtools.Connection$Listener.lambda$onText$0(Connection.java:242)
	at java.base/java.util.concurrent.ThreadPoolExecutor.runWorker(ThreadPoolExecutor.java:1144)
	at java.base/java.util.concurrent.ThreadPoolExecutor$Worker.run(ThreadPoolExecutor.java:642)
	at java.base/java.lang.Thread.run(Thread.java:1583)
Caused by: org.openqa.selenium.devtools.DevToolsException: {"id":457,"error":{"code":-32000,"message":"No resource with given identifier found"},"sessionId":"BEF43A2049D68FB9E0531E8D06D3A7CD"}
Build info: version: '4.23.0', revision: '4df0a231af'
System info: os.name: 'Windows 11', os.arch: 'amd64', os.version: '10.0', java.version: '21.0.5'
Driver info: driver.version: unknown
	at org.openqa.selenium.devtools.Connection.sendAndWait(Connection.java:195)
	at org.openqa.selenium.devtools.DevTools.send(DevTools.java:90)
	at StepDefinitions.RegisterPage.ErrorHandlingStepDefImpl.lambda$password_length_error_message_is_displayed$2(ErrorHandlingStepDefImpl.java:134)
	at org.openqa.selenium.devtools.DevTools.lambda$addListener$0(DevTools.java:104)
	at org.openqa.selenium.devtools.Connection.lambda$handle$5(Connection.java:348)
	at java.base/java.util.stream.ForEachOps$ForEachOp$OfRef.accept(ForEachOps.java:184)
	at java.base/java.util.stream.ReferencePipeline$2$1.accept(ReferencePipeline.java:179)
	at java.base/java.util.stream.ReferencePipeline$15$1.accept(ReferencePipeline.java:541)
	at java.base/java.util.HashMap$EntrySpliterator.forEachRemaining(HashMap.java:1858)
	at java.base/java.util.stream.AbstractPipeline.copyInto(AbstractPipeline.java:509)
	at java.base/java.util.stream.AbstractPipeline.wrapAndCopyInto(AbstractPipeline.java:499)
	at java.base/java.util.stream.ForEachOps$ForEachOp.evaluateSequential(ForEachOps.java:151)
	at java.base/java.util.stream.ForEachOps$ForEachOp$OfRef.evaluateSequential(ForEachOps.java:174)
	at java.base/java.util.stream.AbstractPipeline.evaluate(AbstractPipeline.java:234)
	at java.base/java.util.stream.ReferencePipeline.forEach(ReferencePipeline.java:596)
	at org.openqa.selenium.devtools.Connection.handle(Connection.java:311)
	at org.openqa.selenium.devtools.Connection$Listener.lambda$onText$0(Connection.java:239)
	... 3 more
Caused by: org.openqa.selenium.WebDriverException: {"id":457,"error":{"code":-32000,"message":"No resource with given identifier found"},"sessionId":"BEF43A2049D68FB9E0531E8D06D3A7CD"}
Build info: version: '4.23.0', revision: '4df0a231af'
System info: os.name: 'Windows 11', os.arch: 'amd64', os.version: '10.0', java.version: '21.0.5'
Driver info: driver.version: unknown
	at org.openqa.selenium.devtools.Connection.handle(Connection.java:275)
	... 4 more
Dec 16, 2024 11:49:34 AM org.openqa.selenium.devtools.Connection$Listener lambda$onText$0
WARNING: Unable to process: {"method":"Network.responseReceived","params":{"requestId":"34052.21","loaderId":"65D4266E0166C60CDF6B89843044200F","timestamp":180777.288556,"type":"Other","response":{"url":"https://rahulshettyacademy.com/api/ecom/auth/register","status":422,"statusText":"Unprocessable Entity","headers":{"ETag":"W/\"3e-OmujLQqQR2EiBppCB1shGOh9ahM\"","Expect-CT":"max-age=0","X-Permitted-Cross-Domain-Policies":"none","X-Content-Type-Options":"nosniff","Keep-Alive":"timeout=5, max=92","Date":"Mon, 16 Dec 2024 06:19:38 GMT","Content-Type":"application/json; charset=utf-8","Vary":"Accept-Encoding","X-Frame-Options":"SAMEORIGIN","Strict-Transport-Security":"max-age=15552000; includeSubDomains","Content-Security-Policy":"default-src 'self';base-uri 'self';block-all-mixed-content;font-src 'self' https: data:;frame-ancestors 'self';img-src 'self' data:;object-src 'none';script-src 'self';script-src-attr 'none';style-src 'self' https: 'unsafe-inline';upgrade-insecure-requests","X-DNS-Prefetch-Control":"off","Connection":"Keep-Alive","Referrer-Policy":"no-referrer","X-Download-Options":"noopen","Access-Control-Allow-Origin":"*","Content-Length":"62","X-XSS-Protection":"0","Server":"Apache/2.4.52 (Ubuntu)"},"mimeType":"application/json","charset":"utf-8","connectionReused":true,"connectionId":59,"remoteIPAddress":"13.201.9.53","remotePort":443,"fromDiskCache":false,"fromServiceWorker":false,"fromPrefetchCache":false,"encodedDataLength":905,"timing":{"requestTime":180777.256584,"proxyStart":-1,"proxyEnd":-1,"dnsStart":-1,"dnsEnd":-1,"connectStart":-1,"connectEnd":-1,"sslStart":-1,"sslEnd":-1,"workerStart":-1,"workerReady":-1,"workerFetchStart":-1,"workerRespondWithSettled":-1,"sendStart":0.644,"sendEnd":0.846,"pushStart":0,"pushEnd":0,"receiveHeadersStart":30.388,"receiveHeadersEnd":30.492},"responseTime":1.734329974138351e+12,"protocol":"http/1.1","alternateProtocolUsage":"unspecifiedReason","securityState":"secure","securityDetails":{"protocol":"TLS 1.3","keyExchange":"","keyExchangeGroup":"X25519","cipher":"AES_128_GCM","certificateId":0,"subjectName":"rahulshettyacademy.com","sanList":["rahulshettyacademy.com"],"issuer":"E6","validFrom":1731833819,"validTo":1739609818,"signedCertificateTimestampList":[{"status":"Verified","origin":"Embedded in certificate","logDescription":"Google 'Xenon2025h1' log","logId":"CF1156EED52E7CAFF3875BD9692E9BE91A71674AB017ECAC01D25B77CECC3B08","timestamp":1731837329589,"hashAlgorithm":"SHA-256","signatureAlgorithm":"ECDSA","signatureData":"3045022049CA90B2CB95C3A4AECDECF04FECA784EE3C38F667E4444EC363E3896496E161022100A382A6A79A23DB380C6BAE53F0317A7817F487C963769692F01598128068DB66"},{"status":"Verified","origin":"Embedded in certificate","logDescription":"DigiCert Nessie2025 Log","logId":"E6D2316340778CC1104106D771B9CEC1D240F6968486FBBA87321DFD1E378E50","timestamp":1731837329733,"hashAlgorithm":"SHA-256","signatureAlgorithm":"ECDSA","signatureData":"30450220157FD090AF13CC9D704CDB761C669D3050A465792F7063143A29419C5455EE34022100B52F2E04241FBDC492EED0F11D8D4C2FCCA313C5DD1D6CFBD8BE909857B03816"}],"certificateTransparencyCompliance":"compliant","serverSignatureAlgorithm":1027,"encryptedClientHello":false}},"hasExtraInfo":true,"frameId":"E098CD68712298C10A4C7E4BDE4BC281"},"sessionId":"BEF43A2049D68FB9E0531E8D06D3A7CD"}
org.openqa.selenium.devtools.DevToolsException: {"id":456,"error":{"code":-32000,"message":"No resource with given identifier found"},"sessionId":"BEF43A2049D68FB9E0531E8D06D3A7CD"}
Build info: version: '4.23.0', revision: '4df0a231af'
System info: os.name: 'Windows 11', os.arch: 'amd64', os.version: '10.0', java.version: '21.0.5'
Driver info: driver.version: unknown
	at org.openqa.selenium.devtools.Connection.sendAndWait(Connection.java:195)
	at org.openqa.selenium.devtools.DevTools.send(DevTools.java:90)
	at StepDefinitions.RegisterPage.ErrorHandlingStepDefImpl.lambda$password_length_error_message_is_displayed$2(ErrorHandlingStepDefImpl.java:134)
	at org.openqa.selenium.devtools.DevTools.lambda$addListener$0(DevTools.java:104)
	at org.openqa.selenium.devtools.Connection.lambda$handle$5(Connection.java:348)
	at java.base/java.util.stream.ForEachOps$ForEachOp$OfRef.accept(ForEachOps.java:184)
	at java.base/java.util.stream.ReferencePipeline$2$1.accept(ReferencePipeline.java:179)
	at java.base/java.util.stream.ReferencePipeline$15$1.accept(ReferencePipeline.java:541)
	at java.base/java.util.HashMap$EntrySpliterator.forEachRemaining(HashMap.java:1858)
	at java.base/java.util.stream.AbstractPipeline.copyInto(AbstractPipeline.java:509)
	at java.base/java.util.stream.AbstractPipeline.wrapAndCopyInto(AbstractPipeline.java:499)
	at java.base/java.util.stream.ForEachOps$ForEachOp.evaluateSequential(ForEachOps.java:151)
	at java.base/java.util.stream.ForEachOps$ForEachOp$OfRef.evaluateSequential(ForEachOps.java:174)
	at java.base/java.util.stream.AbstractPipeline.evaluate(AbstractPipeline.java:234)
	at java.base/java.util.stream.ReferencePipeline.forEach(ReferencePipeline.java:596)
	at org.openqa.selenium.devtools.Connection.handle(Connection.java:311)
	at org.openqa.selenium.devtools.Connection$Listener.lambda$onText$0(Connection.java:239)
	at java.base/java.util.concurrent.ThreadPoolExecutor.runWorker(ThreadPoolExecutor.java:1144)
	at java.base/java.util.concurrent.ThreadPoolExecutor$Worker.run(ThreadPoolExecutor.java:642)
	at java.base/java.lang.Thread.run(Thread.java:1583)
Caused by: org.openqa.selenium.WebDriverException: {"id":456,"error":{"code":-32000,"message":"No resource with given identifier found"},"sessionId":"BEF43A2049D68FB9E0531E8D06D3A7CD"}
Build info: version: '4.23.0', revision: '4df0a231af'
System info: os.name: 'Windows 11', os.arch: 'amd64', os.version: '10.0', java.version: '21.0.5'
Driver info: driver.version: unknown
	at org.openqa.selenium.devtools.Connection.handle(Connection.java:275)
	... 4 more

Exception in thread "CDP Connection" org.openqa.selenium.devtools.DevToolsException: {"id":456,"error":{"code":-32000,"message":"No resource with given identifier found"},"sessionId":"BEF43A2049D68FB9E0531E8D06D3A7CD"}
Build info: version: '4.23.0', revision: '4df0a231af'
System info: os.name: 'Windows 11', os.arch: 'amd64', os.version: '10.0', java.version: '21.0.5'
Driver info: driver.version: unknown
	at org.openqa.selenium.devtools.Connection$Listener.lambda$onText$0(Connection.java:242)
	at java.base/java.util.concurrent.ThreadPoolExecutor.runWorker(ThreadPoolExecutor.java:1144)
	at java.base/java.util.concurrent.ThreadPoolExecutor$Worker.run(ThreadPoolExecutor.java:642)
	at java.base/java.lang.Thread.run(Thread.java:1583)
Caused by: org.openqa.selenium.devtools.DevToolsException: {"id":456,"error":{"code":-32000,"message":"No resource with given identifier found"},"sessionId":"BEF43A2049D68FB9E0531E8D06D3A7CD"}
Build info: version: '4.23.0', revision: '4df0a231af'
System info: os.name: 'Windows 11', os.arch: 'amd64', os.version: '10.0', java.version: '21.0.5'
Driver info: driver.version: unknown
	at org.openqa.selenium.devtools.Connection.sendAndWait(Connection.java:195)
	at org.openqa.selenium.devtools.DevTools.send(DevTools.java:90)
	at StepDefinitions.RegisterPage.ErrorHandlingStepDefImpl.lambda$password_length_error_message_is_displayed$2(ErrorHandlingStepDefImpl.java:134)
	at org.openqa.selenium.devtools.DevTools.lambda$addListener$0(DevTools.java:104)
	at org.openqa.selenium.devtools.Connection.lambda$handle$5(Connection.java:348)
	at java.base/java.util.stream.ForEachOps$ForEachOp$OfRef.accept(ForEachOps.java:184)
	at java.base/java.util.stream.ReferencePipeline$2$1.accept(ReferencePipeline.java:179)
	at java.base/java.util.stream.ReferencePipeline$15$1.accept(ReferencePipeline.java:541)
	at java.base/java.util.HashMap$EntrySpliterator.forEachRemaining(HashMap.java:1858)
	at java.base/java.util.stream.AbstractPipeline.copyInto(AbstractPipeline.java:509)
	at java.base/java.util.stream.AbstractPipeline.wrapAndCopyInto(AbstractPipeline.java:499)
	at java.base/java.util.stream.ForEachOps$ForEachOp.evaluateSequential(ForEachOps.java:151)
	at java.base/java.util.stream.ForEachOps$ForEachOp$OfRef.evaluateSequential(ForEachOps.java:174)
	at java.base/java.util.stream.AbstractPipeline.evaluate(AbstractPipeline.java:234)
	at java.base/java.util.stream.ReferencePipeline.forEach(ReferencePipeline.java:596)
	at org.openqa.selenium.devtools.Connection.handle(Connection.java:311)
	at org.openqa.selenium.devtools.Connection$Listener.lambda$onText$0(Connection.java:239)
	... 3 more
Caused by: org.openqa.selenium.WebDriverException: {"id":456,"error":{"code":-32000,"message":"No resource with given identifier found"},"sessionId":"BEF43A2049D68FB9E0531E8D06D3A7CD"}
Build info: version: '4.23.0', revision: '4df0a231af'
System info: os.name: 'Windows 11', os.arch: 'amd64', os.version: '10.0', java.version: '21.0.5'
Driver info: driver.version: unknown
	at org.openqa.selenium.devtools.Connection.handle(Connection.java:275)
	... 4 more
Dec 16, 2024 11:49:34 AM org.openqa.selenium.remote.http.WebSocket$Listener onError
WARNING: Connection reset
java.net.SocketException: Connection reset
	at java.base/sun.nio.ch.SocketChannelImpl.throwConnectionReset(SocketChannelImpl.java:401)
	at java.base/sun.nio.ch.SocketChannelImpl.read(SocketChannelImpl.java:434)
	at java.net.http/jdk.internal.net.http.SocketTube.readAvailable(SocketTube.java:1178)
	at java.net.http/jdk.internal.net.http.SocketTube$InternalReadPublisher$InternalReadSubscription.read(SocketTube.java:841)
	at java.net.http/jdk.internal.net.http.SocketTube$SocketFlowTask.run(SocketTube.java:181)
	at java.net.http/jdk.internal.net.http.common.SequentialScheduler$SchedulableTask.run(SequentialScheduler.java:207)
	at java.net.http/jdk.internal.net.http.common.SequentialScheduler.runOrSchedule(SequentialScheduler.java:280)
	at java.net.http/jdk.internal.net.http.common.SequentialScheduler.runOrSchedule(SequentialScheduler.java:233)
	at java.net.http/jdk.internal.net.http.SocketTube$InternalReadPublisher$InternalReadSubscription.signalReadable(SocketTube.java:782)
	at java.net.http/jdk.internal.net.http.SocketTube$InternalReadPublisher$ReadEvent.signalEvent(SocketTube.java:965)
	at java.net.http/jdk.internal.net.http.SocketTube$SocketFlowEvent.handle(SocketTube.java:253)
	at java.net.http/jdk.internal.net.http.HttpClientImpl$SelectorManager.handleEvent(HttpClientImpl.java:1469)
	at java.net.http/jdk.internal.net.http.HttpClientImpl$SelectorManager.lambda$run$3(HttpClientImpl.java:1414)
	at java.base/java.util.ArrayList.forEach(ArrayList.java:1596)
	at java.net.http/jdk.internal.net.http.HttpClientImpl$SelectorManager.run(HttpClientImpl.java:1414)

]]></system-err>
  </testcase>
  <testcase name="runScenario[&quot;User provides correct details and api is failed and error is displayed&quot;, &quot;Register page error handling&quot;](97)" classname="TestNGTestRunner" time="7.462">
    <system-out><![CDATA[dd
]]></system-out>
    <system-err><![CDATA[Dec 16, 2024 11:49:38 AM org.openqa.selenium.devtools.CdpVersionFinder findNearestMatch
WARNING: Unable to find an exact match for CDP version 130, returning the closest version; found: 127; Please update to a Selenium version that supports CDP version 130
Dec 16, 2024 11:49:41 AM org.openqa.selenium.remote.http.WebSocket$Listener onError
WARNING: Connection reset
java.net.SocketException: Connection reset
	at java.base/sun.nio.ch.SocketChannelImpl.throwConnectionReset(SocketChannelImpl.java:401)
	at java.base/sun.nio.ch.SocketChannelImpl.read(SocketChannelImpl.java:434)
	at java.net.http/jdk.internal.net.http.SocketTube.readAvailable(SocketTube.java:1178)
	at java.net.http/jdk.internal.net.http.SocketTube$InternalReadPublisher$InternalReadSubscription.read(SocketTube.java:841)
	at java.net.http/jdk.internal.net.http.SocketTube$SocketFlowTask.run(SocketTube.java:181)
	at java.net.http/jdk.internal.net.http.common.SequentialScheduler$SchedulableTask.run(SequentialScheduler.java:207)
	at java.net.http/jdk.internal.net.http.common.SequentialScheduler.runOrSchedule(SequentialScheduler.java:280)
	at java.net.http/jdk.internal.net.http.common.SequentialScheduler.runOrSchedule(SequentialScheduler.java:233)
	at java.net.http/jdk.internal.net.http.SocketTube$InternalReadPublisher$InternalReadSubscription.signalReadable(SocketTube.java:782)
	at java.net.http/jdk.internal.net.http.SocketTube$InternalReadPublisher$ReadEvent.signalEvent(SocketTube.java:965)
	at java.net.http/jdk.internal.net.http.SocketTube$SocketFlowEvent.handle(SocketTube.java:253)
	at java.net.http/jdk.internal.net.http.HttpClientImpl$SelectorManager.handleEvent(HttpClientImpl.java:1469)
	at java.net.http/jdk.internal.net.http.HttpClientImpl$SelectorManager.lambda$run$3(HttpClientImpl.java:1414)
	at java.base/java.util.ArrayList.forEach(ArrayList.java:1596)
	at java.net.http/jdk.internal.net.http.HttpClientImpl$SelectorManager.run(HttpClientImpl.java:1414)

]]></system-err>
  </testcase>
  <testcase name="runScenario[&quot;User provides registered email and registerd user is displayed&quot;, &quot;Register page error handling&quot;](98)" classname="TestNGTestRunner" time="9.059">
    <system-out><![CDATA[interception-job-1.0
{"firstName":"santhosh","lastName":"sai","userEmail":"santhoshsai4517@gmail.com","userRole":"customer","occupation":"Student","gender":"Male","userMobile":"1234567890","userPassword":"151Fa04124@4517","confirmPassword":"151Fa04124@4517","required":true}
]]></system-out>
    <system-err><![CDATA[Dec 16, 2024 11:49:46 AM org.openqa.selenium.devtools.CdpVersionFinder findNearestMatch
WARNING: Unable to find an exact match for CDP version 130, returning the closest version; found: 127; Please update to a Selenium version that supports CDP version 130
Dec 16, 2024 11:49:50 AM org.openqa.selenium.devtools.Connection$Listener lambda$onText$0
WARNING: Unable to process: {"method":"Fetch.requestPaused","params":{"requestId":"interception-job-1.0","request":{"url":"https://rahulshettyacademy.com/api/ecom/auth/register","method":"POST","headers":{"Accept":"application/json, text/plain, */*","Content-Type":"application/json","Origin":"https://rahulshettyacademy.com","Referer":"https://rahulshettyacademy.com/client/auth/register","User-Agent":"Mozilla/5.0 (Windows NT 10.0; Win64; x64) AppleWebKit/537.36 (KHTML, like Gecko) Chrome/130.0.0.0 Safari/537.36","sec-ch-ua":"\"Chromium\";v=\"130\", \"Google Chrome\";v=\"130\", \"Not?A_Brand\";v=\"99\"","sec-ch-ua-mobile":"?0","sec-ch-ua-platform":"\"Windows\""},"postData":"{\"firstName\":\"santhosh\",\"lastName\":\"sai\",\"userEmail\":\"santhoshcergsai4517@gmail.com\",\"userRole\":\"customer\",\"occupation\":\"Student\",\"gender\":\"Male\",\"userMobile\":\"1234567890\",\"userPassword\":\"151Fa04124@4517\",\"confirmPassword\":\"151Fa04124@4517\",\"required\":true}","hasPostData":true,"postDataEntries":[{"bytes":"eyJmaXJzdE5hbWUiOiJzYW50aG9zaCIsImxhc3ROYW1lIjoic2FpIiwidXNlckVtYWlsIjoic2FudGhvc2hjZXJnc2FpNDUxN0BnbWFpbC5jb20iLCJ1c2VyUm9sZSI6ImN1c3RvbWVyIiwib2NjdXBhdGlvbiI6IlN0dWRlbnQiLCJnZW5kZXIiOiJNYWxlIiwidXNlck1vYmlsZSI6IjEyMzQ1Njc4OTAiLCJ1c2VyUGFzc3dvcmQiOiIxNTFGYTA0MTI0QDQ1MTciLCJjb25maXJtUGFzc3dvcmQiOiIxNTFGYTA0MTI0QDQ1MTciLCJyZXF1aXJlZCI6dHJ1ZX0="}],"initialPriority":"High","referrerPolicy":"strict-origin-when-cross-origin"},"frameId":"1FEE7A2687DF00B6396A140A588C0D0A","resourceType":"XHR"},"sessionId":"6604517780F5AC2FFFDEC7AC6071DAB0"}
org.openqa.selenium.devtools.DevToolsException: {"id":475,"error":{"code":-32602,"message":"Invalid parameters","data":"Failed to deserialize params.postData - BINDINGS: invalid base64 string at position 48"},"sessionId":"6604517780F5AC2FFFDEC7AC6071DAB0"}
Build info: version: '4.23.0', revision: '4df0a231af'
System info: os.name: 'Windows 11', os.arch: 'amd64', os.version: '10.0', java.version: '21.0.5'
Driver info: driver.version: unknown
	at org.openqa.selenium.devtools.Connection.sendAndWait(Connection.java:195)
	at org.openqa.selenium.devtools.DevTools.send(DevTools.java:90)
	at StepDefinitions.RegisterPage.ErrorHandlingStepDefImpl.lambda$API_is_intercepted_and_payload_is_modified_and_correct_details_and_error_occurs$4(ErrorHandlingStepDefImpl.java:181)
	at org.openqa.selenium.devtools.DevTools.lambda$addListener$0(DevTools.java:104)
	at org.openqa.selenium.devtools.Connection.lambda$handle$5(Connection.java:348)
	at java.base/java.util.stream.ForEachOps$ForEachOp$OfRef.accept(ForEachOps.java:184)
	at java.base/java.util.stream.ReferencePipeline$2$1.accept(ReferencePipeline.java:179)
	at java.base/java.util.stream.ReferencePipeline$15$1.accept(ReferencePipeline.java:541)
	at java.base/java.util.HashMap$EntrySpliterator.forEachRemaining(HashMap.java:1858)
	at java.base/java.util.stream.AbstractPipeline.copyInto(AbstractPipeline.java:509)
	at java.base/java.util.stream.AbstractPipeline.wrapAndCopyInto(AbstractPipeline.java:499)
	at java.base/java.util.stream.ForEachOps$ForEachOp.evaluateSequential(ForEachOps.java:151)
	at java.base/java.util.stream.ForEachOps$ForEachOp$OfRef.evaluateSequential(ForEachOps.java:174)
	at java.base/java.util.stream.AbstractPipeline.evaluate(AbstractPipeline.java:234)
	at java.base/java.util.stream.ReferencePipeline.forEach(ReferencePipeline.java:596)
	at org.openqa.selenium.devtools.Connection.handle(Connection.java:311)
	at org.openqa.selenium.devtools.Connection$Listener.lambda$onText$0(Connection.java:239)
	at java.base/java.util.concurrent.ThreadPoolExecutor.runWorker(ThreadPoolExecutor.java:1144)
	at java.base/java.util.concurrent.ThreadPoolExecutor$Worker.run(ThreadPoolExecutor.java:642)
	at java.base/java.lang.Thread.run(Thread.java:1583)
Caused by: org.openqa.selenium.WebDriverException: {"id":475,"error":{"code":-32602,"message":"Invalid parameters","data":"Failed to deserialize params.postData - BINDINGS: invalid base64 string at position 48"},"sessionId":"6604517780F5AC2FFFDEC7AC6071DAB0"}
Build info: version: '4.23.0', revision: '4df0a231af'
System info: os.name: 'Windows 11', os.arch: 'amd64', os.version: '10.0', java.version: '21.0.5'
Driver info: driver.version: unknown
	at org.openqa.selenium.devtools.Connection.handle(Connection.java:275)
	... 4 more

Exception in thread "CDP Connection" org.openqa.selenium.devtools.DevToolsException: {"id":475,"error":{"code":-32602,"message":"Invalid parameters","data":"Failed to deserialize params.postData - BINDINGS: invalid base64 string at position 48"},"sessionId":"6604517780F5AC2FFFDEC7AC6071DAB0"}
Build info: version: '4.23.0', revision: '4df0a231af'
System info: os.name: 'Windows 11', os.arch: 'amd64', os.version: '10.0', java.version: '21.0.5'
Driver info: driver.version: unknown
	at org.openqa.selenium.devtools.Connection$Listener.lambda$onText$0(Connection.java:242)
	at java.base/java.util.concurrent.ThreadPoolExecutor.runWorker(ThreadPoolExecutor.java:1144)
	at java.base/java.util.concurrent.ThreadPoolExecutor$Worker.run(ThreadPoolExecutor.java:642)
	at java.base/java.lang.Thread.run(Thread.java:1583)
Caused by: org.openqa.selenium.devtools.DevToolsException: {"id":475,"error":{"code":-32602,"message":"Invalid parameters","data":"Failed to deserialize params.postData - BINDINGS: invalid base64 string at position 48"},"sessionId":"6604517780F5AC2FFFDEC7AC6071DAB0"}
Build info: version: '4.23.0', revision: '4df0a231af'
System info: os.name: 'Windows 11', os.arch: 'amd64', os.version: '10.0', java.version: '21.0.5'
Driver info: driver.version: unknown
	at org.openqa.selenium.devtools.Connection.sendAndWait(Connection.java:195)
	at org.openqa.selenium.devtools.DevTools.send(DevTools.java:90)
	at StepDefinitions.RegisterPage.ErrorHandlingStepDefImpl.lambda$API_is_intercepted_and_payload_is_modified_and_correct_details_and_error_occurs$4(ErrorHandlingStepDefImpl.java:181)
	at org.openqa.selenium.devtools.DevTools.lambda$addListener$0(DevTools.java:104)
	at org.openqa.selenium.devtools.Connection.lambda$handle$5(Connection.java:348)
	at java.base/java.util.stream.ForEachOps$ForEachOp$OfRef.accept(ForEachOps.java:184)
	at java.base/java.util.stream.ReferencePipeline$2$1.accept(ReferencePipeline.java:179)
	at java.base/java.util.stream.ReferencePipeline$15$1.accept(ReferencePipeline.java:541)
	at java.base/java.util.HashMap$EntrySpliterator.forEachRemaining(HashMap.java:1858)
	at java.base/java.util.stream.AbstractPipeline.copyInto(AbstractPipeline.java:509)
	at java.base/java.util.stream.AbstractPipeline.wrapAndCopyInto(AbstractPipeline.java:499)
	at java.base/java.util.stream.ForEachOps$ForEachOp.evaluateSequential(ForEachOps.java:151)
	at java.base/java.util.stream.ForEachOps$ForEachOp$OfRef.evaluateSequential(ForEachOps.java:174)
	at java.base/java.util.stream.AbstractPipeline.evaluate(AbstractPipeline.java:234)
	at java.base/java.util.stream.ReferencePipeline.forEach(ReferencePipeline.java:596)
	at org.openqa.selenium.devtools.Connection.handle(Connection.java:311)
	at org.openqa.selenium.devtools.Connection$Listener.lambda$onText$0(Connection.java:239)
	... 3 more
Caused by: org.openqa.selenium.WebDriverException: {"id":475,"error":{"code":-32602,"message":"Invalid parameters","data":"Failed to deserialize params.postData - BINDINGS: invalid base64 string at position 48"},"sessionId":"6604517780F5AC2FFFDEC7AC6071DAB0"}
Build info: version: '4.23.0', revision: '4df0a231af'
System info: os.name: 'Windows 11', os.arch: 'amd64', os.version: '10.0', java.version: '21.0.5'
Driver info: driver.version: unknown
	at org.openqa.selenium.devtools.Connection.handle(Connection.java:275)
	... 4 more
Dec 16, 2024 11:49:50 AM org.openqa.selenium.remote.http.WebSocket$Listener onError
WARNING: Connection reset
java.net.SocketException: Connection reset
	at java.base/sun.nio.ch.SocketChannelImpl.throwConnectionReset(SocketChannelImpl.java:401)
	at java.base/sun.nio.ch.SocketChannelImpl.read(SocketChannelImpl.java:434)
	at java.net.http/jdk.internal.net.http.SocketTube.readAvailable(SocketTube.java:1178)
	at java.net.http/jdk.internal.net.http.SocketTube$InternalReadPublisher$InternalReadSubscription.read(SocketTube.java:841)
	at java.net.http/jdk.internal.net.http.SocketTube$SocketFlowTask.run(SocketTube.java:181)
	at java.net.http/jdk.internal.net.http.common.SequentialScheduler$SchedulableTask.run(SequentialScheduler.java:207)
	at java.net.http/jdk.internal.net.http.common.SequentialScheduler.runOrSchedule(SequentialScheduler.java:280)
	at java.net.http/jdk.internal.net.http.common.SequentialScheduler.runOrSchedule(SequentialScheduler.java:233)
	at java.net.http/jdk.internal.net.http.SocketTube$InternalReadPublisher$InternalReadSubscription.signalReadable(SocketTube.java:782)
	at java.net.http/jdk.internal.net.http.SocketTube$InternalReadPublisher$ReadEvent.signalEvent(SocketTube.java:965)
	at java.net.http/jdk.internal.net.http.SocketTube$SocketFlowEvent.handle(SocketTube.java:253)
	at java.net.http/jdk.internal.net.http.HttpClientImpl$SelectorManager.handleEvent(HttpClientImpl.java:1469)
	at java.net.http/jdk.internal.net.http.HttpClientImpl$SelectorManager.lambda$run$3(HttpClientImpl.java:1414)
	at java.base/java.util.ArrayList.forEach(ArrayList.java:1596)
	at java.net.http/jdk.internal.net.http.HttpClientImpl$SelectorManager.run(HttpClientImpl.java:1414)

]]></system-err>
  </testcase>
  <testcase name="runScenario[&quot;User clicks on login page link in register page&quot;, &quot;Register page functionality&quot;](99)" classname="TestNGTestRunner" time="6.204">
    <system-err><![CDATA[Dec 16, 2024 11:49:54 AM org.openqa.selenium.devtools.CdpVersionFinder findNearestMatch
WARNING: Unable to find an exact match for CDP version 130, returning the closest version; found: 127; Please update to a Selenium version that supports CDP version 130
Dec 16, 2024 11:49:56 AM org.openqa.selenium.remote.http.WebSocket$Listener onError
WARNING: Connection reset
java.net.SocketException: Connection reset
	at java.base/sun.nio.ch.SocketChannelImpl.throwConnectionReset(SocketChannelImpl.java:401)
	at java.base/sun.nio.ch.SocketChannelImpl.read(SocketChannelImpl.java:434)
	at java.net.http/jdk.internal.net.http.SocketTube.readAvailable(SocketTube.java:1178)
	at java.net.http/jdk.internal.net.http.SocketTube$InternalReadPublisher$InternalReadSubscription.read(SocketTube.java:841)
	at java.net.http/jdk.internal.net.http.SocketTube$SocketFlowTask.run(SocketTube.java:181)
	at java.net.http/jdk.internal.net.http.common.SequentialScheduler$SchedulableTask.run(SequentialScheduler.java:207)
	at java.net.http/jdk.internal.net.http.common.SequentialScheduler.runOrSchedule(SequentialScheduler.java:280)
	at java.net.http/jdk.internal.net.http.common.SequentialScheduler.runOrSchedule(SequentialScheduler.java:233)
	at java.net.http/jdk.internal.net.http.SocketTube$InternalReadPublisher$InternalReadSubscription.signalReadable(SocketTube.java:782)
	at java.net.http/jdk.internal.net.http.SocketTube$InternalReadPublisher$ReadEvent.signalEvent(SocketTube.java:965)
	at java.net.http/jdk.internal.net.http.SocketTube$SocketFlowEvent.handle(SocketTube.java:253)
	at java.net.http/jdk.internal.net.http.HttpClientImpl$SelectorManager.handleEvent(HttpClientImpl.java:1469)
	at java.net.http/jdk.internal.net.http.HttpClientImpl$SelectorManager.lambda$run$3(HttpClientImpl.java:1414)
	at java.base/java.util.ArrayList.forEach(ArrayList.java:1596)
	at java.net.http/jdk.internal.net.http.HttpClientImpl$SelectorManager.run(HttpClientImpl.java:1414)

]]></system-err>
  </testcase>
  <testcase name="runScenario[&quot;User provides all correct details and user is registered successfully&quot;, &quot;Register page functionality&quot;](100)" classname="TestNGTestRunner" time="17.394">
    <failure message="Expected condition failed: waiting for visibility of Proxy element for: DefaultElementLocator &apos;By.xpath: //h1[normalize-space()=&apos;Account Created Successfully&apos;]&apos; (tried for 5 second(s) with 500 milliseconds interval)" type="org.openqa.selenium.TimeoutException"><![CDATA[org.openqa.selenium.TimeoutException: Expected condition failed: waiting for visibility of Proxy element for: DefaultElementLocator 'By.xpath: //h1[normalize-space()='Account Created Successfully']' (tried for 5 second(s) with 500 milliseconds interval)
	at org.openqa.selenium.support.ui.WebDriverWait.timeoutException(WebDriverWait.java:84)
	at org.openqa.selenium.support.ui.FluentWait.until(FluentWait.java:228)
	at Util.Utility.waitForWebElementToAppear(Utility.java:32)
	at PageObjects.RegisterPage.getSuccessMessage(RegisterPage.java:174)
	at StepDefinitions.RegisterPage.FunctionalityStepDefImpl.user_provied_correct_details(FunctionalityStepDefImpl.java:78)
	at ✽.User provied santhosh sai rogj3ffgrf@gmail.com 1234567890 Student Male 151Fa04124@4517 151Fa04124@4517 true and submits form with correct details(file:///C:/Users/santh/Desktop/Ecommerce%20Automation/Selenium/EcommercePractise/src/test/java/FeatureFiles/RegisterPage/Functionality.feature:12)
Caused by: org.openqa.selenium.NoSuchElementException: no such element: Unable to locate element: {"method":"xpath","selector":"//h1[normalize-space()='Account Created Successfully']"}
  (Session info: chrome=130.0.6723.70)
For documentation on this error, please visit: https://www.selenium.dev/documentation/webdriver/troubleshooting/errors#no-such-element-exception
Build info: version: '4.23.0', revision: '4df0a231af'
System info: os.name: 'Windows 11', os.arch: 'amd64', os.version: '10.0', java.version: '21.0.5'
Driver info: org.openqa.selenium.chrome.ChromeDriver
Command: [af08d081902fae1544db6caa1a697fb1, findElement {using=xpath, value=//h1[normalize-space()='Account Created Successfully']}]
Capabilities {acceptInsecureCerts: false, browserName: chrome, browserVersion: 130.0.6723.70, chrome: {chromedriverVersion: 130.0.6723.116 (6ac35f94ae3..., userDataDir: C:\Users\santh\AppData\Loca...}, fedcm:accounts: true, goog:chromeOptions: {debuggerAddress: localhost:61938}, networkConnectionEnabled: false, pageLoadStrategy: normal, platformName: windows, proxy: Proxy(), se:cdp: ws://localhost:61938/devtoo..., se:cdpVersion: 130.0.6723.70, setWindowRect: true, strictFileInteractability: false, timeouts: {implicit: 0, pageLoad: 300000, script: 30000}, unhandledPromptBehavior: dismiss and notify, webauthn:extension:credBlob: true, webauthn:extension:largeBlob: true, webauthn:extension:minPinLength: true, webauthn:extension:prf: true, webauthn:virtualAuthenticators: true}
Session ID: af08d081902fae1544db6caa1a697fb1
	at java.base/jdk.internal.reflect.DirectConstructorHandleAccessor.newInstance(DirectConstructorHandleAccessor.java:62)
	at java.base/java.lang.reflect.Constructor.newInstanceWithCaller(Constructor.java:502)
	at java.base/java.lang.reflect.Constructor.newInstance(Constructor.java:486)
	at org.openqa.selenium.remote.ErrorCodec.decode(ErrorCodec.java:167)
	at org.openqa.selenium.remote.codec.w3c.W3CHttpResponseCodec.decode(W3CHttpResponseCodec.java:138)
	at org.openqa.selenium.remote.codec.w3c.W3CHttpResponseCodec.decode(W3CHttpResponseCodec.java:50)
	at org.openqa.selenium.remote.HttpCommandExecutor.execute(HttpCommandExecutor.java:190)
	at org.openqa.selenium.remote.service.DriverCommandExecutor.invokeExecute(DriverCommandExecutor.java:216)
	at org.openqa.selenium.remote.service.DriverCommandExecutor.execute(DriverCommandExecutor.java:174)
	at org.openqa.selenium.remote.RemoteWebDriver.execute(RemoteWebDriver.java:527)
	at org.openqa.selenium.remote.ElementLocation$ElementFinder$2.findElement(ElementLocation.java:165)
	at org.openqa.selenium.remote.ElementLocation.findElement(ElementLocation.java:59)
	at org.openqa.selenium.remote.RemoteWebDriver.findElement(RemoteWebDriver.java:357)
	at org.openqa.selenium.remote.RemoteWebDriver.findElement(RemoteWebDriver.java:351)
	at org.openqa.selenium.support.pagefactory.DefaultElementLocator.findElement(DefaultElementLocator.java:68)
	at org.openqa.selenium.support.pagefactory.internal.LocatingElementHandler.invoke(LocatingElementHandler.java:38)
	at jdk.proxy2/jdk.proxy2.$Proxy19.isDisplayed(Unknown Source)
	at org.openqa.selenium.support.ui.ExpectedConditions.elementIfVisible(ExpectedConditions.java:304)
	at org.openqa.selenium.support.ui.ExpectedConditions$10.apply(ExpectedConditions.java:290)
	at org.openqa.selenium.support.ui.ExpectedConditions$10.apply(ExpectedConditions.java:287)
	at org.openqa.selenium.support.ui.FluentWait.until(FluentWait.java:203)
	at Util.Utility.waitForWebElementToAppear(Utility.java:32)
	at PageObjects.RegisterPage.getSuccessMessage(RegisterPage.java:174)
	at StepDefinitions.RegisterPage.FunctionalityStepDefImpl.user_provied_correct_details(FunctionalityStepDefImpl.java:78)
	at java.base/jdk.internal.reflect.DirectMethodHandleAccessor.invoke(DirectMethodHandleAccessor.java:103)
	at java.base/java.lang.reflect.Method.invoke(Method.java:580)
	at io.cucumber.java.Invoker.doInvoke(Invoker.java:66)
	at io.cucumber.java.Invoker.invoke(Invoker.java:24)
	at io.cucumber.java.AbstractGlueDefinition.invokeMethod(AbstractGlueDefinition.java:47)
	at io.cucumber.java.JavaStepDefinition.execute(JavaStepDefinition.java:29)
	at io.cucumber.core.runner.CoreStepDefinition.execute(CoreStepDefinition.java:66)
	at io.cucumber.core.runner.PickleStepDefinitionMatch.runStep(PickleStepDefinitionMatch.java:63)
	at io.cucumber.core.runner.ExecutionMode$1.execute(ExecutionMode.java:10)
	at io.cucumber.core.runner.TestStep.executeStep(TestStep.java:81)
	at io.cucumber.core.runner.TestStep.run(TestStep.java:53)
	at io.cucumber.core.runner.PickleStepTestStep.run(PickleStepTestStep.java:51)
	at io.cucumber.core.runner.TestCase.run(TestCase.java:84)
	at io.cucumber.core.runner.Runner.runPickle(Runner.java:75)
	at io.cucumber.testng.TestNGCucumberRunner.lambda$runScenario$1(TestNGCucumberRunner.java:132)
	at io.cucumber.core.runtime.CucumberExecutionContext.lambda$runTestCase$5(CucumberExecutionContext.java:136)
	at io.cucumber.core.runtime.RethrowingThrowableCollector.executeAndThrow(RethrowingThrowableCollector.java:23)
	at io.cucumber.core.runtime.CucumberExecutionContext.runTestCase(CucumberExecutionContext.java:136)
	at io.cucumber.testng.TestNGCucumberRunner.runScenario(TestNGCucumberRunner.java:129)
	at io.cucumber.testng.AbstractTestNGCucumberTests.runScenario(AbstractTestNGCucumberTests.java:35)
	at java.base/jdk.internal.reflect.DirectMethodHandleAccessor.invoke(DirectMethodHandleAccessor.java:103)
	at java.base/java.lang.reflect.Method.invoke(Method.java:580)
	at org.testng.internal.invokers.MethodInvocationHelper.invokeMethod(MethodInvocationHelper.java:141)
	at org.testng.internal.invokers.TestInvoker.invokeMethod(TestInvoker.java:686)
	at org.testng.internal.invokers.TestInvoker.invokeTestMethod(TestInvoker.java:230)
	at org.testng.internal.invokers.MethodRunner.runInSequence(MethodRunner.java:63)
	at org.testng.internal.invokers.TestInvoker$MethodInvocationAgent.invoke(TestInvoker.java:992)
	at org.testng.internal.invokers.TestInvoker.invokeTestMethods(TestInvoker.java:203)
	at org.testng.internal.invokers.TestMethodWorker.invokeTestMethods(TestMethodWorker.java:154)
	at org.testng.internal.invokers.TestMethodWorker.run(TestMethodWorker.java:134)
	at java.base/java.util.ArrayList.forEach(ArrayList.java:1596)
	at org.testng.TestRunner.privateRun(TestRunner.java:739)
	at org.testng.TestRunner.run(TestRunner.java:614)
	at org.testng.SuiteRunner.runTest(SuiteRunner.java:421)
	at org.testng.SuiteRunner.runSequentially(SuiteRunner.java:413)
	at org.testng.SuiteRunner.privateRun(SuiteRunner.java:373)
	at org.testng.SuiteRunner.run(SuiteRunner.java:312)
	at org.testng.SuiteRunnerWorker.runSuite(SuiteRunnerWorker.java:52)
	at org.testng.SuiteRunnerWorker.run(SuiteRunnerWorker.java:95)
	at org.testng.TestNG.runSuitesSequentially(TestNG.java:1274)
	at org.testng.TestNG.runSuitesLocally(TestNG.java:1208)
	at org.testng.TestNG.runSuites(TestNG.java:1112)
	at org.testng.TestNG.run(TestNG.java:1079)
	at org.apache.maven.surefire.testng.TestNGExecutor.run(TestNGExecutor.java:155)
	at org.apache.maven.surefire.testng.TestNGDirectoryTestSuite.executeMulti(TestNGDirectoryTestSuite.java:169)
	at org.apache.maven.surefire.testng.TestNGDirectoryTestSuite.execute(TestNGDirectoryTestSuite.java:88)
	at org.apache.maven.surefire.testng.TestNGProvider.invoke(TestNGProvider.java:137)
	at org.apache.maven.surefire.booter.ForkedBooter.runSuitesInProcess(ForkedBooter.java:385)
	at org.apache.maven.surefire.booter.ForkedBooter.execute(ForkedBooter.java:162)
	at org.apache.maven.surefire.booter.ForkedBooter.run(ForkedBooter.java:507)
	at org.apache.maven.surefire.booter.ForkedBooter.main(ForkedBooter.java:495)
]]></failure>
    <system-out><![CDATA[{"firstName":"santhosh","lastName":"sai","userEmail":"rogj3ffgrf@gmail.com","userRole":"customer","occupation":"Student","gender":"Male","userMobile":"1234567890","userPassword":"151Fa04124@4517","confirmPassword":"151Fa04124@4517","required":true}
]]></system-out>
    <system-err><![CDATA[Dec 16, 2024 11:50:01 AM org.openqa.selenium.devtools.CdpVersionFinder findNearestMatch
WARNING: Unable to find an exact match for CDP version 130, returning the closest version; found: 127; Please update to a Selenium version that supports CDP version 130
Dec 16, 2024 11:50:14 AM org.openqa.selenium.remote.http.WebSocket$Listener onError
WARNING: Connection reset
java.net.SocketException: Connection reset
	at java.base/sun.nio.ch.SocketChannelImpl.throwConnectionReset(SocketChannelImpl.java:401)
	at java.base/sun.nio.ch.SocketChannelImpl.read(SocketChannelImpl.java:434)
	at java.net.http/jdk.internal.net.http.SocketTube.readAvailable(SocketTube.java:1178)
	at java.net.http/jdk.internal.net.http.SocketTube$InternalReadPublisher$InternalReadSubscription.read(SocketTube.java:841)
	at java.net.http/jdk.internal.net.http.SocketTube$SocketFlowTask.run(SocketTube.java:181)
	at java.net.http/jdk.internal.net.http.common.SequentialScheduler$SchedulableTask.run(SequentialScheduler.java:207)
	at java.net.http/jdk.internal.net.http.common.SequentialScheduler.runOrSchedule(SequentialScheduler.java:280)
	at java.net.http/jdk.internal.net.http.common.SequentialScheduler.runOrSchedule(SequentialScheduler.java:233)
	at java.net.http/jdk.internal.net.http.SocketTube$InternalReadPublisher$InternalReadSubscription.signalReadable(SocketTube.java:782)
	at java.net.http/jdk.internal.net.http.SocketTube$InternalReadPublisher$ReadEvent.signalEvent(SocketTube.java:965)
	at java.net.http/jdk.internal.net.http.SocketTube$SocketFlowEvent.handle(SocketTube.java:253)
	at java.net.http/jdk.internal.net.http.HttpClientImpl$SelectorManager.handleEvent(HttpClientImpl.java:1469)
	at java.net.http/jdk.internal.net.http.HttpClientImpl$SelectorManager.lambda$run$3(HttpClientImpl.java:1414)
	at java.base/java.util.ArrayList.forEach(ArrayList.java:1596)
	at java.net.http/jdk.internal.net.http.HttpClientImpl$SelectorManager.run(HttpClientImpl.java:1414)

]]></system-err>
  </testcase>
</testsuite>