<?xml version="1.0" encoding="UTF-8"?>
<testsuite xmlns:xsi="http://www.w3.org/2001/XMLSchema-instance" xsi:noNamespaceSchemaLocation="https://maven.apache.org/surefire/maven-surefire-plugin/xsd/surefire-test-report.xsd" version="3.0.1" name="TestSuite" time="73.535" tests="21" errors="0" skipped="0" failures="0">
  <properties>
    <property name="java.specification.version" value="21"/>
    <property name="sun.cpu.isalist" value="amd64"/>
    <property name="sun.jnu.encoding" value="Cp1252"/>
    <property name="java.class.path" value="C:\Users\santh\Desktop\Ecommerce Automation\Selenium\EcommercePractise\target\test-classes;C:\Users\santh\Desktop\Ecommerce Automation\Selenium\EcommercePractise\target\classes;C:\Users\santh\.m2\repository\org\json\json\20230618\json-20230618.jar;C:\Users\santh\.m2\repository\org\seleniumhq\selenium\selenium-java\4.23.0\selenium-java-4.23.0.jar;C:\Users\santh\.m2\repository\org\seleniumhq\selenium\selenium-api\4.23.0\selenium-api-4.23.0.jar;C:\Users\santh\.m2\repository\org\seleniumhq\selenium\selenium-chrome-driver\4.23.0\selenium-chrome-driver-4.23.0.jar;C:\Users\santh\.m2\repository\com\google\auto\service\auto-service-annotations\1.1.1\auto-service-annotations-1.1.1.jar;C:\Users\santh\.m2\repository\org\seleniumhq\selenium\selenium-chromium-driver\4.23.0\selenium-chromium-driver-4.23.0.jar;C:\Users\santh\.m2\repository\org\seleniumhq\selenium\selenium-json\4.23.0\selenium-json-4.23.0.jar;C:\Users\santh\.m2\repository\org\seleniumhq\selenium\selenium-manager\4.23.0\selenium-manager-4.23.0.jar;C:\Users\santh\.m2\repository\org\seleniumhq\selenium\selenium-devtools-v125\4.23.0\selenium-devtools-v125-4.23.0.jar;C:\Users\santh\.m2\repository\org\seleniumhq\selenium\selenium-devtools-v126\4.23.0\selenium-devtools-v126-4.23.0.jar;C:\Users\santh\.m2\repository\org\seleniumhq\selenium\selenium-devtools-v127\4.23.0\selenium-devtools-v127-4.23.0.jar;C:\Users\santh\.m2\repository\org\seleniumhq\selenium\selenium-devtools-v85\4.23.0\selenium-devtools-v85-4.23.0.jar;C:\Users\santh\.m2\repository\org\seleniumhq\selenium\selenium-edge-driver\4.23.0\selenium-edge-driver-4.23.0.jar;C:\Users\santh\.m2\repository\org\seleniumhq\selenium\selenium-firefox-driver\4.23.0\selenium-firefox-driver-4.23.0.jar;C:\Users\santh\.m2\repository\org\seleniumhq\selenium\selenium-http\4.23.0\selenium-http-4.23.0.jar;C:\Users\santh\.m2\repository\dev\failsafe\failsafe\3.3.2\failsafe-3.3.2.jar;C:\Users\santh\.m2\repository\org\seleniumhq\selenium\selenium-ie-driver\4.23.0\selenium-ie-driver-4.23.0.jar;C:\Users\santh\.m2\repository\org\seleniumhq\selenium\selenium-remote-driver\4.23.0\selenium-remote-driver-4.23.0.jar;C:\Users\santh\.m2\repository\com\google\guava\guava\33.2.1-jre\guava-33.2.1-jre.jar;C:\Users\santh\.m2\repository\com\google\guava\failureaccess\1.0.2\failureaccess-1.0.2.jar;C:\Users\santh\.m2\repository\com\google\guava\listenablefuture\9999.0-empty-to-avoid-conflict-with-guava\listenablefuture-9999.0-empty-to-avoid-conflict-with-guava.jar;C:\Users\santh\.m2\repository\com\google\code\findbugs\jsr305\3.0.2\jsr305-3.0.2.jar;C:\Users\santh\.m2\repository\org\checkerframework\checker-qual\3.42.0\checker-qual-3.42.0.jar;C:\Users\santh\.m2\repository\com\google\errorprone\error_prone_annotations\2.26.1\error_prone_annotations-2.26.1.jar;C:\Users\santh\.m2\repository\com\google\j2objc\j2objc-annotations\3.0.0\j2objc-annotations-3.0.0.jar;C:\Users\santh\.m2\repository\io\opentelemetry\semconv\opentelemetry-semconv\1.25.0-alpha\opentelemetry-semconv-1.25.0-alpha.jar;C:\Users\santh\.m2\repository\io\opentelemetry\opentelemetry-api\1.40.0\opentelemetry-api-1.40.0.jar;C:\Users\santh\.m2\repository\io\opentelemetry\opentelemetry-context\1.40.0\opentelemetry-context-1.40.0.jar;C:\Users\santh\.m2\repository\io\opentelemetry\opentelemetry-exporter-logging\1.40.0\opentelemetry-exporter-logging-1.40.0.jar;C:\Users\santh\.m2\repository\io\opentelemetry\opentelemetry-sdk-common\1.40.0\opentelemetry-sdk-common-1.40.0.jar;C:\Users\santh\.m2\repository\io\opentelemetry\opentelemetry-sdk-extension-autoconfigure-spi\1.40.0\opentelemetry-sdk-extension-autoconfigure-spi-1.40.0.jar;C:\Users\santh\.m2\repository\io\opentelemetry\opentelemetry-sdk-extension-autoconfigure\1.40.0\opentelemetry-sdk-extension-autoconfigure-1.40.0.jar;C:\Users\santh\.m2\repository\io\opentelemetry\opentelemetry-api-incubator\1.40.0-alpha\opentelemetry-api-incubator-1.40.0-alpha.jar;C:\Users\santh\.m2\repository\io\opentelemetry\opentelemetry-sdk-trace\1.40.0\opentelemetry-sdk-trace-1.40.0.jar;C:\Users\santh\.m2\repository\io\opentelemetry\opentelemetry-sdk\1.40.0\opentelemetry-sdk-1.40.0.jar;C:\Users\santh\.m2\repository\io\opentelemetry\opentelemetry-sdk-metrics\1.40.0\opentelemetry-sdk-metrics-1.40.0.jar;C:\Users\santh\.m2\repository\io\opentelemetry\opentelemetry-sdk-logs\1.40.0\opentelemetry-sdk-logs-1.40.0.jar;C:\Users\santh\.m2\repository\net\bytebuddy\byte-buddy\1.14.18\byte-buddy-1.14.18.jar;C:\Users\santh\.m2\repository\org\seleniumhq\selenium\selenium-os\4.23.0\selenium-os-4.23.0.jar;C:\Users\santh\.m2\repository\org\apache\commons\commons-exec\1.4.0\commons-exec-1.4.0.jar;C:\Users\santh\.m2\repository\org\seleniumhq\selenium\selenium-safari-driver\4.23.0\selenium-safari-driver-4.23.0.jar;C:\Users\santh\.m2\repository\org\seleniumhq\selenium\selenium-support\4.23.0\selenium-support-4.23.0.jar;C:\Users\santh\.m2\repository\commons-io\commons-io\2.16.1\commons-io-2.16.1.jar;C:\Users\santh\.m2\repository\io\cucumber\cucumber-java\7.18.1\cucumber-java-7.18.1.jar;C:\Users\santh\.m2\repository\io\cucumber\cucumber-core\7.18.1\cucumber-core-7.18.1.jar;C:\Users\santh\.m2\repository\io\cucumber\cucumber-gherkin\7.18.1\cucumber-gherkin-7.18.1.jar;C:\Users\santh\.m2\repository\io\cucumber\cucumber-gherkin-messages\7.18.1\cucumber-gherkin-messages-7.18.1.jar;C:\Users\santh\.m2\repository\io\cucumber\gherkin\28.0.0\gherkin-28.0.0.jar;C:\Users\santh\.m2\repository\io\cucumber\messages\24.1.0\messages-24.1.0.jar;C:\Users\santh\.m2\repository\io\cucumber\testng-xml-formatter\0.2.0\testng-xml-formatter-0.2.0.jar;C:\Users\santh\.m2\repository\io\cucumber\query\12.2.0\query-12.2.0.jar;C:\Users\santh\.m2\repository\io\cucumber\tag-expressions\6.1.0\tag-expressions-6.1.0.jar;C:\Users\santh\.m2\repository\io\cucumber\cucumber-expressions\17.1.0\cucumber-expressions-17.1.0.jar;C:\Users\santh\.m2\repository\io\cucumber\datatable\7.18.1\datatable-7.18.1.jar;C:\Users\santh\.m2\repository\io\cucumber\cucumber-plugin\7.18.1\cucumber-plugin-7.18.1.jar;C:\Users\santh\.m2\repository\io\cucumber\docstring\7.18.1\docstring-7.18.1.jar;C:\Users\santh\.m2\repository\io\cucumber\html-formatter\21.4.1\html-formatter-21.4.1.jar;C:\Users\santh\.m2\repository\io\cucumber\junit-xml-formatter\0.5.0\junit-xml-formatter-0.5.0.jar;C:\Users\santh\.m2\repository\io\cucumber\ci-environment\10.0.1\ci-environment-10.0.1.jar;C:\Users\santh\.m2\repository\org\apiguardian\apiguardian-api\1.1.2\apiguardian-api-1.1.2.jar;C:\Users\santh\.m2\repository\io\cucumber\cucumber-testng\7.18.1\cucumber-testng-7.18.1.jar;C:\Users\santh\.m2\repository\org\testng\testng\7.10.2\testng-7.10.2.jar;C:\Users\santh\.m2\repository\org\slf4j\slf4j-api\1.7.36\slf4j-api-1.7.36.jar;C:\Users\santh\.m2\repository\com\beust\jcommander\1.82\jcommander-1.82.jar;C:\Users\santh\.m2\repository\org\webjars\jquery\3.7.1\jquery-3.7.1.jar;"/>
    <property name="java.vm.vendor" value="Oracle Corporation"/>
    <property name="sun.arch.data.model" value="64"/>
    <property name="user.variant" value=""/>
    <property name="java.vendor.url" value="https://java.oracle.com/"/>
    <property name="user.timezone" value="Asia/Calcutta"/>
    <property name="os.name" value="Windows 11"/>
    <property name="java.vm.specification.version" value="21"/>
    <property name="sun.java.launcher" value="SUN_STANDARD"/>
    <property name="user.country" value="US"/>
    <property name="sun.boot.library.path" value="C:\Program Files\Java\jdk-21\bin"/>
    <property name="sun.java.command" value="C:\Users\santh\AppData\Local\Temp\surefire631253443076437078\surefirebooter-20241027143156876_3.jar C:\Users\santh\AppData\Local\Temp\surefire631253443076437078 2024-10-27T14-31-56_744-jvmRun1 surefire-20241027143156876_1tmp surefire_0-20241027143156876_2tmp"/>
    <property name="jdk.debug" value="release"/>
    <property name="surefire.test.class.path" value="C:\Users\santh\Desktop\Ecommerce Automation\Selenium\EcommercePractise\target\test-classes;C:\Users\santh\Desktop\Ecommerce Automation\Selenium\EcommercePractise\target\classes;C:\Users\santh\.m2\repository\org\json\json\20230618\json-20230618.jar;C:\Users\santh\.m2\repository\org\seleniumhq\selenium\selenium-java\4.23.0\selenium-java-4.23.0.jar;C:\Users\santh\.m2\repository\org\seleniumhq\selenium\selenium-api\4.23.0\selenium-api-4.23.0.jar;C:\Users\santh\.m2\repository\org\seleniumhq\selenium\selenium-chrome-driver\4.23.0\selenium-chrome-driver-4.23.0.jar;C:\Users\santh\.m2\repository\com\google\auto\service\auto-service-annotations\1.1.1\auto-service-annotations-1.1.1.jar;C:\Users\santh\.m2\repository\org\seleniumhq\selenium\selenium-chromium-driver\4.23.0\selenium-chromium-driver-4.23.0.jar;C:\Users\santh\.m2\repository\org\seleniumhq\selenium\selenium-json\4.23.0\selenium-json-4.23.0.jar;C:\Users\santh\.m2\repository\org\seleniumhq\selenium\selenium-manager\4.23.0\selenium-manager-4.23.0.jar;C:\Users\santh\.m2\repository\org\seleniumhq\selenium\selenium-devtools-v125\4.23.0\selenium-devtools-v125-4.23.0.jar;C:\Users\santh\.m2\repository\org\seleniumhq\selenium\selenium-devtools-v126\4.23.0\selenium-devtools-v126-4.23.0.jar;C:\Users\santh\.m2\repository\org\seleniumhq\selenium\selenium-devtools-v127\4.23.0\selenium-devtools-v127-4.23.0.jar;C:\Users\santh\.m2\repository\org\seleniumhq\selenium\selenium-devtools-v85\4.23.0\selenium-devtools-v85-4.23.0.jar;C:\Users\santh\.m2\repository\org\seleniumhq\selenium\selenium-edge-driver\4.23.0\selenium-edge-driver-4.23.0.jar;C:\Users\santh\.m2\repository\org\seleniumhq\selenium\selenium-firefox-driver\4.23.0\selenium-firefox-driver-4.23.0.jar;C:\Users\santh\.m2\repository\org\seleniumhq\selenium\selenium-http\4.23.0\selenium-http-4.23.0.jar;C:\Users\santh\.m2\repository\dev\failsafe\failsafe\3.3.2\failsafe-3.3.2.jar;C:\Users\santh\.m2\repository\org\seleniumhq\selenium\selenium-ie-driver\4.23.0\selenium-ie-driver-4.23.0.jar;C:\Users\santh\.m2\repository\org\seleniumhq\selenium\selenium-remote-driver\4.23.0\selenium-remote-driver-4.23.0.jar;C:\Users\santh\.m2\repository\com\google\guava\guava\33.2.1-jre\guava-33.2.1-jre.jar;C:\Users\santh\.m2\repository\com\google\guava\failureaccess\1.0.2\failureaccess-1.0.2.jar;C:\Users\santh\.m2\repository\com\google\guava\listenablefuture\9999.0-empty-to-avoid-conflict-with-guava\listenablefuture-9999.0-empty-to-avoid-conflict-with-guava.jar;C:\Users\santh\.m2\repository\com\google\code\findbugs\jsr305\3.0.2\jsr305-3.0.2.jar;C:\Users\santh\.m2\repository\org\checkerframework\checker-qual\3.42.0\checker-qual-3.42.0.jar;C:\Users\santh\.m2\repository\com\google\errorprone\error_prone_annotations\2.26.1\error_prone_annotations-2.26.1.jar;C:\Users\santh\.m2\repository\com\google\j2objc\j2objc-annotations\3.0.0\j2objc-annotations-3.0.0.jar;C:\Users\santh\.m2\repository\io\opentelemetry\semconv\opentelemetry-semconv\1.25.0-alpha\opentelemetry-semconv-1.25.0-alpha.jar;C:\Users\santh\.m2\repository\io\opentelemetry\opentelemetry-api\1.40.0\opentelemetry-api-1.40.0.jar;C:\Users\santh\.m2\repository\io\opentelemetry\opentelemetry-context\1.40.0\opentelemetry-context-1.40.0.jar;C:\Users\santh\.m2\repository\io\opentelemetry\opentelemetry-exporter-logging\1.40.0\opentelemetry-exporter-logging-1.40.0.jar;C:\Users\santh\.m2\repository\io\opentelemetry\opentelemetry-sdk-common\1.40.0\opentelemetry-sdk-common-1.40.0.jar;C:\Users\santh\.m2\repository\io\opentelemetry\opentelemetry-sdk-extension-autoconfigure-spi\1.40.0\opentelemetry-sdk-extension-autoconfigure-spi-1.40.0.jar;C:\Users\santh\.m2\repository\io\opentelemetry\opentelemetry-sdk-extension-autoconfigure\1.40.0\opentelemetry-sdk-extension-autoconfigure-1.40.0.jar;C:\Users\santh\.m2\repository\io\opentelemetry\opentelemetry-api-incubator\1.40.0-alpha\opentelemetry-api-incubator-1.40.0-alpha.jar;C:\Users\santh\.m2\repository\io\opentelemetry\opentelemetry-sdk-trace\1.40.0\opentelemetry-sdk-trace-1.40.0.jar;C:\Users\santh\.m2\repository\io\opentelemetry\opentelemetry-sdk\1.40.0\opentelemetry-sdk-1.40.0.jar;C:\Users\santh\.m2\repository\io\opentelemetry\opentelemetry-sdk-metrics\1.40.0\opentelemetry-sdk-metrics-1.40.0.jar;C:\Users\santh\.m2\repository\io\opentelemetry\opentelemetry-sdk-logs\1.40.0\opentelemetry-sdk-logs-1.40.0.jar;C:\Users\santh\.m2\repository\net\bytebuddy\byte-buddy\1.14.18\byte-buddy-1.14.18.jar;C:\Users\santh\.m2\repository\org\seleniumhq\selenium\selenium-os\4.23.0\selenium-os-4.23.0.jar;C:\Users\santh\.m2\repository\org\apache\commons\commons-exec\1.4.0\commons-exec-1.4.0.jar;C:\Users\santh\.m2\repository\org\seleniumhq\selenium\selenium-safari-driver\4.23.0\selenium-safari-driver-4.23.0.jar;C:\Users\santh\.m2\repository\org\seleniumhq\selenium\selenium-support\4.23.0\selenium-support-4.23.0.jar;C:\Users\santh\.m2\repository\commons-io\commons-io\2.16.1\commons-io-2.16.1.jar;C:\Users\santh\.m2\repository\io\cucumber\cucumber-java\7.18.1\cucumber-java-7.18.1.jar;C:\Users\santh\.m2\repository\io\cucumber\cucumber-core\7.18.1\cucumber-core-7.18.1.jar;C:\Users\santh\.m2\repository\io\cucumber\cucumber-gherkin\7.18.1\cucumber-gherkin-7.18.1.jar;C:\Users\santh\.m2\repository\io\cucumber\cucumber-gherkin-messages\7.18.1\cucumber-gherkin-messages-7.18.1.jar;C:\Users\santh\.m2\repository\io\cucumber\gherkin\28.0.0\gherkin-28.0.0.jar;C:\Users\santh\.m2\repository\io\cucumber\messages\24.1.0\messages-24.1.0.jar;C:\Users\santh\.m2\repository\io\cucumber\testng-xml-formatter\0.2.0\testng-xml-formatter-0.2.0.jar;C:\Users\santh\.m2\repository\io\cucumber\query\12.2.0\query-12.2.0.jar;C:\Users\santh\.m2\repository\io\cucumber\tag-expressions\6.1.0\tag-expressions-6.1.0.jar;C:\Users\santh\.m2\repository\io\cucumber\cucumber-expressions\17.1.0\cucumber-expressions-17.1.0.jar;C:\Users\santh\.m2\repository\io\cucumber\datatable\7.18.1\datatable-7.18.1.jar;C:\Users\santh\.m2\repository\io\cucumber\cucumber-plugin\7.18.1\cucumber-plugin-7.18.1.jar;C:\Users\santh\.m2\repository\io\cucumber\docstring\7.18.1\docstring-7.18.1.jar;C:\Users\santh\.m2\repository\io\cucumber\html-formatter\21.4.1\html-formatter-21.4.1.jar;C:\Users\santh\.m2\repository\io\cucumber\junit-xml-formatter\0.5.0\junit-xml-formatter-0.5.0.jar;C:\Users\santh\.m2\repository\io\cucumber\ci-environment\10.0.1\ci-environment-10.0.1.jar;C:\Users\santh\.m2\repository\org\apiguardian\apiguardian-api\1.1.2\apiguardian-api-1.1.2.jar;C:\Users\santh\.m2\repository\io\cucumber\cucumber-testng\7.18.1\cucumber-testng-7.18.1.jar;C:\Users\santh\.m2\repository\org\testng\testng\7.10.2\testng-7.10.2.jar;C:\Users\santh\.m2\repository\org\slf4j\slf4j-api\1.7.36\slf4j-api-1.7.36.jar;C:\Users\santh\.m2\repository\com\beust\jcommander\1.82\jcommander-1.82.jar;C:\Users\santh\.m2\repository\org\webjars\jquery\3.7.1\jquery-3.7.1.jar;"/>
    <property name="sun.cpu.endian" value="little"/>
    <property name="user.home" value="C:\Users\santh"/>
    <property name="user.language" value="en"/>
    <property name="java.specification.vendor" value="Oracle Corporation"/>
    <property name="java.version.date" value="2024-10-15"/>
    <property name="java.home" value="C:\Program Files\Java\jdk-21"/>
    <property name="file.separator" value="\"/>
    <property name="basedir" value="C:\Users\santh\Desktop\Ecommerce Automation\Selenium\EcommercePractise"/>
    <property name="java.vm.compressedOopsMode" value="Zero based"/>
    <property name="line.separator" value="&#10;"/>
    <property name="java.vm.specification.vendor" value="Oracle Corporation"/>
    <property name="java.specification.name" value="Java Platform API Specification"/>
    <property name="surefire.real.class.path" value="C:\Users\santh\AppData\Local\Temp\surefire631253443076437078\surefirebooter-20241027143156876_3.jar"/>
    <property name="user.script" value=""/>
    <property name="sun.management.compiler" value="HotSpot 64-Bit Tiered Compilers"/>
    <property name="java.runtime.version" value="21.0.5+9-LTS-239"/>
    <property name="user.name" value="santh"/>
    <property name="stdout.encoding" value="Cp1252"/>
    <property name="path.separator" value=";"/>
    <property name="os.version" value="10.0"/>
    <property name="java.runtime.name" value="Java(TM) SE Runtime Environment"/>
    <property name="file.encoding" value="UTF-8"/>
    <property name="java.vm.name" value="Java HotSpot(TM) 64-Bit Server VM"/>
    <property name="localRepository" value="C:\Users\santh\.m2\repository"/>
    <property name="java.vendor.url.bug" value="https://bugreport.java.com/bugreport/"/>
    <property name="java.io.tmpdir" value="C:\Users\santh\AppData\Local\Temp\"/>
    <property name="java.version" value="21.0.5"/>
    <property name="user.dir" value="C:\Users\santh\Desktop\Ecommerce Automation\Selenium\EcommercePractise"/>
    <property name="os.arch" value="amd64"/>
    <property name="java.vm.specification.name" value="Java Virtual Machine Specification"/>
    <property name="sun.os.patch.level" value=""/>
    <property name="native.encoding" value="Cp1252"/>
    <property name="java.library.path" value="C:\Program Files\Java\jdk-21\bin;C:\Windows\Sun\Java\bin;C:\Windows\system32;C:\Windows;C:\Program Files\Common Files\Oracle\Java\javapath;C:\Windows\system32;C:\Windows;C:\Windows\System32\Wbem;C:\Windows\System32\WindowsPowerShell\v1.0\;C:\Windows\System32\OpenSSH\;C:\Program Files\dotnet\;C:\Program Files\NVIDIA Corporation\NVIDIA NvDLISR;C:\Program Files (x86)\NVIDIA Corporation\PhysX\Common;C:\Program Files (x86)\Windows Kits\10\Windows Performance Toolkit\;C:\apache-maven-3.9.8\bin;C:\Program Files\Git\cmd;C:\Program Files\Amazon\AWSCLIV2\;C:\Program Files\nodejs\;C:\Users\santh\AppData\Local\Microsoft\WindowsApps;C:\Users\santh\AppData\Local\Programs\Microsoft VS Code\bin;C:\Program Files\MongoDB\Server\7.0\bin;C:\Users\santh\Downloads\Compressed\mongosh-2.0.2-win32-x64\mongosh-2.0.2-win32-x64\bin;C:\src\flutter\bin;C:\apache-maven-3.9.8;C:\Users\santh\AppData\Roaming\npm;."/>
    <property name="java.vm.info" value="mixed mode, sharing"/>
    <property name="stderr.encoding" value="Cp1252"/>
    <property name="java.vendor" value="Oracle Corporation"/>
    <property name="java.vm.version" value="21.0.5+9-LTS-239"/>
    <property name="sun.io.unicode.encoding" value="UnicodeLittle"/>
    <property name="java.class.version" value="65.0"/>
  </properties>
  <testcase name="runScenario[&quot;Empty form&quot;, &quot;Forgot Password Page error handling&quot;](1)" classname="TestNGTestRunner" time="4.349">
    <system-err><![CDATA[SLF4J: Failed to load class "org.slf4j.impl.StaticLoggerBinder".
SLF4J: Defaulting to no-operation (NOP) logger implementation
SLF4J: See http://www.slf4j.org/codes.html#StaticLoggerBinder for further details.
Oct 27, 2024 2:31:59 PM org.openqa.selenium.devtools.CdpVersionFinder findNearestMatch
WARNING: Unable to find an exact match for CDP version 130, returning the closest version; found: 127; Please update to a Selenium version that supports CDP version 130
Oct 27, 2024 2:32:02 PM org.openqa.selenium.remote.http.WebSocket$Listener onError
WARNING: Connection reset
java.net.SocketException: Connection reset
	at java.base/sun.nio.ch.SocketChannelImpl.throwConnectionReset(SocketChannelImpl.java:401)
	at java.base/sun.nio.ch.SocketChannelImpl.read(SocketChannelImpl.java:434)
	at java.net.http/jdk.internal.net.http.SocketTube.readAvailable(SocketTube.java:1178)
	at java.net.http/jdk.internal.net.http.SocketTube$InternalReadPublisher$InternalReadSubscription.read(SocketTube.java:841)
	at java.net.http/jdk.internal.net.http.SocketTube$SocketFlowTask.run(SocketTube.java:181)
	at java.net.http/jdk.internal.net.http.common.SequentialScheduler$SchedulableTask.run(SequentialScheduler.java:207)
	at java.net.http/jdk.internal.net.http.common.SequentialScheduler.runOrSchedule(SequentialScheduler.java:280)
	at java.net.http/jdk.internal.net.http.common.SequentialScheduler.runOrSchedule(SequentialScheduler.java:233)
	at java.net.http/jdk.internal.net.http.SocketTube$InternalReadPublisher$InternalReadSubscription.signalReadable(SocketTube.java:782)
	at java.net.http/jdk.internal.net.http.SocketTube$InternalReadPublisher$ReadEvent.signalEvent(SocketTube.java:965)
	at java.net.http/jdk.internal.net.http.SocketTube$SocketFlowEvent.handle(SocketTube.java:253)
	at java.net.http/jdk.internal.net.http.HttpClientImpl$SelectorManager.handleEvent(HttpClientImpl.java:1469)
	at java.net.http/jdk.internal.net.http.HttpClientImpl$SelectorManager.lambda$run$3(HttpClientImpl.java:1414)
	at java.base/java.util.ArrayList.forEach(ArrayList.java:1596)
	at java.net.http/jdk.internal.net.http.HttpClientImpl$SelectorManager.run(HttpClientImpl.java:1414)

]]></system-err>
  </testcase>
  <testcase name="runScenario[&quot;Invalid email&quot;, &quot;Forgot Password Page error handling&quot;](2)" classname="TestNGTestRunner" time="3.174">
    <system-err><![CDATA[Oct 27, 2024 2:32:03 PM org.openqa.selenium.devtools.CdpVersionFinder findNearestMatch
WARNING: Unable to find an exact match for CDP version 130, returning the closest version; found: 127; Please update to a Selenium version that supports CDP version 130
Oct 27, 2024 2:32:05 PM org.openqa.selenium.remote.http.WebSocket$Listener onError
WARNING: Connection reset
java.net.SocketException: Connection reset
	at java.base/sun.nio.ch.SocketChannelImpl.throwConnectionReset(SocketChannelImpl.java:401)
	at java.base/sun.nio.ch.SocketChannelImpl.read(SocketChannelImpl.java:434)
	at java.net.http/jdk.internal.net.http.SocketTube.readAvailable(SocketTube.java:1178)
	at java.net.http/jdk.internal.net.http.SocketTube$InternalReadPublisher$InternalReadSubscription.read(SocketTube.java:841)
	at java.net.http/jdk.internal.net.http.SocketTube$SocketFlowTask.run(SocketTube.java:181)
	at java.net.http/jdk.internal.net.http.common.SequentialScheduler$SchedulableTask.run(SequentialScheduler.java:207)
	at java.net.http/jdk.internal.net.http.common.SequentialScheduler.runOrSchedule(SequentialScheduler.java:280)
	at java.net.http/jdk.internal.net.http.common.SequentialScheduler.runOrSchedule(SequentialScheduler.java:233)
	at java.net.http/jdk.internal.net.http.SocketTube$InternalReadPublisher$InternalReadSubscription.signalReadable(SocketTube.java:782)
	at java.net.http/jdk.internal.net.http.SocketTube$InternalReadPublisher$ReadEvent.signalEvent(SocketTube.java:965)
	at java.net.http/jdk.internal.net.http.SocketTube$SocketFlowEvent.handle(SocketTube.java:253)
	at java.net.http/jdk.internal.net.http.HttpClientImpl$SelectorManager.handleEvent(HttpClientImpl.java:1469)
	at java.net.http/jdk.internal.net.http.HttpClientImpl$SelectorManager.lambda$run$3(HttpClientImpl.java:1414)
	at java.base/java.util.ArrayList.forEach(ArrayList.java:1596)
	at java.net.http/jdk.internal.net.http.HttpClientImpl$SelectorManager.run(HttpClientImpl.java:1414)

]]></system-err>
  </testcase>
  <testcase name="runScenario[&quot;Password mismatch&quot;, &quot;Forgot Password Page error handling&quot;](3)" classname="TestNGTestRunner" time="2.886">
    <system-err><![CDATA[Oct 27, 2024 2:32:06 PM org.openqa.selenium.devtools.CdpVersionFinder findNearestMatch
WARNING: Unable to find an exact match for CDP version 130, returning the closest version; found: 127; Please update to a Selenium version that supports CDP version 130
]]></system-err>
  </testcase>
  <testcase name="runScenario[&quot;User Not found&quot;, &quot;Forgot Password Page error handling&quot;](4)" classname="TestNGTestRunner" time="3.304">
    <system-out><![CDATA[{"userEmail":"s123vreveg4@gmail.com","userPassword":"123456","confirmPassword":"123456"}
]]></system-out>
    <system-err><![CDATA[Oct 27, 2024 2:32:09 PM org.openqa.selenium.devtools.CdpVersionFinder findNearestMatch
WARNING: Unable to find an exact match for CDP version 130, returning the closest version; found: 127; Please update to a Selenium version that supports CDP version 130
Oct 27, 2024 2:32:11 PM org.openqa.selenium.devtools.Connection$Listener lambda$onText$0
WARNING: Unable to process: {"method":"Network.requestWillBeSent","params":{"requestId":"30216.20","loaderId":"16D51347F0A163B3B1A9CC93F2EC4ACF","documentURL":"https://rahulshettyacademy.com/client/auth/password-new","request":{"url":"https://rahulshettyacademy.com/api/ecom/auth/new-password","method":"POST","headers":{"sec-ch-ua-platform":"\"Windows\"","Referer":"https://rahulshettyacademy.com/client/auth/password-new","User-Agent":"Mozilla/5.0 (Windows NT 10.0; Win64; x64) AppleWebKit/537.36 (KHTML, like Gecko) Chrome/130.0.0.0 Safari/537.36","Accept":"application/json, text/plain, */*","sec-ch-ua":"\"Chromium\";v=\"130\", \"Google Chrome\";v=\"130\", \"Not?A_Brand\";v=\"99\"","Content-Type":"application/json","sec-ch-ua-mobile":"?0"},"postData":"{\"userEmail\":\"s123vreveg4@gmail.com\",\"userPassword\":\"123456\",\"confirmPassword\":\"123456\"}","hasPostData":true,"postDataEntries":[{"bytes":"eyJ1c2VyRW1haWwiOiJzMTIzdnJldmVnNEBnbWFpbC5jb20iLCJ1c2VyUGFzc3dvcmQiOiIxMjM0NTYiLCJjb25maXJtUGFzc3dvcmQiOiIxMjM0NTYifQ=="}],"mixedContentType":"none","initialPriority":"High","referrerPolicy":"strict-origin-when-cross-origin","isSameSite":true},"timestamp":22617.412597,"wallTime":1730019731.279431,"initiator":{"type":"script","stack":{"callFrames":[{"functionName":"q","scriptId":"8","url":"https://rahulshettyacademy.com/client/polyfills.bd0c6ffd915d0ed70d31.js","lineNumber":0,"columnNumber":32300},{"functionName":"scheduleTask","scriptId":"8","url":"https://rahulshettyacademy.com/client/polyfills.bd0c6ffd915d0ed70d31.js","lineNumber":0,"columnNumber":6899},{"functionName":"onScheduleTask","scriptId":"8","url":"https://rahulshettyacademy.com/client/polyfills.bd0c6ffd915d0ed70d31.js","lineNumber":0,"columnNumber":4124},{"functionName":"scheduleTask","scriptId":"8","url":"https://rahulshettyacademy.com/client/polyfills.bd0c6ffd915d0ed70d31.js","lineNumber":0,"columnNumber":6797},{"functionName":"scheduleTask","scriptId":"8","url":"https://rahulshettyacademy.com/client/polyfills.bd0c6ffd915d0ed70d31.js","lineNumber":0,"columnNumber":3086},{"functionName":"scheduleMacroTask","scriptId":"8","url":"https://rahulshettyacademy.com/client/polyfills.bd0c6ffd915d0ed70d31.js","lineNumber":0,"columnNumber":3395},{"functionName":"Me","scriptId":"8","url":"https://rahulshettyacademy.com/client/polyfills.bd0c6ffd915d0ed70d31.js","lineNumber":0,"columnNumber":10539},{"functionName":"","scriptId":"8","url":"https://rahulshettyacademy.com/client/polyfills.bd0c6ffd915d0ed70d31.js","lineNumber":0,"columnNumber":32691},{"functionName":"o.<computed>","scriptId":"8","url":"https://rahulshettyacademy.com/client/polyfills.bd0c6ffd915d0ed70d31.js","lineNumber":0,"columnNumber":13452},{"functionName":"","scriptId":"10","url":"https://rahulshettyacademy.com/client/main.9c44d72685822eee0a0f.js","lineNumber":0,"columnNumber":40276},{"functionName":"_trySubscribe","scriptId":"10","url":"https://rahulshettyacademy.com/client/main.9c44d72685822eee0a0f.js","lineNumber":0,"columnNumber":247222},{"functionName":"subscribe","scriptId":"10","url":"https://rahulshettyacademy.com/client/main.9c44d72685822eee0a0f.js","lineNumber":0,"columnNumber":247023},{"functionName":"call","scriptId":"10","url":"https://rahulshettyacademy.com/client/main.9c44d72685822eee0a0f.js","lineNumber":0,"columnNumber":347614},{"functionName":"subscribe","scriptId":"10","url":"https://rahulshettyacademy.com/client/main.9c44d72685822eee0a0f.js","lineNumber":0,"columnNumber":246898},{"functionName":"call","scriptId":"10","url":"https://rahulshettyacademy.com/client/main.9c44d72685822eee0a0f.js","lineNumber":0,"columnNumber":260024},{"functionName":"subscribe","scriptId":"10","url":"https://rahulshettyacademy.com/client/main.9c44d72685822eee0a0f.js","lineNumber":0,"columnNumber":246898},{"functionName":"call","scriptId":"10","url":"https://rahulshettyacademy.com/client/main.9c44d72685822eee0a0f.js","lineNumber":0,"columnNumber":261641},{"functionName":"subscribe","scriptId":"10","url":"https://rahulshettyacademy.com/client/main.9c44d72685822eee0a0f.js","lineNumber":0,"columnNumber":246898},{"functionName":"X","scriptId":"10","url":"https://rahulshettyacademy.com/client/main.9c44d72685822eee0a0f.js","lineNumber":0,"columnNumber":256272},{"functionName":"_innerSub","scriptId":"10","url":"https://rahulshettyacademy.com/client/main.9c44d72685822eee0a0f.js","lineNumber":0,"columnNumber":263677},{"functionName":"_tryNext","scriptId":"10","url":"https://rahulshettyacademy.com/client/main.9c44d72685822eee0a0f.js","lineNumber":0,"columnNumber":263582},{"functionName":"_next","scriptId":"10","url":"https://rahulshettyacademy.com/client/main.9c44d72685822eee0a0f.js","lineNumber":0,"columnNumber":263421},{"functionName":"next","scriptId":"10","url":"https://rahulshettyacademy.com/client/main.9c44d72685822eee0a0f.js","lineNumber":0,"columnNumber":251086},{"functionName":"","scriptId":"10","url":"https://rahulshettyacademy.com/client/main.9c44d72685822eee0a0f.js","lineNumber":0,"columnNumber":270945},{"functionName":"_trySubscribe","scriptId":"10","url":"https://rahulshettyacademy.com/client/main.9c44d72685822eee0a0f.js","lineNumber":0,"columnNumber":247222},{"functionName":"subscribe","scriptId":"10","url":"https://rahulshettyacademy.com/client/main.9c44d72685822eee0a0f.js","lineNumber":0,"columnNumber":247023},{"functionName":"call","scriptId":"10","url":"https://rahulshettyacademy.com/client/main.9c44d72685822eee0a0f.js","lineNumber":0,"columnNumber":263156},{"functionName":"subscribe","scriptId":"10","url":"https://rahulshettyacademy.com/client/main.9c44d72685822eee0a0f.js","lineNumber":0,"columnNumber":246898},{"functionName":"call","scriptId":"10","url":"https://rahulshettyacademy.com/client/main.9c44d72685822eee0a0f.js","lineNumber":0,"columnNumber":261156},{"functionName":"subscribe","scriptId":"10","url":"https://rahulshettyacademy.com/client/main.9c44d72685822eee0a0f.js","lineNumber":0,"columnNumber":246898},{"functionName":"call","scriptId":"10","url":"https://rahulshettyacademy.com/client/main.9c44d72685822eee0a0f.js","lineNumber":0,"columnNumber":262331},{"functionName":"subscribe","scriptId":"10","url":"https://rahulshettyacademy.com/client/main.9c44d72685822eee0a0f.js","lineNumber":0,"columnNumber":246898},{"functionName":"call","scriptId":"10","url":"https://rahulshettyacademy.com/client/main.9c44d72685822eee0a0f.js","lineNumber":0,"columnNumber":262331},{"functionName":"subscribe","scriptId":"10","url":"https://rahulshettyacademy.com/client/main.9c44d72685822eee0a0f.js","lineNumber":0,"columnNumber":246898},{"functionName":"call","scriptId":"10","url":"https://rahulshettyacademy.com/client/main.9c44d72685822eee0a0f.js","lineNumber":0,"columnNumber":265941},{"functionName":"subscribe","scriptId":"10","url":"https://rahulshettyacademy.com/client/main.9c44d72685822eee0a0f.js","lineNumber":0,"columnNumber":246898},{"functionName":"call","scriptId":"10","url":"https://rahulshettyacademy.com/client/main.9c44d72685822eee0a0f.js","lineNumber":0,"columnNumber":267376},{"functionName":"subscribe","scriptId":"10","url":"https://rahulshettyacademy.com/client/main.9c44d72685822eee0a0f.js","lineNumber":0,"columnNumber":246898},{"functionName":"forgotPassword","scriptId":"14","url":"https://rahulshettyacademy.com/client/674.c8a6d45922fab3876c70.js","lineNumber":0,"columnNumber":56288},{"functionName":"","scriptId":"14","url":"https://rahulshettyacademy.com/client/674.c8a6d45922fab3876c70.js","lineNumber":0,"columnNumber":57832},{"functionName":"Bp","scriptId":"10","url":"https://rahulshettyacademy.com/client/main.9c44d72685822eee0a0f.js","lineNumber":0,"columnNumber":101233},{"functionName":"i","scriptId":"10","url":"https://rahulshettyacademy.com/client/main.9c44d72685822eee0a0f.js","lineNumber":0,"columnNumber":101395},{"functionName":"__tryOrUnsub","scriptId":"10","url":"https://rahulshettyacademy.com/client/main.9c44d72685822eee0a0f.js","lineNumber":0,"columnNumber":252917},{"functionName":"next","scriptId":"10","url":"https://rahulshettyacademy.com/client/main.9c44d72685822eee0a0f.js","lineNumber":0,"columnNumber":252142},{"functionName":"_next","scriptId":"10","url":"https://rahulshettyacademy.com/client/main.9c44d72685822eee0a0f.js","lineNumber":0,"columnNumber":251312},{"functionName":"next","scriptId":"10","url":"https://rahulshettyacademy.com/client/main.9c44d72685822eee0a0f.js","lineNumber":0,"columnNumber":251086},{"functionName":"next","scriptId":"10","url":"https://rahulshettyacademy.com/client/main.9c44d72685822eee0a0f.js","lineNumber":0,"columnNumber":249168},{"functionName":"emit","scriptId":"10","url":"https://rahulshettyacademy.com/client/main.9c44d72685822eee0a0f.js","lineNumber":0,"columnNumber":136306},{"functionName":"onSubmit","scriptId":"12","url":"https://rahulshettyacademy.com/client/480.f1614ecd961bd8e3dfd9.js","lineNumber":0,"columnNumber":33303},{"functionName":"","scriptId":"12","url":"https://rahulshettyacademy.com/client/480.f1614ecd961bd8e3dfd9.js","lineNumber":0,"columnNumber":34287},{"functionName":"Bp","scriptId":"10","url":"https://rahulshettyacademy.com/client/main.9c44d72685822eee0a0f.js","lineNumber":0,"columnNumber":101233},{"functionName":"i","scriptId":"10","url":"https://rahulshettyacademy.com/client/main.9c44d72685822eee0a0f.js","lineNumber":0,"columnNumber":101395},{"functionName":"","scriptId":"10","url":"https://rahulshettyacademy.com/client/main.9c44d72685822eee0a0f.js","lineNumber":0,"columnNumber":164144},{"functionName":"invokeTask","scriptId":"8","url":"https://rahulshettyacademy.com/client/polyfills.bd0c6ffd915d0ed70d31.js","lineNumber":0,"columnNumber":7136},{"functionName":"onInvokeTask","scriptId":"10","url":"https://rahulshettyacademy.com/client/main.9c44d72685822eee0a0f.js","lineNumber":0,"columnNumber":146363},{"functionName":"invokeTask","scriptId":"8","url":"https://rahulshettyacademy.com/client/polyfills.bd0c6ffd915d0ed70d31.js","lineNumber":0,"columnNumber":7057},{"functionName":"runTask","scriptId":"8","url":"https://rahulshettyacademy.com/client/polyfills.bd0c6ffd915d0ed70d31.js","lineNumber":0,"columnNumber":2531},{"functionName":"invokeTask","scriptId":"8","url":"https://rahulshettyacademy.com/client/polyfills.bd0c6ffd915d0ed70d31.js","lineNumber":0,"columnNumber":8187},{"functionName":"Z","scriptId":"8","url":"https://rahulshettyacademy.com/client/polyfills.bd0c6ffd915d0ed70d31.js","lineNumber":0,"columnNumber":20798},{"functionName":"N","scriptId":"8","url":"https://rahulshettyacademy.com/client/polyfills.bd0c6ffd915d0ed70d31.js","lineNumber":0,"columnNumber":21091},{"functionName":"B","scriptId":"8","url":"https://rahulshettyacademy.com/client/polyfills.bd0c6ffd915d0ed70d31.js","lineNumber":0,"columnNumber":21357}]}},"redirectHasExtraInfo":false,"type":"XHR","frameId":"EF9CF2BCD5F7B989633DFA30F1132D68","hasUserGesture":true},"sessionId":"091AB9CC5BCBD19531CBAC5FB2F8A9C8"}
org.json.JSONException: JSONObject["userPaassword"] not found.
	at org.json.JSONObject.get(JSONObject.java:570)
	at org.json.JSONObject.getString(JSONObject.java:857)
	at StepDefinitions.ForgotPasswordPage.ErrorHandlingStepDefImpl.lambda$user_provied_not_recognised_mail_and_submits_the_form$0(ErrorHandlingStepDefImpl.java:93)
	at org.openqa.selenium.devtools.DevTools.lambda$addListener$0(DevTools.java:104)
	at org.openqa.selenium.devtools.Connection.lambda$handle$5(Connection.java:348)
	at java.base/java.util.stream.ForEachOps$ForEachOp$OfRef.accept(ForEachOps.java:184)
	at java.base/java.util.stream.ReferencePipeline$2$1.accept(ReferencePipeline.java:179)
	at java.base/java.util.stream.ReferencePipeline$15$1.accept(ReferencePipeline.java:541)
	at java.base/java.util.HashMap$EntrySpliterator.forEachRemaining(HashMap.java:1858)
	at java.base/java.util.stream.AbstractPipeline.copyInto(AbstractPipeline.java:509)
	at java.base/java.util.stream.AbstractPipeline.wrapAndCopyInto(AbstractPipeline.java:499)
	at java.base/java.util.stream.ForEachOps$ForEachOp.evaluateSequential(ForEachOps.java:151)
	at java.base/java.util.stream.ForEachOps$ForEachOp$OfRef.evaluateSequential(ForEachOps.java:174)
	at java.base/java.util.stream.AbstractPipeline.evaluate(AbstractPipeline.java:234)
	at java.base/java.util.stream.ReferencePipeline.forEach(ReferencePipeline.java:596)
	at org.openqa.selenium.devtools.Connection.handle(Connection.java:311)
	at org.openqa.selenium.devtools.Connection$Listener.lambda$onText$0(Connection.java:239)
	at java.base/java.util.concurrent.ThreadPoolExecutor.runWorker(ThreadPoolExecutor.java:1144)
	at java.base/java.util.concurrent.ThreadPoolExecutor$Worker.run(ThreadPoolExecutor.java:642)
	at java.base/java.lang.Thread.run(Thread.java:1583)

Exception in thread "CDP Connection" org.openqa.selenium.devtools.DevToolsException: JSONObject["userPaassword"] not found.
Build info: version: '4.23.0', revision: '4df0a231af'
System info: os.name: 'Windows 11', os.arch: 'amd64', os.version: '10.0', java.version: '21.0.5'
Driver info: DevTools Connection
	at org.openqa.selenium.devtools.Connection$Listener.lambda$onText$0(Connection.java:242)
	at java.base/java.util.concurrent.ThreadPoolExecutor.runWorker(ThreadPoolExecutor.java:1144)
	at java.base/java.util.concurrent.ThreadPoolExecutor$Worker.run(ThreadPoolExecutor.java:642)
	at java.base/java.lang.Thread.run(Thread.java:1583)
Caused by: org.json.JSONException: JSONObject["userPaassword"] not found.
	at org.json.JSONObject.get(JSONObject.java:570)
	at org.json.JSONObject.getString(JSONObject.java:857)
	at StepDefinitions.ForgotPasswordPage.ErrorHandlingStepDefImpl.lambda$user_provied_not_recognised_mail_and_submits_the_form$0(ErrorHandlingStepDefImpl.java:93)
	at org.openqa.selenium.devtools.DevTools.lambda$addListener$0(DevTools.java:104)
	at org.openqa.selenium.devtools.Connection.lambda$handle$5(Connection.java:348)
	at java.base/java.util.stream.ForEachOps$ForEachOp$OfRef.accept(ForEachOps.java:184)
	at java.base/java.util.stream.ReferencePipeline$2$1.accept(ReferencePipeline.java:179)
	at java.base/java.util.stream.ReferencePipeline$15$1.accept(ReferencePipeline.java:541)
	at java.base/java.util.HashMap$EntrySpliterator.forEachRemaining(HashMap.java:1858)
	at java.base/java.util.stream.AbstractPipeline.copyInto(AbstractPipeline.java:509)
	at java.base/java.util.stream.AbstractPipeline.wrapAndCopyInto(AbstractPipeline.java:499)
	at java.base/java.util.stream.ForEachOps$ForEachOp.evaluateSequential(ForEachOps.java:151)
	at java.base/java.util.stream.ForEachOps$ForEachOp$OfRef.evaluateSequential(ForEachOps.java:174)
	at java.base/java.util.stream.AbstractPipeline.evaluate(AbstractPipeline.java:234)
	at java.base/java.util.stream.ReferencePipeline.forEach(ReferencePipeline.java:596)
	at org.openqa.selenium.devtools.Connection.handle(Connection.java:311)
	at org.openqa.selenium.devtools.Connection$Listener.lambda$onText$0(Connection.java:239)
	... 3 more
Oct 27, 2024 2:32:11 PM org.openqa.selenium.devtools.Connection$Listener lambda$onText$0
WARNING: Unable to process: {"method":"Network.responseReceived","params":{"requestId":"30216.20","loaderId":"16D51347F0A163B3B1A9CC93F2EC4ACF","timestamp":22617.449537,"type":"XHR","response":{"url":"https://rahulshettyacademy.com/api/ecom/auth/new-password","status":404,"statusText":"Not Found","headers":{"ETag":"W/\"1d-PuFZGbFdVksd6DA+Q6gxJfihjNc\"","Expect-CT":"max-age=0","X-Permitted-Cross-Domain-Policies":"none","X-Content-Type-Options":"nosniff","Keep-Alive":"timeout=5, max=95","Date":"Sun, 27 Oct 2024 09:02:18 GMT","Content-Type":"application/json; charset=utf-8","Vary":"Accept-Encoding","X-Frame-Options":"SAMEORIGIN","Strict-Transport-Security":"max-age=15552000; includeSubDomains","Content-Security-Policy":"default-src 'self';base-uri 'self';block-all-mixed-content;font-src 'self' https: data:;frame-ancestors 'self';img-src 'self' data:;object-src 'none';script-src 'self';script-src-attr 'none';style-src 'self' https: 'unsafe-inline';upgrade-insecure-requests","X-DNS-Prefetch-Control":"off","Connection":"Keep-Alive","Referrer-Policy":"no-referrer","X-Download-Options":"noopen","Access-Control-Allow-Origin":"*","Content-Length":"29","X-XSS-Protection":"0","Server":"Apache/2.4.52 (Ubuntu)"},"mimeType":"application/json","charset":"utf-8","connectionReused":true,"connectionId":100,"remoteIPAddress":"13.201.9.53","remotePort":443,"fromDiskCache":false,"fromServiceWorker":false,"fromPrefetchCache":false,"encodedDataLength":894,"timing":{"requestTime":22617.414587,"proxyStart":-1,"proxyEnd":-1,"dnsStart":-1,"dnsEnd":-1,"connectStart":-1,"connectEnd":-1,"sslStart":-1,"sslEnd":-1,"workerStart":-1,"workerReady":-1,"workerFetchStart":-1,"workerRespondWithSettled":-1,"sendStart":0.234,"sendEnd":0.366,"pushStart":0,"pushEnd":0,"receiveHeadersStart":33.944,"receiveHeadersEnd":34.062},"responseTime":1.730019731314176e+12,"protocol":"http/1.1","alternateProtocolUsage":"unspecifiedReason","securityState":"secure","securityDetails":{"protocol":"TLS 1.3","keyExchange":"","keyExchangeGroup":"X25519","cipher":"AES_128_GCM","certificateId":0,"subjectName":"rahulshettyacademy.com","sanList":["rahulshettyacademy.com"],"issuer":"E5","validFrom":1726599902,"validTo":1734375901,"signedCertificateTimestampList":[{"status":"Verified","origin":"Embedded in certificate","logDescription":"Let's Encrypt 'Oak2024H2' log","logId":"3F174B4FD7224758941D651C84BE0D12ED90377F1F856AEBC1BF2885ECF8646E","timestamp":1726603412928,"hashAlgorithm":"SHA-256","signatureAlgorithm":"ECDSA","signatureData":"304402206136B9F484BEEF5DAFCCB5A3B9EF18E5E86B48EC5F433A8587B7E2E83463C07802204A2BC563A728DD183CF2024CFCDF23D0C94F3532C459D072A1D94FF227C1F065"},{"status":"Verified","origin":"Embedded in certificate","logDescription":"Google 'Xenon2024' log","logId":"76FF883F0AB6FB9551C261CCF587BA34B4A4CDBB29DC68420A9FE6674C5A3A74","timestamp":1726603412963,"hashAlgorithm":"SHA-256","signatureAlgorithm":"ECDSA","signatureData":"304402200797C0A0A1CC2F171B9D023D76705C0EC9A6D4B6D7A41474DD3833B7A44BAEAC022011B38832F474A19C0940A1398B2D309F476D435701518D1BAAFB1E2FE81F26FF"}],"certificateTransparencyCompliance":"compliant","serverSignatureAlgorithm":1027,"encryptedClientHello":false}},"hasExtraInfo":true,"frameId":"EF9CF2BCD5F7B989633DFA30F1132D68"},"sessionId":"091AB9CC5BCBD19531CBAC5FB2F8A9C8"}
org.json.JSONException: A JSONObject text must begin with '{' at 1 [character 2 line 1]
	at org.json.JSONTokener.syntaxError(JSONTokener.java:497)
	at org.json.JSONObject.<init>(JSONObject.java:208)
	at org.json.JSONObject.<init>(JSONObject.java:404)
	at StepDefinitions.ForgotPasswordPage.ErrorHandlingStepDefImpl.lambda$user_provied_not_recognised_mail_and_submits_the_form$1(ErrorHandlingStepDefImpl.java:104)
	at org.openqa.selenium.devtools.DevTools.lambda$addListener$0(DevTools.java:104)
	at org.openqa.selenium.devtools.Connection.lambda$handle$5(Connection.java:348)
	at java.base/java.util.stream.ForEachOps$ForEachOp$OfRef.accept(ForEachOps.java:184)
	at java.base/java.util.stream.ReferencePipeline$2$1.accept(ReferencePipeline.java:179)
	at java.base/java.util.stream.ReferencePipeline$15$1.accept(ReferencePipeline.java:541)
	at java.base/java.util.HashMap$EntrySpliterator.forEachRemaining(HashMap.java:1858)
	at java.base/java.util.stream.AbstractPipeline.copyInto(AbstractPipeline.java:509)
	at java.base/java.util.stream.AbstractPipeline.wrapAndCopyInto(AbstractPipeline.java:499)
	at java.base/java.util.stream.ForEachOps$ForEachOp.evaluateSequential(ForEachOps.java:151)
	at java.base/java.util.stream.ForEachOps$ForEachOp$OfRef.evaluateSequential(ForEachOps.java:174)
	at java.base/java.util.stream.AbstractPipeline.evaluate(AbstractPipeline.java:234)
	at java.base/java.util.stream.ReferencePipeline.forEach(ReferencePipeline.java:596)
	at org.openqa.selenium.devtools.Connection.handle(Connection.java:311)
	at org.openqa.selenium.devtools.Connection$Listener.lambda$onText$0(Connection.java:239)
	at java.base/java.util.concurrent.ThreadPoolExecutor.runWorker(ThreadPoolExecutor.java:1144)
	at java.base/java.util.concurrent.ThreadPoolExecutor$Worker.run(ThreadPoolExecutor.java:642)
	at java.base/java.lang.Thread.run(Thread.java:1583)

Exception in thread "CDP Connection" org.openqa.selenium.devtools.DevToolsException: A JSONObject text must begin with '{' at 1 [character 2 line 1]
Build info: version: '4.23.0', revision: '4df0a231af'
System info: os.name: 'Windows 11', os.arch: 'amd64', os.version: '10.0', java.version: '21.0.5'
Driver info: DevTools Connection
	at org.openqa.selenium.devtools.Connection$Listener.lambda$onText$0(Connection.java:242)
	at java.base/java.util.concurrent.ThreadPoolExecutor.runWorker(ThreadPoolExecutor.java:1144)
	at java.base/java.util.concurrent.ThreadPoolExecutor$Worker.run(ThreadPoolExecutor.java:642)
	at java.base/java.lang.Thread.run(Thread.java:1583)
Caused by: org.json.JSONException: A JSONObject text must begin with '{' at 1 [character 2 line 1]
	at org.json.JSONTokener.syntaxError(JSONTokener.java:497)
	at org.json.JSONObject.<init>(JSONObject.java:208)
	at org.json.JSONObject.<init>(JSONObject.java:404)
	at StepDefinitions.ForgotPasswordPage.ErrorHandlingStepDefImpl.lambda$user_provied_not_recognised_mail_and_submits_the_form$1(ErrorHandlingStepDefImpl.java:104)
	at org.openqa.selenium.devtools.DevTools.lambda$addListener$0(DevTools.java:104)
	at org.openqa.selenium.devtools.Connection.lambda$handle$5(Connection.java:348)
	at java.base/java.util.stream.ForEachOps$ForEachOp$OfRef.accept(ForEachOps.java:184)
	at java.base/java.util.stream.ReferencePipeline$2$1.accept(ReferencePipeline.java:179)
	at java.base/java.util.stream.ReferencePipeline$15$1.accept(ReferencePipeline.java:541)
	at java.base/java.util.HashMap$EntrySpliterator.forEachRemaining(HashMap.java:1858)
	at java.base/java.util.stream.AbstractPipeline.copyInto(AbstractPipeline.java:509)
	at java.base/java.util.stream.AbstractPipeline.wrapAndCopyInto(AbstractPipeline.java:499)
	at java.base/java.util.stream.ForEachOps$ForEachOp.evaluateSequential(ForEachOps.java:151)
	at java.base/java.util.stream.ForEachOps$ForEachOp$OfRef.evaluateSequential(ForEachOps.java:174)
	at java.base/java.util.stream.AbstractPipeline.evaluate(AbstractPipeline.java:234)
	at java.base/java.util.stream.ReferencePipeline.forEach(ReferencePipeline.java:596)
	at org.openqa.selenium.devtools.Connection.handle(Connection.java:311)
	at org.openqa.selenium.devtools.Connection$Listener.lambda$onText$0(Connection.java:239)
	... 3 more
Oct 27, 2024 2:32:11 PM org.openqa.selenium.remote.http.WebSocket$Listener onError
WARNING: Connection reset
java.net.SocketException: Connection reset
	at java.base/sun.nio.ch.SocketChannelImpl.throwConnectionReset(SocketChannelImpl.java:401)
	at java.base/sun.nio.ch.SocketChannelImpl.read(SocketChannelImpl.java:434)
	at java.net.http/jdk.internal.net.http.SocketTube.readAvailable(SocketTube.java:1178)
	at java.net.http/jdk.internal.net.http.SocketTube$InternalReadPublisher$InternalReadSubscription.read(SocketTube.java:841)
	at java.net.http/jdk.internal.net.http.SocketTube$SocketFlowTask.run(SocketTube.java:181)
	at java.net.http/jdk.internal.net.http.common.SequentialScheduler$SchedulableTask.run(SequentialScheduler.java:207)
	at java.net.http/jdk.internal.net.http.common.SequentialScheduler.runOrSchedule(SequentialScheduler.java:280)
	at java.net.http/jdk.internal.net.http.common.SequentialScheduler.runOrSchedule(SequentialScheduler.java:233)
	at java.net.http/jdk.internal.net.http.SocketTube$InternalReadPublisher$InternalReadSubscription.signalReadable(SocketTube.java:782)
	at java.net.http/jdk.internal.net.http.SocketTube$InternalReadPublisher$ReadEvent.signalEvent(SocketTube.java:965)
	at java.net.http/jdk.internal.net.http.SocketTube$SocketFlowEvent.handle(SocketTube.java:253)
	at java.net.http/jdk.internal.net.http.HttpClientImpl$SelectorManager.handleEvent(HttpClientImpl.java:1469)
	at java.net.http/jdk.internal.net.http.HttpClientImpl$SelectorManager.lambda$run$3(HttpClientImpl.java:1414)
	at java.base/java.util.ArrayList.forEach(ArrayList.java:1596)
	at java.net.http/jdk.internal.net.http.HttpClientImpl$SelectorManager.run(HttpClientImpl.java:1414)

]]></system-err>
  </testcase>
  <testcase name="runScenario[&quot;API intercept failed&quot;, &quot;Forgot Password Page error handling&quot;](5)" classname="TestNGTestRunner" time="2.868">
    <system-out><![CDATA[dd
]]></system-out>
    <system-err><![CDATA[Oct 27, 2024 2:32:12 PM org.openqa.selenium.devtools.CdpVersionFinder findNearestMatch
WARNING: Unable to find an exact match for CDP version 130, returning the closest version; found: 127; Please update to a Selenium version that supports CDP version 130
Oct 27, 2024 2:32:14 PM org.openqa.selenium.remote.http.WebSocket$Listener onError
WARNING: Connection reset
java.net.SocketException: Connection reset
	at java.base/sun.nio.ch.SocketChannelImpl.throwConnectionReset(SocketChannelImpl.java:401)
	at java.base/sun.nio.ch.SocketChannelImpl.read(SocketChannelImpl.java:434)
	at java.net.http/jdk.internal.net.http.SocketTube.readAvailable(SocketTube.java:1178)
	at java.net.http/jdk.internal.net.http.SocketTube$InternalReadPublisher$InternalReadSubscription.read(SocketTube.java:841)
	at java.net.http/jdk.internal.net.http.SocketTube$SocketFlowTask.run(SocketTube.java:181)
	at java.net.http/jdk.internal.net.http.common.SequentialScheduler$SchedulableTask.run(SequentialScheduler.java:207)
	at java.net.http/jdk.internal.net.http.common.SequentialScheduler.runOrSchedule(SequentialScheduler.java:280)
	at java.net.http/jdk.internal.net.http.common.SequentialScheduler.runOrSchedule(SequentialScheduler.java:233)
	at java.net.http/jdk.internal.net.http.SocketTube$InternalReadPublisher$InternalReadSubscription.signalReadable(SocketTube.java:782)
	at java.net.http/jdk.internal.net.http.SocketTube$InternalReadPublisher$ReadEvent.signalEvent(SocketTube.java:965)
	at java.net.http/jdk.internal.net.http.SocketTube$SocketFlowEvent.handle(SocketTube.java:253)
	at java.net.http/jdk.internal.net.http.HttpClientImpl$SelectorManager.handleEvent(HttpClientImpl.java:1469)
	at java.net.http/jdk.internal.net.http.HttpClientImpl$SelectorManager.lambda$run$3(HttpClientImpl.java:1414)
	at java.base/java.util.ArrayList.forEach(ArrayList.java:1596)
	at java.net.http/jdk.internal.net.http.HttpClientImpl$SelectorManager.run(HttpClientImpl.java:1414)

]]></system-err>
  </testcase>
  <testcase name="runScenario[&quot;API Payload changedInvalid email&quot;, &quot;Forgot Password Page error handling&quot;](6)" classname="TestNGTestRunner" time="2.881">
    <system-out><![CDATA[interception-job-1.0
{"userEmail":"123456","userPassword":"123456","confirmPassword":"123456"}
]]></system-out>
    <system-err><![CDATA[Oct 27, 2024 2:32:15 PM org.openqa.selenium.devtools.CdpVersionFinder findNearestMatch
WARNING: Unable to find an exact match for CDP version 130, returning the closest version; found: 127; Please update to a Selenium version that supports CDP version 130
Oct 27, 2024 2:32:17 PM org.openqa.selenium.devtools.Connection$Listener lambda$onText$0
WARNING: Unable to process: {"method":"Fetch.requestPaused","params":{"requestId":"interception-job-1.0","request":{"url":"https://rahulshettyacademy.com/api/ecom/auth/new-password","method":"POST","headers":{"Accept":"application/json, text/plain, */*","Content-Type":"application/json","Origin":"https://rahulshettyacademy.com","Referer":"https://rahulshettyacademy.com/client/auth/password-new","User-Agent":"Mozilla/5.0 (Windows NT 10.0; Win64; x64) AppleWebKit/537.36 (KHTML, like Gecko) Chrome/130.0.0.0 Safari/537.36","sec-ch-ua":"\"Chromium\";v=\"130\", \"Google Chrome\";v=\"130\", \"Not?A_Brand\";v=\"99\"","sec-ch-ua-mobile":"?0","sec-ch-ua-platform":"\"Windows\""},"postData":"{\"userEmail\":\"s1234@gmail.com\",\"userPassword\":\"123456\",\"confirmPassword\":\"123456\"}","hasPostData":true,"postDataEntries":[{"bytes":"eyJ1c2VyRW1haWwiOiJzMTIzNEBnbWFpbC5jb20iLCJ1c2VyUGFzc3dvcmQiOiIxMjM0NTYiLCJjb25maXJtUGFzc3dvcmQiOiIxMjM0NTYifQ=="}],"initialPriority":"High","referrerPolicy":"strict-origin-when-cross-origin"},"frameId":"13796D5438AEAE6DFB730AA12543AA13","resourceType":"XHR"},"sessionId":"B449A707FCA7AFCAF3E281A19F94DB0D"}
org.openqa.selenium.devtools.DevToolsException: {"id":25,"error":{"code":-32602,"message":"Invalid parameters","data":"Failed to deserialize params.postData - BINDINGS: invalid base64 string at position 17"},"sessionId":"B449A707FCA7AFCAF3E281A19F94DB0D"}
Build info: version: '4.23.0', revision: '4df0a231af'
System info: os.name: 'Windows 11', os.arch: 'amd64', os.version: '10.0', java.version: '21.0.5'
Driver info: driver.version: unknown
	at org.openqa.selenium.devtools.Connection.sendAndWait(Connection.java:195)
	at org.openqa.selenium.devtools.DevTools.send(DevTools.java:90)
	at StepDefinitions.ForgotPasswordPage.ErrorHandlingStepDefImpl.lambda$user_provied_correct_details_and_submits_the_form$3(ErrorHandlingStepDefImpl.java:161)
	at org.openqa.selenium.devtools.DevTools.lambda$addListener$0(DevTools.java:104)
	at org.openqa.selenium.devtools.Connection.lambda$handle$5(Connection.java:348)
	at java.base/java.util.stream.ForEachOps$ForEachOp$OfRef.accept(ForEachOps.java:184)
	at java.base/java.util.stream.ReferencePipeline$2$1.accept(ReferencePipeline.java:179)
	at java.base/java.util.stream.ReferencePipeline$15$1.accept(ReferencePipeline.java:541)
	at java.base/java.util.HashMap$EntrySpliterator.forEachRemaining(HashMap.java:1858)
	at java.base/java.util.stream.AbstractPipeline.copyInto(AbstractPipeline.java:509)
	at java.base/java.util.stream.AbstractPipeline.wrapAndCopyInto(AbstractPipeline.java:499)
	at java.base/java.util.stream.ForEachOps$ForEachOp.evaluateSequential(ForEachOps.java:151)
	at java.base/java.util.stream.ForEachOps$ForEachOp$OfRef.evaluateSequential(ForEachOps.java:174)
	at java.base/java.util.stream.AbstractPipeline.evaluate(AbstractPipeline.java:234)
	at java.base/java.util.stream.ReferencePipeline.forEach(ReferencePipeline.java:596)
	at org.openqa.selenium.devtools.Connection.handle(Connection.java:311)
	at org.openqa.selenium.devtools.Connection$Listener.lambda$onText$0(Connection.java:239)
	at java.base/java.util.concurrent.ThreadPoolExecutor.runWorker(ThreadPoolExecutor.java:1144)
	at java.base/java.util.concurrent.ThreadPoolExecutor$Worker.run(ThreadPoolExecutor.java:642)
	at java.base/java.lang.Thread.run(Thread.java:1583)
Caused by: org.openqa.selenium.WebDriverException: {"id":25,"error":{"code":-32602,"message":"Invalid parameters","data":"Failed to deserialize params.postData - BINDINGS: invalid base64 string at position 17"},"sessionId":"B449A707FCA7AFCAF3E281A19F94DB0D"}
Build info: version: '4.23.0', revision: '4df0a231af'
System info: os.name: 'Windows 11', os.arch: 'amd64', os.version: '10.0', java.version: '21.0.5'
Driver info: driver.version: unknown
	at org.openqa.selenium.devtools.Connection.handle(Connection.java:275)
	... 4 more

Exception in thread "CDP Connection" org.openqa.selenium.devtools.DevToolsException: {"id":25,"error":{"code":-32602,"message":"Invalid parameters","data":"Failed to deserialize params.postData - BINDINGS: invalid base64 string at position 17"},"sessionId":"B449A707FCA7AFCAF3E281A19F94DB0D"}
Build info: version: '4.23.0', revision: '4df0a231af'
System info: os.name: 'Windows 11', os.arch: 'amd64', os.version: '10.0', java.version: '21.0.5'
Driver info: driver.version: unknown
	at org.openqa.selenium.devtools.Connection$Listener.lambda$onText$0(Connection.java:242)
	at java.base/java.util.concurrent.ThreadPoolExecutor.runWorker(ThreadPoolExecutor.java:1144)
	at java.base/java.util.concurrent.ThreadPoolExecutor$Worker.run(ThreadPoolExecutor.java:642)
	at java.base/java.lang.Thread.run(Thread.java:1583)
Caused by: org.openqa.selenium.devtools.DevToolsException: {"id":25,"error":{"code":-32602,"message":"Invalid parameters","data":"Failed to deserialize params.postData - BINDINGS: invalid base64 string at position 17"},"sessionId":"B449A707FCA7AFCAF3E281A19F94DB0D"}
Build info: version: '4.23.0', revision: '4df0a231af'
System info: os.name: 'Windows 11', os.arch: 'amd64', os.version: '10.0', java.version: '21.0.5'
Driver info: driver.version: unknown
	at org.openqa.selenium.devtools.Connection.sendAndWait(Connection.java:195)
	at org.openqa.selenium.devtools.DevTools.send(DevTools.java:90)
	at StepDefinitions.ForgotPasswordPage.ErrorHandlingStepDefImpl.lambda$user_provied_correct_details_and_submits_the_form$3(ErrorHandlingStepDefImpl.java:161)
	at org.openqa.selenium.devtools.DevTools.lambda$addListener$0(DevTools.java:104)
	at org.openqa.selenium.devtools.Connection.lambda$handle$5(Connection.java:348)
	at java.base/java.util.stream.ForEachOps$ForEachOp$OfRef.accept(ForEachOps.java:184)
	at java.base/java.util.stream.ReferencePipeline$2$1.accept(ReferencePipeline.java:179)
	at java.base/java.util.stream.ReferencePipeline$15$1.accept(ReferencePipeline.java:541)
	at java.base/java.util.HashMap$EntrySpliterator.forEachRemaining(HashMap.java:1858)
	at java.base/java.util.stream.AbstractPipeline.copyInto(AbstractPipeline.java:509)
	at java.base/java.util.stream.AbstractPipeline.wrapAndCopyInto(AbstractPipeline.java:499)
	at java.base/java.util.stream.ForEachOps$ForEachOp.evaluateSequential(ForEachOps.java:151)
	at java.base/java.util.stream.ForEachOps$ForEachOp$OfRef.evaluateSequential(ForEachOps.java:174)
	at java.base/java.util.stream.AbstractPipeline.evaluate(AbstractPipeline.java:234)
	at java.base/java.util.stream.ReferencePipeline.forEach(ReferencePipeline.java:596)
	at org.openqa.selenium.devtools.Connection.handle(Connection.java:311)
	at org.openqa.selenium.devtools.Connection$Listener.lambda$onText$0(Connection.java:239)
	... 3 more
Caused by: org.openqa.selenium.WebDriverException: {"id":25,"error":{"code":-32602,"message":"Invalid parameters","data":"Failed to deserialize params.postData - BINDINGS: invalid base64 string at position 17"},"sessionId":"B449A707FCA7AFCAF3E281A19F94DB0D"}
Build info: version: '4.23.0', revision: '4df0a231af'
System info: os.name: 'Windows 11', os.arch: 'amd64', os.version: '10.0', java.version: '21.0.5'
Driver info: driver.version: unknown
	at org.openqa.selenium.devtools.Connection.handle(Connection.java:275)
	... 4 more
Oct 27, 2024 2:32:17 PM org.openqa.selenium.remote.http.WebSocket$Listener onError
WARNING: Connection reset
java.net.SocketException: Connection reset
	at java.base/sun.nio.ch.SocketChannelImpl.throwConnectionReset(SocketChannelImpl.java:401)
	at java.base/sun.nio.ch.SocketChannelImpl.read(SocketChannelImpl.java:434)
	at java.net.http/jdk.internal.net.http.SocketTube.readAvailable(SocketTube.java:1178)
	at java.net.http/jdk.internal.net.http.SocketTube$InternalReadPublisher$InternalReadSubscription.read(SocketTube.java:841)
	at java.net.http/jdk.internal.net.http.SocketTube$SocketFlowTask.run(SocketTube.java:181)
	at java.net.http/jdk.internal.net.http.common.SequentialScheduler$SchedulableTask.run(SequentialScheduler.java:207)
	at java.net.http/jdk.internal.net.http.common.SequentialScheduler.runOrSchedule(SequentialScheduler.java:280)
	at java.net.http/jdk.internal.net.http.common.SequentialScheduler.runOrSchedule(SequentialScheduler.java:233)
	at java.net.http/jdk.internal.net.http.SocketTube$InternalReadPublisher$InternalReadSubscription.signalReadable(SocketTube.java:782)
	at java.net.http/jdk.internal.net.http.SocketTube$InternalReadPublisher$ReadEvent.signalEvent(SocketTube.java:965)
	at java.net.http/jdk.internal.net.http.SocketTube$SocketFlowEvent.handle(SocketTube.java:253)
	at java.net.http/jdk.internal.net.http.HttpClientImpl$SelectorManager.handleEvent(HttpClientImpl.java:1469)
	at java.net.http/jdk.internal.net.http.HttpClientImpl$SelectorManager.lambda$run$3(HttpClientImpl.java:1414)
	at java.base/java.util.ArrayList.forEach(ArrayList.java:1596)
	at java.net.http/jdk.internal.net.http.HttpClientImpl$SelectorManager.run(HttpClientImpl.java:1414)

]]></system-err>
  </testcase>
  <testcase name="runScenario[&quot;Forgot Password Page functionality&quot;, &quot;Forgot Password Page functionality&quot;](7)" classname="TestNGTestRunner" time="3.253">
    <system-err><![CDATA[Oct 27, 2024 2:32:18 PM org.openqa.selenium.devtools.CdpVersionFinder findNearestMatch
WARNING: Unable to find an exact match for CDP version 130, returning the closest version; found: 127; Please update to a Selenium version that supports CDP version 130
]]></system-err>
  </testcase>
  <testcase name="runScenario[&quot;Forgot Password Page functionality&quot;, &quot;Forgot Password Page functionality&quot;](8)" classname="TestNGTestRunner" time="2.577">
    <system-err><![CDATA[Oct 27, 2024 2:32:21 PM org.openqa.selenium.devtools.CdpVersionFinder findNearestMatch
WARNING: Unable to find an exact match for CDP version 130, returning the closest version; found: 127; Please update to a Selenium version that supports CDP version 130
Oct 27, 2024 2:32:23 PM org.openqa.selenium.remote.http.WebSocket$Listener onError
WARNING: Connection reset
java.net.SocketException: Connection reset
	at java.base/sun.nio.ch.SocketChannelImpl.throwConnectionReset(SocketChannelImpl.java:401)
	at java.base/sun.nio.ch.SocketChannelImpl.read(SocketChannelImpl.java:434)
	at java.net.http/jdk.internal.net.http.SocketTube.readAvailable(SocketTube.java:1178)
	at java.net.http/jdk.internal.net.http.SocketTube$InternalReadPublisher$InternalReadSubscription.read(SocketTube.java:841)
	at java.net.http/jdk.internal.net.http.SocketTube$SocketFlowTask.run(SocketTube.java:181)
	at java.net.http/jdk.internal.net.http.common.SequentialScheduler$SchedulableTask.run(SequentialScheduler.java:207)
	at java.net.http/jdk.internal.net.http.common.SequentialScheduler.runOrSchedule(SequentialScheduler.java:280)
	at java.net.http/jdk.internal.net.http.common.SequentialScheduler.runOrSchedule(SequentialScheduler.java:233)
	at java.net.http/jdk.internal.net.http.SocketTube$InternalReadPublisher$InternalReadSubscription.signalReadable(SocketTube.java:782)
	at java.net.http/jdk.internal.net.http.SocketTube$InternalReadPublisher$ReadEvent.signalEvent(SocketTube.java:965)
	at java.net.http/jdk.internal.net.http.SocketTube$SocketFlowEvent.handle(SocketTube.java:253)
	at java.net.http/jdk.internal.net.http.HttpClientImpl$SelectorManager.handleEvent(HttpClientImpl.java:1469)
	at java.net.http/jdk.internal.net.http.HttpClientImpl$SelectorManager.lambda$run$3(HttpClientImpl.java:1414)
	at java.base/java.util.ArrayList.forEach(ArrayList.java:1596)
	at java.net.http/jdk.internal.net.http.HttpClientImpl$SelectorManager.run(HttpClientImpl.java:1414)

]]></system-err>
  </testcase>
  <testcase name="runScenario[&quot;Forgot Password Page functionality&quot;, &quot;Forgot Password Page functionality&quot;](9)" classname="TestNGTestRunner" time="7.379">
    <system-out><![CDATA[{"userEmail":"s1234@gmail.com","userPassword":"123456","confirmPassword":"123456"}
]]></system-out>
    <system-err><![CDATA[Oct 27, 2024 2:32:24 PM org.openqa.selenium.devtools.CdpVersionFinder findNearestMatch
WARNING: Unable to find an exact match for CDP version 130, returning the closest version; found: 127; Please update to a Selenium version that supports CDP version 130
Oct 27, 2024 2:32:26 PM org.openqa.selenium.devtools.Connection$Listener lambda$onText$0
WARNING: Unable to process: {"method":"Network.requestWillBeSent","params":{"requestId":"32968.20","loaderId":"47121E2AB0B1A284D917B2FDBFC05823","documentURL":"https://rahulshettyacademy.com/client/auth/password-new","request":{"url":"https://rahulshettyacademy.com/api/ecom/auth/new-password","method":"POST","headers":{"sec-ch-ua-platform":"\"Windows\"","Referer":"https://rahulshettyacademy.com/client/auth/password-new","User-Agent":"Mozilla/5.0 (Windows NT 10.0; Win64; x64) AppleWebKit/537.36 (KHTML, like Gecko) Chrome/130.0.0.0 Safari/537.36","Accept":"application/json, text/plain, */*","sec-ch-ua":"\"Chromium\";v=\"130\", \"Google Chrome\";v=\"130\", \"Not?A_Brand\";v=\"99\"","Content-Type":"application/json","sec-ch-ua-mobile":"?0"},"postData":"{\"userEmail\":\"s1234@gmail.com\",\"userPassword\":\"123456\",\"confirmPassword\":\"123456\"}","hasPostData":true,"postDataEntries":[{"bytes":"eyJ1c2VyRW1haWwiOiJzMTIzNEBnbWFpbC5jb20iLCJ1c2VyUGFzc3dvcmQiOiIxMjM0NTYiLCJjb25maXJtUGFzc3dvcmQiOiIxMjM0NTYifQ=="}],"mixedContentType":"none","initialPriority":"High","referrerPolicy":"strict-origin-when-cross-origin","isSameSite":true},"timestamp":22632.733548,"wallTime":1730019746.599709,"initiator":{"type":"script","stack":{"callFrames":[{"functionName":"q","scriptId":"8","url":"https://rahulshettyacademy.com/client/polyfills.bd0c6ffd915d0ed70d31.js","lineNumber":0,"columnNumber":32300},{"functionName":"scheduleTask","scriptId":"8","url":"https://rahulshettyacademy.com/client/polyfills.bd0c6ffd915d0ed70d31.js","lineNumber":0,"columnNumber":6899},{"functionName":"onScheduleTask","scriptId":"8","url":"https://rahulshettyacademy.com/client/polyfills.bd0c6ffd915d0ed70d31.js","lineNumber":0,"columnNumber":4124},{"functionName":"scheduleTask","scriptId":"8","url":"https://rahulshettyacademy.com/client/polyfills.bd0c6ffd915d0ed70d31.js","lineNumber":0,"columnNumber":6797},{"functionName":"scheduleTask","scriptId":"8","url":"https://rahulshettyacademy.com/client/polyfills.bd0c6ffd915d0ed70d31.js","lineNumber":0,"columnNumber":3086},{"functionName":"scheduleMacroTask","scriptId":"8","url":"https://rahulshettyacademy.com/client/polyfills.bd0c6ffd915d0ed70d31.js","lineNumber":0,"columnNumber":3395},{"functionName":"Me","scriptId":"8","url":"https://rahulshettyacademy.com/client/polyfills.bd0c6ffd915d0ed70d31.js","lineNumber":0,"columnNumber":10539},{"functionName":"","scriptId":"8","url":"https://rahulshettyacademy.com/client/polyfills.bd0c6ffd915d0ed70d31.js","lineNumber":0,"columnNumber":32691},{"functionName":"o.<computed>","scriptId":"8","url":"https://rahulshettyacademy.com/client/polyfills.bd0c6ffd915d0ed70d31.js","lineNumber":0,"columnNumber":13452},{"functionName":"","scriptId":"10","url":"https://rahulshettyacademy.com/client/main.9c44d72685822eee0a0f.js","lineNumber":0,"columnNumber":40276},{"functionName":"_trySubscribe","scriptId":"10","url":"https://rahulshettyacademy.com/client/main.9c44d72685822eee0a0f.js","lineNumber":0,"columnNumber":247222},{"functionName":"subscribe","scriptId":"10","url":"https://rahulshettyacademy.com/client/main.9c44d72685822eee0a0f.js","lineNumber":0,"columnNumber":247023},{"functionName":"call","scriptId":"10","url":"https://rahulshettyacademy.com/client/main.9c44d72685822eee0a0f.js","lineNumber":0,"columnNumber":347614},{"functionName":"subscribe","scriptId":"10","url":"https://rahulshettyacademy.com/client/main.9c44d72685822eee0a0f.js","lineNumber":0,"columnNumber":246898},{"functionName":"call","scriptId":"10","url":"https://rahulshettyacademy.com/client/main.9c44d72685822eee0a0f.js","lineNumber":0,"columnNumber":260024},{"functionName":"subscribe","scriptId":"10","url":"https://rahulshettyacademy.com/client/main.9c44d72685822eee0a0f.js","lineNumber":0,"columnNumber":246898},{"functionName":"call","scriptId":"10","url":"https://rahulshettyacademy.com/client/main.9c44d72685822eee0a0f.js","lineNumber":0,"columnNumber":261641},{"functionName":"subscribe","scriptId":"10","url":"https://rahulshettyacademy.com/client/main.9c44d72685822eee0a0f.js","lineNumber":0,"columnNumber":246898},{"functionName":"X","scriptId":"10","url":"https://rahulshettyacademy.com/client/main.9c44d72685822eee0a0f.js","lineNumber":0,"columnNumber":256272},{"functionName":"_innerSub","scriptId":"10","url":"https://rahulshettyacademy.com/client/main.9c44d72685822eee0a0f.js","lineNumber":0,"columnNumber":263677},{"functionName":"_tryNext","scriptId":"10","url":"https://rahulshettyacademy.com/client/main.9c44d72685822eee0a0f.js","lineNumber":0,"columnNumber":263582},{"functionName":"_next","scriptId":"10","url":"https://rahulshettyacademy.com/client/main.9c44d72685822eee0a0f.js","lineNumber":0,"columnNumber":263421},{"functionName":"next","scriptId":"10","url":"https://rahulshettyacademy.com/client/main.9c44d72685822eee0a0f.js","lineNumber":0,"columnNumber":251086},{"functionName":"","scriptId":"10","url":"https://rahulshettyacademy.com/client/main.9c44d72685822eee0a0f.js","lineNumber":0,"columnNumber":270945},{"functionName":"_trySubscribe","scriptId":"10","url":"https://rahulshettyacademy.com/client/main.9c44d72685822eee0a0f.js","lineNumber":0,"columnNumber":247222},{"functionName":"subscribe","scriptId":"10","url":"https://rahulshettyacademy.com/client/main.9c44d72685822eee0a0f.js","lineNumber":0,"columnNumber":247023},{"functionName":"call","scriptId":"10","url":"https://rahulshettyacademy.com/client/main.9c44d72685822eee0a0f.js","lineNumber":0,"columnNumber":263156},{"functionName":"subscribe","scriptId":"10","url":"https://rahulshettyacademy.com/client/main.9c44d72685822eee0a0f.js","lineNumber":0,"columnNumber":246898},{"functionName":"call","scriptId":"10","url":"https://rahulshettyacademy.com/client/main.9c44d72685822eee0a0f.js","lineNumber":0,"columnNumber":261156},{"functionName":"subscribe","scriptId":"10","url":"https://rahulshettyacademy.com/client/main.9c44d72685822eee0a0f.js","lineNumber":0,"columnNumber":246898},{"functionName":"call","scriptId":"10","url":"https://rahulshettyacademy.com/client/main.9c44d72685822eee0a0f.js","lineNumber":0,"columnNumber":262331},{"functionName":"subscribe","scriptId":"10","url":"https://rahulshettyacademy.com/client/main.9c44d72685822eee0a0f.js","lineNumber":0,"columnNumber":246898},{"functionName":"call","scriptId":"10","url":"https://rahulshettyacademy.com/client/main.9c44d72685822eee0a0f.js","lineNumber":0,"columnNumber":262331},{"functionName":"subscribe","scriptId":"10","url":"https://rahulshettyacademy.com/client/main.9c44d72685822eee0a0f.js","lineNumber":0,"columnNumber":246898},{"functionName":"call","scriptId":"10","url":"https://rahulshettyacademy.com/client/main.9c44d72685822eee0a0f.js","lineNumber":0,"columnNumber":265941},{"functionName":"subscribe","scriptId":"10","url":"https://rahulshettyacademy.com/client/main.9c44d72685822eee0a0f.js","lineNumber":0,"columnNumber":246898},{"functionName":"call","scriptId":"10","url":"https://rahulshettyacademy.com/client/main.9c44d72685822eee0a0f.js","lineNumber":0,"columnNumber":267376},{"functionName":"subscribe","scriptId":"10","url":"https://rahulshettyacademy.com/client/main.9c44d72685822eee0a0f.js","lineNumber":0,"columnNumber":246898},{"functionName":"forgotPassword","scriptId":"14","url":"https://rahulshettyacademy.com/client/674.c8a6d45922fab3876c70.js","lineNumber":0,"columnNumber":56288},{"functionName":"","scriptId":"14","url":"https://rahulshettyacademy.com/client/674.c8a6d45922fab3876c70.js","lineNumber":0,"columnNumber":57832},{"functionName":"Bp","scriptId":"10","url":"https://rahulshettyacademy.com/client/main.9c44d72685822eee0a0f.js","lineNumber":0,"columnNumber":101233},{"functionName":"i","scriptId":"10","url":"https://rahulshettyacademy.com/client/main.9c44d72685822eee0a0f.js","lineNumber":0,"columnNumber":101395},{"functionName":"__tryOrUnsub","scriptId":"10","url":"https://rahulshettyacademy.com/client/main.9c44d72685822eee0a0f.js","lineNumber":0,"columnNumber":252917},{"functionName":"next","scriptId":"10","url":"https://rahulshettyacademy.com/client/main.9c44d72685822eee0a0f.js","lineNumber":0,"columnNumber":252142},{"functionName":"_next","scriptId":"10","url":"https://rahulshettyacademy.com/client/main.9c44d72685822eee0a0f.js","lineNumber":0,"columnNumber":251312},{"functionName":"next","scriptId":"10","url":"https://rahulshettyacademy.com/client/main.9c44d72685822eee0a0f.js","lineNumber":0,"columnNumber":251086},{"functionName":"next","scriptId":"10","url":"https://rahulshettyacademy.com/client/main.9c44d72685822eee0a0f.js","lineNumber":0,"columnNumber":249168},{"functionName":"emit","scriptId":"10","url":"https://rahulshettyacademy.com/client/main.9c44d72685822eee0a0f.js","lineNumber":0,"columnNumber":136306},{"functionName":"onSubmit","scriptId":"12","url":"https://rahulshettyacademy.com/client/480.f1614ecd961bd8e3dfd9.js","lineNumber":0,"columnNumber":33303},{"functionName":"","scriptId":"12","url":"https://rahulshettyacademy.com/client/480.f1614ecd961bd8e3dfd9.js","lineNumber":0,"columnNumber":34287},{"functionName":"Bp","scriptId":"10","url":"https://rahulshettyacademy.com/client/main.9c44d72685822eee0a0f.js","lineNumber":0,"columnNumber":101233},{"functionName":"i","scriptId":"10","url":"https://rahulshettyacademy.com/client/main.9c44d72685822eee0a0f.js","lineNumber":0,"columnNumber":101395},{"functionName":"","scriptId":"10","url":"https://rahulshettyacademy.com/client/main.9c44d72685822eee0a0f.js","lineNumber":0,"columnNumber":164144},{"functionName":"invokeTask","scriptId":"8","url":"https://rahulshettyacademy.com/client/polyfills.bd0c6ffd915d0ed70d31.js","lineNumber":0,"columnNumber":7136},{"functionName":"onInvokeTask","scriptId":"10","url":"https://rahulshettyacademy.com/client/main.9c44d72685822eee0a0f.js","lineNumber":0,"columnNumber":146363},{"functionName":"invokeTask","scriptId":"8","url":"https://rahulshettyacademy.com/client/polyfills.bd0c6ffd915d0ed70d31.js","lineNumber":0,"columnNumber":7057},{"functionName":"runTask","scriptId":"8","url":"https://rahulshettyacademy.com/client/polyfills.bd0c6ffd915d0ed70d31.js","lineNumber":0,"columnNumber":2531},{"functionName":"invokeTask","scriptId":"8","url":"https://rahulshettyacademy.com/client/polyfills.bd0c6ffd915d0ed70d31.js","lineNumber":0,"columnNumber":8187},{"functionName":"Z","scriptId":"8","url":"https://rahulshettyacademy.com/client/polyfills.bd0c6ffd915d0ed70d31.js","lineNumber":0,"columnNumber":20798},{"functionName":"N","scriptId":"8","url":"https://rahulshettyacademy.com/client/polyfills.bd0c6ffd915d0ed70d31.js","lineNumber":0,"columnNumber":21091},{"functionName":"B","scriptId":"8","url":"https://rahulshettyacademy.com/client/polyfills.bd0c6ffd915d0ed70d31.js","lineNumber":0,"columnNumber":21357}]}},"redirectHasExtraInfo":false,"type":"XHR","frameId":"94464F6AE44E5172CC28B7B9F4CB19D4","hasUserGesture":true},"sessionId":"8BB140D8578D114225D1867E30EC5520"}
org.json.JSONException: JSONObject["userPaassword"] not found.
	at org.json.JSONObject.get(JSONObject.java:570)
	at org.json.JSONObject.getString(JSONObject.java:857)
	at StepDefinitions.ForgotPasswordPage.FunctionalityStepDefImpl.lambda$user_provied_details_and_submits_the_form$0(FunctionalityStepDefImpl.java:73)
	at org.openqa.selenium.devtools.DevTools.lambda$addListener$0(DevTools.java:104)
	at org.openqa.selenium.devtools.Connection.lambda$handle$5(Connection.java:348)
	at java.base/java.util.stream.ForEachOps$ForEachOp$OfRef.accept(ForEachOps.java:184)
	at java.base/java.util.stream.ReferencePipeline$2$1.accept(ReferencePipeline.java:179)
	at java.base/java.util.stream.ReferencePipeline$15$1.accept(ReferencePipeline.java:541)
	at java.base/java.util.HashMap$EntrySpliterator.forEachRemaining(HashMap.java:1858)
	at java.base/java.util.stream.AbstractPipeline.copyInto(AbstractPipeline.java:509)
	at java.base/java.util.stream.AbstractPipeline.wrapAndCopyInto(AbstractPipeline.java:499)
	at java.base/java.util.stream.ForEachOps$ForEachOp.evaluateSequential(ForEachOps.java:151)
	at java.base/java.util.stream.ForEachOps$ForEachOp$OfRef.evaluateSequential(ForEachOps.java:174)
	at java.base/java.util.stream.AbstractPipeline.evaluate(AbstractPipeline.java:234)
	at java.base/java.util.stream.ReferencePipeline.forEach(ReferencePipeline.java:596)
	at org.openqa.selenium.devtools.Connection.handle(Connection.java:311)
	at org.openqa.selenium.devtools.Connection$Listener.lambda$onText$0(Connection.java:239)
	at java.base/java.util.concurrent.ThreadPoolExecutor.runWorker(ThreadPoolExecutor.java:1144)
	at java.base/java.util.concurrent.ThreadPoolExecutor$Worker.run(ThreadPoolExecutor.java:642)
	at java.base/java.lang.Thread.run(Thread.java:1583)

Exception in thread "CDP Connection" org.openqa.selenium.devtools.DevToolsException: JSONObject["userPaassword"] not found.
Build info: version: '4.23.0', revision: '4df0a231af'
System info: os.name: 'Windows 11', os.arch: 'amd64', os.version: '10.0', java.version: '21.0.5'
Driver info: DevTools Connection
	at org.openqa.selenium.devtools.Connection$Listener.lambda$onText$0(Connection.java:242)
	at java.base/java.util.concurrent.ThreadPoolExecutor.runWorker(ThreadPoolExecutor.java:1144)
	at java.base/java.util.concurrent.ThreadPoolExecutor$Worker.run(ThreadPoolExecutor.java:642)
	at java.base/java.lang.Thread.run(Thread.java:1583)
Caused by: org.json.JSONException: JSONObject["userPaassword"] not found.
	at org.json.JSONObject.get(JSONObject.java:570)
	at org.json.JSONObject.getString(JSONObject.java:857)
	at StepDefinitions.ForgotPasswordPage.FunctionalityStepDefImpl.lambda$user_provied_details_and_submits_the_form$0(FunctionalityStepDefImpl.java:73)
	at org.openqa.selenium.devtools.DevTools.lambda$addListener$0(DevTools.java:104)
	at org.openqa.selenium.devtools.Connection.lambda$handle$5(Connection.java:348)
	at java.base/java.util.stream.ForEachOps$ForEachOp$OfRef.accept(ForEachOps.java:184)
	at java.base/java.util.stream.ReferencePipeline$2$1.accept(ReferencePipeline.java:179)
	at java.base/java.util.stream.ReferencePipeline$15$1.accept(ReferencePipeline.java:541)
	at java.base/java.util.HashMap$EntrySpliterator.forEachRemaining(HashMap.java:1858)
	at java.base/java.util.stream.AbstractPipeline.copyInto(AbstractPipeline.java:509)
	at java.base/java.util.stream.AbstractPipeline.wrapAndCopyInto(AbstractPipeline.java:499)
	at java.base/java.util.stream.ForEachOps$ForEachOp.evaluateSequential(ForEachOps.java:151)
	at java.base/java.util.stream.ForEachOps$ForEachOp$OfRef.evaluateSequential(ForEachOps.java:174)
	at java.base/java.util.stream.AbstractPipeline.evaluate(AbstractPipeline.java:234)
	at java.base/java.util.stream.ReferencePipeline.forEach(ReferencePipeline.java:596)
	at org.openqa.selenium.devtools.Connection.handle(Connection.java:311)
	at org.openqa.selenium.devtools.Connection$Listener.lambda$onText$0(Connection.java:239)
	... 3 more
Oct 27, 2024 2:32:30 PM org.openqa.selenium.remote.http.WebSocket$Listener onError
WARNING: Connection reset
java.net.SocketException: Connection reset
	at java.base/sun.nio.ch.SocketChannelImpl.throwConnectionReset(SocketChannelImpl.java:401)
	at java.base/sun.nio.ch.SocketChannelImpl.read(SocketChannelImpl.java:434)
	at java.net.http/jdk.internal.net.http.SocketTube.readAvailable(SocketTube.java:1178)
	at java.net.http/jdk.internal.net.http.SocketTube$InternalReadPublisher$InternalReadSubscription.read(SocketTube.java:841)
	at java.net.http/jdk.internal.net.http.SocketTube$SocketFlowTask.run(SocketTube.java:181)
	at java.net.http/jdk.internal.net.http.common.SequentialScheduler$SchedulableTask.run(SequentialScheduler.java:207)
	at java.net.http/jdk.internal.net.http.common.SequentialScheduler.runOrSchedule(SequentialScheduler.java:280)
	at java.net.http/jdk.internal.net.http.common.SequentialScheduler.runOrSchedule(SequentialScheduler.java:233)
	at java.net.http/jdk.internal.net.http.SocketTube$InternalReadPublisher$InternalReadSubscription.signalReadable(SocketTube.java:782)
	at java.net.http/jdk.internal.net.http.SocketTube$InternalReadPublisher$ReadEvent.signalEvent(SocketTube.java:965)
	at java.net.http/jdk.internal.net.http.SocketTube$SocketFlowEvent.handle(SocketTube.java:253)
	at java.net.http/jdk.internal.net.http.HttpClientImpl$SelectorManager.handleEvent(HttpClientImpl.java:1469)
	at java.net.http/jdk.internal.net.http.HttpClientImpl$SelectorManager.lambda$run$3(HttpClientImpl.java:1414)
	at java.base/java.util.ArrayList.forEach(ArrayList.java:1596)
	at java.net.http/jdk.internal.net.http.HttpClientImpl$SelectorManager.run(HttpClientImpl.java:1414)

]]></system-err>
  </testcase>
  <testcase name="runScenario[&quot;Login page functionality&quot;, &quot;Login error handling&quot;](10)" classname="TestNGTestRunner" time="2.994">
    <system-err><![CDATA[Oct 27, 2024 2:32:31 PM org.openqa.selenium.devtools.CdpVersionFinder findNearestMatch
WARNING: Unable to find an exact match for CDP version 130, returning the closest version; found: 127; Please update to a Selenium version that supports CDP version 130
Oct 27, 2024 2:32:33 PM org.openqa.selenium.remote.http.WebSocket$Listener onError
WARNING: Connection reset
java.net.SocketException: Connection reset
	at java.base/sun.nio.ch.SocketChannelImpl.throwConnectionReset(SocketChannelImpl.java:401)
	at java.base/sun.nio.ch.SocketChannelImpl.read(SocketChannelImpl.java:434)
	at java.net.http/jdk.internal.net.http.SocketTube.readAvailable(SocketTube.java:1178)
	at java.net.http/jdk.internal.net.http.SocketTube$InternalReadPublisher$InternalReadSubscription.read(SocketTube.java:841)
	at java.net.http/jdk.internal.net.http.SocketTube$SocketFlowTask.run(SocketTube.java:181)
	at java.net.http/jdk.internal.net.http.common.SequentialScheduler$SchedulableTask.run(SequentialScheduler.java:207)
	at java.net.http/jdk.internal.net.http.common.SequentialScheduler.runOrSchedule(SequentialScheduler.java:280)
	at java.net.http/jdk.internal.net.http.common.SequentialScheduler.runOrSchedule(SequentialScheduler.java:233)
	at java.net.http/jdk.internal.net.http.SocketTube$InternalReadPublisher$InternalReadSubscription.signalReadable(SocketTube.java:782)
	at java.net.http/jdk.internal.net.http.SocketTube$InternalReadPublisher$ReadEvent.signalEvent(SocketTube.java:965)
	at java.net.http/jdk.internal.net.http.SocketTube$SocketFlowEvent.handle(SocketTube.java:253)
	at java.net.http/jdk.internal.net.http.HttpClientImpl$SelectorManager.handleEvent(HttpClientImpl.java:1469)
	at java.net.http/jdk.internal.net.http.HttpClientImpl$SelectorManager.lambda$run$3(HttpClientImpl.java:1414)
	at java.base/java.util.ArrayList.forEach(ArrayList.java:1596)
	at java.net.http/jdk.internal.net.http.HttpClientImpl$SelectorManager.run(HttpClientImpl.java:1414)

]]></system-err>
  </testcase>
  <testcase name="runScenario[&quot;Login page functionality&quot;, &quot;Login error handling&quot;](11)" classname="TestNGTestRunner" time="2.933">
    <system-err><![CDATA[Oct 27, 2024 2:32:34 PM org.openqa.selenium.devtools.CdpVersionFinder findNearestMatch
WARNING: Unable to find an exact match for CDP version 130, returning the closest version; found: 127; Please update to a Selenium version that supports CDP version 130
Oct 27, 2024 2:32:36 PM org.openqa.selenium.remote.http.WebSocket$Listener onError
WARNING: Connection reset
java.net.SocketException: Connection reset
	at java.base/sun.nio.ch.SocketChannelImpl.throwConnectionReset(SocketChannelImpl.java:401)
	at java.base/sun.nio.ch.SocketChannelImpl.read(SocketChannelImpl.java:434)
	at java.net.http/jdk.internal.net.http.SocketTube.readAvailable(SocketTube.java:1178)
	at java.net.http/jdk.internal.net.http.SocketTube$InternalReadPublisher$InternalReadSubscription.read(SocketTube.java:841)
	at java.net.http/jdk.internal.net.http.SocketTube$SocketFlowTask.run(SocketTube.java:181)
	at java.net.http/jdk.internal.net.http.common.SequentialScheduler$SchedulableTask.run(SequentialScheduler.java:207)
	at java.net.http/jdk.internal.net.http.common.SequentialScheduler.runOrSchedule(SequentialScheduler.java:280)
	at java.net.http/jdk.internal.net.http.common.SequentialScheduler.runOrSchedule(SequentialScheduler.java:233)
	at java.net.http/jdk.internal.net.http.SocketTube$InternalReadPublisher$InternalReadSubscription.signalReadable(SocketTube.java:782)
	at java.net.http/jdk.internal.net.http.SocketTube$InternalReadPublisher$ReadEvent.signalEvent(SocketTube.java:965)
	at java.net.http/jdk.internal.net.http.SocketTube$SocketFlowEvent.handle(SocketTube.java:253)
	at java.net.http/jdk.internal.net.http.HttpClientImpl$SelectorManager.handleEvent(HttpClientImpl.java:1469)
	at java.net.http/jdk.internal.net.http.HttpClientImpl$SelectorManager.lambda$run$3(HttpClientImpl.java:1414)
	at java.base/java.util.ArrayList.forEach(ArrayList.java:1596)
	at java.net.http/jdk.internal.net.http.HttpClientImpl$SelectorManager.run(HttpClientImpl.java:1414)

]]></system-err>
  </testcase>
  <testcase name="runScenario[&quot;Login page functionality&quot;, &quot;Login error handling&quot;](12)" classname="TestNGTestRunner" time="7.706">
    <system-out><![CDATA[interception-job-1.0
{"userEmail":"santhoshsai4517@gmail.com","userPassword":"123456"}
]]></system-out>
    <system-err><![CDATA[Oct 27, 2024 2:32:37 PM org.openqa.selenium.devtools.CdpVersionFinder findNearestMatch
WARNING: Unable to find an exact match for CDP version 130, returning the closest version; found: 127; Please update to a Selenium version that supports CDP version 130
Oct 27, 2024 2:32:38 PM org.openqa.selenium.devtools.Connection$Listener lambda$onText$0
WARNING: Unable to process: {"method":"Fetch.requestPaused","params":{"requestId":"interception-job-1.0","request":{"url":"https://rahulshettyacademy.com/api/ecom/auth/login","method":"POST","headers":{"Accept":"application/json, text/plain, */*","Content-Type":"application/json","Origin":"https://rahulshettyacademy.com","Referer":"https://rahulshettyacademy.com/client/auth/login","User-Agent":"Mozilla/5.0 (Windows NT 10.0; Win64; x64) AppleWebKit/537.36 (KHTML, like Gecko) Chrome/130.0.0.0 Safari/537.36","sec-ch-ua":"\"Chromium\";v=\"130\", \"Google Chrome\";v=\"130\", \"Not?A_Brand\";v=\"99\"","sec-ch-ua-mobile":"?0","sec-ch-ua-platform":"\"Windows\""},"postData":"{\"userEmail\":\"santhoshsai4517@gmail.com\",\"userPassword\":\"151Fa04124@4517\"}","hasPostData":true,"postDataEntries":[{"bytes":"eyJ1c2VyRW1haWwiOiJzYW50aG9zaHNhaTQ1MTdAZ21haWwuY29tIiwidXNlclBhc3N3b3JkIjoiMTUxRmEwNDEyNEA0NTE3In0="}],"initialPriority":"High","referrerPolicy":"strict-origin-when-cross-origin"},"frameId":"A5B7D12CF673187AB000A181599C9A74","resourceType":"XHR"},"sessionId":"F2D4A9601D7C1645223F1220E0266562"}
org.openqa.selenium.devtools.DevToolsException: {"id":43,"error":{"code":-32602,"message":"Invalid parameters","data":"Failed to deserialize params.postData - BINDINGS: invalid base64 string at position 17"},"sessionId":"F2D4A9601D7C1645223F1220E0266562"}
Build info: version: '4.23.0', revision: '4df0a231af'
System info: os.name: 'Windows 11', os.arch: 'amd64', os.version: '10.0', java.version: '21.0.5'
Driver info: driver.version: unknown
	at org.openqa.selenium.devtools.Connection.sendAndWait(Connection.java:195)
	at org.openqa.selenium.devtools.DevTools.send(DevTools.java:90)
	at StepDefinitions.LoginPage.ErrorHandlingStepDefImpl.lambda$api_payload_changed_logged_in_with_wrong_username_and_password$1(ErrorHandlingStepDefImpl.java:68)
	at org.openqa.selenium.devtools.DevTools.lambda$addListener$0(DevTools.java:104)
	at org.openqa.selenium.devtools.Connection.lambda$handle$5(Connection.java:348)
	at java.base/java.util.stream.ForEachOps$ForEachOp$OfRef.accept(ForEachOps.java:184)
	at java.base/java.util.stream.ReferencePipeline$2$1.accept(ReferencePipeline.java:179)
	at java.base/java.util.stream.ReferencePipeline$15$1.accept(ReferencePipeline.java:541)
	at java.base/java.util.HashMap$EntrySpliterator.forEachRemaining(HashMap.java:1858)
	at java.base/java.util.stream.AbstractPipeline.copyInto(AbstractPipeline.java:509)
	at java.base/java.util.stream.AbstractPipeline.wrapAndCopyInto(AbstractPipeline.java:499)
	at java.base/java.util.stream.ForEachOps$ForEachOp.evaluateSequential(ForEachOps.java:151)
	at java.base/java.util.stream.ForEachOps$ForEachOp$OfRef.evaluateSequential(ForEachOps.java:174)
	at java.base/java.util.stream.AbstractPipeline.evaluate(AbstractPipeline.java:234)
	at java.base/java.util.stream.ReferencePipeline.forEach(ReferencePipeline.java:596)
	at org.openqa.selenium.devtools.Connection.handle(Connection.java:311)
	at org.openqa.selenium.devtools.Connection$Listener.lambda$onText$0(Connection.java:239)
	at java.base/java.util.concurrent.ThreadPoolExecutor.runWorker(ThreadPoolExecutor.java:1144)
	at java.base/java.util.concurrent.ThreadPoolExecutor$Worker.run(ThreadPoolExecutor.java:642)
	at java.base/java.lang.Thread.run(Thread.java:1583)
Caused by: org.openqa.selenium.WebDriverException: {"id":43,"error":{"code":-32602,"message":"Invalid parameters","data":"Failed to deserialize params.postData - BINDINGS: invalid base64 string at position 17"},"sessionId":"F2D4A9601D7C1645223F1220E0266562"}
Build info: version: '4.23.0', revision: '4df0a231af'
System info: os.name: 'Windows 11', os.arch: 'amd64', os.version: '10.0', java.version: '21.0.5'
Driver info: driver.version: unknown
	at org.openqa.selenium.devtools.Connection.handle(Connection.java:275)
	... 4 more

Exception in thread "CDP Connection" org.openqa.selenium.devtools.DevToolsException: {"id":43,"error":{"code":-32602,"message":"Invalid parameters","data":"Failed to deserialize params.postData - BINDINGS: invalid base64 string at position 17"},"sessionId":"F2D4A9601D7C1645223F1220E0266562"}
Build info: version: '4.23.0', revision: '4df0a231af'
System info: os.name: 'Windows 11', os.arch: 'amd64', os.version: '10.0', java.version: '21.0.5'
Driver info: driver.version: unknown
	at org.openqa.selenium.devtools.Connection$Listener.lambda$onText$0(Connection.java:242)
	at java.base/java.util.concurrent.ThreadPoolExecutor.runWorker(ThreadPoolExecutor.java:1144)
	at java.base/java.util.concurrent.ThreadPoolExecutor$Worker.run(ThreadPoolExecutor.java:642)
	at java.base/java.lang.Thread.run(Thread.java:1583)
Caused by: org.openqa.selenium.devtools.DevToolsException: {"id":43,"error":{"code":-32602,"message":"Invalid parameters","data":"Failed to deserialize params.postData - BINDINGS: invalid base64 string at position 17"},"sessionId":"F2D4A9601D7C1645223F1220E0266562"}
Build info: version: '4.23.0', revision: '4df0a231af'
System info: os.name: 'Windows 11', os.arch: 'amd64', os.version: '10.0', java.version: '21.0.5'
Driver info: driver.version: unknown
	at org.openqa.selenium.devtools.Connection.sendAndWait(Connection.java:195)
	at org.openqa.selenium.devtools.DevTools.send(DevTools.java:90)
	at StepDefinitions.LoginPage.ErrorHandlingStepDefImpl.lambda$api_payload_changed_logged_in_with_wrong_username_and_password$1(ErrorHandlingStepDefImpl.java:68)
	at org.openqa.selenium.devtools.DevTools.lambda$addListener$0(DevTools.java:104)
	at org.openqa.selenium.devtools.Connection.lambda$handle$5(Connection.java:348)
	at java.base/java.util.stream.ForEachOps$ForEachOp$OfRef.accept(ForEachOps.java:184)
	at java.base/java.util.stream.ReferencePipeline$2$1.accept(ReferencePipeline.java:179)
	at java.base/java.util.stream.ReferencePipeline$15$1.accept(ReferencePipeline.java:541)
	at java.base/java.util.HashMap$EntrySpliterator.forEachRemaining(HashMap.java:1858)
	at java.base/java.util.stream.AbstractPipeline.copyInto(AbstractPipeline.java:509)
	at java.base/java.util.stream.AbstractPipeline.wrapAndCopyInto(AbstractPipeline.java:499)
	at java.base/java.util.stream.ForEachOps$ForEachOp.evaluateSequential(ForEachOps.java:151)
	at java.base/java.util.stream.ForEachOps$ForEachOp$OfRef.evaluateSequential(ForEachOps.java:174)
	at java.base/java.util.stream.AbstractPipeline.evaluate(AbstractPipeline.java:234)
	at java.base/java.util.stream.ReferencePipeline.forEach(ReferencePipeline.java:596)
	at org.openqa.selenium.devtools.Connection.handle(Connection.java:311)
	at org.openqa.selenium.devtools.Connection$Listener.lambda$onText$0(Connection.java:239)
	... 3 more
Caused by: org.openqa.selenium.WebDriverException: {"id":43,"error":{"code":-32602,"message":"Invalid parameters","data":"Failed to deserialize params.postData - BINDINGS: invalid base64 string at position 17"},"sessionId":"F2D4A9601D7C1645223F1220E0266562"}
Build info: version: '4.23.0', revision: '4df0a231af'
System info: os.name: 'Windows 11', os.arch: 'amd64', os.version: '10.0', java.version: '21.0.5'
Driver info: driver.version: unknown
	at org.openqa.selenium.devtools.Connection.handle(Connection.java:275)
	... 4 more
Oct 27, 2024 2:32:44 PM org.openqa.selenium.remote.http.WebSocket$Listener onError
WARNING: Connection reset
java.net.SocketException: Connection reset
	at java.base/sun.nio.ch.SocketChannelImpl.throwConnectionReset(SocketChannelImpl.java:401)
	at java.base/sun.nio.ch.SocketChannelImpl.read(SocketChannelImpl.java:434)
	at java.net.http/jdk.internal.net.http.SocketTube.readAvailable(SocketTube.java:1178)
	at java.net.http/jdk.internal.net.http.SocketTube$InternalReadPublisher$InternalReadSubscription.read(SocketTube.java:841)
	at java.net.http/jdk.internal.net.http.SocketTube$SocketFlowTask.run(SocketTube.java:181)
	at java.net.http/jdk.internal.net.http.common.SequentialScheduler$SchedulableTask.run(SequentialScheduler.java:207)
	at java.net.http/jdk.internal.net.http.common.SequentialScheduler.runOrSchedule(SequentialScheduler.java:280)
	at java.net.http/jdk.internal.net.http.common.SequentialScheduler.runOrSchedule(SequentialScheduler.java:233)
	at java.net.http/jdk.internal.net.http.SocketTube$InternalReadPublisher$InternalReadSubscription.signalReadable(SocketTube.java:782)
	at java.net.http/jdk.internal.net.http.SocketTube$InternalReadPublisher$ReadEvent.signalEvent(SocketTube.java:965)
	at java.net.http/jdk.internal.net.http.SocketTube$SocketFlowEvent.handle(SocketTube.java:253)
	at java.net.http/jdk.internal.net.http.HttpClientImpl$SelectorManager.handleEvent(HttpClientImpl.java:1469)
	at java.net.http/jdk.internal.net.http.HttpClientImpl$SelectorManager.lambda$run$3(HttpClientImpl.java:1414)
	at java.base/java.util.ArrayList.forEach(ArrayList.java:1596)
	at java.net.http/jdk.internal.net.http.HttpClientImpl$SelectorManager.run(HttpClientImpl.java:1414)

]]></system-err>
  </testcase>
  <testcase name="runScenario[&quot;Login page functionality&quot;, &quot;Login error handling&quot;](13)" classname="TestNGTestRunner" time="3.023">
    <system-err><![CDATA[Oct 27, 2024 2:32:45 PM org.openqa.selenium.devtools.CdpVersionFinder findNearestMatch
WARNING: Unable to find an exact match for CDP version 130, returning the closest version; found: 127; Please update to a Selenium version that supports CDP version 130
]]></system-err>
  </testcase>
  <testcase name="runScenario[&quot;Login page functionality&quot;, &quot;Login error handling&quot;](14)" classname="TestNGTestRunner" time="3.047">
    <system-err><![CDATA[Oct 27, 2024 2:32:48 PM org.openqa.selenium.devtools.CdpVersionFinder findNearestMatch
WARNING: Unable to find an exact match for CDP version 130, returning the closest version; found: 127; Please update to a Selenium version that supports CDP version 130
Oct 27, 2024 2:32:50 PM org.openqa.selenium.remote.http.WebSocket$Listener onError
WARNING: Connection reset
java.net.SocketException: Connection reset
	at java.base/sun.nio.ch.SocketChannelImpl.throwConnectionReset(SocketChannelImpl.java:401)
	at java.base/sun.nio.ch.SocketChannelImpl.read(SocketChannelImpl.java:434)
	at java.net.http/jdk.internal.net.http.SocketTube.readAvailable(SocketTube.java:1178)
	at java.net.http/jdk.internal.net.http.SocketTube$InternalReadPublisher$InternalReadSubscription.read(SocketTube.java:841)
	at java.net.http/jdk.internal.net.http.SocketTube$SocketFlowTask.run(SocketTube.java:181)
	at java.net.http/jdk.internal.net.http.common.SequentialScheduler$SchedulableTask.run(SequentialScheduler.java:207)
	at java.net.http/jdk.internal.net.http.common.SequentialScheduler.runOrSchedule(SequentialScheduler.java:280)
	at java.net.http/jdk.internal.net.http.common.SequentialScheduler.runOrSchedule(SequentialScheduler.java:233)
	at java.net.http/jdk.internal.net.http.SocketTube$InternalReadPublisher$InternalReadSubscription.signalReadable(SocketTube.java:782)
	at java.net.http/jdk.internal.net.http.SocketTube$InternalReadPublisher$ReadEvent.signalEvent(SocketTube.java:965)
	at java.net.http/jdk.internal.net.http.SocketTube$SocketFlowEvent.handle(SocketTube.java:253)
	at java.net.http/jdk.internal.net.http.HttpClientImpl$SelectorManager.handleEvent(HttpClientImpl.java:1469)
	at java.net.http/jdk.internal.net.http.HttpClientImpl$SelectorManager.lambda$run$3(HttpClientImpl.java:1414)
	at java.base/java.util.ArrayList.forEach(ArrayList.java:1596)
	at java.net.http/jdk.internal.net.http.HttpClientImpl$SelectorManager.run(HttpClientImpl.java:1414)

]]></system-err>
  </testcase>
  <testcase name="runScenario[&quot;Login page functionality&quot;, &quot;Login error handling&quot;](15)" classname="TestNGTestRunner" time="3.575">
    <system-err><![CDATA[Oct 27, 2024 2:32:51 PM org.openqa.selenium.devtools.CdpVersionFinder findNearestMatch
WARNING: Unable to find an exact match for CDP version 130, returning the closest version; found: 127; Please update to a Selenium version that supports CDP version 130
Oct 27, 2024 2:32:53 PM org.openqa.selenium.remote.http.WebSocket$Listener onError
WARNING: Connection reset
java.net.SocketException: Connection reset
	at java.base/sun.nio.ch.SocketChannelImpl.throwConnectionReset(SocketChannelImpl.java:401)
	at java.base/sun.nio.ch.SocketChannelImpl.read(SocketChannelImpl.java:434)
	at java.net.http/jdk.internal.net.http.SocketTube.readAvailable(SocketTube.java:1178)
	at java.net.http/jdk.internal.net.http.SocketTube$InternalReadPublisher$InternalReadSubscription.read(SocketTube.java:841)
	at java.net.http/jdk.internal.net.http.SocketTube$SocketFlowTask.run(SocketTube.java:181)
	at java.net.http/jdk.internal.net.http.common.SequentialScheduler$SchedulableTask.run(SequentialScheduler.java:207)
	at java.net.http/jdk.internal.net.http.common.SequentialScheduler.runOrSchedule(SequentialScheduler.java:280)
	at java.net.http/jdk.internal.net.http.common.SequentialScheduler.runOrSchedule(SequentialScheduler.java:233)
	at java.net.http/jdk.internal.net.http.SocketTube$InternalReadPublisher$InternalReadSubscription.signalReadable(SocketTube.java:782)
	at java.net.http/jdk.internal.net.http.SocketTube$InternalReadPublisher$ReadEvent.signalEvent(SocketTube.java:965)
	at java.net.http/jdk.internal.net.http.SocketTube$SocketFlowEvent.handle(SocketTube.java:253)
	at java.net.http/jdk.internal.net.http.HttpClientImpl$SelectorManager.handleEvent(HttpClientImpl.java:1469)
	at java.net.http/jdk.internal.net.http.HttpClientImpl$SelectorManager.lambda$run$3(HttpClientImpl.java:1414)
	at java.base/java.util.ArrayList.forEach(ArrayList.java:1596)
	at java.net.http/jdk.internal.net.http.HttpClientImpl$SelectorManager.run(HttpClientImpl.java:1414)

]]></system-err>
  </testcase>
  <testcase name="runScenario[&quot;Login page functionality&quot;, &quot;Login error handling&quot;](16)" classname="TestNGTestRunner" time="2.983">
    <system-err><![CDATA[Oct 27, 2024 2:32:54 PM org.openqa.selenium.devtools.CdpVersionFinder findNearestMatch
WARNING: Unable to find an exact match for CDP version 130, returning the closest version; found: 127; Please update to a Selenium version that supports CDP version 130
Oct 27, 2024 2:32:56 PM org.openqa.selenium.remote.http.WebSocket$Listener onError
WARNING: Connection reset
java.net.SocketException: Connection reset
	at java.base/sun.nio.ch.SocketChannelImpl.throwConnectionReset(SocketChannelImpl.java:401)
	at java.base/sun.nio.ch.SocketChannelImpl.read(SocketChannelImpl.java:434)
	at java.net.http/jdk.internal.net.http.SocketTube.readAvailable(SocketTube.java:1178)
	at java.net.http/jdk.internal.net.http.SocketTube$InternalReadPublisher$InternalReadSubscription.read(SocketTube.java:841)
	at java.net.http/jdk.internal.net.http.SocketTube$SocketFlowTask.run(SocketTube.java:181)
	at java.net.http/jdk.internal.net.http.common.SequentialScheduler$SchedulableTask.run(SequentialScheduler.java:207)
	at java.net.http/jdk.internal.net.http.common.SequentialScheduler.runOrSchedule(SequentialScheduler.java:280)
	at java.net.http/jdk.internal.net.http.common.SequentialScheduler.runOrSchedule(SequentialScheduler.java:233)
	at java.net.http/jdk.internal.net.http.SocketTube$InternalReadPublisher$InternalReadSubscription.signalReadable(SocketTube.java:782)
	at java.net.http/jdk.internal.net.http.SocketTube$InternalReadPublisher$ReadEvent.signalEvent(SocketTube.java:965)
	at java.net.http/jdk.internal.net.http.SocketTube$SocketFlowEvent.handle(SocketTube.java:253)
	at java.net.http/jdk.internal.net.http.HttpClientImpl$SelectorManager.handleEvent(HttpClientImpl.java:1469)
	at java.net.http/jdk.internal.net.http.HttpClientImpl$SelectorManager.lambda$run$3(HttpClientImpl.java:1414)
	at java.base/java.util.ArrayList.forEach(ArrayList.java:1596)
	at java.net.http/jdk.internal.net.http.HttpClientImpl$SelectorManager.run(HttpClientImpl.java:1414)

]]></system-err>
  </testcase>
  <testcase name="runScenario[&quot;Login page functionality&quot;, &quot;Login functionality&quot;](17)" classname="TestNGTestRunner" time="2.793">
    <system-err><![CDATA[Oct 27, 2024 2:32:57 PM org.openqa.selenium.devtools.CdpVersionFinder findNearestMatch
WARNING: Unable to find an exact match for CDP version 130, returning the closest version; found: 127; Please update to a Selenium version that supports CDP version 130
]]></system-err>
  </testcase>
  <testcase name="runScenario[&quot;Login page functionality&quot;, &quot;Login functionality&quot;](18)" classname="TestNGTestRunner" time="2.835">
    <system-err><![CDATA[Oct 27, 2024 2:33:00 PM org.openqa.selenium.devtools.CdpVersionFinder findNearestMatch
WARNING: Unable to find an exact match for CDP version 130, returning the closest version; found: 127; Please update to a Selenium version that supports CDP version 130
]]></system-err>
  </testcase>
  <testcase name="runScenario[&quot;Login page functionality&quot;, &quot;Login functionality&quot;](19)" classname="TestNGTestRunner" time="2.664">
    <system-err><![CDATA[Oct 27, 2024 2:33:03 PM org.openqa.selenium.devtools.CdpVersionFinder findNearestMatch
WARNING: Unable to find an exact match for CDP version 130, returning the closest version; found: 127; Please update to a Selenium version that supports CDP version 130
]]></system-err>
  </testcase>
  <testcase name="runScenario[&quot;Login page functionality&quot;, &quot;Login functionality&quot;](20)" classname="TestNGTestRunner" time="2.674">
    <system-err><![CDATA[Oct 27, 2024 2:33:06 PM org.openqa.selenium.devtools.CdpVersionFinder findNearestMatch
WARNING: Unable to find an exact match for CDP version 130, returning the closest version; found: 127; Please update to a Selenium version that supports CDP version 130
]]></system-err>
  </testcase>
  <testcase name="runScenario[&quot;Login page functionality&quot;, &quot;Login functionality&quot;](21)" classname="TestNGTestRunner" time="3.006">
    <system-out><![CDATA[{"userEmail":"santhoshsai4517@gmail.com","userPassword":"151Fa04124@4517"}
]]></system-out>
    <system-err><![CDATA[Oct 27, 2024 2:33:08 PM org.openqa.selenium.devtools.CdpVersionFinder findNearestMatch
WARNING: Unable to find an exact match for CDP version 130, returning the closest version; found: 127; Please update to a Selenium version that supports CDP version 130
Oct 27, 2024 2:33:10 PM org.openqa.selenium.devtools.Connection$Listener lambda$onText$0
WARNING: Unable to process: {"method":"Network.requestWillBeSent","params":{"requestId":"8684.20","loaderId":"2A1F73D6B64E311488B065D050A9B154","documentURL":"https://rahulshettyacademy.com/client/auth/login","request":{"url":"https://rahulshettyacademy.com/api/ecom/auth/login","method":"POST","headers":{"sec-ch-ua-platform":"\"Windows\"","Referer":"https://rahulshettyacademy.com/client/auth/login","User-Agent":"Mozilla/5.0 (Windows NT 10.0; Win64; x64) AppleWebKit/537.36 (KHTML, like Gecko) Chrome/130.0.0.0 Safari/537.36","Accept":"application/json, text/plain, */*","sec-ch-ua":"\"Chromium\";v=\"130\", \"Google Chrome\";v=\"130\", \"Not?A_Brand\";v=\"99\"","Content-Type":"application/json","sec-ch-ua-mobile":"?0"},"postData":"{\"userEmail\":\"santhoshsai4517@gmail.com\",\"userPassword\":\"151Fa04124@4517\"}","hasPostData":true,"postDataEntries":[{"bytes":"eyJ1c2VyRW1haWwiOiJzYW50aG9zaHNhaTQ1MTdAZ21haWwuY29tIiwidXNlclBhc3N3b3JkIjoiMTUxRmEwNDEyNEA0NTE3In0="}],"mixedContentType":"none","initialPriority":"High","referrerPolicy":"strict-origin-when-cross-origin","isSameSite":true},"timestamp":22676.469898,"wallTime":1730019790.336715,"initiator":{"type":"script","stack":{"callFrames":[{"functionName":"q","scriptId":"8","url":"https://rahulshettyacademy.com/client/polyfills.bd0c6ffd915d0ed70d31.js","lineNumber":0,"columnNumber":32300},{"functionName":"scheduleTask","scriptId":"8","url":"https://rahulshettyacademy.com/client/polyfills.bd0c6ffd915d0ed70d31.js","lineNumber":0,"columnNumber":6899},{"functionName":"onScheduleTask","scriptId":"8","url":"https://rahulshettyacademy.com/client/polyfills.bd0c6ffd915d0ed70d31.js","lineNumber":0,"columnNumber":4124},{"functionName":"scheduleTask","scriptId":"8","url":"https://rahulshettyacademy.com/client/polyfills.bd0c6ffd915d0ed70d31.js","lineNumber":0,"columnNumber":6797},{"functionName":"scheduleTask","scriptId":"8","url":"https://rahulshettyacademy.com/client/polyfills.bd0c6ffd915d0ed70d31.js","lineNumber":0,"columnNumber":3086},{"functionName":"scheduleMacroTask","scriptId":"8","url":"https://rahulshettyacademy.com/client/polyfills.bd0c6ffd915d0ed70d31.js","lineNumber":0,"columnNumber":3395},{"functionName":"Me","scriptId":"8","url":"https://rahulshettyacademy.com/client/polyfills.bd0c6ffd915d0ed70d31.js","lineNumber":0,"columnNumber":10539},{"functionName":"","scriptId":"8","url":"https://rahulshettyacademy.com/client/polyfills.bd0c6ffd915d0ed70d31.js","lineNumber":0,"columnNumber":32691},{"functionName":"o.<computed>","scriptId":"8","url":"https://rahulshettyacademy.com/client/polyfills.bd0c6ffd915d0ed70d31.js","lineNumber":0,"columnNumber":13452},{"functionName":"","scriptId":"10","url":"https://rahulshettyacademy.com/client/main.9c44d72685822eee0a0f.js","lineNumber":0,"columnNumber":40276},{"functionName":"_trySubscribe","scriptId":"10","url":"https://rahulshettyacademy.com/client/main.9c44d72685822eee0a0f.js","lineNumber":0,"columnNumber":247222},{"functionName":"subscribe","scriptId":"10","url":"https://rahulshettyacademy.com/client/main.9c44d72685822eee0a0f.js","lineNumber":0,"columnNumber":247023},{"functionName":"call","scriptId":"10","url":"https://rahulshettyacademy.com/client/main.9c44d72685822eee0a0f.js","lineNumber":0,"columnNumber":347614},{"functionName":"subscribe","scriptId":"10","url":"https://rahulshettyacademy.com/client/main.9c44d72685822eee0a0f.js","lineNumber":0,"columnNumber":246898},{"functionName":"call","scriptId":"10","url":"https://rahulshettyacademy.com/client/main.9c44d72685822eee0a0f.js","lineNumber":0,"columnNumber":260024},{"functionName":"subscribe","scriptId":"10","url":"https://rahulshettyacademy.com/client/main.9c44d72685822eee0a0f.js","lineNumber":0,"columnNumber":246898},{"functionName":"call","scriptId":"10","url":"https://rahulshettyacademy.com/client/main.9c44d72685822eee0a0f.js","lineNumber":0,"columnNumber":261641},{"functionName":"subscribe","scriptId":"10","url":"https://rahulshettyacademy.com/client/main.9c44d72685822eee0a0f.js","lineNumber":0,"columnNumber":246898},{"functionName":"X","scriptId":"10","url":"https://rahulshettyacademy.com/client/main.9c44d72685822eee0a0f.js","lineNumber":0,"columnNumber":256272},{"functionName":"_innerSub","scriptId":"10","url":"https://rahulshettyacademy.com/client/main.9c44d72685822eee0a0f.js","lineNumber":0,"columnNumber":263677},{"functionName":"_tryNext","scriptId":"10","url":"https://rahulshettyacademy.com/client/main.9c44d72685822eee0a0f.js","lineNumber":0,"columnNumber":263582},{"functionName":"_next","scriptId":"10","url":"https://rahulshettyacademy.com/client/main.9c44d72685822eee0a0f.js","lineNumber":0,"columnNumber":263421},{"functionName":"next","scriptId":"10","url":"https://rahulshettyacademy.com/client/main.9c44d72685822eee0a0f.js","lineNumber":0,"columnNumber":251086},{"functionName":"","scriptId":"10","url":"https://rahulshettyacademy.com/client/main.9c44d72685822eee0a0f.js","lineNumber":0,"columnNumber":270945},{"functionName":"_trySubscribe","scriptId":"10","url":"https://rahulshettyacademy.com/client/main.9c44d72685822eee0a0f.js","lineNumber":0,"columnNumber":247222},{"functionName":"subscribe","scriptId":"10","url":"https://rahulshettyacademy.com/client/main.9c44d72685822eee0a0f.js","lineNumber":0,"columnNumber":247023},{"functionName":"call","scriptId":"10","url":"https://rahulshettyacademy.com/client/main.9c44d72685822eee0a0f.js","lineNumber":0,"columnNumber":263156},{"functionName":"subscribe","scriptId":"10","url":"https://rahulshettyacademy.com/client/main.9c44d72685822eee0a0f.js","lineNumber":0,"columnNumber":246898},{"functionName":"call","scriptId":"10","url":"https://rahulshettyacademy.com/client/main.9c44d72685822eee0a0f.js","lineNumber":0,"columnNumber":261156},{"functionName":"subscribe","scriptId":"10","url":"https://rahulshettyacademy.com/client/main.9c44d72685822eee0a0f.js","lineNumber":0,"columnNumber":246898},{"functionName":"call","scriptId":"10","url":"https://rahulshettyacademy.com/client/main.9c44d72685822eee0a0f.js","lineNumber":0,"columnNumber":262331},{"functionName":"subscribe","scriptId":"10","url":"https://rahulshettyacademy.com/client/main.9c44d72685822eee0a0f.js","lineNumber":0,"columnNumber":246898},{"functionName":"call","scriptId":"10","url":"https://rahulshettyacademy.com/client/main.9c44d72685822eee0a0f.js","lineNumber":0,"columnNumber":262331},{"functionName":"subscribe","scriptId":"10","url":"https://rahulshettyacademy.com/client/main.9c44d72685822eee0a0f.js","lineNumber":0,"columnNumber":246898},{"functionName":"call","scriptId":"10","url":"https://rahulshettyacademy.com/client/main.9c44d72685822eee0a0f.js","lineNumber":0,"columnNumber":265941},{"functionName":"subscribe","scriptId":"10","url":"https://rahulshettyacademy.com/client/main.9c44d72685822eee0a0f.js","lineNumber":0,"columnNumber":246898},{"functionName":"call","scriptId":"10","url":"https://rahulshettyacademy.com/client/main.9c44d72685822eee0a0f.js","lineNumber":0,"columnNumber":267376},{"functionName":"subscribe","scriptId":"10","url":"https://rahulshettyacademy.com/client/main.9c44d72685822eee0a0f.js","lineNumber":0,"columnNumber":246898},{"functionName":"login","scriptId":"14","url":"https://rahulshettyacademy.com/client/674.c8a6d45922fab3876c70.js","lineNumber":0,"columnNumber":14410},{"functionName":"","scriptId":"14","url":"https://rahulshettyacademy.com/client/674.c8a6d45922fab3876c70.js","lineNumber":0,"columnNumber":17298},{"functionName":"Bp","scriptId":"10","url":"https://rahulshettyacademy.com/client/main.9c44d72685822eee0a0f.js","lineNumber":0,"columnNumber":101233},{"functionName":"i","scriptId":"10","url":"https://rahulshettyacademy.com/client/main.9c44d72685822eee0a0f.js","lineNumber":0,"columnNumber":101395},{"functionName":"__tryOrUnsub","scriptId":"10","url":"https://rahulshettyacademy.com/client/main.9c44d72685822eee0a0f.js","lineNumber":0,"columnNumber":252917},{"functionName":"next","scriptId":"10","url":"https://rahulshettyacademy.com/client/main.9c44d72685822eee0a0f.js","lineNumber":0,"columnNumber":252142},{"functionName":"_next","scriptId":"10","url":"https://rahulshettyacademy.com/client/main.9c44d72685822eee0a0f.js","lineNumber":0,"columnNumber":251312},{"functionName":"next","scriptId":"10","url":"https://rahulshettyacademy.com/client/main.9c44d72685822eee0a0f.js","lineNumber":0,"columnNumber":251086},{"functionName":"next","scriptId":"10","url":"https://rahulshettyacademy.com/client/main.9c44d72685822eee0a0f.js","lineNumber":0,"columnNumber":249168},{"functionName":"emit","scriptId":"10","url":"https://rahulshettyacademy.com/client/main.9c44d72685822eee0a0f.js","lineNumber":0,"columnNumber":136306},{"functionName":"onSubmit","scriptId":"12","url":"https://rahulshettyacademy.com/client/480.f1614ecd961bd8e3dfd9.js","lineNumber":0,"columnNumber":33303},{"functionName":"","scriptId":"12","url":"https://rahulshettyacademy.com/client/480.f1614ecd961bd8e3dfd9.js","lineNumber":0,"columnNumber":34287},{"functionName":"Bp","scriptId":"10","url":"https://rahulshettyacademy.com/client/main.9c44d72685822eee0a0f.js","lineNumber":0,"columnNumber":101233},{"functionName":"i","scriptId":"10","url":"https://rahulshettyacademy.com/client/main.9c44d72685822eee0a0f.js","lineNumber":0,"columnNumber":101395},{"functionName":"","scriptId":"10","url":"https://rahulshettyacademy.com/client/main.9c44d72685822eee0a0f.js","lineNumber":0,"columnNumber":164144},{"functionName":"invokeTask","scriptId":"8","url":"https://rahulshettyacademy.com/client/polyfills.bd0c6ffd915d0ed70d31.js","lineNumber":0,"columnNumber":7136},{"functionName":"onInvokeTask","scriptId":"10","url":"https://rahulshettyacademy.com/client/main.9c44d72685822eee0a0f.js","lineNumber":0,"columnNumber":146363},{"functionName":"invokeTask","scriptId":"8","url":"https://rahulshettyacademy.com/client/polyfills.bd0c6ffd915d0ed70d31.js","lineNumber":0,"columnNumber":7057},{"functionName":"runTask","scriptId":"8","url":"https://rahulshettyacademy.com/client/polyfills.bd0c6ffd915d0ed70d31.js","lineNumber":0,"columnNumber":2531},{"functionName":"invokeTask","scriptId":"8","url":"https://rahulshettyacademy.com/client/polyfills.bd0c6ffd915d0ed70d31.js","lineNumber":0,"columnNumber":8187},{"functionName":"Z","scriptId":"8","url":"https://rahulshettyacademy.com/client/polyfills.bd0c6ffd915d0ed70d31.js","lineNumber":0,"columnNumber":20798},{"functionName":"N","scriptId":"8","url":"https://rahulshettyacademy.com/client/polyfills.bd0c6ffd915d0ed70d31.js","lineNumber":0,"columnNumber":21091},{"functionName":"B","scriptId":"8","url":"https://rahulshettyacademy.com/client/polyfills.bd0c6ffd915d0ed70d31.js","lineNumber":0,"columnNumber":21357}]}},"redirectHasExtraInfo":false,"type":"XHR","frameId":"DD0DDE9F0373BA34DC2D40B2A7D55515","hasUserGesture":true},"sessionId":"C99CDE0CC214E155A3B9CD45D1AF6B55"}
org.json.JSONException: JSONObject["userPaassword"] not found.
	at org.json.JSONObject.get(JSONObject.java:570)
	at org.json.JSONObject.getString(JSONObject.java:857)
	at StepDefinitions.LoginPage.FunctionalityStepDefImpl.lambda$logged_in_with_username_and_password$0(FunctionalityStepDefImpl.java:79)
	at org.openqa.selenium.devtools.DevTools.lambda$addListener$0(DevTools.java:104)
	at org.openqa.selenium.devtools.Connection.lambda$handle$5(Connection.java:348)
	at java.base/java.util.stream.ForEachOps$ForEachOp$OfRef.accept(ForEachOps.java:184)
	at java.base/java.util.stream.ReferencePipeline$2$1.accept(ReferencePipeline.java:179)
	at java.base/java.util.stream.ReferencePipeline$15$1.accept(ReferencePipeline.java:541)
	at java.base/java.util.HashMap$EntrySpliterator.forEachRemaining(HashMap.java:1858)
	at java.base/java.util.stream.AbstractPipeline.copyInto(AbstractPipeline.java:509)
	at java.base/java.util.stream.AbstractPipeline.wrapAndCopyInto(AbstractPipeline.java:499)
	at java.base/java.util.stream.ForEachOps$ForEachOp.evaluateSequential(ForEachOps.java:151)
	at java.base/java.util.stream.ForEachOps$ForEachOp$OfRef.evaluateSequential(ForEachOps.java:174)
	at java.base/java.util.stream.AbstractPipeline.evaluate(AbstractPipeline.java:234)
	at java.base/java.util.stream.ReferencePipeline.forEach(ReferencePipeline.java:596)
	at org.openqa.selenium.devtools.Connection.handle(Connection.java:311)
	at org.openqa.selenium.devtools.Connection$Listener.lambda$onText$0(Connection.java:239)
	at java.base/java.util.concurrent.ThreadPoolExecutor.runWorker(ThreadPoolExecutor.java:1144)
	at java.base/java.util.concurrent.ThreadPoolExecutor$Worker.run(ThreadPoolExecutor.java:642)
	at java.base/java.lang.Thread.run(Thread.java:1583)

Exception in thread "CDP Connection" org.openqa.selenium.devtools.DevToolsException: JSONObject["userPaassword"] not found.
Build info: version: '4.23.0', revision: '4df0a231af'
System info: os.name: 'Windows 11', os.arch: 'amd64', os.version: '10.0', java.version: '21.0.5'
Driver info: DevTools Connection
	at org.openqa.selenium.devtools.Connection$Listener.lambda$onText$0(Connection.java:242)
	at java.base/java.util.concurrent.ThreadPoolExecutor.runWorker(ThreadPoolExecutor.java:1144)
	at java.base/java.util.concurrent.ThreadPoolExecutor$Worker.run(ThreadPoolExecutor.java:642)
	at java.base/java.lang.Thread.run(Thread.java:1583)
Caused by: org.json.JSONException: JSONObject["userPaassword"] not found.
	at org.json.JSONObject.get(JSONObject.java:570)
	at org.json.JSONObject.getString(JSONObject.java:857)
	at StepDefinitions.LoginPage.FunctionalityStepDefImpl.lambda$logged_in_with_username_and_password$0(FunctionalityStepDefImpl.java:79)
	at org.openqa.selenium.devtools.DevTools.lambda$addListener$0(DevTools.java:104)
	at org.openqa.selenium.devtools.Connection.lambda$handle$5(Connection.java:348)
	at java.base/java.util.stream.ForEachOps$ForEachOp$OfRef.accept(ForEachOps.java:184)
	at java.base/java.util.stream.ReferencePipeline$2$1.accept(ReferencePipeline.java:179)
	at java.base/java.util.stream.ReferencePipeline$15$1.accept(ReferencePipeline.java:541)
	at java.base/java.util.HashMap$EntrySpliterator.forEachRemaining(HashMap.java:1858)
	at java.base/java.util.stream.AbstractPipeline.copyInto(AbstractPipeline.java:509)
	at java.base/java.util.stream.AbstractPipeline.wrapAndCopyInto(AbstractPipeline.java:499)
	at java.base/java.util.stream.ForEachOps$ForEachOp.evaluateSequential(ForEachOps.java:151)
	at java.base/java.util.stream.ForEachOps$ForEachOp$OfRef.evaluateSequential(ForEachOps.java:174)
	at java.base/java.util.stream.AbstractPipeline.evaluate(AbstractPipeline.java:234)
	at java.base/java.util.stream.ReferencePipeline.forEach(ReferencePipeline.java:596)
	at org.openqa.selenium.devtools.Connection.handle(Connection.java:311)
	at org.openqa.selenium.devtools.Connection$Listener.lambda$onText$0(Connection.java:239)
	... 3 more
Oct 27, 2024 2:33:10 PM org.openqa.selenium.remote.http.WebSocket$Listener onError
WARNING: Connection reset
java.net.SocketException: Connection reset
	at java.base/sun.nio.ch.SocketChannelImpl.throwConnectionReset(SocketChannelImpl.java:401)
	at java.base/sun.nio.ch.SocketChannelImpl.read(SocketChannelImpl.java:434)
	at java.net.http/jdk.internal.net.http.SocketTube.readAvailable(SocketTube.java:1178)
	at java.net.http/jdk.internal.net.http.SocketTube$InternalReadPublisher$InternalReadSubscription.read(SocketTube.java:841)
	at java.net.http/jdk.internal.net.http.SocketTube$SocketFlowTask.run(SocketTube.java:181)
	at java.net.http/jdk.internal.net.http.common.SequentialScheduler$SchedulableTask.run(SequentialScheduler.java:207)
	at java.net.http/jdk.internal.net.http.common.SequentialScheduler.runOrSchedule(SequentialScheduler.java:280)
	at java.net.http/jdk.internal.net.http.common.SequentialScheduler.runOrSchedule(SequentialScheduler.java:233)
	at java.net.http/jdk.internal.net.http.SocketTube$InternalReadPublisher$InternalReadSubscription.signalReadable(SocketTube.java:782)
	at java.net.http/jdk.internal.net.http.SocketTube$InternalReadPublisher$ReadEvent.signalEvent(SocketTube.java:965)
	at java.net.http/jdk.internal.net.http.SocketTube$SocketFlowEvent.handle(SocketTube.java:253)
	at java.net.http/jdk.internal.net.http.HttpClientImpl$SelectorManager.handleEvent(HttpClientImpl.java:1469)
	at java.net.http/jdk.internal.net.http.HttpClientImpl$SelectorManager.lambda$run$3(HttpClientImpl.java:1414)
	at java.base/java.util.ArrayList.forEach(ArrayList.java:1596)
	at java.net.http/jdk.internal.net.http.HttpClientImpl$SelectorManager.run(HttpClientImpl.java:1414)

]]></system-err>
  </testcase>
</testsuite>