<?xml version="1.0" encoding="UTF-8"?>
<testsuite xmlns:xsi="http://www.w3.org/2001/XMLSchema-instance" xsi:noNamespaceSchemaLocation="https://maven.apache.org/surefire/maven-surefire-plugin/xsd/surefire-test-report.xsd" version="3.0.1" name="TestSuite" time="1806.627" tests="110" errors="0" skipped="0" failures="1">
  <properties>
    <property name="java.specification.version" value="21"/>
    <property name="sun.cpu.isalist" value="amd64"/>
    <property name="sun.jnu.encoding" value="Cp1252"/>
    <property name="java.class.path" value="C:\Users\santh\Desktop\Ecommerce Automation\Selenium\EcommercePractise\target\test-classes;C:\Users\santh\Desktop\Ecommerce Automation\Selenium\EcommercePractise\target\classes;C:\Users\santh\.m2\repository\org\json\json\20230618\json-20230618.jar;C:\Users\santh\.m2\repository\org\seleniumhq\selenium\selenium-java\4.23.0\selenium-java-4.23.0.jar;C:\Users\santh\.m2\repository\org\seleniumhq\selenium\selenium-api\4.23.0\selenium-api-4.23.0.jar;C:\Users\santh\.m2\repository\org\seleniumhq\selenium\selenium-chrome-driver\4.23.0\selenium-chrome-driver-4.23.0.jar;C:\Users\santh\.m2\repository\com\google\auto\service\auto-service-annotations\1.1.1\auto-service-annotations-1.1.1.jar;C:\Users\santh\.m2\repository\org\seleniumhq\selenium\selenium-chromium-driver\4.23.0\selenium-chromium-driver-4.23.0.jar;C:\Users\santh\.m2\repository\org\seleniumhq\selenium\selenium-json\4.23.0\selenium-json-4.23.0.jar;C:\Users\santh\.m2\repository\org\seleniumhq\selenium\selenium-manager\4.23.0\selenium-manager-4.23.0.jar;C:\Users\santh\.m2\repository\org\seleniumhq\selenium\selenium-devtools-v125\4.23.0\selenium-devtools-v125-4.23.0.jar;C:\Users\santh\.m2\repository\org\seleniumhq\selenium\selenium-devtools-v126\4.23.0\selenium-devtools-v126-4.23.0.jar;C:\Users\santh\.m2\repository\org\seleniumhq\selenium\selenium-devtools-v127\4.23.0\selenium-devtools-v127-4.23.0.jar;C:\Users\santh\.m2\repository\org\seleniumhq\selenium\selenium-devtools-v85\4.23.0\selenium-devtools-v85-4.23.0.jar;C:\Users\santh\.m2\repository\org\seleniumhq\selenium\selenium-edge-driver\4.23.0\selenium-edge-driver-4.23.0.jar;C:\Users\santh\.m2\repository\org\seleniumhq\selenium\selenium-firefox-driver\4.23.0\selenium-firefox-driver-4.23.0.jar;C:\Users\santh\.m2\repository\org\seleniumhq\selenium\selenium-http\4.23.0\selenium-http-4.23.0.jar;C:\Users\santh\.m2\repository\dev\failsafe\failsafe\3.3.2\failsafe-3.3.2.jar;C:\Users\santh\.m2\repository\org\seleniumhq\selenium\selenium-ie-driver\4.23.0\selenium-ie-driver-4.23.0.jar;C:\Users\santh\.m2\repository\org\seleniumhq\selenium\selenium-remote-driver\4.23.0\selenium-remote-driver-4.23.0.jar;C:\Users\santh\.m2\repository\io\opentelemetry\semconv\opentelemetry-semconv\1.25.0-alpha\opentelemetry-semconv-1.25.0-alpha.jar;C:\Users\santh\.m2\repository\io\opentelemetry\opentelemetry-api\1.40.0\opentelemetry-api-1.40.0.jar;C:\Users\santh\.m2\repository\io\opentelemetry\opentelemetry-context\1.40.0\opentelemetry-context-1.40.0.jar;C:\Users\santh\.m2\repository\io\opentelemetry\opentelemetry-exporter-logging\1.40.0\opentelemetry-exporter-logging-1.40.0.jar;C:\Users\santh\.m2\repository\io\opentelemetry\opentelemetry-sdk-common\1.40.0\opentelemetry-sdk-common-1.40.0.jar;C:\Users\santh\.m2\repository\io\opentelemetry\opentelemetry-sdk-extension-autoconfigure-spi\1.40.0\opentelemetry-sdk-extension-autoconfigure-spi-1.40.0.jar;C:\Users\santh\.m2\repository\io\opentelemetry\opentelemetry-sdk-extension-autoconfigure\1.40.0\opentelemetry-sdk-extension-autoconfigure-1.40.0.jar;C:\Users\santh\.m2\repository\io\opentelemetry\opentelemetry-api-incubator\1.40.0-alpha\opentelemetry-api-incubator-1.40.0-alpha.jar;C:\Users\santh\.m2\repository\io\opentelemetry\opentelemetry-sdk-trace\1.40.0\opentelemetry-sdk-trace-1.40.0.jar;C:\Users\santh\.m2\repository\io\opentelemetry\opentelemetry-sdk\1.40.0\opentelemetry-sdk-1.40.0.jar;C:\Users\santh\.m2\repository\io\opentelemetry\opentelemetry-sdk-metrics\1.40.0\opentelemetry-sdk-metrics-1.40.0.jar;C:\Users\santh\.m2\repository\io\opentelemetry\opentelemetry-sdk-logs\1.40.0\opentelemetry-sdk-logs-1.40.0.jar;C:\Users\santh\.m2\repository\net\bytebuddy\byte-buddy\1.14.18\byte-buddy-1.14.18.jar;C:\Users\santh\.m2\repository\org\seleniumhq\selenium\selenium-os\4.23.0\selenium-os-4.23.0.jar;C:\Users\santh\.m2\repository\org\apache\commons\commons-exec\1.4.0\commons-exec-1.4.0.jar;C:\Users\santh\.m2\repository\org\seleniumhq\selenium\selenium-safari-driver\4.23.0\selenium-safari-driver-4.23.0.jar;C:\Users\santh\.m2\repository\org\seleniumhq\selenium\selenium-support\4.23.0\selenium-support-4.23.0.jar;C:\Users\santh\.m2\repository\commons-io\commons-io\2.16.1\commons-io-2.16.1.jar;C:\Users\santh\.m2\repository\io\cucumber\cucumber-java\7.18.1\cucumber-java-7.18.1.jar;C:\Users\santh\.m2\repository\io\cucumber\cucumber-core\7.18.1\cucumber-core-7.18.1.jar;C:\Users\santh\.m2\repository\io\cucumber\cucumber-gherkin\7.18.1\cucumber-gherkin-7.18.1.jar;C:\Users\santh\.m2\repository\io\cucumber\cucumber-gherkin-messages\7.18.1\cucumber-gherkin-messages-7.18.1.jar;C:\Users\santh\.m2\repository\io\cucumber\gherkin\28.0.0\gherkin-28.0.0.jar;C:\Users\santh\.m2\repository\io\cucumber\messages\24.1.0\messages-24.1.0.jar;C:\Users\santh\.m2\repository\io\cucumber\testng-xml-formatter\0.2.0\testng-xml-formatter-0.2.0.jar;C:\Users\santh\.m2\repository\io\cucumber\query\12.2.0\query-12.2.0.jar;C:\Users\santh\.m2\repository\io\cucumber\tag-expressions\6.1.0\tag-expressions-6.1.0.jar;C:\Users\santh\.m2\repository\io\cucumber\cucumber-expressions\17.1.0\cucumber-expressions-17.1.0.jar;C:\Users\santh\.m2\repository\io\cucumber\datatable\7.18.1\datatable-7.18.1.jar;C:\Users\santh\.m2\repository\io\cucumber\cucumber-plugin\7.18.1\cucumber-plugin-7.18.1.jar;C:\Users\santh\.m2\repository\io\cucumber\docstring\7.18.1\docstring-7.18.1.jar;C:\Users\santh\.m2\repository\io\cucumber\html-formatter\21.4.1\html-formatter-21.4.1.jar;C:\Users\santh\.m2\repository\io\cucumber\junit-xml-formatter\0.5.0\junit-xml-formatter-0.5.0.jar;C:\Users\santh\.m2\repository\io\cucumber\ci-environment\10.0.1\ci-environment-10.0.1.jar;C:\Users\santh\.m2\repository\org\apiguardian\apiguardian-api\1.1.2\apiguardian-api-1.1.2.jar;C:\Users\santh\.m2\repository\io\cucumber\cucumber-testng\7.18.1\cucumber-testng-7.18.1.jar;C:\Users\santh\.m2\repository\org\testng\testng\7.10.2\testng-7.10.2.jar;C:\Users\santh\.m2\repository\org\slf4j\slf4j-api\1.7.36\slf4j-api-1.7.36.jar;C:\Users\santh\.m2\repository\com\beust\jcommander\1.82\jcommander-1.82.jar;C:\Users\santh\.m2\repository\org\webjars\jquery\3.7.1\jquery-3.7.1.jar;C:\Users\santh\.m2\repository\io\rest-assured\rest-assured\5.5.0\rest-assured-5.5.0.jar;C:\Users\santh\.m2\repository\org\apache\groovy\groovy\4.0.22\groovy-4.0.22.jar;C:\Users\santh\.m2\repository\org\apache\groovy\groovy-xml\4.0.22\groovy-xml-4.0.22.jar;C:\Users\santh\.m2\repository\org\apache\httpcomponents\httpclient\4.5.13\httpclient-4.5.13.jar;C:\Users\santh\.m2\repository\org\apache\httpcomponents\httpcore\4.4.13\httpcore-4.4.13.jar;C:\Users\santh\.m2\repository\commons-logging\commons-logging\1.2\commons-logging-1.2.jar;C:\Users\santh\.m2\repository\commons-codec\commons-codec\1.11\commons-codec-1.11.jar;C:\Users\santh\.m2\repository\org\apache\httpcomponents\httpmime\4.5.13\httpmime-4.5.13.jar;C:\Users\santh\.m2\repository\org\ccil\cowan\tagsoup\tagsoup\1.2.1\tagsoup-1.2.1.jar;C:\Users\santh\.m2\repository\io\rest-assured\json-path\5.5.0\json-path-5.5.0.jar;C:\Users\santh\.m2\repository\org\apache\groovy\groovy-json\4.0.22\groovy-json-4.0.22.jar;C:\Users\santh\.m2\repository\io\rest-assured\rest-assured-common\5.5.0\rest-assured-common-5.5.0.jar;C:\Users\santh\.m2\repository\io\rest-assured\xml-path\5.5.0\xml-path-5.5.0.jar;C:\Users\santh\.m2\repository\org\apache\commons\commons-lang3\3.11\commons-lang3-3.11.jar;C:\Users\santh\.m2\repository\org\hamcrest\hamcrest\3.0\hamcrest-3.0.jar;C:\Users\santh\.m2\repository\com\fasterxml\jackson\core\jackson-databind\2.17.2\jackson-databind-2.17.2.jar;C:\Users\santh\.m2\repository\com\fasterxml\jackson\core\jackson-annotations\2.17.2\jackson-annotations-2.17.2.jar;C:\Users\santh\.m2\repository\com\fasterxml\jackson\core\jackson-core\2.17.2\jackson-core-2.17.2.jar;C:\Users\santh\.m2\repository\io\rest-assured\json-schema-validator\5.5.0\json-schema-validator-5.5.0.jar;C:\Users\santh\.m2\repository\com\github\java-json-tools\json-schema-validator\2.2.14\json-schema-validator-2.2.14.jar;C:\Users\santh\.m2\repository\com\github\java-json-tools\jackson-coreutils-equivalence\1.0\jackson-coreutils-equivalence-1.0.jar;C:\Users\santh\.m2\repository\com\github\java-json-tools\jackson-coreutils\2.0\jackson-coreutils-2.0.jar;C:\Users\santh\.m2\repository\com\github\java-json-tools\msg-simple\1.2\msg-simple-1.2.jar;C:\Users\santh\.m2\repository\com\github\java-json-tools\btf\1.3\btf-1.3.jar;C:\Users\santh\.m2\repository\com\github\java-json-tools\json-schema-core\1.2.14\json-schema-core-1.2.14.jar;C:\Users\santh\.m2\repository\com\github\java-json-tools\uri-template\0.10\uri-template-0.10.jar;C:\Users\santh\.m2\repository\org\mozilla\rhino\1.7.7.2\rhino-1.7.7.2.jar;C:\Users\santh\.m2\repository\com\sun\mail\mailapi\1.6.2\mailapi-1.6.2.jar;C:\Users\santh\.m2\repository\joda-time\joda-time\2.10.5\joda-time-2.10.5.jar;C:\Users\santh\.m2\repository\com\googlecode\libphonenumber\libphonenumber\8.11.1\libphonenumber-8.11.1.jar;C:\Users\santh\.m2\repository\com\google\code\findbugs\jsr305\3.0.2\jsr305-3.0.2.jar;C:\Users\santh\.m2\repository\net\sf\jopt-simple\jopt-simple\5.0.4\jopt-simple-5.0.4.jar;C:\Users\santh\.m2\repository\com\google\guava\guava\33.2.1-jre\guava-33.2.1-jre.jar;C:\Users\santh\.m2\repository\com\google\guava\failureaccess\1.0.2\failureaccess-1.0.2.jar;C:\Users\santh\.m2\repository\com\google\guava\listenablefuture\9999.0-empty-to-avoid-conflict-with-guava\listenablefuture-9999.0-empty-to-avoid-conflict-with-guava.jar;C:\Users\santh\.m2\repository\org\checkerframework\checker-qual\3.42.0\checker-qual-3.42.0.jar;C:\Users\santh\.m2\repository\com\google\errorprone\error_prone_annotations\2.26.1\error_prone_annotations-2.26.1.jar;C:\Users\santh\.m2\repository\com\google\j2objc\j2objc-annotations\3.0.0\j2objc-annotations-3.0.0.jar;C:\Users\santh\.m2\repository\com\aventstack\extentreports\5.0.9\extentreports-5.0.9.jar;C:\Users\santh\.m2\repository\io\reactivex\rxjava3\rxjava\3.0.4\rxjava-3.0.4.jar;C:\Users\santh\.m2\repository\org\reactivestreams\reactive-streams\1.0.3\reactive-streams-1.0.3.jar;C:\Users\santh\.m2\repository\org\freemarker\freemarker\2.3.30\freemarker-2.3.30.jar;C:\Users\santh\.m2\repository\com\google\code\gson\gson\2.8.6\gson-2.8.6.jar;C:\Users\santh\.m2\repository\tech\grasshopper\extentreports-cucumber7-adapter\1.13.0\extentreports-cucumber7-adapter-1.13.0.jar;C:\Users\santh\.m2\repository\tech\grasshopper\extent-pdf-report\2.11.0\extent-pdf-report-2.11.0.jar;C:\Users\santh\.m2\repository\tech\grasshopper\cucumber-pdf-report\2.13.0\cucumber-pdf-report-2.13.0.jar;C:\Users\santh\.m2\repository\org\apache\pdfbox\pdfbox\2.0.26\pdfbox-2.0.26.jar;C:\Users\santh\.m2\repository\org\apache\pdfbox\fontbox\2.0.26\fontbox-2.0.26.jar;C:\Users\santh\.m2\repository\org\knowm\xchart\xchart\3.8.0\xchart-3.8.0.jar;C:\Users\santh\.m2\repository\de\erichseifert\vectorgraphics2d\VectorGraphics2D\0.13\VectorGraphics2D-0.13.jar;C:\Users\santh\.m2\repository\de\rototor\pdfbox\graphics2d\0.30\graphics2d-0.30.jar;C:\Users\santh\.m2\repository\com\madgag\animated-gif-lib\1.4\animated-gif-lib-1.4.jar;C:\Users\santh\.m2\repository\org\yaml\snakeyaml\2.0\snakeyaml-2.0.jar;C:\Users\santh\.m2\repository\tech\grasshopper\table-layout\1.5.1\table-layout-1.5.1.jar;C:\Users\santh\.m2\repository\tech\grasshopper\rest-assured-cucumber-pdf-report\1.4.1\rest-assured-cucumber-pdf-report-1.4.1.jar;C:\Users\santh\.m2\repository\org\jsoup\jsoup\1.15.3\jsoup-1.15.3.jar;C:\Users\santh\.m2\repository\com\aventstack\klov-reporter\5.0.9\klov-reporter-5.0.9.jar;C:\Users\santh\.m2\repository\org\mongodb\mongodb-driver\3.6.4\mongodb-driver-3.6.4.jar;C:\Users\santh\.m2\repository\org\mongodb\mongodb-driver-core\3.6.4\mongodb-driver-core-3.6.4.jar;C:\Users\santh\.m2\repository\org\mongodb\bson\3.6.4\bson-3.6.4.jar;C:\Users\santh\.m2\repository\tech\grasshopper\htmlextentreporter\1.0.1\htmlextentreporter-1.0.1.jar;C:\Users\santh\.m2\repository\tech\grasshopper\extent-excel-report\1.3.0\extent-excel-report-1.3.0.jar;C:\Users\santh\.m2\repository\org\apache\poi\poi\5.2.3\poi-5.2.3.jar;C:\Users\santh\.m2\repository\org\apache\commons\commons-collections4\4.4\commons-collections4-4.4.jar;C:\Users\santh\.m2\repository\org\apache\commons\commons-math3\3.6.1\commons-math3-3.6.1.jar;C:\Users\santh\.m2\repository\com\zaxxer\SparseBitSet\1.2\SparseBitSet-1.2.jar;C:\Users\santh\.m2\repository\org\apache\logging\log4j\log4j-api\2.18.0\log4j-api-2.18.0.jar;C:\Users\santh\.m2\repository\org\apache\poi\poi-ooxml\5.2.3\poi-ooxml-5.2.3.jar;C:\Users\santh\.m2\repository\org\apache\poi\poi-ooxml-lite\5.2.3\poi-ooxml-lite-5.2.3.jar;C:\Users\santh\.m2\repository\org\apache\xmlbeans\xmlbeans\5.1.1\xmlbeans-5.1.1.jar;C:\Users\santh\.m2\repository\org\apache\commons\commons-compress\1.21\commons-compress-1.21.jar;C:\Users\santh\.m2\repository\com\github\virtuald\curvesapi\1.07\curvesapi-1.07.jar;C:\Users\santh\.m2\repository\org\projectlombok\lombok\1.18.30\lombok-1.18.30.jar;"/>
    <property name="java.vm.vendor" value="Oracle Corporation"/>
    <property name="sun.arch.data.model" value="64"/>
    <property name="user.variant" value=""/>
    <property name="java.vendor.url" value="https://java.oracle.com/"/>
    <property name="user.timezone" value="Asia/Calcutta"/>
    <property name="os.name" value="Windows 11"/>
    <property name="java.vm.specification.version" value="21"/>
    <property name="sun.java.launcher" value="SUN_STANDARD"/>
    <property name="user.country" value="US"/>
    <property name="sun.boot.library.path" value="C:\Program Files\Java\jdk-21\bin"/>
    <property name="sun.java.command" value="C:\Users\santh\AppData\Local\Temp\surefire3578212500652631007\surefirebooter-20250102122809668_3.jar C:\Users\santh\AppData\Local\Temp\surefire3578212500652631007 2025-01-02T12-28-09_498-jvmRun1 surefire-20250102122809668_1tmp surefire_0-20250102122809668_2tmp"/>
    <property name="jdk.debug" value="release"/>
    <property name="surefire.test.class.path" value="C:\Users\santh\Desktop\Ecommerce Automation\Selenium\EcommercePractise\target\test-classes;C:\Users\santh\Desktop\Ecommerce Automation\Selenium\EcommercePractise\target\classes;C:\Users\santh\.m2\repository\org\json\json\20230618\json-20230618.jar;C:\Users\santh\.m2\repository\org\seleniumhq\selenium\selenium-java\4.23.0\selenium-java-4.23.0.jar;C:\Users\santh\.m2\repository\org\seleniumhq\selenium\selenium-api\4.23.0\selenium-api-4.23.0.jar;C:\Users\santh\.m2\repository\org\seleniumhq\selenium\selenium-chrome-driver\4.23.0\selenium-chrome-driver-4.23.0.jar;C:\Users\santh\.m2\repository\com\google\auto\service\auto-service-annotations\1.1.1\auto-service-annotations-1.1.1.jar;C:\Users\santh\.m2\repository\org\seleniumhq\selenium\selenium-chromium-driver\4.23.0\selenium-chromium-driver-4.23.0.jar;C:\Users\santh\.m2\repository\org\seleniumhq\selenium\selenium-json\4.23.0\selenium-json-4.23.0.jar;C:\Users\santh\.m2\repository\org\seleniumhq\selenium\selenium-manager\4.23.0\selenium-manager-4.23.0.jar;C:\Users\santh\.m2\repository\org\seleniumhq\selenium\selenium-devtools-v125\4.23.0\selenium-devtools-v125-4.23.0.jar;C:\Users\santh\.m2\repository\org\seleniumhq\selenium\selenium-devtools-v126\4.23.0\selenium-devtools-v126-4.23.0.jar;C:\Users\santh\.m2\repository\org\seleniumhq\selenium\selenium-devtools-v127\4.23.0\selenium-devtools-v127-4.23.0.jar;C:\Users\santh\.m2\repository\org\seleniumhq\selenium\selenium-devtools-v85\4.23.0\selenium-devtools-v85-4.23.0.jar;C:\Users\santh\.m2\repository\org\seleniumhq\selenium\selenium-edge-driver\4.23.0\selenium-edge-driver-4.23.0.jar;C:\Users\santh\.m2\repository\org\seleniumhq\selenium\selenium-firefox-driver\4.23.0\selenium-firefox-driver-4.23.0.jar;C:\Users\santh\.m2\repository\org\seleniumhq\selenium\selenium-http\4.23.0\selenium-http-4.23.0.jar;C:\Users\santh\.m2\repository\dev\failsafe\failsafe\3.3.2\failsafe-3.3.2.jar;C:\Users\santh\.m2\repository\org\seleniumhq\selenium\selenium-ie-driver\4.23.0\selenium-ie-driver-4.23.0.jar;C:\Users\santh\.m2\repository\org\seleniumhq\selenium\selenium-remote-driver\4.23.0\selenium-remote-driver-4.23.0.jar;C:\Users\santh\.m2\repository\io\opentelemetry\semconv\opentelemetry-semconv\1.25.0-alpha\opentelemetry-semconv-1.25.0-alpha.jar;C:\Users\santh\.m2\repository\io\opentelemetry\opentelemetry-api\1.40.0\opentelemetry-api-1.40.0.jar;C:\Users\santh\.m2\repository\io\opentelemetry\opentelemetry-context\1.40.0\opentelemetry-context-1.40.0.jar;C:\Users\santh\.m2\repository\io\opentelemetry\opentelemetry-exporter-logging\1.40.0\opentelemetry-exporter-logging-1.40.0.jar;C:\Users\santh\.m2\repository\io\opentelemetry\opentelemetry-sdk-common\1.40.0\opentelemetry-sdk-common-1.40.0.jar;C:\Users\santh\.m2\repository\io\opentelemetry\opentelemetry-sdk-extension-autoconfigure-spi\1.40.0\opentelemetry-sdk-extension-autoconfigure-spi-1.40.0.jar;C:\Users\santh\.m2\repository\io\opentelemetry\opentelemetry-sdk-extension-autoconfigure\1.40.0\opentelemetry-sdk-extension-autoconfigure-1.40.0.jar;C:\Users\santh\.m2\repository\io\opentelemetry\opentelemetry-api-incubator\1.40.0-alpha\opentelemetry-api-incubator-1.40.0-alpha.jar;C:\Users\santh\.m2\repository\io\opentelemetry\opentelemetry-sdk-trace\1.40.0\opentelemetry-sdk-trace-1.40.0.jar;C:\Users\santh\.m2\repository\io\opentelemetry\opentelemetry-sdk\1.40.0\opentelemetry-sdk-1.40.0.jar;C:\Users\santh\.m2\repository\io\opentelemetry\opentelemetry-sdk-metrics\1.40.0\opentelemetry-sdk-metrics-1.40.0.jar;C:\Users\santh\.m2\repository\io\opentelemetry\opentelemetry-sdk-logs\1.40.0\opentelemetry-sdk-logs-1.40.0.jar;C:\Users\santh\.m2\repository\net\bytebuddy\byte-buddy\1.14.18\byte-buddy-1.14.18.jar;C:\Users\santh\.m2\repository\org\seleniumhq\selenium\selenium-os\4.23.0\selenium-os-4.23.0.jar;C:\Users\santh\.m2\repository\org\apache\commons\commons-exec\1.4.0\commons-exec-1.4.0.jar;C:\Users\santh\.m2\repository\org\seleniumhq\selenium\selenium-safari-driver\4.23.0\selenium-safari-driver-4.23.0.jar;C:\Users\santh\.m2\repository\org\seleniumhq\selenium\selenium-support\4.23.0\selenium-support-4.23.0.jar;C:\Users\santh\.m2\repository\commons-io\commons-io\2.16.1\commons-io-2.16.1.jar;C:\Users\santh\.m2\repository\io\cucumber\cucumber-java\7.18.1\cucumber-java-7.18.1.jar;C:\Users\santh\.m2\repository\io\cucumber\cucumber-core\7.18.1\cucumber-core-7.18.1.jar;C:\Users\santh\.m2\repository\io\cucumber\cucumber-gherkin\7.18.1\cucumber-gherkin-7.18.1.jar;C:\Users\santh\.m2\repository\io\cucumber\cucumber-gherkin-messages\7.18.1\cucumber-gherkin-messages-7.18.1.jar;C:\Users\santh\.m2\repository\io\cucumber\gherkin\28.0.0\gherkin-28.0.0.jar;C:\Users\santh\.m2\repository\io\cucumber\messages\24.1.0\messages-24.1.0.jar;C:\Users\santh\.m2\repository\io\cucumber\testng-xml-formatter\0.2.0\testng-xml-formatter-0.2.0.jar;C:\Users\santh\.m2\repository\io\cucumber\query\12.2.0\query-12.2.0.jar;C:\Users\santh\.m2\repository\io\cucumber\tag-expressions\6.1.0\tag-expressions-6.1.0.jar;C:\Users\santh\.m2\repository\io\cucumber\cucumber-expressions\17.1.0\cucumber-expressions-17.1.0.jar;C:\Users\santh\.m2\repository\io\cucumber\datatable\7.18.1\datatable-7.18.1.jar;C:\Users\santh\.m2\repository\io\cucumber\cucumber-plugin\7.18.1\cucumber-plugin-7.18.1.jar;C:\Users\santh\.m2\repository\io\cucumber\docstring\7.18.1\docstring-7.18.1.jar;C:\Users\santh\.m2\repository\io\cucumber\html-formatter\21.4.1\html-formatter-21.4.1.jar;C:\Users\santh\.m2\repository\io\cucumber\junit-xml-formatter\0.5.0\junit-xml-formatter-0.5.0.jar;C:\Users\santh\.m2\repository\io\cucumber\ci-environment\10.0.1\ci-environment-10.0.1.jar;C:\Users\santh\.m2\repository\org\apiguardian\apiguardian-api\1.1.2\apiguardian-api-1.1.2.jar;C:\Users\santh\.m2\repository\io\cucumber\cucumber-testng\7.18.1\cucumber-testng-7.18.1.jar;C:\Users\santh\.m2\repository\org\testng\testng\7.10.2\testng-7.10.2.jar;C:\Users\santh\.m2\repository\org\slf4j\slf4j-api\1.7.36\slf4j-api-1.7.36.jar;C:\Users\santh\.m2\repository\com\beust\jcommander\1.82\jcommander-1.82.jar;C:\Users\santh\.m2\repository\org\webjars\jquery\3.7.1\jquery-3.7.1.jar;C:\Users\santh\.m2\repository\io\rest-assured\rest-assured\5.5.0\rest-assured-5.5.0.jar;C:\Users\santh\.m2\repository\org\apache\groovy\groovy\4.0.22\groovy-4.0.22.jar;C:\Users\santh\.m2\repository\org\apache\groovy\groovy-xml\4.0.22\groovy-xml-4.0.22.jar;C:\Users\santh\.m2\repository\org\apache\httpcomponents\httpclient\4.5.13\httpclient-4.5.13.jar;C:\Users\santh\.m2\repository\org\apache\httpcomponents\httpcore\4.4.13\httpcore-4.4.13.jar;C:\Users\santh\.m2\repository\commons-logging\commons-logging\1.2\commons-logging-1.2.jar;C:\Users\santh\.m2\repository\commons-codec\commons-codec\1.11\commons-codec-1.11.jar;C:\Users\santh\.m2\repository\org\apache\httpcomponents\httpmime\4.5.13\httpmime-4.5.13.jar;C:\Users\santh\.m2\repository\org\ccil\cowan\tagsoup\tagsoup\1.2.1\tagsoup-1.2.1.jar;C:\Users\santh\.m2\repository\io\rest-assured\json-path\5.5.0\json-path-5.5.0.jar;C:\Users\santh\.m2\repository\org\apache\groovy\groovy-json\4.0.22\groovy-json-4.0.22.jar;C:\Users\santh\.m2\repository\io\rest-assured\rest-assured-common\5.5.0\rest-assured-common-5.5.0.jar;C:\Users\santh\.m2\repository\io\rest-assured\xml-path\5.5.0\xml-path-5.5.0.jar;C:\Users\santh\.m2\repository\org\apache\commons\commons-lang3\3.11\commons-lang3-3.11.jar;C:\Users\santh\.m2\repository\org\hamcrest\hamcrest\3.0\hamcrest-3.0.jar;C:\Users\santh\.m2\repository\com\fasterxml\jackson\core\jackson-databind\2.17.2\jackson-databind-2.17.2.jar;C:\Users\santh\.m2\repository\com\fasterxml\jackson\core\jackson-annotations\2.17.2\jackson-annotations-2.17.2.jar;C:\Users\santh\.m2\repository\com\fasterxml\jackson\core\jackson-core\2.17.2\jackson-core-2.17.2.jar;C:\Users\santh\.m2\repository\io\rest-assured\json-schema-validator\5.5.0\json-schema-validator-5.5.0.jar;C:\Users\santh\.m2\repository\com\github\java-json-tools\json-schema-validator\2.2.14\json-schema-validator-2.2.14.jar;C:\Users\santh\.m2\repository\com\github\java-json-tools\jackson-coreutils-equivalence\1.0\jackson-coreutils-equivalence-1.0.jar;C:\Users\santh\.m2\repository\com\github\java-json-tools\jackson-coreutils\2.0\jackson-coreutils-2.0.jar;C:\Users\santh\.m2\repository\com\github\java-json-tools\msg-simple\1.2\msg-simple-1.2.jar;C:\Users\santh\.m2\repository\com\github\java-json-tools\btf\1.3\btf-1.3.jar;C:\Users\santh\.m2\repository\com\github\java-json-tools\json-schema-core\1.2.14\json-schema-core-1.2.14.jar;C:\Users\santh\.m2\repository\com\github\java-json-tools\uri-template\0.10\uri-template-0.10.jar;C:\Users\santh\.m2\repository\org\mozilla\rhino\1.7.7.2\rhino-1.7.7.2.jar;C:\Users\santh\.m2\repository\com\sun\mail\mailapi\1.6.2\mailapi-1.6.2.jar;C:\Users\santh\.m2\repository\joda-time\joda-time\2.10.5\joda-time-2.10.5.jar;C:\Users\santh\.m2\repository\com\googlecode\libphonenumber\libphonenumber\8.11.1\libphonenumber-8.11.1.jar;C:\Users\santh\.m2\repository\com\google\code\findbugs\jsr305\3.0.2\jsr305-3.0.2.jar;C:\Users\santh\.m2\repository\net\sf\jopt-simple\jopt-simple\5.0.4\jopt-simple-5.0.4.jar;C:\Users\santh\.m2\repository\com\google\guava\guava\33.2.1-jre\guava-33.2.1-jre.jar;C:\Users\santh\.m2\repository\com\google\guava\failureaccess\1.0.2\failureaccess-1.0.2.jar;C:\Users\santh\.m2\repository\com\google\guava\listenablefuture\9999.0-empty-to-avoid-conflict-with-guava\listenablefuture-9999.0-empty-to-avoid-conflict-with-guava.jar;C:\Users\santh\.m2\repository\org\checkerframework\checker-qual\3.42.0\checker-qual-3.42.0.jar;C:\Users\santh\.m2\repository\com\google\errorprone\error_prone_annotations\2.26.1\error_prone_annotations-2.26.1.jar;C:\Users\santh\.m2\repository\com\google\j2objc\j2objc-annotations\3.0.0\j2objc-annotations-3.0.0.jar;C:\Users\santh\.m2\repository\com\aventstack\extentreports\5.0.9\extentreports-5.0.9.jar;C:\Users\santh\.m2\repository\io\reactivex\rxjava3\rxjava\3.0.4\rxjava-3.0.4.jar;C:\Users\santh\.m2\repository\org\reactivestreams\reactive-streams\1.0.3\reactive-streams-1.0.3.jar;C:\Users\santh\.m2\repository\org\freemarker\freemarker\2.3.30\freemarker-2.3.30.jar;C:\Users\santh\.m2\repository\com\google\code\gson\gson\2.8.6\gson-2.8.6.jar;C:\Users\santh\.m2\repository\tech\grasshopper\extentreports-cucumber7-adapter\1.13.0\extentreports-cucumber7-adapter-1.13.0.jar;C:\Users\santh\.m2\repository\tech\grasshopper\extent-pdf-report\2.11.0\extent-pdf-report-2.11.0.jar;C:\Users\santh\.m2\repository\tech\grasshopper\cucumber-pdf-report\2.13.0\cucumber-pdf-report-2.13.0.jar;C:\Users\santh\.m2\repository\org\apache\pdfbox\pdfbox\2.0.26\pdfbox-2.0.26.jar;C:\Users\santh\.m2\repository\org\apache\pdfbox\fontbox\2.0.26\fontbox-2.0.26.jar;C:\Users\santh\.m2\repository\org\knowm\xchart\xchart\3.8.0\xchart-3.8.0.jar;C:\Users\santh\.m2\repository\de\erichseifert\vectorgraphics2d\VectorGraphics2D\0.13\VectorGraphics2D-0.13.jar;C:\Users\santh\.m2\repository\de\rototor\pdfbox\graphics2d\0.30\graphics2d-0.30.jar;C:\Users\santh\.m2\repository\com\madgag\animated-gif-lib\1.4\animated-gif-lib-1.4.jar;C:\Users\santh\.m2\repository\org\yaml\snakeyaml\2.0\snakeyaml-2.0.jar;C:\Users\santh\.m2\repository\tech\grasshopper\table-layout\1.5.1\table-layout-1.5.1.jar;C:\Users\santh\.m2\repository\tech\grasshopper\rest-assured-cucumber-pdf-report\1.4.1\rest-assured-cucumber-pdf-report-1.4.1.jar;C:\Users\santh\.m2\repository\org\jsoup\jsoup\1.15.3\jsoup-1.15.3.jar;C:\Users\santh\.m2\repository\com\aventstack\klov-reporter\5.0.9\klov-reporter-5.0.9.jar;C:\Users\santh\.m2\repository\org\mongodb\mongodb-driver\3.6.4\mongodb-driver-3.6.4.jar;C:\Users\santh\.m2\repository\org\mongodb\mongodb-driver-core\3.6.4\mongodb-driver-core-3.6.4.jar;C:\Users\santh\.m2\repository\org\mongodb\bson\3.6.4\bson-3.6.4.jar;C:\Users\santh\.m2\repository\tech\grasshopper\htmlextentreporter\1.0.1\htmlextentreporter-1.0.1.jar;C:\Users\santh\.m2\repository\tech\grasshopper\extent-excel-report\1.3.0\extent-excel-report-1.3.0.jar;C:\Users\santh\.m2\repository\org\apache\poi\poi\5.2.3\poi-5.2.3.jar;C:\Users\santh\.m2\repository\org\apache\commons\commons-collections4\4.4\commons-collections4-4.4.jar;C:\Users\santh\.m2\repository\org\apache\commons\commons-math3\3.6.1\commons-math3-3.6.1.jar;C:\Users\santh\.m2\repository\com\zaxxer\SparseBitSet\1.2\SparseBitSet-1.2.jar;C:\Users\santh\.m2\repository\org\apache\logging\log4j\log4j-api\2.18.0\log4j-api-2.18.0.jar;C:\Users\santh\.m2\repository\org\apache\poi\poi-ooxml\5.2.3\poi-ooxml-5.2.3.jar;C:\Users\santh\.m2\repository\org\apache\poi\poi-ooxml-lite\5.2.3\poi-ooxml-lite-5.2.3.jar;C:\Users\santh\.m2\repository\org\apache\xmlbeans\xmlbeans\5.1.1\xmlbeans-5.1.1.jar;C:\Users\santh\.m2\repository\org\apache\commons\commons-compress\1.21\commons-compress-1.21.jar;C:\Users\santh\.m2\repository\com\github\virtuald\curvesapi\1.07\curvesapi-1.07.jar;C:\Users\santh\.m2\repository\org\projectlombok\lombok\1.18.30\lombok-1.18.30.jar;"/>
    <property name="sun.cpu.endian" value="little"/>
    <property name="user.home" value="C:\Users\santh"/>
    <property name="user.language" value="en"/>
    <property name="java.specification.vendor" value="Oracle Corporation"/>
    <property name="java.version.date" value="2024-10-15"/>
    <property name="java.home" value="C:\Program Files\Java\jdk-21"/>
    <property name="file.separator" value="\"/>
    <property name="basedir" value="C:\Users\santh\Desktop\Ecommerce Automation\Selenium\EcommercePractise"/>
    <property name="java.vm.compressedOopsMode" value="Zero based"/>
    <property name="line.separator" value="&#10;"/>
    <property name="java.vm.specification.vendor" value="Oracle Corporation"/>
    <property name="java.specification.name" value="Java Platform API Specification"/>
    <property name="surefire.real.class.path" value="C:\Users\santh\AppData\Local\Temp\surefire3578212500652631007\surefirebooter-20250102122809668_3.jar"/>
    <property name="user.script" value=""/>
    <property name="sun.management.compiler" value="HotSpot 64-Bit Tiered Compilers"/>
    <property name="java.runtime.version" value="21.0.5+9-LTS-239"/>
    <property name="user.name" value="santh"/>
    <property name="stdout.encoding" value="Cp1252"/>
    <property name="path.separator" value=";"/>
    <property name="os.version" value="10.0"/>
    <property name="java.runtime.name" value="Java(TM) SE Runtime Environment"/>
    <property name="file.encoding" value="UTF-8"/>
    <property name="java.vm.name" value="Java HotSpot(TM) 64-Bit Server VM"/>
    <property name="localRepository" value="C:\Users\santh\.m2\repository"/>
    <property name="java.vendor.url.bug" value="https://bugreport.java.com/bugreport/"/>
    <property name="java.io.tmpdir" value="C:\Users\santh\AppData\Local\Temp\"/>
    <property name="java.version" value="21.0.5"/>
    <property name="user.dir" value="C:\Users\santh\Desktop\Ecommerce Automation\Selenium\EcommercePractise"/>
    <property name="os.arch" value="amd64"/>
    <property name="java.vm.specification.name" value="Java Virtual Machine Specification"/>
    <property name="sun.os.patch.level" value=""/>
    <property name="headless" value="true"/>
    <property name="native.encoding" value="Cp1252"/>
    <property name="java.library.path" value="C:\Program Files\Java\jdk-21\bin;C:\WINDOWS\Sun\Java\bin;C:\WINDOWS\system32;C:\WINDOWS;C:\Program Files\Common Files\Oracle\Java\javapath;C:\WINDOWS\system32;C:\WINDOWS;C:\WINDOWS\System32\Wbem;C:\WINDOWS\System32\WindowsPowerShell\v1.0\;C:\WINDOWS\System32\OpenSSH\;C:\Program Files\dotnet\;C:\Program Files\NVIDIA Corporation\NVIDIA NvDLISR;C:\Program Files (x86)\NVIDIA Corporation\PhysX\Common;C:\Program Files (x86)\Windows Kits\10\Windows Performance Toolkit\;C:\apache-maven-3.9.8\bin;C:\Program Files\Git\cmd;C:\Program Files\nodejs\;C:\Program Files\Amazon\AWSCLIV2\;C:\Users\santh\AppData\Local\Microsoft\WindowsApps;C:\Users\santh\AppData\Local\Programs\Microsoft VS Code\bin;C:\Program Files\MongoDB\Server\7.0\bin;C:\Users\santh\Downloads\Compressed\mongosh-2.0.2-win32-x64\mongosh-2.0.2-win32-x64\bin;C:\src\flutter\bin;C:\apache-maven-3.9.8;C:\Program Files\JetBrains\IntelliJ IDEA 2024.2.4\bin;;C:\Program Files\JetBrains\IntelliJ IDEA Community Edition 2024.2.4\bin;;C:\Users\santh\AppData\Roaming\npm;;."/>
    <property name="java.vm.info" value="mixed mode, sharing"/>
    <property name="stderr.encoding" value="Cp1252"/>
    <property name="java.vendor" value="Oracle Corporation"/>
    <property name="java.vm.version" value="21.0.5+9-LTS-239"/>
    <property name="sun.io.unicode.encoding" value="UnicodeLittle"/>
    <property name="java.class.version" value="65.0"/>
  </properties>
  <testcase name="runScenario[&quot;Forgot Password API with incorrect details&quot;, &quot;Forgot Password API error handling&quot;](1)" classname="TestNGTestRunner" time="4.955">
    <system-out><![CDATA[Request method:	POST
Request URI:	https://rahulshettyacademy.com/api/ecom/auth/new-password
Proxy:			<none>
Request params:	<none>
Query params:	<none>
Form params:	<none>
Path params:	<none>
Headers:		Accept=*/*
				Content-Type=application/json
Cookies:		<none>
Multiparts:		<none>
Body:
{
    "userEmail": "sfoi4hg9ufiorhgmail.com",
    "userPassword": "123",
    "confirmPassword": "123"
}
HTTP/1.1 404 Not Found
Date: Thu, 02 Jan 2025 06:58:17 GMT
Server: Apache/2.4.52 (Ubuntu)
Content-Security-Policy: default-src 'self';base-uri 'self';block-all-mixed-content;font-src 'self' https: data:;frame-ancestors 'self';img-src 'self' data:;object-src 'none';script-src 'self';script-src-attr 'none';style-src 'self' https: 'unsafe-inline';upgrade-insecure-requests
X-DNS-Prefetch-Control: off
Expect-CT: max-age=0
X-Frame-Options: SAMEORIGIN
Strict-Transport-Security: max-age=15552000; includeSubDomains
X-Download-Options: noopen
X-Content-Type-Options: nosniff
X-Permitted-Cross-Domain-Policies: none
Referrer-Policy: no-referrer
X-XSS-Protection: 0
Access-Control-Allow-Origin: *
Content-Type: application/json; charset=utf-8
Content-Length: 29
ETag: W/"1d-PuFZGbFdVksd6DA+Q6gxJfihjNc"
Vary: Accept-Encoding
Keep-Alive: timeout=5, max=100
Connection: Keep-Alive

{
    "message": "User Not found."
}
]]></system-out>
    <system-err><![CDATA[SLF4J: Failed to load class "org.slf4j.impl.StaticLoggerBinder".
SLF4J: Defaulting to no-operation (NOP) logger implementation
SLF4J: See http://www.slf4j.org/codes.html#StaticLoggerBinder for further details.
]]></system-err>
  </testcase>
  <testcase name="runScenario[&quot;Forgot Password API with incorrect details&quot;, &quot;Forgot Password API error handling&quot;](2)" classname="TestNGTestRunner" time="2.18">
    <system-out><![CDATA[Request method:	POST
Request URI:	https://rahulshettyacademy.com/api/ecom/auth/new-password
Proxy:			<none>
Request params:	<none>
Query params:	<none>
Form params:	<none>
Path params:	<none>
Headers:		Accept=*/*
				Content-Type=application/json
Cookies:		<none>
Multiparts:		<none>
Body:
{
    "userEmail": "santhoshsai4517@gmail.com",
    "userPassword": "",
    "confirmPassword": ""
}
HTTP/1.1 400 Bad Request
Date: Thu, 02 Jan 2025 06:58:19 GMT
Server: Apache/2.4.52 (Ubuntu)
Content-Security-Policy: default-src 'self';base-uri 'self';block-all-mixed-content;font-src 'self' https: data:;frame-ancestors 'self';img-src 'self' data:;object-src 'none';script-src 'self';script-src-attr 'none';style-src 'self' https: 'unsafe-inline';upgrade-insecure-requests
X-DNS-Prefetch-Control: off
Expect-CT: max-age=0
X-Frame-Options: SAMEORIGIN
Strict-Transport-Security: max-age=15552000; includeSubDomains
X-Download-Options: noopen
X-Content-Type-Options: nosniff
X-Permitted-Cross-Domain-Policies: none
Referrer-Policy: no-referrer
X-XSS-Protection: 0
Access-Control-Allow-Origin: *
Content-Type: application/json; charset=utf-8
Content-Length: 34
ETag: W/"22-XtEzHX9GQLzZL4rDhtcgubmhX1I"
Vary: Accept-Encoding
Connection: close

{
    "message": "Password is required"
}
]]></system-out>
  </testcase>
  <testcase name="runScenario[&quot;Forgot Password API with wrong end point&quot;, &quot;Forgot Password API error handling&quot;](3)" classname="TestNGTestRunner" time="3.201">
    <system-out><![CDATA[Request method:	POST
Request URI:	https://rahulshettyacademy.com/api/ecom/auth/new-passwordcer
Proxy:			<none>
Request params:	<none>
Query params:	<none>
Form params:	<none>
Path params:	<none>
Headers:		Accept=*/*
				Content-Type=application/json
Cookies:		<none>
Multiparts:		<none>
Body:
{
    "userEmail": "sfoi4hg9ufiorhgmail.com",
    "userPassword": "123",
    "confirmPassword": "123"
}
HTTP/1.1 404 Not Found
Date: Thu, 02 Jan 2025 06:58:21 GMT
Server: Apache/2.4.52 (Ubuntu)
Content-Security-Policy: default-src 'none'
X-DNS-Prefetch-Control: off
Expect-CT: max-age=0
X-Frame-Options: SAMEORIGIN
Strict-Transport-Security: max-age=15552000; includeSubDomains
X-Download-Options: noopen
X-Content-Type-Options: nosniff
X-Permitted-Cross-Domain-Policies: none
Referrer-Policy: no-referrer
X-XSS-Protection: 0
Access-Control-Allow-Origin: *
Content-Type: text/html; charset=utf-8
Content-Length: 160
Vary: Accept-Encoding
Keep-Alive: timeout=5, max=100
Connection: Keep-Alive

<html lang="en">
  <head>
    <meta charset="utf-8"/>
    <title>Error</title>
  </head>
  <body>
    <pre>Cannot POST /auth/new-passwordcer</pre>
  </body>
</html>
]]></system-out>
  </testcase>
  <testcase name="runScenario[&quot;Forgot Password API with correct details&quot;, &quot;Forgot Password API functionality&quot;](4)" classname="TestNGTestRunner" time="2.316">
    <system-out><![CDATA[Request method:	POST
Request URI:	https://rahulshettyacademy.com/api/ecom/auth/new-password
Proxy:			<none>
Request params:	<none>
Query params:	<none>
Form params:	<none>
Path params:	<none>
Headers:		Accept=*/*
				Content-Type=application/json
Cookies:		<none>
Multiparts:		<none>
Body:
{
    "userEmail": "s1234@gmail.com",
    "userPassword": "151Fa04124@4517",
    "confirmPassword": "151Fa04124@4517"
}
HTTP/1.1 200 OK
Date: Thu, 02 Jan 2025 06:58:25 GMT
Server: Apache/2.4.52 (Ubuntu)
Content-Security-Policy: default-src 'self';base-uri 'self';block-all-mixed-content;font-src 'self' https: data:;frame-ancestors 'self';img-src 'self' data:;object-src 'none';script-src 'self';script-src-attr 'none';style-src 'self' https: 'unsafe-inline';upgrade-insecure-requests
X-DNS-Prefetch-Control: off
Expect-CT: max-age=0
X-Frame-Options: SAMEORIGIN
Strict-Transport-Security: max-age=15552000; includeSubDomains
X-Download-Options: noopen
X-Content-Type-Options: nosniff
X-Permitted-Cross-Domain-Policies: none
Referrer-Policy: no-referrer
X-XSS-Protection: 0
Access-Control-Allow-Origin: *
Content-Type: application/json; charset=utf-8
Content-Length: 43
ETag: W/"2b-c+dkPjZvd3jXVfEUWGsRh6IMP3s"
Vary: Accept-Encoding
Keep-Alive: timeout=5, max=100
Connection: Keep-Alive

{
    "message": "Password Changed Successfully"
}
]]></system-out>
  </testcase>
  <testcase name="runScenario[&quot;Login API with incorrect login credentials&quot;, &quot;Login API error handling&quot;](5)" classname="TestNGTestRunner" time="2.297">
    <system-out><![CDATA[Request method:	POST
Request URI:	https://rahulshettyacademy.com/api/ecom/auth/login
Proxy:			<none>
Request params:	<none>
Query params:	<none>
Form params:	<none>
Path params:	<none>
Headers:		Accept=*/*
				Content-Type=application/json
Cookies:		<none>
Multiparts:		<none>
Body:
{
    "userEmail": "santhoshsai4517@gmail.com",
    "userPassword": "151Fa04124@457"
}
HTTP/1.1 400 Bad Request
Date: Thu, 02 Jan 2025 06:58:27 GMT
Server: Apache/2.4.52 (Ubuntu)
Content-Security-Policy: default-src 'self';base-uri 'self';block-all-mixed-content;font-src 'self' https: data:;frame-ancestors 'self';img-src 'self' data:;object-src 'none';script-src 'self';script-src-attr 'none';style-src 'self' https: 'unsafe-inline';upgrade-insecure-requests
X-DNS-Prefetch-Control: off
Expect-CT: max-age=0
X-Frame-Options: SAMEORIGIN
Strict-Transport-Security: max-age=15552000; includeSubDomains
X-Download-Options: noopen
X-Content-Type-Options: nosniff
X-Permitted-Cross-Domain-Policies: none
Referrer-Policy: no-referrer
X-XSS-Protection: 0
Access-Control-Allow-Origin: *
Content-Type: application/json; charset=utf-8
Content-Length: 42
ETag: W/"2a-7xhDPE7DjWc9gYJSg5IVjDI49pc"
Vary: Accept-Encoding
Connection: close

{
    "message": "Incorrect email or password."
}
]]></system-out>
  </testcase>
  <testcase name="runScenario[&quot;Login API with incorrect end point&quot;, &quot;Login API error handling&quot;](6)" classname="TestNGTestRunner" time="2.189">
    <system-out><![CDATA[Request method:	POST
Request URI:	https://rahulshettyacademy.com/api/ecom/auth/l
Proxy:			<none>
Request params:	<none>
Query params:	<none>
Form params:	<none>
Path params:	<none>
Headers:		Accept=*/*
				Content-Type=application/json
Cookies:		<none>
Multiparts:		<none>
Body:
{
    "userEmail": "santhoshsai4517@gmail.com",
    "userPassword": "151Fa04124@457"
}
HTTP/1.1 404 Not Found
Date: Thu, 02 Jan 2025 06:58:29 GMT
Server: Apache/2.4.52 (Ubuntu)
Content-Security-Policy: default-src 'none'
X-DNS-Prefetch-Control: off
Expect-CT: max-age=0
X-Frame-Options: SAMEORIGIN
Strict-Transport-Security: max-age=15552000; includeSubDomains
X-Download-Options: noopen
X-Content-Type-Options: nosniff
X-Permitted-Cross-Domain-Policies: none
Referrer-Policy: no-referrer
X-XSS-Protection: 0
Access-Control-Allow-Origin: *
Content-Type: text/html; charset=utf-8
Content-Length: 146
Vary: Accept-Encoding
Keep-Alive: timeout=5, max=100
Connection: Keep-Alive

<html lang="en">
  <head>
    <meta charset="utf-8"/>
    <title>Error</title>
  </head>
  <body>
    <pre>Cannot POST /auth/l</pre>
  </body>
</html>
]]></system-out>
  </testcase>
  <testcase name="runScenario[&quot;Login API with no email&quot;, &quot;Login API error handling&quot;](7)" classname="TestNGTestRunner" time="2.187">
    <system-out><![CDATA[Request method:	POST
Request URI:	https://rahulshettyacademy.com/api/ecom/auth/login
Proxy:			<none>
Request params:	<none>
Query params:	<none>
Form params:	<none>
Path params:	<none>
Headers:		Accept=*/*
				Content-Type=application/json
Cookies:		<none>
Multiparts:		<none>
Body:
{
    "userEmail": "",
    "userPassword": "151Fa04124@457"
}
HTTP/1.1 400 Bad Request
Date: Thu, 02 Jan 2025 06:58:31 GMT
Server: Apache/2.4.52 (Ubuntu)
Content-Security-Policy: default-src 'self';base-uri 'self';block-all-mixed-content;font-src 'self' https: data:;frame-ancestors 'self';img-src 'self' data:;object-src 'none';script-src 'self';script-src-attr 'none';style-src 'self' https: 'unsafe-inline';upgrade-insecure-requests
X-DNS-Prefetch-Control: off
Expect-CT: max-age=0
X-Frame-Options: SAMEORIGIN
Strict-Transport-Security: max-age=15552000; includeSubDomains
X-Download-Options: noopen
X-Content-Type-Options: nosniff
X-Permitted-Cross-Domain-Policies: none
Referrer-Policy: no-referrer
X-XSS-Protection: 0
Access-Control-Allow-Origin: *
Content-Type: application/json; charset=utf-8
Content-Length: 31
ETag: W/"1f-Y5TAqROqjsvPbDYsCc/9QEESk7g"
Vary: Accept-Encoding
Connection: close

{
    "message": "Email is required"
}
]]></system-out>
  </testcase>
  <testcase name="runScenario[&quot;Login API with no password&quot;, &quot;Login API error handling&quot;](8)" classname="TestNGTestRunner" time="2.186">
    <system-out><![CDATA[Request method:	POST
Request URI:	https://rahulshettyacademy.com/api/ecom/auth/login
Proxy:			<none>
Request params:	<none>
Query params:	<none>
Form params:	<none>
Path params:	<none>
Headers:		Accept=*/*
				Content-Type=application/json
Cookies:		<none>
Multiparts:		<none>
Body:
{
    "userEmail": "santhoshsai4517@gmail.com",
    "userPassword": ""
}
HTTP/1.1 400 Bad Request
Date: Thu, 02 Jan 2025 06:58:34 GMT
Server: Apache/2.4.52 (Ubuntu)
Content-Security-Policy: default-src 'self';base-uri 'self';block-all-mixed-content;font-src 'self' https: data:;frame-ancestors 'self';img-src 'self' data:;object-src 'none';script-src 'self';script-src-attr 'none';style-src 'self' https: 'unsafe-inline';upgrade-insecure-requests
X-DNS-Prefetch-Control: off
Expect-CT: max-age=0
X-Frame-Options: SAMEORIGIN
Strict-Transport-Security: max-age=15552000; includeSubDomains
X-Download-Options: noopen
X-Content-Type-Options: nosniff
X-Permitted-Cross-Domain-Policies: none
Referrer-Policy: no-referrer
X-XSS-Protection: 0
Access-Control-Allow-Origin: *
Content-Type: application/json; charset=utf-8
Content-Length: 34
ETag: W/"22-XtEzHX9GQLzZL4rDhtcgubmhX1I"
Vary: Accept-Encoding
Connection: close

{
    "message": "Password is required"
}
]]></system-out>
  </testcase>
  <testcase name="runScenario[&quot;Login API with correct login credentials&quot;, &quot;Login API functionality&quot;](9)" classname="TestNGTestRunner" time="2.247">
    <system-out><![CDATA[Request method:	POST
Request URI:	https://rahulshettyacademy.com/api/ecom/auth/login
Proxy:			<none>
Request params:	<none>
Query params:	<none>
Form params:	<none>
Path params:	<none>
Headers:		Accept=*/*
				Content-Type=application/json
Cookies:		<none>
Multiparts:		<none>
Body:
{
    "userEmail": "santhoshsai4517@gmail.com",
    "userPassword": "151Fa04124@4517"
}
HTTP/1.1 200 OK
Date: Thu, 02 Jan 2025 06:58:36 GMT
Server: Apache/2.4.52 (Ubuntu)
Content-Security-Policy: default-src 'self';base-uri 'self';block-all-mixed-content;font-src 'self' https: data:;frame-ancestors 'self';img-src 'self' data:;object-src 'none';script-src 'self';script-src-attr 'none';style-src 'self' https: 'unsafe-inline';upgrade-insecure-requests
X-DNS-Prefetch-Control: off
Expect-CT: max-age=0
X-Frame-Options: SAMEORIGIN
Strict-Transport-Security: max-age=15552000; includeSubDomains
X-Download-Options: noopen
X-Content-Type-Options: nosniff
X-Permitted-Cross-Domain-Policies: none
Referrer-Policy: no-referrer
X-XSS-Protection: 0
Access-Control-Allow-Origin: *
Content-Type: application/json; charset=utf-8
Content-Length: 366
ETag: W/"16e-CT0cs1m8X/LL4bpGO95Vs1ygLB4"
Vary: Accept-Encoding
Keep-Alive: timeout=5, max=100
Connection: Keep-Alive

{
    "token": "eyJhbGciOiJIUzI1NiIsInR5cCI6IkpXVCJ9.eyJfaWQiOiI2NmI0NGIwYWFlMmFmZDRjMGI0NDFmMzciLCJ1c2VyRW1haWwiOiJzYW50aG9zaHNhaTQ1MTdAZ21haWwuY29tIiwidXNlck1vYmlsZSI6OTA2MzUxNzYxNywidXNlclJvbGUiOiJjdXN0b21lciIsImlhdCI6MTczNTgwMTExNiwiZXhwIjoxNzY3MzU4NzE2fQ.55iskBKHj9huTZeeiCa6DfgAv5mMi3HtaW9WrzHmU7o",
    "userId": "66b44b0aae2afd4c0b441f37",
    "message": "Login Successfully"
}
]]></system-out>
  </testcase>
  <testcase name="runScenario[&quot;Home button&quot;, &quot;Cart Page functionality&quot;](10)" classname="TestNGTestRunner" time="10.609">
    <system-err><![CDATA[Jan 02, 2025 12:28:37 PM org.openqa.selenium.devtools.CdpVersionFinder findNearestMatch
WARNING: Unable to find an exact match for CDP version 130, returning the closest version; found: 127; Please update to a Selenium version that supports CDP version 130
Jan 02, 2025 12:28:46 PM org.openqa.selenium.remote.http.WebSocket$Listener onError
WARNING: Connection reset
java.net.SocketException: Connection reset
	at java.base/sun.nio.ch.SocketChannelImpl.throwConnectionReset(SocketChannelImpl.java:401)
	at java.base/sun.nio.ch.SocketChannelImpl.read(SocketChannelImpl.java:434)
	at java.net.http/jdk.internal.net.http.SocketTube.readAvailable(SocketTube.java:1178)
	at java.net.http/jdk.internal.net.http.SocketTube$InternalReadPublisher$InternalReadSubscription.read(SocketTube.java:841)
	at java.net.http/jdk.internal.net.http.SocketTube$SocketFlowTask.run(SocketTube.java:181)
	at java.net.http/jdk.internal.net.http.common.SequentialScheduler$SchedulableTask.run(SequentialScheduler.java:207)
	at java.net.http/jdk.internal.net.http.common.SequentialScheduler.runOrSchedule(SequentialScheduler.java:280)
	at java.net.http/jdk.internal.net.http.common.SequentialScheduler.runOrSchedule(SequentialScheduler.java:233)
	at java.net.http/jdk.internal.net.http.SocketTube$InternalReadPublisher$InternalReadSubscription.signalReadable(SocketTube.java:782)
	at java.net.http/jdk.internal.net.http.SocketTube$InternalReadPublisher$ReadEvent.signalEvent(SocketTube.java:965)
	at java.net.http/jdk.internal.net.http.SocketTube$SocketFlowEvent.handle(SocketTube.java:253)
	at java.net.http/jdk.internal.net.http.HttpClientImpl$SelectorManager.handleEvent(HttpClientImpl.java:1469)
	at java.net.http/jdk.internal.net.http.HttpClientImpl$SelectorManager.lambda$run$3(HttpClientImpl.java:1414)
	at java.base/java.util.ArrayList.forEach(ArrayList.java:1596)
	at java.net.http/jdk.internal.net.http.HttpClientImpl$SelectorManager.run(HttpClientImpl.java:1414)

]]></system-err>
  </testcase>
  <testcase name="runScenario[&quot;Orders button&quot;, &quot;Cart Page functionality&quot;](11)" classname="TestNGTestRunner" time="10.326">
    <system-err><![CDATA[Jan 02, 2025 12:28:49 PM org.openqa.selenium.devtools.CdpVersionFinder findNearestMatch
WARNING: Unable to find an exact match for CDP version 130, returning the closest version; found: 127; Please update to a Selenium version that supports CDP version 130
Jan 02, 2025 12:28:56 PM org.openqa.selenium.remote.http.WebSocket$Listener onError
WARNING: Connection reset
java.net.SocketException: Connection reset
	at java.base/sun.nio.ch.SocketChannelImpl.throwConnectionReset(SocketChannelImpl.java:401)
	at java.base/sun.nio.ch.SocketChannelImpl.read(SocketChannelImpl.java:434)
	at java.net.http/jdk.internal.net.http.SocketTube.readAvailable(SocketTube.java:1178)
	at java.net.http/jdk.internal.net.http.SocketTube$InternalReadPublisher$InternalReadSubscription.read(SocketTube.java:841)
	at java.net.http/jdk.internal.net.http.SocketTube$SocketFlowTask.run(SocketTube.java:181)
	at java.net.http/jdk.internal.net.http.common.SequentialScheduler$SchedulableTask.run(SequentialScheduler.java:207)
	at java.net.http/jdk.internal.net.http.common.SequentialScheduler.runOrSchedule(SequentialScheduler.java:280)
	at java.net.http/jdk.internal.net.http.common.SequentialScheduler.runOrSchedule(SequentialScheduler.java:233)
	at java.net.http/jdk.internal.net.http.SocketTube$InternalReadPublisher$InternalReadSubscription.signalReadable(SocketTube.java:782)
	at java.net.http/jdk.internal.net.http.SocketTube$InternalReadPublisher$ReadEvent.signalEvent(SocketTube.java:965)
	at java.net.http/jdk.internal.net.http.SocketTube$SocketFlowEvent.handle(SocketTube.java:253)
	at java.net.http/jdk.internal.net.http.HttpClientImpl$SelectorManager.handleEvent(HttpClientImpl.java:1469)
	at java.net.http/jdk.internal.net.http.HttpClientImpl$SelectorManager.lambda$run$3(HttpClientImpl.java:1414)
	at java.base/java.util.ArrayList.forEach(ArrayList.java:1596)
	at java.net.http/jdk.internal.net.http.HttpClientImpl$SelectorManager.run(HttpClientImpl.java:1414)

]]></system-err>
  </testcase>
  <testcase name="runScenario[&quot;Signout button&quot;, &quot;Cart Page functionality&quot;](12)" classname="TestNGTestRunner" time="10.017">
    <system-err><![CDATA[Jan 02, 2025 12:28:58 PM org.openqa.selenium.devtools.CdpVersionFinder findNearestMatch
WARNING: Unable to find an exact match for CDP version 130, returning the closest version; found: 127; Please update to a Selenium version that supports CDP version 130
Jan 02, 2025 12:29:06 PM org.openqa.selenium.remote.http.WebSocket$Listener onError
WARNING: Connection reset
java.net.SocketException: Connection reset
	at java.base/sun.nio.ch.SocketChannelImpl.throwConnectionReset(SocketChannelImpl.java:401)
	at java.base/sun.nio.ch.SocketChannelImpl.read(SocketChannelImpl.java:434)
	at java.net.http/jdk.internal.net.http.SocketTube.readAvailable(SocketTube.java:1178)
	at java.net.http/jdk.internal.net.http.SocketTube$InternalReadPublisher$InternalReadSubscription.read(SocketTube.java:841)
	at java.net.http/jdk.internal.net.http.SocketTube$SocketFlowTask.run(SocketTube.java:181)
	at java.net.http/jdk.internal.net.http.common.SequentialScheduler$SchedulableTask.run(SequentialScheduler.java:207)
	at java.net.http/jdk.internal.net.http.common.SequentialScheduler.runOrSchedule(SequentialScheduler.java:280)
	at java.net.http/jdk.internal.net.http.common.SequentialScheduler.runOrSchedule(SequentialScheduler.java:233)
	at java.net.http/jdk.internal.net.http.SocketTube$InternalReadPublisher$InternalReadSubscription.signalReadable(SocketTube.java:782)
	at java.net.http/jdk.internal.net.http.SocketTube$InternalReadPublisher$ReadEvent.signalEvent(SocketTube.java:965)
	at java.net.http/jdk.internal.net.http.SocketTube$SocketFlowEvent.handle(SocketTube.java:253)
	at java.net.http/jdk.internal.net.http.HttpClientImpl$SelectorManager.handleEvent(HttpClientImpl.java:1469)
	at java.net.http/jdk.internal.net.http.HttpClientImpl$SelectorManager.lambda$run$3(HttpClientImpl.java:1414)
	at java.base/java.util.ArrayList.forEach(ArrayList.java:1596)
	at java.net.http/jdk.internal.net.http.HttpClientImpl$SelectorManager.run(HttpClientImpl.java:1414)

]]></system-err>
  </testcase>
  <testcase name="runScenario[&quot;Cart button&quot;, &quot;Cart Page functionality&quot;](13)" classname="TestNGTestRunner" time="9.005">
    <system-err><![CDATA[Jan 02, 2025 12:29:08 PM org.openqa.selenium.devtools.CdpVersionFinder findNearestMatch
WARNING: Unable to find an exact match for CDP version 130, returning the closest version; found: 127; Please update to a Selenium version that supports CDP version 130
Jan 02, 2025 12:29:15 PM org.openqa.selenium.remote.http.WebSocket$Listener onError
WARNING: Connection reset
java.net.SocketException: Connection reset
	at java.base/sun.nio.ch.SocketChannelImpl.throwConnectionReset(SocketChannelImpl.java:401)
	at java.base/sun.nio.ch.SocketChannelImpl.read(SocketChannelImpl.java:434)
	at java.net.http/jdk.internal.net.http.SocketTube.readAvailable(SocketTube.java:1178)
	at java.net.http/jdk.internal.net.http.SocketTube$InternalReadPublisher$InternalReadSubscription.read(SocketTube.java:841)
	at java.net.http/jdk.internal.net.http.SocketTube$SocketFlowTask.run(SocketTube.java:181)
	at java.net.http/jdk.internal.net.http.common.SequentialScheduler$SchedulableTask.run(SequentialScheduler.java:207)
	at java.net.http/jdk.internal.net.http.common.SequentialScheduler.runOrSchedule(SequentialScheduler.java:280)
	at java.net.http/jdk.internal.net.http.common.SequentialScheduler.runOrSchedule(SequentialScheduler.java:233)
	at java.net.http/jdk.internal.net.http.SocketTube$InternalReadPublisher$InternalReadSubscription.signalReadable(SocketTube.java:782)
	at java.net.http/jdk.internal.net.http.SocketTube$InternalReadPublisher$ReadEvent.signalEvent(SocketTube.java:965)
	at java.net.http/jdk.internal.net.http.SocketTube$SocketFlowEvent.handle(SocketTube.java:253)
	at java.net.http/jdk.internal.net.http.HttpClientImpl$SelectorManager.handleEvent(HttpClientImpl.java:1469)
	at java.net.http/jdk.internal.net.http.HttpClientImpl$SelectorManager.lambda$run$3(HttpClientImpl.java:1414)
	at java.base/java.util.ArrayList.forEach(ArrayList.java:1596)
	at java.net.http/jdk.internal.net.http.HttpClientImpl$SelectorManager.run(HttpClientImpl.java:1414)

]]></system-err>
  </testcase>
  <testcase name="runScenario[&quot;Logo&quot;, &quot;Cart Page functionality&quot;](14)" classname="TestNGTestRunner" time="8.751">
    <system-err><![CDATA[Jan 02, 2025 12:29:17 PM org.openqa.selenium.devtools.CdpVersionFinder findNearestMatch
WARNING: Unable to find an exact match for CDP version 130, returning the closest version; found: 127; Please update to a Selenium version that supports CDP version 130
Jan 02, 2025 12:29:24 PM org.openqa.selenium.remote.http.WebSocket$Listener onError
WARNING: Connection reset
java.net.SocketException: Connection reset
	at java.base/sun.nio.ch.SocketChannelImpl.throwConnectionReset(SocketChannelImpl.java:401)
	at java.base/sun.nio.ch.SocketChannelImpl.read(SocketChannelImpl.java:434)
	at java.net.http/jdk.internal.net.http.SocketTube.readAvailable(SocketTube.java:1178)
	at java.net.http/jdk.internal.net.http.SocketTube$InternalReadPublisher$InternalReadSubscription.read(SocketTube.java:841)
	at java.net.http/jdk.internal.net.http.SocketTube$SocketFlowTask.run(SocketTube.java:181)
	at java.net.http/jdk.internal.net.http.common.SequentialScheduler$SchedulableTask.run(SequentialScheduler.java:207)
	at java.net.http/jdk.internal.net.http.common.SequentialScheduler.runOrSchedule(SequentialScheduler.java:280)
	at java.net.http/jdk.internal.net.http.common.SequentialScheduler.runOrSchedule(SequentialScheduler.java:233)
	at java.net.http/jdk.internal.net.http.SocketTube$InternalReadPublisher$InternalReadSubscription.signalReadable(SocketTube.java:782)
	at java.net.http/jdk.internal.net.http.SocketTube$InternalReadPublisher$ReadEvent.signalEvent(SocketTube.java:965)
	at java.net.http/jdk.internal.net.http.SocketTube$SocketFlowEvent.handle(SocketTube.java:253)
	at java.net.http/jdk.internal.net.http.HttpClientImpl$SelectorManager.handleEvent(HttpClientImpl.java:1469)
	at java.net.http/jdk.internal.net.http.HttpClientImpl$SelectorManager.lambda$run$3(HttpClientImpl.java:1414)
	at java.base/java.util.ArrayList.forEach(ArrayList.java:1596)
	at java.net.http/jdk.internal.net.http.HttpClientImpl$SelectorManager.run(HttpClientImpl.java:1414)

]]></system-err>
  </testcase>
  <testcase name="runScenario[&quot;Continue shopping&quot;, &quot;Cart Page functionality&quot;](15)" classname="TestNGTestRunner" time="9.175">
    <system-err><![CDATA[Jan 02, 2025 12:29:26 PM org.openqa.selenium.devtools.CdpVersionFinder findNearestMatch
WARNING: Unable to find an exact match for CDP version 130, returning the closest version; found: 127; Please update to a Selenium version that supports CDP version 130
Jan 02, 2025 12:29:33 PM org.openqa.selenium.remote.http.WebSocket$Listener onError
WARNING: Connection reset
java.net.SocketException: Connection reset
	at java.base/sun.nio.ch.SocketChannelImpl.throwConnectionReset(SocketChannelImpl.java:401)
	at java.base/sun.nio.ch.SocketChannelImpl.read(SocketChannelImpl.java:434)
	at java.net.http/jdk.internal.net.http.SocketTube.readAvailable(SocketTube.java:1178)
	at java.net.http/jdk.internal.net.http.SocketTube$InternalReadPublisher$InternalReadSubscription.read(SocketTube.java:841)
	at java.net.http/jdk.internal.net.http.SocketTube$SocketFlowTask.run(SocketTube.java:181)
	at java.net.http/jdk.internal.net.http.common.SequentialScheduler$SchedulableTask.run(SequentialScheduler.java:207)
	at java.net.http/jdk.internal.net.http.common.SequentialScheduler.runOrSchedule(SequentialScheduler.java:280)
	at java.net.http/jdk.internal.net.http.common.SequentialScheduler.runOrSchedule(SequentialScheduler.java:233)
	at java.net.http/jdk.internal.net.http.SocketTube$InternalReadPublisher$InternalReadSubscription.signalReadable(SocketTube.java:782)
	at java.net.http/jdk.internal.net.http.SocketTube$InternalReadPublisher$ReadEvent.signalEvent(SocketTube.java:965)
	at java.net.http/jdk.internal.net.http.SocketTube$SocketFlowEvent.handle(SocketTube.java:253)
	at java.net.http/jdk.internal.net.http.HttpClientImpl$SelectorManager.handleEvent(HttpClientImpl.java:1469)
	at java.net.http/jdk.internal.net.http.HttpClientImpl$SelectorManager.lambda$run$3(HttpClientImpl.java:1414)
	at java.base/java.util.ArrayList.forEach(ArrayList.java:1596)
	at java.net.http/jdk.internal.net.http.HttpClientImpl$SelectorManager.run(HttpClientImpl.java:1414)

]]></system-err>
  </testcase>
  <testcase name="runScenario[&quot;No Products&quot;, &quot;Cart Page functionality&quot;](16)" classname="TestNGTestRunner" time="9.923">
    <system-err><![CDATA[Jan 02, 2025 12:29:35 PM org.openqa.selenium.devtools.CdpVersionFinder findNearestMatch
WARNING: Unable to find an exact match for CDP version 130, returning the closest version; found: 127; Please update to a Selenium version that supports CDP version 130
Jan 02, 2025 12:29:43 PM org.openqa.selenium.remote.http.WebSocket$Listener onError
WARNING: Connection reset
java.net.SocketException: Connection reset
	at java.base/sun.nio.ch.SocketChannelImpl.throwConnectionReset(SocketChannelImpl.java:401)
	at java.base/sun.nio.ch.SocketChannelImpl.read(SocketChannelImpl.java:434)
	at java.net.http/jdk.internal.net.http.SocketTube.readAvailable(SocketTube.java:1178)
	at java.net.http/jdk.internal.net.http.SocketTube$InternalReadPublisher$InternalReadSubscription.read(SocketTube.java:841)
	at java.net.http/jdk.internal.net.http.SocketTube$SocketFlowTask.run(SocketTube.java:181)
	at java.net.http/jdk.internal.net.http.common.SequentialScheduler$SchedulableTask.run(SequentialScheduler.java:207)
	at java.net.http/jdk.internal.net.http.common.SequentialScheduler.runOrSchedule(SequentialScheduler.java:280)
	at java.net.http/jdk.internal.net.http.common.SequentialScheduler.runOrSchedule(SequentialScheduler.java:233)
	at java.net.http/jdk.internal.net.http.SocketTube$InternalReadPublisher$InternalReadSubscription.signalReadable(SocketTube.java:782)
	at java.net.http/jdk.internal.net.http.SocketTube$InternalReadPublisher$ReadEvent.signalEvent(SocketTube.java:965)
	at java.net.http/jdk.internal.net.http.SocketTube$SocketFlowEvent.handle(SocketTube.java:253)
	at java.net.http/jdk.internal.net.http.HttpClientImpl$SelectorManager.handleEvent(HttpClientImpl.java:1469)
	at java.net.http/jdk.internal.net.http.HttpClientImpl$SelectorManager.lambda$run$3(HttpClientImpl.java:1414)
	at java.base/java.util.ArrayList.forEach(ArrayList.java:1596)
	at java.net.http/jdk.internal.net.http.HttpClientImpl$SelectorManager.run(HttpClientImpl.java:1414)

]]></system-err>
  </testcase>
  <testcase name="runScenario[&quot;Cart is cleared when user logs out&quot;, &quot;Cart Page functionality&quot;](17)" classname="TestNGTestRunner" time="30.03">
    <system-err><![CDATA[Jan 02, 2025 12:29:45 PM org.openqa.selenium.devtools.CdpVersionFinder findNearestMatch
WARNING: Unable to find an exact match for CDP version 130, returning the closest version; found: 127; Please update to a Selenium version that supports CDP version 130
Jan 02, 2025 12:30:13 PM org.openqa.selenium.remote.http.WebSocket$Listener onError
WARNING: Connection reset
java.net.SocketException: Connection reset
	at java.base/sun.nio.ch.SocketChannelImpl.throwConnectionReset(SocketChannelImpl.java:401)
	at java.base/sun.nio.ch.SocketChannelImpl.read(SocketChannelImpl.java:434)
	at java.net.http/jdk.internal.net.http.SocketTube.readAvailable(SocketTube.java:1178)
	at java.net.http/jdk.internal.net.http.SocketTube$InternalReadPublisher$InternalReadSubscription.read(SocketTube.java:841)
	at java.net.http/jdk.internal.net.http.SocketTube$SocketFlowTask.run(SocketTube.java:181)
	at java.net.http/jdk.internal.net.http.common.SequentialScheduler$SchedulableTask.run(SequentialScheduler.java:207)
	at java.net.http/jdk.internal.net.http.common.SequentialScheduler.runOrSchedule(SequentialScheduler.java:280)
	at java.net.http/jdk.internal.net.http.common.SequentialScheduler.runOrSchedule(SequentialScheduler.java:233)
	at java.net.http/jdk.internal.net.http.SocketTube$InternalReadPublisher$InternalReadSubscription.signalReadable(SocketTube.java:782)
	at java.net.http/jdk.internal.net.http.SocketTube$InternalReadPublisher$ReadEvent.signalEvent(SocketTube.java:965)
	at java.net.http/jdk.internal.net.http.SocketTube$SocketFlowEvent.handle(SocketTube.java:253)
	at java.net.http/jdk.internal.net.http.HttpClientImpl$SelectorManager.handleEvent(HttpClientImpl.java:1469)
	at java.net.http/jdk.internal.net.http.HttpClientImpl$SelectorManager.lambda$run$3(HttpClientImpl.java:1414)
	at java.base/java.util.ArrayList.forEach(ArrayList.java:1596)
	at java.net.http/jdk.internal.net.http.HttpClientImpl$SelectorManager.run(HttpClientImpl.java:1414)

]]></system-err>
  </testcase>
  <testcase name="runScenario[&quot;Verify product details and total price&quot;, &quot;Cart Page functionality&quot;](18)" classname="TestNGTestRunner" time="27.419">
    <system-err><![CDATA[Jan 02, 2025 12:30:15 PM org.openqa.selenium.devtools.CdpVersionFinder findNearestMatch
WARNING: Unable to find an exact match for CDP version 130, returning the closest version; found: 127; Please update to a Selenium version that supports CDP version 130
Jan 02, 2025 12:30:40 PM org.openqa.selenium.remote.http.WebSocket$Listener onError
WARNING: Connection reset
java.net.SocketException: Connection reset
	at java.base/sun.nio.ch.SocketChannelImpl.throwConnectionReset(SocketChannelImpl.java:401)
	at java.base/sun.nio.ch.SocketChannelImpl.read(SocketChannelImpl.java:434)
	at java.net.http/jdk.internal.net.http.SocketTube.readAvailable(SocketTube.java:1178)
	at java.net.http/jdk.internal.net.http.SocketTube$InternalReadPublisher$InternalReadSubscription.read(SocketTube.java:841)
	at java.net.http/jdk.internal.net.http.SocketTube$SocketFlowTask.run(SocketTube.java:181)
	at java.net.http/jdk.internal.net.http.common.SequentialScheduler$SchedulableTask.run(SequentialScheduler.java:207)
	at java.net.http/jdk.internal.net.http.common.SequentialScheduler.runOrSchedule(SequentialScheduler.java:280)
	at java.net.http/jdk.internal.net.http.common.SequentialScheduler.runOrSchedule(SequentialScheduler.java:233)
	at java.net.http/jdk.internal.net.http.SocketTube$InternalReadPublisher$InternalReadSubscription.signalReadable(SocketTube.java:782)
	at java.net.http/jdk.internal.net.http.SocketTube$InternalReadPublisher$ReadEvent.signalEvent(SocketTube.java:965)
	at java.net.http/jdk.internal.net.http.SocketTube$SocketFlowEvent.handle(SocketTube.java:253)
	at java.net.http/jdk.internal.net.http.HttpClientImpl$SelectorManager.handleEvent(HttpClientImpl.java:1469)
	at java.net.http/jdk.internal.net.http.HttpClientImpl$SelectorManager.lambda$run$3(HttpClientImpl.java:1414)
	at java.base/java.util.ArrayList.forEach(ArrayList.java:1596)
	at java.net.http/jdk.internal.net.http.HttpClientImpl$SelectorManager.run(HttpClientImpl.java:1414)

]]></system-err>
  </testcase>
  <testcase name="runScenario[&quot;Verify checkout button is working&quot;, &quot;Cart Page functionality&quot;](19)" classname="TestNGTestRunner" time="30.557">
    <system-err><![CDATA[Jan 02, 2025 12:30:43 PM org.openqa.selenium.devtools.CdpVersionFinder findNearestMatch
WARNING: Unable to find an exact match for CDP version 130, returning the closest version; found: 127; Please update to a Selenium version that supports CDP version 130
Jan 02, 2025 12:31:11 PM org.openqa.selenium.remote.http.WebSocket$Listener onError
WARNING: Connection reset
java.net.SocketException: Connection reset
	at java.base/sun.nio.ch.SocketChannelImpl.throwConnectionReset(SocketChannelImpl.java:401)
	at java.base/sun.nio.ch.SocketChannelImpl.read(SocketChannelImpl.java:434)
	at java.net.http/jdk.internal.net.http.SocketTube.readAvailable(SocketTube.java:1178)
	at java.net.http/jdk.internal.net.http.SocketTube$InternalReadPublisher$InternalReadSubscription.read(SocketTube.java:841)
	at java.net.http/jdk.internal.net.http.SocketTube$SocketFlowTask.run(SocketTube.java:181)
	at java.net.http/jdk.internal.net.http.common.SequentialScheduler$SchedulableTask.run(SequentialScheduler.java:207)
	at java.net.http/jdk.internal.net.http.common.SequentialScheduler.runOrSchedule(SequentialScheduler.java:280)
	at java.net.http/jdk.internal.net.http.common.SequentialScheduler.runOrSchedule(SequentialScheduler.java:233)
	at java.net.http/jdk.internal.net.http.SocketTube$InternalReadPublisher$InternalReadSubscription.signalReadable(SocketTube.java:782)
	at java.net.http/jdk.internal.net.http.SocketTube$InternalReadPublisher$ReadEvent.signalEvent(SocketTube.java:965)
	at java.net.http/jdk.internal.net.http.SocketTube$SocketFlowEvent.handle(SocketTube.java:253)
	at java.net.http/jdk.internal.net.http.HttpClientImpl$SelectorManager.handleEvent(HttpClientImpl.java:1469)
	at java.net.http/jdk.internal.net.http.HttpClientImpl$SelectorManager.lambda$run$3(HttpClientImpl.java:1414)
	at java.base/java.util.ArrayList.forEach(ArrayList.java:1596)
	at java.net.http/jdk.internal.net.http.HttpClientImpl$SelectorManager.run(HttpClientImpl.java:1414)

]]></system-err>
  </testcase>
  <testcase name="runScenario[&quot;Verify delete button is working&quot;, &quot;Cart Page functionality&quot;](20)" classname="TestNGTestRunner" time="27.722">
    <system-err><![CDATA[Jan 02, 2025 12:31:13 PM org.openqa.selenium.devtools.CdpVersionFinder findNearestMatch
WARNING: Unable to find an exact match for CDP version 130, returning the closest version; found: 127; Please update to a Selenium version that supports CDP version 130
Jan 02, 2025 12:31:39 PM org.openqa.selenium.remote.http.WebSocket$Listener onError
WARNING: Connection reset
java.net.SocketException: Connection reset
	at java.base/sun.nio.ch.SocketChannelImpl.throwConnectionReset(SocketChannelImpl.java:401)
	at java.base/sun.nio.ch.SocketChannelImpl.read(SocketChannelImpl.java:434)
	at java.net.http/jdk.internal.net.http.SocketTube.readAvailable(SocketTube.java:1178)
	at java.net.http/jdk.internal.net.http.SocketTube$InternalReadPublisher$InternalReadSubscription.read(SocketTube.java:841)
	at java.net.http/jdk.internal.net.http.SocketTube$SocketFlowTask.run(SocketTube.java:181)
	at java.net.http/jdk.internal.net.http.common.SequentialScheduler$SchedulableTask.run(SequentialScheduler.java:207)
	at java.net.http/jdk.internal.net.http.common.SequentialScheduler.runOrSchedule(SequentialScheduler.java:280)
	at java.net.http/jdk.internal.net.http.common.SequentialScheduler.runOrSchedule(SequentialScheduler.java:233)
	at java.net.http/jdk.internal.net.http.SocketTube$InternalReadPublisher$InternalReadSubscription.signalReadable(SocketTube.java:782)
	at java.net.http/jdk.internal.net.http.SocketTube$InternalReadPublisher$ReadEvent.signalEvent(SocketTube.java:965)
	at java.net.http/jdk.internal.net.http.SocketTube$SocketFlowEvent.handle(SocketTube.java:253)
	at java.net.http/jdk.internal.net.http.HttpClientImpl$SelectorManager.handleEvent(HttpClientImpl.java:1469)
	at java.net.http/jdk.internal.net.http.HttpClientImpl$SelectorManager.lambda$run$3(HttpClientImpl.java:1414)
	at java.base/java.util.ArrayList.forEach(ArrayList.java:1596)
	at java.net.http/jdk.internal.net.http.HttpClientImpl$SelectorManager.run(HttpClientImpl.java:1414)

]]></system-err>
  </testcase>
  <testcase name="runScenario[&quot;Verify buy now button is working&quot;, &quot;Cart Page functionality&quot;](21)" classname="TestNGTestRunner" time="26.824">
    <system-err><![CDATA[Jan 02, 2025 12:31:40 PM org.openqa.selenium.devtools.CdpVersionFinder findNearestMatch
WARNING: Unable to find an exact match for CDP version 130, returning the closest version; found: 127; Please update to a Selenium version that supports CDP version 130
Jan 02, 2025 12:32:05 PM org.openqa.selenium.remote.http.WebSocket$Listener onError
WARNING: Connection reset
java.net.SocketException: Connection reset
	at java.base/sun.nio.ch.SocketChannelImpl.throwConnectionReset(SocketChannelImpl.java:401)
	at java.base/sun.nio.ch.SocketChannelImpl.read(SocketChannelImpl.java:434)
	at java.net.http/jdk.internal.net.http.SocketTube.readAvailable(SocketTube.java:1178)
	at java.net.http/jdk.internal.net.http.SocketTube$InternalReadPublisher$InternalReadSubscription.read(SocketTube.java:841)
	at java.net.http/jdk.internal.net.http.SocketTube$SocketFlowTask.run(SocketTube.java:181)
	at java.net.http/jdk.internal.net.http.common.SequentialScheduler$SchedulableTask.run(SequentialScheduler.java:207)
	at java.net.http/jdk.internal.net.http.common.SequentialScheduler.runOrSchedule(SequentialScheduler.java:280)
	at java.net.http/jdk.internal.net.http.common.SequentialScheduler.runOrSchedule(SequentialScheduler.java:233)
	at java.net.http/jdk.internal.net.http.SocketTube$InternalReadPublisher$InternalReadSubscription.signalReadable(SocketTube.java:782)
	at java.net.http/jdk.internal.net.http.SocketTube$InternalReadPublisher$ReadEvent.signalEvent(SocketTube.java:965)
	at java.net.http/jdk.internal.net.http.SocketTube$SocketFlowEvent.handle(SocketTube.java:253)
	at java.net.http/jdk.internal.net.http.HttpClientImpl$SelectorManager.handleEvent(HttpClientImpl.java:1469)
	at java.net.http/jdk.internal.net.http.HttpClientImpl$SelectorManager.lambda$run$3(HttpClientImpl.java:1414)
	at java.base/java.util.ArrayList.forEach(ArrayList.java:1596)
	at java.net.http/jdk.internal.net.http.HttpClientImpl$SelectorManager.run(HttpClientImpl.java:1414)

]]></system-err>
  </testcase>
  <testcase name="runScenario[&quot;No country details&quot;, &quot;Checkout Page functionality&quot;](22)" classname="TestNGTestRunner" time="17.027">
    <system-err><![CDATA[Jan 02, 2025 12:32:08 PM org.openqa.selenium.devtools.CdpVersionFinder findNearestMatch
WARNING: Unable to find an exact match for CDP version 130, returning the closest version; found: 127; Please update to a Selenium version that supports CDP version 130
Jan 02, 2025 12:32:22 PM org.openqa.selenium.remote.http.WebSocket$Listener onError
WARNING: Connection reset
java.net.SocketException: Connection reset
	at java.base/sun.nio.ch.SocketChannelImpl.throwConnectionReset(SocketChannelImpl.java:401)
	at java.base/sun.nio.ch.SocketChannelImpl.read(SocketChannelImpl.java:434)
	at java.net.http/jdk.internal.net.http.SocketTube.readAvailable(SocketTube.java:1178)
	at java.net.http/jdk.internal.net.http.SocketTube$InternalReadPublisher$InternalReadSubscription.read(SocketTube.java:841)
	at java.net.http/jdk.internal.net.http.SocketTube$SocketFlowTask.run(SocketTube.java:181)
	at java.net.http/jdk.internal.net.http.common.SequentialScheduler$SchedulableTask.run(SequentialScheduler.java:207)
	at java.net.http/jdk.internal.net.http.common.SequentialScheduler.runOrSchedule(SequentialScheduler.java:280)
	at java.net.http/jdk.internal.net.http.common.SequentialScheduler.runOrSchedule(SequentialScheduler.java:233)
	at java.net.http/jdk.internal.net.http.SocketTube$InternalReadPublisher$InternalReadSubscription.signalReadable(SocketTube.java:782)
	at java.net.http/jdk.internal.net.http.SocketTube$InternalReadPublisher$ReadEvent.signalEvent(SocketTube.java:965)
	at java.net.http/jdk.internal.net.http.SocketTube$SocketFlowEvent.handle(SocketTube.java:253)
	at java.net.http/jdk.internal.net.http.HttpClientImpl$SelectorManager.handleEvent(HttpClientImpl.java:1469)
	at java.net.http/jdk.internal.net.http.HttpClientImpl$SelectorManager.lambda$run$3(HttpClientImpl.java:1414)
	at java.base/java.util.ArrayList.forEach(ArrayList.java:1596)
	at java.net.http/jdk.internal.net.http.HttpClientImpl$SelectorManager.run(HttpClientImpl.java:1414)

]]></system-err>
  </testcase>
  <testcase name="runScenario[&quot;API is failed&quot;, &quot;Checkout Page functionality&quot;](23)" classname="TestNGTestRunner" time="18.907">
    <system-err><![CDATA[Jan 02, 2025 12:32:25 PM org.openqa.selenium.devtools.CdpVersionFinder findNearestMatch
WARNING: Unable to find an exact match for CDP version 130, returning the closest version; found: 127; Please update to a Selenium version that supports CDP version 130
Jan 02, 2025 12:32:41 PM org.openqa.selenium.remote.http.WebSocket$Listener onError
WARNING: Connection reset
java.net.SocketException: Connection reset
	at java.base/sun.nio.ch.SocketChannelImpl.throwConnectionReset(SocketChannelImpl.java:401)
	at java.base/sun.nio.ch.SocketChannelImpl.read(SocketChannelImpl.java:434)
	at java.net.http/jdk.internal.net.http.SocketTube.readAvailable(SocketTube.java:1178)
	at java.net.http/jdk.internal.net.http.SocketTube$InternalReadPublisher$InternalReadSubscription.read(SocketTube.java:841)
	at java.net.http/jdk.internal.net.http.SocketTube$SocketFlowTask.run(SocketTube.java:181)
	at java.net.http/jdk.internal.net.http.common.SequentialScheduler$SchedulableTask.run(SequentialScheduler.java:207)
	at java.net.http/jdk.internal.net.http.common.SequentialScheduler.runOrSchedule(SequentialScheduler.java:280)
	at java.net.http/jdk.internal.net.http.common.SequentialScheduler.runOrSchedule(SequentialScheduler.java:233)
	at java.net.http/jdk.internal.net.http.SocketTube$InternalReadPublisher$InternalReadSubscription.signalReadable(SocketTube.java:782)
	at java.net.http/jdk.internal.net.http.SocketTube$InternalReadPublisher$ReadEvent.signalEvent(SocketTube.java:965)
	at java.net.http/jdk.internal.net.http.SocketTube$SocketFlowEvent.handle(SocketTube.java:253)
	at java.net.http/jdk.internal.net.http.HttpClientImpl$SelectorManager.handleEvent(HttpClientImpl.java:1469)
	at java.net.http/jdk.internal.net.http.HttpClientImpl$SelectorManager.lambda$run$3(HttpClientImpl.java:1414)
	at java.base/java.util.ArrayList.forEach(ArrayList.java:1596)
	at java.net.http/jdk.internal.net.http.HttpClientImpl$SelectorManager.run(HttpClientImpl.java:1414)

]]></system-err>
  </testcase>
  <testcase name="runScenario[&quot;Home button&quot;, &quot;Checkout Page functionality&quot;](24)" classname="TestNGTestRunner" time="17.131">
    <system-err><![CDATA[Jan 02, 2025 12:32:44 PM org.openqa.selenium.devtools.CdpVersionFinder findNearestMatch
WARNING: Unable to find an exact match for CDP version 130, returning the closest version; found: 127; Please update to a Selenium version that supports CDP version 130
Jan 02, 2025 12:32:58 PM org.openqa.selenium.remote.http.WebSocket$Listener onError
WARNING: Connection reset
java.net.SocketException: Connection reset
	at java.base/sun.nio.ch.SocketChannelImpl.throwConnectionReset(SocketChannelImpl.java:401)
	at java.base/sun.nio.ch.SocketChannelImpl.read(SocketChannelImpl.java:434)
	at java.net.http/jdk.internal.net.http.SocketTube.readAvailable(SocketTube.java:1178)
	at java.net.http/jdk.internal.net.http.SocketTube$InternalReadPublisher$InternalReadSubscription.read(SocketTube.java:841)
	at java.net.http/jdk.internal.net.http.SocketTube$SocketFlowTask.run(SocketTube.java:181)
	at java.net.http/jdk.internal.net.http.common.SequentialScheduler$SchedulableTask.run(SequentialScheduler.java:207)
	at java.net.http/jdk.internal.net.http.common.SequentialScheduler.runOrSchedule(SequentialScheduler.java:280)
	at java.net.http/jdk.internal.net.http.common.SequentialScheduler.runOrSchedule(SequentialScheduler.java:233)
	at java.net.http/jdk.internal.net.http.SocketTube$InternalReadPublisher$InternalReadSubscription.signalReadable(SocketTube.java:782)
	at java.net.http/jdk.internal.net.http.SocketTube$InternalReadPublisher$ReadEvent.signalEvent(SocketTube.java:965)
	at java.net.http/jdk.internal.net.http.SocketTube$SocketFlowEvent.handle(SocketTube.java:253)
	at java.net.http/jdk.internal.net.http.HttpClientImpl$SelectorManager.handleEvent(HttpClientImpl.java:1469)
	at java.net.http/jdk.internal.net.http.HttpClientImpl$SelectorManager.lambda$run$3(HttpClientImpl.java:1414)
	at java.base/java.util.ArrayList.forEach(ArrayList.java:1596)
	at java.net.http/jdk.internal.net.http.HttpClientImpl$SelectorManager.run(HttpClientImpl.java:1414)

]]></system-err>
  </testcase>
  <testcase name="runScenario[&quot;Orders button&quot;, &quot;Checkout Page functionality&quot;](25)" classname="TestNGTestRunner" time="16.314">
    <system-err><![CDATA[Jan 02, 2025 12:33:00 PM org.openqa.selenium.devtools.CdpVersionFinder findNearestMatch
WARNING: Unable to find an exact match for CDP version 130, returning the closest version; found: 127; Please update to a Selenium version that supports CDP version 130
Jan 02, 2025 12:33:15 PM org.openqa.selenium.remote.http.WebSocket$Listener onError
WARNING: Connection reset
java.net.SocketException: Connection reset
	at java.base/sun.nio.ch.SocketChannelImpl.throwConnectionReset(SocketChannelImpl.java:401)
	at java.base/sun.nio.ch.SocketChannelImpl.read(SocketChannelImpl.java:434)
	at java.net.http/jdk.internal.net.http.SocketTube.readAvailable(SocketTube.java:1178)
	at java.net.http/jdk.internal.net.http.SocketTube$InternalReadPublisher$InternalReadSubscription.read(SocketTube.java:841)
	at java.net.http/jdk.internal.net.http.SocketTube$SocketFlowTask.run(SocketTube.java:181)
	at java.net.http/jdk.internal.net.http.common.SequentialScheduler$SchedulableTask.run(SequentialScheduler.java:207)
	at java.net.http/jdk.internal.net.http.common.SequentialScheduler.runOrSchedule(SequentialScheduler.java:280)
	at java.net.http/jdk.internal.net.http.common.SequentialScheduler.runOrSchedule(SequentialScheduler.java:233)
	at java.net.http/jdk.internal.net.http.SocketTube$InternalReadPublisher$InternalReadSubscription.signalReadable(SocketTube.java:782)
	at java.net.http/jdk.internal.net.http.SocketTube$InternalReadPublisher$ReadEvent.signalEvent(SocketTube.java:965)
	at java.net.http/jdk.internal.net.http.SocketTube$SocketFlowEvent.handle(SocketTube.java:253)
	at java.net.http/jdk.internal.net.http.HttpClientImpl$SelectorManager.handleEvent(HttpClientImpl.java:1469)
	at java.net.http/jdk.internal.net.http.HttpClientImpl$SelectorManager.lambda$run$3(HttpClientImpl.java:1414)
	at java.base/java.util.ArrayList.forEach(ArrayList.java:1596)
	at java.net.http/jdk.internal.net.http.HttpClientImpl$SelectorManager.run(HttpClientImpl.java:1414)

]]></system-err>
  </testcase>
  <testcase name="runScenario[&quot;Signout button&quot;, &quot;Checkout Page functionality&quot;](26)" classname="TestNGTestRunner" time="17.343">
    <system-err><![CDATA[Jan 02, 2025 12:33:17 PM org.openqa.selenium.devtools.CdpVersionFinder findNearestMatch
WARNING: Unable to find an exact match for CDP version 130, returning the closest version; found: 127; Please update to a Selenium version that supports CDP version 130
Jan 02, 2025 12:33:32 PM org.openqa.selenium.remote.http.WebSocket$Listener onError
WARNING: Connection reset
java.net.SocketException: Connection reset
	at java.base/sun.nio.ch.SocketChannelImpl.throwConnectionReset(SocketChannelImpl.java:401)
	at java.base/sun.nio.ch.SocketChannelImpl.read(SocketChannelImpl.java:434)
	at java.net.http/jdk.internal.net.http.SocketTube.readAvailable(SocketTube.java:1178)
	at java.net.http/jdk.internal.net.http.SocketTube$InternalReadPublisher$InternalReadSubscription.read(SocketTube.java:841)
	at java.net.http/jdk.internal.net.http.SocketTube$SocketFlowTask.run(SocketTube.java:181)
	at java.net.http/jdk.internal.net.http.common.SequentialScheduler$SchedulableTask.run(SequentialScheduler.java:207)
	at java.net.http/jdk.internal.net.http.common.SequentialScheduler.runOrSchedule(SequentialScheduler.java:280)
	at java.net.http/jdk.internal.net.http.common.SequentialScheduler.runOrSchedule(SequentialScheduler.java:233)
	at java.net.http/jdk.internal.net.http.SocketTube$InternalReadPublisher$InternalReadSubscription.signalReadable(SocketTube.java:782)
	at java.net.http/jdk.internal.net.http.SocketTube$InternalReadPublisher$ReadEvent.signalEvent(SocketTube.java:965)
	at java.net.http/jdk.internal.net.http.SocketTube$SocketFlowEvent.handle(SocketTube.java:253)
	at java.net.http/jdk.internal.net.http.HttpClientImpl$SelectorManager.handleEvent(HttpClientImpl.java:1469)
	at java.net.http/jdk.internal.net.http.HttpClientImpl$SelectorManager.lambda$run$3(HttpClientImpl.java:1414)
	at java.base/java.util.ArrayList.forEach(ArrayList.java:1596)
	at java.net.http/jdk.internal.net.http.HttpClientImpl$SelectorManager.run(HttpClientImpl.java:1414)

]]></system-err>
  </testcase>
  <testcase name="runScenario[&quot;Cart button&quot;, &quot;Checkout Page functionality&quot;](27)" classname="TestNGTestRunner" time="16.658">
    <system-err><![CDATA[Jan 02, 2025 12:33:35 PM org.openqa.selenium.devtools.CdpVersionFinder findNearestMatch
WARNING: Unable to find an exact match for CDP version 130, returning the closest version; found: 127; Please update to a Selenium version that supports CDP version 130
Jan 02, 2025 12:33:49 PM org.openqa.selenium.remote.http.WebSocket$Listener onError
WARNING: Connection reset
java.net.SocketException: Connection reset
	at java.base/sun.nio.ch.SocketChannelImpl.throwConnectionReset(SocketChannelImpl.java:401)
	at java.base/sun.nio.ch.SocketChannelImpl.read(SocketChannelImpl.java:434)
	at java.net.http/jdk.internal.net.http.SocketTube.readAvailable(SocketTube.java:1178)
	at java.net.http/jdk.internal.net.http.SocketTube$InternalReadPublisher$InternalReadSubscription.read(SocketTube.java:841)
	at java.net.http/jdk.internal.net.http.SocketTube$SocketFlowTask.run(SocketTube.java:181)
	at java.net.http/jdk.internal.net.http.common.SequentialScheduler$SchedulableTask.run(SequentialScheduler.java:207)
	at java.net.http/jdk.internal.net.http.common.SequentialScheduler.runOrSchedule(SequentialScheduler.java:280)
	at java.net.http/jdk.internal.net.http.common.SequentialScheduler.runOrSchedule(SequentialScheduler.java:233)
	at java.net.http/jdk.internal.net.http.SocketTube$InternalReadPublisher$InternalReadSubscription.signalReadable(SocketTube.java:782)
	at java.net.http/jdk.internal.net.http.SocketTube$InternalReadPublisher$ReadEvent.signalEvent(SocketTube.java:965)
	at java.net.http/jdk.internal.net.http.SocketTube$SocketFlowEvent.handle(SocketTube.java:253)
	at java.net.http/jdk.internal.net.http.HttpClientImpl$SelectorManager.handleEvent(HttpClientImpl.java:1469)
	at java.net.http/jdk.internal.net.http.HttpClientImpl$SelectorManager.lambda$run$3(HttpClientImpl.java:1414)
	at java.base/java.util.ArrayList.forEach(ArrayList.java:1596)
	at java.net.http/jdk.internal.net.http.HttpClientImpl$SelectorManager.run(HttpClientImpl.java:1414)

]]></system-err>
  </testcase>
  <testcase name="runScenario[&quot;Logo&quot;, &quot;Checkout Page functionality&quot;](28)" classname="TestNGTestRunner" time="17.34">
    <system-err><![CDATA[Jan 02, 2025 12:33:51 PM org.openqa.selenium.devtools.CdpVersionFinder findNearestMatch
WARNING: Unable to find an exact match for CDP version 130, returning the closest version; found: 127; Please update to a Selenium version that supports CDP version 130
Jan 02, 2025 12:34:06 PM org.openqa.selenium.remote.http.WebSocket$Listener onError
WARNING: Connection reset
java.net.SocketException: Connection reset
	at java.base/sun.nio.ch.SocketChannelImpl.throwConnectionReset(SocketChannelImpl.java:401)
	at java.base/sun.nio.ch.SocketChannelImpl.read(SocketChannelImpl.java:434)
	at java.net.http/jdk.internal.net.http.SocketTube.readAvailable(SocketTube.java:1178)
	at java.net.http/jdk.internal.net.http.SocketTube$InternalReadPublisher$InternalReadSubscription.read(SocketTube.java:841)
	at java.net.http/jdk.internal.net.http.SocketTube$SocketFlowTask.run(SocketTube.java:181)
	at java.net.http/jdk.internal.net.http.common.SequentialScheduler$SchedulableTask.run(SequentialScheduler.java:207)
	at java.net.http/jdk.internal.net.http.common.SequentialScheduler.runOrSchedule(SequentialScheduler.java:280)
	at java.net.http/jdk.internal.net.http.common.SequentialScheduler.runOrSchedule(SequentialScheduler.java:233)
	at java.net.http/jdk.internal.net.http.SocketTube$InternalReadPublisher$InternalReadSubscription.signalReadable(SocketTube.java:782)
	at java.net.http/jdk.internal.net.http.SocketTube$InternalReadPublisher$ReadEvent.signalEvent(SocketTube.java:965)
	at java.net.http/jdk.internal.net.http.SocketTube$SocketFlowEvent.handle(SocketTube.java:253)
	at java.net.http/jdk.internal.net.http.HttpClientImpl$SelectorManager.handleEvent(HttpClientImpl.java:1469)
	at java.net.http/jdk.internal.net.http.HttpClientImpl$SelectorManager.lambda$run$3(HttpClientImpl.java:1414)
	at java.base/java.util.ArrayList.forEach(ArrayList.java:1596)
	at java.net.http/jdk.internal.net.http.HttpClientImpl$SelectorManager.run(HttpClientImpl.java:1414)

]]></system-err>
  </testcase>
  <testcase name="runScenario[&quot;Product details in chekout page&quot;, &quot;Checkout Page functionality&quot;](29)" classname="TestNGTestRunner" time="48.475">
    <system-err><![CDATA[Jan 02, 2025 12:34:09 PM org.openqa.selenium.devtools.CdpVersionFinder findNearestMatch
WARNING: Unable to find an exact match for CDP version 130, returning the closest version; found: 127; Please update to a Selenium version that supports CDP version 130
Jan 02, 2025 12:34:55 PM org.openqa.selenium.remote.http.WebSocket$Listener onError
WARNING: Connection reset
java.net.SocketException: Connection reset
	at java.base/sun.nio.ch.SocketChannelImpl.throwConnectionReset(SocketChannelImpl.java:401)
	at java.base/sun.nio.ch.SocketChannelImpl.read(SocketChannelImpl.java:434)
	at java.net.http/jdk.internal.net.http.SocketTube.readAvailable(SocketTube.java:1178)
	at java.net.http/jdk.internal.net.http.SocketTube$InternalReadPublisher$InternalReadSubscription.read(SocketTube.java:841)
	at java.net.http/jdk.internal.net.http.SocketTube$SocketFlowTask.run(SocketTube.java:181)
	at java.net.http/jdk.internal.net.http.common.SequentialScheduler$SchedulableTask.run(SequentialScheduler.java:207)
	at java.net.http/jdk.internal.net.http.common.SequentialScheduler.runOrSchedule(SequentialScheduler.java:280)
	at java.net.http/jdk.internal.net.http.common.SequentialScheduler.runOrSchedule(SequentialScheduler.java:233)
	at java.net.http/jdk.internal.net.http.SocketTube$InternalReadPublisher$InternalReadSubscription.signalReadable(SocketTube.java:782)
	at java.net.http/jdk.internal.net.http.SocketTube$InternalReadPublisher$ReadEvent.signalEvent(SocketTube.java:965)
	at java.net.http/jdk.internal.net.http.SocketTube$SocketFlowEvent.handle(SocketTube.java:253)
	at java.net.http/jdk.internal.net.http.HttpClientImpl$SelectorManager.handleEvent(HttpClientImpl.java:1469)
	at java.net.http/jdk.internal.net.http.HttpClientImpl$SelectorManager.lambda$run$3(HttpClientImpl.java:1414)
	at java.base/java.util.ArrayList.forEach(ArrayList.java:1596)
	at java.net.http/jdk.internal.net.http.HttpClientImpl$SelectorManager.run(HttpClientImpl.java:1414)

]]></system-err>
  </testcase>
  <testcase name="runScenario[&quot;Product details in chekout page&quot;, &quot;Checkout Page functionality&quot;](30)" classname="TestNGTestRunner" time="46.011">
    <system-err><![CDATA[Jan 02, 2025 12:34:57 PM org.openqa.selenium.devtools.CdpVersionFinder findNearestMatch
WARNING: Unable to find an exact match for CDP version 130, returning the closest version; found: 127; Please update to a Selenium version that supports CDP version 130
Jan 02, 2025 12:35:41 PM org.openqa.selenium.remote.http.WebSocket$Listener onError
WARNING: Connection reset
java.net.SocketException: Connection reset
	at java.base/sun.nio.ch.SocketChannelImpl.throwConnectionReset(SocketChannelImpl.java:401)
	at java.base/sun.nio.ch.SocketChannelImpl.read(SocketChannelImpl.java:434)
	at java.net.http/jdk.internal.net.http.SocketTube.readAvailable(SocketTube.java:1178)
	at java.net.http/jdk.internal.net.http.SocketTube$InternalReadPublisher$InternalReadSubscription.read(SocketTube.java:841)
	at java.net.http/jdk.internal.net.http.SocketTube$SocketFlowTask.run(SocketTube.java:181)
	at java.net.http/jdk.internal.net.http.common.SequentialScheduler$SchedulableTask.run(SequentialScheduler.java:207)
	at java.net.http/jdk.internal.net.http.common.SequentialScheduler.runOrSchedule(SequentialScheduler.java:280)
	at java.net.http/jdk.internal.net.http.common.SequentialScheduler.runOrSchedule(SequentialScheduler.java:233)
	at java.net.http/jdk.internal.net.http.SocketTube$InternalReadPublisher$InternalReadSubscription.signalReadable(SocketTube.java:782)
	at java.net.http/jdk.internal.net.http.SocketTube$InternalReadPublisher$ReadEvent.signalEvent(SocketTube.java:965)
	at java.net.http/jdk.internal.net.http.SocketTube$SocketFlowEvent.handle(SocketTube.java:253)
	at java.net.http/jdk.internal.net.http.HttpClientImpl$SelectorManager.handleEvent(HttpClientImpl.java:1469)
	at java.net.http/jdk.internal.net.http.HttpClientImpl$SelectorManager.lambda$run$3(HttpClientImpl.java:1414)
	at java.base/java.util.ArrayList.forEach(ArrayList.java:1596)
	at java.net.http/jdk.internal.net.http.HttpClientImpl$SelectorManager.run(HttpClientImpl.java:1414)

]]></system-err>
  </testcase>
  <testcase name="runScenario[&quot;Completeing order&quot;, &quot;Checkout Page functionality&quot;](31)" classname="TestNGTestRunner" time="47.298">
    <system-out><![CDATA[{"orders":[{"country":"India","productOrderedId":"6581cade9fd99c85e8ee7ff5"},{"country":"India","productOrderedId":"6701364cae2afd4c0b90113c"},{"country":"India","productOrderedId":"6581ca979fd99c85e8ee7faf"}]}
]]></system-out>
    <system-err><![CDATA[Jan 02, 2025 12:35:43 PM org.openqa.selenium.devtools.CdpVersionFinder findNearestMatch
WARNING: Unable to find an exact match for CDP version 130, returning the closest version; found: 127; Please update to a Selenium version that supports CDP version 130
Jan 02, 2025 12:36:28 PM org.openqa.selenium.remote.http.WebSocket$Listener onError
WARNING: Connection reset
java.net.SocketException: Connection reset
	at java.base/sun.nio.ch.SocketChannelImpl.throwConnectionReset(SocketChannelImpl.java:401)
	at java.base/sun.nio.ch.SocketChannelImpl.read(SocketChannelImpl.java:434)
	at java.net.http/jdk.internal.net.http.SocketTube.readAvailable(SocketTube.java:1178)
	at java.net.http/jdk.internal.net.http.SocketTube$InternalReadPublisher$InternalReadSubscription.read(SocketTube.java:841)
	at java.net.http/jdk.internal.net.http.SocketTube$SocketFlowTask.run(SocketTube.java:181)
	at java.net.http/jdk.internal.net.http.common.SequentialScheduler$SchedulableTask.run(SequentialScheduler.java:207)
	at java.net.http/jdk.internal.net.http.common.SequentialScheduler.runOrSchedule(SequentialScheduler.java:280)
	at java.net.http/jdk.internal.net.http.common.SequentialScheduler.runOrSchedule(SequentialScheduler.java:233)
	at java.net.http/jdk.internal.net.http.SocketTube$InternalReadPublisher$InternalReadSubscription.signalReadable(SocketTube.java:782)
	at java.net.http/jdk.internal.net.http.SocketTube$InternalReadPublisher$ReadEvent.signalEvent(SocketTube.java:965)
	at java.net.http/jdk.internal.net.http.SocketTube$SocketFlowEvent.handle(SocketTube.java:253)
	at java.net.http/jdk.internal.net.http.HttpClientImpl$SelectorManager.handleEvent(HttpClientImpl.java:1469)
	at java.net.http/jdk.internal.net.http.HttpClientImpl$SelectorManager.lambda$run$3(HttpClientImpl.java:1414)
	at java.base/java.util.ArrayList.forEach(ArrayList.java:1596)
	at java.net.http/jdk.internal.net.http.HttpClientImpl$SelectorManager.run(HttpClientImpl.java:1414)

]]></system-err>
  </testcase>
  <testcase name="runScenario[&quot;Empty form&quot;, &quot;Forgot Password Page error handling&quot;](32)" classname="TestNGTestRunner" time="8.031">
    <system-err><![CDATA[Jan 02, 2025 12:36:30 PM org.openqa.selenium.devtools.CdpVersionFinder findNearestMatch
WARNING: Unable to find an exact match for CDP version 130, returning the closest version; found: 127; Please update to a Selenium version that supports CDP version 130
Jan 02, 2025 12:36:36 PM org.openqa.selenium.remote.http.WebSocket$Listener onError
WARNING: Connection reset
java.net.SocketException: Connection reset
	at java.base/sun.nio.ch.SocketChannelImpl.throwConnectionReset(SocketChannelImpl.java:401)
	at java.base/sun.nio.ch.SocketChannelImpl.read(SocketChannelImpl.java:434)
	at java.net.http/jdk.internal.net.http.SocketTube.readAvailable(SocketTube.java:1178)
	at java.net.http/jdk.internal.net.http.SocketTube$InternalReadPublisher$InternalReadSubscription.read(SocketTube.java:841)
	at java.net.http/jdk.internal.net.http.SocketTube$SocketFlowTask.run(SocketTube.java:181)
	at java.net.http/jdk.internal.net.http.common.SequentialScheduler$SchedulableTask.run(SequentialScheduler.java:207)
	at java.net.http/jdk.internal.net.http.common.SequentialScheduler.runOrSchedule(SequentialScheduler.java:280)
	at java.net.http/jdk.internal.net.http.common.SequentialScheduler.runOrSchedule(SequentialScheduler.java:233)
	at java.net.http/jdk.internal.net.http.SocketTube$InternalReadPublisher$InternalReadSubscription.signalReadable(SocketTube.java:782)
	at java.net.http/jdk.internal.net.http.SocketTube$InternalReadPublisher$ReadEvent.signalEvent(SocketTube.java:965)
	at java.net.http/jdk.internal.net.http.SocketTube$SocketFlowEvent.handle(SocketTube.java:253)
	at java.net.http/jdk.internal.net.http.HttpClientImpl$SelectorManager.handleEvent(HttpClientImpl.java:1469)
	at java.net.http/jdk.internal.net.http.HttpClientImpl$SelectorManager.lambda$run$3(HttpClientImpl.java:1414)
	at java.base/java.util.ArrayList.forEach(ArrayList.java:1596)
	at java.net.http/jdk.internal.net.http.HttpClientImpl$SelectorManager.run(HttpClientImpl.java:1414)

]]></system-err>
  </testcase>
  <testcase name="runScenario[&quot;Invalid email&quot;, &quot;Forgot Password Page error handling&quot;](33)" classname="TestNGTestRunner" time="6.879">
    <system-err><![CDATA[Jan 02, 2025 12:36:38 PM org.openqa.selenium.devtools.CdpVersionFinder findNearestMatch
WARNING: Unable to find an exact match for CDP version 130, returning the closest version; found: 127; Please update to a Selenium version that supports CDP version 130
Jan 02, 2025 12:36:43 PM org.openqa.selenium.remote.http.WebSocket$Listener onError
WARNING: Connection reset
java.net.SocketException: Connection reset
	at java.base/sun.nio.ch.SocketChannelImpl.throwConnectionReset(SocketChannelImpl.java:401)
	at java.base/sun.nio.ch.SocketChannelImpl.read(SocketChannelImpl.java:434)
	at java.net.http/jdk.internal.net.http.SocketTube.readAvailable(SocketTube.java:1178)
	at java.net.http/jdk.internal.net.http.SocketTube$InternalReadPublisher$InternalReadSubscription.read(SocketTube.java:841)
	at java.net.http/jdk.internal.net.http.SocketTube$SocketFlowTask.run(SocketTube.java:181)
	at java.net.http/jdk.internal.net.http.common.SequentialScheduler$SchedulableTask.run(SequentialScheduler.java:207)
	at java.net.http/jdk.internal.net.http.common.SequentialScheduler.runOrSchedule(SequentialScheduler.java:280)
	at java.net.http/jdk.internal.net.http.common.SequentialScheduler.runOrSchedule(SequentialScheduler.java:233)
	at java.net.http/jdk.internal.net.http.SocketTube$InternalReadPublisher$InternalReadSubscription.signalReadable(SocketTube.java:782)
	at java.net.http/jdk.internal.net.http.SocketTube$InternalReadPublisher$ReadEvent.signalEvent(SocketTube.java:965)
	at java.net.http/jdk.internal.net.http.SocketTube$SocketFlowEvent.handle(SocketTube.java:253)
	at java.net.http/jdk.internal.net.http.HttpClientImpl$SelectorManager.handleEvent(HttpClientImpl.java:1469)
	at java.net.http/jdk.internal.net.http.HttpClientImpl$SelectorManager.lambda$run$3(HttpClientImpl.java:1414)
	at java.base/java.util.ArrayList.forEach(ArrayList.java:1596)
	at java.net.http/jdk.internal.net.http.HttpClientImpl$SelectorManager.run(HttpClientImpl.java:1414)

]]></system-err>
  </testcase>
  <testcase name="runScenario[&quot;Password mismatch&quot;, &quot;Forgot Password Page error handling&quot;](34)" classname="TestNGTestRunner" time="7.808">
    <system-err><![CDATA[Jan 02, 2025 12:36:45 PM org.openqa.selenium.devtools.CdpVersionFinder findNearestMatch
WARNING: Unable to find an exact match for CDP version 130, returning the closest version; found: 127; Please update to a Selenium version that supports CDP version 130
Jan 02, 2025 12:36:51 PM org.openqa.selenium.remote.http.WebSocket$Listener onError
WARNING: Connection reset
java.net.SocketException: Connection reset
	at java.base/sun.nio.ch.SocketChannelImpl.throwConnectionReset(SocketChannelImpl.java:401)
	at java.base/sun.nio.ch.SocketChannelImpl.read(SocketChannelImpl.java:434)
	at java.net.http/jdk.internal.net.http.SocketTube.readAvailable(SocketTube.java:1178)
	at java.net.http/jdk.internal.net.http.SocketTube$InternalReadPublisher$InternalReadSubscription.read(SocketTube.java:841)
	at java.net.http/jdk.internal.net.http.SocketTube$SocketFlowTask.run(SocketTube.java:181)
	at java.net.http/jdk.internal.net.http.common.SequentialScheduler$SchedulableTask.run(SequentialScheduler.java:207)
	at java.net.http/jdk.internal.net.http.common.SequentialScheduler.runOrSchedule(SequentialScheduler.java:280)
	at java.net.http/jdk.internal.net.http.common.SequentialScheduler.runOrSchedule(SequentialScheduler.java:233)
	at java.net.http/jdk.internal.net.http.SocketTube$InternalReadPublisher$InternalReadSubscription.signalReadable(SocketTube.java:782)
	at java.net.http/jdk.internal.net.http.SocketTube$InternalReadPublisher$ReadEvent.signalEvent(SocketTube.java:965)
	at java.net.http/jdk.internal.net.http.SocketTube$SocketFlowEvent.handle(SocketTube.java:253)
	at java.net.http/jdk.internal.net.http.HttpClientImpl$SelectorManager.handleEvent(HttpClientImpl.java:1469)
	at java.net.http/jdk.internal.net.http.HttpClientImpl$SelectorManager.lambda$run$3(HttpClientImpl.java:1414)
	at java.base/java.util.ArrayList.forEach(ArrayList.java:1596)
	at java.net.http/jdk.internal.net.http.HttpClientImpl$SelectorManager.run(HttpClientImpl.java:1414)

]]></system-err>
  </testcase>
  <testcase name="runScenario[&quot;User Not found&quot;, &quot;Forgot Password Page error handling&quot;](35)" classname="TestNGTestRunner" time="7.486">
    <system-out><![CDATA[{"userEmail":"s123vreveg4@gmail.com","userPassword":"123456","confirmPassword":"123456"}
]]></system-out>
    <system-err><![CDATA[Jan 02, 2025 12:36:53 PM org.openqa.selenium.devtools.CdpVersionFinder findNearestMatch
WARNING: Unable to find an exact match for CDP version 130, returning the closest version; found: 127; Please update to a Selenium version that supports CDP version 130
Jan 02, 2025 12:36:56 PM org.openqa.selenium.devtools.Connection$Listener lambda$onText$0
WARNING: Unable to process: {"method":"Network.requestWillBeSent","params":{"requestId":"26648.20","loaderId":"BD990AD4010CFA272ED13D9D217F6703","documentURL":"https://rahulshettyacademy.com/client/auth/password-new","request":{"url":"https://rahulshettyacademy.com/api/ecom/auth/new-password","method":"POST","headers":{"sec-ch-ua-platform":"\"Windows\"","Referer":"https://rahulshettyacademy.com/client/auth/password-new","User-Agent":"Mozilla/5.0 (Windows NT 10.0; Win64; x64) AppleWebKit/537.36 (KHTML, like Gecko) HeadlessChrome/130.0.0.0 Safari/537.36","Accept":"application/json, text/plain, */*","sec-ch-ua":"\"Chromium\";v=\"130\", \"Google Chrome\";v=\"130\", \"Not?A_Brand\";v=\"99\"","Content-Type":"application/json","sec-ch-ua-mobile":"?0"},"postData":"{\"userEmail\":\"s123vreveg4@gmail.com\",\"userPassword\":\"123456\",\"confirmPassword\":\"123456\"}","hasPostData":true,"postDataEntries":[{"bytes":"eyJ1c2VyRW1haWwiOiJzMTIzdnJldmVnNEBnbWFpbC5jb20iLCJ1c2VyUGFzc3dvcmQiOiIxMjM0NTYiLCJjb25maXJtUGFzc3dvcmQiOiIxMjM0NTYifQ=="}],"mixedContentType":"none","initialPriority":"High","referrerPolicy":"strict-origin-when-cross-origin","isSameSite":true},"timestamp":953.413257,"wallTime":1735801616.339735,"initiator":{"type":"script","stack":{"callFrames":[{"functionName":"q","scriptId":"8","url":"https://rahulshettyacademy.com/client/polyfills.bd0c6ffd915d0ed70d31.js","lineNumber":0,"columnNumber":32300},{"functionName":"scheduleTask","scriptId":"8","url":"https://rahulshettyacademy.com/client/polyfills.bd0c6ffd915d0ed70d31.js","lineNumber":0,"columnNumber":6899},{"functionName":"onScheduleTask","scriptId":"8","url":"https://rahulshettyacademy.com/client/polyfills.bd0c6ffd915d0ed70d31.js","lineNumber":0,"columnNumber":4124},{"functionName":"scheduleTask","scriptId":"8","url":"https://rahulshettyacademy.com/client/polyfills.bd0c6ffd915d0ed70d31.js","lineNumber":0,"columnNumber":6797},{"functionName":"scheduleTask","scriptId":"8","url":"https://rahulshettyacademy.com/client/polyfills.bd0c6ffd915d0ed70d31.js","lineNumber":0,"columnNumber":3086},{"functionName":"scheduleMacroTask","scriptId":"8","url":"https://rahulshettyacademy.com/client/polyfills.bd0c6ffd915d0ed70d31.js","lineNumber":0,"columnNumber":3395},{"functionName":"Me","scriptId":"8","url":"https://rahulshettyacademy.com/client/polyfills.bd0c6ffd915d0ed70d31.js","lineNumber":0,"columnNumber":10539},{"functionName":"","scriptId":"8","url":"https://rahulshettyacademy.com/client/polyfills.bd0c6ffd915d0ed70d31.js","lineNumber":0,"columnNumber":32691},{"functionName":"o.<computed>","scriptId":"8","url":"https://rahulshettyacademy.com/client/polyfills.bd0c6ffd915d0ed70d31.js","lineNumber":0,"columnNumber":13452},{"functionName":"","scriptId":"10","url":"https://rahulshettyacademy.com/client/main.9c44d72685822eee0a0f.js","lineNumber":0,"columnNumber":40276},{"functionName":"_trySubscribe","scriptId":"10","url":"https://rahulshettyacademy.com/client/main.9c44d72685822eee0a0f.js","lineNumber":0,"columnNumber":247222},{"functionName":"subscribe","scriptId":"10","url":"https://rahulshettyacademy.com/client/main.9c44d72685822eee0a0f.js","lineNumber":0,"columnNumber":247023},{"functionName":"call","scriptId":"10","url":"https://rahulshettyacademy.com/client/main.9c44d72685822eee0a0f.js","lineNumber":0,"columnNumber":347614},{"functionName":"subscribe","scriptId":"10","url":"https://rahulshettyacademy.com/client/main.9c44d72685822eee0a0f.js","lineNumber":0,"columnNumber":246898},{"functionName":"call","scriptId":"10","url":"https://rahulshettyacademy.com/client/main.9c44d72685822eee0a0f.js","lineNumber":0,"columnNumber":260024},{"functionName":"subscribe","scriptId":"10","url":"https://rahulshettyacademy.com/client/main.9c44d72685822eee0a0f.js","lineNumber":0,"columnNumber":246898},{"functionName":"call","scriptId":"10","url":"https://rahulshettyacademy.com/client/main.9c44d72685822eee0a0f.js","lineNumber":0,"columnNumber":261641},{"functionName":"subscribe","scriptId":"10","url":"https://rahulshettyacademy.com/client/main.9c44d72685822eee0a0f.js","lineNumber":0,"columnNumber":246898},{"functionName":"X","scriptId":"10","url":"https://rahulshettyacademy.com/client/main.9c44d72685822eee0a0f.js","lineNumber":0,"columnNumber":256272},{"functionName":"_innerSub","scriptId":"10","url":"https://rahulshettyacademy.com/client/main.9c44d72685822eee0a0f.js","lineNumber":0,"columnNumber":263677},{"functionName":"_tryNext","scriptId":"10","url":"https://rahulshettyacademy.com/client/main.9c44d72685822eee0a0f.js","lineNumber":0,"columnNumber":263582},{"functionName":"_next","scriptId":"10","url":"https://rahulshettyacademy.com/client/main.9c44d72685822eee0a0f.js","lineNumber":0,"columnNumber":263421},{"functionName":"next","scriptId":"10","url":"https://rahulshettyacademy.com/client/main.9c44d72685822eee0a0f.js","lineNumber":0,"columnNumber":251086},{"functionName":"","scriptId":"10","url":"https://rahulshettyacademy.com/client/main.9c44d72685822eee0a0f.js","lineNumber":0,"columnNumber":270945},{"functionName":"_trySubscribe","scriptId":"10","url":"https://rahulshettyacademy.com/client/main.9c44d72685822eee0a0f.js","lineNumber":0,"columnNumber":247222},{"functionName":"subscribe","scriptId":"10","url":"https://rahulshettyacademy.com/client/main.9c44d72685822eee0a0f.js","lineNumber":0,"columnNumber":247023},{"functionName":"call","scriptId":"10","url":"https://rahulshettyacademy.com/client/main.9c44d72685822eee0a0f.js","lineNumber":0,"columnNumber":263156},{"functionName":"subscribe","scriptId":"10","url":"https://rahulshettyacademy.com/client/main.9c44d72685822eee0a0f.js","lineNumber":0,"columnNumber":246898},{"functionName":"call","scriptId":"10","url":"https://rahulshettyacademy.com/client/main.9c44d72685822eee0a0f.js","lineNumber":0,"columnNumber":261156},{"functionName":"subscribe","scriptId":"10","url":"https://rahulshettyacademy.com/client/main.9c44d72685822eee0a0f.js","lineNumber":0,"columnNumber":246898},{"functionName":"call","scriptId":"10","url":"https://rahulshettyacademy.com/client/main.9c44d72685822eee0a0f.js","lineNumber":0,"columnNumber":262331},{"functionName":"subscribe","scriptId":"10","url":"https://rahulshettyacademy.com/client/main.9c44d72685822eee0a0f.js","lineNumber":0,"columnNumber":246898},{"functionName":"call","scriptId":"10","url":"https://rahulshettyacademy.com/client/main.9c44d72685822eee0a0f.js","lineNumber":0,"columnNumber":262331},{"functionName":"subscribe","scriptId":"10","url":"https://rahulshettyacademy.com/client/main.9c44d72685822eee0a0f.js","lineNumber":0,"columnNumber":246898},{"functionName":"call","scriptId":"10","url":"https://rahulshettyacademy.com/client/main.9c44d72685822eee0a0f.js","lineNumber":0,"columnNumber":265941},{"functionName":"subscribe","scriptId":"10","url":"https://rahulshettyacademy.com/client/main.9c44d72685822eee0a0f.js","lineNumber":0,"columnNumber":246898},{"functionName":"call","scriptId":"10","url":"https://rahulshettyacademy.com/client/main.9c44d72685822eee0a0f.js","lineNumber":0,"columnNumber":267376},{"functionName":"subscribe","scriptId":"10","url":"https://rahulshettyacademy.com/client/main.9c44d72685822eee0a0f.js","lineNumber":0,"columnNumber":246898},{"functionName":"forgotPassword","scriptId":"14","url":"https://rahulshettyacademy.com/client/674.c8a6d45922fab3876c70.js","lineNumber":0,"columnNumber":56288},{"functionName":"","scriptId":"14","url":"https://rahulshettyacademy.com/client/674.c8a6d45922fab3876c70.js","lineNumber":0,"columnNumber":57832},{"functionName":"Bp","scriptId":"10","url":"https://rahulshettyacademy.com/client/main.9c44d72685822eee0a0f.js","lineNumber":0,"columnNumber":101233},{"functionName":"i","scriptId":"10","url":"https://rahulshettyacademy.com/client/main.9c44d72685822eee0a0f.js","lineNumber":0,"columnNumber":101395},{"functionName":"__tryOrUnsub","scriptId":"10","url":"https://rahulshettyacademy.com/client/main.9c44d72685822eee0a0f.js","lineNumber":0,"columnNumber":252917},{"functionName":"next","scriptId":"10","url":"https://rahulshettyacademy.com/client/main.9c44d72685822eee0a0f.js","lineNumber":0,"columnNumber":252142},{"functionName":"_next","scriptId":"10","url":"https://rahulshettyacademy.com/client/main.9c44d72685822eee0a0f.js","lineNumber":0,"columnNumber":251312},{"functionName":"next","scriptId":"10","url":"https://rahulshettyacademy.com/client/main.9c44d72685822eee0a0f.js","lineNumber":0,"columnNumber":251086},{"functionName":"next","scriptId":"10","url":"https://rahulshettyacademy.com/client/main.9c44d72685822eee0a0f.js","lineNumber":0,"columnNumber":249168},{"functionName":"emit","scriptId":"10","url":"https://rahulshettyacademy.com/client/main.9c44d72685822eee0a0f.js","lineNumber":0,"columnNumber":136306},{"functionName":"onSubmit","scriptId":"12","url":"https://rahulshettyacademy.com/client/480.f1614ecd961bd8e3dfd9.js","lineNumber":0,"columnNumber":33303},{"functionName":"","scriptId":"12","url":"https://rahulshettyacademy.com/client/480.f1614ecd961bd8e3dfd9.js","lineNumber":0,"columnNumber":34287},{"functionName":"Bp","scriptId":"10","url":"https://rahulshettyacademy.com/client/main.9c44d72685822eee0a0f.js","lineNumber":0,"columnNumber":101233},{"functionName":"i","scriptId":"10","url":"https://rahulshettyacademy.com/client/main.9c44d72685822eee0a0f.js","lineNumber":0,"columnNumber":101395},{"functionName":"","scriptId":"10","url":"https://rahulshettyacademy.com/client/main.9c44d72685822eee0a0f.js","lineNumber":0,"columnNumber":164144},{"functionName":"invokeTask","scriptId":"8","url":"https://rahulshettyacademy.com/client/polyfills.bd0c6ffd915d0ed70d31.js","lineNumber":0,"columnNumber":7136},{"functionName":"onInvokeTask","scriptId":"10","url":"https://rahulshettyacademy.com/client/main.9c44d72685822eee0a0f.js","lineNumber":0,"columnNumber":146363},{"functionName":"invokeTask","scriptId":"8","url":"https://rahulshettyacademy.com/client/polyfills.bd0c6ffd915d0ed70d31.js","lineNumber":0,"columnNumber":7057},{"functionName":"runTask","scriptId":"8","url":"https://rahulshettyacademy.com/client/polyfills.bd0c6ffd915d0ed70d31.js","lineNumber":0,"columnNumber":2531},{"functionName":"invokeTask","scriptId":"8","url":"https://rahulshettyacademy.com/client/polyfills.bd0c6ffd915d0ed70d31.js","lineNumber":0,"columnNumber":8187},{"functionName":"Z","scriptId":"8","url":"https://rahulshettyacademy.com/client/polyfills.bd0c6ffd915d0ed70d31.js","lineNumber":0,"columnNumber":20798},{"functionName":"N","scriptId":"8","url":"https://rahulshettyacademy.com/client/polyfills.bd0c6ffd915d0ed70d31.js","lineNumber":0,"columnNumber":21091},{"functionName":"B","scriptId":"8","url":"https://rahulshettyacademy.com/client/polyfills.bd0c6ffd915d0ed70d31.js","lineNumber":0,"columnNumber":21357}]}},"redirectHasExtraInfo":false,"type":"XHR","frameId":"DDC05DEFCC0771707DE6FD5BA2BED560","hasUserGesture":true},"sessionId":"22996FD72ED6721A0ECE80B5589C121D"}
org.json.JSONException: JSONObject["userPaassword"] not found.
	at org.json.JSONObject.get(JSONObject.java:570)
	at org.json.JSONObject.getString(JSONObject.java:857)
	at StepDefinitions.UITest.ForgotPasswordPage.ErrorHandlingStepDefImpl.lambda$user_provied_not_recognised_mail_and_submits_the_form$0(ErrorHandlingStepDefImpl.java:91)
	at org.openqa.selenium.devtools.DevTools.lambda$addListener$0(DevTools.java:104)
	at org.openqa.selenium.devtools.Connection.lambda$handle$5(Connection.java:348)
	at java.base/java.util.stream.ForEachOps$ForEachOp$OfRef.accept(ForEachOps.java:184)
	at java.base/java.util.stream.ReferencePipeline$2$1.accept(ReferencePipeline.java:179)
	at java.base/java.util.stream.ReferencePipeline$15$1.accept(ReferencePipeline.java:541)
	at java.base/java.util.HashMap$EntrySpliterator.forEachRemaining(HashMap.java:1858)
	at java.base/java.util.stream.AbstractPipeline.copyInto(AbstractPipeline.java:509)
	at java.base/java.util.stream.AbstractPipeline.wrapAndCopyInto(AbstractPipeline.java:499)
	at java.base/java.util.stream.ForEachOps$ForEachOp.evaluateSequential(ForEachOps.java:151)
	at java.base/java.util.stream.ForEachOps$ForEachOp$OfRef.evaluateSequential(ForEachOps.java:174)
	at java.base/java.util.stream.AbstractPipeline.evaluate(AbstractPipeline.java:234)
	at java.base/java.util.stream.ReferencePipeline.forEach(ReferencePipeline.java:596)
	at org.openqa.selenium.devtools.Connection.handle(Connection.java:311)
	at org.openqa.selenium.devtools.Connection$Listener.lambda$onText$0(Connection.java:239)
	at java.base/java.util.concurrent.ThreadPoolExecutor.runWorker(ThreadPoolExecutor.java:1144)
	at java.base/java.util.concurrent.ThreadPoolExecutor$Worker.run(ThreadPoolExecutor.java:642)
	at java.base/java.lang.Thread.run(Thread.java:1583)

Exception in thread "CDP Connection" org.openqa.selenium.devtools.DevToolsException: JSONObject["userPaassword"] not found.
Build info: version: '4.23.0', revision: '4df0a231af'
System info: os.name: 'Windows 11', os.arch: 'amd64', os.version: '10.0', java.version: '21.0.5'
Driver info: DevTools Connection
	at org.openqa.selenium.devtools.Connection$Listener.lambda$onText$0(Connection.java:242)
	at java.base/java.util.concurrent.ThreadPoolExecutor.runWorker(ThreadPoolExecutor.java:1144)
	at java.base/java.util.concurrent.ThreadPoolExecutor$Worker.run(ThreadPoolExecutor.java:642)
	at java.base/java.lang.Thread.run(Thread.java:1583)
Caused by: org.json.JSONException: JSONObject["userPaassword"] not found.
	at org.json.JSONObject.get(JSONObject.java:570)
	at org.json.JSONObject.getString(JSONObject.java:857)
	at StepDefinitions.UITest.ForgotPasswordPage.ErrorHandlingStepDefImpl.lambda$user_provied_not_recognised_mail_and_submits_the_form$0(ErrorHandlingStepDefImpl.java:91)
	at org.openqa.selenium.devtools.DevTools.lambda$addListener$0(DevTools.java:104)
	at org.openqa.selenium.devtools.Connection.lambda$handle$5(Connection.java:348)
	at java.base/java.util.stream.ForEachOps$ForEachOp$OfRef.accept(ForEachOps.java:184)
	at java.base/java.util.stream.ReferencePipeline$2$1.accept(ReferencePipeline.java:179)
	at java.base/java.util.stream.ReferencePipeline$15$1.accept(ReferencePipeline.java:541)
	at java.base/java.util.HashMap$EntrySpliterator.forEachRemaining(HashMap.java:1858)
	at java.base/java.util.stream.AbstractPipeline.copyInto(AbstractPipeline.java:509)
	at java.base/java.util.stream.AbstractPipeline.wrapAndCopyInto(AbstractPipeline.java:499)
	at java.base/java.util.stream.ForEachOps$ForEachOp.evaluateSequential(ForEachOps.java:151)
	at java.base/java.util.stream.ForEachOps$ForEachOp$OfRef.evaluateSequential(ForEachOps.java:174)
	at java.base/java.util.stream.AbstractPipeline.evaluate(AbstractPipeline.java:234)
	at java.base/java.util.stream.ReferencePipeline.forEach(ReferencePipeline.java:596)
	at org.openqa.selenium.devtools.Connection.handle(Connection.java:311)
	at org.openqa.selenium.devtools.Connection$Listener.lambda$onText$0(Connection.java:239)
	... 3 more
Jan 02, 2025 12:36:56 PM org.openqa.selenium.devtools.Connection$Listener lambda$onText$0
WARNING: Unable to process: {"method":"Network.responseReceived","params":{"requestId":"26648.20","loaderId":"BD990AD4010CFA272ED13D9D217F6703","timestamp":953.458922,"type":"XHR","response":{"url":"https://rahulshettyacademy.com/api/ecom/auth/new-password","status":404,"statusText":"Not Found","headers":{"ETag":"W/\"1d-PuFZGbFdVksd6DA+Q6gxJfihjNc\"","Expect-CT":"max-age=0","X-Permitted-Cross-Domain-Policies":"none","X-Content-Type-Options":"nosniff","Keep-Alive":"timeout=5, max=92","Date":"Thu, 02 Jan 2025 07:06:59 GMT","Content-Type":"application/json; charset=utf-8","Vary":"Accept-Encoding","X-Frame-Options":"SAMEORIGIN","Strict-Transport-Security":"max-age=15552000; includeSubDomains","Content-Security-Policy":"default-src 'self';base-uri 'self';block-all-mixed-content;font-src 'self' https: data:;frame-ancestors 'self';img-src 'self' data:;object-src 'none';script-src 'self';script-src-attr 'none';style-src 'self' https: 'unsafe-inline';upgrade-insecure-requests","X-DNS-Prefetch-Control":"off","Connection":"Keep-Alive","Referrer-Policy":"no-referrer","X-Download-Options":"noopen","Access-Control-Allow-Origin":"*","Content-Length":"29","X-XSS-Protection":"0","Server":"Apache/2.4.52 (Ubuntu)"},"mimeType":"application/json","charset":"utf-8","connectionReused":true,"connectionId":75,"remoteIPAddress":"13.201.9.53","remotePort":443,"fromDiskCache":false,"fromServiceWorker":false,"fromPrefetchCache":false,"encodedDataLength":894,"timing":{"requestTime":953.417379,"proxyStart":-1,"proxyEnd":-1,"dnsStart":-1,"dnsEnd":-1,"connectStart":-1,"connectEnd":-1,"sslStart":-1,"sslEnd":-1,"workerStart":-1,"workerReady":-1,"workerFetchStart":-1,"workerRespondWithSettled":-1,"sendStart":0.391,"sendEnd":0.642,"pushStart":0,"pushEnd":0,"receiveHeadersStart":39.979,"receiveHeadersEnd":40.074},"responseTime":1.735801616380152e+12,"protocol":"http/1.1","alternateProtocolUsage":"unspecifiedReason","securityState":"secure","securityDetails":{"protocol":"TLS 1.3","keyExchange":"","keyExchangeGroup":"X25519","cipher":"AES_128_GCM","certificateId":0,"subjectName":"rahulshettyacademy.com","sanList":["rahulshettyacademy.com"],"issuer":"E6","validFrom":1731833819,"validTo":1739609818,"signedCertificateTimestampList":[{"status":"Verified","origin":"Embedded in certificate","logDescription":"Google 'Xenon2025h1' log","logId":"CF1156EED52E7CAFF3875BD9692E9BE91A71674AB017ECAC01D25B77CECC3B08","timestamp":1731837329589,"hashAlgorithm":"SHA-256","signatureAlgorithm":"ECDSA","signatureData":"3045022049CA90B2CB95C3A4AECDECF04FECA784EE3C38F667E4444EC363E3896496E161022100A382A6A79A23DB380C6BAE53F0317A7817F487C963769692F01598128068DB66"},{"status":"Verified","origin":"Embedded in certificate","logDescription":"DigiCert Nessie2025 Log","logId":"E6D2316340778CC1104106D771B9CEC1D240F6968486FBBA87321DFD1E378E50","timestamp":1731837329733,"hashAlgorithm":"SHA-256","signatureAlgorithm":"ECDSA","signatureData":"30450220157FD090AF13CC9D704CDB761C669D3050A465792F7063143A29419C5455EE34022100B52F2E04241FBDC492EED0F11D8D4C2FCCA313C5DD1D6CFBD8BE909857B03816"}],"certificateTransparencyCompliance":"unknown","serverSignatureAlgorithm":1027,"encryptedClientHello":false}},"hasExtraInfo":true,"frameId":"DDC05DEFCC0771707DE6FD5BA2BED560"},"sessionId":"22996FD72ED6721A0ECE80B5589C121D"}
org.json.JSONException: A JSONObject text must begin with '{' at 1 [character 2 line 1]
	at org.json.JSONTokener.syntaxError(JSONTokener.java:497)
	at org.json.JSONObject.<init>(JSONObject.java:208)
	at org.json.JSONObject.<init>(JSONObject.java:404)
	at StepDefinitions.UITest.ForgotPasswordPage.ErrorHandlingStepDefImpl.lambda$user_provied_not_recognised_mail_and_submits_the_form$1(ErrorHandlingStepDefImpl.java:102)
	at org.openqa.selenium.devtools.DevTools.lambda$addListener$0(DevTools.java:104)
	at org.openqa.selenium.devtools.Connection.lambda$handle$5(Connection.java:348)
	at java.base/java.util.stream.ForEachOps$ForEachOp$OfRef.accept(ForEachOps.java:184)
	at java.base/java.util.stream.ReferencePipeline$2$1.accept(ReferencePipeline.java:179)
	at java.base/java.util.stream.ReferencePipeline$15$1.accept(ReferencePipeline.java:541)
	at java.base/java.util.HashMap$EntrySpliterator.forEachRemaining(HashMap.java:1858)
	at java.base/java.util.stream.AbstractPipeline.copyInto(AbstractPipeline.java:509)
	at java.base/java.util.stream.AbstractPipeline.wrapAndCopyInto(AbstractPipeline.java:499)
	at java.base/java.util.stream.ForEachOps$ForEachOp.evaluateSequential(ForEachOps.java:151)
	at java.base/java.util.stream.ForEachOps$ForEachOp$OfRef.evaluateSequential(ForEachOps.java:174)
	at java.base/java.util.stream.AbstractPipeline.evaluate(AbstractPipeline.java:234)
	at java.base/java.util.stream.ReferencePipeline.forEach(ReferencePipeline.java:596)
	at org.openqa.selenium.devtools.Connection.handle(Connection.java:311)
	at org.openqa.selenium.devtools.Connection$Listener.lambda$onText$0(Connection.java:239)
	at java.base/java.util.concurrent.ThreadPoolExecutor.runWorker(ThreadPoolExecutor.java:1144)
	at java.base/java.util.concurrent.ThreadPoolExecutor$Worker.run(ThreadPoolExecutor.java:642)
	at java.base/java.lang.Thread.run(Thread.java:1583)

Exception in thread "CDP Connection" org.openqa.selenium.devtools.DevToolsException: A JSONObject text must begin with '{' at 1 [character 2 line 1]
Build info: version: '4.23.0', revision: '4df0a231af'
System info: os.name: 'Windows 11', os.arch: 'amd64', os.version: '10.0', java.version: '21.0.5'
Driver info: DevTools Connection
	at org.openqa.selenium.devtools.Connection$Listener.lambda$onText$0(Connection.java:242)
	at java.base/java.util.concurrent.ThreadPoolExecutor.runWorker(ThreadPoolExecutor.java:1144)
	at java.base/java.util.concurrent.ThreadPoolExecutor$Worker.run(ThreadPoolExecutor.java:642)
	at java.base/java.lang.Thread.run(Thread.java:1583)
Caused by: org.json.JSONException: A JSONObject text must begin with '{' at 1 [character 2 line 1]
	at org.json.JSONTokener.syntaxError(JSONTokener.java:497)
	at org.json.JSONObject.<init>(JSONObject.java:208)
	at org.json.JSONObject.<init>(JSONObject.java:404)
	at StepDefinitions.UITest.ForgotPasswordPage.ErrorHandlingStepDefImpl.lambda$user_provied_not_recognised_mail_and_submits_the_form$1(ErrorHandlingStepDefImpl.java:102)
	at org.openqa.selenium.devtools.DevTools.lambda$addListener$0(DevTools.java:104)
	at org.openqa.selenium.devtools.Connection.lambda$handle$5(Connection.java:348)
	at java.base/java.util.stream.ForEachOps$ForEachOp$OfRef.accept(ForEachOps.java:184)
	at java.base/java.util.stream.ReferencePipeline$2$1.accept(ReferencePipeline.java:179)
	at java.base/java.util.stream.ReferencePipeline$15$1.accept(ReferencePipeline.java:541)
	at java.base/java.util.HashMap$EntrySpliterator.forEachRemaining(HashMap.java:1858)
	at java.base/java.util.stream.AbstractPipeline.copyInto(AbstractPipeline.java:509)
	at java.base/java.util.stream.AbstractPipeline.wrapAndCopyInto(AbstractPipeline.java:499)
	at java.base/java.util.stream.ForEachOps$ForEachOp.evaluateSequential(ForEachOps.java:151)
	at java.base/java.util.stream.ForEachOps$ForEachOp$OfRef.evaluateSequential(ForEachOps.java:174)
	at java.base/java.util.stream.AbstractPipeline.evaluate(AbstractPipeline.java:234)
	at java.base/java.util.stream.ReferencePipeline.forEach(ReferencePipeline.java:596)
	at org.openqa.selenium.devtools.Connection.handle(Connection.java:311)
	at org.openqa.selenium.devtools.Connection$Listener.lambda$onText$0(Connection.java:239)
	... 3 more
Jan 02, 2025 12:36:58 PM org.openqa.selenium.remote.http.WebSocket$Listener onError
WARNING: Connection reset
java.net.SocketException: Connection reset
	at java.base/sun.nio.ch.SocketChannelImpl.throwConnectionReset(SocketChannelImpl.java:401)
	at java.base/sun.nio.ch.SocketChannelImpl.read(SocketChannelImpl.java:434)
	at java.net.http/jdk.internal.net.http.SocketTube.readAvailable(SocketTube.java:1178)
	at java.net.http/jdk.internal.net.http.SocketTube$InternalReadPublisher$InternalReadSubscription.read(SocketTube.java:841)
	at java.net.http/jdk.internal.net.http.SocketTube$SocketFlowTask.run(SocketTube.java:181)
	at java.net.http/jdk.internal.net.http.common.SequentialScheduler$SchedulableTask.run(SequentialScheduler.java:207)
	at java.net.http/jdk.internal.net.http.common.SequentialScheduler.runOrSchedule(SequentialScheduler.java:280)
	at java.net.http/jdk.internal.net.http.common.SequentialScheduler.runOrSchedule(SequentialScheduler.java:233)
	at java.net.http/jdk.internal.net.http.SocketTube$InternalReadPublisher$InternalReadSubscription.signalReadable(SocketTube.java:782)
	at java.net.http/jdk.internal.net.http.SocketTube$InternalReadPublisher$ReadEvent.signalEvent(SocketTube.java:965)
	at java.net.http/jdk.internal.net.http.SocketTube$SocketFlowEvent.handle(SocketTube.java:253)
	at java.net.http/jdk.internal.net.http.HttpClientImpl$SelectorManager.handleEvent(HttpClientImpl.java:1469)
	at java.net.http/jdk.internal.net.http.HttpClientImpl$SelectorManager.lambda$run$3(HttpClientImpl.java:1414)
	at java.base/java.util.ArrayList.forEach(ArrayList.java:1596)
	at java.net.http/jdk.internal.net.http.HttpClientImpl$SelectorManager.run(HttpClientImpl.java:1414)

]]></system-err>
  </testcase>
  <testcase name="runScenario[&quot;API intercept failed&quot;, &quot;Forgot Password Page error handling&quot;](36)" classname="TestNGTestRunner" time="7.085">
    <system-out><![CDATA[dd
]]></system-out>
    <system-err><![CDATA[Jan 02, 2025 12:37:00 PM org.openqa.selenium.devtools.CdpVersionFinder findNearestMatch
WARNING: Unable to find an exact match for CDP version 130, returning the closest version; found: 127; Please update to a Selenium version that supports CDP version 130
Jan 02, 2025 12:37:05 PM org.openqa.selenium.remote.http.WebSocket$Listener onError
WARNING: Connection reset
java.net.SocketException: Connection reset
	at java.base/sun.nio.ch.SocketChannelImpl.throwConnectionReset(SocketChannelImpl.java:401)
	at java.base/sun.nio.ch.SocketChannelImpl.read(SocketChannelImpl.java:434)
	at java.net.http/jdk.internal.net.http.SocketTube.readAvailable(SocketTube.java:1178)
	at java.net.http/jdk.internal.net.http.SocketTube$InternalReadPublisher$InternalReadSubscription.read(SocketTube.java:841)
	at java.net.http/jdk.internal.net.http.SocketTube$SocketFlowTask.run(SocketTube.java:181)
	at java.net.http/jdk.internal.net.http.common.SequentialScheduler$SchedulableTask.run(SequentialScheduler.java:207)
	at java.net.http/jdk.internal.net.http.common.SequentialScheduler.runOrSchedule(SequentialScheduler.java:280)
	at java.net.http/jdk.internal.net.http.common.SequentialScheduler.runOrSchedule(SequentialScheduler.java:233)
	at java.net.http/jdk.internal.net.http.SocketTube$InternalReadPublisher$InternalReadSubscription.signalReadable(SocketTube.java:782)
	at java.net.http/jdk.internal.net.http.SocketTube$InternalReadPublisher$ReadEvent.signalEvent(SocketTube.java:965)
	at java.net.http/jdk.internal.net.http.SocketTube$SocketFlowEvent.handle(SocketTube.java:253)
	at java.net.http/jdk.internal.net.http.HttpClientImpl$SelectorManager.handleEvent(HttpClientImpl.java:1469)
	at java.net.http/jdk.internal.net.http.HttpClientImpl$SelectorManager.lambda$run$3(HttpClientImpl.java:1414)
	at java.base/java.util.ArrayList.forEach(ArrayList.java:1596)
	at java.net.http/jdk.internal.net.http.HttpClientImpl$SelectorManager.run(HttpClientImpl.java:1414)

]]></system-err>
  </testcase>
  <testcase name="runScenario[&quot;API Payload changedInvalid email&quot;, &quot;Forgot Password Page error handling&quot;](37)" classname="TestNGTestRunner" time="6.706">
    <system-out><![CDATA[interception-job-1.0
{"userEmail":"123456","userPassword":"123456","confirmPassword":"123456"}
]]></system-out>
    <system-err><![CDATA[Jan 02, 2025 12:37:07 PM org.openqa.selenium.devtools.CdpVersionFinder findNearestMatch
WARNING: Unable to find an exact match for CDP version 130, returning the closest version; found: 127; Please update to a Selenium version that supports CDP version 130
Jan 02, 2025 12:37:10 PM org.openqa.selenium.devtools.Connection$Listener lambda$onText$0
WARNING: Unable to process: {"method":"Fetch.requestPaused","params":{"requestId":"interception-job-1.0","request":{"url":"https://rahulshettyacademy.com/api/ecom/auth/new-password","method":"POST","headers":{"Accept":"application/json, text/plain, */*","Content-Type":"application/json","Origin":"https://rahulshettyacademy.com","Referer":"https://rahulshettyacademy.com/client/auth/password-new","User-Agent":"Mozilla/5.0 (Windows NT 10.0; Win64; x64) AppleWebKit/537.36 (KHTML, like Gecko) HeadlessChrome/130.0.0.0 Safari/537.36","sec-ch-ua":"\"Chromium\";v=\"130\", \"Google Chrome\";v=\"130\", \"Not?A_Brand\";v=\"99\"","sec-ch-ua-mobile":"?0","sec-ch-ua-platform":"\"Windows\""},"postData":"{\"userEmail\":\"s1234@gmail.com\",\"userPassword\":\"123456\",\"confirmPassword\":\"123456\"}","hasPostData":true,"postDataEntries":[{"bytes":"eyJ1c2VyRW1haWwiOiJzMTIzNEBnbWFpbC5jb20iLCJ1c2VyUGFzc3dvcmQiOiIxMjM0NTYiLCJjb25maXJtUGFzc3dvcmQiOiIxMjM0NTYifQ=="}],"initialPriority":"High","referrerPolicy":"strict-origin-when-cross-origin"},"frameId":"60A86371160916705989F3155663806E","resourceType":"XHR"},"sessionId":"DA3E651ADADB928453A19941C1194273"}
org.openqa.selenium.devtools.DevToolsException: {"id":45,"error":{"code":-32602,"message":"Invalid parameters","data":"Failed to deserialize params.postData - BINDINGS: invalid base64 string at position 48"},"sessionId":"DA3E651ADADB928453A19941C1194273"}
Build info: version: '4.23.0', revision: '4df0a231af'
System info: os.name: 'Windows 11', os.arch: 'amd64', os.version: '10.0', java.version: '21.0.5'
Driver info: driver.version: unknown
	at org.openqa.selenium.devtools.Connection.sendAndWait(Connection.java:195)
	at org.openqa.selenium.devtools.DevTools.send(DevTools.java:90)
	at StepDefinitions.UITest.ForgotPasswordPage.ErrorHandlingStepDefImpl.lambda$user_provied_correct_details_and_submits_the_form$3(ErrorHandlingStepDefImpl.java:159)
	at org.openqa.selenium.devtools.DevTools.lambda$addListener$0(DevTools.java:104)
	at org.openqa.selenium.devtools.Connection.lambda$handle$5(Connection.java:348)
	at java.base/java.util.stream.ForEachOps$ForEachOp$OfRef.accept(ForEachOps.java:184)
	at java.base/java.util.stream.ReferencePipeline$2$1.accept(ReferencePipeline.java:179)
	at java.base/java.util.stream.ReferencePipeline$15$1.accept(ReferencePipeline.java:541)
	at java.base/java.util.HashMap$EntrySpliterator.forEachRemaining(HashMap.java:1858)
	at java.base/java.util.stream.AbstractPipeline.copyInto(AbstractPipeline.java:509)
	at java.base/java.util.stream.AbstractPipeline.wrapAndCopyInto(AbstractPipeline.java:499)
	at java.base/java.util.stream.ForEachOps$ForEachOp.evaluateSequential(ForEachOps.java:151)
	at java.base/java.util.stream.ForEachOps$ForEachOp$OfRef.evaluateSequential(ForEachOps.java:174)
	at java.base/java.util.stream.AbstractPipeline.evaluate(AbstractPipeline.java:234)
	at java.base/java.util.stream.ReferencePipeline.forEach(ReferencePipeline.java:596)
	at org.openqa.selenium.devtools.Connection.handle(Connection.java:311)
	at org.openqa.selenium.devtools.Connection$Listener.lambda$onText$0(Connection.java:239)
	at java.base/java.util.concurrent.ThreadPoolExecutor.runWorker(ThreadPoolExecutor.java:1144)
	at java.base/java.util.concurrent.ThreadPoolExecutor$Worker.run(ThreadPoolExecutor.java:642)
	at java.base/java.lang.Thread.run(Thread.java:1583)
Caused by: org.openqa.selenium.WebDriverException: {"id":45,"error":{"code":-32602,"message":"Invalid parameters","data":"Failed to deserialize params.postData - BINDINGS: invalid base64 string at position 48"},"sessionId":"DA3E651ADADB928453A19941C1194273"}
Build info: version: '4.23.0', revision: '4df0a231af'
System info: os.name: 'Windows 11', os.arch: 'amd64', os.version: '10.0', java.version: '21.0.5'
Driver info: driver.version: unknown
	at org.openqa.selenium.devtools.Connection.handle(Connection.java:275)
	... 4 more

Exception in thread "CDP Connection" org.openqa.selenium.devtools.DevToolsException: {"id":45,"error":{"code":-32602,"message":"Invalid parameters","data":"Failed to deserialize params.postData - BINDINGS: invalid base64 string at position 48"},"sessionId":"DA3E651ADADB928453A19941C1194273"}
Build info: version: '4.23.0', revision: '4df0a231af'
System info: os.name: 'Windows 11', os.arch: 'amd64', os.version: '10.0', java.version: '21.0.5'
Driver info: driver.version: unknown
	at org.openqa.selenium.devtools.Connection$Listener.lambda$onText$0(Connection.java:242)
	at java.base/java.util.concurrent.ThreadPoolExecutor.runWorker(ThreadPoolExecutor.java:1144)
	at java.base/java.util.concurrent.ThreadPoolExecutor$Worker.run(ThreadPoolExecutor.java:642)
	at java.base/java.lang.Thread.run(Thread.java:1583)
Caused by: org.openqa.selenium.devtools.DevToolsException: {"id":45,"error":{"code":-32602,"message":"Invalid parameters","data":"Failed to deserialize params.postData - BINDINGS: invalid base64 string at position 48"},"sessionId":"DA3E651ADADB928453A19941C1194273"}
Build info: version: '4.23.0', revision: '4df0a231af'
System info: os.name: 'Windows 11', os.arch: 'amd64', os.version: '10.0', java.version: '21.0.5'
Driver info: driver.version: unknown
	at org.openqa.selenium.devtools.Connection.sendAndWait(Connection.java:195)
	at org.openqa.selenium.devtools.DevTools.send(DevTools.java:90)
	at StepDefinitions.UITest.ForgotPasswordPage.ErrorHandlingStepDefImpl.lambda$user_provied_correct_details_and_submits_the_form$3(ErrorHandlingStepDefImpl.java:159)
	at org.openqa.selenium.devtools.DevTools.lambda$addListener$0(DevTools.java:104)
	at org.openqa.selenium.devtools.Connection.lambda$handle$5(Connection.java:348)
	at java.base/java.util.stream.ForEachOps$ForEachOp$OfRef.accept(ForEachOps.java:184)
	at java.base/java.util.stream.ReferencePipeline$2$1.accept(ReferencePipeline.java:179)
	at java.base/java.util.stream.ReferencePipeline$15$1.accept(ReferencePipeline.java:541)
	at java.base/java.util.HashMap$EntrySpliterator.forEachRemaining(HashMap.java:1858)
	at java.base/java.util.stream.AbstractPipeline.copyInto(AbstractPipeline.java:509)
	at java.base/java.util.stream.AbstractPipeline.wrapAndCopyInto(AbstractPipeline.java:499)
	at java.base/java.util.stream.ForEachOps$ForEachOp.evaluateSequential(ForEachOps.java:151)
	at java.base/java.util.stream.ForEachOps$ForEachOp$OfRef.evaluateSequential(ForEachOps.java:174)
	at java.base/java.util.stream.AbstractPipeline.evaluate(AbstractPipeline.java:234)
	at java.base/java.util.stream.ReferencePipeline.forEach(ReferencePipeline.java:596)
	at org.openqa.selenium.devtools.Connection.handle(Connection.java:311)
	at org.openqa.selenium.devtools.Connection$Listener.lambda$onText$0(Connection.java:239)
	... 3 more
Caused by: org.openqa.selenium.WebDriverException: {"id":45,"error":{"code":-32602,"message":"Invalid parameters","data":"Failed to deserialize params.postData - BINDINGS: invalid base64 string at position 48"},"sessionId":"DA3E651ADADB928453A19941C1194273"}
Build info: version: '4.23.0', revision: '4df0a231af'
System info: os.name: 'Windows 11', os.arch: 'amd64', os.version: '10.0', java.version: '21.0.5'
Driver info: driver.version: unknown
	at org.openqa.selenium.devtools.Connection.handle(Connection.java:275)
	... 4 more
Jan 02, 2025 12:37:12 PM org.openqa.selenium.remote.http.WebSocket$Listener onError
WARNING: Connection reset
java.net.SocketException: Connection reset
	at java.base/sun.nio.ch.SocketChannelImpl.throwConnectionReset(SocketChannelImpl.java:401)
	at java.base/sun.nio.ch.SocketChannelImpl.read(SocketChannelImpl.java:434)
	at java.net.http/jdk.internal.net.http.SocketTube.readAvailable(SocketTube.java:1178)
	at java.net.http/jdk.internal.net.http.SocketTube$InternalReadPublisher$InternalReadSubscription.read(SocketTube.java:841)
	at java.net.http/jdk.internal.net.http.SocketTube$SocketFlowTask.run(SocketTube.java:181)
	at java.net.http/jdk.internal.net.http.common.SequentialScheduler$SchedulableTask.run(SequentialScheduler.java:207)
	at java.net.http/jdk.internal.net.http.common.SequentialScheduler.runOrSchedule(SequentialScheduler.java:280)
	at java.net.http/jdk.internal.net.http.common.SequentialScheduler.runOrSchedule(SequentialScheduler.java:233)
	at java.net.http/jdk.internal.net.http.SocketTube$InternalReadPublisher$InternalReadSubscription.signalReadable(SocketTube.java:782)
	at java.net.http/jdk.internal.net.http.SocketTube$InternalReadPublisher$ReadEvent.signalEvent(SocketTube.java:965)
	at java.net.http/jdk.internal.net.http.SocketTube$SocketFlowEvent.handle(SocketTube.java:253)
	at java.net.http/jdk.internal.net.http.HttpClientImpl$SelectorManager.handleEvent(HttpClientImpl.java:1469)
	at java.net.http/jdk.internal.net.http.HttpClientImpl$SelectorManager.lambda$run$3(HttpClientImpl.java:1414)
	at java.base/java.util.ArrayList.forEach(ArrayList.java:1596)
	at java.net.http/jdk.internal.net.http.HttpClientImpl$SelectorManager.run(HttpClientImpl.java:1414)

]]></system-err>
  </testcase>
  <testcase name="runScenario[&quot;Forgot Password Page functionality&quot;, &quot;Forgot Password Page functionality&quot;](38)" classname="TestNGTestRunner" time="6.282">
    <system-err><![CDATA[Jan 02, 2025 12:37:14 PM org.openqa.selenium.devtools.CdpVersionFinder findNearestMatch
WARNING: Unable to find an exact match for CDP version 130, returning the closest version; found: 127; Please update to a Selenium version that supports CDP version 130
Jan 02, 2025 12:37:18 PM org.openqa.selenium.remote.http.WebSocket$Listener onError
WARNING: Connection reset
java.net.SocketException: Connection reset
	at java.base/sun.nio.ch.SocketChannelImpl.throwConnectionReset(SocketChannelImpl.java:401)
	at java.base/sun.nio.ch.SocketChannelImpl.read(SocketChannelImpl.java:434)
	at java.net.http/jdk.internal.net.http.SocketTube.readAvailable(SocketTube.java:1178)
	at java.net.http/jdk.internal.net.http.SocketTube$InternalReadPublisher$InternalReadSubscription.read(SocketTube.java:841)
	at java.net.http/jdk.internal.net.http.SocketTube$SocketFlowTask.run(SocketTube.java:181)
	at java.net.http/jdk.internal.net.http.common.SequentialScheduler$SchedulableTask.run(SequentialScheduler.java:207)
	at java.net.http/jdk.internal.net.http.common.SequentialScheduler.runOrSchedule(SequentialScheduler.java:280)
	at java.net.http/jdk.internal.net.http.common.SequentialScheduler.runOrSchedule(SequentialScheduler.java:233)
	at java.net.http/jdk.internal.net.http.SocketTube$InternalReadPublisher$InternalReadSubscription.signalReadable(SocketTube.java:782)
	at java.net.http/jdk.internal.net.http.SocketTube$InternalReadPublisher$ReadEvent.signalEvent(SocketTube.java:965)
	at java.net.http/jdk.internal.net.http.SocketTube$SocketFlowEvent.handle(SocketTube.java:253)
	at java.net.http/jdk.internal.net.http.HttpClientImpl$SelectorManager.handleEvent(HttpClientImpl.java:1469)
	at java.net.http/jdk.internal.net.http.HttpClientImpl$SelectorManager.lambda$run$3(HttpClientImpl.java:1414)
	at java.base/java.util.ArrayList.forEach(ArrayList.java:1596)
	at java.net.http/jdk.internal.net.http.HttpClientImpl$SelectorManager.run(HttpClientImpl.java:1414)

]]></system-err>
  </testcase>
  <testcase name="runScenario[&quot;Forgot Password Page functionality&quot;, &quot;Forgot Password Page functionality&quot;](39)" classname="TestNGTestRunner" time="6.364">
    <system-err><![CDATA[Jan 02, 2025 12:37:20 PM org.openqa.selenium.devtools.CdpVersionFinder findNearestMatch
WARNING: Unable to find an exact match for CDP version 130, returning the closest version; found: 127; Please update to a Selenium version that supports CDP version 130
Jan 02, 2025 12:37:25 PM org.openqa.selenium.remote.http.WebSocket$Listener onError
WARNING: Connection reset
java.net.SocketException: Connection reset
	at java.base/sun.nio.ch.SocketChannelImpl.throwConnectionReset(SocketChannelImpl.java:401)
	at java.base/sun.nio.ch.SocketChannelImpl.read(SocketChannelImpl.java:434)
	at java.net.http/jdk.internal.net.http.SocketTube.readAvailable(SocketTube.java:1178)
	at java.net.http/jdk.internal.net.http.SocketTube$InternalReadPublisher$InternalReadSubscription.read(SocketTube.java:841)
	at java.net.http/jdk.internal.net.http.SocketTube$SocketFlowTask.run(SocketTube.java:181)
	at java.net.http/jdk.internal.net.http.common.SequentialScheduler$SchedulableTask.run(SequentialScheduler.java:207)
	at java.net.http/jdk.internal.net.http.common.SequentialScheduler.runOrSchedule(SequentialScheduler.java:280)
	at java.net.http/jdk.internal.net.http.common.SequentialScheduler.runOrSchedule(SequentialScheduler.java:233)
	at java.net.http/jdk.internal.net.http.SocketTube$InternalReadPublisher$InternalReadSubscription.signalReadable(SocketTube.java:782)
	at java.net.http/jdk.internal.net.http.SocketTube$InternalReadPublisher$ReadEvent.signalEvent(SocketTube.java:965)
	at java.net.http/jdk.internal.net.http.SocketTube$SocketFlowEvent.handle(SocketTube.java:253)
	at java.net.http/jdk.internal.net.http.HttpClientImpl$SelectorManager.handleEvent(HttpClientImpl.java:1469)
	at java.net.http/jdk.internal.net.http.HttpClientImpl$SelectorManager.lambda$run$3(HttpClientImpl.java:1414)
	at java.base/java.util.ArrayList.forEach(ArrayList.java:1596)
	at java.net.http/jdk.internal.net.http.HttpClientImpl$SelectorManager.run(HttpClientImpl.java:1414)

]]></system-err>
  </testcase>
  <testcase name="runScenario[&quot;Forgot Password Page functionality&quot;, &quot;Forgot Password Page functionality&quot;](40)" classname="TestNGTestRunner" time="11.279">
    <system-out><![CDATA[{"userEmail":"s1234@gmail.com","userPassword":"123456","confirmPassword":"123456"}
]]></system-out>
    <system-err><![CDATA[Jan 02, 2025 12:37:27 PM org.openqa.selenium.devtools.CdpVersionFinder findNearestMatch
WARNING: Unable to find an exact match for CDP version 130, returning the closest version; found: 127; Please update to a Selenium version that supports CDP version 130
Jan 02, 2025 12:37:29 PM org.openqa.selenium.devtools.Connection$Listener lambda$onText$0
WARNING: Unable to process: {"method":"Network.requestWillBeSent","params":{"requestId":"21804.20","loaderId":"2A1A29055CD278B3A5CF8D731696E928","documentURL":"https://rahulshettyacademy.com/client/auth/password-new","request":{"url":"https://rahulshettyacademy.com/api/ecom/auth/new-password","method":"POST","headers":{"sec-ch-ua-platform":"\"Windows\"","Referer":"https://rahulshettyacademy.com/client/auth/password-new","User-Agent":"Mozilla/5.0 (Windows NT 10.0; Win64; x64) AppleWebKit/537.36 (KHTML, like Gecko) HeadlessChrome/130.0.0.0 Safari/537.36","Accept":"application/json, text/plain, */*","sec-ch-ua":"\"Chromium\";v=\"130\", \"Google Chrome\";v=\"130\", \"Not?A_Brand\";v=\"99\"","Content-Type":"application/json","sec-ch-ua-mobile":"?0"},"postData":"{\"userEmail\":\"s1234@gmail.com\",\"userPassword\":\"123456\",\"confirmPassword\":\"123456\"}","hasPostData":true,"postDataEntries":[{"bytes":"eyJ1c2VyRW1haWwiOiJzMTIzNEBnbWFpbC5jb20iLCJ1c2VyUGFzc3dvcmQiOiIxMjM0NTYiLCJjb25maXJtUGFzc3dvcmQiOiIxMjM0NTYifQ=="}],"mixedContentType":"none","initialPriority":"High","referrerPolicy":"strict-origin-when-cross-origin","isSameSite":true},"timestamp":986.822957,"wallTime":1735801649.748579,"initiator":{"type":"script","stack":{"callFrames":[{"functionName":"q","scriptId":"8","url":"https://rahulshettyacademy.com/client/polyfills.bd0c6ffd915d0ed70d31.js","lineNumber":0,"columnNumber":32300},{"functionName":"scheduleTask","scriptId":"8","url":"https://rahulshettyacademy.com/client/polyfills.bd0c6ffd915d0ed70d31.js","lineNumber":0,"columnNumber":6899},{"functionName":"onScheduleTask","scriptId":"8","url":"https://rahulshettyacademy.com/client/polyfills.bd0c6ffd915d0ed70d31.js","lineNumber":0,"columnNumber":4124},{"functionName":"scheduleTask","scriptId":"8","url":"https://rahulshettyacademy.com/client/polyfills.bd0c6ffd915d0ed70d31.js","lineNumber":0,"columnNumber":6797},{"functionName":"scheduleTask","scriptId":"8","url":"https://rahulshettyacademy.com/client/polyfills.bd0c6ffd915d0ed70d31.js","lineNumber":0,"columnNumber":3086},{"functionName":"scheduleMacroTask","scriptId":"8","url":"https://rahulshettyacademy.com/client/polyfills.bd0c6ffd915d0ed70d31.js","lineNumber":0,"columnNumber":3395},{"functionName":"Me","scriptId":"8","url":"https://rahulshettyacademy.com/client/polyfills.bd0c6ffd915d0ed70d31.js","lineNumber":0,"columnNumber":10539},{"functionName":"","scriptId":"8","url":"https://rahulshettyacademy.com/client/polyfills.bd0c6ffd915d0ed70d31.js","lineNumber":0,"columnNumber":32691},{"functionName":"o.<computed>","scriptId":"8","url":"https://rahulshettyacademy.com/client/polyfills.bd0c6ffd915d0ed70d31.js","lineNumber":0,"columnNumber":13452},{"functionName":"","scriptId":"10","url":"https://rahulshettyacademy.com/client/main.9c44d72685822eee0a0f.js","lineNumber":0,"columnNumber":40276},{"functionName":"_trySubscribe","scriptId":"10","url":"https://rahulshettyacademy.com/client/main.9c44d72685822eee0a0f.js","lineNumber":0,"columnNumber":247222},{"functionName":"subscribe","scriptId":"10","url":"https://rahulshettyacademy.com/client/main.9c44d72685822eee0a0f.js","lineNumber":0,"columnNumber":247023},{"functionName":"call","scriptId":"10","url":"https://rahulshettyacademy.com/client/main.9c44d72685822eee0a0f.js","lineNumber":0,"columnNumber":347614},{"functionName":"subscribe","scriptId":"10","url":"https://rahulshettyacademy.com/client/main.9c44d72685822eee0a0f.js","lineNumber":0,"columnNumber":246898},{"functionName":"call","scriptId":"10","url":"https://rahulshettyacademy.com/client/main.9c44d72685822eee0a0f.js","lineNumber":0,"columnNumber":260024},{"functionName":"subscribe","scriptId":"10","url":"https://rahulshettyacademy.com/client/main.9c44d72685822eee0a0f.js","lineNumber":0,"columnNumber":246898},{"functionName":"call","scriptId":"10","url":"https://rahulshettyacademy.com/client/main.9c44d72685822eee0a0f.js","lineNumber":0,"columnNumber":261641},{"functionName":"subscribe","scriptId":"10","url":"https://rahulshettyacademy.com/client/main.9c44d72685822eee0a0f.js","lineNumber":0,"columnNumber":246898},{"functionName":"X","scriptId":"10","url":"https://rahulshettyacademy.com/client/main.9c44d72685822eee0a0f.js","lineNumber":0,"columnNumber":256272},{"functionName":"_innerSub","scriptId":"10","url":"https://rahulshettyacademy.com/client/main.9c44d72685822eee0a0f.js","lineNumber":0,"columnNumber":263677},{"functionName":"_tryNext","scriptId":"10","url":"https://rahulshettyacademy.com/client/main.9c44d72685822eee0a0f.js","lineNumber":0,"columnNumber":263582},{"functionName":"_next","scriptId":"10","url":"https://rahulshettyacademy.com/client/main.9c44d72685822eee0a0f.js","lineNumber":0,"columnNumber":263421},{"functionName":"next","scriptId":"10","url":"https://rahulshettyacademy.com/client/main.9c44d72685822eee0a0f.js","lineNumber":0,"columnNumber":251086},{"functionName":"","scriptId":"10","url":"https://rahulshettyacademy.com/client/main.9c44d72685822eee0a0f.js","lineNumber":0,"columnNumber":270945},{"functionName":"_trySubscribe","scriptId":"10","url":"https://rahulshettyacademy.com/client/main.9c44d72685822eee0a0f.js","lineNumber":0,"columnNumber":247222},{"functionName":"subscribe","scriptId":"10","url":"https://rahulshettyacademy.com/client/main.9c44d72685822eee0a0f.js","lineNumber":0,"columnNumber":247023},{"functionName":"call","scriptId":"10","url":"https://rahulshettyacademy.com/client/main.9c44d72685822eee0a0f.js","lineNumber":0,"columnNumber":263156},{"functionName":"subscribe","scriptId":"10","url":"https://rahulshettyacademy.com/client/main.9c44d72685822eee0a0f.js","lineNumber":0,"columnNumber":246898},{"functionName":"call","scriptId":"10","url":"https://rahulshettyacademy.com/client/main.9c44d72685822eee0a0f.js","lineNumber":0,"columnNumber":261156},{"functionName":"subscribe","scriptId":"10","url":"https://rahulshettyacademy.com/client/main.9c44d72685822eee0a0f.js","lineNumber":0,"columnNumber":246898},{"functionName":"call","scriptId":"10","url":"https://rahulshettyacademy.com/client/main.9c44d72685822eee0a0f.js","lineNumber":0,"columnNumber":262331},{"functionName":"subscribe","scriptId":"10","url":"https://rahulshettyacademy.com/client/main.9c44d72685822eee0a0f.js","lineNumber":0,"columnNumber":246898},{"functionName":"call","scriptId":"10","url":"https://rahulshettyacademy.com/client/main.9c44d72685822eee0a0f.js","lineNumber":0,"columnNumber":262331},{"functionName":"subscribe","scriptId":"10","url":"https://rahulshettyacademy.com/client/main.9c44d72685822eee0a0f.js","lineNumber":0,"columnNumber":246898},{"functionName":"call","scriptId":"10","url":"https://rahulshettyacademy.com/client/main.9c44d72685822eee0a0f.js","lineNumber":0,"columnNumber":265941},{"functionName":"subscribe","scriptId":"10","url":"https://rahulshettyacademy.com/client/main.9c44d72685822eee0a0f.js","lineNumber":0,"columnNumber":246898},{"functionName":"call","scriptId":"10","url":"https://rahulshettyacademy.com/client/main.9c44d72685822eee0a0f.js","lineNumber":0,"columnNumber":267376},{"functionName":"subscribe","scriptId":"10","url":"https://rahulshettyacademy.com/client/main.9c44d72685822eee0a0f.js","lineNumber":0,"columnNumber":246898},{"functionName":"forgotPassword","scriptId":"14","url":"https://rahulshettyacademy.com/client/674.c8a6d45922fab3876c70.js","lineNumber":0,"columnNumber":56288},{"functionName":"","scriptId":"14","url":"https://rahulshettyacademy.com/client/674.c8a6d45922fab3876c70.js","lineNumber":0,"columnNumber":57832},{"functionName":"Bp","scriptId":"10","url":"https://rahulshettyacademy.com/client/main.9c44d72685822eee0a0f.js","lineNumber":0,"columnNumber":101233},{"functionName":"i","scriptId":"10","url":"https://rahulshettyacademy.com/client/main.9c44d72685822eee0a0f.js","lineNumber":0,"columnNumber":101395},{"functionName":"__tryOrUnsub","scriptId":"10","url":"https://rahulshettyacademy.com/client/main.9c44d72685822eee0a0f.js","lineNumber":0,"columnNumber":252917},{"functionName":"next","scriptId":"10","url":"https://rahulshettyacademy.com/client/main.9c44d72685822eee0a0f.js","lineNumber":0,"columnNumber":252142},{"functionName":"_next","scriptId":"10","url":"https://rahulshettyacademy.com/client/main.9c44d72685822eee0a0f.js","lineNumber":0,"columnNumber":251312},{"functionName":"next","scriptId":"10","url":"https://rahulshettyacademy.com/client/main.9c44d72685822eee0a0f.js","lineNumber":0,"columnNumber":251086},{"functionName":"next","scriptId":"10","url":"https://rahulshettyacademy.com/client/main.9c44d72685822eee0a0f.js","lineNumber":0,"columnNumber":249168},{"functionName":"emit","scriptId":"10","url":"https://rahulshettyacademy.com/client/main.9c44d72685822eee0a0f.js","lineNumber":0,"columnNumber":136306},{"functionName":"onSubmit","scriptId":"12","url":"https://rahulshettyacademy.com/client/480.f1614ecd961bd8e3dfd9.js","lineNumber":0,"columnNumber":33303},{"functionName":"","scriptId":"12","url":"https://rahulshettyacademy.com/client/480.f1614ecd961bd8e3dfd9.js","lineNumber":0,"columnNumber":34287},{"functionName":"Bp","scriptId":"10","url":"https://rahulshettyacademy.com/client/main.9c44d72685822eee0a0f.js","lineNumber":0,"columnNumber":101233},{"functionName":"i","scriptId":"10","url":"https://rahulshettyacademy.com/client/main.9c44d72685822eee0a0f.js","lineNumber":0,"columnNumber":101395},{"functionName":"","scriptId":"10","url":"https://rahulshettyacademy.com/client/main.9c44d72685822eee0a0f.js","lineNumber":0,"columnNumber":164144},{"functionName":"invokeTask","scriptId":"8","url":"https://rahulshettyacademy.com/client/polyfills.bd0c6ffd915d0ed70d31.js","lineNumber":0,"columnNumber":7136},{"functionName":"onInvokeTask","scriptId":"10","url":"https://rahulshettyacademy.com/client/main.9c44d72685822eee0a0f.js","lineNumber":0,"columnNumber":146363},{"functionName":"invokeTask","scriptId":"8","url":"https://rahulshettyacademy.com/client/polyfills.bd0c6ffd915d0ed70d31.js","lineNumber":0,"columnNumber":7057},{"functionName":"runTask","scriptId":"8","url":"https://rahulshettyacademy.com/client/polyfills.bd0c6ffd915d0ed70d31.js","lineNumber":0,"columnNumber":2531},{"functionName":"invokeTask","scriptId":"8","url":"https://rahulshettyacademy.com/client/polyfills.bd0c6ffd915d0ed70d31.js","lineNumber":0,"columnNumber":8187},{"functionName":"Z","scriptId":"8","url":"https://rahulshettyacademy.com/client/polyfills.bd0c6ffd915d0ed70d31.js","lineNumber":0,"columnNumber":20798},{"functionName":"N","scriptId":"8","url":"https://rahulshettyacademy.com/client/polyfills.bd0c6ffd915d0ed70d31.js","lineNumber":0,"columnNumber":21091},{"functionName":"B","scriptId":"8","url":"https://rahulshettyacademy.com/client/polyfills.bd0c6ffd915d0ed70d31.js","lineNumber":0,"columnNumber":21357}]}},"redirectHasExtraInfo":false,"type":"XHR","frameId":"242882FC85D4961A00B82C2FB4D8FD00","hasUserGesture":true},"sessionId":"ABD99FDCBFDD490258FCFED8712A8A87"}
org.json.JSONException: JSONObject["userPaassword"] not found.
	at org.json.JSONObject.get(JSONObject.java:570)
	at org.json.JSONObject.getString(JSONObject.java:857)
	at StepDefinitions.UITest.ForgotPasswordPage.FunctionalityStepDefImpl.lambda$user_provied_details_and_submits_the_form$0(FunctionalityStepDefImpl.java:72)
	at org.openqa.selenium.devtools.DevTools.lambda$addListener$0(DevTools.java:104)
	at org.openqa.selenium.devtools.Connection.lambda$handle$5(Connection.java:348)
	at java.base/java.util.stream.ForEachOps$ForEachOp$OfRef.accept(ForEachOps.java:184)
	at java.base/java.util.stream.ReferencePipeline$2$1.accept(ReferencePipeline.java:179)
	at java.base/java.util.stream.ReferencePipeline$15$1.accept(ReferencePipeline.java:541)
	at java.base/java.util.HashMap$EntrySpliterator.forEachRemaining(HashMap.java:1858)
	at java.base/java.util.stream.AbstractPipeline.copyInto(AbstractPipeline.java:509)
	at java.base/java.util.stream.AbstractPipeline.wrapAndCopyInto(AbstractPipeline.java:499)
	at java.base/java.util.stream.ForEachOps$ForEachOp.evaluateSequential(ForEachOps.java:151)
	at java.base/java.util.stream.ForEachOps$ForEachOp$OfRef.evaluateSequential(ForEachOps.java:174)
	at java.base/java.util.stream.AbstractPipeline.evaluate(AbstractPipeline.java:234)
	at java.base/java.util.stream.ReferencePipeline.forEach(ReferencePipeline.java:596)
	at org.openqa.selenium.devtools.Connection.handle(Connection.java:311)
	at org.openqa.selenium.devtools.Connection$Listener.lambda$onText$0(Connection.java:239)
	at java.base/java.util.concurrent.ThreadPoolExecutor.runWorker(ThreadPoolExecutor.java:1144)
	at java.base/java.util.concurrent.ThreadPoolExecutor$Worker.run(ThreadPoolExecutor.java:642)
	at java.base/java.lang.Thread.run(Thread.java:1583)

Exception in thread "CDP Connection" org.openqa.selenium.devtools.DevToolsException: JSONObject["userPaassword"] not found.
Build info: version: '4.23.0', revision: '4df0a231af'
System info: os.name: 'Windows 11', os.arch: 'amd64', os.version: '10.0', java.version: '21.0.5'
Driver info: DevTools Connection
	at org.openqa.selenium.devtools.Connection$Listener.lambda$onText$0(Connection.java:242)
	at java.base/java.util.concurrent.ThreadPoolExecutor.runWorker(ThreadPoolExecutor.java:1144)
	at java.base/java.util.concurrent.ThreadPoolExecutor$Worker.run(ThreadPoolExecutor.java:642)
	at java.base/java.lang.Thread.run(Thread.java:1583)
Caused by: org.json.JSONException: JSONObject["userPaassword"] not found.
	at org.json.JSONObject.get(JSONObject.java:570)
	at org.json.JSONObject.getString(JSONObject.java:857)
	at StepDefinitions.UITest.ForgotPasswordPage.FunctionalityStepDefImpl.lambda$user_provied_details_and_submits_the_form$0(FunctionalityStepDefImpl.java:72)
	at org.openqa.selenium.devtools.DevTools.lambda$addListener$0(DevTools.java:104)
	at org.openqa.selenium.devtools.Connection.lambda$handle$5(Connection.java:348)
	at java.base/java.util.stream.ForEachOps$ForEachOp$OfRef.accept(ForEachOps.java:184)
	at java.base/java.util.stream.ReferencePipeline$2$1.accept(ReferencePipeline.java:179)
	at java.base/java.util.stream.ReferencePipeline$15$1.accept(ReferencePipeline.java:541)
	at java.base/java.util.HashMap$EntrySpliterator.forEachRemaining(HashMap.java:1858)
	at java.base/java.util.stream.AbstractPipeline.copyInto(AbstractPipeline.java:509)
	at java.base/java.util.stream.AbstractPipeline.wrapAndCopyInto(AbstractPipeline.java:499)
	at java.base/java.util.stream.ForEachOps$ForEachOp.evaluateSequential(ForEachOps.java:151)
	at java.base/java.util.stream.ForEachOps$ForEachOp$OfRef.evaluateSequential(ForEachOps.java:174)
	at java.base/java.util.stream.AbstractPipeline.evaluate(AbstractPipeline.java:234)
	at java.base/java.util.stream.ReferencePipeline.forEach(ReferencePipeline.java:596)
	at org.openqa.selenium.devtools.Connection.handle(Connection.java:311)
	at org.openqa.selenium.devtools.Connection$Listener.lambda$onText$0(Connection.java:239)
	... 3 more
Jan 02, 2025 12:37:36 PM org.openqa.selenium.remote.http.WebSocket$Listener onError
WARNING: Connection reset
java.net.SocketException: Connection reset
	at java.base/sun.nio.ch.SocketChannelImpl.throwConnectionReset(SocketChannelImpl.java:401)
	at java.base/sun.nio.ch.SocketChannelImpl.read(SocketChannelImpl.java:434)
	at java.net.http/jdk.internal.net.http.SocketTube.readAvailable(SocketTube.java:1178)
	at java.net.http/jdk.internal.net.http.SocketTube$InternalReadPublisher$InternalReadSubscription.read(SocketTube.java:841)
	at java.net.http/jdk.internal.net.http.SocketTube$SocketFlowTask.run(SocketTube.java:181)
	at java.net.http/jdk.internal.net.http.common.SequentialScheduler$SchedulableTask.run(SequentialScheduler.java:207)
	at java.net.http/jdk.internal.net.http.common.SequentialScheduler.runOrSchedule(SequentialScheduler.java:280)
	at java.net.http/jdk.internal.net.http.common.SequentialScheduler.runOrSchedule(SequentialScheduler.java:233)
	at java.net.http/jdk.internal.net.http.SocketTube$InternalReadPublisher$InternalReadSubscription.signalReadable(SocketTube.java:782)
	at java.net.http/jdk.internal.net.http.SocketTube$InternalReadPublisher$ReadEvent.signalEvent(SocketTube.java:965)
	at java.net.http/jdk.internal.net.http.SocketTube$SocketFlowEvent.handle(SocketTube.java:253)
	at java.net.http/jdk.internal.net.http.HttpClientImpl$SelectorManager.handleEvent(HttpClientImpl.java:1469)
	at java.net.http/jdk.internal.net.http.HttpClientImpl$SelectorManager.lambda$run$3(HttpClientImpl.java:1414)
	at java.base/java.util.ArrayList.forEach(ArrayList.java:1596)
	at java.net.http/jdk.internal.net.http.HttpClientImpl$SelectorManager.run(HttpClientImpl.java:1414)

]]></system-err>
  </testcase>
  <testcase name="runScenario[&quot;Login page functionality&quot;, &quot;Login error handling&quot;](41)" classname="TestNGTestRunner" time="6.243">
    <system-err><![CDATA[Jan 02, 2025 12:37:38 PM org.openqa.selenium.devtools.CdpVersionFinder findNearestMatch
WARNING: Unable to find an exact match for CDP version 130, returning the closest version; found: 127; Please update to a Selenium version that supports CDP version 130
Jan 02, 2025 12:37:42 PM org.openqa.selenium.remote.http.WebSocket$Listener onError
WARNING: Connection reset
java.net.SocketException: Connection reset
	at java.base/sun.nio.ch.SocketChannelImpl.throwConnectionReset(SocketChannelImpl.java:401)
	at java.base/sun.nio.ch.SocketChannelImpl.read(SocketChannelImpl.java:434)
	at java.net.http/jdk.internal.net.http.SocketTube.readAvailable(SocketTube.java:1178)
	at java.net.http/jdk.internal.net.http.SocketTube$InternalReadPublisher$InternalReadSubscription.read(SocketTube.java:841)
	at java.net.http/jdk.internal.net.http.SocketTube$SocketFlowTask.run(SocketTube.java:181)
	at java.net.http/jdk.internal.net.http.common.SequentialScheduler$SchedulableTask.run(SequentialScheduler.java:207)
	at java.net.http/jdk.internal.net.http.common.SequentialScheduler.runOrSchedule(SequentialScheduler.java:280)
	at java.net.http/jdk.internal.net.http.common.SequentialScheduler.runOrSchedule(SequentialScheduler.java:233)
	at java.net.http/jdk.internal.net.http.SocketTube$InternalReadPublisher$InternalReadSubscription.signalReadable(SocketTube.java:782)
	at java.net.http/jdk.internal.net.http.SocketTube$InternalReadPublisher$ReadEvent.signalEvent(SocketTube.java:965)
	at java.net.http/jdk.internal.net.http.SocketTube$SocketFlowEvent.handle(SocketTube.java:253)
	at java.net.http/jdk.internal.net.http.HttpClientImpl$SelectorManager.handleEvent(HttpClientImpl.java:1469)
	at java.net.http/jdk.internal.net.http.HttpClientImpl$SelectorManager.lambda$run$3(HttpClientImpl.java:1414)
	at java.base/java.util.ArrayList.forEach(ArrayList.java:1596)
	at java.net.http/jdk.internal.net.http.HttpClientImpl$SelectorManager.run(HttpClientImpl.java:1414)

]]></system-err>
  </testcase>
  <testcase name="runScenario[&quot;Login page functionality&quot;, &quot;Login error handling&quot;](42)" classname="TestNGTestRunner" time="6.912">
    <system-err><![CDATA[Jan 02, 2025 12:37:44 PM org.openqa.selenium.devtools.CdpVersionFinder findNearestMatch
WARNING: Unable to find an exact match for CDP version 130, returning the closest version; found: 127; Please update to a Selenium version that supports CDP version 130
Jan 02, 2025 12:37:49 PM org.openqa.selenium.remote.http.WebSocket$Listener onError
WARNING: Connection reset
java.net.SocketException: Connection reset
	at java.base/sun.nio.ch.SocketChannelImpl.throwConnectionReset(SocketChannelImpl.java:401)
	at java.base/sun.nio.ch.SocketChannelImpl.read(SocketChannelImpl.java:434)
	at java.net.http/jdk.internal.net.http.SocketTube.readAvailable(SocketTube.java:1178)
	at java.net.http/jdk.internal.net.http.SocketTube$InternalReadPublisher$InternalReadSubscription.read(SocketTube.java:841)
	at java.net.http/jdk.internal.net.http.SocketTube$SocketFlowTask.run(SocketTube.java:181)
	at java.net.http/jdk.internal.net.http.common.SequentialScheduler$SchedulableTask.run(SequentialScheduler.java:207)
	at java.net.http/jdk.internal.net.http.common.SequentialScheduler.runOrSchedule(SequentialScheduler.java:280)
	at java.net.http/jdk.internal.net.http.common.SequentialScheduler.runOrSchedule(SequentialScheduler.java:233)
	at java.net.http/jdk.internal.net.http.SocketTube$InternalReadPublisher$InternalReadSubscription.signalReadable(SocketTube.java:782)
	at java.net.http/jdk.internal.net.http.SocketTube$InternalReadPublisher$ReadEvent.signalEvent(SocketTube.java:965)
	at java.net.http/jdk.internal.net.http.SocketTube$SocketFlowEvent.handle(SocketTube.java:253)
	at java.net.http/jdk.internal.net.http.HttpClientImpl$SelectorManager.handleEvent(HttpClientImpl.java:1469)
	at java.net.http/jdk.internal.net.http.HttpClientImpl$SelectorManager.lambda$run$3(HttpClientImpl.java:1414)
	at java.base/java.util.ArrayList.forEach(ArrayList.java:1596)
	at java.net.http/jdk.internal.net.http.HttpClientImpl$SelectorManager.run(HttpClientImpl.java:1414)

]]></system-err>
  </testcase>
  <testcase name="runScenario[&quot;Login page functionality&quot;, &quot;Login error handling&quot;](43)" classname="TestNGTestRunner" time="11.528">
    <system-out><![CDATA[interception-job-1.0
{"userEmail":"santhoshsai4517@gmail.com","userPassword":"123456"}
]]></system-out>
    <system-err><![CDATA[Jan 02, 2025 12:37:51 PM org.openqa.selenium.devtools.CdpVersionFinder findNearestMatch
WARNING: Unable to find an exact match for CDP version 130, returning the closest version; found: 127; Please update to a Selenium version that supports CDP version 130
Jan 02, 2025 12:37:53 PM org.openqa.selenium.devtools.Connection$Listener lambda$onText$0
WARNING: Unable to process: {"method":"Fetch.requestPaused","params":{"requestId":"interception-job-1.0","request":{"url":"https://rahulshettyacademy.com/api/ecom/auth/login","method":"POST","headers":{"Accept":"application/json, text/plain, */*","Content-Type":"application/json","Origin":"https://rahulshettyacademy.com","Referer":"https://rahulshettyacademy.com/client/auth/login","User-Agent":"Mozilla/5.0 (Windows NT 10.0; Win64; x64) AppleWebKit/537.36 (KHTML, like Gecko) HeadlessChrome/130.0.0.0 Safari/537.36","sec-ch-ua":"\"Chromium\";v=\"130\", \"Google Chrome\";v=\"130\", \"Not?A_Brand\";v=\"99\"","sec-ch-ua-mobile":"?0","sec-ch-ua-platform":"\"Windows\""},"postData":"{\"userEmail\":\"santhoshsai4517@gmail.com\",\"userPassword\":\"151Fa04124@4517\"}","hasPostData":true,"postDataEntries":[{"bytes":"eyJ1c2VyRW1haWwiOiJzYW50aG9zaHNhaTQ1MTdAZ21haWwuY29tIiwidXNlclBhc3N3b3JkIjoiMTUxRmEwNDEyNEA0NTE3In0="}],"initialPriority":"High","referrerPolicy":"strict-origin-when-cross-origin"},"frameId":"0D708E88A2FA61E064034D19A9A0B579","resourceType":"XHR"},"sessionId":"4ABA88A0576663D1843EC7735BA84A5E"}
org.openqa.selenium.devtools.DevToolsException: {"id":63,"error":{"code":-32602,"message":"Invalid parameters","data":"Failed to deserialize params.postData - BINDINGS: invalid base64 string at position 48"},"sessionId":"4ABA88A0576663D1843EC7735BA84A5E"}
Build info: version: '4.23.0', revision: '4df0a231af'
System info: os.name: 'Windows 11', os.arch: 'amd64', os.version: '10.0', java.version: '21.0.5'
Driver info: driver.version: unknown
	at org.openqa.selenium.devtools.Connection.sendAndWait(Connection.java:195)
	at org.openqa.selenium.devtools.DevTools.send(DevTools.java:90)
	at StepDefinitions.UITest.LoginPage.ErrorHandlingStepDefImpl.lambda$api_payload_changed_logged_in_with_wrong_username_and_password$1(ErrorHandlingStepDefImpl.java:66)
	at org.openqa.selenium.devtools.DevTools.lambda$addListener$0(DevTools.java:104)
	at org.openqa.selenium.devtools.Connection.lambda$handle$5(Connection.java:348)
	at java.base/java.util.stream.ForEachOps$ForEachOp$OfRef.accept(ForEachOps.java:184)
	at java.base/java.util.stream.ReferencePipeline$2$1.accept(ReferencePipeline.java:179)
	at java.base/java.util.stream.ReferencePipeline$15$1.accept(ReferencePipeline.java:541)
	at java.base/java.util.HashMap$EntrySpliterator.forEachRemaining(HashMap.java:1858)
	at java.base/java.util.stream.AbstractPipeline.copyInto(AbstractPipeline.java:509)
	at java.base/java.util.stream.AbstractPipeline.wrapAndCopyInto(AbstractPipeline.java:499)
	at java.base/java.util.stream.ForEachOps$ForEachOp.evaluateSequential(ForEachOps.java:151)
	at java.base/java.util.stream.ForEachOps$ForEachOp$OfRef.evaluateSequential(ForEachOps.java:174)
	at java.base/java.util.stream.AbstractPipeline.evaluate(AbstractPipeline.java:234)
	at java.base/java.util.stream.ReferencePipeline.forEach(ReferencePipeline.java:596)
	at org.openqa.selenium.devtools.Connection.handle(Connection.java:311)
	at org.openqa.selenium.devtools.Connection$Listener.lambda$onText$0(Connection.java:239)
	at java.base/java.util.concurrent.ThreadPoolExecutor.runWorker(ThreadPoolExecutor.java:1144)
	at java.base/java.util.concurrent.ThreadPoolExecutor$Worker.run(ThreadPoolExecutor.java:642)
	at java.base/java.lang.Thread.run(Thread.java:1583)
Caused by: org.openqa.selenium.WebDriverException: {"id":63,"error":{"code":-32602,"message":"Invalid parameters","data":"Failed to deserialize params.postData - BINDINGS: invalid base64 string at position 48"},"sessionId":"4ABA88A0576663D1843EC7735BA84A5E"}
Build info: version: '4.23.0', revision: '4df0a231af'
System info: os.name: 'Windows 11', os.arch: 'amd64', os.version: '10.0', java.version: '21.0.5'
Driver info: driver.version: unknown
	at org.openqa.selenium.devtools.Connection.handle(Connection.java:275)
	... 4 more

Exception in thread "CDP Connection" org.openqa.selenium.devtools.DevToolsException: {"id":63,"error":{"code":-32602,"message":"Invalid parameters","data":"Failed to deserialize params.postData - BINDINGS: invalid base64 string at position 48"},"sessionId":"4ABA88A0576663D1843EC7735BA84A5E"}
Build info: version: '4.23.0', revision: '4df0a231af'
System info: os.name: 'Windows 11', os.arch: 'amd64', os.version: '10.0', java.version: '21.0.5'
Driver info: driver.version: unknown
	at org.openqa.selenium.devtools.Connection$Listener.lambda$onText$0(Connection.java:242)
	at java.base/java.util.concurrent.ThreadPoolExecutor.runWorker(ThreadPoolExecutor.java:1144)
	at java.base/java.util.concurrent.ThreadPoolExecutor$Worker.run(ThreadPoolExecutor.java:642)
	at java.base/java.lang.Thread.run(Thread.java:1583)
Caused by: org.openqa.selenium.devtools.DevToolsException: {"id":63,"error":{"code":-32602,"message":"Invalid parameters","data":"Failed to deserialize params.postData - BINDINGS: invalid base64 string at position 48"},"sessionId":"4ABA88A0576663D1843EC7735BA84A5E"}
Build info: version: '4.23.0', revision: '4df0a231af'
System info: os.name: 'Windows 11', os.arch: 'amd64', os.version: '10.0', java.version: '21.0.5'
Driver info: driver.version: unknown
	at org.openqa.selenium.devtools.Connection.sendAndWait(Connection.java:195)
	at org.openqa.selenium.devtools.DevTools.send(DevTools.java:90)
	at StepDefinitions.UITest.LoginPage.ErrorHandlingStepDefImpl.lambda$api_payload_changed_logged_in_with_wrong_username_and_password$1(ErrorHandlingStepDefImpl.java:66)
	at org.openqa.selenium.devtools.DevTools.lambda$addListener$0(DevTools.java:104)
	at org.openqa.selenium.devtools.Connection.lambda$handle$5(Connection.java:348)
	at java.base/java.util.stream.ForEachOps$ForEachOp$OfRef.accept(ForEachOps.java:184)
	at java.base/java.util.stream.ReferencePipeline$2$1.accept(ReferencePipeline.java:179)
	at java.base/java.util.stream.ReferencePipeline$15$1.accept(ReferencePipeline.java:541)
	at java.base/java.util.HashMap$EntrySpliterator.forEachRemaining(HashMap.java:1858)
	at java.base/java.util.stream.AbstractPipeline.copyInto(AbstractPipeline.java:509)
	at java.base/java.util.stream.AbstractPipeline.wrapAndCopyInto(AbstractPipeline.java:499)
	at java.base/java.util.stream.ForEachOps$ForEachOp.evaluateSequential(ForEachOps.java:151)
	at java.base/java.util.stream.ForEachOps$ForEachOp$OfRef.evaluateSequential(ForEachOps.java:174)
	at java.base/java.util.stream.AbstractPipeline.evaluate(AbstractPipeline.java:234)
	at java.base/java.util.stream.ReferencePipeline.forEach(ReferencePipeline.java:596)
	at org.openqa.selenium.devtools.Connection.handle(Connection.java:311)
	at org.openqa.selenium.devtools.Connection$Listener.lambda$onText$0(Connection.java:239)
	... 3 more
Caused by: org.openqa.selenium.WebDriverException: {"id":63,"error":{"code":-32602,"message":"Invalid parameters","data":"Failed to deserialize params.postData - BINDINGS: invalid base64 string at position 48"},"sessionId":"4ABA88A0576663D1843EC7735BA84A5E"}
Build info: version: '4.23.0', revision: '4df0a231af'
System info: os.name: 'Windows 11', os.arch: 'amd64', os.version: '10.0', java.version: '21.0.5'
Driver info: driver.version: unknown
	at org.openqa.selenium.devtools.Connection.handle(Connection.java:275)
	... 4 more
Jan 02, 2025 12:38:01 PM org.openqa.selenium.remote.http.WebSocket$Listener onError
WARNING: Connection reset
java.net.SocketException: Connection reset
	at java.base/sun.nio.ch.SocketChannelImpl.throwConnectionReset(SocketChannelImpl.java:401)
	at java.base/sun.nio.ch.SocketChannelImpl.read(SocketChannelImpl.java:434)
	at java.net.http/jdk.internal.net.http.SocketTube.readAvailable(SocketTube.java:1178)
	at java.net.http/jdk.internal.net.http.SocketTube$InternalReadPublisher$InternalReadSubscription.read(SocketTube.java:841)
	at java.net.http/jdk.internal.net.http.SocketTube$SocketFlowTask.run(SocketTube.java:181)
	at java.net.http/jdk.internal.net.http.common.SequentialScheduler$SchedulableTask.run(SequentialScheduler.java:207)
	at java.net.http/jdk.internal.net.http.common.SequentialScheduler.runOrSchedule(SequentialScheduler.java:280)
	at java.net.http/jdk.internal.net.http.common.SequentialScheduler.runOrSchedule(SequentialScheduler.java:233)
	at java.net.http/jdk.internal.net.http.SocketTube$InternalReadPublisher$InternalReadSubscription.signalReadable(SocketTube.java:782)
	at java.net.http/jdk.internal.net.http.SocketTube$InternalReadPublisher$ReadEvent.signalEvent(SocketTube.java:965)
	at java.net.http/jdk.internal.net.http.SocketTube$SocketFlowEvent.handle(SocketTube.java:253)
	at java.net.http/jdk.internal.net.http.HttpClientImpl$SelectorManager.handleEvent(HttpClientImpl.java:1469)
	at java.net.http/jdk.internal.net.http.HttpClientImpl$SelectorManager.lambda$run$3(HttpClientImpl.java:1414)
	at java.base/java.util.ArrayList.forEach(ArrayList.java:1596)
	at java.net.http/jdk.internal.net.http.HttpClientImpl$SelectorManager.run(HttpClientImpl.java:1414)

]]></system-err>
  </testcase>
  <testcase name="runScenario[&quot;Login page functionality&quot;, &quot;Login error handling&quot;](44)" classname="TestNGTestRunner" time="6.415">
    <system-err><![CDATA[Jan 02, 2025 12:38:02 PM org.openqa.selenium.devtools.CdpVersionFinder findNearestMatch
WARNING: Unable to find an exact match for CDP version 130, returning the closest version; found: 127; Please update to a Selenium version that supports CDP version 130
Jan 02, 2025 12:38:07 PM org.openqa.selenium.remote.http.WebSocket$Listener onError
WARNING: Connection reset
java.net.SocketException: Connection reset
	at java.base/sun.nio.ch.SocketChannelImpl.throwConnectionReset(SocketChannelImpl.java:401)
	at java.base/sun.nio.ch.SocketChannelImpl.read(SocketChannelImpl.java:434)
	at java.net.http/jdk.internal.net.http.SocketTube.readAvailable(SocketTube.java:1178)
	at java.net.http/jdk.internal.net.http.SocketTube$InternalReadPublisher$InternalReadSubscription.read(SocketTube.java:841)
	at java.net.http/jdk.internal.net.http.SocketTube$SocketFlowTask.run(SocketTube.java:181)
	at java.net.http/jdk.internal.net.http.common.SequentialScheduler$SchedulableTask.run(SequentialScheduler.java:207)
	at java.net.http/jdk.internal.net.http.common.SequentialScheduler.runOrSchedule(SequentialScheduler.java:280)
	at java.net.http/jdk.internal.net.http.common.SequentialScheduler.runOrSchedule(SequentialScheduler.java:233)
	at java.net.http/jdk.internal.net.http.SocketTube$InternalReadPublisher$InternalReadSubscription.signalReadable(SocketTube.java:782)
	at java.net.http/jdk.internal.net.http.SocketTube$InternalReadPublisher$ReadEvent.signalEvent(SocketTube.java:965)
	at java.net.http/jdk.internal.net.http.SocketTube$SocketFlowEvent.handle(SocketTube.java:253)
	at java.net.http/jdk.internal.net.http.HttpClientImpl$SelectorManager.handleEvent(HttpClientImpl.java:1469)
	at java.net.http/jdk.internal.net.http.HttpClientImpl$SelectorManager.lambda$run$3(HttpClientImpl.java:1414)
	at java.base/java.util.ArrayList.forEach(ArrayList.java:1596)
	at java.net.http/jdk.internal.net.http.HttpClientImpl$SelectorManager.run(HttpClientImpl.java:1414)

]]></system-err>
  </testcase>
  <testcase name="runScenario[&quot;Login page functionality&quot;, &quot;Login error handling&quot;](45)" classname="TestNGTestRunner" time="7.669">
    <system-err><![CDATA[Jan 02, 2025 12:38:09 PM org.openqa.selenium.devtools.CdpVersionFinder findNearestMatch
WARNING: Unable to find an exact match for CDP version 130, returning the closest version; found: 127; Please update to a Selenium version that supports CDP version 130
Jan 02, 2025 12:38:15 PM org.openqa.selenium.remote.http.WebSocket$Listener onError
WARNING: Connection reset
java.net.SocketException: Connection reset
	at java.base/sun.nio.ch.SocketChannelImpl.throwConnectionReset(SocketChannelImpl.java:401)
	at java.base/sun.nio.ch.SocketChannelImpl.read(SocketChannelImpl.java:434)
	at java.net.http/jdk.internal.net.http.SocketTube.readAvailable(SocketTube.java:1178)
	at java.net.http/jdk.internal.net.http.SocketTube$InternalReadPublisher$InternalReadSubscription.read(SocketTube.java:841)
	at java.net.http/jdk.internal.net.http.SocketTube$SocketFlowTask.run(SocketTube.java:181)
	at java.net.http/jdk.internal.net.http.common.SequentialScheduler$SchedulableTask.run(SequentialScheduler.java:207)
	at java.net.http/jdk.internal.net.http.common.SequentialScheduler.runOrSchedule(SequentialScheduler.java:280)
	at java.net.http/jdk.internal.net.http.common.SequentialScheduler.runOrSchedule(SequentialScheduler.java:233)
	at java.net.http/jdk.internal.net.http.SocketTube$InternalReadPublisher$InternalReadSubscription.signalReadable(SocketTube.java:782)
	at java.net.http/jdk.internal.net.http.SocketTube$InternalReadPublisher$ReadEvent.signalEvent(SocketTube.java:965)
	at java.net.http/jdk.internal.net.http.SocketTube$SocketFlowEvent.handle(SocketTube.java:253)
	at java.net.http/jdk.internal.net.http.HttpClientImpl$SelectorManager.handleEvent(HttpClientImpl.java:1469)
	at java.net.http/jdk.internal.net.http.HttpClientImpl$SelectorManager.lambda$run$3(HttpClientImpl.java:1414)
	at java.base/java.util.ArrayList.forEach(ArrayList.java:1596)
	at java.net.http/jdk.internal.net.http.HttpClientImpl$SelectorManager.run(HttpClientImpl.java:1414)

]]></system-err>
  </testcase>
  <testcase name="runScenario[&quot;Login page functionality&quot;, &quot;Login error handling&quot;](46)" classname="TestNGTestRunner" time="7.161">
    <system-err><![CDATA[Jan 02, 2025 12:38:17 PM org.openqa.selenium.devtools.CdpVersionFinder findNearestMatch
WARNING: Unable to find an exact match for CDP version 130, returning the closest version; found: 127; Please update to a Selenium version that supports CDP version 130
Jan 02, 2025 12:38:22 PM org.openqa.selenium.remote.http.WebSocket$Listener onError
WARNING: Connection reset
java.net.SocketException: Connection reset
	at java.base/sun.nio.ch.SocketChannelImpl.throwConnectionReset(SocketChannelImpl.java:401)
	at java.base/sun.nio.ch.SocketChannelImpl.read(SocketChannelImpl.java:434)
	at java.net.http/jdk.internal.net.http.SocketTube.readAvailable(SocketTube.java:1178)
	at java.net.http/jdk.internal.net.http.SocketTube$InternalReadPublisher$InternalReadSubscription.read(SocketTube.java:841)
	at java.net.http/jdk.internal.net.http.SocketTube$SocketFlowTask.run(SocketTube.java:181)
	at java.net.http/jdk.internal.net.http.common.SequentialScheduler$SchedulableTask.run(SequentialScheduler.java:207)
	at java.net.http/jdk.internal.net.http.common.SequentialScheduler.runOrSchedule(SequentialScheduler.java:280)
	at java.net.http/jdk.internal.net.http.common.SequentialScheduler.runOrSchedule(SequentialScheduler.java:233)
	at java.net.http/jdk.internal.net.http.SocketTube$InternalReadPublisher$InternalReadSubscription.signalReadable(SocketTube.java:782)
	at java.net.http/jdk.internal.net.http.SocketTube$InternalReadPublisher$ReadEvent.signalEvent(SocketTube.java:965)
	at java.net.http/jdk.internal.net.http.SocketTube$SocketFlowEvent.handle(SocketTube.java:253)
	at java.net.http/jdk.internal.net.http.HttpClientImpl$SelectorManager.handleEvent(HttpClientImpl.java:1469)
	at java.net.http/jdk.internal.net.http.HttpClientImpl$SelectorManager.lambda$run$3(HttpClientImpl.java:1414)
	at java.base/java.util.ArrayList.forEach(ArrayList.java:1596)
	at java.net.http/jdk.internal.net.http.HttpClientImpl$SelectorManager.run(HttpClientImpl.java:1414)

]]></system-err>
  </testcase>
  <testcase name="runScenario[&quot;Login page functionality&quot;, &quot;Login error handling&quot;](47)" classname="TestNGTestRunner" time="6.374">
    <system-err><![CDATA[Jan 02, 2025 12:38:23 PM org.openqa.selenium.devtools.CdpVersionFinder findNearestMatch
WARNING: Unable to find an exact match for CDP version 130, returning the closest version; found: 127; Please update to a Selenium version that supports CDP version 130
Jan 02, 2025 12:38:28 PM org.openqa.selenium.remote.http.WebSocket$Listener onError
WARNING: Connection reset
java.net.SocketException: Connection reset
	at java.base/sun.nio.ch.SocketChannelImpl.throwConnectionReset(SocketChannelImpl.java:401)
	at java.base/sun.nio.ch.SocketChannelImpl.read(SocketChannelImpl.java:434)
	at java.net.http/jdk.internal.net.http.SocketTube.readAvailable(SocketTube.java:1178)
	at java.net.http/jdk.internal.net.http.SocketTube$InternalReadPublisher$InternalReadSubscription.read(SocketTube.java:841)
	at java.net.http/jdk.internal.net.http.SocketTube$SocketFlowTask.run(SocketTube.java:181)
	at java.net.http/jdk.internal.net.http.common.SequentialScheduler$SchedulableTask.run(SequentialScheduler.java:207)
	at java.net.http/jdk.internal.net.http.common.SequentialScheduler.runOrSchedule(SequentialScheduler.java:280)
	at java.net.http/jdk.internal.net.http.common.SequentialScheduler.runOrSchedule(SequentialScheduler.java:233)
	at java.net.http/jdk.internal.net.http.SocketTube$InternalReadPublisher$InternalReadSubscription.signalReadable(SocketTube.java:782)
	at java.net.http/jdk.internal.net.http.SocketTube$InternalReadPublisher$ReadEvent.signalEvent(SocketTube.java:965)
	at java.net.http/jdk.internal.net.http.SocketTube$SocketFlowEvent.handle(SocketTube.java:253)
	at java.net.http/jdk.internal.net.http.HttpClientImpl$SelectorManager.handleEvent(HttpClientImpl.java:1469)
	at java.net.http/jdk.internal.net.http.HttpClientImpl$SelectorManager.lambda$run$3(HttpClientImpl.java:1414)
	at java.base/java.util.ArrayList.forEach(ArrayList.java:1596)
	at java.net.http/jdk.internal.net.http.HttpClientImpl$SelectorManager.run(HttpClientImpl.java:1414)

]]></system-err>
  </testcase>
  <testcase name="runScenario[&quot;Login page functionality&quot;, &quot;Login functionality&quot;](48)" classname="TestNGTestRunner" time="5.899">
    <system-err><![CDATA[Jan 02, 2025 12:38:30 PM org.openqa.selenium.devtools.CdpVersionFinder findNearestMatch
WARNING: Unable to find an exact match for CDP version 130, returning the closest version; found: 127; Please update to a Selenium version that supports CDP version 130
Jan 02, 2025 12:38:34 PM org.openqa.selenium.remote.http.WebSocket$Listener onError
WARNING: Connection reset
java.net.SocketException: Connection reset
	at java.base/sun.nio.ch.SocketChannelImpl.throwConnectionReset(SocketChannelImpl.java:401)
	at java.base/sun.nio.ch.SocketChannelImpl.read(SocketChannelImpl.java:434)
	at java.net.http/jdk.internal.net.http.SocketTube.readAvailable(SocketTube.java:1178)
	at java.net.http/jdk.internal.net.http.SocketTube$InternalReadPublisher$InternalReadSubscription.read(SocketTube.java:841)
	at java.net.http/jdk.internal.net.http.SocketTube$SocketFlowTask.run(SocketTube.java:181)
	at java.net.http/jdk.internal.net.http.common.SequentialScheduler$SchedulableTask.run(SequentialScheduler.java:207)
	at java.net.http/jdk.internal.net.http.common.SequentialScheduler.runOrSchedule(SequentialScheduler.java:280)
	at java.net.http/jdk.internal.net.http.common.SequentialScheduler.runOrSchedule(SequentialScheduler.java:233)
	at java.net.http/jdk.internal.net.http.SocketTube$InternalReadPublisher$InternalReadSubscription.signalReadable(SocketTube.java:782)
	at java.net.http/jdk.internal.net.http.SocketTube$InternalReadPublisher$ReadEvent.signalEvent(SocketTube.java:965)
	at java.net.http/jdk.internal.net.http.SocketTube$SocketFlowEvent.handle(SocketTube.java:253)
	at java.net.http/jdk.internal.net.http.HttpClientImpl$SelectorManager.handleEvent(HttpClientImpl.java:1469)
	at java.net.http/jdk.internal.net.http.HttpClientImpl$SelectorManager.lambda$run$3(HttpClientImpl.java:1414)
	at java.base/java.util.ArrayList.forEach(ArrayList.java:1596)
	at java.net.http/jdk.internal.net.http.HttpClientImpl$SelectorManager.run(HttpClientImpl.java:1414)

]]></system-err>
  </testcase>
  <testcase name="runScenario[&quot;Login page functionality&quot;, &quot;Login functionality&quot;](49)" classname="TestNGTestRunner" time="6.476">
    <system-err><![CDATA[Jan 02, 2025 12:38:36 PM org.openqa.selenium.devtools.CdpVersionFinder findNearestMatch
WARNING: Unable to find an exact match for CDP version 130, returning the closest version; found: 127; Please update to a Selenium version that supports CDP version 130
Jan 02, 2025 12:38:41 PM org.openqa.selenium.remote.http.WebSocket$Listener onError
WARNING: Connection reset
java.net.SocketException: Connection reset
	at java.base/sun.nio.ch.SocketChannelImpl.throwConnectionReset(SocketChannelImpl.java:401)
	at java.base/sun.nio.ch.SocketChannelImpl.read(SocketChannelImpl.java:434)
	at java.net.http/jdk.internal.net.http.SocketTube.readAvailable(SocketTube.java:1178)
	at java.net.http/jdk.internal.net.http.SocketTube$InternalReadPublisher$InternalReadSubscription.read(SocketTube.java:841)
	at java.net.http/jdk.internal.net.http.SocketTube$SocketFlowTask.run(SocketTube.java:181)
	at java.net.http/jdk.internal.net.http.common.SequentialScheduler$SchedulableTask.run(SequentialScheduler.java:207)
	at java.net.http/jdk.internal.net.http.common.SequentialScheduler.runOrSchedule(SequentialScheduler.java:280)
	at java.net.http/jdk.internal.net.http.common.SequentialScheduler.runOrSchedule(SequentialScheduler.java:233)
	at java.net.http/jdk.internal.net.http.SocketTube$InternalReadPublisher$InternalReadSubscription.signalReadable(SocketTube.java:782)
	at java.net.http/jdk.internal.net.http.SocketTube$InternalReadPublisher$ReadEvent.signalEvent(SocketTube.java:965)
	at java.net.http/jdk.internal.net.http.SocketTube$SocketFlowEvent.handle(SocketTube.java:253)
	at java.net.http/jdk.internal.net.http.HttpClientImpl$SelectorManager.handleEvent(HttpClientImpl.java:1469)
	at java.net.http/jdk.internal.net.http.HttpClientImpl$SelectorManager.lambda$run$3(HttpClientImpl.java:1414)
	at java.base/java.util.ArrayList.forEach(ArrayList.java:1596)
	at java.net.http/jdk.internal.net.http.HttpClientImpl$SelectorManager.run(HttpClientImpl.java:1414)

]]></system-err>
  </testcase>
  <testcase name="runScenario[&quot;Login page functionality&quot;, &quot;Login functionality&quot;](50)" classname="TestNGTestRunner" time="6.404">
    <system-err><![CDATA[Jan 02, 2025 12:38:43 PM org.openqa.selenium.devtools.CdpVersionFinder findNearestMatch
WARNING: Unable to find an exact match for CDP version 130, returning the closest version; found: 127; Please update to a Selenium version that supports CDP version 130
Jan 02, 2025 12:38:47 PM org.openqa.selenium.remote.http.WebSocket$Listener onError
WARNING: Connection reset
java.net.SocketException: Connection reset
	at java.base/sun.nio.ch.SocketChannelImpl.throwConnectionReset(SocketChannelImpl.java:401)
	at java.base/sun.nio.ch.SocketChannelImpl.read(SocketChannelImpl.java:434)
	at java.net.http/jdk.internal.net.http.SocketTube.readAvailable(SocketTube.java:1178)
	at java.net.http/jdk.internal.net.http.SocketTube$InternalReadPublisher$InternalReadSubscription.read(SocketTube.java:841)
	at java.net.http/jdk.internal.net.http.SocketTube$SocketFlowTask.run(SocketTube.java:181)
	at java.net.http/jdk.internal.net.http.common.SequentialScheduler$SchedulableTask.run(SequentialScheduler.java:207)
	at java.net.http/jdk.internal.net.http.common.SequentialScheduler.runOrSchedule(SequentialScheduler.java:280)
	at java.net.http/jdk.internal.net.http.common.SequentialScheduler.runOrSchedule(SequentialScheduler.java:233)
	at java.net.http/jdk.internal.net.http.SocketTube$InternalReadPublisher$InternalReadSubscription.signalReadable(SocketTube.java:782)
	at java.net.http/jdk.internal.net.http.SocketTube$InternalReadPublisher$ReadEvent.signalEvent(SocketTube.java:965)
	at java.net.http/jdk.internal.net.http.SocketTube$SocketFlowEvent.handle(SocketTube.java:253)
	at java.net.http/jdk.internal.net.http.HttpClientImpl$SelectorManager.handleEvent(HttpClientImpl.java:1469)
	at java.net.http/jdk.internal.net.http.HttpClientImpl$SelectorManager.lambda$run$3(HttpClientImpl.java:1414)
	at java.base/java.util.ArrayList.forEach(ArrayList.java:1596)
	at java.net.http/jdk.internal.net.http.HttpClientImpl$SelectorManager.run(HttpClientImpl.java:1414)

]]></system-err>
  </testcase>
  <testcase name="runScenario[&quot;Login page functionality&quot;, &quot;Login functionality&quot;](51)" classname="TestNGTestRunner" time="6.261">
    <system-err><![CDATA[Jan 02, 2025 12:38:49 PM org.openqa.selenium.devtools.CdpVersionFinder findNearestMatch
WARNING: Unable to find an exact match for CDP version 130, returning the closest version; found: 127; Please update to a Selenium version that supports CDP version 130
Jan 02, 2025 12:38:53 PM org.openqa.selenium.remote.http.WebSocket$Listener onError
WARNING: Connection reset
java.net.SocketException: Connection reset
	at java.base/sun.nio.ch.SocketChannelImpl.throwConnectionReset(SocketChannelImpl.java:401)
	at java.base/sun.nio.ch.SocketChannelImpl.read(SocketChannelImpl.java:434)
	at java.net.http/jdk.internal.net.http.SocketTube.readAvailable(SocketTube.java:1178)
	at java.net.http/jdk.internal.net.http.SocketTube$InternalReadPublisher$InternalReadSubscription.read(SocketTube.java:841)
	at java.net.http/jdk.internal.net.http.SocketTube$SocketFlowTask.run(SocketTube.java:181)
	at java.net.http/jdk.internal.net.http.common.SequentialScheduler$SchedulableTask.run(SequentialScheduler.java:207)
	at java.net.http/jdk.internal.net.http.common.SequentialScheduler.runOrSchedule(SequentialScheduler.java:280)
	at java.net.http/jdk.internal.net.http.common.SequentialScheduler.runOrSchedule(SequentialScheduler.java:233)
	at java.net.http/jdk.internal.net.http.SocketTube$InternalReadPublisher$InternalReadSubscription.signalReadable(SocketTube.java:782)
	at java.net.http/jdk.internal.net.http.SocketTube$InternalReadPublisher$ReadEvent.signalEvent(SocketTube.java:965)
	at java.net.http/jdk.internal.net.http.SocketTube$SocketFlowEvent.handle(SocketTube.java:253)
	at java.net.http/jdk.internal.net.http.HttpClientImpl$SelectorManager.handleEvent(HttpClientImpl.java:1469)
	at java.net.http/jdk.internal.net.http.HttpClientImpl$SelectorManager.lambda$run$3(HttpClientImpl.java:1414)
	at java.base/java.util.ArrayList.forEach(ArrayList.java:1596)
	at java.net.http/jdk.internal.net.http.HttpClientImpl$SelectorManager.run(HttpClientImpl.java:1414)

]]></system-err>
  </testcase>
  <testcase name="runScenario[&quot;Login page functionality&quot;, &quot;Login functionality&quot;](52)" classname="TestNGTestRunner" time="7.532">
    <system-out><![CDATA[{"userEmail":"santhoshsai4517@gmail.com","userPassword":"151Fa04124@4517"}
]]></system-out>
    <system-err><![CDATA[Jan 02, 2025 12:38:55 PM org.openqa.selenium.devtools.CdpVersionFinder findNearestMatch
WARNING: Unable to find an exact match for CDP version 130, returning the closest version; found: 127; Please update to a Selenium version that supports CDP version 130
Jan 02, 2025 12:38:58 PM org.openqa.selenium.devtools.Connection$Listener lambda$onText$0
WARNING: Unable to process: {"method":"Network.requestWillBeSent","params":{"requestId":"15080.20","loaderId":"637434E2818DFAC70C14E5838D8213AB","documentURL":"https://rahulshettyacademy.com/client/auth/login","request":{"url":"https://rahulshettyacademy.com/api/ecom/auth/login","method":"POST","headers":{"sec-ch-ua-platform":"\"Windows\"","Referer":"https://rahulshettyacademy.com/client/auth/login","User-Agent":"Mozilla/5.0 (Windows NT 10.0; Win64; x64) AppleWebKit/537.36 (KHTML, like Gecko) HeadlessChrome/130.0.0.0 Safari/537.36","Accept":"application/json, text/plain, */*","sec-ch-ua":"\"Chromium\";v=\"130\", \"Google Chrome\";v=\"130\", \"Not?A_Brand\";v=\"99\"","Content-Type":"application/json","sec-ch-ua-mobile":"?0"},"postData":"{\"userEmail\":\"santhoshsai4517@gmail.com\",\"userPassword\":\"151Fa04124@4517\"}","hasPostData":true,"postDataEntries":[{"bytes":"eyJ1c2VyRW1haWwiOiJzYW50aG9zaHNhaTQ1MTdAZ21haWwuY29tIiwidXNlclBhc3N3b3JkIjoiMTUxRmEwNDEyNEA0NTE3In0="}],"mixedContentType":"none","initialPriority":"High","referrerPolicy":"strict-origin-when-cross-origin","isSameSite":true},"timestamp":1075.369938,"wallTime":1735801738.296019,"initiator":{"type":"script","stack":{"callFrames":[{"functionName":"q","scriptId":"8","url":"https://rahulshettyacademy.com/client/polyfills.bd0c6ffd915d0ed70d31.js","lineNumber":0,"columnNumber":32300},{"functionName":"scheduleTask","scriptId":"8","url":"https://rahulshettyacademy.com/client/polyfills.bd0c6ffd915d0ed70d31.js","lineNumber":0,"columnNumber":6899},{"functionName":"onScheduleTask","scriptId":"8","url":"https://rahulshettyacademy.com/client/polyfills.bd0c6ffd915d0ed70d31.js","lineNumber":0,"columnNumber":4124},{"functionName":"scheduleTask","scriptId":"8","url":"https://rahulshettyacademy.com/client/polyfills.bd0c6ffd915d0ed70d31.js","lineNumber":0,"columnNumber":6797},{"functionName":"scheduleTask","scriptId":"8","url":"https://rahulshettyacademy.com/client/polyfills.bd0c6ffd915d0ed70d31.js","lineNumber":0,"columnNumber":3086},{"functionName":"scheduleMacroTask","scriptId":"8","url":"https://rahulshettyacademy.com/client/polyfills.bd0c6ffd915d0ed70d31.js","lineNumber":0,"columnNumber":3395},{"functionName":"Me","scriptId":"8","url":"https://rahulshettyacademy.com/client/polyfills.bd0c6ffd915d0ed70d31.js","lineNumber":0,"columnNumber":10539},{"functionName":"","scriptId":"8","url":"https://rahulshettyacademy.com/client/polyfills.bd0c6ffd915d0ed70d31.js","lineNumber":0,"columnNumber":32691},{"functionName":"o.<computed>","scriptId":"8","url":"https://rahulshettyacademy.com/client/polyfills.bd0c6ffd915d0ed70d31.js","lineNumber":0,"columnNumber":13452},{"functionName":"","scriptId":"10","url":"https://rahulshettyacademy.com/client/main.9c44d72685822eee0a0f.js","lineNumber":0,"columnNumber":40276},{"functionName":"_trySubscribe","scriptId":"10","url":"https://rahulshettyacademy.com/client/main.9c44d72685822eee0a0f.js","lineNumber":0,"columnNumber":247222},{"functionName":"subscribe","scriptId":"10","url":"https://rahulshettyacademy.com/client/main.9c44d72685822eee0a0f.js","lineNumber":0,"columnNumber":247023},{"functionName":"call","scriptId":"10","url":"https://rahulshettyacademy.com/client/main.9c44d72685822eee0a0f.js","lineNumber":0,"columnNumber":347614},{"functionName":"subscribe","scriptId":"10","url":"https://rahulshettyacademy.com/client/main.9c44d72685822eee0a0f.js","lineNumber":0,"columnNumber":246898},{"functionName":"call","scriptId":"10","url":"https://rahulshettyacademy.com/client/main.9c44d72685822eee0a0f.js","lineNumber":0,"columnNumber":260024},{"functionName":"subscribe","scriptId":"10","url":"https://rahulshettyacademy.com/client/main.9c44d72685822eee0a0f.js","lineNumber":0,"columnNumber":246898},{"functionName":"call","scriptId":"10","url":"https://rahulshettyacademy.com/client/main.9c44d72685822eee0a0f.js","lineNumber":0,"columnNumber":261641},{"functionName":"subscribe","scriptId":"10","url":"https://rahulshettyacademy.com/client/main.9c44d72685822eee0a0f.js","lineNumber":0,"columnNumber":246898},{"functionName":"X","scriptId":"10","url":"https://rahulshettyacademy.com/client/main.9c44d72685822eee0a0f.js","lineNumber":0,"columnNumber":256272},{"functionName":"_innerSub","scriptId":"10","url":"https://rahulshettyacademy.com/client/main.9c44d72685822eee0a0f.js","lineNumber":0,"columnNumber":263677},{"functionName":"_tryNext","scriptId":"10","url":"https://rahulshettyacademy.com/client/main.9c44d72685822eee0a0f.js","lineNumber":0,"columnNumber":263582},{"functionName":"_next","scriptId":"10","url":"https://rahulshettyacademy.com/client/main.9c44d72685822eee0a0f.js","lineNumber":0,"columnNumber":263421},{"functionName":"next","scriptId":"10","url":"https://rahulshettyacademy.com/client/main.9c44d72685822eee0a0f.js","lineNumber":0,"columnNumber":251086},{"functionName":"","scriptId":"10","url":"https://rahulshettyacademy.com/client/main.9c44d72685822eee0a0f.js","lineNumber":0,"columnNumber":270945},{"functionName":"_trySubscribe","scriptId":"10","url":"https://rahulshettyacademy.com/client/main.9c44d72685822eee0a0f.js","lineNumber":0,"columnNumber":247222},{"functionName":"subscribe","scriptId":"10","url":"https://rahulshettyacademy.com/client/main.9c44d72685822eee0a0f.js","lineNumber":0,"columnNumber":247023},{"functionName":"call","scriptId":"10","url":"https://rahulshettyacademy.com/client/main.9c44d72685822eee0a0f.js","lineNumber":0,"columnNumber":263156},{"functionName":"subscribe","scriptId":"10","url":"https://rahulshettyacademy.com/client/main.9c44d72685822eee0a0f.js","lineNumber":0,"columnNumber":246898},{"functionName":"call","scriptId":"10","url":"https://rahulshettyacademy.com/client/main.9c44d72685822eee0a0f.js","lineNumber":0,"columnNumber":261156},{"functionName":"subscribe","scriptId":"10","url":"https://rahulshettyacademy.com/client/main.9c44d72685822eee0a0f.js","lineNumber":0,"columnNumber":246898},{"functionName":"call","scriptId":"10","url":"https://rahulshettyacademy.com/client/main.9c44d72685822eee0a0f.js","lineNumber":0,"columnNumber":262331},{"functionName":"subscribe","scriptId":"10","url":"https://rahulshettyacademy.com/client/main.9c44d72685822eee0a0f.js","lineNumber":0,"columnNumber":246898},{"functionName":"call","scriptId":"10","url":"https://rahulshettyacademy.com/client/main.9c44d72685822eee0a0f.js","lineNumber":0,"columnNumber":262331},{"functionName":"subscribe","scriptId":"10","url":"https://rahulshettyacademy.com/client/main.9c44d72685822eee0a0f.js","lineNumber":0,"columnNumber":246898},{"functionName":"call","scriptId":"10","url":"https://rahulshettyacademy.com/client/main.9c44d72685822eee0a0f.js","lineNumber":0,"columnNumber":265941},{"functionName":"subscribe","scriptId":"10","url":"https://rahulshettyacademy.com/client/main.9c44d72685822eee0a0f.js","lineNumber":0,"columnNumber":246898},{"functionName":"call","scriptId":"10","url":"https://rahulshettyacademy.com/client/main.9c44d72685822eee0a0f.js","lineNumber":0,"columnNumber":267376},{"functionName":"subscribe","scriptId":"10","url":"https://rahulshettyacademy.com/client/main.9c44d72685822eee0a0f.js","lineNumber":0,"columnNumber":246898},{"functionName":"login","scriptId":"14","url":"https://rahulshettyacademy.com/client/674.c8a6d45922fab3876c70.js","lineNumber":0,"columnNumber":14410},{"functionName":"","scriptId":"14","url":"https://rahulshettyacademy.com/client/674.c8a6d45922fab3876c70.js","lineNumber":0,"columnNumber":17298},{"functionName":"Bp","scriptId":"10","url":"https://rahulshettyacademy.com/client/main.9c44d72685822eee0a0f.js","lineNumber":0,"columnNumber":101233},{"functionName":"i","scriptId":"10","url":"https://rahulshettyacademy.com/client/main.9c44d72685822eee0a0f.js","lineNumber":0,"columnNumber":101395},{"functionName":"__tryOrUnsub","scriptId":"10","url":"https://rahulshettyacademy.com/client/main.9c44d72685822eee0a0f.js","lineNumber":0,"columnNumber":252917},{"functionName":"next","scriptId":"10","url":"https://rahulshettyacademy.com/client/main.9c44d72685822eee0a0f.js","lineNumber":0,"columnNumber":252142},{"functionName":"_next","scriptId":"10","url":"https://rahulshettyacademy.com/client/main.9c44d72685822eee0a0f.js","lineNumber":0,"columnNumber":251312},{"functionName":"next","scriptId":"10","url":"https://rahulshettyacademy.com/client/main.9c44d72685822eee0a0f.js","lineNumber":0,"columnNumber":251086},{"functionName":"next","scriptId":"10","url":"https://rahulshettyacademy.com/client/main.9c44d72685822eee0a0f.js","lineNumber":0,"columnNumber":249168},{"functionName":"emit","scriptId":"10","url":"https://rahulshettyacademy.com/client/main.9c44d72685822eee0a0f.js","lineNumber":0,"columnNumber":136306},{"functionName":"onSubmit","scriptId":"12","url":"https://rahulshettyacademy.com/client/480.f1614ecd961bd8e3dfd9.js","lineNumber":0,"columnNumber":33303},{"functionName":"","scriptId":"12","url":"https://rahulshettyacademy.com/client/480.f1614ecd961bd8e3dfd9.js","lineNumber":0,"columnNumber":34287},{"functionName":"Bp","scriptId":"10","url":"https://rahulshettyacademy.com/client/main.9c44d72685822eee0a0f.js","lineNumber":0,"columnNumber":101233},{"functionName":"i","scriptId":"10","url":"https://rahulshettyacademy.com/client/main.9c44d72685822eee0a0f.js","lineNumber":0,"columnNumber":101395},{"functionName":"","scriptId":"10","url":"https://rahulshettyacademy.com/client/main.9c44d72685822eee0a0f.js","lineNumber":0,"columnNumber":164144},{"functionName":"invokeTask","scriptId":"8","url":"https://rahulshettyacademy.com/client/polyfills.bd0c6ffd915d0ed70d31.js","lineNumber":0,"columnNumber":7136},{"functionName":"onInvokeTask","scriptId":"10","url":"https://rahulshettyacademy.com/client/main.9c44d72685822eee0a0f.js","lineNumber":0,"columnNumber":146363},{"functionName":"invokeTask","scriptId":"8","url":"https://rahulshettyacademy.com/client/polyfills.bd0c6ffd915d0ed70d31.js","lineNumber":0,"columnNumber":7057},{"functionName":"runTask","scriptId":"8","url":"https://rahulshettyacademy.com/client/polyfills.bd0c6ffd915d0ed70d31.js","lineNumber":0,"columnNumber":2531},{"functionName":"invokeTask","scriptId":"8","url":"https://rahulshettyacademy.com/client/polyfills.bd0c6ffd915d0ed70d31.js","lineNumber":0,"columnNumber":8187},{"functionName":"Z","scriptId":"8","url":"https://rahulshettyacademy.com/client/polyfills.bd0c6ffd915d0ed70d31.js","lineNumber":0,"columnNumber":20798},{"functionName":"N","scriptId":"8","url":"https://rahulshettyacademy.com/client/polyfills.bd0c6ffd915d0ed70d31.js","lineNumber":0,"columnNumber":21091},{"functionName":"B","scriptId":"8","url":"https://rahulshettyacademy.com/client/polyfills.bd0c6ffd915d0ed70d31.js","lineNumber":0,"columnNumber":21357}]}},"redirectHasExtraInfo":false,"type":"XHR","frameId":"BAABCC2DD5EF244B42A7C173E6A9BA88","hasUserGesture":true},"sessionId":"D7D6C001819242C6435832C8CCA0CDF2"}
org.json.JSONException: JSONObject["userPaassword"] not found.
	at org.json.JSONObject.get(JSONObject.java:570)
	at org.json.JSONObject.getString(JSONObject.java:857)
	at StepDefinitions.UITest.LoginPage.FunctionalityStepDefImpl.lambda$logged_in_with_username_and_password$0(FunctionalityStepDefImpl.java:78)
	at org.openqa.selenium.devtools.DevTools.lambda$addListener$0(DevTools.java:104)
	at org.openqa.selenium.devtools.Connection.lambda$handle$5(Connection.java:348)
	at java.base/java.util.stream.ForEachOps$ForEachOp$OfRef.accept(ForEachOps.java:184)
	at java.base/java.util.stream.ReferencePipeline$2$1.accept(ReferencePipeline.java:179)
	at java.base/java.util.stream.ReferencePipeline$15$1.accept(ReferencePipeline.java:541)
	at java.base/java.util.HashMap$EntrySpliterator.forEachRemaining(HashMap.java:1858)
	at java.base/java.util.stream.AbstractPipeline.copyInto(AbstractPipeline.java:509)
	at java.base/java.util.stream.AbstractPipeline.wrapAndCopyInto(AbstractPipeline.java:499)
	at java.base/java.util.stream.ForEachOps$ForEachOp.evaluateSequential(ForEachOps.java:151)
	at java.base/java.util.stream.ForEachOps$ForEachOp$OfRef.evaluateSequential(ForEachOps.java:174)
	at java.base/java.util.stream.AbstractPipeline.evaluate(AbstractPipeline.java:234)
	at java.base/java.util.stream.ReferencePipeline.forEach(ReferencePipeline.java:596)
	at org.openqa.selenium.devtools.Connection.handle(Connection.java:311)
	at org.openqa.selenium.devtools.Connection$Listener.lambda$onText$0(Connection.java:239)
	at java.base/java.util.concurrent.ThreadPoolExecutor.runWorker(ThreadPoolExecutor.java:1144)
	at java.base/java.util.concurrent.ThreadPoolExecutor$Worker.run(ThreadPoolExecutor.java:642)
	at java.base/java.lang.Thread.run(Thread.java:1583)

Exception in thread "CDP Connection" org.openqa.selenium.devtools.DevToolsException: JSONObject["userPaassword"] not found.
Build info: version: '4.23.0', revision: '4df0a231af'
System info: os.name: 'Windows 11', os.arch: 'amd64', os.version: '10.0', java.version: '21.0.5'
Driver info: DevTools Connection
	at org.openqa.selenium.devtools.Connection$Listener.lambda$onText$0(Connection.java:242)
	at java.base/java.util.concurrent.ThreadPoolExecutor.runWorker(ThreadPoolExecutor.java:1144)
	at java.base/java.util.concurrent.ThreadPoolExecutor$Worker.run(ThreadPoolExecutor.java:642)
	at java.base/java.lang.Thread.run(Thread.java:1583)
Caused by: org.json.JSONException: JSONObject["userPaassword"] not found.
	at org.json.JSONObject.get(JSONObject.java:570)
	at org.json.JSONObject.getString(JSONObject.java:857)
	at StepDefinitions.UITest.LoginPage.FunctionalityStepDefImpl.lambda$logged_in_with_username_and_password$0(FunctionalityStepDefImpl.java:78)
	at org.openqa.selenium.devtools.DevTools.lambda$addListener$0(DevTools.java:104)
	at org.openqa.selenium.devtools.Connection.lambda$handle$5(Connection.java:348)
	at java.base/java.util.stream.ForEachOps$ForEachOp$OfRef.accept(ForEachOps.java:184)
	at java.base/java.util.stream.ReferencePipeline$2$1.accept(ReferencePipeline.java:179)
	at java.base/java.util.stream.ReferencePipeline$15$1.accept(ReferencePipeline.java:541)
	at java.base/java.util.HashMap$EntrySpliterator.forEachRemaining(HashMap.java:1858)
	at java.base/java.util.stream.AbstractPipeline.copyInto(AbstractPipeline.java:509)
	at java.base/java.util.stream.AbstractPipeline.wrapAndCopyInto(AbstractPipeline.java:499)
	at java.base/java.util.stream.ForEachOps$ForEachOp.evaluateSequential(ForEachOps.java:151)
	at java.base/java.util.stream.ForEachOps$ForEachOp$OfRef.evaluateSequential(ForEachOps.java:174)
	at java.base/java.util.stream.AbstractPipeline.evaluate(AbstractPipeline.java:234)
	at java.base/java.util.stream.ReferencePipeline.forEach(ReferencePipeline.java:596)
	at org.openqa.selenium.devtools.Connection.handle(Connection.java:311)
	at org.openqa.selenium.devtools.Connection$Listener.lambda$onText$0(Connection.java:239)
	... 3 more
Jan 02, 2025 12:39:01 PM org.openqa.selenium.remote.http.WebSocket$Listener onError
WARNING: Connection reset
java.net.SocketException: Connection reset
	at java.base/sun.nio.ch.SocketChannelImpl.throwConnectionReset(SocketChannelImpl.java:401)
	at java.base/sun.nio.ch.SocketChannelImpl.read(SocketChannelImpl.java:434)
	at java.net.http/jdk.internal.net.http.SocketTube.readAvailable(SocketTube.java:1178)
	at java.net.http/jdk.internal.net.http.SocketTube$InternalReadPublisher$InternalReadSubscription.read(SocketTube.java:841)
	at java.net.http/jdk.internal.net.http.SocketTube$SocketFlowTask.run(SocketTube.java:181)
	at java.net.http/jdk.internal.net.http.common.SequentialScheduler$SchedulableTask.run(SequentialScheduler.java:207)
	at java.net.http/jdk.internal.net.http.common.SequentialScheduler.runOrSchedule(SequentialScheduler.java:280)
	at java.net.http/jdk.internal.net.http.common.SequentialScheduler.runOrSchedule(SequentialScheduler.java:233)
	at java.net.http/jdk.internal.net.http.SocketTube$InternalReadPublisher$InternalReadSubscription.signalReadable(SocketTube.java:782)
	at java.net.http/jdk.internal.net.http.SocketTube$InternalReadPublisher$ReadEvent.signalEvent(SocketTube.java:965)
	at java.net.http/jdk.internal.net.http.SocketTube$SocketFlowEvent.handle(SocketTube.java:253)
	at java.net.http/jdk.internal.net.http.HttpClientImpl$SelectorManager.handleEvent(HttpClientImpl.java:1469)
	at java.net.http/jdk.internal.net.http.HttpClientImpl$SelectorManager.lambda$run$3(HttpClientImpl.java:1414)
	at java.base/java.util.ArrayList.forEach(ArrayList.java:1596)
	at java.net.http/jdk.internal.net.http.HttpClientImpl$SelectorManager.run(HttpClientImpl.java:1414)

]]></system-err>
  </testcase>
  <testcase name="runScenario[&quot;Home button&quot;, &quot;Order confirmation Page functionality&quot;](53)" classname="TestNGTestRunner" time="30.452">
    <system-err><![CDATA[Jan 02, 2025 12:39:03 PM org.openqa.selenium.devtools.CdpVersionFinder findNearestMatch
WARNING: Unable to find an exact match for CDP version 130, returning the closest version; found: 127; Please update to a Selenium version that supports CDP version 130
Jan 02, 2025 12:39:31 PM org.openqa.selenium.remote.http.WebSocket$Listener onError
WARNING: Connection reset
java.net.SocketException: Connection reset
	at java.base/sun.nio.ch.SocketChannelImpl.throwConnectionReset(SocketChannelImpl.java:401)
	at java.base/sun.nio.ch.SocketChannelImpl.read(SocketChannelImpl.java:434)
	at java.net.http/jdk.internal.net.http.SocketTube.readAvailable(SocketTube.java:1178)
	at java.net.http/jdk.internal.net.http.SocketTube$InternalReadPublisher$InternalReadSubscription.read(SocketTube.java:841)
	at java.net.http/jdk.internal.net.http.SocketTube$SocketFlowTask.run(SocketTube.java:181)
	at java.net.http/jdk.internal.net.http.common.SequentialScheduler$SchedulableTask.run(SequentialScheduler.java:207)
	at java.net.http/jdk.internal.net.http.common.SequentialScheduler.runOrSchedule(SequentialScheduler.java:280)
	at java.net.http/jdk.internal.net.http.common.SequentialScheduler.runOrSchedule(SequentialScheduler.java:233)
	at java.net.http/jdk.internal.net.http.SocketTube$InternalReadPublisher$InternalReadSubscription.signalReadable(SocketTube.java:782)
	at java.net.http/jdk.internal.net.http.SocketTube$InternalReadPublisher$ReadEvent.signalEvent(SocketTube.java:965)
	at java.net.http/jdk.internal.net.http.SocketTube$SocketFlowEvent.handle(SocketTube.java:253)
	at java.net.http/jdk.internal.net.http.HttpClientImpl$SelectorManager.handleEvent(HttpClientImpl.java:1469)
	at java.net.http/jdk.internal.net.http.HttpClientImpl$SelectorManager.lambda$run$3(HttpClientImpl.java:1414)
	at java.base/java.util.ArrayList.forEach(ArrayList.java:1596)
	at java.net.http/jdk.internal.net.http.HttpClientImpl$SelectorManager.run(HttpClientImpl.java:1414)

]]></system-err>
  </testcase>
  <testcase name="runScenario[&quot;Orders button&quot;, &quot;Order confirmation Page functionality&quot;](54)" classname="TestNGTestRunner" time="31.625">
    <system-err><![CDATA[Jan 02, 2025 12:39:34 PM org.openqa.selenium.devtools.CdpVersionFinder findNearestMatch
WARNING: Unable to find an exact match for CDP version 130, returning the closest version; found: 127; Please update to a Selenium version that supports CDP version 130
Jan 02, 2025 12:40:03 PM org.openqa.selenium.remote.http.WebSocket$Listener onError
WARNING: Connection reset
java.net.SocketException: Connection reset
	at java.base/sun.nio.ch.SocketChannelImpl.throwConnectionReset(SocketChannelImpl.java:401)
	at java.base/sun.nio.ch.SocketChannelImpl.read(SocketChannelImpl.java:434)
	at java.net.http/jdk.internal.net.http.SocketTube.readAvailable(SocketTube.java:1178)
	at java.net.http/jdk.internal.net.http.SocketTube$InternalReadPublisher$InternalReadSubscription.read(SocketTube.java:841)
	at java.net.http/jdk.internal.net.http.SocketTube$SocketFlowTask.run(SocketTube.java:181)
	at java.net.http/jdk.internal.net.http.common.SequentialScheduler$SchedulableTask.run(SequentialScheduler.java:207)
	at java.net.http/jdk.internal.net.http.common.SequentialScheduler.runOrSchedule(SequentialScheduler.java:280)
	at java.net.http/jdk.internal.net.http.common.SequentialScheduler.runOrSchedule(SequentialScheduler.java:233)
	at java.net.http/jdk.internal.net.http.SocketTube$InternalReadPublisher$InternalReadSubscription.signalReadable(SocketTube.java:782)
	at java.net.http/jdk.internal.net.http.SocketTube$InternalReadPublisher$ReadEvent.signalEvent(SocketTube.java:965)
	at java.net.http/jdk.internal.net.http.SocketTube$SocketFlowEvent.handle(SocketTube.java:253)
	at java.net.http/jdk.internal.net.http.HttpClientImpl$SelectorManager.handleEvent(HttpClientImpl.java:1469)
	at java.net.http/jdk.internal.net.http.HttpClientImpl$SelectorManager.lambda$run$3(HttpClientImpl.java:1414)
	at java.base/java.util.ArrayList.forEach(ArrayList.java:1596)
	at java.net.http/jdk.internal.net.http.HttpClientImpl$SelectorManager.run(HttpClientImpl.java:1414)

]]></system-err>
  </testcase>
  <testcase name="runScenario[&quot;Signout button&quot;, &quot;Order confirmation Page functionality&quot;](55)" classname="TestNGTestRunner" time="39.579">
    <system-err><![CDATA[Jan 02, 2025 12:40:05 PM org.openqa.selenium.devtools.CdpVersionFinder findNearestMatch
WARNING: Unable to find an exact match for CDP version 130, returning the closest version; found: 127; Please update to a Selenium version that supports CDP version 130
Jan 02, 2025 12:40:42 PM org.openqa.selenium.remote.http.WebSocket$Listener onError
WARNING: Connection reset
java.net.SocketException: Connection reset
	at java.base/sun.nio.ch.SocketChannelImpl.throwConnectionReset(SocketChannelImpl.java:401)
	at java.base/sun.nio.ch.SocketChannelImpl.read(SocketChannelImpl.java:434)
	at java.net.http/jdk.internal.net.http.SocketTube.readAvailable(SocketTube.java:1178)
	at java.net.http/jdk.internal.net.http.SocketTube$InternalReadPublisher$InternalReadSubscription.read(SocketTube.java:841)
	at java.net.http/jdk.internal.net.http.SocketTube$SocketFlowTask.run(SocketTube.java:181)
	at java.net.http/jdk.internal.net.http.common.SequentialScheduler$SchedulableTask.run(SequentialScheduler.java:207)
	at java.net.http/jdk.internal.net.http.common.SequentialScheduler.runOrSchedule(SequentialScheduler.java:280)
	at java.net.http/jdk.internal.net.http.common.SequentialScheduler.runOrSchedule(SequentialScheduler.java:233)
	at java.net.http/jdk.internal.net.http.SocketTube$InternalReadPublisher$InternalReadSubscription.signalReadable(SocketTube.java:782)
	at java.net.http/jdk.internal.net.http.SocketTube$InternalReadPublisher$ReadEvent.signalEvent(SocketTube.java:965)
	at java.net.http/jdk.internal.net.http.SocketTube$SocketFlowEvent.handle(SocketTube.java:253)
	at java.net.http/jdk.internal.net.http.HttpClientImpl$SelectorManager.handleEvent(HttpClientImpl.java:1469)
	at java.net.http/jdk.internal.net.http.HttpClientImpl$SelectorManager.lambda$run$3(HttpClientImpl.java:1414)
	at java.base/java.util.ArrayList.forEach(ArrayList.java:1596)
	at java.net.http/jdk.internal.net.http.HttpClientImpl$SelectorManager.run(HttpClientImpl.java:1414)

]]></system-err>
  </testcase>
  <testcase name="runScenario[&quot;Cart button&quot;, &quot;Order confirmation Page functionality&quot;](56)" classname="TestNGTestRunner" time="38.463">
    <system-err><![CDATA[Jan 02, 2025 12:40:45 PM org.openqa.selenium.devtools.CdpVersionFinder findNearestMatch
WARNING: Unable to find an exact match for CDP version 130, returning the closest version; found: 127; Please update to a Selenium version that supports CDP version 130
Jan 02, 2025 12:41:21 PM org.openqa.selenium.remote.http.WebSocket$Listener onError
WARNING: Connection reset
java.net.SocketException: Connection reset
	at java.base/sun.nio.ch.SocketChannelImpl.throwConnectionReset(SocketChannelImpl.java:401)
	at java.base/sun.nio.ch.SocketChannelImpl.read(SocketChannelImpl.java:434)
	at java.net.http/jdk.internal.net.http.SocketTube.readAvailable(SocketTube.java:1178)
	at java.net.http/jdk.internal.net.http.SocketTube$InternalReadPublisher$InternalReadSubscription.read(SocketTube.java:841)
	at java.net.http/jdk.internal.net.http.SocketTube$SocketFlowTask.run(SocketTube.java:181)
	at java.net.http/jdk.internal.net.http.common.SequentialScheduler$SchedulableTask.run(SequentialScheduler.java:207)
	at java.net.http/jdk.internal.net.http.common.SequentialScheduler.runOrSchedule(SequentialScheduler.java:280)
	at java.net.http/jdk.internal.net.http.common.SequentialScheduler.runOrSchedule(SequentialScheduler.java:233)
	at java.net.http/jdk.internal.net.http.SocketTube$InternalReadPublisher$InternalReadSubscription.signalReadable(SocketTube.java:782)
	at java.net.http/jdk.internal.net.http.SocketTube$InternalReadPublisher$ReadEvent.signalEvent(SocketTube.java:965)
	at java.net.http/jdk.internal.net.http.SocketTube$SocketFlowEvent.handle(SocketTube.java:253)
	at java.net.http/jdk.internal.net.http.HttpClientImpl$SelectorManager.handleEvent(HttpClientImpl.java:1469)
	at java.net.http/jdk.internal.net.http.HttpClientImpl$SelectorManager.lambda$run$3(HttpClientImpl.java:1414)
	at java.base/java.util.ArrayList.forEach(ArrayList.java:1596)
	at java.net.http/jdk.internal.net.http.HttpClientImpl$SelectorManager.run(HttpClientImpl.java:1414)

]]></system-err>
  </testcase>
  <testcase name="runScenario[&quot;Logo&quot;, &quot;Order confirmation Page functionality&quot;](57)" classname="TestNGTestRunner" time="25.37">
    <system-err><![CDATA[Jan 02, 2025 12:41:23 PM org.openqa.selenium.devtools.CdpVersionFinder findNearestMatch
WARNING: Unable to find an exact match for CDP version 130, returning the closest version; found: 127; Please update to a Selenium version that supports CDP version 130
Jan 02, 2025 12:41:46 PM org.openqa.selenium.remote.http.WebSocket$Listener onError
WARNING: Connection reset
java.net.SocketException: Connection reset
	at java.base/sun.nio.ch.SocketChannelImpl.throwConnectionReset(SocketChannelImpl.java:401)
	at java.base/sun.nio.ch.SocketChannelImpl.read(SocketChannelImpl.java:434)
	at java.net.http/jdk.internal.net.http.SocketTube.readAvailable(SocketTube.java:1178)
	at java.net.http/jdk.internal.net.http.SocketTube$InternalReadPublisher$InternalReadSubscription.read(SocketTube.java:841)
	at java.net.http/jdk.internal.net.http.SocketTube$SocketFlowTask.run(SocketTube.java:181)
	at java.net.http/jdk.internal.net.http.common.SequentialScheduler$SchedulableTask.run(SequentialScheduler.java:207)
	at java.net.http/jdk.internal.net.http.common.SequentialScheduler.runOrSchedule(SequentialScheduler.java:280)
	at java.net.http/jdk.internal.net.http.common.SequentialScheduler.runOrSchedule(SequentialScheduler.java:233)
	at java.net.http/jdk.internal.net.http.SocketTube$InternalReadPublisher$InternalReadSubscription.signalReadable(SocketTube.java:782)
	at java.net.http/jdk.internal.net.http.SocketTube$InternalReadPublisher$ReadEvent.signalEvent(SocketTube.java:965)
	at java.net.http/jdk.internal.net.http.SocketTube$SocketFlowEvent.handle(SocketTube.java:253)
	at java.net.http/jdk.internal.net.http.HttpClientImpl$SelectorManager.handleEvent(HttpClientImpl.java:1469)
	at java.net.http/jdk.internal.net.http.HttpClientImpl$SelectorManager.lambda$run$3(HttpClientImpl.java:1414)
	at java.base/java.util.ArrayList.forEach(ArrayList.java:1596)
	at java.net.http/jdk.internal.net.http.HttpClientImpl$SelectorManager.run(HttpClientImpl.java:1414)

]]></system-err>
  </testcase>
  <testcase name="runScenario[&quot;Orders link&quot;, &quot;Order confirmation Page functionality&quot;](58)" classname="TestNGTestRunner" time="39.044">
    <system-err><![CDATA[Jan 02, 2025 12:41:48 PM org.openqa.selenium.devtools.CdpVersionFinder findNearestMatch
WARNING: Unable to find an exact match for CDP version 130, returning the closest version; found: 127; Please update to a Selenium version that supports CDP version 130
Jan 02, 2025 12:42:25 PM org.openqa.selenium.remote.http.WebSocket$Listener onError
WARNING: Connection reset
java.net.SocketException: Connection reset
	at java.base/sun.nio.ch.SocketChannelImpl.throwConnectionReset(SocketChannelImpl.java:401)
	at java.base/sun.nio.ch.SocketChannelImpl.read(SocketChannelImpl.java:434)
	at java.net.http/jdk.internal.net.http.SocketTube.readAvailable(SocketTube.java:1178)
	at java.net.http/jdk.internal.net.http.SocketTube$InternalReadPublisher$InternalReadSubscription.read(SocketTube.java:841)
	at java.net.http/jdk.internal.net.http.SocketTube$SocketFlowTask.run(SocketTube.java:181)
	at java.net.http/jdk.internal.net.http.common.SequentialScheduler$SchedulableTask.run(SequentialScheduler.java:207)
	at java.net.http/jdk.internal.net.http.common.SequentialScheduler.runOrSchedule(SequentialScheduler.java:280)
	at java.net.http/jdk.internal.net.http.common.SequentialScheduler.runOrSchedule(SequentialScheduler.java:233)
	at java.net.http/jdk.internal.net.http.SocketTube$InternalReadPublisher$InternalReadSubscription.signalReadable(SocketTube.java:782)
	at java.net.http/jdk.internal.net.http.SocketTube$InternalReadPublisher$ReadEvent.signalEvent(SocketTube.java:965)
	at java.net.http/jdk.internal.net.http.SocketTube$SocketFlowEvent.handle(SocketTube.java:253)
	at java.net.http/jdk.internal.net.http.HttpClientImpl$SelectorManager.handleEvent(HttpClientImpl.java:1469)
	at java.net.http/jdk.internal.net.http.HttpClientImpl$SelectorManager.lambda$run$3(HttpClientImpl.java:1414)
	at java.base/java.util.ArrayList.forEach(ArrayList.java:1596)
	at java.net.http/jdk.internal.net.http.HttpClientImpl$SelectorManager.run(HttpClientImpl.java:1414)

]]></system-err>
  </testcase>
  <testcase name="runScenario[&quot;Product details, order id, url&quot;, &quot;Order confirmation Page functionality&quot;](59)" classname="TestNGTestRunner" time="37.121">
    <system-out><![CDATA[67763c7ee2b5443b1f0e18b0
67763c7ee2b5443b1f0e18b3
67763c7ee2b5443b1f0e18b7
]]></system-out>
    <system-err><![CDATA[Jan 02, 2025 12:42:27 PM org.openqa.selenium.devtools.CdpVersionFinder findNearestMatch
WARNING: Unable to find an exact match for CDP version 130, returning the closest version; found: 127; Please update to a Selenium version that supports CDP version 130
Jan 02, 2025 12:43:02 PM org.openqa.selenium.remote.http.WebSocket$Listener onError
WARNING: Connection reset
java.net.SocketException: Connection reset
	at java.base/sun.nio.ch.SocketChannelImpl.throwConnectionReset(SocketChannelImpl.java:401)
	at java.base/sun.nio.ch.SocketChannelImpl.read(SocketChannelImpl.java:434)
	at java.net.http/jdk.internal.net.http.SocketTube.readAvailable(SocketTube.java:1178)
	at java.net.http/jdk.internal.net.http.SocketTube$InternalReadPublisher$InternalReadSubscription.read(SocketTube.java:841)
	at java.net.http/jdk.internal.net.http.SocketTube$SocketFlowTask.run(SocketTube.java:181)
	at java.net.http/jdk.internal.net.http.common.SequentialScheduler$SchedulableTask.run(SequentialScheduler.java:207)
	at java.net.http/jdk.internal.net.http.common.SequentialScheduler.runOrSchedule(SequentialScheduler.java:280)
	at java.net.http/jdk.internal.net.http.common.SequentialScheduler.runOrSchedule(SequentialScheduler.java:233)
	at java.net.http/jdk.internal.net.http.SocketTube$InternalReadPublisher$InternalReadSubscription.signalReadable(SocketTube.java:782)
	at java.net.http/jdk.internal.net.http.SocketTube$InternalReadPublisher$ReadEvent.signalEvent(SocketTube.java:965)
	at java.net.http/jdk.internal.net.http.SocketTube$SocketFlowEvent.handle(SocketTube.java:253)
	at java.net.http/jdk.internal.net.http.HttpClientImpl$SelectorManager.handleEvent(HttpClientImpl.java:1469)
	at java.net.http/jdk.internal.net.http.HttpClientImpl$SelectorManager.lambda$run$3(HttpClientImpl.java:1414)
	at java.base/java.util.ArrayList.forEach(ArrayList.java:1596)
	at java.net.http/jdk.internal.net.http.HttpClientImpl$SelectorManager.run(HttpClientImpl.java:1414)

]]></system-err>
  </testcase>
  <testcase name="runScenario[&quot;Download buttons&quot;, &quot;Order confirmation Page functionality&quot;](60)" classname="TestNGTestRunner" time="40.19">
    <system-err><![CDATA[Jan 02, 2025 12:43:05 PM org.openqa.selenium.devtools.CdpVersionFinder findNearestMatch
WARNING: Unable to find an exact match for CDP version 130, returning the closest version; found: 127; Please update to a Selenium version that supports CDP version 130
Jan 02, 2025 12:43:43 PM org.openqa.selenium.remote.http.WebSocket$Listener onError
WARNING: Connection reset
java.net.SocketException: Connection reset
	at java.base/sun.nio.ch.SocketChannelImpl.throwConnectionReset(SocketChannelImpl.java:401)
	at java.base/sun.nio.ch.SocketChannelImpl.read(SocketChannelImpl.java:434)
	at java.net.http/jdk.internal.net.http.SocketTube.readAvailable(SocketTube.java:1178)
	at java.net.http/jdk.internal.net.http.SocketTube$InternalReadPublisher$InternalReadSubscription.read(SocketTube.java:841)
	at java.net.http/jdk.internal.net.http.SocketTube$SocketFlowTask.run(SocketTube.java:181)
	at java.net.http/jdk.internal.net.http.common.SequentialScheduler$SchedulableTask.run(SequentialScheduler.java:207)
	at java.net.http/jdk.internal.net.http.common.SequentialScheduler.runOrSchedule(SequentialScheduler.java:280)
	at java.net.http/jdk.internal.net.http.common.SequentialScheduler.runOrSchedule(SequentialScheduler.java:233)
	at java.net.http/jdk.internal.net.http.SocketTube$InternalReadPublisher$InternalReadSubscription.signalReadable(SocketTube.java:782)
	at java.net.http/jdk.internal.net.http.SocketTube$InternalReadPublisher$ReadEvent.signalEvent(SocketTube.java:965)
	at java.net.http/jdk.internal.net.http.SocketTube$SocketFlowEvent.handle(SocketTube.java:253)
	at java.net.http/jdk.internal.net.http.HttpClientImpl$SelectorManager.handleEvent(HttpClientImpl.java:1469)
	at java.net.http/jdk.internal.net.http.HttpClientImpl$SelectorManager.lambda$run$3(HttpClientImpl.java:1414)
	at java.base/java.util.ArrayList.forEach(ArrayList.java:1596)
	at java.net.http/jdk.internal.net.http.HttpClientImpl$SelectorManager.run(HttpClientImpl.java:1414)

]]></system-err>
  </testcase>
  <testcase name="runScenario[&quot;Home button&quot;, &quot;Order Page functionality&quot;](61)" classname="TestNGTestRunner" time="8.742">
    <system-err><![CDATA[Jan 02, 2025 12:43:45 PM org.openqa.selenium.devtools.CdpVersionFinder findNearestMatch
WARNING: Unable to find an exact match for CDP version 130, returning the closest version; found: 127; Please update to a Selenium version that supports CDP version 130
Jan 02, 2025 12:43:51 PM org.openqa.selenium.remote.http.WebSocket$Listener onError
WARNING: Connection reset
java.net.SocketException: Connection reset
	at java.base/sun.nio.ch.SocketChannelImpl.throwConnectionReset(SocketChannelImpl.java:401)
	at java.base/sun.nio.ch.SocketChannelImpl.read(SocketChannelImpl.java:434)
	at java.net.http/jdk.internal.net.http.SocketTube.readAvailable(SocketTube.java:1178)
	at java.net.http/jdk.internal.net.http.SocketTube$InternalReadPublisher$InternalReadSubscription.read(SocketTube.java:841)
	at java.net.http/jdk.internal.net.http.SocketTube$SocketFlowTask.run(SocketTube.java:181)
	at java.net.http/jdk.internal.net.http.common.SequentialScheduler$SchedulableTask.run(SequentialScheduler.java:207)
	at java.net.http/jdk.internal.net.http.common.SequentialScheduler.runOrSchedule(SequentialScheduler.java:280)
	at java.net.http/jdk.internal.net.http.common.SequentialScheduler.runOrSchedule(SequentialScheduler.java:233)
	at java.net.http/jdk.internal.net.http.SocketTube$InternalReadPublisher$InternalReadSubscription.signalReadable(SocketTube.java:782)
	at java.net.http/jdk.internal.net.http.SocketTube$InternalReadPublisher$ReadEvent.signalEvent(SocketTube.java:965)
	at java.net.http/jdk.internal.net.http.SocketTube$SocketFlowEvent.handle(SocketTube.java:253)
	at java.net.http/jdk.internal.net.http.HttpClientImpl$SelectorManager.handleEvent(HttpClientImpl.java:1469)
	at java.net.http/jdk.internal.net.http.HttpClientImpl$SelectorManager.lambda$run$3(HttpClientImpl.java:1414)
	at java.base/java.util.ArrayList.forEach(ArrayList.java:1596)
	at java.net.http/jdk.internal.net.http.HttpClientImpl$SelectorManager.run(HttpClientImpl.java:1414)

]]></system-err>
  </testcase>
  <testcase name="runScenario[&quot;Orders button&quot;, &quot;Order Page functionality&quot;](62)" classname="TestNGTestRunner" time="6.875">
    <system-err><![CDATA[Jan 02, 2025 12:43:53 PM org.openqa.selenium.devtools.CdpVersionFinder findNearestMatch
WARNING: Unable to find an exact match for CDP version 130, returning the closest version; found: 127; Please update to a Selenium version that supports CDP version 130
Jan 02, 2025 12:43:58 PM org.openqa.selenium.remote.http.WebSocket$Listener onError
WARNING: Connection reset
java.net.SocketException: Connection reset
	at java.base/sun.nio.ch.SocketChannelImpl.throwConnectionReset(SocketChannelImpl.java:401)
	at java.base/sun.nio.ch.SocketChannelImpl.read(SocketChannelImpl.java:434)
	at java.net.http/jdk.internal.net.http.SocketTube.readAvailable(SocketTube.java:1178)
	at java.net.http/jdk.internal.net.http.SocketTube$InternalReadPublisher$InternalReadSubscription.read(SocketTube.java:841)
	at java.net.http/jdk.internal.net.http.SocketTube$SocketFlowTask.run(SocketTube.java:181)
	at java.net.http/jdk.internal.net.http.common.SequentialScheduler$SchedulableTask.run(SequentialScheduler.java:207)
	at java.net.http/jdk.internal.net.http.common.SequentialScheduler.runOrSchedule(SequentialScheduler.java:280)
	at java.net.http/jdk.internal.net.http.common.SequentialScheduler.runOrSchedule(SequentialScheduler.java:233)
	at java.net.http/jdk.internal.net.http.SocketTube$InternalReadPublisher$InternalReadSubscription.signalReadable(SocketTube.java:782)
	at java.net.http/jdk.internal.net.http.SocketTube$InternalReadPublisher$ReadEvent.signalEvent(SocketTube.java:965)
	at java.net.http/jdk.internal.net.http.SocketTube$SocketFlowEvent.handle(SocketTube.java:253)
	at java.net.http/jdk.internal.net.http.HttpClientImpl$SelectorManager.handleEvent(HttpClientImpl.java:1469)
	at java.net.http/jdk.internal.net.http.HttpClientImpl$SelectorManager.lambda$run$3(HttpClientImpl.java:1414)
	at java.base/java.util.ArrayList.forEach(ArrayList.java:1596)
	at java.net.http/jdk.internal.net.http.HttpClientImpl$SelectorManager.run(HttpClientImpl.java:1414)

]]></system-err>
  </testcase>
  <testcase name="runScenario[&quot;Signout button&quot;, &quot;Order Page functionality&quot;](63)" classname="TestNGTestRunner" time="7.216">
    <system-err><![CDATA[Jan 02, 2025 12:44:00 PM org.openqa.selenium.devtools.CdpVersionFinder findNearestMatch
WARNING: Unable to find an exact match for CDP version 130, returning the closest version; found: 127; Please update to a Selenium version that supports CDP version 130
Jan 02, 2025 12:44:05 PM org.openqa.selenium.remote.http.WebSocket$Listener onError
WARNING: Connection reset
java.net.SocketException: Connection reset
	at java.base/sun.nio.ch.SocketChannelImpl.throwConnectionReset(SocketChannelImpl.java:401)
	at java.base/sun.nio.ch.SocketChannelImpl.read(SocketChannelImpl.java:434)
	at java.net.http/jdk.internal.net.http.SocketTube.readAvailable(SocketTube.java:1178)
	at java.net.http/jdk.internal.net.http.SocketTube$InternalReadPublisher$InternalReadSubscription.read(SocketTube.java:841)
	at java.net.http/jdk.internal.net.http.SocketTube$SocketFlowTask.run(SocketTube.java:181)
	at java.net.http/jdk.internal.net.http.common.SequentialScheduler$SchedulableTask.run(SequentialScheduler.java:207)
	at java.net.http/jdk.internal.net.http.common.SequentialScheduler.runOrSchedule(SequentialScheduler.java:280)
	at java.net.http/jdk.internal.net.http.common.SequentialScheduler.runOrSchedule(SequentialScheduler.java:233)
	at java.net.http/jdk.internal.net.http.SocketTube$InternalReadPublisher$InternalReadSubscription.signalReadable(SocketTube.java:782)
	at java.net.http/jdk.internal.net.http.SocketTube$InternalReadPublisher$ReadEvent.signalEvent(SocketTube.java:965)
	at java.net.http/jdk.internal.net.http.SocketTube$SocketFlowEvent.handle(SocketTube.java:253)
	at java.net.http/jdk.internal.net.http.HttpClientImpl$SelectorManager.handleEvent(HttpClientImpl.java:1469)
	at java.net.http/jdk.internal.net.http.HttpClientImpl$SelectorManager.lambda$run$3(HttpClientImpl.java:1414)
	at java.base/java.util.ArrayList.forEach(ArrayList.java:1596)
	at java.net.http/jdk.internal.net.http.HttpClientImpl$SelectorManager.run(HttpClientImpl.java:1414)

]]></system-err>
  </testcase>
  <testcase name="runScenario[&quot;Cart button&quot;, &quot;Order Page functionality&quot;](64)" classname="TestNGTestRunner" time="6.907">
    <system-err><![CDATA[Jan 02, 2025 12:44:07 PM org.openqa.selenium.devtools.CdpVersionFinder findNearestMatch
WARNING: Unable to find an exact match for CDP version 130, returning the closest version; found: 127; Please update to a Selenium version that supports CDP version 130
Jan 02, 2025 12:44:12 PM org.openqa.selenium.remote.http.WebSocket$Listener onError
WARNING: Connection reset
java.net.SocketException: Connection reset
	at java.base/sun.nio.ch.SocketChannelImpl.throwConnectionReset(SocketChannelImpl.java:401)
	at java.base/sun.nio.ch.SocketChannelImpl.read(SocketChannelImpl.java:434)
	at java.net.http/jdk.internal.net.http.SocketTube.readAvailable(SocketTube.java:1178)
	at java.net.http/jdk.internal.net.http.SocketTube$InternalReadPublisher$InternalReadSubscription.read(SocketTube.java:841)
	at java.net.http/jdk.internal.net.http.SocketTube$SocketFlowTask.run(SocketTube.java:181)
	at java.net.http/jdk.internal.net.http.common.SequentialScheduler$SchedulableTask.run(SequentialScheduler.java:207)
	at java.net.http/jdk.internal.net.http.common.SequentialScheduler.runOrSchedule(SequentialScheduler.java:280)
	at java.net.http/jdk.internal.net.http.common.SequentialScheduler.runOrSchedule(SequentialScheduler.java:233)
	at java.net.http/jdk.internal.net.http.SocketTube$InternalReadPublisher$InternalReadSubscription.signalReadable(SocketTube.java:782)
	at java.net.http/jdk.internal.net.http.SocketTube$InternalReadPublisher$ReadEvent.signalEvent(SocketTube.java:965)
	at java.net.http/jdk.internal.net.http.SocketTube$SocketFlowEvent.handle(SocketTube.java:253)
	at java.net.http/jdk.internal.net.http.HttpClientImpl$SelectorManager.handleEvent(HttpClientImpl.java:1469)
	at java.net.http/jdk.internal.net.http.HttpClientImpl$SelectorManager.lambda$run$3(HttpClientImpl.java:1414)
	at java.base/java.util.ArrayList.forEach(ArrayList.java:1596)
	at java.net.http/jdk.internal.net.http.HttpClientImpl$SelectorManager.run(HttpClientImpl.java:1414)

]]></system-err>
  </testcase>
  <testcase name="runScenario[&quot;Logo&quot;, &quot;Order Page functionality&quot;](65)" classname="TestNGTestRunner" time="7.585">
    <system-err><![CDATA[Jan 02, 2025 12:44:14 PM org.openqa.selenium.devtools.CdpVersionFinder findNearestMatch
WARNING: Unable to find an exact match for CDP version 130, returning the closest version; found: 127; Please update to a Selenium version that supports CDP version 130
Jan 02, 2025 12:44:20 PM org.openqa.selenium.remote.http.WebSocket$Listener onError
WARNING: Connection reset
java.net.SocketException: Connection reset
	at java.base/sun.nio.ch.SocketChannelImpl.throwConnectionReset(SocketChannelImpl.java:401)
	at java.base/sun.nio.ch.SocketChannelImpl.read(SocketChannelImpl.java:434)
	at java.net.http/jdk.internal.net.http.SocketTube.readAvailable(SocketTube.java:1178)
	at java.net.http/jdk.internal.net.http.SocketTube$InternalReadPublisher$InternalReadSubscription.read(SocketTube.java:841)
	at java.net.http/jdk.internal.net.http.SocketTube$SocketFlowTask.run(SocketTube.java:181)
	at java.net.http/jdk.internal.net.http.common.SequentialScheduler$SchedulableTask.run(SequentialScheduler.java:207)
	at java.net.http/jdk.internal.net.http.common.SequentialScheduler.runOrSchedule(SequentialScheduler.java:280)
	at java.net.http/jdk.internal.net.http.common.SequentialScheduler.runOrSchedule(SequentialScheduler.java:233)
	at java.net.http/jdk.internal.net.http.SocketTube$InternalReadPublisher$InternalReadSubscription.signalReadable(SocketTube.java:782)
	at java.net.http/jdk.internal.net.http.SocketTube$InternalReadPublisher$ReadEvent.signalEvent(SocketTube.java:965)
	at java.net.http/jdk.internal.net.http.SocketTube$SocketFlowEvent.handle(SocketTube.java:253)
	at java.net.http/jdk.internal.net.http.HttpClientImpl$SelectorManager.handleEvent(HttpClientImpl.java:1469)
	at java.net.http/jdk.internal.net.http.HttpClientImpl$SelectorManager.lambda$run$3(HttpClientImpl.java:1414)
	at java.base/java.util.ArrayList.forEach(ArrayList.java:1596)
	at java.net.http/jdk.internal.net.http.HttpClientImpl$SelectorManager.run(HttpClientImpl.java:1414)

]]></system-err>
  </testcase>
  <testcase name="runScenario[&quot;Orders api is failed&quot;, &quot;Order confirmation Page error handling&quot;](66)" classname="TestNGTestRunner" time="38.299">
    <system-err><![CDATA[Jan 02, 2025 12:44:23 PM org.openqa.selenium.devtools.CdpVersionFinder findNearestMatch
WARNING: Unable to find an exact match for CDP version 130, returning the closest version; found: 127; Please update to a Selenium version that supports CDP version 130
Jan 02, 2025 12:44:58 PM org.openqa.selenium.remote.http.WebSocket$Listener onError
WARNING: Connection reset
java.net.SocketException: Connection reset
	at java.base/sun.nio.ch.SocketChannelImpl.throwConnectionReset(SocketChannelImpl.java:401)
	at java.base/sun.nio.ch.SocketChannelImpl.read(SocketChannelImpl.java:434)
	at java.net.http/jdk.internal.net.http.SocketTube.readAvailable(SocketTube.java:1178)
	at java.net.http/jdk.internal.net.http.SocketTube$InternalReadPublisher$InternalReadSubscription.read(SocketTube.java:841)
	at java.net.http/jdk.internal.net.http.SocketTube$SocketFlowTask.run(SocketTube.java:181)
	at java.net.http/jdk.internal.net.http.common.SequentialScheduler$SchedulableTask.run(SequentialScheduler.java:207)
	at java.net.http/jdk.internal.net.http.common.SequentialScheduler.runOrSchedule(SequentialScheduler.java:280)
	at java.net.http/jdk.internal.net.http.common.SequentialScheduler.runOrSchedule(SequentialScheduler.java:233)
	at java.net.http/jdk.internal.net.http.SocketTube$InternalReadPublisher$InternalReadSubscription.signalReadable(SocketTube.java:782)
	at java.net.http/jdk.internal.net.http.SocketTube$InternalReadPublisher$ReadEvent.signalEvent(SocketTube.java:965)
	at java.net.http/jdk.internal.net.http.SocketTube$SocketFlowEvent.handle(SocketTube.java:253)
	at java.net.http/jdk.internal.net.http.HttpClientImpl$SelectorManager.handleEvent(HttpClientImpl.java:1469)
	at java.net.http/jdk.internal.net.http.HttpClientImpl$SelectorManager.lambda$run$3(HttpClientImpl.java:1414)
	at java.base/java.util.ArrayList.forEach(ArrayList.java:1596)
	at java.net.http/jdk.internal.net.http.HttpClientImpl$SelectorManager.run(HttpClientImpl.java:1414)

]]></system-err>
  </testcase>
  <testcase name="runScenario[&quot;Delete api is failed&quot;, &quot;Order confirmation Page error handling&quot;](67)" classname="TestNGTestRunner" time="37.177">
    <system-err><![CDATA[Jan 02, 2025 12:45:00 PM org.openqa.selenium.devtools.CdpVersionFinder findNearestMatch
WARNING: Unable to find an exact match for CDP version 130, returning the closest version; found: 127; Please update to a Selenium version that supports CDP version 130
Jan 02, 2025 12:45:35 PM org.openqa.selenium.remote.http.WebSocket$Listener onError
WARNING: Connection reset
java.net.SocketException: Connection reset
	at java.base/sun.nio.ch.SocketChannelImpl.throwConnectionReset(SocketChannelImpl.java:401)
	at java.base/sun.nio.ch.SocketChannelImpl.read(SocketChannelImpl.java:434)
	at java.net.http/jdk.internal.net.http.SocketTube.readAvailable(SocketTube.java:1178)
	at java.net.http/jdk.internal.net.http.SocketTube$InternalReadPublisher$InternalReadSubscription.read(SocketTube.java:841)
	at java.net.http/jdk.internal.net.http.SocketTube$SocketFlowTask.run(SocketTube.java:181)
	at java.net.http/jdk.internal.net.http.common.SequentialScheduler$SchedulableTask.run(SequentialScheduler.java:207)
	at java.net.http/jdk.internal.net.http.common.SequentialScheduler.runOrSchedule(SequentialScheduler.java:280)
	at java.net.http/jdk.internal.net.http.common.SequentialScheduler.runOrSchedule(SequentialScheduler.java:233)
	at java.net.http/jdk.internal.net.http.SocketTube$InternalReadPublisher$InternalReadSubscription.signalReadable(SocketTube.java:782)
	at java.net.http/jdk.internal.net.http.SocketTube$InternalReadPublisher$ReadEvent.signalEvent(SocketTube.java:965)
	at java.net.http/jdk.internal.net.http.SocketTube$SocketFlowEvent.handle(SocketTube.java:253)
	at java.net.http/jdk.internal.net.http.HttpClientImpl$SelectorManager.handleEvent(HttpClientImpl.java:1469)
	at java.net.http/jdk.internal.net.http.HttpClientImpl$SelectorManager.lambda$run$3(HttpClientImpl.java:1414)
	at java.base/java.util.ArrayList.forEach(ArrayList.java:1596)
	at java.net.http/jdk.internal.net.http.HttpClientImpl$SelectorManager.run(HttpClientImpl.java:1414)

]]></system-err>
  </testcase>
  <testcase name="runScenario[&quot;View api is failed&quot;, &quot;Order confirmation Page error handling&quot;](68)" classname="TestNGTestRunner" time="38.158">
    <failure message="expected [https://rahulshettyacademy.com/client/dashboard/order-details/67763d3de2b5443b1f0e1aa1] but found [https://rahulshettyacademy.com/client/dashboard/order-details/67763cf2e2b5443b1f0e19f8]" type="java.lang.AssertionError"><![CDATA[java.lang.AssertionError: expected [https://rahulshettyacademy.com/client/dashboard/order-details/67763d3de2b5443b1f0e1aa1] but found [https://rahulshettyacademy.com/client/dashboard/order-details/67763cf2e2b5443b1f0e19f8]
	at org.testng.Assert.fail(Assert.java:111)
	at org.testng.Assert.failNotEquals(Assert.java:1578)
	at org.testng.Assert.assertEqualsImpl(Assert.java:150)
	at org.testng.Assert.assertEquals(Assert.java:132)
	at org.testng.Assert.assertEquals(Assert.java:656)
	at org.testng.Assert.assertEquals(Assert.java:666)
	at StepDefinitions.UITest.OrdersPage.ErrorHandlingStepDefImpl.isDisplayedAndErrorOccurs(ErrorHandlingStepDefImpl.java:158)
	at ✽."You are not authorize to view this order" is displayed and "Unknown error occured" Error occurs(file:///C:/Users/santh/Desktop/Ecommerce%20Automation/Selenium/EcommercePractise/src/test/java/FeatureFiles/UITest/OrdersPage/ErrorHandling.feature:18)
]]></failure>
    <system-err><![CDATA[Jan 02, 2025 12:45:38 PM org.openqa.selenium.devtools.CdpVersionFinder findNearestMatch
WARNING: Unable to find an exact match for CDP version 130, returning the closest version; found: 127; Please update to a Selenium version that supports CDP version 130
Jan 02, 2025 12:46:14 PM org.openqa.selenium.remote.http.WebSocket$Listener onError
WARNING: Connection reset
java.net.SocketException: Connection reset
	at java.base/sun.nio.ch.SocketChannelImpl.throwConnectionReset(SocketChannelImpl.java:401)
	at java.base/sun.nio.ch.SocketChannelImpl.read(SocketChannelImpl.java:434)
	at java.net.http/jdk.internal.net.http.SocketTube.readAvailable(SocketTube.java:1178)
	at java.net.http/jdk.internal.net.http.SocketTube$InternalReadPublisher$InternalReadSubscription.read(SocketTube.java:841)
	at java.net.http/jdk.internal.net.http.SocketTube$SocketFlowTask.run(SocketTube.java:181)
	at java.net.http/jdk.internal.net.http.common.SequentialScheduler$SchedulableTask.run(SequentialScheduler.java:207)
	at java.net.http/jdk.internal.net.http.common.SequentialScheduler.runOrSchedule(SequentialScheduler.java:280)
	at java.net.http/jdk.internal.net.http.common.SequentialScheduler.runOrSchedule(SequentialScheduler.java:233)
	at java.net.http/jdk.internal.net.http.SocketTube$InternalReadPublisher$InternalReadSubscription.signalReadable(SocketTube.java:782)
	at java.net.http/jdk.internal.net.http.SocketTube$InternalReadPublisher$ReadEvent.signalEvent(SocketTube.java:965)
	at java.net.http/jdk.internal.net.http.SocketTube$SocketFlowEvent.handle(SocketTube.java:253)
	at java.net.http/jdk.internal.net.http.HttpClientImpl$SelectorManager.handleEvent(HttpClientImpl.java:1469)
	at java.net.http/jdk.internal.net.http.HttpClientImpl$SelectorManager.lambda$run$3(HttpClientImpl.java:1414)
	at java.base/java.util.ArrayList.forEach(ArrayList.java:1596)
	at java.net.http/jdk.internal.net.http.HttpClientImpl$SelectorManager.run(HttpClientImpl.java:1414)

]]></system-err>
  </testcase>
  <testcase name="runScenario[&quot;Home button&quot;, &quot;Order confirmation Page functionality&quot;](69)" classname="TestNGTestRunner" time="36.348">
    <system-err><![CDATA[Jan 02, 2025 12:46:16 PM org.openqa.selenium.devtools.CdpVersionFinder findNearestMatch
WARNING: Unable to find an exact match for CDP version 130, returning the closest version; found: 127; Please update to a Selenium version that supports CDP version 130
Jan 02, 2025 12:46:50 PM org.openqa.selenium.remote.http.WebSocket$Listener onError
WARNING: Connection reset
java.net.SocketException: Connection reset
	at java.base/sun.nio.ch.SocketChannelImpl.throwConnectionReset(SocketChannelImpl.java:401)
	at java.base/sun.nio.ch.SocketChannelImpl.read(SocketChannelImpl.java:434)
	at java.net.http/jdk.internal.net.http.SocketTube.readAvailable(SocketTube.java:1178)
	at java.net.http/jdk.internal.net.http.SocketTube$InternalReadPublisher$InternalReadSubscription.read(SocketTube.java:841)
	at java.net.http/jdk.internal.net.http.SocketTube$SocketFlowTask.run(SocketTube.java:181)
	at java.net.http/jdk.internal.net.http.common.SequentialScheduler$SchedulableTask.run(SequentialScheduler.java:207)
	at java.net.http/jdk.internal.net.http.common.SequentialScheduler.runOrSchedule(SequentialScheduler.java:280)
	at java.net.http/jdk.internal.net.http.common.SequentialScheduler.runOrSchedule(SequentialScheduler.java:233)
	at java.net.http/jdk.internal.net.http.SocketTube$InternalReadPublisher$InternalReadSubscription.signalReadable(SocketTube.java:782)
	at java.net.http/jdk.internal.net.http.SocketTube$InternalReadPublisher$ReadEvent.signalEvent(SocketTube.java:965)
	at java.net.http/jdk.internal.net.http.SocketTube$SocketFlowEvent.handle(SocketTube.java:253)
	at java.net.http/jdk.internal.net.http.HttpClientImpl$SelectorManager.handleEvent(HttpClientImpl.java:1469)
	at java.net.http/jdk.internal.net.http.HttpClientImpl$SelectorManager.lambda$run$3(HttpClientImpl.java:1414)
	at java.base/java.util.ArrayList.forEach(ArrayList.java:1596)
	at java.net.http/jdk.internal.net.http.HttpClientImpl$SelectorManager.run(HttpClientImpl.java:1414)

]]></system-err>
  </testcase>
  <testcase name="runScenario[&quot;Orders button&quot;, &quot;Order confirmation Page functionality&quot;](70)" classname="TestNGTestRunner" time="37.809">
    <system-err><![CDATA[Jan 02, 2025 12:46:52 PM org.openqa.selenium.devtools.CdpVersionFinder findNearestMatch
WARNING: Unable to find an exact match for CDP version 130, returning the closest version; found: 127; Please update to a Selenium version that supports CDP version 130
Jan 02, 2025 12:47:28 PM org.openqa.selenium.remote.http.WebSocket$Listener onError
WARNING: Connection reset
java.net.SocketException: Connection reset
	at java.base/sun.nio.ch.SocketChannelImpl.throwConnectionReset(SocketChannelImpl.java:401)
	at java.base/sun.nio.ch.SocketChannelImpl.read(SocketChannelImpl.java:434)
	at java.net.http/jdk.internal.net.http.SocketTube.readAvailable(SocketTube.java:1178)
	at java.net.http/jdk.internal.net.http.SocketTube$InternalReadPublisher$InternalReadSubscription.read(SocketTube.java:841)
	at java.net.http/jdk.internal.net.http.SocketTube$SocketFlowTask.run(SocketTube.java:181)
	at java.net.http/jdk.internal.net.http.common.SequentialScheduler$SchedulableTask.run(SequentialScheduler.java:207)
	at java.net.http/jdk.internal.net.http.common.SequentialScheduler.runOrSchedule(SequentialScheduler.java:280)
	at java.net.http/jdk.internal.net.http.common.SequentialScheduler.runOrSchedule(SequentialScheduler.java:233)
	at java.net.http/jdk.internal.net.http.SocketTube$InternalReadPublisher$InternalReadSubscription.signalReadable(SocketTube.java:782)
	at java.net.http/jdk.internal.net.http.SocketTube$InternalReadPublisher$ReadEvent.signalEvent(SocketTube.java:965)
	at java.net.http/jdk.internal.net.http.SocketTube$SocketFlowEvent.handle(SocketTube.java:253)
	at java.net.http/jdk.internal.net.http.HttpClientImpl$SelectorManager.handleEvent(HttpClientImpl.java:1469)
	at java.net.http/jdk.internal.net.http.HttpClientImpl$SelectorManager.lambda$run$3(HttpClientImpl.java:1414)
	at java.base/java.util.ArrayList.forEach(ArrayList.java:1596)
	at java.net.http/jdk.internal.net.http.HttpClientImpl$SelectorManager.run(HttpClientImpl.java:1414)

]]></system-err>
  </testcase>
  <testcase name="runScenario[&quot;Signout button&quot;, &quot;Order confirmation Page functionality&quot;](71)" classname="TestNGTestRunner" time="36.862">
    <system-err><![CDATA[Jan 02, 2025 12:47:30 PM org.openqa.selenium.devtools.CdpVersionFinder findNearestMatch
WARNING: Unable to find an exact match for CDP version 130, returning the closest version; found: 127; Please update to a Selenium version that supports CDP version 130
Jan 02, 2025 12:48:05 PM org.openqa.selenium.remote.http.WebSocket$Listener onError
WARNING: Connection reset
java.net.SocketException: Connection reset
	at java.base/sun.nio.ch.SocketChannelImpl.throwConnectionReset(SocketChannelImpl.java:401)
	at java.base/sun.nio.ch.SocketChannelImpl.read(SocketChannelImpl.java:434)
	at java.net.http/jdk.internal.net.http.SocketTube.readAvailable(SocketTube.java:1178)
	at java.net.http/jdk.internal.net.http.SocketTube$InternalReadPublisher$InternalReadSubscription.read(SocketTube.java:841)
	at java.net.http/jdk.internal.net.http.SocketTube$SocketFlowTask.run(SocketTube.java:181)
	at java.net.http/jdk.internal.net.http.common.SequentialScheduler$SchedulableTask.run(SequentialScheduler.java:207)
	at java.net.http/jdk.internal.net.http.common.SequentialScheduler.runOrSchedule(SequentialScheduler.java:280)
	at java.net.http/jdk.internal.net.http.common.SequentialScheduler.runOrSchedule(SequentialScheduler.java:233)
	at java.net.http/jdk.internal.net.http.SocketTube$InternalReadPublisher$InternalReadSubscription.signalReadable(SocketTube.java:782)
	at java.net.http/jdk.internal.net.http.SocketTube$InternalReadPublisher$ReadEvent.signalEvent(SocketTube.java:965)
	at java.net.http/jdk.internal.net.http.SocketTube$SocketFlowEvent.handle(SocketTube.java:253)
	at java.net.http/jdk.internal.net.http.HttpClientImpl$SelectorManager.handleEvent(HttpClientImpl.java:1469)
	at java.net.http/jdk.internal.net.http.HttpClientImpl$SelectorManager.lambda$run$3(HttpClientImpl.java:1414)
	at java.base/java.util.ArrayList.forEach(ArrayList.java:1596)
	at java.net.http/jdk.internal.net.http.HttpClientImpl$SelectorManager.run(HttpClientImpl.java:1414)

]]></system-err>
  </testcase>
  <testcase name="runScenario[&quot;Cart button&quot;, &quot;Order confirmation Page functionality&quot;](72)" classname="TestNGTestRunner" time="31.291">
    <system-err><![CDATA[Jan 02, 2025 12:48:07 PM org.openqa.selenium.devtools.CdpVersionFinder findNearestMatch
WARNING: Unable to find an exact match for CDP version 130, returning the closest version; found: 127; Please update to a Selenium version that supports CDP version 130
Jan 02, 2025 12:48:36 PM org.openqa.selenium.remote.http.WebSocket$Listener onError
WARNING: Connection reset
java.net.SocketException: Connection reset
	at java.base/sun.nio.ch.SocketChannelImpl.throwConnectionReset(SocketChannelImpl.java:401)
	at java.base/sun.nio.ch.SocketChannelImpl.read(SocketChannelImpl.java:434)
	at java.net.http/jdk.internal.net.http.SocketTube.readAvailable(SocketTube.java:1178)
	at java.net.http/jdk.internal.net.http.SocketTube$InternalReadPublisher$InternalReadSubscription.read(SocketTube.java:841)
	at java.net.http/jdk.internal.net.http.SocketTube$SocketFlowTask.run(SocketTube.java:181)
	at java.net.http/jdk.internal.net.http.common.SequentialScheduler$SchedulableTask.run(SequentialScheduler.java:207)
	at java.net.http/jdk.internal.net.http.common.SequentialScheduler.runOrSchedule(SequentialScheduler.java:280)
	at java.net.http/jdk.internal.net.http.common.SequentialScheduler.runOrSchedule(SequentialScheduler.java:233)
	at java.net.http/jdk.internal.net.http.SocketTube$InternalReadPublisher$InternalReadSubscription.signalReadable(SocketTube.java:782)
	at java.net.http/jdk.internal.net.http.SocketTube$InternalReadPublisher$ReadEvent.signalEvent(SocketTube.java:965)
	at java.net.http/jdk.internal.net.http.SocketTube$SocketFlowEvent.handle(SocketTube.java:253)
	at java.net.http/jdk.internal.net.http.HttpClientImpl$SelectorManager.handleEvent(HttpClientImpl.java:1469)
	at java.net.http/jdk.internal.net.http.HttpClientImpl$SelectorManager.lambda$run$3(HttpClientImpl.java:1414)
	at java.base/java.util.ArrayList.forEach(ArrayList.java:1596)
	at java.net.http/jdk.internal.net.http.HttpClientImpl$SelectorManager.run(HttpClientImpl.java:1414)

]]></system-err>
  </testcase>
  <testcase name="runScenario[&quot;Logo&quot;, &quot;Order confirmation Page functionality&quot;](73)" classname="TestNGTestRunner" time="38.087">
    <system-err><![CDATA[Jan 02, 2025 12:48:39 PM org.openqa.selenium.devtools.CdpVersionFinder findNearestMatch
WARNING: Unable to find an exact match for CDP version 130, returning the closest version; found: 127; Please update to a Selenium version that supports CDP version 130
Jan 02, 2025 12:49:14 PM org.openqa.selenium.remote.http.WebSocket$Listener onError
WARNING: Connection reset
java.net.SocketException: Connection reset
	at java.base/sun.nio.ch.SocketChannelImpl.throwConnectionReset(SocketChannelImpl.java:401)
	at java.base/sun.nio.ch.SocketChannelImpl.read(SocketChannelImpl.java:434)
	at java.net.http/jdk.internal.net.http.SocketTube.readAvailable(SocketTube.java:1178)
	at java.net.http/jdk.internal.net.http.SocketTube$InternalReadPublisher$InternalReadSubscription.read(SocketTube.java:841)
	at java.net.http/jdk.internal.net.http.SocketTube$SocketFlowTask.run(SocketTube.java:181)
	at java.net.http/jdk.internal.net.http.common.SequentialScheduler$SchedulableTask.run(SequentialScheduler.java:207)
	at java.net.http/jdk.internal.net.http.common.SequentialScheduler.runOrSchedule(SequentialScheduler.java:280)
	at java.net.http/jdk.internal.net.http.common.SequentialScheduler.runOrSchedule(SequentialScheduler.java:233)
	at java.net.http/jdk.internal.net.http.SocketTube$InternalReadPublisher$InternalReadSubscription.signalReadable(SocketTube.java:782)
	at java.net.http/jdk.internal.net.http.SocketTube$InternalReadPublisher$ReadEvent.signalEvent(SocketTube.java:965)
	at java.net.http/jdk.internal.net.http.SocketTube$SocketFlowEvent.handle(SocketTube.java:253)
	at java.net.http/jdk.internal.net.http.HttpClientImpl$SelectorManager.handleEvent(HttpClientImpl.java:1469)
	at java.net.http/jdk.internal.net.http.HttpClientImpl$SelectorManager.lambda$run$3(HttpClientImpl.java:1414)
	at java.base/java.util.ArrayList.forEach(ArrayList.java:1596)
	at java.net.http/jdk.internal.net.http.HttpClientImpl$SelectorManager.run(HttpClientImpl.java:1414)

]]></system-err>
  </testcase>
  <testcase name="runScenario[&quot;Go back to shopping&quot;, &quot;Order confirmation Page functionality&quot;](74)" classname="TestNGTestRunner" time="39.671">
    <system-err><![CDATA[Jan 02, 2025 12:49:16 PM org.openqa.selenium.devtools.CdpVersionFinder findNearestMatch
WARNING: Unable to find an exact match for CDP version 130, returning the closest version; found: 127; Please update to a Selenium version that supports CDP version 130
Jan 02, 2025 12:49:54 PM org.openqa.selenium.remote.http.WebSocket$Listener onError
WARNING: Connection reset
java.net.SocketException: Connection reset
	at java.base/sun.nio.ch.SocketChannelImpl.throwConnectionReset(SocketChannelImpl.java:401)
	at java.base/sun.nio.ch.SocketChannelImpl.read(SocketChannelImpl.java:434)
	at java.net.http/jdk.internal.net.http.SocketTube.readAvailable(SocketTube.java:1178)
	at java.net.http/jdk.internal.net.http.SocketTube$InternalReadPublisher$InternalReadSubscription.read(SocketTube.java:841)
	at java.net.http/jdk.internal.net.http.SocketTube$SocketFlowTask.run(SocketTube.java:181)
	at java.net.http/jdk.internal.net.http.common.SequentialScheduler$SchedulableTask.run(SequentialScheduler.java:207)
	at java.net.http/jdk.internal.net.http.common.SequentialScheduler.runOrSchedule(SequentialScheduler.java:280)
	at java.net.http/jdk.internal.net.http.common.SequentialScheduler.runOrSchedule(SequentialScheduler.java:233)
	at java.net.http/jdk.internal.net.http.SocketTube$InternalReadPublisher$InternalReadSubscription.signalReadable(SocketTube.java:782)
	at java.net.http/jdk.internal.net.http.SocketTube$InternalReadPublisher$ReadEvent.signalEvent(SocketTube.java:965)
	at java.net.http/jdk.internal.net.http.SocketTube$SocketFlowEvent.handle(SocketTube.java:253)
	at java.net.http/jdk.internal.net.http.HttpClientImpl$SelectorManager.handleEvent(HttpClientImpl.java:1469)
	at java.net.http/jdk.internal.net.http.HttpClientImpl$SelectorManager.lambda$run$3(HttpClientImpl.java:1414)
	at java.base/java.util.ArrayList.forEach(ArrayList.java:1596)
	at java.net.http/jdk.internal.net.http.HttpClientImpl$SelectorManager.run(HttpClientImpl.java:1414)

]]></system-err>
  </testcase>
  <testcase name="runScenario[&quot;Go back to cart&quot;, &quot;Order confirmation Page functionality&quot;](75)" classname="TestNGTestRunner" time="32.544">
    <system-err><![CDATA[Jan 02, 2025 12:49:56 PM org.openqa.selenium.devtools.CdpVersionFinder findNearestMatch
WARNING: Unable to find an exact match for CDP version 130, returning the closest version; found: 127; Please update to a Selenium version that supports CDP version 130
Jan 02, 2025 12:50:26 PM org.openqa.selenium.remote.http.WebSocket$Listener onError
WARNING: Connection reset
java.net.SocketException: Connection reset
	at java.base/sun.nio.ch.SocketChannelImpl.throwConnectionReset(SocketChannelImpl.java:401)
	at java.base/sun.nio.ch.SocketChannelImpl.read(SocketChannelImpl.java:434)
	at java.net.http/jdk.internal.net.http.SocketTube.readAvailable(SocketTube.java:1178)
	at java.net.http/jdk.internal.net.http.SocketTube$InternalReadPublisher$InternalReadSubscription.read(SocketTube.java:841)
	at java.net.http/jdk.internal.net.http.SocketTube$SocketFlowTask.run(SocketTube.java:181)
	at java.net.http/jdk.internal.net.http.common.SequentialScheduler$SchedulableTask.run(SequentialScheduler.java:207)
	at java.net.http/jdk.internal.net.http.common.SequentialScheduler.runOrSchedule(SequentialScheduler.java:280)
	at java.net.http/jdk.internal.net.http.common.SequentialScheduler.runOrSchedule(SequentialScheduler.java:233)
	at java.net.http/jdk.internal.net.http.SocketTube$InternalReadPublisher$InternalReadSubscription.signalReadable(SocketTube.java:782)
	at java.net.http/jdk.internal.net.http.SocketTube$InternalReadPublisher$ReadEvent.signalEvent(SocketTube.java:965)
	at java.net.http/jdk.internal.net.http.SocketTube$SocketFlowEvent.handle(SocketTube.java:253)
	at java.net.http/jdk.internal.net.http.HttpClientImpl$SelectorManager.handleEvent(HttpClientImpl.java:1469)
	at java.net.http/jdk.internal.net.http.HttpClientImpl$SelectorManager.lambda$run$3(HttpClientImpl.java:1414)
	at java.base/java.util.ArrayList.forEach(ArrayList.java:1596)
	at java.net.http/jdk.internal.net.http.HttpClientImpl$SelectorManager.run(HttpClientImpl.java:1414)

]]></system-err>
  </testcase>
  <testcase name="runScenario[&quot;No orders&quot;, &quot;Order confirmation Page functionality&quot;](76)" classname="TestNGTestRunner" time="10.271">
    <system-err><![CDATA[Jan 02, 2025 12:50:29 PM org.openqa.selenium.devtools.CdpVersionFinder findNearestMatch
WARNING: Unable to find an exact match for CDP version 130, returning the closest version; found: 127; Please update to a Selenium version that supports CDP version 130
Jan 02, 2025 12:50:36 PM org.openqa.selenium.remote.http.WebSocket$Listener onError
WARNING: Connection reset
java.net.SocketException: Connection reset
	at java.base/sun.nio.ch.SocketChannelImpl.throwConnectionReset(SocketChannelImpl.java:401)
	at java.base/sun.nio.ch.SocketChannelImpl.read(SocketChannelImpl.java:434)
	at java.net.http/jdk.internal.net.http.SocketTube.readAvailable(SocketTube.java:1178)
	at java.net.http/jdk.internal.net.http.SocketTube$InternalReadPublisher$InternalReadSubscription.read(SocketTube.java:841)
	at java.net.http/jdk.internal.net.http.SocketTube$SocketFlowTask.run(SocketTube.java:181)
	at java.net.http/jdk.internal.net.http.common.SequentialScheduler$SchedulableTask.run(SequentialScheduler.java:207)
	at java.net.http/jdk.internal.net.http.common.SequentialScheduler.runOrSchedule(SequentialScheduler.java:280)
	at java.net.http/jdk.internal.net.http.common.SequentialScheduler.runOrSchedule(SequentialScheduler.java:233)
	at java.net.http/jdk.internal.net.http.SocketTube$InternalReadPublisher$InternalReadSubscription.signalReadable(SocketTube.java:782)
	at java.net.http/jdk.internal.net.http.SocketTube$InternalReadPublisher$ReadEvent.signalEvent(SocketTube.java:965)
	at java.net.http/jdk.internal.net.http.SocketTube$SocketFlowEvent.handle(SocketTube.java:253)
	at java.net.http/jdk.internal.net.http.HttpClientImpl$SelectorManager.handleEvent(HttpClientImpl.java:1469)
	at java.net.http/jdk.internal.net.http.HttpClientImpl$SelectorManager.lambda$run$3(HttpClientImpl.java:1414)
	at java.base/java.util.ArrayList.forEach(ArrayList.java:1596)
	at java.net.http/jdk.internal.net.http.HttpClientImpl$SelectorManager.run(HttpClientImpl.java:1414)

]]></system-err>
  </testcase>
  <testcase name="runScenario[&quot;Orders are displayed&quot;, &quot;Order confirmation Page functionality&quot;](77)" classname="TestNGTestRunner" time="37.038">
    <system-err><![CDATA[Jan 02, 2025 12:50:39 PM org.openqa.selenium.devtools.CdpVersionFinder findNearestMatch
WARNING: Unable to find an exact match for CDP version 130, returning the closest version; found: 127; Please update to a Selenium version that supports CDP version 130
Jan 02, 2025 12:51:11 PM org.openqa.selenium.devtools.Connection$Listener lambda$onText$0
WARNING: Unable to process: {"method":"Network.responseReceived","params":{"requestId":"25332.69","loaderId":"BE4995F0B13EF5A940D43F0A28FECBCB","timestamp":1808.934373,"type":"Other","response":{"url":"https://rahulshettyacademy.com/api/ecom/order/get-orders-for-customer/66b44b0aae2afd4c0b441f37","status":200,"statusText":"OK","headers":{"Content-Encoding":"gzip","ETag":"W/\"dd2-4ceOyi8gjStHRtvpIlnf+cFJDi8\"","Expect-CT":"max-age=0","X-Permitted-Cross-Domain-Policies":"none","X-Content-Type-Options":"nosniff","Keep-Alive":"timeout=5, max=92","Date":"Thu, 02 Jan 2025 07:21:14 GMT","Content-Type":"application/json; charset=utf-8","Vary":"Accept-Encoding","X-Frame-Options":"SAMEORIGIN","Transfer-Encoding":"chunked","Strict-Transport-Security":"max-age=15552000; includeSubDomains","Content-Security-Policy":"default-src 'self';base-uri 'self';block-all-mixed-content;font-src 'self' https: data:;frame-ancestors 'self';img-src 'self' data:;object-src 'none';script-src 'self';script-src-attr 'none';style-src 'self' https: 'unsafe-inline';upgrade-insecure-requests","X-DNS-Prefetch-Control":"off","Connection":"Keep-Alive","Referrer-Policy":"no-referrer","X-Download-Options":"noopen","Access-Control-Allow-Origin":"*","X-XSS-Protection":"0","Server":"Apache/2.4.52 (Ubuntu)"},"mimeType":"application/json","charset":"utf-8","connectionReused":true,"connectionId":428,"remoteIPAddress":"13.201.9.53","remotePort":443,"fromDiskCache":false,"fromServiceWorker":false,"fromPrefetchCache":false,"encodedDataLength":920,"timing":{"requestTime":1808.891903,"proxyStart":-1,"proxyEnd":-1,"dnsStart":-1,"dnsEnd":-1,"connectStart":-1,"connectEnd":-1,"sslStart":-1,"sslEnd":-1,"workerStart":-1,"workerReady":-1,"workerFetchStart":-1,"workerRespondWithSettled":-1,"sendStart":1.474,"sendEnd":1.648,"pushStart":0,"pushEnd":0,"receiveHeadersStart":41.04,"receiveHeadersEnd":41.323},"responseTime":1.735802471855898e+12,"protocol":"http/1.1","alternateProtocolUsage":"unspecifiedReason","securityState":"secure","securityDetails":{"protocol":"TLS 1.3","keyExchange":"","keyExchangeGroup":"X25519","cipher":"AES_128_GCM","certificateId":0,"subjectName":"rahulshettyacademy.com","sanList":["rahulshettyacademy.com"],"issuer":"E6","validFrom":1731833819,"validTo":1739609818,"signedCertificateTimestampList":[{"status":"Verified","origin":"Embedded in certificate","logDescription":"Google 'Xenon2025h1' log","logId":"CF1156EED52E7CAFF3875BD9692E9BE91A71674AB017ECAC01D25B77CECC3B08","timestamp":1731837329589,"hashAlgorithm":"SHA-256","signatureAlgorithm":"ECDSA","signatureData":"3045022049CA90B2CB95C3A4AECDECF04FECA784EE3C38F667E4444EC363E3896496E161022100A382A6A79A23DB380C6BAE53F0317A7817F487C963769692F01598128068DB66"},{"status":"Verified","origin":"Embedded in certificate","logDescription":"DigiCert Nessie2025 Log","logId":"E6D2316340778CC1104106D771B9CEC1D240F6968486FBBA87321DFD1E378E50","timestamp":1731837329733,"hashAlgorithm":"SHA-256","signatureAlgorithm":"ECDSA","signatureData":"30450220157FD090AF13CC9D704CDB761C669D3050A465792F7063143A29419C5455EE34022100B52F2E04241FBDC492EED0F11D8D4C2FCCA313C5DD1D6CFBD8BE909857B03816"}],"certificateTransparencyCompliance":"unknown","serverSignatureAlgorithm":1027,"encryptedClientHello":false}},"hasExtraInfo":true,"frameId":"14E8AB7A8931E3DF1579C5B3F2B4F8DF"},"sessionId":"1BE0CC1C911511C24003C65B5E28C60F"}
org.openqa.selenium.devtools.DevToolsException: {"id":294,"error":{"code":-32000,"message":"No resource with given identifier found"},"sessionId":"1BE0CC1C911511C24003C65B5E28C60F"}
Build info: version: '4.23.0', revision: '4df0a231af'
System info: os.name: 'Windows 11', os.arch: 'amd64', os.version: '10.0', java.version: '21.0.5'
Driver info: driver.version: unknown
	at org.openqa.selenium.devtools.Connection.sendAndWait(Connection.java:195)
	at org.openqa.selenium.devtools.DevTools.send(DevTools.java:90)
	at StepDefinitions.UITest.OrdersPage.FunctionalityStepDefImpl.lambda$ordersAreDisplayed$2(FunctionalityStepDefImpl.java:217)
	at org.openqa.selenium.devtools.DevTools.lambda$addListener$0(DevTools.java:104)
	at org.openqa.selenium.devtools.Connection.lambda$handle$5(Connection.java:348)
	at java.base/java.util.stream.ForEachOps$ForEachOp$OfRef.accept(ForEachOps.java:184)
	at java.base/java.util.stream.ReferencePipeline$2$1.accept(ReferencePipeline.java:179)
	at java.base/java.util.stream.ReferencePipeline$15$1.accept(ReferencePipeline.java:541)
	at java.base/java.util.HashMap$EntrySpliterator.forEachRemaining(HashMap.java:1858)
	at java.base/java.util.stream.AbstractPipeline.copyInto(AbstractPipeline.java:509)
	at java.base/java.util.stream.AbstractPipeline.wrapAndCopyInto(AbstractPipeline.java:499)
	at java.base/java.util.stream.ForEachOps$ForEachOp.evaluateSequential(ForEachOps.java:151)
	at java.base/java.util.stream.ForEachOps$ForEachOp$OfRef.evaluateSequential(ForEachOps.java:174)
	at java.base/java.util.stream.AbstractPipeline.evaluate(AbstractPipeline.java:234)
	at java.base/java.util.stream.ReferencePipeline.forEach(ReferencePipeline.java:596)
	at org.openqa.selenium.devtools.Connection.handle(Connection.java:311)
	at org.openqa.selenium.devtools.Connection$Listener.lambda$onText$0(Connection.java:239)
	at java.base/java.util.concurrent.ThreadPoolExecutor.runWorker(ThreadPoolExecutor.java:1144)
	at java.base/java.util.concurrent.ThreadPoolExecutor$Worker.run(ThreadPoolExecutor.java:642)
	at java.base/java.lang.Thread.run(Thread.java:1583)
Caused by: org.openqa.selenium.WebDriverException: {"id":294,"error":{"code":-32000,"message":"No resource with given identifier found"},"sessionId":"1BE0CC1C911511C24003C65B5E28C60F"}
Build info: version: '4.23.0', revision: '4df0a231af'
System info: os.name: 'Windows 11', os.arch: 'amd64', os.version: '10.0', java.version: '21.0.5'
Driver info: driver.version: unknown
	at org.openqa.selenium.devtools.Connection.handle(Connection.java:275)
	... 4 more

Exception in thread "CDP Connection" org.openqa.selenium.devtools.DevToolsException: {"id":294,"error":{"code":-32000,"message":"No resource with given identifier found"},"sessionId":"1BE0CC1C911511C24003C65B5E28C60F"}
Build info: version: '4.23.0', revision: '4df0a231af'
System info: os.name: 'Windows 11', os.arch: 'amd64', os.version: '10.0', java.version: '21.0.5'
Driver info: driver.version: unknown
	at org.openqa.selenium.devtools.Connection$Listener.lambda$onText$0(Connection.java:242)
	at java.base/java.util.concurrent.ThreadPoolExecutor.runWorker(ThreadPoolExecutor.java:1144)
	at java.base/java.util.concurrent.ThreadPoolExecutor$Worker.run(ThreadPoolExecutor.java:642)
	at java.base/java.lang.Thread.run(Thread.java:1583)
Caused by: org.openqa.selenium.devtools.DevToolsException: {"id":294,"error":{"code":-32000,"message":"No resource with given identifier found"},"sessionId":"1BE0CC1C911511C24003C65B5E28C60F"}
Build info: version: '4.23.0', revision: '4df0a231af'
System info: os.name: 'Windows 11', os.arch: 'amd64', os.version: '10.0', java.version: '21.0.5'
Driver info: driver.version: unknown
	at org.openqa.selenium.devtools.Connection.sendAndWait(Connection.java:195)
	at org.openqa.selenium.devtools.DevTools.send(DevTools.java:90)
	at StepDefinitions.UITest.OrdersPage.FunctionalityStepDefImpl.lambda$ordersAreDisplayed$2(FunctionalityStepDefImpl.java:217)
	at org.openqa.selenium.devtools.DevTools.lambda$addListener$0(DevTools.java:104)
	at org.openqa.selenium.devtools.Connection.lambda$handle$5(Connection.java:348)
	at java.base/java.util.stream.ForEachOps$ForEachOp$OfRef.accept(ForEachOps.java:184)
	at java.base/java.util.stream.ReferencePipeline$2$1.accept(ReferencePipeline.java:179)
	at java.base/java.util.stream.ReferencePipeline$15$1.accept(ReferencePipeline.java:541)
	at java.base/java.util.HashMap$EntrySpliterator.forEachRemaining(HashMap.java:1858)
	at java.base/java.util.stream.AbstractPipeline.copyInto(AbstractPipeline.java:509)
	at java.base/java.util.stream.AbstractPipeline.wrapAndCopyInto(AbstractPipeline.java:499)
	at java.base/java.util.stream.ForEachOps$ForEachOp.evaluateSequential(ForEachOps.java:151)
	at java.base/java.util.stream.ForEachOps$ForEachOp$OfRef.evaluateSequential(ForEachOps.java:174)
	at java.base/java.util.stream.AbstractPipeline.evaluate(AbstractPipeline.java:234)
	at java.base/java.util.stream.ReferencePipeline.forEach(ReferencePipeline.java:596)
	at org.openqa.selenium.devtools.Connection.handle(Connection.java:311)
	at org.openqa.selenium.devtools.Connection$Listener.lambda$onText$0(Connection.java:239)
	... 3 more
Caused by: org.openqa.selenium.WebDriverException: {"id":294,"error":{"code":-32000,"message":"No resource with given identifier found"},"sessionId":"1BE0CC1C911511C24003C65B5E28C60F"}
Build info: version: '4.23.0', revision: '4df0a231af'
System info: os.name: 'Windows 11', os.arch: 'amd64', os.version: '10.0', java.version: '21.0.5'
Driver info: driver.version: unknown
	at org.openqa.selenium.devtools.Connection.handle(Connection.java:275)
	... 4 more
Jan 02, 2025 12:51:11 PM org.openqa.selenium.devtools.Connection$Listener lambda$onText$0
WARNING: Unable to process: {"method":"Network.responseReceived","params":{"requestId":"25332.69","loaderId":"BE4995F0B13EF5A940D43F0A28FECBCB","timestamp":1808.934269,"type":"XHR","response":{"url":"https://rahulshettyacademy.com/api/ecom/order/get-orders-for-customer/66b44b0aae2afd4c0b441f37","status":200,"statusText":"OK","headers":{"Content-Encoding":"gzip","ETag":"W/\"dd2-4ceOyi8gjStHRtvpIlnf+cFJDi8\"","Expect-CT":"max-age=0","X-Permitted-Cross-Domain-Policies":"none","X-Content-Type-Options":"nosniff","Keep-Alive":"timeout=5, max=92","Date":"Thu, 02 Jan 2025 07:21:14 GMT","Content-Type":"application/json; charset=utf-8","Vary":"Accept-Encoding","X-Frame-Options":"SAMEORIGIN","Transfer-Encoding":"chunked","Strict-Transport-Security":"max-age=15552000; includeSubDomains","Content-Security-Policy":"default-src 'self';base-uri 'self';block-all-mixed-content;font-src 'self' https: data:;frame-ancestors 'self';img-src 'self' data:;object-src 'none';script-src 'self';script-src-attr 'none';style-src 'self' https: 'unsafe-inline';upgrade-insecure-requests","X-DNS-Prefetch-Control":"off","Connection":"Keep-Alive","Referrer-Policy":"no-referrer","X-Download-Options":"noopen","Access-Control-Allow-Origin":"*","X-XSS-Protection":"0","Server":"Apache/2.4.52 (Ubuntu)"},"mimeType":"application/json","charset":"utf-8","connectionReused":true,"connectionId":428,"remoteIPAddress":"13.201.9.53","remotePort":443,"fromDiskCache":false,"fromServiceWorker":false,"fromPrefetchCache":false,"encodedDataLength":920,"timing":{"requestTime":1808.891903,"proxyStart":-1,"proxyEnd":-1,"dnsStart":-1,"dnsEnd":-1,"connectStart":-1,"connectEnd":-1,"sslStart":-1,"sslEnd":-1,"workerStart":-1,"workerReady":-1,"workerFetchStart":-1,"workerRespondWithSettled":-1,"sendStart":1.474,"sendEnd":1.648,"pushStart":0,"pushEnd":0,"receiveHeadersStart":41.04,"receiveHeadersEnd":41.323},"responseTime":1.735802471855898e+12,"protocol":"http/1.1","alternateProtocolUsage":"unspecifiedReason","securityState":"secure","securityDetails":{"protocol":"TLS 1.3","keyExchange":"","keyExchangeGroup":"X25519","cipher":"AES_128_GCM","certificateId":0,"subjectName":"rahulshettyacademy.com","sanList":["rahulshettyacademy.com"],"issuer":"E6","validFrom":1731833819,"validTo":1739609818,"signedCertificateTimestampList":[{"status":"Verified","origin":"Embedded in certificate","logDescription":"Google 'Xenon2025h1' log","logId":"CF1156EED52E7CAFF3875BD9692E9BE91A71674AB017ECAC01D25B77CECC3B08","timestamp":1731837329589,"hashAlgorithm":"SHA-256","signatureAlgorithm":"ECDSA","signatureData":"3045022049CA90B2CB95C3A4AECDECF04FECA784EE3C38F667E4444EC363E3896496E161022100A382A6A79A23DB380C6BAE53F0317A7817F487C963769692F01598128068DB66"},{"status":"Verified","origin":"Embedded in certificate","logDescription":"DigiCert Nessie2025 Log","logId":"E6D2316340778CC1104106D771B9CEC1D240F6968486FBBA87321DFD1E378E50","timestamp":1731837329733,"hashAlgorithm":"SHA-256","signatureAlgorithm":"ECDSA","signatureData":"30450220157FD090AF13CC9D704CDB761C669D3050A465792F7063143A29419C5455EE34022100B52F2E04241FBDC492EED0F11D8D4C2FCCA313C5DD1D6CFBD8BE909857B03816"}],"certificateTransparencyCompliance":"unknown","serverSignatureAlgorithm":1027,"encryptedClientHello":false}},"hasExtraInfo":true,"frameId":"14E8AB7A8931E3DF1579C5B3F2B4F8DF"},"sessionId":"D84B9C1BEEE2D8729129EC532552A348"}
org.openqa.selenium.devtools.DevToolsException: {"id":293,"error":{"code":-32000,"message":"No resource with given identifier found"},"sessionId":"1BE0CC1C911511C24003C65B5E28C60F"}
Build info: version: '4.23.0', revision: '4df0a231af'
System info: os.name: 'Windows 11', os.arch: 'amd64', os.version: '10.0', java.version: '21.0.5'
Driver info: driver.version: unknown
	at org.openqa.selenium.devtools.Connection.sendAndWait(Connection.java:195)
	at org.openqa.selenium.devtools.DevTools.send(DevTools.java:90)
	at StepDefinitions.UITest.OrdersPage.FunctionalityStepDefImpl.lambda$ordersAreDisplayed$2(FunctionalityStepDefImpl.java:217)
	at org.openqa.selenium.devtools.DevTools.lambda$addListener$0(DevTools.java:104)
	at org.openqa.selenium.devtools.Connection.lambda$handle$5(Connection.java:348)
	at java.base/java.util.stream.ForEachOps$ForEachOp$OfRef.accept(ForEachOps.java:184)
	at java.base/java.util.stream.ReferencePipeline$2$1.accept(ReferencePipeline.java:179)
	at java.base/java.util.stream.ReferencePipeline$15$1.accept(ReferencePipeline.java:541)
	at java.base/java.util.HashMap$EntrySpliterator.forEachRemaining(HashMap.java:1858)
	at java.base/java.util.stream.AbstractPipeline.copyInto(AbstractPipeline.java:509)
	at java.base/java.util.stream.AbstractPipeline.wrapAndCopyInto(AbstractPipeline.java:499)
	at java.base/java.util.stream.ForEachOps$ForEachOp.evaluateSequential(ForEachOps.java:151)
	at java.base/java.util.stream.ForEachOps$ForEachOp$OfRef.evaluateSequential(ForEachOps.java:174)
	at java.base/java.util.stream.AbstractPipeline.evaluate(AbstractPipeline.java:234)
	at java.base/java.util.stream.ReferencePipeline.forEach(ReferencePipeline.java:596)
	at org.openqa.selenium.devtools.Connection.handle(Connection.java:311)
	at org.openqa.selenium.devtools.Connection$Listener.lambda$onText$0(Connection.java:239)
	at java.base/java.util.concurrent.ThreadPoolExecutor.runWorker(ThreadPoolExecutor.java:1144)
	at java.base/java.util.concurrent.ThreadPoolExecutor$Worker.run(ThreadPoolExecutor.java:642)
	at java.base/java.lang.Thread.run(Thread.java:1583)
Caused by: org.openqa.selenium.WebDriverException: {"id":293,"error":{"code":-32000,"message":"No resource with given identifier found"},"sessionId":"1BE0CC1C911511C24003C65B5E28C60F"}
Build info: version: '4.23.0', revision: '4df0a231af'
System info: os.name: 'Windows 11', os.arch: 'amd64', os.version: '10.0', java.version: '21.0.5'
Driver info: driver.version: unknown
	at org.openqa.selenium.devtools.Connection.handle(Connection.java:275)
	... 4 more

Exception in thread "CDP Connection" org.openqa.selenium.devtools.DevToolsException: {"id":293,"error":{"code":-32000,"message":"No resource with given identifier found"},"sessionId":"1BE0CC1C911511C24003C65B5E28C60F"}
Build info: version: '4.23.0', revision: '4df0a231af'
System info: os.name: 'Windows 11', os.arch: 'amd64', os.version: '10.0', java.version: '21.0.5'
Driver info: driver.version: unknown
	at org.openqa.selenium.devtools.Connection$Listener.lambda$onText$0(Connection.java:242)
	at java.base/java.util.concurrent.ThreadPoolExecutor.runWorker(ThreadPoolExecutor.java:1144)
	at java.base/java.util.concurrent.ThreadPoolExecutor$Worker.run(ThreadPoolExecutor.java:642)
	at java.base/java.lang.Thread.run(Thread.java:1583)
Caused by: org.openqa.selenium.devtools.DevToolsException: {"id":293,"error":{"code":-32000,"message":"No resource with given identifier found"},"sessionId":"1BE0CC1C911511C24003C65B5E28C60F"}
Build info: version: '4.23.0', revision: '4df0a231af'
System info: os.name: 'Windows 11', os.arch: 'amd64', os.version: '10.0', java.version: '21.0.5'
Driver info: driver.version: unknown
	at org.openqa.selenium.devtools.Connection.sendAndWait(Connection.java:195)
	at org.openqa.selenium.devtools.DevTools.send(DevTools.java:90)
	at StepDefinitions.UITest.OrdersPage.FunctionalityStepDefImpl.lambda$ordersAreDisplayed$2(FunctionalityStepDefImpl.java:217)
	at org.openqa.selenium.devtools.DevTools.lambda$addListener$0(DevTools.java:104)
	at org.openqa.selenium.devtools.Connection.lambda$handle$5(Connection.java:348)
	at java.base/java.util.stream.ForEachOps$ForEachOp$OfRef.accept(ForEachOps.java:184)
	at java.base/java.util.stream.ReferencePipeline$2$1.accept(ReferencePipeline.java:179)
	at java.base/java.util.stream.ReferencePipeline$15$1.accept(ReferencePipeline.java:541)
	at java.base/java.util.HashMap$EntrySpliterator.forEachRemaining(HashMap.java:1858)
	at java.base/java.util.stream.AbstractPipeline.copyInto(AbstractPipeline.java:509)
	at java.base/java.util.stream.AbstractPipeline.wrapAndCopyInto(AbstractPipeline.java:499)
	at java.base/java.util.stream.ForEachOps$ForEachOp.evaluateSequential(ForEachOps.java:151)
	at java.base/java.util.stream.ForEachOps$ForEachOp$OfRef.evaluateSequential(ForEachOps.java:174)
	at java.base/java.util.stream.AbstractPipeline.evaluate(AbstractPipeline.java:234)
	at java.base/java.util.stream.ReferencePipeline.forEach(ReferencePipeline.java:596)
	at org.openqa.selenium.devtools.Connection.handle(Connection.java:311)
	at org.openqa.selenium.devtools.Connection$Listener.lambda$onText$0(Connection.java:239)
	... 3 more
Caused by: org.openqa.selenium.WebDriverException: {"id":293,"error":{"code":-32000,"message":"No resource with given identifier found"},"sessionId":"1BE0CC1C911511C24003C65B5E28C60F"}
Build info: version: '4.23.0', revision: '4df0a231af'
System info: os.name: 'Windows 11', os.arch: 'amd64', os.version: '10.0', java.version: '21.0.5'
Driver info: driver.version: unknown
	at org.openqa.selenium.devtools.Connection.handle(Connection.java:275)
	... 4 more
Jan 02, 2025 12:51:13 PM org.openqa.selenium.remote.http.WebSocket$Listener onError
WARNING: Connection reset
java.net.SocketException: Connection reset
	at java.base/sun.nio.ch.SocketChannelImpl.throwConnectionReset(SocketChannelImpl.java:401)
	at java.base/sun.nio.ch.SocketChannelImpl.read(SocketChannelImpl.java:434)
	at java.net.http/jdk.internal.net.http.SocketTube.readAvailable(SocketTube.java:1178)
	at java.net.http/jdk.internal.net.http.SocketTube$InternalReadPublisher$InternalReadSubscription.read(SocketTube.java:841)
	at java.net.http/jdk.internal.net.http.SocketTube$SocketFlowTask.run(SocketTube.java:181)
	at java.net.http/jdk.internal.net.http.common.SequentialScheduler$SchedulableTask.run(SequentialScheduler.java:207)
	at java.net.http/jdk.internal.net.http.common.SequentialScheduler.runOrSchedule(SequentialScheduler.java:280)
	at java.net.http/jdk.internal.net.http.common.SequentialScheduler.runOrSchedule(SequentialScheduler.java:233)
	at java.net.http/jdk.internal.net.http.SocketTube$InternalReadPublisher$InternalReadSubscription.signalReadable(SocketTube.java:782)
	at java.net.http/jdk.internal.net.http.SocketTube$InternalReadPublisher$ReadEvent.signalEvent(SocketTube.java:965)
	at java.net.http/jdk.internal.net.http.SocketTube$SocketFlowEvent.handle(SocketTube.java:253)
	at java.net.http/jdk.internal.net.http.HttpClientImpl$SelectorManager.handleEvent(HttpClientImpl.java:1469)
	at java.net.http/jdk.internal.net.http.HttpClientImpl$SelectorManager.lambda$run$3(HttpClientImpl.java:1414)
	at java.base/java.util.ArrayList.forEach(ArrayList.java:1596)
	at java.net.http/jdk.internal.net.http.HttpClientImpl$SelectorManager.run(HttpClientImpl.java:1414)

]]></system-err>
  </testcase>
  <testcase name="runScenario[&quot;Delete order&quot;, &quot;Order confirmation Page functionality&quot;](78)" classname="TestNGTestRunner" time="45.058">
    <system-err><![CDATA[Jan 02, 2025 12:51:16 PM org.openqa.selenium.devtools.CdpVersionFinder findNearestMatch
WARNING: Unable to find an exact match for CDP version 130, returning the closest version; found: 127; Please update to a Selenium version that supports CDP version 130
Jan 02, 2025 12:51:58 PM org.openqa.selenium.remote.http.WebSocket$Listener onError
WARNING: Connection reset
java.net.SocketException: Connection reset
	at java.base/sun.nio.ch.SocketChannelImpl.throwConnectionReset(SocketChannelImpl.java:401)
	at java.base/sun.nio.ch.SocketChannelImpl.read(SocketChannelImpl.java:434)
	at java.net.http/jdk.internal.net.http.SocketTube.readAvailable(SocketTube.java:1178)
	at java.net.http/jdk.internal.net.http.SocketTube$InternalReadPublisher$InternalReadSubscription.read(SocketTube.java:841)
	at java.net.http/jdk.internal.net.http.SocketTube$SocketFlowTask.run(SocketTube.java:181)
	at java.net.http/jdk.internal.net.http.common.SequentialScheduler$SchedulableTask.run(SequentialScheduler.java:207)
	at java.net.http/jdk.internal.net.http.common.SequentialScheduler.runOrSchedule(SequentialScheduler.java:280)
	at java.net.http/jdk.internal.net.http.common.SequentialScheduler.runOrSchedule(SequentialScheduler.java:233)
	at java.net.http/jdk.internal.net.http.SocketTube$InternalReadPublisher$InternalReadSubscription.signalReadable(SocketTube.java:782)
	at java.net.http/jdk.internal.net.http.SocketTube$InternalReadPublisher$ReadEvent.signalEvent(SocketTube.java:965)
	at java.net.http/jdk.internal.net.http.SocketTube$SocketFlowEvent.handle(SocketTube.java:253)
	at java.net.http/jdk.internal.net.http.HttpClientImpl$SelectorManager.handleEvent(HttpClientImpl.java:1469)
	at java.net.http/jdk.internal.net.http.HttpClientImpl$SelectorManager.lambda$run$3(HttpClientImpl.java:1414)
	at java.base/java.util.ArrayList.forEach(ArrayList.java:1596)
	at java.net.http/jdk.internal.net.http.HttpClientImpl$SelectorManager.run(HttpClientImpl.java:1414)

]]></system-err>
  </testcase>
  <testcase name="runScenario[&quot;View order&quot;, &quot;Order confirmation Page functionality&quot;](79)" classname="TestNGTestRunner" time="45.601">
    <system-out><![CDATA[[67763eb6e2b5443b1f0e1fb2, 67763eb6e2b5443b1f0e1fb5, 67763eb6e2b5443b1f0e1fb8]
67763eb6e2b5443b1f0e1fb8
[67763eb6e2b5443b1f0e1fb2, 67763eb6e2b5443b1f0e1fb5, 67763eb6e2b5443b1f0e1fb8]
67763eb6e2b5443b1f0e1fb5
[67763eb6e2b5443b1f0e1fb2, 67763eb6e2b5443b1f0e1fb5, 67763eb6e2b5443b1f0e1fb8]
67763eb6e2b5443b1f0e1fb2
[67763eb6e2b5443b1f0e1fb2, 67763eb6e2b5443b1f0e1fb5, 67763eb6e2b5443b1f0e1fb8]
[67763eb6e2b5443b1f0e1fb2, 67763eb6e2b5443b1f0e1fb5, 67763eb6e2b5443b1f0e1fb8]
[67763eb6e2b5443b1f0e1fb2, 67763eb6e2b5443b1f0e1fb5, 67763eb6e2b5443b1f0e1fb8]
[67763eb6e2b5443b1f0e1fb2, 67763eb6e2b5443b1f0e1fb5, 67763eb6e2b5443b1f0e1fb8]
[67763eb6e2b5443b1f0e1fb2, 67763eb6e2b5443b1f0e1fb5, 67763eb6e2b5443b1f0e1fb8]
[67763eb6e2b5443b1f0e1fb2, 67763eb6e2b5443b1f0e1fb5, 67763eb6e2b5443b1f0e1fb8]
]]></system-out>
    <system-err><![CDATA[Jan 02, 2025 12:52:01 PM org.openqa.selenium.devtools.CdpVersionFinder findNearestMatch
WARNING: Unable to find an exact match for CDP version 130, returning the closest version; found: 127; Please update to a Selenium version that supports CDP version 130
Jan 02, 2025 12:52:44 PM org.openqa.selenium.remote.http.WebSocket$Listener onError
WARNING: Connection reset
java.net.SocketException: Connection reset
	at java.base/sun.nio.ch.SocketChannelImpl.throwConnectionReset(SocketChannelImpl.java:401)
	at java.base/sun.nio.ch.SocketChannelImpl.read(SocketChannelImpl.java:434)
	at java.net.http/jdk.internal.net.http.SocketTube.readAvailable(SocketTube.java:1178)
	at java.net.http/jdk.internal.net.http.SocketTube$InternalReadPublisher$InternalReadSubscription.read(SocketTube.java:841)
	at java.net.http/jdk.internal.net.http.SocketTube$SocketFlowTask.run(SocketTube.java:181)
	at java.net.http/jdk.internal.net.http.common.SequentialScheduler$SchedulableTask.run(SequentialScheduler.java:207)
	at java.net.http/jdk.internal.net.http.common.SequentialScheduler.runOrSchedule(SequentialScheduler.java:280)
	at java.net.http/jdk.internal.net.http.common.SequentialScheduler.runOrSchedule(SequentialScheduler.java:233)
	at java.net.http/jdk.internal.net.http.SocketTube$InternalReadPublisher$InternalReadSubscription.signalReadable(SocketTube.java:782)
	at java.net.http/jdk.internal.net.http.SocketTube$InternalReadPublisher$ReadEvent.signalEvent(SocketTube.java:965)
	at java.net.http/jdk.internal.net.http.SocketTube$SocketFlowEvent.handle(SocketTube.java:253)
	at java.net.http/jdk.internal.net.http.HttpClientImpl$SelectorManager.handleEvent(HttpClientImpl.java:1469)
	at java.net.http/jdk.internal.net.http.HttpClientImpl$SelectorManager.lambda$run$3(HttpClientImpl.java:1414)
	at java.base/java.util.ArrayList.forEach(ArrayList.java:1596)
	at java.net.http/jdk.internal.net.http.HttpClientImpl$SelectorManager.run(HttpClientImpl.java:1414)

]]></system-err>
  </testcase>
  <testcase name="runScenario[&quot;Logo button is working&quot;, &quot;Product page functionality&quot;](80)" classname="TestNGTestRunner" time="9.405">
    <system-err><![CDATA[Jan 02, 2025 12:52:47 PM org.openqa.selenium.devtools.CdpVersionFinder findNearestMatch
WARNING: Unable to find an exact match for CDP version 130, returning the closest version; found: 127; Please update to a Selenium version that supports CDP version 130
Jan 02, 2025 12:52:54 PM org.openqa.selenium.remote.http.WebSocket$Listener onError
WARNING: Connection reset
java.net.SocketException: Connection reset
	at java.base/sun.nio.ch.SocketChannelImpl.throwConnectionReset(SocketChannelImpl.java:401)
	at java.base/sun.nio.ch.SocketChannelImpl.read(SocketChannelImpl.java:434)
	at java.net.http/jdk.internal.net.http.SocketTube.readAvailable(SocketTube.java:1178)
	at java.net.http/jdk.internal.net.http.SocketTube$InternalReadPublisher$InternalReadSubscription.read(SocketTube.java:841)
	at java.net.http/jdk.internal.net.http.SocketTube$SocketFlowTask.run(SocketTube.java:181)
	at java.net.http/jdk.internal.net.http.common.SequentialScheduler$SchedulableTask.run(SequentialScheduler.java:207)
	at java.net.http/jdk.internal.net.http.common.SequentialScheduler.runOrSchedule(SequentialScheduler.java:280)
	at java.net.http/jdk.internal.net.http.common.SequentialScheduler.runOrSchedule(SequentialScheduler.java:233)
	at java.net.http/jdk.internal.net.http.SocketTube$InternalReadPublisher$InternalReadSubscription.signalReadable(SocketTube.java:782)
	at java.net.http/jdk.internal.net.http.SocketTube$InternalReadPublisher$ReadEvent.signalEvent(SocketTube.java:965)
	at java.net.http/jdk.internal.net.http.SocketTube$SocketFlowEvent.handle(SocketTube.java:253)
	at java.net.http/jdk.internal.net.http.HttpClientImpl$SelectorManager.handleEvent(HttpClientImpl.java:1469)
	at java.net.http/jdk.internal.net.http.HttpClientImpl$SelectorManager.lambda$run$3(HttpClientImpl.java:1414)
	at java.base/java.util.ArrayList.forEach(ArrayList.java:1596)
	at java.net.http/jdk.internal.net.http.HttpClientImpl$SelectorManager.run(HttpClientImpl.java:1414)

]]></system-err>
  </testcase>
  <testcase name="runScenario[&quot;Cart button&quot;, &quot;Product page functionality&quot;](81)" classname="TestNGTestRunner" time="8.506">
    <system-err><![CDATA[Jan 02, 2025 12:52:56 PM org.openqa.selenium.devtools.CdpVersionFinder findNearestMatch
WARNING: Unable to find an exact match for CDP version 130, returning the closest version; found: 127; Please update to a Selenium version that supports CDP version 130
Jan 02, 2025 12:53:02 PM org.openqa.selenium.remote.http.WebSocket$Listener onError
WARNING: Connection reset
java.net.SocketException: Connection reset
	at java.base/sun.nio.ch.SocketChannelImpl.throwConnectionReset(SocketChannelImpl.java:401)
	at java.base/sun.nio.ch.SocketChannelImpl.read(SocketChannelImpl.java:434)
	at java.net.http/jdk.internal.net.http.SocketTube.readAvailable(SocketTube.java:1178)
	at java.net.http/jdk.internal.net.http.SocketTube$InternalReadPublisher$InternalReadSubscription.read(SocketTube.java:841)
	at java.net.http/jdk.internal.net.http.SocketTube$SocketFlowTask.run(SocketTube.java:181)
	at java.net.http/jdk.internal.net.http.common.SequentialScheduler$SchedulableTask.run(SequentialScheduler.java:207)
	at java.net.http/jdk.internal.net.http.common.SequentialScheduler.runOrSchedule(SequentialScheduler.java:280)
	at java.net.http/jdk.internal.net.http.common.SequentialScheduler.runOrSchedule(SequentialScheduler.java:233)
	at java.net.http/jdk.internal.net.http.SocketTube$InternalReadPublisher$InternalReadSubscription.signalReadable(SocketTube.java:782)
	at java.net.http/jdk.internal.net.http.SocketTube$InternalReadPublisher$ReadEvent.signalEvent(SocketTube.java:965)
	at java.net.http/jdk.internal.net.http.SocketTube$SocketFlowEvent.handle(SocketTube.java:253)
	at java.net.http/jdk.internal.net.http.HttpClientImpl$SelectorManager.handleEvent(HttpClientImpl.java:1469)
	at java.net.http/jdk.internal.net.http.HttpClientImpl$SelectorManager.lambda$run$3(HttpClientImpl.java:1414)
	at java.base/java.util.ArrayList.forEach(ArrayList.java:1596)
	at java.net.http/jdk.internal.net.http.HttpClientImpl$SelectorManager.run(HttpClientImpl.java:1414)

]]></system-err>
  </testcase>
  <testcase name="runScenario[&quot;Home button&quot;, &quot;Product page functionality&quot;](82)" classname="TestNGTestRunner" time="8.56">
    <system-err><![CDATA[Jan 02, 2025 12:53:04 PM org.openqa.selenium.devtools.CdpVersionFinder findNearestMatch
WARNING: Unable to find an exact match for CDP version 130, returning the closest version; found: 127; Please update to a Selenium version that supports CDP version 130
Jan 02, 2025 12:53:11 PM org.openqa.selenium.remote.http.WebSocket$Listener onError
WARNING: Connection reset
java.net.SocketException: Connection reset
	at java.base/sun.nio.ch.SocketChannelImpl.throwConnectionReset(SocketChannelImpl.java:401)
	at java.base/sun.nio.ch.SocketChannelImpl.read(SocketChannelImpl.java:434)
	at java.net.http/jdk.internal.net.http.SocketTube.readAvailable(SocketTube.java:1178)
	at java.net.http/jdk.internal.net.http.SocketTube$InternalReadPublisher$InternalReadSubscription.read(SocketTube.java:841)
	at java.net.http/jdk.internal.net.http.SocketTube$SocketFlowTask.run(SocketTube.java:181)
	at java.net.http/jdk.internal.net.http.common.SequentialScheduler$SchedulableTask.run(SequentialScheduler.java:207)
	at java.net.http/jdk.internal.net.http.common.SequentialScheduler.runOrSchedule(SequentialScheduler.java:280)
	at java.net.http/jdk.internal.net.http.common.SequentialScheduler.runOrSchedule(SequentialScheduler.java:233)
	at java.net.http/jdk.internal.net.http.SocketTube$InternalReadPublisher$InternalReadSubscription.signalReadable(SocketTube.java:782)
	at java.net.http/jdk.internal.net.http.SocketTube$InternalReadPublisher$ReadEvent.signalEvent(SocketTube.java:965)
	at java.net.http/jdk.internal.net.http.SocketTube$SocketFlowEvent.handle(SocketTube.java:253)
	at java.net.http/jdk.internal.net.http.HttpClientImpl$SelectorManager.handleEvent(HttpClientImpl.java:1469)
	at java.net.http/jdk.internal.net.http.HttpClientImpl$SelectorManager.lambda$run$3(HttpClientImpl.java:1414)
	at java.base/java.util.ArrayList.forEach(ArrayList.java:1596)
	at java.net.http/jdk.internal.net.http.HttpClientImpl$SelectorManager.run(HttpClientImpl.java:1414)

]]></system-err>
  </testcase>
  <testcase name="runScenario[&quot;Orders button&quot;, &quot;Product page functionality&quot;](83)" classname="TestNGTestRunner" time="9.487">
    <system-err><![CDATA[Jan 02, 2025 12:53:13 PM org.openqa.selenium.devtools.CdpVersionFinder findNearestMatch
WARNING: Unable to find an exact match for CDP version 130, returning the closest version; found: 127; Please update to a Selenium version that supports CDP version 130
Jan 02, 2025 12:53:20 PM org.openqa.selenium.remote.http.WebSocket$Listener onError
WARNING: Connection reset
java.net.SocketException: Connection reset
	at java.base/sun.nio.ch.SocketChannelImpl.throwConnectionReset(SocketChannelImpl.java:401)
	at java.base/sun.nio.ch.SocketChannelImpl.read(SocketChannelImpl.java:434)
	at java.net.http/jdk.internal.net.http.SocketTube.readAvailable(SocketTube.java:1178)
	at java.net.http/jdk.internal.net.http.SocketTube$InternalReadPublisher$InternalReadSubscription.read(SocketTube.java:841)
	at java.net.http/jdk.internal.net.http.SocketTube$SocketFlowTask.run(SocketTube.java:181)
	at java.net.http/jdk.internal.net.http.common.SequentialScheduler$SchedulableTask.run(SequentialScheduler.java:207)
	at java.net.http/jdk.internal.net.http.common.SequentialScheduler.runOrSchedule(SequentialScheduler.java:280)
	at java.net.http/jdk.internal.net.http.common.SequentialScheduler.runOrSchedule(SequentialScheduler.java:233)
	at java.net.http/jdk.internal.net.http.SocketTube$InternalReadPublisher$InternalReadSubscription.signalReadable(SocketTube.java:782)
	at java.net.http/jdk.internal.net.http.SocketTube$InternalReadPublisher$ReadEvent.signalEvent(SocketTube.java:965)
	at java.net.http/jdk.internal.net.http.SocketTube$SocketFlowEvent.handle(SocketTube.java:253)
	at java.net.http/jdk.internal.net.http.HttpClientImpl$SelectorManager.handleEvent(HttpClientImpl.java:1469)
	at java.net.http/jdk.internal.net.http.HttpClientImpl$SelectorManager.lambda$run$3(HttpClientImpl.java:1414)
	at java.base/java.util.ArrayList.forEach(ArrayList.java:1596)
	at java.net.http/jdk.internal.net.http.HttpClientImpl$SelectorManager.run(HttpClientImpl.java:1414)

]]></system-err>
  </testcase>
  <testcase name="runScenario[&quot;SignOut&quot;, &quot;Product page functionality&quot;](84)" classname="TestNGTestRunner" time="8.316">
    <system-err><![CDATA[Jan 02, 2025 12:53:22 PM org.openqa.selenium.devtools.CdpVersionFinder findNearestMatch
WARNING: Unable to find an exact match for CDP version 130, returning the closest version; found: 127; Please update to a Selenium version that supports CDP version 130
Jan 02, 2025 12:53:28 PM org.openqa.selenium.remote.http.WebSocket$Listener onError
WARNING: Connection reset
java.net.SocketException: Connection reset
	at java.base/sun.nio.ch.SocketChannelImpl.throwConnectionReset(SocketChannelImpl.java:401)
	at java.base/sun.nio.ch.SocketChannelImpl.read(SocketChannelImpl.java:434)
	at java.net.http/jdk.internal.net.http.SocketTube.readAvailable(SocketTube.java:1178)
	at java.net.http/jdk.internal.net.http.SocketTube$InternalReadPublisher$InternalReadSubscription.read(SocketTube.java:841)
	at java.net.http/jdk.internal.net.http.SocketTube$SocketFlowTask.run(SocketTube.java:181)
	at java.net.http/jdk.internal.net.http.common.SequentialScheduler$SchedulableTask.run(SequentialScheduler.java:207)
	at java.net.http/jdk.internal.net.http.common.SequentialScheduler.runOrSchedule(SequentialScheduler.java:280)
	at java.net.http/jdk.internal.net.http.common.SequentialScheduler.runOrSchedule(SequentialScheduler.java:233)
	at java.net.http/jdk.internal.net.http.SocketTube$InternalReadPublisher$InternalReadSubscription.signalReadable(SocketTube.java:782)
	at java.net.http/jdk.internal.net.http.SocketTube$InternalReadPublisher$ReadEvent.signalEvent(SocketTube.java:965)
	at java.net.http/jdk.internal.net.http.SocketTube$SocketFlowEvent.handle(SocketTube.java:253)
	at java.net.http/jdk.internal.net.http.HttpClientImpl$SelectorManager.handleEvent(HttpClientImpl.java:1469)
	at java.net.http/jdk.internal.net.http.HttpClientImpl$SelectorManager.lambda$run$3(HttpClientImpl.java:1414)
	at java.base/java.util.ArrayList.forEach(ArrayList.java:1596)
	at java.net.http/jdk.internal.net.http.HttpClientImpl$SelectorManager.run(HttpClientImpl.java:1414)

]]></system-err>
  </testcase>
  <testcase name="runScenario[&quot;Continue shopping&quot;, &quot;Product page functionality&quot;](85)" classname="TestNGTestRunner" time="16.632">
    <system-err><![CDATA[Jan 02, 2025 12:53:31 PM org.openqa.selenium.devtools.CdpVersionFinder findNearestMatch
WARNING: Unable to find an exact match for CDP version 130, returning the closest version; found: 127; Please update to a Selenium version that supports CDP version 130
Jan 02, 2025 12:53:45 PM org.openqa.selenium.remote.http.WebSocket$Listener onError
WARNING: Connection reset
java.net.SocketException: Connection reset
	at java.base/sun.nio.ch.SocketChannelImpl.throwConnectionReset(SocketChannelImpl.java:401)
	at java.base/sun.nio.ch.SocketChannelImpl.read(SocketChannelImpl.java:434)
	at java.net.http/jdk.internal.net.http.SocketTube.readAvailable(SocketTube.java:1178)
	at java.net.http/jdk.internal.net.http.SocketTube$InternalReadPublisher$InternalReadSubscription.read(SocketTube.java:841)
	at java.net.http/jdk.internal.net.http.SocketTube$SocketFlowTask.run(SocketTube.java:181)
	at java.net.http/jdk.internal.net.http.common.SequentialScheduler$SchedulableTask.run(SequentialScheduler.java:207)
	at java.net.http/jdk.internal.net.http.common.SequentialScheduler.runOrSchedule(SequentialScheduler.java:280)
	at java.net.http/jdk.internal.net.http.common.SequentialScheduler.runOrSchedule(SequentialScheduler.java:233)
	at java.net.http/jdk.internal.net.http.SocketTube$InternalReadPublisher$InternalReadSubscription.signalReadable(SocketTube.java:782)
	at java.net.http/jdk.internal.net.http.SocketTube$InternalReadPublisher$ReadEvent.signalEvent(SocketTube.java:965)
	at java.net.http/jdk.internal.net.http.SocketTube$SocketFlowEvent.handle(SocketTube.java:253)
	at java.net.http/jdk.internal.net.http.HttpClientImpl$SelectorManager.handleEvent(HttpClientImpl.java:1469)
	at java.net.http/jdk.internal.net.http.HttpClientImpl$SelectorManager.lambda$run$3(HttpClientImpl.java:1414)
	at java.base/java.util.ArrayList.forEach(ArrayList.java:1596)
	at java.net.http/jdk.internal.net.http.HttpClientImpl$SelectorManager.run(HttpClientImpl.java:1414)

]]></system-err>
  </testcase>
  <testcase name="runScenario[&quot;Add to cart&quot;, &quot;Product page functionality&quot;](86)" classname="TestNGTestRunner" time="20.995">
    <system-err><![CDATA[Jan 02, 2025 12:53:48 PM org.openqa.selenium.devtools.CdpVersionFinder findNearestMatch
WARNING: Unable to find an exact match for CDP version 130, returning the closest version; found: 127; Please update to a Selenium version that supports CDP version 130
Jan 02, 2025 12:54:06 PM org.openqa.selenium.remote.http.WebSocket$Listener onError
WARNING: Connection reset
java.net.SocketException: Connection reset
	at java.base/sun.nio.ch.SocketChannelImpl.throwConnectionReset(SocketChannelImpl.java:401)
	at java.base/sun.nio.ch.SocketChannelImpl.read(SocketChannelImpl.java:434)
	at java.net.http/jdk.internal.net.http.SocketTube.readAvailable(SocketTube.java:1178)
	at java.net.http/jdk.internal.net.http.SocketTube$InternalReadPublisher$InternalReadSubscription.read(SocketTube.java:841)
	at java.net.http/jdk.internal.net.http.SocketTube$SocketFlowTask.run(SocketTube.java:181)
	at java.net.http/jdk.internal.net.http.common.SequentialScheduler$SchedulableTask.run(SequentialScheduler.java:207)
	at java.net.http/jdk.internal.net.http.common.SequentialScheduler.runOrSchedule(SequentialScheduler.java:280)
	at java.net.http/jdk.internal.net.http.common.SequentialScheduler.runOrSchedule(SequentialScheduler.java:233)
	at java.net.http/jdk.internal.net.http.SocketTube$InternalReadPublisher$InternalReadSubscription.signalReadable(SocketTube.java:782)
	at java.net.http/jdk.internal.net.http.SocketTube$InternalReadPublisher$ReadEvent.signalEvent(SocketTube.java:965)
	at java.net.http/jdk.internal.net.http.SocketTube$SocketFlowEvent.handle(SocketTube.java:253)
	at java.net.http/jdk.internal.net.http.HttpClientImpl$SelectorManager.handleEvent(HttpClientImpl.java:1469)
	at java.net.http/jdk.internal.net.http.HttpClientImpl$SelectorManager.lambda$run$3(HttpClientImpl.java:1414)
	at java.base/java.util.ArrayList.forEach(ArrayList.java:1596)
	at java.net.http/jdk.internal.net.http.HttpClientImpl$SelectorManager.run(HttpClientImpl.java:1414)

]]></system-err>
  </testcase>
  <testcase name="runScenario[&quot;Products page error handling no products are displayed due to api failure&quot;, &quot;Products page error handling&quot;](87)" classname="TestNGTestRunner" time="14.248">
    <system-err><![CDATA[Jan 02, 2025 12:54:09 PM org.openqa.selenium.devtools.CdpVersionFinder findNearestMatch
WARNING: Unable to find an exact match for CDP version 130, returning the closest version; found: 127; Please update to a Selenium version that supports CDP version 130
Jan 02, 2025 12:54:20 PM org.openqa.selenium.remote.http.WebSocket$Listener onError
WARNING: Connection reset
java.net.SocketException: Connection reset
	at java.base/sun.nio.ch.SocketChannelImpl.throwConnectionReset(SocketChannelImpl.java:401)
	at java.base/sun.nio.ch.SocketChannelImpl.read(SocketChannelImpl.java:434)
	at java.net.http/jdk.internal.net.http.SocketTube.readAvailable(SocketTube.java:1178)
	at java.net.http/jdk.internal.net.http.SocketTube$InternalReadPublisher$InternalReadSubscription.read(SocketTube.java:841)
	at java.net.http/jdk.internal.net.http.SocketTube$SocketFlowTask.run(SocketTube.java:181)
	at java.net.http/jdk.internal.net.http.common.SequentialScheduler$SchedulableTask.run(SequentialScheduler.java:207)
	at java.net.http/jdk.internal.net.http.common.SequentialScheduler.runOrSchedule(SequentialScheduler.java:280)
	at java.net.http/jdk.internal.net.http.common.SequentialScheduler.runOrSchedule(SequentialScheduler.java:233)
	at java.net.http/jdk.internal.net.http.SocketTube$InternalReadPublisher$InternalReadSubscription.signalReadable(SocketTube.java:782)
	at java.net.http/jdk.internal.net.http.SocketTube$InternalReadPublisher$ReadEvent.signalEvent(SocketTube.java:965)
	at java.net.http/jdk.internal.net.http.SocketTube$SocketFlowEvent.handle(SocketTube.java:253)
	at java.net.http/jdk.internal.net.http.HttpClientImpl$SelectorManager.handleEvent(HttpClientImpl.java:1469)
	at java.net.http/jdk.internal.net.http.HttpClientImpl$SelectorManager.lambda$run$3(HttpClientImpl.java:1414)
	at java.base/java.util.ArrayList.forEach(ArrayList.java:1596)
	at java.net.http/jdk.internal.net.http.HttpClientImpl$SelectorManager.run(HttpClientImpl.java:1414)

]]></system-err>
  </testcase>
  <testcase name="runScenario[&quot;Products page error handling no products are displayed due to filters&quot;, &quot;Products page error handling&quot;](88)" classname="TestNGTestRunner" time="14.65">
    <system-err><![CDATA[Jan 02, 2025 12:54:23 PM org.openqa.selenium.devtools.CdpVersionFinder findNearestMatch
WARNING: Unable to find an exact match for CDP version 130, returning the closest version; found: 127; Please update to a Selenium version that supports CDP version 130
Jan 02, 2025 12:54:35 PM org.openqa.selenium.remote.http.WebSocket$Listener onError
WARNING: Connection reset
java.net.SocketException: Connection reset
	at java.base/sun.nio.ch.SocketChannelImpl.throwConnectionReset(SocketChannelImpl.java:401)
	at java.base/sun.nio.ch.SocketChannelImpl.read(SocketChannelImpl.java:434)
	at java.net.http/jdk.internal.net.http.SocketTube.readAvailable(SocketTube.java:1178)
	at java.net.http/jdk.internal.net.http.SocketTube$InternalReadPublisher$InternalReadSubscription.read(SocketTube.java:841)
	at java.net.http/jdk.internal.net.http.SocketTube$SocketFlowTask.run(SocketTube.java:181)
	at java.net.http/jdk.internal.net.http.common.SequentialScheduler$SchedulableTask.run(SequentialScheduler.java:207)
	at java.net.http/jdk.internal.net.http.common.SequentialScheduler.runOrSchedule(SequentialScheduler.java:280)
	at java.net.http/jdk.internal.net.http.common.SequentialScheduler.runOrSchedule(SequentialScheduler.java:233)
	at java.net.http/jdk.internal.net.http.SocketTube$InternalReadPublisher$InternalReadSubscription.signalReadable(SocketTube.java:782)
	at java.net.http/jdk.internal.net.http.SocketTube$InternalReadPublisher$ReadEvent.signalEvent(SocketTube.java:965)
	at java.net.http/jdk.internal.net.http.SocketTube$SocketFlowEvent.handle(SocketTube.java:253)
	at java.net.http/jdk.internal.net.http.HttpClientImpl$SelectorManager.handleEvent(HttpClientImpl.java:1469)
	at java.net.http/jdk.internal.net.http.HttpClientImpl$SelectorManager.lambda$run$3(HttpClientImpl.java:1414)
	at java.base/java.util.ArrayList.forEach(ArrayList.java:1596)
	at java.net.http/jdk.internal.net.http.HttpClientImpl$SelectorManager.run(HttpClientImpl.java:1414)

]]></system-err>
  </testcase>
  <testcase name="runScenario[&quot;Products page error handling add to cart api is failed&quot;, &quot;Products page error handling&quot;](89)" classname="TestNGTestRunner" time="12.992">
    <system-err><![CDATA[Jan 02, 2025 12:54:37 PM org.openqa.selenium.devtools.CdpVersionFinder findNearestMatch
WARNING: Unable to find an exact match for CDP version 130, returning the closest version; found: 127; Please update to a Selenium version that supports CDP version 130
Jan 02, 2025 12:54:48 PM org.openqa.selenium.remote.http.WebSocket$Listener onError
WARNING: Connection reset
java.net.SocketException: Connection reset
	at java.base/sun.nio.ch.SocketChannelImpl.throwConnectionReset(SocketChannelImpl.java:401)
	at java.base/sun.nio.ch.SocketChannelImpl.read(SocketChannelImpl.java:434)
	at java.net.http/jdk.internal.net.http.SocketTube.readAvailable(SocketTube.java:1178)
	at java.net.http/jdk.internal.net.http.SocketTube$InternalReadPublisher$InternalReadSubscription.read(SocketTube.java:841)
	at java.net.http/jdk.internal.net.http.SocketTube$SocketFlowTask.run(SocketTube.java:181)
	at java.net.http/jdk.internal.net.http.common.SequentialScheduler$SchedulableTask.run(SequentialScheduler.java:207)
	at java.net.http/jdk.internal.net.http.common.SequentialScheduler.runOrSchedule(SequentialScheduler.java:280)
	at java.net.http/jdk.internal.net.http.common.SequentialScheduler.runOrSchedule(SequentialScheduler.java:233)
	at java.net.http/jdk.internal.net.http.SocketTube$InternalReadPublisher$InternalReadSubscription.signalReadable(SocketTube.java:782)
	at java.net.http/jdk.internal.net.http.SocketTube$InternalReadPublisher$ReadEvent.signalEvent(SocketTube.java:965)
	at java.net.http/jdk.internal.net.http.SocketTube$SocketFlowEvent.handle(SocketTube.java:253)
	at java.net.http/jdk.internal.net.http.HttpClientImpl$SelectorManager.handleEvent(HttpClientImpl.java:1469)
	at java.net.http/jdk.internal.net.http.HttpClientImpl$SelectorManager.lambda$run$3(HttpClientImpl.java:1414)
	at java.base/java.util.ArrayList.forEach(ArrayList.java:1596)
	at java.net.http/jdk.internal.net.http.HttpClientImpl$SelectorManager.run(HttpClientImpl.java:1414)

]]></system-err>
  </testcase>
  <testcase name="runScenario[&quot;Products page functionality&quot;, &quot;Products page functionality&quot;](90)" classname="TestNGTestRunner" time="13.622">
    <system-err><![CDATA[Jan 02, 2025 12:54:50 PM org.openqa.selenium.devtools.CdpVersionFinder findNearestMatch
WARNING: Unable to find an exact match for CDP version 130, returning the closest version; found: 127; Please update to a Selenium version that supports CDP version 130
Jan 02, 2025 12:54:59 PM org.openqa.selenium.devtools.Connection$Listener lambda$onText$0
WARNING: Unable to process: {"method":"Network.responseReceived","params":{"requestId":"27664.21","loaderId":"975E01D5D1DCF94A29AA7F448FCF69D4","timestamp":2030.709593,"type":"XHR","response":{"url":"https://rahulshettyacademy.com/api/ecom/product/get-all-products","status":200,"statusText":"OK","headers":{"Content-Encoding":"gzip","ETag":"W/\"1235-pvPjr06Vm3XxDS3ekVPSMc/+rK8\"","Expect-CT":"max-age=0","X-Permitted-Cross-Domain-Policies":"none","X-Content-Type-Options":"nosniff","Keep-Alive":"timeout=5, max=93","Date":"Thu, 02 Jan 2025 07:24:56 GMT","Content-Type":"application/json; charset=utf-8","Vary":"Accept-Encoding","X-Frame-Options":"SAMEORIGIN","Transfer-Encoding":"chunked","Strict-Transport-Security":"max-age=15552000; includeSubDomains","Content-Security-Policy":"default-src 'self';base-uri 'self';block-all-mixed-content;font-src 'self' https: data:;frame-ancestors 'self';img-src 'self' data:;object-src 'none';script-src 'self';script-src-attr 'none';style-src 'self' https: 'unsafe-inline';upgrade-insecure-requests","X-DNS-Prefetch-Control":"off","Connection":"Keep-Alive","Referrer-Policy":"no-referrer","X-Download-Options":"noopen","Access-Control-Allow-Origin":"*","X-XSS-Protection":"0","Server":"Apache/2.4.52 (Ubuntu)"},"mimeType":"application/json","charset":"utf-8","connectionReused":true,"connectionId":69,"remoteIPAddress":"13.201.9.53","remotePort":443,"fromDiskCache":false,"fromServiceWorker":false,"fromPrefetchCache":false,"encodedDataLength":921,"timing":{"requestTime":2030.387575,"proxyStart":-1,"proxyEnd":-1,"dnsStart":-1,"dnsEnd":-1,"connectStart":-1,"connectEnd":-1,"sslStart":-1,"sslEnd":-1,"workerStart":-1,"workerReady":-1,"workerFetchStart":-1,"workerRespondWithSettled":-1,"sendStart":0.331,"sendEnd":0.541,"pushStart":0,"pushEnd":0,"receiveHeadersStart":320.49,"receiveHeadersEnd":320.625},"responseTime":1.735802693631253e+12,"protocol":"http/1.1","alternateProtocolUsage":"unspecifiedReason","securityState":"secure","securityDetails":{"protocol":"TLS 1.3","keyExchange":"","keyExchangeGroup":"X25519","cipher":"AES_128_GCM","certificateId":0,"subjectName":"rahulshettyacademy.com","sanList":["rahulshettyacademy.com"],"issuer":"E6","validFrom":1731833819,"validTo":1739609818,"signedCertificateTimestampList":[{"status":"Verified","origin":"Embedded in certificate","logDescription":"Google 'Xenon2025h1' log","logId":"CF1156EED52E7CAFF3875BD9692E9BE91A71674AB017ECAC01D25B77CECC3B08","timestamp":1731837329589,"hashAlgorithm":"SHA-256","signatureAlgorithm":"ECDSA","signatureData":"3045022049CA90B2CB95C3A4AECDECF04FECA784EE3C38F667E4444EC363E3896496E161022100A382A6A79A23DB380C6BAE53F0317A7817F487C963769692F01598128068DB66"},{"status":"Verified","origin":"Embedded in certificate","logDescription":"DigiCert Nessie2025 Log","logId":"E6D2316340778CC1104106D771B9CEC1D240F6968486FBBA87321DFD1E378E50","timestamp":1731837329733,"hashAlgorithm":"SHA-256","signatureAlgorithm":"ECDSA","signatureData":"30450220157FD090AF13CC9D704CDB761C669D3050A465792F7063143A29419C5455EE34022100B52F2E04241FBDC492EED0F11D8D4C2FCCA313C5DD1D6CFBD8BE909857B03816"}],"certificateTransparencyCompliance":"unknown","serverSignatureAlgorithm":1027,"encryptedClientHello":false}},"hasExtraInfo":true,"frameId":"2901609A0E28E19FF0136796E8155408"},"sessionId":"6F20E80EBF9C1F92B065F408BD513456"}
org.openqa.selenium.NoSuchElementException: no such element: Unable to locate element: {"method":"css selector","selector":".\.text\-muted"}
  (Session info: chrome=130.0.6723.70)
For documentation on this error, please visit: https://www.selenium.dev/documentation/webdriver/troubleshooting/errors#no-such-element-exception
Build info: version: '4.23.0', revision: '4df0a231af'
System info: os.name: 'Windows 11', os.arch: 'amd64', os.version: '10.0', java.version: '21.0.5'
Driver info: org.openqa.selenium.chrome.ChromeDriver
Command: [3d062f1e516c3244927599b888222d79, findChildElement {using=class name, id=f.2901609A0E28E19FF0136796E8155408.d.975E01D5D1DCF94A29AA7F448FCF69D4.e.96, value=.text-muted}]
Capabilities {acceptInsecureCerts: false, browserName: chrome, browserVersion: 130.0.6723.70, chrome: {chromedriverVersion: 130.0.6723.116 (6ac35f94ae3..., userDataDir: C:\Users\santh\AppData\Loca...}, fedcm:accounts: true, goog:chromeOptions: {debuggerAddress: localhost:52859}, networkConnectionEnabled: false, pageLoadStrategy: normal, platformName: windows, proxy: Proxy(), se:cdp: ws://localhost:52859/devtoo..., se:cdpVersion: 130.0.6723.70, setWindowRect: true, strictFileInteractability: false, timeouts: {implicit: 0, pageLoad: 300000, script: 30000}, unhandledPromptBehavior: dismiss and notify, webauthn:extension:credBlob: true, webauthn:extension:largeBlob: true, webauthn:extension:minPinLength: true, webauthn:extension:prf: true, webauthn:virtualAuthenticators: true}
Session ID: 3d062f1e516c3244927599b888222d79
	at java.base/jdk.internal.reflect.DirectConstructorHandleAccessor.newInstance(DirectConstructorHandleAccessor.java:62)
	at java.base/java.lang.reflect.Constructor.newInstanceWithCaller(Constructor.java:502)
	at java.base/java.lang.reflect.Constructor.newInstance(Constructor.java:486)
	at org.openqa.selenium.remote.ErrorCodec.decode(ErrorCodec.java:167)
	at org.openqa.selenium.remote.codec.w3c.W3CHttpResponseCodec.decode(W3CHttpResponseCodec.java:138)
	at org.openqa.selenium.remote.codec.w3c.W3CHttpResponseCodec.decode(W3CHttpResponseCodec.java:50)
	at org.openqa.selenium.remote.HttpCommandExecutor.execute(HttpCommandExecutor.java:190)
	at org.openqa.selenium.remote.service.DriverCommandExecutor.invokeExecute(DriverCommandExecutor.java:216)
	at org.openqa.selenium.remote.service.DriverCommandExecutor.execute(DriverCommandExecutor.java:174)
	at org.openqa.selenium.remote.RemoteWebDriver.execute(RemoteWebDriver.java:527)
	at org.openqa.selenium.remote.ElementLocation$ElementFinder$2.findElement(ElementLocation.java:165)
	at org.openqa.selenium.remote.ElementLocation.findElement(ElementLocation.java:59)
	at org.openqa.selenium.remote.RemoteWebDriver.findElement(RemoteWebDriver.java:357)
	at org.openqa.selenium.remote.RemoteWebElement.findElement(RemoteWebElement.java:211)
	at StepDefinitions.UITest.ProductsPage.FunctionalityStepDefImpl.lambda$logo_message_is_displayed$1(FunctionalityStepDefImpl.java:103)
	at org.openqa.selenium.devtools.DevTools.lambda$addListener$0(DevTools.java:104)
	at org.openqa.selenium.devtools.Connection.lambda$handle$5(Connection.java:348)
	at java.base/java.util.stream.ForEachOps$ForEachOp$OfRef.accept(ForEachOps.java:184)
	at java.base/java.util.stream.ReferencePipeline$2$1.accept(ReferencePipeline.java:179)
	at java.base/java.util.stream.ReferencePipeline$15$1.accept(ReferencePipeline.java:541)
	at java.base/java.util.HashMap$EntrySpliterator.forEachRemaining(HashMap.java:1858)
	at java.base/java.util.stream.AbstractPipeline.copyInto(AbstractPipeline.java:509)
	at java.base/java.util.stream.AbstractPipeline.wrapAndCopyInto(AbstractPipeline.java:499)
	at java.base/java.util.stream.ForEachOps$ForEachOp.evaluateSequential(ForEachOps.java:151)
	at java.base/java.util.stream.ForEachOps$ForEachOp$OfRef.evaluateSequential(ForEachOps.java:174)
	at java.base/java.util.stream.AbstractPipeline.evaluate(AbstractPipeline.java:234)
	at java.base/java.util.stream.ReferencePipeline.forEach(ReferencePipeline.java:596)
	at org.openqa.selenium.devtools.Connection.handle(Connection.java:311)
	at org.openqa.selenium.devtools.Connection$Listener.lambda$onText$0(Connection.java:239)
	at java.base/java.util.concurrent.ThreadPoolExecutor.runWorker(ThreadPoolExecutor.java:1144)
	at java.base/java.util.concurrent.ThreadPoolExecutor$Worker.run(ThreadPoolExecutor.java:642)
	at java.base/java.lang.Thread.run(Thread.java:1583)

Exception in thread "CDP Connection" org.openqa.selenium.devtools.DevToolsException: no such element: Unable to locate element: {"method":"css selector","selector":".\.text\-muted"}
  (Session info: chrome=130.0.6723.70)
For documentation on this error, please visit: https://www.selenium.dev/documentation/webdriver/troubleshooting/errors#no-such-element-exception
Build info: version: '4.23.0', revision: '4df0a231af'
System info: os.name: 'Windows 11', os.arch: 'amd64', os.version: '10.0', java.version: '21.0.5'
Driver info: org.openqa.selenium.chrome.ChromeDriver
Command: [3d062f1e516c3244927599b888222d79, findChildElement {using=class name, id=f.2901609A0E28E19FF0136796E8155408.d.975E01D5D1DCF94A29AA7F448FCF69D4.e.96, value=.text-muted}]
Capabilities {acceptInsecureCerts: false, browserName: chrome, browserVersion: 130.0.6723.70, chrome: {chromedriverVersion: 130.0.6723.116 (6ac35f94ae3..., userDataDir: C:\Users\santh\AppData\Loca...}, fedcm:accounts: true, goog:chromeOptions: {debuggerAddress: localhost:52859}, networkConnectionEnabled: false, pageLoadStrategy: normal, platformName: windows, proxy: Proxy(), se:cdp: ws://localhost:52859/devtoo..., se:cdpVersion: 130.0.6723.70, setWindowRect: true, strictFileInteractability: false, timeouts: {implicit: 0, pageLoad: 300000, script: 30000}, unhandledPromptBehavior: dismiss and notify, webauthn:extension:credBlob: true, webauthn:extension:largeBlob: true, webauthn:extension:minPinLength: true, webauthn:extension:prf: true, webauthn:virtualAuthenticators: true}
Session ID: 3d062f1e516c3244927599b888222d79
	at org.openqa.selenium.devtools.Connection$Listener.lambda$onText$0(Connection.java:242)
	at java.base/java.util.concurrent.ThreadPoolExecutor.runWorker(ThreadPoolExecutor.java:1144)
	at java.base/java.util.concurrent.ThreadPoolExecutor$Worker.run(ThreadPoolExecutor.java:642)
	at java.base/java.lang.Thread.run(Thread.java:1583)
Caused by: org.openqa.selenium.NoSuchElementException: no such element: Unable to locate element: {"method":"css selector","selector":".\.text\-muted"}
  (Session info: chrome=130.0.6723.70)
For documentation on this error, please visit: https://www.selenium.dev/documentation/webdriver/troubleshooting/errors#no-such-element-exception
Build info: version: '4.23.0', revision: '4df0a231af'
System info: os.name: 'Windows 11', os.arch: 'amd64', os.version: '10.0', java.version: '21.0.5'
Driver info: org.openqa.selenium.chrome.ChromeDriver
Command: [3d062f1e516c3244927599b888222d79, findChildElement {using=class name, id=f.2901609A0E28E19FF0136796E8155408.d.975E01D5D1DCF94A29AA7F448FCF69D4.e.96, value=.text-muted}]
Capabilities {acceptInsecureCerts: false, browserName: chrome, browserVersion: 130.0.6723.70, chrome: {chromedriverVersion: 130.0.6723.116 (6ac35f94ae3..., userDataDir: C:\Users\santh\AppData\Loca...}, fedcm:accounts: true, goog:chromeOptions: {debuggerAddress: localhost:52859}, networkConnectionEnabled: false, pageLoadStrategy: normal, platformName: windows, proxy: Proxy(), se:cdp: ws://localhost:52859/devtoo..., se:cdpVersion: 130.0.6723.70, setWindowRect: true, strictFileInteractability: false, timeouts: {implicit: 0, pageLoad: 300000, script: 30000}, unhandledPromptBehavior: dismiss and notify, webauthn:extension:credBlob: true, webauthn:extension:largeBlob: true, webauthn:extension:minPinLength: true, webauthn:extension:prf: true, webauthn:virtualAuthenticators: true}
Session ID: 3d062f1e516c3244927599b888222d79
	at java.base/jdk.internal.reflect.DirectConstructorHandleAccessor.newInstance(DirectConstructorHandleAccessor.java:62)
	at java.base/java.lang.reflect.Constructor.newInstanceWithCaller(Constructor.java:502)
	at java.base/java.lang.reflect.Constructor.newInstance(Constructor.java:486)
	at org.openqa.selenium.remote.ErrorCodec.decode(ErrorCodec.java:167)
	at org.openqa.selenium.remote.codec.w3c.W3CHttpResponseCodec.decode(W3CHttpResponseCodec.java:138)
	at org.openqa.selenium.remote.codec.w3c.W3CHttpResponseCodec.decode(W3CHttpResponseCodec.java:50)
	at org.openqa.selenium.remote.HttpCommandExecutor.execute(HttpCommandExecutor.java:190)
	at org.openqa.selenium.remote.service.DriverCommandExecutor.invokeExecute(DriverCommandExecutor.java:216)
	at org.openqa.selenium.remote.service.DriverCommandExecutor.execute(DriverCommandExecutor.java:174)
	at org.openqa.selenium.remote.RemoteWebDriver.execute(RemoteWebDriver.java:527)
	at org.openqa.selenium.remote.ElementLocation$ElementFinder$2.findElement(ElementLocation.java:165)
	at org.openqa.selenium.remote.ElementLocation.findElement(ElementLocation.java:59)
	at org.openqa.selenium.remote.RemoteWebDriver.findElement(RemoteWebDriver.java:357)
	at org.openqa.selenium.remote.RemoteWebElement.findElement(RemoteWebElement.java:211)
	at StepDefinitions.UITest.ProductsPage.FunctionalityStepDefImpl.lambda$logo_message_is_displayed$1(FunctionalityStepDefImpl.java:103)
	at org.openqa.selenium.devtools.DevTools.lambda$addListener$0(DevTools.java:104)
	at org.openqa.selenium.devtools.Connection.lambda$handle$5(Connection.java:348)
	at java.base/java.util.stream.ForEachOps$ForEachOp$OfRef.accept(ForEachOps.java:184)
	at java.base/java.util.stream.ReferencePipeline$2$1.accept(ReferencePipeline.java:179)
	at java.base/java.util.stream.ReferencePipeline$15$1.accept(ReferencePipeline.java:541)
	at java.base/java.util.HashMap$EntrySpliterator.forEachRemaining(HashMap.java:1858)
	at java.base/java.util.stream.AbstractPipeline.copyInto(AbstractPipeline.java:509)
	at java.base/java.util.stream.AbstractPipeline.wrapAndCopyInto(AbstractPipeline.java:499)
	at java.base/java.util.stream.ForEachOps$ForEachOp.evaluateSequential(ForEachOps.java:151)
	at java.base/java.util.stream.ForEachOps$ForEachOp$OfRef.evaluateSequential(ForEachOps.java:174)
	at java.base/java.util.stream.AbstractPipeline.evaluate(AbstractPipeline.java:234)
	at java.base/java.util.stream.ReferencePipeline.forEach(ReferencePipeline.java:596)
	at org.openqa.selenium.devtools.Connection.handle(Connection.java:311)
	at org.openqa.selenium.devtools.Connection$Listener.lambda$onText$0(Connection.java:239)
	... 3 more
Jan 02, 2025 12:55:02 PM org.openqa.selenium.remote.http.WebSocket$Listener onError
WARNING: Connection reset
java.net.SocketException: Connection reset
	at java.base/sun.nio.ch.SocketChannelImpl.throwConnectionReset(SocketChannelImpl.java:401)
	at java.base/sun.nio.ch.SocketChannelImpl.read(SocketChannelImpl.java:434)
	at java.net.http/jdk.internal.net.http.SocketTube.readAvailable(SocketTube.java:1178)
	at java.net.http/jdk.internal.net.http.SocketTube$InternalReadPublisher$InternalReadSubscription.read(SocketTube.java:841)
	at java.net.http/jdk.internal.net.http.SocketTube$SocketFlowTask.run(SocketTube.java:181)
	at java.net.http/jdk.internal.net.http.common.SequentialScheduler$SchedulableTask.run(SequentialScheduler.java:207)
	at java.net.http/jdk.internal.net.http.common.SequentialScheduler.runOrSchedule(SequentialScheduler.java:280)
	at java.net.http/jdk.internal.net.http.common.SequentialScheduler.runOrSchedule(SequentialScheduler.java:233)
	at java.net.http/jdk.internal.net.http.SocketTube$InternalReadPublisher$InternalReadSubscription.signalReadable(SocketTube.java:782)
	at java.net.http/jdk.internal.net.http.SocketTube$InternalReadPublisher$ReadEvent.signalEvent(SocketTube.java:965)
	at java.net.http/jdk.internal.net.http.SocketTube$SocketFlowEvent.handle(SocketTube.java:253)
	at java.net.http/jdk.internal.net.http.HttpClientImpl$SelectorManager.handleEvent(HttpClientImpl.java:1469)
	at java.net.http/jdk.internal.net.http.HttpClientImpl$SelectorManager.lambda$run$3(HttpClientImpl.java:1414)
	at java.base/java.util.ArrayList.forEach(ArrayList.java:1596)
	at java.net.http/jdk.internal.net.http.HttpClientImpl$SelectorManager.run(HttpClientImpl.java:1414)

]]></system-err>
  </testcase>
  <testcase name="runScenario[&quot;Cart button&quot;, &quot;Products page functionality&quot;](91)" classname="TestNGTestRunner" time="8.062">
    <system-err><![CDATA[Jan 02, 2025 12:55:04 PM org.openqa.selenium.devtools.CdpVersionFinder findNearestMatch
WARNING: Unable to find an exact match for CDP version 130, returning the closest version; found: 127; Please update to a Selenium version that supports CDP version 130
Jan 02, 2025 12:55:10 PM org.openqa.selenium.remote.http.WebSocket$Listener onError
WARNING: Connection reset
java.net.SocketException: Connection reset
	at java.base/sun.nio.ch.SocketChannelImpl.throwConnectionReset(SocketChannelImpl.java:401)
	at java.base/sun.nio.ch.SocketChannelImpl.read(SocketChannelImpl.java:434)
	at java.net.http/jdk.internal.net.http.SocketTube.readAvailable(SocketTube.java:1178)
	at java.net.http/jdk.internal.net.http.SocketTube$InternalReadPublisher$InternalReadSubscription.read(SocketTube.java:841)
	at java.net.http/jdk.internal.net.http.SocketTube$SocketFlowTask.run(SocketTube.java:181)
	at java.net.http/jdk.internal.net.http.common.SequentialScheduler$SchedulableTask.run(SequentialScheduler.java:207)
	at java.net.http/jdk.internal.net.http.common.SequentialScheduler.runOrSchedule(SequentialScheduler.java:280)
	at java.net.http/jdk.internal.net.http.common.SequentialScheduler.runOrSchedule(SequentialScheduler.java:233)
	at java.net.http/jdk.internal.net.http.SocketTube$InternalReadPublisher$InternalReadSubscription.signalReadable(SocketTube.java:782)
	at java.net.http/jdk.internal.net.http.SocketTube$InternalReadPublisher$ReadEvent.signalEvent(SocketTube.java:965)
	at java.net.http/jdk.internal.net.http.SocketTube$SocketFlowEvent.handle(SocketTube.java:253)
	at java.net.http/jdk.internal.net.http.HttpClientImpl$SelectorManager.handleEvent(HttpClientImpl.java:1469)
	at java.net.http/jdk.internal.net.http.HttpClientImpl$SelectorManager.lambda$run$3(HttpClientImpl.java:1414)
	at java.base/java.util.ArrayList.forEach(ArrayList.java:1596)
	at java.net.http/jdk.internal.net.http.HttpClientImpl$SelectorManager.run(HttpClientImpl.java:1414)

]]></system-err>
  </testcase>
  <testcase name="runScenario[&quot;Home button&quot;, &quot;Products page functionality&quot;](92)" classname="TestNGTestRunner" time="8.053">
    <system-err><![CDATA[Jan 02, 2025 12:55:12 PM org.openqa.selenium.devtools.CdpVersionFinder findNearestMatch
WARNING: Unable to find an exact match for CDP version 130, returning the closest version; found: 127; Please update to a Selenium version that supports CDP version 130
Jan 02, 2025 12:55:18 PM org.openqa.selenium.remote.http.WebSocket$Listener onError
WARNING: Connection reset
java.net.SocketException: Connection reset
	at java.base/sun.nio.ch.SocketChannelImpl.throwConnectionReset(SocketChannelImpl.java:401)
	at java.base/sun.nio.ch.SocketChannelImpl.read(SocketChannelImpl.java:434)
	at java.net.http/jdk.internal.net.http.SocketTube.readAvailable(SocketTube.java:1178)
	at java.net.http/jdk.internal.net.http.SocketTube$InternalReadPublisher$InternalReadSubscription.read(SocketTube.java:841)
	at java.net.http/jdk.internal.net.http.SocketTube$SocketFlowTask.run(SocketTube.java:181)
	at java.net.http/jdk.internal.net.http.common.SequentialScheduler$SchedulableTask.run(SequentialScheduler.java:207)
	at java.net.http/jdk.internal.net.http.common.SequentialScheduler.runOrSchedule(SequentialScheduler.java:280)
	at java.net.http/jdk.internal.net.http.common.SequentialScheduler.runOrSchedule(SequentialScheduler.java:233)
	at java.net.http/jdk.internal.net.http.SocketTube$InternalReadPublisher$InternalReadSubscription.signalReadable(SocketTube.java:782)
	at java.net.http/jdk.internal.net.http.SocketTube$InternalReadPublisher$ReadEvent.signalEvent(SocketTube.java:965)
	at java.net.http/jdk.internal.net.http.SocketTube$SocketFlowEvent.handle(SocketTube.java:253)
	at java.net.http/jdk.internal.net.http.HttpClientImpl$SelectorManager.handleEvent(HttpClientImpl.java:1469)
	at java.net.http/jdk.internal.net.http.HttpClientImpl$SelectorManager.lambda$run$3(HttpClientImpl.java:1414)
	at java.base/java.util.ArrayList.forEach(ArrayList.java:1596)
	at java.net.http/jdk.internal.net.http.HttpClientImpl$SelectorManager.run(HttpClientImpl.java:1414)

]]></system-err>
  </testcase>
  <testcase name="runScenario[&quot;Orders button&quot;, &quot;Products page functionality&quot;](93)" classname="TestNGTestRunner" time="6.759">
    <system-err><![CDATA[Jan 02, 2025 12:55:20 PM org.openqa.selenium.devtools.CdpVersionFinder findNearestMatch
WARNING: Unable to find an exact match for CDP version 130, returning the closest version; found: 127; Please update to a Selenium version that supports CDP version 130
Jan 02, 2025 12:55:24 PM org.openqa.selenium.remote.http.WebSocket$Listener onError
WARNING: Connection reset
java.net.SocketException: Connection reset
	at java.base/sun.nio.ch.SocketChannelImpl.throwConnectionReset(SocketChannelImpl.java:401)
	at java.base/sun.nio.ch.SocketChannelImpl.read(SocketChannelImpl.java:434)
	at java.net.http/jdk.internal.net.http.SocketTube.readAvailable(SocketTube.java:1178)
	at java.net.http/jdk.internal.net.http.SocketTube$InternalReadPublisher$InternalReadSubscription.read(SocketTube.java:841)
	at java.net.http/jdk.internal.net.http.SocketTube$SocketFlowTask.run(SocketTube.java:181)
	at java.net.http/jdk.internal.net.http.common.SequentialScheduler$SchedulableTask.run(SequentialScheduler.java:207)
	at java.net.http/jdk.internal.net.http.common.SequentialScheduler.runOrSchedule(SequentialScheduler.java:280)
	at java.net.http/jdk.internal.net.http.common.SequentialScheduler.runOrSchedule(SequentialScheduler.java:233)
	at java.net.http/jdk.internal.net.http.SocketTube$InternalReadPublisher$InternalReadSubscription.signalReadable(SocketTube.java:782)
	at java.net.http/jdk.internal.net.http.SocketTube$InternalReadPublisher$ReadEvent.signalEvent(SocketTube.java:965)
	at java.net.http/jdk.internal.net.http.SocketTube$SocketFlowEvent.handle(SocketTube.java:253)
	at java.net.http/jdk.internal.net.http.HttpClientImpl$SelectorManager.handleEvent(HttpClientImpl.java:1469)
	at java.net.http/jdk.internal.net.http.HttpClientImpl$SelectorManager.lambda$run$3(HttpClientImpl.java:1414)
	at java.base/java.util.ArrayList.forEach(ArrayList.java:1596)
	at java.net.http/jdk.internal.net.http.HttpClientImpl$SelectorManager.run(HttpClientImpl.java:1414)

]]></system-err>
  </testcase>
  <testcase name="runScenario[&quot;SignOut&quot;, &quot;Products page functionality&quot;](94)" classname="TestNGTestRunner" time="8.239">
    <system-err><![CDATA[Jan 02, 2025 12:55:27 PM org.openqa.selenium.devtools.CdpVersionFinder findNearestMatch
WARNING: Unable to find an exact match for CDP version 130, returning the closest version; found: 127; Please update to a Selenium version that supports CDP version 130
Jan 02, 2025 12:55:33 PM org.openqa.selenium.remote.http.WebSocket$Listener onError
WARNING: Connection reset
java.net.SocketException: Connection reset
	at java.base/sun.nio.ch.SocketChannelImpl.throwConnectionReset(SocketChannelImpl.java:401)
	at java.base/sun.nio.ch.SocketChannelImpl.read(SocketChannelImpl.java:434)
	at java.net.http/jdk.internal.net.http.SocketTube.readAvailable(SocketTube.java:1178)
	at java.net.http/jdk.internal.net.http.SocketTube$InternalReadPublisher$InternalReadSubscription.read(SocketTube.java:841)
	at java.net.http/jdk.internal.net.http.SocketTube$SocketFlowTask.run(SocketTube.java:181)
	at java.net.http/jdk.internal.net.http.common.SequentialScheduler$SchedulableTask.run(SequentialScheduler.java:207)
	at java.net.http/jdk.internal.net.http.common.SequentialScheduler.runOrSchedule(SequentialScheduler.java:280)
	at java.net.http/jdk.internal.net.http.common.SequentialScheduler.runOrSchedule(SequentialScheduler.java:233)
	at java.net.http/jdk.internal.net.http.SocketTube$InternalReadPublisher$InternalReadSubscription.signalReadable(SocketTube.java:782)
	at java.net.http/jdk.internal.net.http.SocketTube$InternalReadPublisher$ReadEvent.signalEvent(SocketTube.java:965)
	at java.net.http/jdk.internal.net.http.SocketTube$SocketFlowEvent.handle(SocketTube.java:253)
	at java.net.http/jdk.internal.net.http.HttpClientImpl$SelectorManager.handleEvent(HttpClientImpl.java:1469)
	at java.net.http/jdk.internal.net.http.HttpClientImpl$SelectorManager.lambda$run$3(HttpClientImpl.java:1414)
	at java.base/java.util.ArrayList.forEach(ArrayList.java:1596)
	at java.net.http/jdk.internal.net.http.HttpClientImpl$SelectorManager.run(HttpClientImpl.java:1414)

]]></system-err>
  </testcase>
  <testcase name="runScenario[&quot;Add products to cart&quot;, &quot;Products page functionality&quot;](95)" classname="TestNGTestRunner" time="24.183">
    <system-err><![CDATA[Jan 02, 2025 12:55:35 PM org.openqa.selenium.devtools.CdpVersionFinder findNearestMatch
WARNING: Unable to find an exact match for CDP version 130, returning the closest version; found: 127; Please update to a Selenium version that supports CDP version 130
Jan 02, 2025 12:55:57 PM org.openqa.selenium.remote.http.WebSocket$Listener onError
WARNING: Connection reset
java.net.SocketException: Connection reset
	at java.base/sun.nio.ch.SocketChannelImpl.throwConnectionReset(SocketChannelImpl.java:401)
	at java.base/sun.nio.ch.SocketChannelImpl.read(SocketChannelImpl.java:434)
	at java.net.http/jdk.internal.net.http.SocketTube.readAvailable(SocketTube.java:1178)
	at java.net.http/jdk.internal.net.http.SocketTube$InternalReadPublisher$InternalReadSubscription.read(SocketTube.java:841)
	at java.net.http/jdk.internal.net.http.SocketTube$SocketFlowTask.run(SocketTube.java:181)
	at java.net.http/jdk.internal.net.http.common.SequentialScheduler$SchedulableTask.run(SequentialScheduler.java:207)
	at java.net.http/jdk.internal.net.http.common.SequentialScheduler.runOrSchedule(SequentialScheduler.java:280)
	at java.net.http/jdk.internal.net.http.common.SequentialScheduler.runOrSchedule(SequentialScheduler.java:233)
	at java.net.http/jdk.internal.net.http.SocketTube$InternalReadPublisher$InternalReadSubscription.signalReadable(SocketTube.java:782)
	at java.net.http/jdk.internal.net.http.SocketTube$InternalReadPublisher$ReadEvent.signalEvent(SocketTube.java:965)
	at java.net.http/jdk.internal.net.http.SocketTube$SocketFlowEvent.handle(SocketTube.java:253)
	at java.net.http/jdk.internal.net.http.HttpClientImpl$SelectorManager.handleEvent(HttpClientImpl.java:1469)
	at java.net.http/jdk.internal.net.http.HttpClientImpl$SelectorManager.lambda$run$3(HttpClientImpl.java:1414)
	at java.base/java.util.ArrayList.forEach(ArrayList.java:1596)
	at java.net.http/jdk.internal.net.http.HttpClientImpl$SelectorManager.run(HttpClientImpl.java:1414)

]]></system-err>
  </testcase>
  <testcase name="runScenario[&quot;Search filter&quot;, &quot;Products page functionality&quot;](96)" classname="TestNGTestRunner" time="9.451">
    <system-out><![CDATA[ADIDAS ORIGINAL
]]></system-out>
    <system-err><![CDATA[Jan 02, 2025 12:55:59 PM org.openqa.selenium.devtools.CdpVersionFinder findNearestMatch
WARNING: Unable to find an exact match for CDP version 130, returning the closest version; found: 127; Please update to a Selenium version that supports CDP version 130
Jan 02, 2025 12:56:06 PM org.openqa.selenium.remote.http.WebSocket$Listener onError
WARNING: Connection reset
java.net.SocketException: Connection reset
	at java.base/sun.nio.ch.SocketChannelImpl.throwConnectionReset(SocketChannelImpl.java:401)
	at java.base/sun.nio.ch.SocketChannelImpl.read(SocketChannelImpl.java:434)
	at java.net.http/jdk.internal.net.http.SocketTube.readAvailable(SocketTube.java:1178)
	at java.net.http/jdk.internal.net.http.SocketTube$InternalReadPublisher$InternalReadSubscription.read(SocketTube.java:841)
	at java.net.http/jdk.internal.net.http.SocketTube$SocketFlowTask.run(SocketTube.java:181)
	at java.net.http/jdk.internal.net.http.common.SequentialScheduler$SchedulableTask.run(SequentialScheduler.java:207)
	at java.net.http/jdk.internal.net.http.common.SequentialScheduler.runOrSchedule(SequentialScheduler.java:280)
	at java.net.http/jdk.internal.net.http.common.SequentialScheduler.runOrSchedule(SequentialScheduler.java:233)
	at java.net.http/jdk.internal.net.http.SocketTube$InternalReadPublisher$InternalReadSubscription.signalReadable(SocketTube.java:782)
	at java.net.http/jdk.internal.net.http.SocketTube$InternalReadPublisher$ReadEvent.signalEvent(SocketTube.java:965)
	at java.net.http/jdk.internal.net.http.SocketTube$SocketFlowEvent.handle(SocketTube.java:253)
	at java.net.http/jdk.internal.net.http.HttpClientImpl$SelectorManager.handleEvent(HttpClientImpl.java:1469)
	at java.net.http/jdk.internal.net.http.HttpClientImpl$SelectorManager.lambda$run$3(HttpClientImpl.java:1414)
	at java.base/java.util.ArrayList.forEach(ArrayList.java:1596)
	at java.net.http/jdk.internal.net.http.HttpClientImpl$SelectorManager.run(HttpClientImpl.java:1414)

]]></system-err>
  </testcase>
  <testcase name="runScenario[&quot;Min max price filter&quot;, &quot;Products page functionality&quot;](97)" classname="TestNGTestRunner" time="9.473">
    <system-out><![CDATA[{"productName":"","minPrice":30000,"maxPrice":50000,"productCategory":[],"productSubCategory":[],"productFor":[]}

]]></system-out>
    <system-err><![CDATA[Jan 02, 2025 12:56:06 PM org.openqa.selenium.devtools.Connection$Listener lambda$onText$0
WARNING: Unable to process: {"method":"Network.responseReceived","params":{"requestId":"10912.37","loaderId":"F605C5D9ED31B36774CB65C14F5B808E","timestamp":2101.826052,"type":"XHR","response":{"url":"https://rahulshettyacademy.com/api/ecom/product/get-all-products","status":200,"statusText":"OK","headers":{"ETag":"W/\"1e1-TUm+HvqAX9TALtoVKR+MOYXKUzY\"","Expect-CT":"max-age=0","X-Permitted-Cross-Domain-Policies":"none","X-Content-Type-Options":"nosniff","Keep-Alive":"timeout=5, max=99","Date":"Thu, 02 Jan 2025 07:26:07 GMT","Content-Type":"application/json; charset=utf-8","Vary":"Accept-Encoding","X-Frame-Options":"SAMEORIGIN","Strict-Transport-Security":"max-age=15552000; includeSubDomains","Content-Security-Policy":"default-src 'self';base-uri 'self';block-all-mixed-content;font-src 'self' https: data:;frame-ancestors 'self';img-src 'self' data:;object-src 'none';script-src 'self';script-src-attr 'none';style-src 'self' https: 'unsafe-inline';upgrade-insecure-requests","X-DNS-Prefetch-Control":"off","Connection":"Keep-Alive","Referrer-Policy":"no-referrer","X-Download-Options":"noopen","Access-Control-Allow-Origin":"*","Content-Length":"481","X-XSS-Protection":"0","Server":"Apache/2.4.52 (Ubuntu)"},"mimeType":"application/json","charset":"utf-8","connectionReused":true,"connectionId":251,"remoteIPAddress":"13.201.9.53","remotePort":443,"fromDiskCache":false,"fromServiceWorker":false,"fromPrefetchCache":false,"encodedDataLength":889,"timing":{"requestTime":2101.779634,"proxyStart":-1,"proxyEnd":-1,"dnsStart":-1,"dnsEnd":-1,"connectStart":-1,"connectEnd":-1,"sslStart":-1,"sslEnd":-1,"workerStart":-1,"workerReady":-1,"workerFetchStart":-1,"workerRespondWithSettled":-1,"sendStart":0.993,"sendEnd":1.313,"pushStart":0,"pushEnd":0,"receiveHeadersStart":44.843,"receiveHeadersEnd":44.995},"responseTime":1.735802764747586e+12,"protocol":"http/1.1","alternateProtocolUsage":"unspecifiedReason","securityState":"secure","securityDetails":{"protocol":"TLS 1.3","keyExchange":"","keyExchangeGroup":"X25519","cipher":"AES_128_GCM","certificateId":0,"subjectName":"rahulshettyacademy.com","sanList":["rahulshettyacademy.com"],"issuer":"E6","validFrom":1731833819,"validTo":1739609818,"signedCertificateTimestampList":[{"status":"Verified","origin":"Embedded in certificate","logDescription":"Google 'Xenon2025h1' log","logId":"CF1156EED52E7CAFF3875BD9692E9BE91A71674AB017ECAC01D25B77CECC3B08","timestamp":1731837329589,"hashAlgorithm":"SHA-256","signatureAlgorithm":"ECDSA","signatureData":"3045022049CA90B2CB95C3A4AECDECF04FECA784EE3C38F667E4444EC363E3896496E161022100A382A6A79A23DB380C6BAE53F0317A7817F487C963769692F01598128068DB66"},{"status":"Verified","origin":"Embedded in certificate","logDescription":"DigiCert Nessie2025 Log","logId":"E6D2316340778CC1104106D771B9CEC1D240F6968486FBBA87321DFD1E378E50","timestamp":1731837329733,"hashAlgorithm":"SHA-256","signatureAlgorithm":"ECDSA","signatureData":"30450220157FD090AF13CC9D704CDB761C669D3050A465792F7063143A29419C5455EE34022100B52F2E04241FBDC492EED0F11D8D4C2FCCA313C5DD1D6CFBD8BE909857B03816"}],"certificateTransparencyCompliance":"unknown","serverSignatureAlgorithm":1027,"encryptedClientHello":false}},"hasExtraInfo":true,"frameId":"BD6B386C97A3C9D6F41563A9A926B1D9"},"sessionId":"70CE7FBBD328C20261E03E2174512D0F"}
org.openqa.selenium.NoSuchSessionException: invalid session id
Build info: version: '4.23.0', revision: '4df0a231af'
System info: os.name: 'Windows 11', os.arch: 'amd64', os.version: '10.0', java.version: '21.0.5'
Driver info: org.openqa.selenium.chrome.ChromeDriver
Command: [cc81ca234c034a62418133c03f18b8c3, findElements {using=class name, value=card}]
Capabilities {acceptInsecureCerts: false, browserName: chrome, browserVersion: 130.0.6723.70, chrome: {chromedriverVersion: 130.0.6723.116 (6ac35f94ae3..., userDataDir: C:\Users\santh\AppData\Loca...}, fedcm:accounts: true, goog:chromeOptions: {debuggerAddress: localhost:52995}, networkConnectionEnabled: false, pageLoadStrategy: normal, platformName: windows, proxy: Proxy(), se:cdp: ws://localhost:52995/devtoo..., se:cdpVersion: 130.0.6723.70, setWindowRect: true, strictFileInteractability: false, timeouts: {implicit: 0, pageLoad: 300000, script: 30000}, unhandledPromptBehavior: dismiss and notify, webauthn:extension:credBlob: true, webauthn:extension:largeBlob: true, webauthn:extension:minPinLength: true, webauthn:extension:prf: true, webauthn:virtualAuthenticators: true}
Session ID: cc81ca234c034a62418133c03f18b8c3
	at java.base/jdk.internal.reflect.DirectConstructorHandleAccessor.newInstance(DirectConstructorHandleAccessor.java:62)
	at java.base/java.lang.reflect.Constructor.newInstanceWithCaller(Constructor.java:502)
	at java.base/java.lang.reflect.Constructor.newInstance(Constructor.java:486)
	at org.openqa.selenium.remote.ErrorCodec.decode(ErrorCodec.java:167)
	at org.openqa.selenium.remote.codec.w3c.W3CHttpResponseCodec.decode(W3CHttpResponseCodec.java:138)
	at org.openqa.selenium.remote.codec.w3c.W3CHttpResponseCodec.decode(W3CHttpResponseCodec.java:50)
	at org.openqa.selenium.remote.HttpCommandExecutor.execute(HttpCommandExecutor.java:190)
	at org.openqa.selenium.remote.service.DriverCommandExecutor.invokeExecute(DriverCommandExecutor.java:216)
	at org.openqa.selenium.remote.service.DriverCommandExecutor.execute(DriverCommandExecutor.java:174)
	at org.openqa.selenium.remote.RemoteWebDriver.execute(RemoteWebDriver.java:527)
	at org.openqa.selenium.remote.ElementLocation$ElementFinder$2.findElements(ElementLocation.java:182)
	at org.openqa.selenium.remote.ElementLocation.findElements(ElementLocation.java:103)
	at org.openqa.selenium.remote.RemoteWebDriver.findElements(RemoteWebDriver.java:370)
	at org.openqa.selenium.remote.RemoteWebDriver.findElements(RemoteWebDriver.java:364)
	at org.openqa.selenium.support.pagefactory.DefaultElementLocator.findElements(DefaultElementLocator.java:83)
	at org.openqa.selenium.support.pagefactory.internal.LocatingElementListHandler.invoke(LocatingElementListHandler.java:36)
	at jdk.proxy2/jdk.proxy2.$Proxy27.stream(Unknown Source)
	at PageObjects.ProductsPage.getProductByName(ProductsPage.java:85)
	at StepDefinitions.UITest.ProductsPage.FunctionalityStepDefImpl.lambda$user_searches_for_a_product$5(FunctionalityStepDefImpl.java:295)
	at org.openqa.selenium.devtools.DevTools.lambda$addListener$0(DevTools.java:104)
	at org.openqa.selenium.devtools.Connection.lambda$handle$5(Connection.java:348)
	at java.base/java.util.stream.ForEachOps$ForEachOp$OfRef.accept(ForEachOps.java:184)
	at java.base/java.util.stream.ReferencePipeline$2$1.accept(ReferencePipeline.java:179)
	at java.base/java.util.stream.ReferencePipeline$15$1.accept(ReferencePipeline.java:541)
	at java.base/java.util.HashMap$EntrySpliterator.forEachRemaining(HashMap.java:1858)
	at java.base/java.util.stream.AbstractPipeline.copyInto(AbstractPipeline.java:509)
	at java.base/java.util.stream.AbstractPipeline.wrapAndCopyInto(AbstractPipeline.java:499)
	at java.base/java.util.stream.ForEachOps$ForEachOp.evaluateSequential(ForEachOps.java:151)
	at java.base/java.util.stream.ForEachOps$ForEachOp$OfRef.evaluateSequential(ForEachOps.java:174)
	at java.base/java.util.stream.AbstractPipeline.evaluate(AbstractPipeline.java:234)
	at java.base/java.util.stream.ReferencePipeline.forEach(ReferencePipeline.java:596)
	at org.openqa.selenium.devtools.Connection.handle(Connection.java:311)
	at org.openqa.selenium.devtools.Connection$Listener.lambda$onText$0(Connection.java:239)
	at java.base/java.util.concurrent.ThreadPoolExecutor.runWorker(ThreadPoolExecutor.java:1144)
	at java.base/java.util.concurrent.ThreadPoolExecutor$Worker.run(ThreadPoolExecutor.java:642)
	at java.base/java.lang.Thread.run(Thread.java:1583)

Exception in thread "CDP Connection" org.openqa.selenium.devtools.DevToolsException: invalid session id
Build info: version: '4.23.0', revision: '4df0a231af'
System info: os.name: 'Windows 11', os.arch: 'amd64', os.version: '10.0', java.version: '21.0.5'
Driver info: org.openqa.selenium.chrome.ChromeDriver
Command: [cc81ca234c034a62418133c03f18b8c3, findElements {using=class name, value=card}]
Capabilities {acceptInsecureCerts: false, browserName: chrome, browserVersion: 130.0.6723.70, chrome: {chromedriverVersion: 130.0.6723.116 (6ac35f94ae3..., userDataDir: C:\Users\santh\AppData\Loca...}, fedcm:accounts: true, goog:chromeOptions: {debuggerAddress: localhost:52995}, networkConnectionEnabled: false, pageLoadStrategy: normal, platformName: windows, proxy: Proxy(), se:cdp: ws://localhost:52995/devtoo..., se:cdpVersion: 130.0.6723.70, setWindowRect: true, strictFileInteractability: false, timeouts: {implicit: 0, pageLoad: 300000, script: 30000}, unhandledPromptBehavior: dismiss and notify, webauthn:extension:credBlob: true, webauthn:extension:largeBlob: true, webauthn:extension:minPinLength: true, webauthn:extension:prf: true, webauthn:virtualAuthenticators: true}
Session ID: cc81ca234c034a62418133c03f18b8c3
	at org.openqa.selenium.devtools.Connection$Listener.lambda$onText$0(Connection.java:242)
	at java.base/java.util.concurrent.ThreadPoolExecutor.runWorker(ThreadPoolExecutor.java:1144)
	at java.base/java.util.concurrent.ThreadPoolExecutor$Worker.run(ThreadPoolExecutor.java:642)
	at java.base/java.lang.Thread.run(Thread.java:1583)
Caused by: org.openqa.selenium.NoSuchSessionException: invalid session id
Build info: version: '4.23.0', revision: '4df0a231af'
System info: os.name: 'Windows 11', os.arch: 'amd64', os.version: '10.0', java.version: '21.0.5'
Driver info: org.openqa.selenium.chrome.ChromeDriver
Command: [cc81ca234c034a62418133c03f18b8c3, findElements {using=class name, value=card}]
Capabilities {acceptInsecureCerts: false, browserName: chrome, browserVersion: 130.0.6723.70, chrome: {chromedriverVersion: 130.0.6723.116 (6ac35f94ae3..., userDataDir: C:\Users\santh\AppData\Loca...}, fedcm:accounts: true, goog:chromeOptions: {debuggerAddress: localhost:52995}, networkConnectionEnabled: false, pageLoadStrategy: normal, platformName: windows, proxy: Proxy(), se:cdp: ws://localhost:52995/devtoo..., se:cdpVersion: 130.0.6723.70, setWindowRect: true, strictFileInteractability: false, timeouts: {implicit: 0, pageLoad: 300000, script: 30000}, unhandledPromptBehavior: dismiss and notify, webauthn:extension:credBlob: true, webauthn:extension:largeBlob: true, webauthn:extension:minPinLength: true, webauthn:extension:prf: true, webauthn:virtualAuthenticators: true}
Session ID: cc81ca234c034a62418133c03f18b8c3
	at java.base/jdk.internal.reflect.DirectConstructorHandleAccessor.newInstance(DirectConstructorHandleAccessor.java:62)
	at java.base/java.lang.reflect.Constructor.newInstanceWithCaller(Constructor.java:502)
	at java.base/java.lang.reflect.Constructor.newInstance(Constructor.java:486)
	at org.openqa.selenium.remote.ErrorCodec.decode(ErrorCodec.java:167)
	at org.openqa.selenium.remote.codec.w3c.W3CHttpResponseCodec.decode(W3CHttpResponseCodec.java:138)
	at org.openqa.selenium.remote.codec.w3c.W3CHttpResponseCodec.decode(W3CHttpResponseCodec.java:50)
	at org.openqa.selenium.remote.HttpCommandExecutor.execute(HttpCommandExecutor.java:190)
	at org.openqa.selenium.remote.service.DriverCommandExecutor.invokeExecute(DriverCommandExecutor.java:216)
	at org.openqa.selenium.remote.service.DriverCommandExecutor.execute(DriverCommandExecutor.java:174)
	at org.openqa.selenium.remote.RemoteWebDriver.execute(RemoteWebDriver.java:527)
	at org.openqa.selenium.remote.ElementLocation$ElementFinder$2.findElements(ElementLocation.java:182)
	at org.openqa.selenium.remote.ElementLocation.findElements(ElementLocation.java:103)
	at org.openqa.selenium.remote.RemoteWebDriver.findElements(RemoteWebDriver.java:370)
	at org.openqa.selenium.remote.RemoteWebDriver.findElements(RemoteWebDriver.java:364)
	at org.openqa.selenium.support.pagefactory.DefaultElementLocator.findElements(DefaultElementLocator.java:83)
	at org.openqa.selenium.support.pagefactory.internal.LocatingElementListHandler.invoke(LocatingElementListHandler.java:36)
	at jdk.proxy2/jdk.proxy2.$Proxy27.stream(Unknown Source)
	at PageObjects.ProductsPage.getProductByName(ProductsPage.java:85)
	at StepDefinitions.UITest.ProductsPage.FunctionalityStepDefImpl.lambda$user_searches_for_a_product$5(FunctionalityStepDefImpl.java:295)
	at org.openqa.selenium.devtools.DevTools.lambda$addListener$0(DevTools.java:104)
	at org.openqa.selenium.devtools.Connection.lambda$handle$5(Connection.java:348)
	at java.base/java.util.stream.ForEachOps$ForEachOp$OfRef.accept(ForEachOps.java:184)
	at java.base/java.util.stream.ReferencePipeline$2$1.accept(ReferencePipeline.java:179)
	at java.base/java.util.stream.ReferencePipeline$15$1.accept(ReferencePipeline.java:541)
	at java.base/java.util.HashMap$EntrySpliterator.forEachRemaining(HashMap.java:1858)
	at java.base/java.util.stream.AbstractPipeline.copyInto(AbstractPipeline.java:509)
	at java.base/java.util.stream.AbstractPipeline.wrapAndCopyInto(AbstractPipeline.java:499)
	at java.base/java.util.stream.ForEachOps$ForEachOp.evaluateSequential(ForEachOps.java:151)
	at java.base/java.util.stream.ForEachOps$ForEachOp$OfRef.evaluateSequential(ForEachOps.java:174)
	at java.base/java.util.stream.AbstractPipeline.evaluate(AbstractPipeline.java:234)
	at java.base/java.util.stream.ReferencePipeline.forEach(ReferencePipeline.java:596)
	at org.openqa.selenium.devtools.Connection.handle(Connection.java:311)
	at org.openqa.selenium.devtools.Connection$Listener.lambda$onText$0(Connection.java:239)
	... 3 more
Jan 02, 2025 12:56:09 PM org.openqa.selenium.devtools.CdpVersionFinder findNearestMatch
WARNING: Unable to find an exact match for CDP version 130, returning the closest version; found: 127; Please update to a Selenium version that supports CDP version 130
Jan 02, 2025 12:56:14 PM org.openqa.selenium.devtools.Connection$Listener lambda$onText$0
WARNING: Unable to process: {"method":"Network.responseReceived","params":{"requestId":"31584.37","loaderId":"B4DF6CE9CA90997230A4061E966E38DB","timestamp":2111.117107,"type":"Other","response":{"url":"https://rahulshettyacademy.com/api/ecom/product/get-all-products","status":200,"statusText":"OK","headers":{"Content-Encoding":"gzip","ETag":"W/\"1235-pvPjr06Vm3XxDS3ekVPSMc/+rK8\"","Expect-CT":"max-age=0","X-Permitted-Cross-Domain-Policies":"none","X-Content-Type-Options":"nosniff","Keep-Alive":"timeout=5, max=97","Date":"Thu, 02 Jan 2025 07:26:16 GMT","Content-Type":"application/json; charset=utf-8","Vary":"Accept-Encoding","X-Frame-Options":"SAMEORIGIN","Transfer-Encoding":"chunked","Strict-Transport-Security":"max-age=15552000; includeSubDomains","Content-Security-Policy":"default-src 'self';base-uri 'self';block-all-mixed-content;font-src 'self' https: data:;frame-ancestors 'self';img-src 'self' data:;object-src 'none';script-src 'self';script-src-attr 'none';style-src 'self' https: 'unsafe-inline';upgrade-insecure-requests","X-DNS-Prefetch-Control":"off","Connection":"Keep-Alive","Referrer-Policy":"no-referrer","X-Download-Options":"noopen","Access-Control-Allow-Origin":"*","X-XSS-Protection":"0","Server":"Apache/2.4.52 (Ubuntu)"},"mimeType":"application/json","charset":"utf-8","connectionReused":true,"connectionId":102,"remoteIPAddress":"13.201.9.53","remotePort":443,"fromDiskCache":false,"fromServiceWorker":false,"fromPrefetchCache":false,"encodedDataLength":921,"timing":{"requestTime":2111.052244,"proxyStart":-1,"proxyEnd":-1,"dnsStart":-1,"dnsEnd":-1,"connectStart":-1,"connectEnd":-1,"sslStart":-1,"sslEnd":-1,"workerStart":-1,"workerReady":-1,"workerFetchStart":-1,"workerRespondWithSettled":-1,"sendStart":0.828,"sendEnd":1.021,"pushStart":0,"pushEnd":0,"receiveHeadersStart":63.385,"receiveHeadersEnd":63.6},"responseTime":1.735802774038818e+12,"protocol":"http/1.1","alternateProtocolUsage":"unspecifiedReason","securityState":"unknown"},"hasExtraInfo":false,"frameId":"EB749873924B1A32E16792F45DD9CF1E"},"sessionId":"5E60121B9F1506625A3601A4D2D0F63F"}
org.openqa.selenium.devtools.DevToolsException: {"id":441,"error":{"code":-32000,"message":"No resource with given identifier found"},"sessionId":"5E60121B9F1506625A3601A4D2D0F63F"}
Build info: version: '4.23.0', revision: '4df0a231af'
System info: os.name: 'Windows 11', os.arch: 'amd64', os.version: '10.0', java.version: '21.0.5'
Driver info: driver.version: unknown
	at org.openqa.selenium.devtools.Connection.sendAndWait(Connection.java:195)
	at org.openqa.selenium.devtools.DevTools.send(DevTools.java:90)
	at StepDefinitions.UITest.ProductsPage.FunctionalityStepDefImpl.lambda$user_filters_using_min_max_price$7(FunctionalityStepDefImpl.java:362)
	at org.openqa.selenium.devtools.DevTools.lambda$addListener$0(DevTools.java:104)
	at org.openqa.selenium.devtools.Connection.lambda$handle$5(Connection.java:348)
	at java.base/java.util.stream.ForEachOps$ForEachOp$OfRef.accept(ForEachOps.java:184)
	at java.base/java.util.stream.ReferencePipeline$2$1.accept(ReferencePipeline.java:179)
	at java.base/java.util.stream.ReferencePipeline$15$1.accept(ReferencePipeline.java:541)
	at java.base/java.util.HashMap$EntrySpliterator.forEachRemaining(HashMap.java:1858)
	at java.base/java.util.stream.AbstractPipeline.copyInto(AbstractPipeline.java:509)
	at java.base/java.util.stream.AbstractPipeline.wrapAndCopyInto(AbstractPipeline.java:499)
	at java.base/java.util.stream.ForEachOps$ForEachOp.evaluateSequential(ForEachOps.java:151)
	at java.base/java.util.stream.ForEachOps$ForEachOp$OfRef.evaluateSequential(ForEachOps.java:174)
	at java.base/java.util.stream.AbstractPipeline.evaluate(AbstractPipeline.java:234)
	at java.base/java.util.stream.ReferencePipeline.forEach(ReferencePipeline.java:596)
	at org.openqa.selenium.devtools.Connection.handle(Connection.java:311)
	at org.openqa.selenium.devtools.Connection$Listener.lambda$onText$0(Connection.java:239)
	at java.base/java.util.concurrent.ThreadPoolExecutor.runWorker(ThreadPoolExecutor.java:1144)
	at java.base/java.util.concurrent.ThreadPoolExecutor$Worker.run(ThreadPoolExecutor.java:642)
	at java.base/java.lang.Thread.run(Thread.java:1583)
Caused by: org.openqa.selenium.WebDriverException: {"id":441,"error":{"code":-32000,"message":"No resource with given identifier found"},"sessionId":"5E60121B9F1506625A3601A4D2D0F63F"}
Build info: version: '4.23.0', revision: '4df0a231af'
System info: os.name: 'Windows 11', os.arch: 'amd64', os.version: '10.0', java.version: '21.0.5'
Driver info: driver.version: unknown
	at org.openqa.selenium.devtools.Connection.handle(Connection.java:275)
	... 4 more

Exception in thread "CDP Connection" org.openqa.selenium.devtools.DevToolsException: {"id":441,"error":{"code":-32000,"message":"No resource with given identifier found"},"sessionId":"5E60121B9F1506625A3601A4D2D0F63F"}
Build info: version: '4.23.0', revision: '4df0a231af'
System info: os.name: 'Windows 11', os.arch: 'amd64', os.version: '10.0', java.version: '21.0.5'
Driver info: driver.version: unknown
	at org.openqa.selenium.devtools.Connection$Listener.lambda$onText$0(Connection.java:242)
	at java.base/java.util.concurrent.ThreadPoolExecutor.runWorker(ThreadPoolExecutor.java:1144)
	at java.base/java.util.concurrent.ThreadPoolExecutor$Worker.run(ThreadPoolExecutor.java:642)
	at java.base/java.lang.Thread.run(Thread.java:1583)
Caused by: org.openqa.selenium.devtools.DevToolsException: {"id":441,"error":{"code":-32000,"message":"No resource with given identifier found"},"sessionId":"5E60121B9F1506625A3601A4D2D0F63F"}
Build info: version: '4.23.0', revision: '4df0a231af'
System info: os.name: 'Windows 11', os.arch: 'amd64', os.version: '10.0', java.version: '21.0.5'
Driver info: driver.version: unknown
	at org.openqa.selenium.devtools.Connection.sendAndWait(Connection.java:195)
	at org.openqa.selenium.devtools.DevTools.send(DevTools.java:90)
	at StepDefinitions.UITest.ProductsPage.FunctionalityStepDefImpl.lambda$user_filters_using_min_max_price$7(FunctionalityStepDefImpl.java:362)
	at org.openqa.selenium.devtools.DevTools.lambda$addListener$0(DevTools.java:104)
	at org.openqa.selenium.devtools.Connection.lambda$handle$5(Connection.java:348)
	at java.base/java.util.stream.ForEachOps$ForEachOp$OfRef.accept(ForEachOps.java:184)
	at java.base/java.util.stream.ReferencePipeline$2$1.accept(ReferencePipeline.java:179)
	at java.base/java.util.stream.ReferencePipeline$15$1.accept(ReferencePipeline.java:541)
	at java.base/java.util.HashMap$EntrySpliterator.forEachRemaining(HashMap.java:1858)
	at java.base/java.util.stream.AbstractPipeline.copyInto(AbstractPipeline.java:509)
	at java.base/java.util.stream.AbstractPipeline.wrapAndCopyInto(AbstractPipeline.java:499)
	at java.base/java.util.stream.ForEachOps$ForEachOp.evaluateSequential(ForEachOps.java:151)
	at java.base/java.util.stream.ForEachOps$ForEachOp$OfRef.evaluateSequential(ForEachOps.java:174)
	at java.base/java.util.stream.AbstractPipeline.evaluate(AbstractPipeline.java:234)
	at java.base/java.util.stream.ReferencePipeline.forEach(ReferencePipeline.java:596)
	at org.openqa.selenium.devtools.Connection.handle(Connection.java:311)
	at org.openqa.selenium.devtools.Connection$Listener.lambda$onText$0(Connection.java:239)
	... 3 more
Caused by: org.openqa.selenium.WebDriverException: {"id":441,"error":{"code":-32000,"message":"No resource with given identifier found"},"sessionId":"5E60121B9F1506625A3601A4D2D0F63F"}
Build info: version: '4.23.0', revision: '4df0a231af'
System info: os.name: 'Windows 11', os.arch: 'amd64', os.version: '10.0', java.version: '21.0.5'
Driver info: driver.version: unknown
	at org.openqa.selenium.devtools.Connection.handle(Connection.java:275)
	... 4 more
Jan 02, 2025 12:56:16 PM org.openqa.selenium.remote.http.WebSocket$Listener onError
WARNING: Connection reset
java.net.SocketException: Connection reset
	at java.base/sun.nio.ch.SocketChannelImpl.throwConnectionReset(SocketChannelImpl.java:401)
	at java.base/sun.nio.ch.SocketChannelImpl.read(SocketChannelImpl.java:434)
	at java.net.http/jdk.internal.net.http.SocketTube.readAvailable(SocketTube.java:1178)
	at java.net.http/jdk.internal.net.http.SocketTube$InternalReadPublisher$InternalReadSubscription.read(SocketTube.java:841)
	at java.net.http/jdk.internal.net.http.SocketTube$SocketFlowTask.run(SocketTube.java:181)
	at java.net.http/jdk.internal.net.http.common.SequentialScheduler$SchedulableTask.run(SequentialScheduler.java:207)
	at java.net.http/jdk.internal.net.http.common.SequentialScheduler.runOrSchedule(SequentialScheduler.java:280)
	at java.net.http/jdk.internal.net.http.common.SequentialScheduler.runOrSchedule(SequentialScheduler.java:233)
	at java.net.http/jdk.internal.net.http.SocketTube$InternalReadPublisher$InternalReadSubscription.signalReadable(SocketTube.java:782)
	at java.net.http/jdk.internal.net.http.SocketTube$InternalReadPublisher$ReadEvent.signalEvent(SocketTube.java:965)
	at java.net.http/jdk.internal.net.http.SocketTube$SocketFlowEvent.handle(SocketTube.java:253)
	at java.net.http/jdk.internal.net.http.HttpClientImpl$SelectorManager.handleEvent(HttpClientImpl.java:1469)
	at java.net.http/jdk.internal.net.http.HttpClientImpl$SelectorManager.lambda$run$3(HttpClientImpl.java:1414)
	at java.base/java.util.ArrayList.forEach(ArrayList.java:1596)
	at java.net.http/jdk.internal.net.http.HttpClientImpl$SelectorManager.run(HttpClientImpl.java:1414)

]]></system-err>
  </testcase>
  <testcase name="runScenario[&quot;Categories filter&quot;, &quot;Products page functionality&quot;](98)" classname="TestNGTestRunner" time="9.354">
    <system-out><![CDATA[{"productName":"","minPrice":null,"maxPrice":null,"productCategory":["fashion"],"productSubCategory":[],"productFor":[]}
{"productFor":"women","productStatus":true,"productTotalOrders":"0","productName":"qwerty","productCategory":"fashion","productImage":"https://rahulshettyacademy.com/api/ecom/uploads/productImage_1728132684377.jpg","productSubCategory":"shirts","__v":0,"_id":"6701364cae2afd4c0b90113c","productRating":"0","productPrice":11500,"productDescription":"Addias Originals","productAddedBy":"admin@gmail.com"}
]]></system-out>
    <system-err><![CDATA[Jan 02, 2025 12:56:16 PM org.openqa.selenium.devtools.Connection$Listener lambda$onText$0
WARNING: Unable to process: {"method":"Network.responseReceived","params":{"requestId":"31584.50","loaderId":"B4DF6CE9CA90997230A4061E966E38DB","timestamp":2111.300885,"type":"XHR","response":{"url":"https://rahulshettyacademy.com/api/ecom/product/get-all-products","status":200,"statusText":"OK","headers":{"ETag":"W/\"1e1-TUm+HvqAX9TALtoVKR+MOYXKUzY\"","Expect-CT":"max-age=0","X-Permitted-Cross-Domain-Policies":"none","X-Content-Type-Options":"nosniff","Keep-Alive":"timeout=5, max=93","Date":"Thu, 02 Jan 2025 07:26:17 GMT","Content-Type":"application/json; charset=utf-8","Vary":"Accept-Encoding","X-Frame-Options":"SAMEORIGIN","Strict-Transport-Security":"max-age=15552000; includeSubDomains","Content-Security-Policy":"default-src 'self';base-uri 'self';block-all-mixed-content;font-src 'self' https: data:;frame-ancestors 'self';img-src 'self' data:;object-src 'none';script-src 'self';script-src-attr 'none';style-src 'self' https: 'unsafe-inline';upgrade-insecure-requests","X-DNS-Prefetch-Control":"off","Connection":"Keep-Alive","Referrer-Policy":"no-referrer","X-Download-Options":"noopen","Access-Control-Allow-Origin":"*","Content-Length":"481","X-XSS-Protection":"0","Server":"Apache/2.4.52 (Ubuntu)"},"mimeType":"application/json","charset":"utf-8","connectionReused":true,"connectionId":102,"remoteIPAddress":"13.201.9.53","remotePort":443,"fromDiskCache":false,"fromServiceWorker":false,"fromPrefetchCache":false,"encodedDataLength":889,"timing":{"requestTime":2111.253267,"proxyStart":-1,"proxyEnd":-1,"dnsStart":-1,"dnsEnd":-1,"connectStart":-1,"connectEnd":-1,"sslStart":-1,"sslEnd":-1,"workerStart":-1,"workerReady":-1,"workerFetchStart":-1,"workerRespondWithSettled":-1,"sendStart":0.386,"sendEnd":0.587,"pushStart":0,"pushEnd":0,"receiveHeadersStart":44.865,"receiveHeadersEnd":44.984},"responseTime":1.735802774221321e+12,"protocol":"http/1.1","alternateProtocolUsage":"unspecifiedReason","securityState":"secure","securityDetails":{"protocol":"TLS 1.3","keyExchange":"","keyExchangeGroup":"X25519","cipher":"AES_128_GCM","certificateId":0,"subjectName":"rahulshettyacademy.com","sanList":["rahulshettyacademy.com"],"issuer":"E6","validFrom":1731833819,"validTo":1739609818,"signedCertificateTimestampList":[{"status":"Verified","origin":"Embedded in certificate","logDescription":"Google 'Xenon2025h1' log","logId":"CF1156EED52E7CAFF3875BD9692E9BE91A71674AB017ECAC01D25B77CECC3B08","timestamp":1731837329589,"hashAlgorithm":"SHA-256","signatureAlgorithm":"ECDSA","signatureData":"3045022049CA90B2CB95C3A4AECDECF04FECA784EE3C38F667E4444EC363E3896496E161022100A382A6A79A23DB380C6BAE53F0317A7817F487C963769692F01598128068DB66"},{"status":"Verified","origin":"Embedded in certificate","logDescription":"DigiCert Nessie2025 Log","logId":"E6D2316340778CC1104106D771B9CEC1D240F6968486FBBA87321DFD1E378E50","timestamp":1731837329733,"hashAlgorithm":"SHA-256","signatureAlgorithm":"ECDSA","signatureData":"30450220157FD090AF13CC9D704CDB761C669D3050A465792F7063143A29419C5455EE34022100B52F2E04241FBDC492EED0F11D8D4C2FCCA313C5DD1D6CFBD8BE909857B03816"}],"certificateTransparencyCompliance":"unknown","serverSignatureAlgorithm":1027,"encryptedClientHello":false}},"hasExtraInfo":true,"frameId":"EB749873924B1A32E16792F45DD9CF1E"},"sessionId":"5E60121B9F1506625A3601A4D2D0F63F"}
org.openqa.selenium.NoSuchSessionException: invalid session id
Build info: version: '4.23.0', revision: '4df0a231af'
System info: os.name: 'Windows 11', os.arch: 'amd64', os.version: '10.0', java.version: '21.0.5'
Driver info: org.openqa.selenium.chrome.ChromeDriver
Command: [2db2dcfe60c55b36a93a09493dd9e9f2, findElements {using=class name, value=card}]
Capabilities {acceptInsecureCerts: false, browserName: chrome, browserVersion: 130.0.6723.70, chrome: {chromedriverVersion: 130.0.6723.116 (6ac35f94ae3..., userDataDir: C:\Users\santh\AppData\Loca...}, fedcm:accounts: true, goog:chromeOptions: {debuggerAddress: localhost:53016}, networkConnectionEnabled: false, pageLoadStrategy: normal, platformName: windows, proxy: Proxy(), se:cdp: ws://localhost:53016/devtoo..., se:cdpVersion: 130.0.6723.70, setWindowRect: true, strictFileInteractability: false, timeouts: {implicit: 0, pageLoad: 300000, script: 30000}, unhandledPromptBehavior: dismiss and notify, webauthn:extension:credBlob: true, webauthn:extension:largeBlob: true, webauthn:extension:minPinLength: true, webauthn:extension:prf: true, webauthn:virtualAuthenticators: true}
Session ID: 2db2dcfe60c55b36a93a09493dd9e9f2
	at java.base/jdk.internal.reflect.DirectConstructorHandleAccessor.newInstance(DirectConstructorHandleAccessor.java:62)
	at java.base/java.lang.reflect.Constructor.newInstanceWithCaller(Constructor.java:502)
	at java.base/java.lang.reflect.Constructor.newInstance(Constructor.java:486)
	at org.openqa.selenium.remote.ErrorCodec.decode(ErrorCodec.java:167)
	at org.openqa.selenium.remote.codec.w3c.W3CHttpResponseCodec.decode(W3CHttpResponseCodec.java:138)
	at org.openqa.selenium.remote.codec.w3c.W3CHttpResponseCodec.decode(W3CHttpResponseCodec.java:50)
	at org.openqa.selenium.remote.HttpCommandExecutor.execute(HttpCommandExecutor.java:190)
	at org.openqa.selenium.remote.service.DriverCommandExecutor.invokeExecute(DriverCommandExecutor.java:216)
	at org.openqa.selenium.remote.service.DriverCommandExecutor.execute(DriverCommandExecutor.java:174)
	at org.openqa.selenium.remote.RemoteWebDriver.execute(RemoteWebDriver.java:527)
	at org.openqa.selenium.remote.ElementLocation$ElementFinder$2.findElements(ElementLocation.java:182)
	at org.openqa.selenium.remote.ElementLocation.findElements(ElementLocation.java:103)
	at org.openqa.selenium.remote.RemoteWebDriver.findElements(RemoteWebDriver.java:370)
	at org.openqa.selenium.remote.RemoteWebDriver.findElements(RemoteWebDriver.java:364)
	at org.openqa.selenium.support.pagefactory.DefaultElementLocator.findElements(DefaultElementLocator.java:83)
	at org.openqa.selenium.support.pagefactory.internal.LocatingElementListHandler.invoke(LocatingElementListHandler.java:36)
	at jdk.proxy2/jdk.proxy2.$Proxy27.stream(Unknown Source)
	at PageObjects.ProductsPage.getProductByName(ProductsPage.java:85)
	at StepDefinitions.UITest.ProductsPage.FunctionalityStepDefImpl.lambda$user_filters_using_min_max_price$7(FunctionalityStepDefImpl.java:375)
	at org.openqa.selenium.devtools.DevTools.lambda$addListener$0(DevTools.java:104)
	at org.openqa.selenium.devtools.Connection.lambda$handle$5(Connection.java:348)
	at java.base/java.util.stream.ForEachOps$ForEachOp$OfRef.accept(ForEachOps.java:184)
	at java.base/java.util.stream.ReferencePipeline$2$1.accept(ReferencePipeline.java:179)
	at java.base/java.util.stream.ReferencePipeline$15$1.accept(ReferencePipeline.java:541)
	at java.base/java.util.HashMap$EntrySpliterator.forEachRemaining(HashMap.java:1858)
	at java.base/java.util.stream.AbstractPipeline.copyInto(AbstractPipeline.java:509)
	at java.base/java.util.stream.AbstractPipeline.wrapAndCopyInto(AbstractPipeline.java:499)
	at java.base/java.util.stream.ForEachOps$ForEachOp.evaluateSequential(ForEachOps.java:151)
	at java.base/java.util.stream.ForEachOps$ForEachOp$OfRef.evaluateSequential(ForEachOps.java:174)
	at java.base/java.util.stream.AbstractPipeline.evaluate(AbstractPipeline.java:234)
	at java.base/java.util.stream.ReferencePipeline.forEach(ReferencePipeline.java:596)
	at org.openqa.selenium.devtools.Connection.handle(Connection.java:311)
	at org.openqa.selenium.devtools.Connection$Listener.lambda$onText$0(Connection.java:239)
	at java.base/java.util.concurrent.ThreadPoolExecutor.runWorker(ThreadPoolExecutor.java:1144)
	at java.base/java.util.concurrent.ThreadPoolExecutor$Worker.run(ThreadPoolExecutor.java:642)
	at java.base/java.lang.Thread.run(Thread.java:1583)

Exception in thread "CDP Connection" org.openqa.selenium.devtools.DevToolsException: invalid session id
Build info: version: '4.23.0', revision: '4df0a231af'
System info: os.name: 'Windows 11', os.arch: 'amd64', os.version: '10.0', java.version: '21.0.5'
Driver info: org.openqa.selenium.chrome.ChromeDriver
Command: [2db2dcfe60c55b36a93a09493dd9e9f2, findElements {using=class name, value=card}]
Capabilities {acceptInsecureCerts: false, browserName: chrome, browserVersion: 130.0.6723.70, chrome: {chromedriverVersion: 130.0.6723.116 (6ac35f94ae3..., userDataDir: C:\Users\santh\AppData\Loca...}, fedcm:accounts: true, goog:chromeOptions: {debuggerAddress: localhost:53016}, networkConnectionEnabled: false, pageLoadStrategy: normal, platformName: windows, proxy: Proxy(), se:cdp: ws://localhost:53016/devtoo..., se:cdpVersion: 130.0.6723.70, setWindowRect: true, strictFileInteractability: false, timeouts: {implicit: 0, pageLoad: 300000, script: 30000}, unhandledPromptBehavior: dismiss and notify, webauthn:extension:credBlob: true, webauthn:extension:largeBlob: true, webauthn:extension:minPinLength: true, webauthn:extension:prf: true, webauthn:virtualAuthenticators: true}
Session ID: 2db2dcfe60c55b36a93a09493dd9e9f2
	at org.openqa.selenium.devtools.Connection$Listener.lambda$onText$0(Connection.java:242)
	at java.base/java.util.concurrent.ThreadPoolExecutor.runWorker(ThreadPoolExecutor.java:1144)
	at java.base/java.util.concurrent.ThreadPoolExecutor$Worker.run(ThreadPoolExecutor.java:642)
	at java.base/java.lang.Thread.run(Thread.java:1583)
Caused by: org.openqa.selenium.NoSuchSessionException: invalid session id
Build info: version: '4.23.0', revision: '4df0a231af'
System info: os.name: 'Windows 11', os.arch: 'amd64', os.version: '10.0', java.version: '21.0.5'
Driver info: org.openqa.selenium.chrome.ChromeDriver
Command: [2db2dcfe60c55b36a93a09493dd9e9f2, findElements {using=class name, value=card}]
Capabilities {acceptInsecureCerts: false, browserName: chrome, browserVersion: 130.0.6723.70, chrome: {chromedriverVersion: 130.0.6723.116 (6ac35f94ae3..., userDataDir: C:\Users\santh\AppData\Loca...}, fedcm:accounts: true, goog:chromeOptions: {debuggerAddress: localhost:53016}, networkConnectionEnabled: false, pageLoadStrategy: normal, platformName: windows, proxy: Proxy(), se:cdp: ws://localhost:53016/devtoo..., se:cdpVersion: 130.0.6723.70, setWindowRect: true, strictFileInteractability: false, timeouts: {implicit: 0, pageLoad: 300000, script: 30000}, unhandledPromptBehavior: dismiss and notify, webauthn:extension:credBlob: true, webauthn:extension:largeBlob: true, webauthn:extension:minPinLength: true, webauthn:extension:prf: true, webauthn:virtualAuthenticators: true}
Session ID: 2db2dcfe60c55b36a93a09493dd9e9f2
	at java.base/jdk.internal.reflect.DirectConstructorHandleAccessor.newInstance(DirectConstructorHandleAccessor.java:62)
	at java.base/java.lang.reflect.Constructor.newInstanceWithCaller(Constructor.java:502)
	at java.base/java.lang.reflect.Constructor.newInstance(Constructor.java:486)
	at org.openqa.selenium.remote.ErrorCodec.decode(ErrorCodec.java:167)
	at org.openqa.selenium.remote.codec.w3c.W3CHttpResponseCodec.decode(W3CHttpResponseCodec.java:138)
	at org.openqa.selenium.remote.codec.w3c.W3CHttpResponseCodec.decode(W3CHttpResponseCodec.java:50)
	at org.openqa.selenium.remote.HttpCommandExecutor.execute(HttpCommandExecutor.java:190)
	at org.openqa.selenium.remote.service.DriverCommandExecutor.invokeExecute(DriverCommandExecutor.java:216)
	at org.openqa.selenium.remote.service.DriverCommandExecutor.execute(DriverCommandExecutor.java:174)
	at org.openqa.selenium.remote.RemoteWebDriver.execute(RemoteWebDriver.java:527)
	at org.openqa.selenium.remote.ElementLocation$ElementFinder$2.findElements(ElementLocation.java:182)
	at org.openqa.selenium.remote.ElementLocation.findElements(ElementLocation.java:103)
	at org.openqa.selenium.remote.RemoteWebDriver.findElements(RemoteWebDriver.java:370)
	at org.openqa.selenium.remote.RemoteWebDriver.findElements(RemoteWebDriver.java:364)
	at org.openqa.selenium.support.pagefactory.DefaultElementLocator.findElements(DefaultElementLocator.java:83)
	at org.openqa.selenium.support.pagefactory.internal.LocatingElementListHandler.invoke(LocatingElementListHandler.java:36)
	at jdk.proxy2/jdk.proxy2.$Proxy27.stream(Unknown Source)
	at PageObjects.ProductsPage.getProductByName(ProductsPage.java:85)
	at StepDefinitions.UITest.ProductsPage.FunctionalityStepDefImpl.lambda$user_filters_using_min_max_price$7(FunctionalityStepDefImpl.java:375)
	at org.openqa.selenium.devtools.DevTools.lambda$addListener$0(DevTools.java:104)
	at org.openqa.selenium.devtools.Connection.lambda$handle$5(Connection.java:348)
	at java.base/java.util.stream.ForEachOps$ForEachOp$OfRef.accept(ForEachOps.java:184)
	at java.base/java.util.stream.ReferencePipeline$2$1.accept(ReferencePipeline.java:179)
	at java.base/java.util.stream.ReferencePipeline$15$1.accept(ReferencePipeline.java:541)
	at java.base/java.util.HashMap$EntrySpliterator.forEachRemaining(HashMap.java:1858)
	at java.base/java.util.stream.AbstractPipeline.copyInto(AbstractPipeline.java:509)
	at java.base/java.util.stream.AbstractPipeline.wrapAndCopyInto(AbstractPipeline.java:499)
	at java.base/java.util.stream.ForEachOps$ForEachOp.evaluateSequential(ForEachOps.java:151)
	at java.base/java.util.stream.ForEachOps$ForEachOp$OfRef.evaluateSequential(ForEachOps.java:174)
	at java.base/java.util.stream.AbstractPipeline.evaluate(AbstractPipeline.java:234)
	at java.base/java.util.stream.ReferencePipeline.forEach(ReferencePipeline.java:596)
	at org.openqa.selenium.devtools.Connection.handle(Connection.java:311)
	at org.openqa.selenium.devtools.Connection$Listener.lambda$onText$0(Connection.java:239)
	... 3 more
Jan 02, 2025 12:56:18 PM org.openqa.selenium.devtools.CdpVersionFinder findNearestMatch
WARNING: Unable to find an exact match for CDP version 130, returning the closest version; found: 127; Please update to a Selenium version that supports CDP version 130
Jan 02, 2025 12:56:25 PM org.openqa.selenium.remote.http.WebSocket$Listener onError
WARNING: Connection reset
java.net.SocketException: Connection reset
	at java.base/sun.nio.ch.SocketChannelImpl.throwConnectionReset(SocketChannelImpl.java:401)
	at java.base/sun.nio.ch.SocketChannelImpl.read(SocketChannelImpl.java:434)
	at java.net.http/jdk.internal.net.http.SocketTube.readAvailable(SocketTube.java:1178)
	at java.net.http/jdk.internal.net.http.SocketTube$InternalReadPublisher$InternalReadSubscription.read(SocketTube.java:841)
	at java.net.http/jdk.internal.net.http.SocketTube$SocketFlowTask.run(SocketTube.java:181)
	at java.net.http/jdk.internal.net.http.common.SequentialScheduler$SchedulableTask.run(SequentialScheduler.java:207)
	at java.net.http/jdk.internal.net.http.common.SequentialScheduler.runOrSchedule(SequentialScheduler.java:280)
	at java.net.http/jdk.internal.net.http.common.SequentialScheduler.runOrSchedule(SequentialScheduler.java:233)
	at java.net.http/jdk.internal.net.http.SocketTube$InternalReadPublisher$InternalReadSubscription.signalReadable(SocketTube.java:782)
	at java.net.http/jdk.internal.net.http.SocketTube$InternalReadPublisher$ReadEvent.signalEvent(SocketTube.java:965)
	at java.net.http/jdk.internal.net.http.SocketTube$SocketFlowEvent.handle(SocketTube.java:253)
	at java.net.http/jdk.internal.net.http.HttpClientImpl$SelectorManager.handleEvent(HttpClientImpl.java:1469)
	at java.net.http/jdk.internal.net.http.HttpClientImpl$SelectorManager.lambda$run$3(HttpClientImpl.java:1414)
	at java.base/java.util.ArrayList.forEach(ArrayList.java:1596)
	at java.net.http/jdk.internal.net.http.HttpClientImpl$SelectorManager.run(HttpClientImpl.java:1414)

]]></system-err>
  </testcase>
  <testcase name="runScenario[&quot;User submits empty registration form&quot;, &quot;Register page error handling&quot;](99)" classname="TestNGTestRunner" time="6.657">
    <system-err><![CDATA[Jan 02, 2025 12:56:25 PM org.openqa.selenium.devtools.Connection$Listener lambda$onText$0
WARNING: Unable to process: {"method":"Network.responseReceived","params":{"requestId":"31636.37","loaderId":"8669CD6ACDF8B9CDFA3D4D36C62FF641","timestamp":2120.683133,"type":"XHR","response":{"url":"https://rahulshettyacademy.com/api/ecom/product/get-all-products","status":200,"statusText":"OK","headers":{"Content-Encoding":"gzip","ETag":"W/\"9e7-EeYk0FQoFN/gpYNxh1xpSeqCEfk\"","Expect-CT":"max-age=0","X-Permitted-Cross-Domain-Policies":"none","X-Content-Type-Options":"nosniff","Keep-Alive":"timeout=5, max=99","Date":"Thu, 02 Jan 2025 07:26:26 GMT","Content-Type":"application/json; charset=utf-8","Vary":"Accept-Encoding","X-Frame-Options":"SAMEORIGIN","Transfer-Encoding":"chunked","Strict-Transport-Security":"max-age=15552000; includeSubDomains","Content-Security-Policy":"default-src 'self';base-uri 'self';block-all-mixed-content;font-src 'self' https: data:;frame-ancestors 'self';img-src 'self' data:;object-src 'none';script-src 'self';script-src-attr 'none';style-src 'self' https: 'unsafe-inline';upgrade-insecure-requests","X-DNS-Prefetch-Control":"off","Connection":"Keep-Alive","Referrer-Policy":"no-referrer","X-Download-Options":"noopen","Access-Control-Allow-Origin":"*","X-XSS-Protection":"0","Server":"Apache/2.4.52 (Ubuntu)"},"mimeType":"application/json","charset":"utf-8","connectionReused":true,"connectionId":255,"remoteIPAddress":"13.201.9.53","remotePort":443,"fromDiskCache":false,"fromServiceWorker":false,"fromPrefetchCache":false,"encodedDataLength":920,"timing":{"requestTime":2120.615067,"proxyStart":-1,"proxyEnd":-1,"dnsStart":-1,"dnsEnd":-1,"connectStart":-1,"connectEnd":-1,"sslStart":-1,"sslEnd":-1,"workerStart":-1,"workerReady":-1,"workerFetchStart":-1,"workerRespondWithSettled":-1,"sendStart":0.978,"sendEnd":1.201,"pushStart":0,"pushEnd":0,"receiveHeadersStart":66.508,"receiveHeadersEnd":66.667},"responseTime":1.735802783604728e+12,"protocol":"http/1.1","alternateProtocolUsage":"unspecifiedReason","securityState":"secure","securityDetails":{"protocol":"TLS 1.3","keyExchange":"","keyExchangeGroup":"X25519","cipher":"AES_128_GCM","certificateId":0,"subjectName":"rahulshettyacademy.com","sanList":["rahulshettyacademy.com"],"issuer":"E6","validFrom":1731833819,"validTo":1739609818,"signedCertificateTimestampList":[{"status":"Verified","origin":"Embedded in certificate","logDescription":"Google 'Xenon2025h1' log","logId":"CF1156EED52E7CAFF3875BD9692E9BE91A71674AB017ECAC01D25B77CECC3B08","timestamp":1731837329589,"hashAlgorithm":"SHA-256","signatureAlgorithm":"ECDSA","signatureData":"3045022049CA90B2CB95C3A4AECDECF04FECA784EE3C38F667E4444EC363E3896496E161022100A382A6A79A23DB380C6BAE53F0317A7817F487C963769692F01598128068DB66"},{"status":"Verified","origin":"Embedded in certificate","logDescription":"DigiCert Nessie2025 Log","logId":"E6D2316340778CC1104106D771B9CEC1D240F6968486FBBA87321DFD1E378E50","timestamp":1731837329733,"hashAlgorithm":"SHA-256","signatureAlgorithm":"ECDSA","signatureData":"30450220157FD090AF13CC9D704CDB761C669D3050A465792F7063143A29419C5455EE34022100B52F2E04241FBDC492EED0F11D8D4C2FCCA313C5DD1D6CFBD8BE909857B03816"}],"certificateTransparencyCompliance":"unknown","serverSignatureAlgorithm":1027,"encryptedClientHello":false}},"hasExtraInfo":true,"frameId":"A97FBFB63029D0A3FD670EB840E4CE69"},"sessionId":"5795EA6BBAC44B355C810B300E9BBDF8"}
org.openqa.selenium.NoSuchSessionException: invalid session id
Build info: version: '4.23.0', revision: '4df0a231af'
System info: os.name: 'Windows 11', os.arch: 'amd64', os.version: '10.0', java.version: '21.0.5'
Driver info: org.openqa.selenium.chrome.ChromeDriver
Command: [bfb913d176ff7e16c234043da73beaa5, findElements {using=class name, value=card}]
Capabilities {acceptInsecureCerts: false, browserName: chrome, browserVersion: 130.0.6723.70, chrome: {chromedriverVersion: 130.0.6723.116 (6ac35f94ae3..., userDataDir: C:\Users\santh\AppData\Loca...}, fedcm:accounts: true, goog:chromeOptions: {debuggerAddress: localhost:53037}, networkConnectionEnabled: false, pageLoadStrategy: normal, platformName: windows, proxy: Proxy(), se:cdp: ws://localhost:53037/devtoo..., se:cdpVersion: 130.0.6723.70, setWindowRect: true, strictFileInteractability: false, timeouts: {implicit: 0, pageLoad: 300000, script: 30000}, unhandledPromptBehavior: dismiss and notify, webauthn:extension:credBlob: true, webauthn:extension:largeBlob: true, webauthn:extension:minPinLength: true, webauthn:extension:prf: true, webauthn:virtualAuthenticators: true}
Session ID: bfb913d176ff7e16c234043da73beaa5
	at java.base/jdk.internal.reflect.DirectConstructorHandleAccessor.newInstance(DirectConstructorHandleAccessor.java:62)
	at java.base/java.lang.reflect.Constructor.newInstanceWithCaller(Constructor.java:502)
	at java.base/java.lang.reflect.Constructor.newInstance(Constructor.java:486)
	at org.openqa.selenium.remote.ErrorCodec.decode(ErrorCodec.java:167)
	at org.openqa.selenium.remote.codec.w3c.W3CHttpResponseCodec.decode(W3CHttpResponseCodec.java:138)
	at org.openqa.selenium.remote.codec.w3c.W3CHttpResponseCodec.decode(W3CHttpResponseCodec.java:50)
	at org.openqa.selenium.remote.HttpCommandExecutor.execute(HttpCommandExecutor.java:190)
	at org.openqa.selenium.remote.service.DriverCommandExecutor.invokeExecute(DriverCommandExecutor.java:216)
	at org.openqa.selenium.remote.service.DriverCommandExecutor.execute(DriverCommandExecutor.java:174)
	at org.openqa.selenium.remote.RemoteWebDriver.execute(RemoteWebDriver.java:527)
	at org.openqa.selenium.remote.ElementLocation$ElementFinder$2.findElements(ElementLocation.java:182)
	at org.openqa.selenium.remote.ElementLocation.findElements(ElementLocation.java:103)
	at org.openqa.selenium.remote.RemoteWebDriver.findElements(RemoteWebDriver.java:370)
	at org.openqa.selenium.remote.RemoteWebDriver.findElements(RemoteWebDriver.java:364)
	at org.openqa.selenium.support.pagefactory.DefaultElementLocator.findElements(DefaultElementLocator.java:83)
	at org.openqa.selenium.support.pagefactory.internal.LocatingElementListHandler.invoke(LocatingElementListHandler.java:36)
	at jdk.proxy2/jdk.proxy2.$Proxy27.stream(Unknown Source)
	at PageObjects.ProductsPage.getProductByName(ProductsPage.java:85)
	at StepDefinitions.UITest.ProductsPage.FunctionalityStepDefImpl.lambda$user_filters_using_categories$9(FunctionalityStepDefImpl.java:458)
	at org.openqa.selenium.devtools.DevTools.lambda$addListener$0(DevTools.java:104)
	at org.openqa.selenium.devtools.Connection.lambda$handle$5(Connection.java:348)
	at java.base/java.util.stream.ForEachOps$ForEachOp$OfRef.accept(ForEachOps.java:184)
	at java.base/java.util.stream.ReferencePipeline$2$1.accept(ReferencePipeline.java:179)
	at java.base/java.util.stream.ReferencePipeline$15$1.accept(ReferencePipeline.java:541)
	at java.base/java.util.HashMap$EntrySpliterator.forEachRemaining(HashMap.java:1858)
	at java.base/java.util.stream.AbstractPipeline.copyInto(AbstractPipeline.java:509)
	at java.base/java.util.stream.AbstractPipeline.wrapAndCopyInto(AbstractPipeline.java:499)
	at java.base/java.util.stream.ForEachOps$ForEachOp.evaluateSequential(ForEachOps.java:151)
	at java.base/java.util.stream.ForEachOps$ForEachOp$OfRef.evaluateSequential(ForEachOps.java:174)
	at java.base/java.util.stream.AbstractPipeline.evaluate(AbstractPipeline.java:234)
	at java.base/java.util.stream.ReferencePipeline.forEach(ReferencePipeline.java:596)
	at org.openqa.selenium.devtools.Connection.handle(Connection.java:311)
	at org.openqa.selenium.devtools.Connection$Listener.lambda$onText$0(Connection.java:239)
	at java.base/java.util.concurrent.ThreadPoolExecutor.runWorker(ThreadPoolExecutor.java:1144)
	at java.base/java.util.concurrent.ThreadPoolExecutor$Worker.run(ThreadPoolExecutor.java:642)
	at java.base/java.lang.Thread.run(Thread.java:1583)

Exception in thread "CDP Connection" org.openqa.selenium.devtools.DevToolsException: invalid session id
Build info: version: '4.23.0', revision: '4df0a231af'
System info: os.name: 'Windows 11', os.arch: 'amd64', os.version: '10.0', java.version: '21.0.5'
Driver info: org.openqa.selenium.chrome.ChromeDriver
Command: [bfb913d176ff7e16c234043da73beaa5, findElements {using=class name, value=card}]
Capabilities {acceptInsecureCerts: false, browserName: chrome, browserVersion: 130.0.6723.70, chrome: {chromedriverVersion: 130.0.6723.116 (6ac35f94ae3..., userDataDir: C:\Users\santh\AppData\Loca...}, fedcm:accounts: true, goog:chromeOptions: {debuggerAddress: localhost:53037}, networkConnectionEnabled: false, pageLoadStrategy: normal, platformName: windows, proxy: Proxy(), se:cdp: ws://localhost:53037/devtoo..., se:cdpVersion: 130.0.6723.70, setWindowRect: true, strictFileInteractability: false, timeouts: {implicit: 0, pageLoad: 300000, script: 30000}, unhandledPromptBehavior: dismiss and notify, webauthn:extension:credBlob: true, webauthn:extension:largeBlob: true, webauthn:extension:minPinLength: true, webauthn:extension:prf: true, webauthn:virtualAuthenticators: true}
Session ID: bfb913d176ff7e16c234043da73beaa5
	at org.openqa.selenium.devtools.Connection$Listener.lambda$onText$0(Connection.java:242)
	at java.base/java.util.concurrent.ThreadPoolExecutor.runWorker(ThreadPoolExecutor.java:1144)
	at java.base/java.util.concurrent.ThreadPoolExecutor$Worker.run(ThreadPoolExecutor.java:642)
	at java.base/java.lang.Thread.run(Thread.java:1583)
Caused by: org.openqa.selenium.NoSuchSessionException: invalid session id
Build info: version: '4.23.0', revision: '4df0a231af'
System info: os.name: 'Windows 11', os.arch: 'amd64', os.version: '10.0', java.version: '21.0.5'
Driver info: org.openqa.selenium.chrome.ChromeDriver
Command: [bfb913d176ff7e16c234043da73beaa5, findElements {using=class name, value=card}]
Capabilities {acceptInsecureCerts: false, browserName: chrome, browserVersion: 130.0.6723.70, chrome: {chromedriverVersion: 130.0.6723.116 (6ac35f94ae3..., userDataDir: C:\Users\santh\AppData\Loca...}, fedcm:accounts: true, goog:chromeOptions: {debuggerAddress: localhost:53037}, networkConnectionEnabled: false, pageLoadStrategy: normal, platformName: windows, proxy: Proxy(), se:cdp: ws://localhost:53037/devtoo..., se:cdpVersion: 130.0.6723.70, setWindowRect: true, strictFileInteractability: false, timeouts: {implicit: 0, pageLoad: 300000, script: 30000}, unhandledPromptBehavior: dismiss and notify, webauthn:extension:credBlob: true, webauthn:extension:largeBlob: true, webauthn:extension:minPinLength: true, webauthn:extension:prf: true, webauthn:virtualAuthenticators: true}
Session ID: bfb913d176ff7e16c234043da73beaa5
	at java.base/jdk.internal.reflect.DirectConstructorHandleAccessor.newInstance(DirectConstructorHandleAccessor.java:62)
	at java.base/java.lang.reflect.Constructor.newInstanceWithCaller(Constructor.java:502)
	at java.base/java.lang.reflect.Constructor.newInstance(Constructor.java:486)
	at org.openqa.selenium.remote.ErrorCodec.decode(ErrorCodec.java:167)
	at org.openqa.selenium.remote.codec.w3c.W3CHttpResponseCodec.decode(W3CHttpResponseCodec.java:138)
	at org.openqa.selenium.remote.codec.w3c.W3CHttpResponseCodec.decode(W3CHttpResponseCodec.java:50)
	at org.openqa.selenium.remote.HttpCommandExecutor.execute(HttpCommandExecutor.java:190)
	at org.openqa.selenium.remote.service.DriverCommandExecutor.invokeExecute(DriverCommandExecutor.java:216)
	at org.openqa.selenium.remote.service.DriverCommandExecutor.execute(DriverCommandExecutor.java:174)
	at org.openqa.selenium.remote.RemoteWebDriver.execute(RemoteWebDriver.java:527)
	at org.openqa.selenium.remote.ElementLocation$ElementFinder$2.findElements(ElementLocation.java:182)
	at org.openqa.selenium.remote.ElementLocation.findElements(ElementLocation.java:103)
	at org.openqa.selenium.remote.RemoteWebDriver.findElements(RemoteWebDriver.java:370)
	at org.openqa.selenium.remote.RemoteWebDriver.findElements(RemoteWebDriver.java:364)
	at org.openqa.selenium.support.pagefactory.DefaultElementLocator.findElements(DefaultElementLocator.java:83)
	at org.openqa.selenium.support.pagefactory.internal.LocatingElementListHandler.invoke(LocatingElementListHandler.java:36)
	at jdk.proxy2/jdk.proxy2.$Proxy27.stream(Unknown Source)
	at PageObjects.ProductsPage.getProductByName(ProductsPage.java:85)
	at StepDefinitions.UITest.ProductsPage.FunctionalityStepDefImpl.lambda$user_filters_using_categories$9(FunctionalityStepDefImpl.java:458)
	at org.openqa.selenium.devtools.DevTools.lambda$addListener$0(DevTools.java:104)
	at org.openqa.selenium.devtools.Connection.lambda$handle$5(Connection.java:348)
	at java.base/java.util.stream.ForEachOps$ForEachOp$OfRef.accept(ForEachOps.java:184)
	at java.base/java.util.stream.ReferencePipeline$2$1.accept(ReferencePipeline.java:179)
	at java.base/java.util.stream.ReferencePipeline$15$1.accept(ReferencePipeline.java:541)
	at java.base/java.util.HashMap$EntrySpliterator.forEachRemaining(HashMap.java:1858)
	at java.base/java.util.stream.AbstractPipeline.copyInto(AbstractPipeline.java:509)
	at java.base/java.util.stream.AbstractPipeline.wrapAndCopyInto(AbstractPipeline.java:499)
	at java.base/java.util.stream.ForEachOps$ForEachOp.evaluateSequential(ForEachOps.java:151)
	at java.base/java.util.stream.ForEachOps$ForEachOp$OfRef.evaluateSequential(ForEachOps.java:174)
	at java.base/java.util.stream.AbstractPipeline.evaluate(AbstractPipeline.java:234)
	at java.base/java.util.stream.ReferencePipeline.forEach(ReferencePipeline.java:596)
	at org.openqa.selenium.devtools.Connection.handle(Connection.java:311)
	at org.openqa.selenium.devtools.Connection$Listener.lambda$onText$0(Connection.java:239)
	... 3 more
Jan 02, 2025 12:56:27 PM org.openqa.selenium.devtools.CdpVersionFinder findNearestMatch
WARNING: Unable to find an exact match for CDP version 130, returning the closest version; found: 127; Please update to a Selenium version that supports CDP version 130
Jan 02, 2025 12:56:30 PM org.openqa.selenium.remote.http.WebSocket$Listener onError
WARNING: Connection reset
java.net.SocketException: Connection reset
	at java.base/sun.nio.ch.SocketChannelImpl.throwConnectionReset(SocketChannelImpl.java:401)
	at java.base/sun.nio.ch.SocketChannelImpl.read(SocketChannelImpl.java:434)
	at java.net.http/jdk.internal.net.http.SocketTube.readAvailable(SocketTube.java:1178)
	at java.net.http/jdk.internal.net.http.SocketTube$InternalReadPublisher$InternalReadSubscription.read(SocketTube.java:841)
	at java.net.http/jdk.internal.net.http.SocketTube$SocketFlowTask.run(SocketTube.java:181)
	at java.net.http/jdk.internal.net.http.common.SequentialScheduler$SchedulableTask.run(SequentialScheduler.java:207)
	at java.net.http/jdk.internal.net.http.common.SequentialScheduler.runOrSchedule(SequentialScheduler.java:280)
	at java.net.http/jdk.internal.net.http.common.SequentialScheduler.runOrSchedule(SequentialScheduler.java:233)
	at java.net.http/jdk.internal.net.http.SocketTube$InternalReadPublisher$InternalReadSubscription.signalReadable(SocketTube.java:782)
	at java.net.http/jdk.internal.net.http.SocketTube$InternalReadPublisher$ReadEvent.signalEvent(SocketTube.java:965)
	at java.net.http/jdk.internal.net.http.SocketTube$SocketFlowEvent.handle(SocketTube.java:253)
	at java.net.http/jdk.internal.net.http.HttpClientImpl$SelectorManager.handleEvent(HttpClientImpl.java:1469)
	at java.net.http/jdk.internal.net.http.HttpClientImpl$SelectorManager.lambda$run$3(HttpClientImpl.java:1414)
	at java.base/java.util.ArrayList.forEach(ArrayList.java:1596)
	at java.net.http/jdk.internal.net.http.HttpClientImpl$SelectorManager.run(HttpClientImpl.java:1414)

]]></system-err>
  </testcase>
  <testcase name="runScenario[&quot;User provides inalid email and invalid email error is displayed&quot;, &quot;Register page error handling&quot;](100)" classname="TestNGTestRunner" time="8.282">
    <system-err><![CDATA[Jan 02, 2025 12:56:34 PM org.openqa.selenium.devtools.CdpVersionFinder findNearestMatch
WARNING: Unable to find an exact match for CDP version 130, returning the closest version; found: 127; Please update to a Selenium version that supports CDP version 130
Jan 02, 2025 12:56:38 PM org.openqa.selenium.remote.http.WebSocket$Listener onError
WARNING: Connection reset
java.net.SocketException: Connection reset
	at java.base/sun.nio.ch.SocketChannelImpl.throwConnectionReset(SocketChannelImpl.java:401)
	at java.base/sun.nio.ch.SocketChannelImpl.read(SocketChannelImpl.java:434)
	at java.net.http/jdk.internal.net.http.SocketTube.readAvailable(SocketTube.java:1178)
	at java.net.http/jdk.internal.net.http.SocketTube$InternalReadPublisher$InternalReadSubscription.read(SocketTube.java:841)
	at java.net.http/jdk.internal.net.http.SocketTube$SocketFlowTask.run(SocketTube.java:181)
	at java.net.http/jdk.internal.net.http.common.SequentialScheduler$SchedulableTask.run(SequentialScheduler.java:207)
	at java.net.http/jdk.internal.net.http.common.SequentialScheduler.runOrSchedule(SequentialScheduler.java:280)
	at java.net.http/jdk.internal.net.http.common.SequentialScheduler.runOrSchedule(SequentialScheduler.java:233)
	at java.net.http/jdk.internal.net.http.SocketTube$InternalReadPublisher$InternalReadSubscription.signalReadable(SocketTube.java:782)
	at java.net.http/jdk.internal.net.http.SocketTube$InternalReadPublisher$ReadEvent.signalEvent(SocketTube.java:965)
	at java.net.http/jdk.internal.net.http.SocketTube$SocketFlowEvent.handle(SocketTube.java:253)
	at java.net.http/jdk.internal.net.http.HttpClientImpl$SelectorManager.handleEvent(HttpClientImpl.java:1469)
	at java.net.http/jdk.internal.net.http.HttpClientImpl$SelectorManager.lambda$run$3(HttpClientImpl.java:1414)
	at java.base/java.util.ArrayList.forEach(ArrayList.java:1596)
	at java.net.http/jdk.internal.net.http.HttpClientImpl$SelectorManager.run(HttpClientImpl.java:1414)

]]></system-err>
  </testcase>
  <testcase name="runScenario[&quot;User provides mismatch password and password mismatch error is displayed&quot;, &quot;Register page error handling&quot;](101)" classname="TestNGTestRunner" time="8.221">
    <system-err><![CDATA[Jan 02, 2025 12:56:42 PM org.openqa.selenium.devtools.CdpVersionFinder findNearestMatch
WARNING: Unable to find an exact match for CDP version 130, returning the closest version; found: 127; Please update to a Selenium version that supports CDP version 130
Jan 02, 2025 12:56:46 PM org.openqa.selenium.remote.http.WebSocket$Listener onError
WARNING: Connection reset
java.net.SocketException: Connection reset
	at java.base/sun.nio.ch.SocketChannelImpl.throwConnectionReset(SocketChannelImpl.java:401)
	at java.base/sun.nio.ch.SocketChannelImpl.read(SocketChannelImpl.java:434)
	at java.net.http/jdk.internal.net.http.SocketTube.readAvailable(SocketTube.java:1178)
	at java.net.http/jdk.internal.net.http.SocketTube$InternalReadPublisher$InternalReadSubscription.read(SocketTube.java:841)
	at java.net.http/jdk.internal.net.http.SocketTube$SocketFlowTask.run(SocketTube.java:181)
	at java.net.http/jdk.internal.net.http.common.SequentialScheduler$SchedulableTask.run(SequentialScheduler.java:207)
	at java.net.http/jdk.internal.net.http.common.SequentialScheduler.runOrSchedule(SequentialScheduler.java:280)
	at java.net.http/jdk.internal.net.http.common.SequentialScheduler.runOrSchedule(SequentialScheduler.java:233)
	at java.net.http/jdk.internal.net.http.SocketTube$InternalReadPublisher$InternalReadSubscription.signalReadable(SocketTube.java:782)
	at java.net.http/jdk.internal.net.http.SocketTube$InternalReadPublisher$ReadEvent.signalEvent(SocketTube.java:965)
	at java.net.http/jdk.internal.net.http.SocketTube$SocketFlowEvent.handle(SocketTube.java:253)
	at java.net.http/jdk.internal.net.http.HttpClientImpl$SelectorManager.handleEvent(HttpClientImpl.java:1469)
	at java.net.http/jdk.internal.net.http.HttpClientImpl$SelectorManager.lambda$run$3(HttpClientImpl.java:1414)
	at java.base/java.util.ArrayList.forEach(ArrayList.java:1596)
	at java.net.http/jdk.internal.net.http.HttpClientImpl$SelectorManager.run(HttpClientImpl.java:1414)

]]></system-err>
  </testcase>
  <testcase name="runScenario[&quot;User provides mobile number with chars and mobile error is displayed&quot;, &quot;Register page error handling&quot;](102)" classname="TestNGTestRunner" time="8.312">
    <system-err><![CDATA[Jan 02, 2025 12:56:50 PM org.openqa.selenium.devtools.CdpVersionFinder findNearestMatch
WARNING: Unable to find an exact match for CDP version 130, returning the closest version; found: 127; Please update to a Selenium version that supports CDP version 130
Jan 02, 2025 12:56:55 PM org.openqa.selenium.remote.http.WebSocket$Listener onError
WARNING: Connection reset
java.net.SocketException: Connection reset
	at java.base/sun.nio.ch.SocketChannelImpl.throwConnectionReset(SocketChannelImpl.java:401)
	at java.base/sun.nio.ch.SocketChannelImpl.read(SocketChannelImpl.java:434)
	at java.net.http/jdk.internal.net.http.SocketTube.readAvailable(SocketTube.java:1178)
	at java.net.http/jdk.internal.net.http.SocketTube$InternalReadPublisher$InternalReadSubscription.read(SocketTube.java:841)
	at java.net.http/jdk.internal.net.http.SocketTube$SocketFlowTask.run(SocketTube.java:181)
	at java.net.http/jdk.internal.net.http.common.SequentialScheduler$SchedulableTask.run(SequentialScheduler.java:207)
	at java.net.http/jdk.internal.net.http.common.SequentialScheduler.runOrSchedule(SequentialScheduler.java:280)
	at java.net.http/jdk.internal.net.http.common.SequentialScheduler.runOrSchedule(SequentialScheduler.java:233)
	at java.net.http/jdk.internal.net.http.SocketTube$InternalReadPublisher$InternalReadSubscription.signalReadable(SocketTube.java:782)
	at java.net.http/jdk.internal.net.http.SocketTube$InternalReadPublisher$ReadEvent.signalEvent(SocketTube.java:965)
	at java.net.http/jdk.internal.net.http.SocketTube$SocketFlowEvent.handle(SocketTube.java:253)
	at java.net.http/jdk.internal.net.http.HttpClientImpl$SelectorManager.handleEvent(HttpClientImpl.java:1469)
	at java.net.http/jdk.internal.net.http.HttpClientImpl$SelectorManager.lambda$run$3(HttpClientImpl.java:1414)
	at java.base/java.util.ArrayList.forEach(ArrayList.java:1596)
	at java.net.http/jdk.internal.net.http.HttpClientImpl$SelectorManager.run(HttpClientImpl.java:1414)

]]></system-err>
  </testcase>
  <testcase name="runScenario[&quot;User provides mobile number with less than 10 digits and mobile error is displayed&quot;, &quot;Register page error handling&quot;](103)" classname="TestNGTestRunner" time="7.91">
    <system-err><![CDATA[Jan 02, 2025 12:56:58 PM org.openqa.selenium.devtools.CdpVersionFinder findNearestMatch
WARNING: Unable to find an exact match for CDP version 130, returning the closest version; found: 127; Please update to a Selenium version that supports CDP version 130
Jan 02, 2025 12:57:02 PM org.openqa.selenium.remote.http.WebSocket$Listener onError
WARNING: Connection reset
java.net.SocketException: Connection reset
	at java.base/sun.nio.ch.SocketChannelImpl.throwConnectionReset(SocketChannelImpl.java:401)
	at java.base/sun.nio.ch.SocketChannelImpl.read(SocketChannelImpl.java:434)
	at java.net.http/jdk.internal.net.http.SocketTube.readAvailable(SocketTube.java:1178)
	at java.net.http/jdk.internal.net.http.SocketTube$InternalReadPublisher$InternalReadSubscription.read(SocketTube.java:841)
	at java.net.http/jdk.internal.net.http.SocketTube$SocketFlowTask.run(SocketTube.java:181)
	at java.net.http/jdk.internal.net.http.common.SequentialScheduler$SchedulableTask.run(SequentialScheduler.java:207)
	at java.net.http/jdk.internal.net.http.common.SequentialScheduler.runOrSchedule(SequentialScheduler.java:280)
	at java.net.http/jdk.internal.net.http.common.SequentialScheduler.runOrSchedule(SequentialScheduler.java:233)
	at java.net.http/jdk.internal.net.http.SocketTube$InternalReadPublisher$InternalReadSubscription.signalReadable(SocketTube.java:782)
	at java.net.http/jdk.internal.net.http.SocketTube$InternalReadPublisher$ReadEvent.signalEvent(SocketTube.java:965)
	at java.net.http/jdk.internal.net.http.SocketTube$SocketFlowEvent.handle(SocketTube.java:253)
	at java.net.http/jdk.internal.net.http.HttpClientImpl$SelectorManager.handleEvent(HttpClientImpl.java:1469)
	at java.net.http/jdk.internal.net.http.HttpClientImpl$SelectorManager.lambda$run$3(HttpClientImpl.java:1414)
	at java.base/java.util.ArrayList.forEach(ArrayList.java:1596)
	at java.net.http/jdk.internal.net.http.HttpClientImpl$SelectorManager.run(HttpClientImpl.java:1414)

]]></system-err>
  </testcase>
  <testcase name="runScenario[&quot;User provides registered email and registerd user is displayed&quot;, &quot;Register page error handling&quot;](104)" classname="TestNGTestRunner" time="7.882">
    <system-err><![CDATA[Jan 02, 2025 12:57:06 PM org.openqa.selenium.devtools.CdpVersionFinder findNearestMatch
WARNING: Unable to find an exact match for CDP version 130, returning the closest version; found: 127; Please update to a Selenium version that supports CDP version 130
Jan 02, 2025 12:57:10 PM org.openqa.selenium.devtools.Connection$Listener lambda$onText$0
WARNING: Unable to process: {"method":"Network.responseReceived","params":{"requestId":"26456.21","loaderId":"1CF4D5F4FD51BE54ACC0D92C7B933DA3","timestamp":2167.792714,"type":"Other","response":{"url":"https://rahulshettyacademy.com/api/ecom/auth/register","status":400,"statusText":"Bad Request","headers":{"ETag":"W/\"36-P1IkbAVinPZnsnsl+gSlDYl9r30\"","Expect-CT":"max-age=0","X-Permitted-Cross-Domain-Policies":"none","X-Content-Type-Options":"nosniff","Date":"Thu, 02 Jan 2025 07:27:13 GMT","Content-Type":"application/json; charset=utf-8","Vary":"Accept-Encoding","X-Frame-Options":"SAMEORIGIN","Strict-Transport-Security":"max-age=15552000; includeSubDomains","Content-Security-Policy":"default-src 'self';base-uri 'self';block-all-mixed-content;font-src 'self' https: data:;frame-ancestors 'self';img-src 'self' data:;object-src 'none';script-src 'self';script-src-attr 'none';style-src 'self' https: 'unsafe-inline';upgrade-insecure-requests","X-DNS-Prefetch-Control":"off","Connection":"close","Referrer-Policy":"no-referrer","X-Download-Options":"noopen","Access-Control-Allow-Origin":"*","Content-Length":"54","X-XSS-Protection":"0","Server":"Apache/2.4.52 (Ubuntu)"},"mimeType":"application/json","charset":"utf-8","connectionReused":true,"connectionId":102,"remoteIPAddress":"13.201.9.53","remotePort":443,"fromDiskCache":false,"fromServiceWorker":false,"fromPrefetchCache":false,"encodedDataLength":860,"timing":{"requestTime":2167.755202,"proxyStart":-1,"proxyEnd":-1,"dnsStart":-1,"dnsEnd":-1,"connectStart":-1,"connectEnd":-1,"sslStart":-1,"sslEnd":-1,"workerStart":-1,"workerReady":-1,"workerFetchStart":-1,"workerRespondWithSettled":-1,"sendStart":0.895,"sendEnd":1.117,"pushStart":0,"pushEnd":0,"receiveHeadersStart":36.264,"receiveHeadersEnd":36.324},"responseTime":1.735802830714501e+12,"protocol":"http/1.1","alternateProtocolUsage":"unspecifiedReason","securityState":"secure","securityDetails":{"protocol":"TLS 1.3","keyExchange":"","keyExchangeGroup":"X25519","cipher":"AES_128_GCM","certificateId":0,"subjectName":"rahulshettyacademy.com","sanList":["rahulshettyacademy.com"],"issuer":"E6","validFrom":1731833819,"validTo":1739609818,"signedCertificateTimestampList":[{"status":"Verified","origin":"Embedded in certificate","logDescription":"Google 'Xenon2025h1' log","logId":"CF1156EED52E7CAFF3875BD9692E9BE91A71674AB017ECAC01D25B77CECC3B08","timestamp":1731837329589,"hashAlgorithm":"SHA-256","signatureAlgorithm":"ECDSA","signatureData":"3045022049CA90B2CB95C3A4AECDECF04FECA784EE3C38F667E4444EC363E3896496E161022100A382A6A79A23DB380C6BAE53F0317A7817F487C963769692F01598128068DB66"},{"status":"Verified","origin":"Embedded in certificate","logDescription":"DigiCert Nessie2025 Log","logId":"E6D2316340778CC1104106D771B9CEC1D240F6968486FBBA87321DFD1E378E50","timestamp":1731837329733,"hashAlgorithm":"SHA-256","signatureAlgorithm":"ECDSA","signatureData":"30450220157FD090AF13CC9D704CDB761C669D3050A465792F7063143A29419C5455EE34022100B52F2E04241FBDC492EED0F11D8D4C2FCCA313C5DD1D6CFBD8BE909857B03816"}],"certificateTransparencyCompliance":"unknown","serverSignatureAlgorithm":1027,"encryptedClientHello":false}},"hasExtraInfo":true,"frameId":"64D0AF3B1EC40298FD00C990AA9EE9DA"},"sessionId":"C2504FA60425F16EBA2D146CBDB46036"}
org.openqa.selenium.devtools.DevToolsException: {"id":502,"error":{"code":-32000,"message":"No resource with given identifier found"},"sessionId":"C2504FA60425F16EBA2D146CBDB46036"}
Build info: version: '4.23.0', revision: '4df0a231af'
System info: os.name: 'Windows 11', os.arch: 'amd64', os.version: '10.0', java.version: '21.0.5'
Driver info: driver.version: unknown
	at org.openqa.selenium.devtools.Connection.sendAndWait(Connection.java:195)
	at org.openqa.selenium.devtools.DevTools.send(DevTools.java:90)
	at StepDefinitions.UITest.RegisterPage.ErrorHandlingStepDefImpl.lambda$user_exist_error_message_is_displayed$1(ErrorHandlingStepDefImpl.java:115)
	at org.openqa.selenium.devtools.DevTools.lambda$addListener$0(DevTools.java:104)
	at org.openqa.selenium.devtools.Connection.lambda$handle$5(Connection.java:348)
	at java.base/java.util.stream.ForEachOps$ForEachOp$OfRef.accept(ForEachOps.java:184)
	at java.base/java.util.stream.ReferencePipeline$2$1.accept(ReferencePipeline.java:179)
	at java.base/java.util.stream.ReferencePipeline$15$1.accept(ReferencePipeline.java:541)
	at java.base/java.util.HashMap$EntrySpliterator.forEachRemaining(HashMap.java:1858)
	at java.base/java.util.stream.AbstractPipeline.copyInto(AbstractPipeline.java:509)
	at java.base/java.util.stream.AbstractPipeline.wrapAndCopyInto(AbstractPipeline.java:499)
	at java.base/java.util.stream.ForEachOps$ForEachOp.evaluateSequential(ForEachOps.java:151)
	at java.base/java.util.stream.ForEachOps$ForEachOp$OfRef.evaluateSequential(ForEachOps.java:174)
	at java.base/java.util.stream.AbstractPipeline.evaluate(AbstractPipeline.java:234)
	at java.base/java.util.stream.ReferencePipeline.forEach(ReferencePipeline.java:596)
	at org.openqa.selenium.devtools.Connection.handle(Connection.java:311)
	at org.openqa.selenium.devtools.Connection$Listener.lambda$onText$0(Connection.java:239)
	at java.base/java.util.concurrent.ThreadPoolExecutor.runWorker(ThreadPoolExecutor.java:1144)
	at java.base/java.util.concurrent.ThreadPoolExecutor$Worker.run(ThreadPoolExecutor.java:642)
	at java.base/java.lang.Thread.run(Thread.java:1583)
Caused by: org.openqa.selenium.WebDriverException: {"id":502,"error":{"code":-32000,"message":"No resource with given identifier found"},"sessionId":"C2504FA60425F16EBA2D146CBDB46036"}
Build info: version: '4.23.0', revision: '4df0a231af'
System info: os.name: 'Windows 11', os.arch: 'amd64', os.version: '10.0', java.version: '21.0.5'
Driver info: driver.version: unknown
	at org.openqa.selenium.devtools.Connection.handle(Connection.java:275)
	... 4 more

Exception in thread "CDP Connection" org.openqa.selenium.devtools.DevToolsException: {"id":502,"error":{"code":-32000,"message":"No resource with given identifier found"},"sessionId":"C2504FA60425F16EBA2D146CBDB46036"}
Build info: version: '4.23.0', revision: '4df0a231af'
System info: os.name: 'Windows 11', os.arch: 'amd64', os.version: '10.0', java.version: '21.0.5'
Driver info: driver.version: unknown
	at org.openqa.selenium.devtools.Connection$Listener.lambda$onText$0(Connection.java:242)
	at java.base/java.util.concurrent.ThreadPoolExecutor.runWorker(ThreadPoolExecutor.java:1144)
	at java.base/java.util.concurrent.ThreadPoolExecutor$Worker.run(ThreadPoolExecutor.java:642)
	at java.base/java.lang.Thread.run(Thread.java:1583)
Caused by: org.openqa.selenium.devtools.DevToolsException: {"id":502,"error":{"code":-32000,"message":"No resource with given identifier found"},"sessionId":"C2504FA60425F16EBA2D146CBDB46036"}
Build info: version: '4.23.0', revision: '4df0a231af'
System info: os.name: 'Windows 11', os.arch: 'amd64', os.version: '10.0', java.version: '21.0.5'
Driver info: driver.version: unknown
	at org.openqa.selenium.devtools.Connection.sendAndWait(Connection.java:195)
	at org.openqa.selenium.devtools.DevTools.send(DevTools.java:90)
	at StepDefinitions.UITest.RegisterPage.ErrorHandlingStepDefImpl.lambda$user_exist_error_message_is_displayed$1(ErrorHandlingStepDefImpl.java:115)
	at org.openqa.selenium.devtools.DevTools.lambda$addListener$0(DevTools.java:104)
	at org.openqa.selenium.devtools.Connection.lambda$handle$5(Connection.java:348)
	at java.base/java.util.stream.ForEachOps$ForEachOp$OfRef.accept(ForEachOps.java:184)
	at java.base/java.util.stream.ReferencePipeline$2$1.accept(ReferencePipeline.java:179)
	at java.base/java.util.stream.ReferencePipeline$15$1.accept(ReferencePipeline.java:541)
	at java.base/java.util.HashMap$EntrySpliterator.forEachRemaining(HashMap.java:1858)
	at java.base/java.util.stream.AbstractPipeline.copyInto(AbstractPipeline.java:509)
	at java.base/java.util.stream.AbstractPipeline.wrapAndCopyInto(AbstractPipeline.java:499)
	at java.base/java.util.stream.ForEachOps$ForEachOp.evaluateSequential(ForEachOps.java:151)
	at java.base/java.util.stream.ForEachOps$ForEachOp$OfRef.evaluateSequential(ForEachOps.java:174)
	at java.base/java.util.stream.AbstractPipeline.evaluate(AbstractPipeline.java:234)
	at java.base/java.util.stream.ReferencePipeline.forEach(ReferencePipeline.java:596)
	at org.openqa.selenium.devtools.Connection.handle(Connection.java:311)
	at org.openqa.selenium.devtools.Connection$Listener.lambda$onText$0(Connection.java:239)
	... 3 more
Caused by: org.openqa.selenium.WebDriverException: {"id":502,"error":{"code":-32000,"message":"No resource with given identifier found"},"sessionId":"C2504FA60425F16EBA2D146CBDB46036"}
Build info: version: '4.23.0', revision: '4df0a231af'
System info: os.name: 'Windows 11', os.arch: 'amd64', os.version: '10.0', java.version: '21.0.5'
Driver info: driver.version: unknown
	at org.openqa.selenium.devtools.Connection.handle(Connection.java:275)
	... 4 more
Jan 02, 2025 12:57:10 PM org.openqa.selenium.devtools.Connection$Listener lambda$onText$0
WARNING: Unable to process: {"method":"Network.responseReceived","params":{"requestId":"26456.21","loaderId":"1CF4D5F4FD51BE54ACC0D92C7B933DA3","timestamp":2167.792666,"type":"XHR","response":{"url":"https://rahulshettyacademy.com/api/ecom/auth/register","status":400,"statusText":"Bad Request","headers":{"ETag":"W/\"36-P1IkbAVinPZnsnsl+gSlDYl9r30\"","Expect-CT":"max-age=0","X-Permitted-Cross-Domain-Policies":"none","X-Content-Type-Options":"nosniff","Date":"Thu, 02 Jan 2025 07:27:13 GMT","Content-Type":"application/json; charset=utf-8","Vary":"Accept-Encoding","X-Frame-Options":"SAMEORIGIN","Strict-Transport-Security":"max-age=15552000; includeSubDomains","Content-Security-Policy":"default-src 'self';base-uri 'self';block-all-mixed-content;font-src 'self' https: data:;frame-ancestors 'self';img-src 'self' data:;object-src 'none';script-src 'self';script-src-attr 'none';style-src 'self' https: 'unsafe-inline';upgrade-insecure-requests","X-DNS-Prefetch-Control":"off","Connection":"close","Referrer-Policy":"no-referrer","X-Download-Options":"noopen","Access-Control-Allow-Origin":"*","Content-Length":"54","X-XSS-Protection":"0","Server":"Apache/2.4.52 (Ubuntu)"},"mimeType":"application/json","charset":"utf-8","connectionReused":true,"connectionId":102,"remoteIPAddress":"13.201.9.53","remotePort":443,"fromDiskCache":false,"fromServiceWorker":false,"fromPrefetchCache":false,"encodedDataLength":860,"timing":{"requestTime":2167.755202,"proxyStart":-1,"proxyEnd":-1,"dnsStart":-1,"dnsEnd":-1,"connectStart":-1,"connectEnd":-1,"sslStart":-1,"sslEnd":-1,"workerStart":-1,"workerReady":-1,"workerFetchStart":-1,"workerRespondWithSettled":-1,"sendStart":0.895,"sendEnd":1.117,"pushStart":0,"pushEnd":0,"receiveHeadersStart":36.264,"receiveHeadersEnd":36.324},"responseTime":1.735802830714501e+12,"protocol":"http/1.1","alternateProtocolUsage":"unspecifiedReason","securityState":"secure","securityDetails":{"protocol":"TLS 1.3","keyExchange":"","keyExchangeGroup":"X25519","cipher":"AES_128_GCM","certificateId":0,"subjectName":"rahulshettyacademy.com","sanList":["rahulshettyacademy.com"],"issuer":"E6","validFrom":1731833819,"validTo":1739609818,"signedCertificateTimestampList":[{"status":"Verified","origin":"Embedded in certificate","logDescription":"Google 'Xenon2025h1' log","logId":"CF1156EED52E7CAFF3875BD9692E9BE91A71674AB017ECAC01D25B77CECC3B08","timestamp":1731837329589,"hashAlgorithm":"SHA-256","signatureAlgorithm":"ECDSA","signatureData":"3045022049CA90B2CB95C3A4AECDECF04FECA784EE3C38F667E4444EC363E3896496E161022100A382A6A79A23DB380C6BAE53F0317A7817F487C963769692F01598128068DB66"},{"status":"Verified","origin":"Embedded in certificate","logDescription":"DigiCert Nessie2025 Log","logId":"E6D2316340778CC1104106D771B9CEC1D240F6968486FBBA87321DFD1E378E50","timestamp":1731837329733,"hashAlgorithm":"SHA-256","signatureAlgorithm":"ECDSA","signatureData":"30450220157FD090AF13CC9D704CDB761C669D3050A465792F7063143A29419C5455EE34022100B52F2E04241FBDC492EED0F11D8D4C2FCCA313C5DD1D6CFBD8BE909857B03816"}],"certificateTransparencyCompliance":"unknown","serverSignatureAlgorithm":1027,"encryptedClientHello":false}},"hasExtraInfo":true,"frameId":"64D0AF3B1EC40298FD00C990AA9EE9DA"},"sessionId":"5B36E2722E6C12FF33223C99B665A6E8"}
org.openqa.selenium.devtools.DevToolsException: {"id":501,"error":{"code":-32000,"message":"No resource with given identifier found"},"sessionId":"C2504FA60425F16EBA2D146CBDB46036"}
Build info: version: '4.23.0', revision: '4df0a231af'
System info: os.name: 'Windows 11', os.arch: 'amd64', os.version: '10.0', java.version: '21.0.5'
Driver info: driver.version: unknown
	at org.openqa.selenium.devtools.Connection.sendAndWait(Connection.java:195)
	at org.openqa.selenium.devtools.DevTools.send(DevTools.java:90)
	at StepDefinitions.UITest.RegisterPage.ErrorHandlingStepDefImpl.lambda$user_exist_error_message_is_displayed$1(ErrorHandlingStepDefImpl.java:115)
	at org.openqa.selenium.devtools.DevTools.lambda$addListener$0(DevTools.java:104)
	at org.openqa.selenium.devtools.Connection.lambda$handle$5(Connection.java:348)
	at java.base/java.util.stream.ForEachOps$ForEachOp$OfRef.accept(ForEachOps.java:184)
	at java.base/java.util.stream.ReferencePipeline$2$1.accept(ReferencePipeline.java:179)
	at java.base/java.util.stream.ReferencePipeline$15$1.accept(ReferencePipeline.java:541)
	at java.base/java.util.HashMap$EntrySpliterator.forEachRemaining(HashMap.java:1858)
	at java.base/java.util.stream.AbstractPipeline.copyInto(AbstractPipeline.java:509)
	at java.base/java.util.stream.AbstractPipeline.wrapAndCopyInto(AbstractPipeline.java:499)
	at java.base/java.util.stream.ForEachOps$ForEachOp.evaluateSequential(ForEachOps.java:151)
	at java.base/java.util.stream.ForEachOps$ForEachOp$OfRef.evaluateSequential(ForEachOps.java:174)
	at java.base/java.util.stream.AbstractPipeline.evaluate(AbstractPipeline.java:234)
	at java.base/java.util.stream.ReferencePipeline.forEach(ReferencePipeline.java:596)
	at org.openqa.selenium.devtools.Connection.handle(Connection.java:311)
	at org.openqa.selenium.devtools.Connection$Listener.lambda$onText$0(Connection.java:239)
	at java.base/java.util.concurrent.ThreadPoolExecutor.runWorker(ThreadPoolExecutor.java:1144)
	at java.base/java.util.concurrent.ThreadPoolExecutor$Worker.run(ThreadPoolExecutor.java:642)
	at java.base/java.lang.Thread.run(Thread.java:1583)
Caused by: org.openqa.selenium.WebDriverException: {"id":501,"error":{"code":-32000,"message":"No resource with given identifier found"},"sessionId":"C2504FA60425F16EBA2D146CBDB46036"}
Build info: version: '4.23.0', revision: '4df0a231af'
System info: os.name: 'Windows 11', os.arch: 'amd64', os.version: '10.0', java.version: '21.0.5'
Driver info: driver.version: unknown
	at org.openqa.selenium.devtools.Connection.handle(Connection.java:275)
	... 4 more

Exception in thread "CDP Connection" org.openqa.selenium.devtools.DevToolsException: {"id":501,"error":{"code":-32000,"message":"No resource with given identifier found"},"sessionId":"C2504FA60425F16EBA2D146CBDB46036"}
Build info: version: '4.23.0', revision: '4df0a231af'
System info: os.name: 'Windows 11', os.arch: 'amd64', os.version: '10.0', java.version: '21.0.5'
Driver info: driver.version: unknown
	at org.openqa.selenium.devtools.Connection$Listener.lambda$onText$0(Connection.java:242)
	at java.base/java.util.concurrent.ThreadPoolExecutor.runWorker(ThreadPoolExecutor.java:1144)
	at java.base/java.util.concurrent.ThreadPoolExecutor$Worker.run(ThreadPoolExecutor.java:642)
	at java.base/java.lang.Thread.run(Thread.java:1583)
Caused by: org.openqa.selenium.devtools.DevToolsException: {"id":501,"error":{"code":-32000,"message":"No resource with given identifier found"},"sessionId":"C2504FA60425F16EBA2D146CBDB46036"}
Build info: version: '4.23.0', revision: '4df0a231af'
System info: os.name: 'Windows 11', os.arch: 'amd64', os.version: '10.0', java.version: '21.0.5'
Driver info: driver.version: unknown
	at org.openqa.selenium.devtools.Connection.sendAndWait(Connection.java:195)
	at org.openqa.selenium.devtools.DevTools.send(DevTools.java:90)
	at StepDefinitions.UITest.RegisterPage.ErrorHandlingStepDefImpl.lambda$user_exist_error_message_is_displayed$1(ErrorHandlingStepDefImpl.java:115)
	at org.openqa.selenium.devtools.DevTools.lambda$addListener$0(DevTools.java:104)
	at org.openqa.selenium.devtools.Connection.lambda$handle$5(Connection.java:348)
	at java.base/java.util.stream.ForEachOps$ForEachOp$OfRef.accept(ForEachOps.java:184)
	at java.base/java.util.stream.ReferencePipeline$2$1.accept(ReferencePipeline.java:179)
	at java.base/java.util.stream.ReferencePipeline$15$1.accept(ReferencePipeline.java:541)
	at java.base/java.util.HashMap$EntrySpliterator.forEachRemaining(HashMap.java:1858)
	at java.base/java.util.stream.AbstractPipeline.copyInto(AbstractPipeline.java:509)
	at java.base/java.util.stream.AbstractPipeline.wrapAndCopyInto(AbstractPipeline.java:499)
	at java.base/java.util.stream.ForEachOps$ForEachOp.evaluateSequential(ForEachOps.java:151)
	at java.base/java.util.stream.ForEachOps$ForEachOp$OfRef.evaluateSequential(ForEachOps.java:174)
	at java.base/java.util.stream.AbstractPipeline.evaluate(AbstractPipeline.java:234)
	at java.base/java.util.stream.ReferencePipeline.forEach(ReferencePipeline.java:596)
	at org.openqa.selenium.devtools.Connection.handle(Connection.java:311)
	at org.openqa.selenium.devtools.Connection$Listener.lambda$onText$0(Connection.java:239)
	... 3 more
Caused by: org.openqa.selenium.WebDriverException: {"id":501,"error":{"code":-32000,"message":"No resource with given identifier found"},"sessionId":"C2504FA60425F16EBA2D146CBDB46036"}
Build info: version: '4.23.0', revision: '4df0a231af'
System info: os.name: 'Windows 11', os.arch: 'amd64', os.version: '10.0', java.version: '21.0.5'
Driver info: driver.version: unknown
	at org.openqa.selenium.devtools.Connection.handle(Connection.java:275)
	... 4 more
Jan 02, 2025 12:57:10 PM org.openqa.selenium.remote.http.WebSocket$Listener onError
WARNING: Connection reset
java.net.SocketException: Connection reset
	at java.base/sun.nio.ch.SocketChannelImpl.throwConnectionReset(SocketChannelImpl.java:401)
	at java.base/sun.nio.ch.SocketChannelImpl.read(SocketChannelImpl.java:434)
	at java.net.http/jdk.internal.net.http.SocketTube.readAvailable(SocketTube.java:1178)
	at java.net.http/jdk.internal.net.http.SocketTube$InternalReadPublisher$InternalReadSubscription.read(SocketTube.java:841)
	at java.net.http/jdk.internal.net.http.SocketTube$SocketFlowTask.run(SocketTube.java:181)
	at java.net.http/jdk.internal.net.http.common.SequentialScheduler$SchedulableTask.run(SequentialScheduler.java:207)
	at java.net.http/jdk.internal.net.http.common.SequentialScheduler.runOrSchedule(SequentialScheduler.java:280)
	at java.net.http/jdk.internal.net.http.common.SequentialScheduler.runOrSchedule(SequentialScheduler.java:233)
	at java.net.http/jdk.internal.net.http.SocketTube$InternalReadPublisher$InternalReadSubscription.signalReadable(SocketTube.java:782)
	at java.net.http/jdk.internal.net.http.SocketTube$InternalReadPublisher$ReadEvent.signalEvent(SocketTube.java:965)
	at java.net.http/jdk.internal.net.http.SocketTube$SocketFlowEvent.handle(SocketTube.java:253)
	at java.net.http/jdk.internal.net.http.HttpClientImpl$SelectorManager.handleEvent(HttpClientImpl.java:1469)
	at java.net.http/jdk.internal.net.http.HttpClientImpl$SelectorManager.lambda$run$3(HttpClientImpl.java:1414)
	at java.base/java.util.ArrayList.forEach(ArrayList.java:1596)
	at java.net.http/jdk.internal.net.http.HttpClientImpl$SelectorManager.run(HttpClientImpl.java:1414)

]]></system-err>
  </testcase>
  <testcase name="runScenario[&quot;User provides password length less than 8 and passowrd error is displayed&quot;, &quot;Register page error handling&quot;](105)" classname="TestNGTestRunner" time="7.88">
    <system-err><![CDATA[Jan 02, 2025 12:57:14 PM org.openqa.selenium.devtools.CdpVersionFinder findNearestMatch
WARNING: Unable to find an exact match for CDP version 130, returning the closest version; found: 127; Please update to a Selenium version that supports CDP version 130
Jan 02, 2025 12:57:18 PM org.openqa.selenium.devtools.Connection$Listener lambda$onText$0
WARNING: Unable to process: {"method":"Network.responseReceived","params":{"requestId":"31028.21","loaderId":"582879BC4A6CF856D491FBC640ED2A14","timestamp":2175.69648,"type":"Other","response":{"url":"https://rahulshettyacademy.com/api/ecom/auth/register","status":422,"statusText":"Unprocessable Entity","headers":{"ETag":"W/\"5a-mSZORuFKHjKkqEMdomcB1IpMT0w\"","Expect-CT":"max-age=0","X-Permitted-Cross-Domain-Policies":"none","X-Content-Type-Options":"nosniff","Keep-Alive":"timeout=5, max=95","Date":"Thu, 02 Jan 2025 07:27:21 GMT","Content-Type":"application/json; charset=utf-8","Vary":"Accept-Encoding","X-Frame-Options":"SAMEORIGIN","Strict-Transport-Security":"max-age=15552000; includeSubDomains","Content-Security-Policy":"default-src 'self';base-uri 'self';block-all-mixed-content;font-src 'self' https: data:;frame-ancestors 'self';img-src 'self' data:;object-src 'none';script-src 'self';script-src-attr 'none';style-src 'self' https: 'unsafe-inline';upgrade-insecure-requests","X-DNS-Prefetch-Control":"off","Connection":"Keep-Alive","Referrer-Policy":"no-referrer","X-Download-Options":"noopen","Access-Control-Allow-Origin":"*","Content-Length":"90","X-XSS-Protection":"0","Server":"Apache/2.4.52 (Ubuntu)"},"mimeType":"application/json","charset":"utf-8","connectionReused":true,"connectionId":106,"remoteIPAddress":"13.201.9.53","remotePort":443,"fromDiskCache":false,"fromServiceWorker":false,"fromPrefetchCache":false,"encodedDataLength":905,"timing":{"requestTime":2175.661351,"proxyStart":-1,"proxyEnd":-1,"dnsStart":-1,"dnsEnd":-1,"connectStart":-1,"connectEnd":-1,"sslStart":-1,"sslEnd":-1,"workerStart":-1,"workerReady":-1,"workerFetchStart":-1,"workerRespondWithSettled":-1,"sendStart":0.981,"sendEnd":1.279,"pushStart":0,"pushEnd":0,"receiveHeadersStart":31.715,"receiveHeadersEnd":31.89},"responseTime":1.735802838615812e+12,"protocol":"http/1.1","alternateProtocolUsage":"unspecifiedReason","securityState":"secure","securityDetails":{"protocol":"TLS 1.3","keyExchange":"","keyExchangeGroup":"X25519","cipher":"AES_128_GCM","certificateId":0,"subjectName":"rahulshettyacademy.com","sanList":["rahulshettyacademy.com"],"issuer":"E6","validFrom":1731833819,"validTo":1739609818,"signedCertificateTimestampList":[{"status":"Verified","origin":"Embedded in certificate","logDescription":"Google 'Xenon2025h1' log","logId":"CF1156EED52E7CAFF3875BD9692E9BE91A71674AB017ECAC01D25B77CECC3B08","timestamp":1731837329589,"hashAlgorithm":"SHA-256","signatureAlgorithm":"ECDSA","signatureData":"3045022049CA90B2CB95C3A4AECDECF04FECA784EE3C38F667E4444EC363E3896496E161022100A382A6A79A23DB380C6BAE53F0317A7817F487C963769692F01598128068DB66"},{"status":"Verified","origin":"Embedded in certificate","logDescription":"DigiCert Nessie2025 Log","logId":"E6D2316340778CC1104106D771B9CEC1D240F6968486FBBA87321DFD1E378E50","timestamp":1731837329733,"hashAlgorithm":"SHA-256","signatureAlgorithm":"ECDSA","signatureData":"30450220157FD090AF13CC9D704CDB761C669D3050A465792F7063143A29419C5455EE34022100B52F2E04241FBDC492EED0F11D8D4C2FCCA313C5DD1D6CFBD8BE909857B03816"}],"certificateTransparencyCompliance":"unknown","serverSignatureAlgorithm":1027,"encryptedClientHello":false}},"hasExtraInfo":true,"frameId":"0390E05834EC7F30ABBA812E97492E00"},"sessionId":"C5A9113DC1505F2DCE5DD2CE11D08678"}
org.openqa.selenium.devtools.DevToolsException: {"id":517,"error":{"code":-32000,"message":"No resource with given identifier found"},"sessionId":"C5A9113DC1505F2DCE5DD2CE11D08678"}
Build info: version: '4.23.0', revision: '4df0a231af'
System info: os.name: 'Windows 11', os.arch: 'amd64', os.version: '10.0', java.version: '21.0.5'
Driver info: driver.version: unknown
	at org.openqa.selenium.devtools.Connection.sendAndWait(Connection.java:195)
	at org.openqa.selenium.devtools.DevTools.send(DevTools.java:90)
	at StepDefinitions.UITest.RegisterPage.ErrorHandlingStepDefImpl.lambda$password_length_error_message_is_displayed$2(ErrorHandlingStepDefImpl.java:133)
	at org.openqa.selenium.devtools.DevTools.lambda$addListener$0(DevTools.java:104)
	at org.openqa.selenium.devtools.Connection.lambda$handle$5(Connection.java:348)
	at java.base/java.util.stream.ForEachOps$ForEachOp$OfRef.accept(ForEachOps.java:184)
	at java.base/java.util.stream.ReferencePipeline$2$1.accept(ReferencePipeline.java:179)
	at java.base/java.util.stream.ReferencePipeline$15$1.accept(ReferencePipeline.java:541)
	at java.base/java.util.HashMap$EntrySpliterator.forEachRemaining(HashMap.java:1858)
	at java.base/java.util.stream.AbstractPipeline.copyInto(AbstractPipeline.java:509)
	at java.base/java.util.stream.AbstractPipeline.wrapAndCopyInto(AbstractPipeline.java:499)
	at java.base/java.util.stream.ForEachOps$ForEachOp.evaluateSequential(ForEachOps.java:151)
	at java.base/java.util.stream.ForEachOps$ForEachOp$OfRef.evaluateSequential(ForEachOps.java:174)
	at java.base/java.util.stream.AbstractPipeline.evaluate(AbstractPipeline.java:234)
	at java.base/java.util.stream.ReferencePipeline.forEach(ReferencePipeline.java:596)
	at org.openqa.selenium.devtools.Connection.handle(Connection.java:311)
	at org.openqa.selenium.devtools.Connection$Listener.lambda$onText$0(Connection.java:239)
	at java.base/java.util.concurrent.ThreadPoolExecutor.runWorker(ThreadPoolExecutor.java:1144)
	at java.base/java.util.concurrent.ThreadPoolExecutor$Worker.run(ThreadPoolExecutor.java:642)
	at java.base/java.lang.Thread.run(Thread.java:1583)
Caused by: org.openqa.selenium.WebDriverException: {"id":517,"error":{"code":-32000,"message":"No resource with given identifier found"},"sessionId":"C5A9113DC1505F2DCE5DD2CE11D08678"}
Build info: version: '4.23.0', revision: '4df0a231af'
System info: os.name: 'Windows 11', os.arch: 'amd64', os.version: '10.0', java.version: '21.0.5'
Driver info: driver.version: unknown
	at org.openqa.selenium.devtools.Connection.handle(Connection.java:275)
	... 4 more

Exception in thread "CDP Connection" org.openqa.selenium.devtools.DevToolsException: {"id":517,"error":{"code":-32000,"message":"No resource with given identifier found"},"sessionId":"C5A9113DC1505F2DCE5DD2CE11D08678"}
Build info: version: '4.23.0', revision: '4df0a231af'
System info: os.name: 'Windows 11', os.arch: 'amd64', os.version: '10.0', java.version: '21.0.5'
Driver info: driver.version: unknown
	at org.openqa.selenium.devtools.Connection$Listener.lambda$onText$0(Connection.java:242)
	at java.base/java.util.concurrent.ThreadPoolExecutor.runWorker(ThreadPoolExecutor.java:1144)
	at java.base/java.util.concurrent.ThreadPoolExecutor$Worker.run(ThreadPoolExecutor.java:642)
	at java.base/java.lang.Thread.run(Thread.java:1583)
Caused by: org.openqa.selenium.devtools.DevToolsException: {"id":517,"error":{"code":-32000,"message":"No resource with given identifier found"},"sessionId":"C5A9113DC1505F2DCE5DD2CE11D08678"}
Build info: version: '4.23.0', revision: '4df0a231af'
System info: os.name: 'Windows 11', os.arch: 'amd64', os.version: '10.0', java.version: '21.0.5'
Driver info: driver.version: unknown
	at org.openqa.selenium.devtools.Connection.sendAndWait(Connection.java:195)
	at org.openqa.selenium.devtools.DevTools.send(DevTools.java:90)
	at StepDefinitions.UITest.RegisterPage.ErrorHandlingStepDefImpl.lambda$password_length_error_message_is_displayed$2(ErrorHandlingStepDefImpl.java:133)
	at org.openqa.selenium.devtools.DevTools.lambda$addListener$0(DevTools.java:104)
	at org.openqa.selenium.devtools.Connection.lambda$handle$5(Connection.java:348)
	at java.base/java.util.stream.ForEachOps$ForEachOp$OfRef.accept(ForEachOps.java:184)
	at java.base/java.util.stream.ReferencePipeline$2$1.accept(ReferencePipeline.java:179)
	at java.base/java.util.stream.ReferencePipeline$15$1.accept(ReferencePipeline.java:541)
	at java.base/java.util.HashMap$EntrySpliterator.forEachRemaining(HashMap.java:1858)
	at java.base/java.util.stream.AbstractPipeline.copyInto(AbstractPipeline.java:509)
	at java.base/java.util.stream.AbstractPipeline.wrapAndCopyInto(AbstractPipeline.java:499)
	at java.base/java.util.stream.ForEachOps$ForEachOp.evaluateSequential(ForEachOps.java:151)
	at java.base/java.util.stream.ForEachOps$ForEachOp$OfRef.evaluateSequential(ForEachOps.java:174)
	at java.base/java.util.stream.AbstractPipeline.evaluate(AbstractPipeline.java:234)
	at java.base/java.util.stream.ReferencePipeline.forEach(ReferencePipeline.java:596)
	at org.openqa.selenium.devtools.Connection.handle(Connection.java:311)
	at org.openqa.selenium.devtools.Connection$Listener.lambda$onText$0(Connection.java:239)
	... 3 more
Caused by: org.openqa.selenium.WebDriverException: {"id":517,"error":{"code":-32000,"message":"No resource with given identifier found"},"sessionId":"C5A9113DC1505F2DCE5DD2CE11D08678"}
Build info: version: '4.23.0', revision: '4df0a231af'
System info: os.name: 'Windows 11', os.arch: 'amd64', os.version: '10.0', java.version: '21.0.5'
Driver info: driver.version: unknown
	at org.openqa.selenium.devtools.Connection.handle(Connection.java:275)
	... 4 more
Jan 02, 2025 12:57:18 PM org.openqa.selenium.devtools.Connection$Listener lambda$onText$0
WARNING: Unable to process: {"method":"Network.responseReceived","params":{"requestId":"31028.21","loaderId":"582879BC4A6CF856D491FBC640ED2A14","timestamp":2175.696354,"type":"XHR","response":{"url":"https://rahulshettyacademy.com/api/ecom/auth/register","status":422,"statusText":"Unprocessable Entity","headers":{"ETag":"W/\"5a-mSZORuFKHjKkqEMdomcB1IpMT0w\"","Expect-CT":"max-age=0","X-Permitted-Cross-Domain-Policies":"none","X-Content-Type-Options":"nosniff","Keep-Alive":"timeout=5, max=95","Date":"Thu, 02 Jan 2025 07:27:21 GMT","Content-Type":"application/json; charset=utf-8","Vary":"Accept-Encoding","X-Frame-Options":"SAMEORIGIN","Strict-Transport-Security":"max-age=15552000; includeSubDomains","Content-Security-Policy":"default-src 'self';base-uri 'self';block-all-mixed-content;font-src 'self' https: data:;frame-ancestors 'self';img-src 'self' data:;object-src 'none';script-src 'self';script-src-attr 'none';style-src 'self' https: 'unsafe-inline';upgrade-insecure-requests","X-DNS-Prefetch-Control":"off","Connection":"Keep-Alive","Referrer-Policy":"no-referrer","X-Download-Options":"noopen","Access-Control-Allow-Origin":"*","Content-Length":"90","X-XSS-Protection":"0","Server":"Apache/2.4.52 (Ubuntu)"},"mimeType":"application/json","charset":"utf-8","connectionReused":true,"connectionId":106,"remoteIPAddress":"13.201.9.53","remotePort":443,"fromDiskCache":false,"fromServiceWorker":false,"fromPrefetchCache":false,"encodedDataLength":905,"timing":{"requestTime":2175.661351,"proxyStart":-1,"proxyEnd":-1,"dnsStart":-1,"dnsEnd":-1,"connectStart":-1,"connectEnd":-1,"sslStart":-1,"sslEnd":-1,"workerStart":-1,"workerReady":-1,"workerFetchStart":-1,"workerRespondWithSettled":-1,"sendStart":0.981,"sendEnd":1.279,"pushStart":0,"pushEnd":0,"receiveHeadersStart":31.715,"receiveHeadersEnd":31.89},"responseTime":1.735802838615812e+12,"protocol":"http/1.1","alternateProtocolUsage":"unspecifiedReason","securityState":"secure","securityDetails":{"protocol":"TLS 1.3","keyExchange":"","keyExchangeGroup":"X25519","cipher":"AES_128_GCM","certificateId":0,"subjectName":"rahulshettyacademy.com","sanList":["rahulshettyacademy.com"],"issuer":"E6","validFrom":1731833819,"validTo":1739609818,"signedCertificateTimestampList":[{"status":"Verified","origin":"Embedded in certificate","logDescription":"Google 'Xenon2025h1' log","logId":"CF1156EED52E7CAFF3875BD9692E9BE91A71674AB017ECAC01D25B77CECC3B08","timestamp":1731837329589,"hashAlgorithm":"SHA-256","signatureAlgorithm":"ECDSA","signatureData":"3045022049CA90B2CB95C3A4AECDECF04FECA784EE3C38F667E4444EC363E3896496E161022100A382A6A79A23DB380C6BAE53F0317A7817F487C963769692F01598128068DB66"},{"status":"Verified","origin":"Embedded in certificate","logDescription":"DigiCert Nessie2025 Log","logId":"E6D2316340778CC1104106D771B9CEC1D240F6968486FBBA87321DFD1E378E50","timestamp":1731837329733,"hashAlgorithm":"SHA-256","signatureAlgorithm":"ECDSA","signatureData":"30450220157FD090AF13CC9D704CDB761C669D3050A465792F7063143A29419C5455EE34022100B52F2E04241FBDC492EED0F11D8D4C2FCCA313C5DD1D6CFBD8BE909857B03816"}],"certificateTransparencyCompliance":"unknown","serverSignatureAlgorithm":1027,"encryptedClientHello":false}},"hasExtraInfo":true,"frameId":"0390E05834EC7F30ABBA812E97492E00"},"sessionId":"BF700D24A0090E736EDA2919CFE1614C"}
org.openqa.selenium.devtools.DevToolsException: {"id":518,"error":{"code":-32000,"message":"No resource with given identifier found"},"sessionId":"C5A9113DC1505F2DCE5DD2CE11D08678"}
Build info: version: '4.23.0', revision: '4df0a231af'
System info: os.name: 'Windows 11', os.arch: 'amd64', os.version: '10.0', java.version: '21.0.5'
Driver info: driver.version: unknown
	at org.openqa.selenium.devtools.Connection.sendAndWait(Connection.java:195)
	at org.openqa.selenium.devtools.DevTools.send(DevTools.java:90)
	at StepDefinitions.UITest.RegisterPage.ErrorHandlingStepDefImpl.lambda$password_length_error_message_is_displayed$2(ErrorHandlingStepDefImpl.java:133)
	at org.openqa.selenium.devtools.DevTools.lambda$addListener$0(DevTools.java:104)
	at org.openqa.selenium.devtools.Connection.lambda$handle$5(Connection.java:348)
	at java.base/java.util.stream.ForEachOps$ForEachOp$OfRef.accept(ForEachOps.java:184)
	at java.base/java.util.stream.ReferencePipeline$2$1.accept(ReferencePipeline.java:179)
	at java.base/java.util.stream.ReferencePipeline$15$1.accept(ReferencePipeline.java:541)
	at java.base/java.util.HashMap$EntrySpliterator.forEachRemaining(HashMap.java:1858)
	at java.base/java.util.stream.AbstractPipeline.copyInto(AbstractPipeline.java:509)
	at java.base/java.util.stream.AbstractPipeline.wrapAndCopyInto(AbstractPipeline.java:499)
	at java.base/java.util.stream.ForEachOps$ForEachOp.evaluateSequential(ForEachOps.java:151)
	at java.base/java.util.stream.ForEachOps$ForEachOp$OfRef.evaluateSequential(ForEachOps.java:174)
	at java.base/java.util.stream.AbstractPipeline.evaluate(AbstractPipeline.java:234)
	at java.base/java.util.stream.ReferencePipeline.forEach(ReferencePipeline.java:596)
	at org.openqa.selenium.devtools.Connection.handle(Connection.java:311)
	at org.openqa.selenium.devtools.Connection$Listener.lambda$onText$0(Connection.java:239)
	at java.base/java.util.concurrent.ThreadPoolExecutor.runWorker(ThreadPoolExecutor.java:1144)
	at java.base/java.util.concurrent.ThreadPoolExecutor$Worker.run(ThreadPoolExecutor.java:642)
	at java.base/java.lang.Thread.run(Thread.java:1583)
Caused by: org.openqa.selenium.WebDriverException: {"id":518,"error":{"code":-32000,"message":"No resource with given identifier found"},"sessionId":"C5A9113DC1505F2DCE5DD2CE11D08678"}
Build info: version: '4.23.0', revision: '4df0a231af'
System info: os.name: 'Windows 11', os.arch: 'amd64', os.version: '10.0', java.version: '21.0.5'
Driver info: driver.version: unknown
	at org.openqa.selenium.devtools.Connection.handle(Connection.java:275)
	... 4 more

Exception in thread "CDP Connection" org.openqa.selenium.devtools.DevToolsException: {"id":518,"error":{"code":-32000,"message":"No resource with given identifier found"},"sessionId":"C5A9113DC1505F2DCE5DD2CE11D08678"}
Build info: version: '4.23.0', revision: '4df0a231af'
System info: os.name: 'Windows 11', os.arch: 'amd64', os.version: '10.0', java.version: '21.0.5'
Driver info: driver.version: unknown
	at org.openqa.selenium.devtools.Connection$Listener.lambda$onText$0(Connection.java:242)
	at java.base/java.util.concurrent.ThreadPoolExecutor.runWorker(ThreadPoolExecutor.java:1144)
	at java.base/java.util.concurrent.ThreadPoolExecutor$Worker.run(ThreadPoolExecutor.java:642)
	at java.base/java.lang.Thread.run(Thread.java:1583)
Caused by: org.openqa.selenium.devtools.DevToolsException: {"id":518,"error":{"code":-32000,"message":"No resource with given identifier found"},"sessionId":"C5A9113DC1505F2DCE5DD2CE11D08678"}
Build info: version: '4.23.0', revision: '4df0a231af'
System info: os.name: 'Windows 11', os.arch: 'amd64', os.version: '10.0', java.version: '21.0.5'
Driver info: driver.version: unknown
	at org.openqa.selenium.devtools.Connection.sendAndWait(Connection.java:195)
	at org.openqa.selenium.devtools.DevTools.send(DevTools.java:90)
	at StepDefinitions.UITest.RegisterPage.ErrorHandlingStepDefImpl.lambda$password_length_error_message_is_displayed$2(ErrorHandlingStepDefImpl.java:133)
	at org.openqa.selenium.devtools.DevTools.lambda$addListener$0(DevTools.java:104)
	at org.openqa.selenium.devtools.Connection.lambda$handle$5(Connection.java:348)
	at java.base/java.util.stream.ForEachOps$ForEachOp$OfRef.accept(ForEachOps.java:184)
	at java.base/java.util.stream.ReferencePipeline$2$1.accept(ReferencePipeline.java:179)
	at java.base/java.util.stream.ReferencePipeline$15$1.accept(ReferencePipeline.java:541)
	at java.base/java.util.HashMap$EntrySpliterator.forEachRemaining(HashMap.java:1858)
	at java.base/java.util.stream.AbstractPipeline.copyInto(AbstractPipeline.java:509)
	at java.base/java.util.stream.AbstractPipeline.wrapAndCopyInto(AbstractPipeline.java:499)
	at java.base/java.util.stream.ForEachOps$ForEachOp.evaluateSequential(ForEachOps.java:151)
	at java.base/java.util.stream.ForEachOps$ForEachOp$OfRef.evaluateSequential(ForEachOps.java:174)
	at java.base/java.util.stream.AbstractPipeline.evaluate(AbstractPipeline.java:234)
	at java.base/java.util.stream.ReferencePipeline.forEach(ReferencePipeline.java:596)
	at org.openqa.selenium.devtools.Connection.handle(Connection.java:311)
	at org.openqa.selenium.devtools.Connection$Listener.lambda$onText$0(Connection.java:239)
	... 3 more
Caused by: org.openqa.selenium.WebDriverException: {"id":518,"error":{"code":-32000,"message":"No resource with given identifier found"},"sessionId":"C5A9113DC1505F2DCE5DD2CE11D08678"}
Build info: version: '4.23.0', revision: '4df0a231af'
System info: os.name: 'Windows 11', os.arch: 'amd64', os.version: '10.0', java.version: '21.0.5'
Driver info: driver.version: unknown
	at org.openqa.selenium.devtools.Connection.handle(Connection.java:275)
	... 4 more
Jan 02, 2025 12:57:18 PM org.openqa.selenium.remote.http.WebSocket$Listener onError
WARNING: Connection reset
java.net.SocketException: Connection reset
	at java.base/sun.nio.ch.SocketChannelImpl.throwConnectionReset(SocketChannelImpl.java:401)
	at java.base/sun.nio.ch.SocketChannelImpl.read(SocketChannelImpl.java:434)
	at java.net.http/jdk.internal.net.http.SocketTube.readAvailable(SocketTube.java:1178)
	at java.net.http/jdk.internal.net.http.SocketTube$InternalReadPublisher$InternalReadSubscription.read(SocketTube.java:841)
	at java.net.http/jdk.internal.net.http.SocketTube$SocketFlowTask.run(SocketTube.java:181)
	at java.net.http/jdk.internal.net.http.common.SequentialScheduler$SchedulableTask.run(SequentialScheduler.java:207)
	at java.net.http/jdk.internal.net.http.common.SequentialScheduler.runOrSchedule(SequentialScheduler.java:280)
	at java.net.http/jdk.internal.net.http.common.SequentialScheduler.runOrSchedule(SequentialScheduler.java:233)
	at java.net.http/jdk.internal.net.http.SocketTube$InternalReadPublisher$InternalReadSubscription.signalReadable(SocketTube.java:782)
	at java.net.http/jdk.internal.net.http.SocketTube$InternalReadPublisher$ReadEvent.signalEvent(SocketTube.java:965)
	at java.net.http/jdk.internal.net.http.SocketTube$SocketFlowEvent.handle(SocketTube.java:253)
	at java.net.http/jdk.internal.net.http.HttpClientImpl$SelectorManager.handleEvent(HttpClientImpl.java:1469)
	at java.net.http/jdk.internal.net.http.HttpClientImpl$SelectorManager.lambda$run$3(HttpClientImpl.java:1414)
	at java.base/java.util.ArrayList.forEach(ArrayList.java:1596)
	at java.net.http/jdk.internal.net.http.HttpClientImpl$SelectorManager.run(HttpClientImpl.java:1414)

]]></system-err>
  </testcase>
  <testcase name="runScenario[&quot;User provides password length less than 8 and passowrd error is displayed&quot;, &quot;Register page error handling&quot;](106)" classname="TestNGTestRunner" time="9.187">
    <system-err><![CDATA[Jan 02, 2025 12:57:23 PM org.openqa.selenium.devtools.CdpVersionFinder findNearestMatch
WARNING: Unable to find an exact match for CDP version 130, returning the closest version; found: 127; Please update to a Selenium version that supports CDP version 130
Jan 02, 2025 12:57:27 PM org.openqa.selenium.remote.http.WebSocket$Listener onError
WARNING: Connection reset
java.net.SocketException: Connection reset
	at java.base/sun.nio.ch.SocketChannelImpl.throwConnectionReset(SocketChannelImpl.java:401)
	at java.base/sun.nio.ch.SocketChannelImpl.read(SocketChannelImpl.java:434)
	at java.net.http/jdk.internal.net.http.SocketTube.readAvailable(SocketTube.java:1178)
	at java.net.http/jdk.internal.net.http.SocketTube$InternalReadPublisher$InternalReadSubscription.read(SocketTube.java:841)
	at java.net.http/jdk.internal.net.http.SocketTube$SocketFlowTask.run(SocketTube.java:181)
	at java.net.http/jdk.internal.net.http.common.SequentialScheduler$SchedulableTask.run(SequentialScheduler.java:207)
	at java.net.http/jdk.internal.net.http.common.SequentialScheduler.runOrSchedule(SequentialScheduler.java:280)
	at java.net.http/jdk.internal.net.http.common.SequentialScheduler.runOrSchedule(SequentialScheduler.java:233)
	at java.net.http/jdk.internal.net.http.SocketTube$InternalReadPublisher$InternalReadSubscription.signalReadable(SocketTube.java:782)
	at java.net.http/jdk.internal.net.http.SocketTube$InternalReadPublisher$ReadEvent.signalEvent(SocketTube.java:965)
	at java.net.http/jdk.internal.net.http.SocketTube$SocketFlowEvent.handle(SocketTube.java:253)
	at java.net.http/jdk.internal.net.http.HttpClientImpl$SelectorManager.handleEvent(HttpClientImpl.java:1469)
	at java.net.http/jdk.internal.net.http.HttpClientImpl$SelectorManager.lambda$run$3(HttpClientImpl.java:1414)
	at java.base/java.util.ArrayList.forEach(ArrayList.java:1596)
	at java.net.http/jdk.internal.net.http.HttpClientImpl$SelectorManager.run(HttpClientImpl.java:1414)

]]></system-err>
  </testcase>
  <testcase name="runScenario[&quot;User provides correct details and api is failed and error is displayed&quot;, &quot;Register page error handling&quot;](107)" classname="TestNGTestRunner" time="9.162">
    <system-out><![CDATA[dd
]]></system-out>
    <system-err><![CDATA[Jan 02, 2025 12:57:32 PM org.openqa.selenium.devtools.CdpVersionFinder findNearestMatch
WARNING: Unable to find an exact match for CDP version 130, returning the closest version; found: 127; Please update to a Selenium version that supports CDP version 130
Jan 02, 2025 12:57:37 PM org.openqa.selenium.remote.http.WebSocket$Listener onError
WARNING: Connection reset
java.net.SocketException: Connection reset
	at java.base/sun.nio.ch.SocketChannelImpl.throwConnectionReset(SocketChannelImpl.java:401)
	at java.base/sun.nio.ch.SocketChannelImpl.read(SocketChannelImpl.java:434)
	at java.net.http/jdk.internal.net.http.SocketTube.readAvailable(SocketTube.java:1178)
	at java.net.http/jdk.internal.net.http.SocketTube$InternalReadPublisher$InternalReadSubscription.read(SocketTube.java:841)
	at java.net.http/jdk.internal.net.http.SocketTube$SocketFlowTask.run(SocketTube.java:181)
	at java.net.http/jdk.internal.net.http.common.SequentialScheduler$SchedulableTask.run(SequentialScheduler.java:207)
	at java.net.http/jdk.internal.net.http.common.SequentialScheduler.runOrSchedule(SequentialScheduler.java:280)
	at java.net.http/jdk.internal.net.http.common.SequentialScheduler.runOrSchedule(SequentialScheduler.java:233)
	at java.net.http/jdk.internal.net.http.SocketTube$InternalReadPublisher$InternalReadSubscription.signalReadable(SocketTube.java:782)
	at java.net.http/jdk.internal.net.http.SocketTube$InternalReadPublisher$ReadEvent.signalEvent(SocketTube.java:965)
	at java.net.http/jdk.internal.net.http.SocketTube$SocketFlowEvent.handle(SocketTube.java:253)
	at java.net.http/jdk.internal.net.http.HttpClientImpl$SelectorManager.handleEvent(HttpClientImpl.java:1469)
	at java.net.http/jdk.internal.net.http.HttpClientImpl$SelectorManager.lambda$run$3(HttpClientImpl.java:1414)
	at java.base/java.util.ArrayList.forEach(ArrayList.java:1596)
	at java.net.http/jdk.internal.net.http.HttpClientImpl$SelectorManager.run(HttpClientImpl.java:1414)

]]></system-err>
  </testcase>
  <testcase name="runScenario[&quot;User provides registered email and registerd user is displayed&quot;, &quot;Register page error handling&quot;](108)" classname="TestNGTestRunner" time="9.957">
    <system-out><![CDATA[interception-job-1.0
{"firstName":"santhosh","lastName":"sai","userEmail":"santhoshsai4517@gmail.com","userRole":"customer","occupation":"Student","gender":"Male","userMobile":"1234567890","userPassword":"151Fa04124@4517","confirmPassword":"151Fa04124@4517","required":true}
]]></system-out>
    <system-err><![CDATA[Jan 02, 2025 12:57:41 PM org.openqa.selenium.devtools.CdpVersionFinder findNearestMatch
WARNING: Unable to find an exact match for CDP version 130, returning the closest version; found: 127; Please update to a Selenium version that supports CDP version 130
Jan 02, 2025 12:57:47 PM org.openqa.selenium.devtools.Connection$Listener lambda$onText$0
WARNING: Unable to process: {"method":"Fetch.requestPaused","params":{"requestId":"interception-job-1.0","request":{"url":"https://rahulshettyacademy.com/api/ecom/auth/register","method":"POST","headers":{"Accept":"application/json, text/plain, */*","Content-Type":"application/json","Origin":"https://rahulshettyacademy.com","Referer":"https://rahulshettyacademy.com/client/auth/register","User-Agent":"Mozilla/5.0 (Windows NT 10.0; Win64; x64) AppleWebKit/537.36 (KHTML, like Gecko) HeadlessChrome/130.0.0.0 Safari/537.36","sec-ch-ua":"\"Chromium\";v=\"130\", \"Google Chrome\";v=\"130\", \"Not?A_Brand\";v=\"99\"","sec-ch-ua-mobile":"?0","sec-ch-ua-platform":"\"Windows\""},"postData":"{\"firstName\":\"santhosh\",\"lastName\":\"sai\",\"userEmail\":\"santhoshcergsai4517@gmail.com\",\"userRole\":\"customer\",\"occupation\":\"Student\",\"gender\":\"Male\",\"userMobile\":\"1234567890\",\"userPassword\":\"151Fa04124@4517\",\"confirmPassword\":\"151Fa04124@4517\",\"required\":true}","hasPostData":true,"postDataEntries":[{"bytes":"eyJmaXJzdE5hbWUiOiJzYW50aG9zaCIsImxhc3ROYW1lIjoic2FpIiwidXNlckVtYWlsIjoic2FudGhvc2hjZXJnc2FpNDUxN0BnbWFpbC5jb20iLCJ1c2VyUm9sZSI6ImN1c3RvbWVyIiwib2NjdXBhdGlvbiI6IlN0dWRlbnQiLCJnZW5kZXIiOiJNYWxlIiwidXNlck1vYmlsZSI6IjEyMzQ1Njc4OTAiLCJ1c2VyUGFzc3dvcmQiOiIxNTFGYTA0MTI0QDQ1MTciLCJjb25maXJtUGFzc3dvcmQiOiIxNTFGYTA0MTI0QDQ1MTciLCJyZXF1aXJlZCI6dHJ1ZX0="}],"initialPriority":"High","referrerPolicy":"strict-origin-when-cross-origin"},"frameId":"1122EB38158DC01C6F799CDA95C30E01","resourceType":"XHR"},"sessionId":"5D9F4CB974D914881995C7E50A37C4B0"}
org.openqa.selenium.devtools.DevToolsException: {"id":550,"error":{"code":-32602,"message":"Invalid parameters","data":"Failed to deserialize params.postData - BINDINGS: invalid base64 string at position 48"},"sessionId":"5D9F4CB974D914881995C7E50A37C4B0"}
Build info: version: '4.23.0', revision: '4df0a231af'
System info: os.name: 'Windows 11', os.arch: 'amd64', os.version: '10.0', java.version: '21.0.5'
Driver info: driver.version: unknown
	at org.openqa.selenium.devtools.Connection.sendAndWait(Connection.java:195)
	at org.openqa.selenium.devtools.DevTools.send(DevTools.java:90)
	at StepDefinitions.UITest.RegisterPage.ErrorHandlingStepDefImpl.lambda$API_is_intercepted_and_payload_is_modified_and_correct_details_and_error_occurs$4(ErrorHandlingStepDefImpl.java:180)
	at org.openqa.selenium.devtools.DevTools.lambda$addListener$0(DevTools.java:104)
	at org.openqa.selenium.devtools.Connection.lambda$handle$5(Connection.java:348)
	at java.base/java.util.stream.ForEachOps$ForEachOp$OfRef.accept(ForEachOps.java:184)
	at java.base/java.util.stream.ReferencePipeline$2$1.accept(ReferencePipeline.java:179)
	at java.base/java.util.stream.ReferencePipeline$15$1.accept(ReferencePipeline.java:541)
	at java.base/java.util.HashMap$EntrySpliterator.forEachRemaining(HashMap.java:1858)
	at java.base/java.util.stream.AbstractPipeline.copyInto(AbstractPipeline.java:509)
	at java.base/java.util.stream.AbstractPipeline.wrapAndCopyInto(AbstractPipeline.java:499)
	at java.base/java.util.stream.ForEachOps$ForEachOp.evaluateSequential(ForEachOps.java:151)
	at java.base/java.util.stream.ForEachOps$ForEachOp$OfRef.evaluateSequential(ForEachOps.java:174)
	at java.base/java.util.stream.AbstractPipeline.evaluate(AbstractPipeline.java:234)
	at java.base/java.util.stream.ReferencePipeline.forEach(ReferencePipeline.java:596)
	at org.openqa.selenium.devtools.Connection.handle(Connection.java:311)
	at org.openqa.selenium.devtools.Connection$Listener.lambda$onText$0(Connection.java:239)
	at java.base/java.util.concurrent.ThreadPoolExecutor.runWorker(ThreadPoolExecutor.java:1144)
	at java.base/java.util.concurrent.ThreadPoolExecutor$Worker.run(ThreadPoolExecutor.java:642)
	at java.base/java.lang.Thread.run(Thread.java:1583)
Caused by: org.openqa.selenium.WebDriverException: {"id":550,"error":{"code":-32602,"message":"Invalid parameters","data":"Failed to deserialize params.postData - BINDINGS: invalid base64 string at position 48"},"sessionId":"5D9F4CB974D914881995C7E50A37C4B0"}
Build info: version: '4.23.0', revision: '4df0a231af'
System info: os.name: 'Windows 11', os.arch: 'amd64', os.version: '10.0', java.version: '21.0.5'
Driver info: driver.version: unknown
	at org.openqa.selenium.devtools.Connection.handle(Connection.java:275)
	... 4 more

Exception in thread "CDP Connection" org.openqa.selenium.devtools.DevToolsException: {"id":550,"error":{"code":-32602,"message":"Invalid parameters","data":"Failed to deserialize params.postData - BINDINGS: invalid base64 string at position 48"},"sessionId":"5D9F4CB974D914881995C7E50A37C4B0"}
Build info: version: '4.23.0', revision: '4df0a231af'
System info: os.name: 'Windows 11', os.arch: 'amd64', os.version: '10.0', java.version: '21.0.5'
Driver info: driver.version: unknown
	at org.openqa.selenium.devtools.Connection$Listener.lambda$onText$0(Connection.java:242)
	at java.base/java.util.concurrent.ThreadPoolExecutor.runWorker(ThreadPoolExecutor.java:1144)
	at java.base/java.util.concurrent.ThreadPoolExecutor$Worker.run(ThreadPoolExecutor.java:642)
	at java.base/java.lang.Thread.run(Thread.java:1583)
Caused by: org.openqa.selenium.devtools.DevToolsException: {"id":550,"error":{"code":-32602,"message":"Invalid parameters","data":"Failed to deserialize params.postData - BINDINGS: invalid base64 string at position 48"},"sessionId":"5D9F4CB974D914881995C7E50A37C4B0"}
Build info: version: '4.23.0', revision: '4df0a231af'
System info: os.name: 'Windows 11', os.arch: 'amd64', os.version: '10.0', java.version: '21.0.5'
Driver info: driver.version: unknown
	at org.openqa.selenium.devtools.Connection.sendAndWait(Connection.java:195)
	at org.openqa.selenium.devtools.DevTools.send(DevTools.java:90)
	at StepDefinitions.UITest.RegisterPage.ErrorHandlingStepDefImpl.lambda$API_is_intercepted_and_payload_is_modified_and_correct_details_and_error_occurs$4(ErrorHandlingStepDefImpl.java:180)
	at org.openqa.selenium.devtools.DevTools.lambda$addListener$0(DevTools.java:104)
	at org.openqa.selenium.devtools.Connection.lambda$handle$5(Connection.java:348)
	at java.base/java.util.stream.ForEachOps$ForEachOp$OfRef.accept(ForEachOps.java:184)
	at java.base/java.util.stream.ReferencePipeline$2$1.accept(ReferencePipeline.java:179)
	at java.base/java.util.stream.ReferencePipeline$15$1.accept(ReferencePipeline.java:541)
	at java.base/java.util.HashMap$EntrySpliterator.forEachRemaining(HashMap.java:1858)
	at java.base/java.util.stream.AbstractPipeline.copyInto(AbstractPipeline.java:509)
	at java.base/java.util.stream.AbstractPipeline.wrapAndCopyInto(AbstractPipeline.java:499)
	at java.base/java.util.stream.ForEachOps$ForEachOp.evaluateSequential(ForEachOps.java:151)
	at java.base/java.util.stream.ForEachOps$ForEachOp$OfRef.evaluateSequential(ForEachOps.java:174)
	at java.base/java.util.stream.AbstractPipeline.evaluate(AbstractPipeline.java:234)
	at java.base/java.util.stream.ReferencePipeline.forEach(ReferencePipeline.java:596)
	at org.openqa.selenium.devtools.Connection.handle(Connection.java:311)
	at org.openqa.selenium.devtools.Connection$Listener.lambda$onText$0(Connection.java:239)
	... 3 more
Caused by: org.openqa.selenium.WebDriverException: {"id":550,"error":{"code":-32602,"message":"Invalid parameters","data":"Failed to deserialize params.postData - BINDINGS: invalid base64 string at position 48"},"sessionId":"5D9F4CB974D914881995C7E50A37C4B0"}
Build info: version: '4.23.0', revision: '4df0a231af'
System info: os.name: 'Windows 11', os.arch: 'amd64', os.version: '10.0', java.version: '21.0.5'
Driver info: driver.version: unknown
	at org.openqa.selenium.devtools.Connection.handle(Connection.java:275)
	... 4 more
Jan 02, 2025 12:57:47 PM org.openqa.selenium.remote.http.WebSocket$Listener onError
WARNING: Connection reset
java.net.SocketException: Connection reset
	at java.base/sun.nio.ch.SocketChannelImpl.throwConnectionReset(SocketChannelImpl.java:401)
	at java.base/sun.nio.ch.SocketChannelImpl.read(SocketChannelImpl.java:434)
	at java.net.http/jdk.internal.net.http.SocketTube.readAvailable(SocketTube.java:1178)
	at java.net.http/jdk.internal.net.http.SocketTube$InternalReadPublisher$InternalReadSubscription.read(SocketTube.java:841)
	at java.net.http/jdk.internal.net.http.SocketTube$SocketFlowTask.run(SocketTube.java:181)
	at java.net.http/jdk.internal.net.http.common.SequentialScheduler$SchedulableTask.run(SequentialScheduler.java:207)
	at java.net.http/jdk.internal.net.http.common.SequentialScheduler.runOrSchedule(SequentialScheduler.java:280)
	at java.net.http/jdk.internal.net.http.common.SequentialScheduler.runOrSchedule(SequentialScheduler.java:233)
	at java.net.http/jdk.internal.net.http.SocketTube$InternalReadPublisher$InternalReadSubscription.signalReadable(SocketTube.java:782)
	at java.net.http/jdk.internal.net.http.SocketTube$InternalReadPublisher$ReadEvent.signalEvent(SocketTube.java:965)
	at java.net.http/jdk.internal.net.http.SocketTube$SocketFlowEvent.handle(SocketTube.java:253)
	at java.net.http/jdk.internal.net.http.HttpClientImpl$SelectorManager.handleEvent(HttpClientImpl.java:1469)
	at java.net.http/jdk.internal.net.http.HttpClientImpl$SelectorManager.lambda$run$3(HttpClientImpl.java:1414)
	at java.base/java.util.ArrayList.forEach(ArrayList.java:1596)
	at java.net.http/jdk.internal.net.http.HttpClientImpl$SelectorManager.run(HttpClientImpl.java:1414)

]]></system-err>
  </testcase>
  <testcase name="runScenario[&quot;User clicks on login page link in register page&quot;, &quot;Register page functionality&quot;](109)" classname="TestNGTestRunner" time="7.019">
    <system-err><![CDATA[Jan 02, 2025 12:57:51 PM org.openqa.selenium.devtools.CdpVersionFinder findNearestMatch
WARNING: Unable to find an exact match for CDP version 130, returning the closest version; found: 127; Please update to a Selenium version that supports CDP version 130
Jan 02, 2025 12:57:54 PM org.openqa.selenium.remote.http.WebSocket$Listener onError
WARNING: Connection reset
java.net.SocketException: Connection reset
	at java.base/sun.nio.ch.SocketChannelImpl.throwConnectionReset(SocketChannelImpl.java:401)
	at java.base/sun.nio.ch.SocketChannelImpl.read(SocketChannelImpl.java:434)
	at java.net.http/jdk.internal.net.http.SocketTube.readAvailable(SocketTube.java:1178)
	at java.net.http/jdk.internal.net.http.SocketTube$InternalReadPublisher$InternalReadSubscription.read(SocketTube.java:841)
	at java.net.http/jdk.internal.net.http.SocketTube$SocketFlowTask.run(SocketTube.java:181)
	at java.net.http/jdk.internal.net.http.common.SequentialScheduler$SchedulableTask.run(SequentialScheduler.java:207)
	at java.net.http/jdk.internal.net.http.common.SequentialScheduler.runOrSchedule(SequentialScheduler.java:280)
	at java.net.http/jdk.internal.net.http.common.SequentialScheduler.runOrSchedule(SequentialScheduler.java:233)
	at java.net.http/jdk.internal.net.http.SocketTube$InternalReadPublisher$InternalReadSubscription.signalReadable(SocketTube.java:782)
	at java.net.http/jdk.internal.net.http.SocketTube$InternalReadPublisher$ReadEvent.signalEvent(SocketTube.java:965)
	at java.net.http/jdk.internal.net.http.SocketTube$SocketFlowEvent.handle(SocketTube.java:253)
	at java.net.http/jdk.internal.net.http.HttpClientImpl$SelectorManager.handleEvent(HttpClientImpl.java:1469)
	at java.net.http/jdk.internal.net.http.HttpClientImpl$SelectorManager.lambda$run$3(HttpClientImpl.java:1414)
	at java.base/java.util.ArrayList.forEach(ArrayList.java:1596)
	at java.net.http/jdk.internal.net.http.HttpClientImpl$SelectorManager.run(HttpClientImpl.java:1414)

]]></system-err>
  </testcase>
  <testcase name="runScenario[&quot;User provides all correct details and user is registered successfully&quot;, &quot;Register page functionality&quot;](110)" classname="TestNGTestRunner" time="14.513">
    <system-out><![CDATA[{"firstName":"santhosh","lastName":"sai","userEmail":"wfwefwhkniubvoaw324@gmail.com","userRole":"customer","occupation":"Student","gender":"Male","userMobile":"1234567890","userPassword":"151Fa04124@4517","confirmPassword":"151Fa04124@4517","required":true}
]]></system-out>
    <system-err><![CDATA[Jan 02, 2025 12:57:58 PM org.openqa.selenium.devtools.CdpVersionFinder findNearestMatch
WARNING: Unable to find an exact match for CDP version 130, returning the closest version; found: 127; Please update to a Selenium version that supports CDP version 130
Jan 02, 2025 12:58:08 PM org.openqa.selenium.remote.http.WebSocket$Listener onError
WARNING: Connection reset
java.net.SocketException: Connection reset
	at java.base/sun.nio.ch.SocketChannelImpl.throwConnectionReset(SocketChannelImpl.java:401)
	at java.base/sun.nio.ch.SocketChannelImpl.read(SocketChannelImpl.java:434)
	at java.net.http/jdk.internal.net.http.SocketTube.readAvailable(SocketTube.java:1178)
	at java.net.http/jdk.internal.net.http.SocketTube$InternalReadPublisher$InternalReadSubscription.read(SocketTube.java:841)
	at java.net.http/jdk.internal.net.http.SocketTube$SocketFlowTask.run(SocketTube.java:181)
	at java.net.http/jdk.internal.net.http.common.SequentialScheduler$SchedulableTask.run(SequentialScheduler.java:207)
	at java.net.http/jdk.internal.net.http.common.SequentialScheduler.runOrSchedule(SequentialScheduler.java:280)
	at java.net.http/jdk.internal.net.http.common.SequentialScheduler.runOrSchedule(SequentialScheduler.java:233)
	at java.net.http/jdk.internal.net.http.SocketTube$InternalReadPublisher$InternalReadSubscription.signalReadable(SocketTube.java:782)
	at java.net.http/jdk.internal.net.http.SocketTube$InternalReadPublisher$ReadEvent.signalEvent(SocketTube.java:965)
	at java.net.http/jdk.internal.net.http.SocketTube$SocketFlowEvent.handle(SocketTube.java:253)
	at java.net.http/jdk.internal.net.http.HttpClientImpl$SelectorManager.handleEvent(HttpClientImpl.java:1469)
	at java.net.http/jdk.internal.net.http.HttpClientImpl$SelectorManager.lambda$run$3(HttpClientImpl.java:1414)
	at java.base/java.util.ArrayList.forEach(ArrayList.java:1596)
	at java.net.http/jdk.internal.net.http.HttpClientImpl$SelectorManager.run(HttpClientImpl.java:1414)

]]></system-err>
  </testcase>
</testsuite>