<?xml version="1.0" encoding="UTF-8"?>
<testsuite xmlns:xsi="http://www.w3.org/2001/XMLSchema-instance" xsi:noNamespaceSchemaLocation="https://maven.apache.org/surefire/maven-surefire-plugin/xsd/surefire-test-report.xsd" version="3.0.1" name="TestSuite" time="244.504" tests="145" errors="0" skipped="0" failures="23">
  <properties>
    <property name="java.specification.version" value="21"/>
    <property name="sun.cpu.isalist" value="amd64"/>
    <property name="sun.jnu.encoding" value="Cp1252"/>
    <property name="java.class.path" value="C:\Users\santh\Desktop\Ecommerce Automation\Selenium\EcommercePractise\target\test-classes;C:\Users\santh\Desktop\Ecommerce Automation\Selenium\EcommercePractise\target\classes;C:\Users\santh\.m2\repository\org\json\json\20230618\json-20230618.jar;C:\Users\santh\.m2\repository\org\seleniumhq\selenium\selenium-java\4.23.0\selenium-java-4.23.0.jar;C:\Users\santh\.m2\repository\org\seleniumhq\selenium\selenium-api\4.23.0\selenium-api-4.23.0.jar;C:\Users\santh\.m2\repository\org\seleniumhq\selenium\selenium-chrome-driver\4.23.0\selenium-chrome-driver-4.23.0.jar;C:\Users\santh\.m2\repository\com\google\auto\service\auto-service-annotations\1.1.1\auto-service-annotations-1.1.1.jar;C:\Users\santh\.m2\repository\org\seleniumhq\selenium\selenium-chromium-driver\4.23.0\selenium-chromium-driver-4.23.0.jar;C:\Users\santh\.m2\repository\org\seleniumhq\selenium\selenium-json\4.23.0\selenium-json-4.23.0.jar;C:\Users\santh\.m2\repository\org\seleniumhq\selenium\selenium-manager\4.23.0\selenium-manager-4.23.0.jar;C:\Users\santh\.m2\repository\org\seleniumhq\selenium\selenium-devtools-v125\4.23.0\selenium-devtools-v125-4.23.0.jar;C:\Users\santh\.m2\repository\org\seleniumhq\selenium\selenium-devtools-v126\4.23.0\selenium-devtools-v126-4.23.0.jar;C:\Users\santh\.m2\repository\org\seleniumhq\selenium\selenium-devtools-v127\4.23.0\selenium-devtools-v127-4.23.0.jar;C:\Users\santh\.m2\repository\org\seleniumhq\selenium\selenium-devtools-v85\4.23.0\selenium-devtools-v85-4.23.0.jar;C:\Users\santh\.m2\repository\org\seleniumhq\selenium\selenium-edge-driver\4.23.0\selenium-edge-driver-4.23.0.jar;C:\Users\santh\.m2\repository\org\seleniumhq\selenium\selenium-firefox-driver\4.23.0\selenium-firefox-driver-4.23.0.jar;C:\Users\santh\.m2\repository\org\seleniumhq\selenium\selenium-http\4.23.0\selenium-http-4.23.0.jar;C:\Users\santh\.m2\repository\dev\failsafe\failsafe\3.3.2\failsafe-3.3.2.jar;C:\Users\santh\.m2\repository\org\seleniumhq\selenium\selenium-ie-driver\4.23.0\selenium-ie-driver-4.23.0.jar;C:\Users\santh\.m2\repository\org\seleniumhq\selenium\selenium-remote-driver\4.23.0\selenium-remote-driver-4.23.0.jar;C:\Users\santh\.m2\repository\io\opentelemetry\semconv\opentelemetry-semconv\1.25.0-alpha\opentelemetry-semconv-1.25.0-alpha.jar;C:\Users\santh\.m2\repository\io\opentelemetry\opentelemetry-api\1.40.0\opentelemetry-api-1.40.0.jar;C:\Users\santh\.m2\repository\io\opentelemetry\opentelemetry-context\1.40.0\opentelemetry-context-1.40.0.jar;C:\Users\santh\.m2\repository\io\opentelemetry\opentelemetry-exporter-logging\1.40.0\opentelemetry-exporter-logging-1.40.0.jar;C:\Users\santh\.m2\repository\io\opentelemetry\opentelemetry-sdk-common\1.40.0\opentelemetry-sdk-common-1.40.0.jar;C:\Users\santh\.m2\repository\io\opentelemetry\opentelemetry-sdk-extension-autoconfigure-spi\1.40.0\opentelemetry-sdk-extension-autoconfigure-spi-1.40.0.jar;C:\Users\santh\.m2\repository\io\opentelemetry\opentelemetry-sdk-extension-autoconfigure\1.40.0\opentelemetry-sdk-extension-autoconfigure-1.40.0.jar;C:\Users\santh\.m2\repository\io\opentelemetry\opentelemetry-api-incubator\1.40.0-alpha\opentelemetry-api-incubator-1.40.0-alpha.jar;C:\Users\santh\.m2\repository\io\opentelemetry\opentelemetry-sdk-trace\1.40.0\opentelemetry-sdk-trace-1.40.0.jar;C:\Users\santh\.m2\repository\io\opentelemetry\opentelemetry-sdk\1.40.0\opentelemetry-sdk-1.40.0.jar;C:\Users\santh\.m2\repository\io\opentelemetry\opentelemetry-sdk-metrics\1.40.0\opentelemetry-sdk-metrics-1.40.0.jar;C:\Users\santh\.m2\repository\io\opentelemetry\opentelemetry-sdk-logs\1.40.0\opentelemetry-sdk-logs-1.40.0.jar;C:\Users\santh\.m2\repository\net\bytebuddy\byte-buddy\1.14.18\byte-buddy-1.14.18.jar;C:\Users\santh\.m2\repository\org\seleniumhq\selenium\selenium-os\4.23.0\selenium-os-4.23.0.jar;C:\Users\santh\.m2\repository\org\apache\commons\commons-exec\1.4.0\commons-exec-1.4.0.jar;C:\Users\santh\.m2\repository\org\seleniumhq\selenium\selenium-safari-driver\4.23.0\selenium-safari-driver-4.23.0.jar;C:\Users\santh\.m2\repository\org\seleniumhq\selenium\selenium-support\4.23.0\selenium-support-4.23.0.jar;C:\Users\santh\.m2\repository\commons-io\commons-io\2.16.1\commons-io-2.16.1.jar;C:\Users\santh\.m2\repository\io\cucumber\cucumber-java\7.18.1\cucumber-java-7.18.1.jar;C:\Users\santh\.m2\repository\io\cucumber\cucumber-core\7.18.1\cucumber-core-7.18.1.jar;C:\Users\santh\.m2\repository\io\cucumber\cucumber-gherkin\7.18.1\cucumber-gherkin-7.18.1.jar;C:\Users\santh\.m2\repository\io\cucumber\cucumber-gherkin-messages\7.18.1\cucumber-gherkin-messages-7.18.1.jar;C:\Users\santh\.m2\repository\io\cucumber\gherkin\28.0.0\gherkin-28.0.0.jar;C:\Users\santh\.m2\repository\io\cucumber\messages\24.1.0\messages-24.1.0.jar;C:\Users\santh\.m2\repository\io\cucumber\testng-xml-formatter\0.2.0\testng-xml-formatter-0.2.0.jar;C:\Users\santh\.m2\repository\io\cucumber\query\12.2.0\query-12.2.0.jar;C:\Users\santh\.m2\repository\io\cucumber\tag-expressions\6.1.0\tag-expressions-6.1.0.jar;C:\Users\santh\.m2\repository\io\cucumber\cucumber-expressions\17.1.0\cucumber-expressions-17.1.0.jar;C:\Users\santh\.m2\repository\io\cucumber\datatable\7.18.1\datatable-7.18.1.jar;C:\Users\santh\.m2\repository\io\cucumber\cucumber-plugin\7.18.1\cucumber-plugin-7.18.1.jar;C:\Users\santh\.m2\repository\io\cucumber\docstring\7.18.1\docstring-7.18.1.jar;C:\Users\santh\.m2\repository\io\cucumber\html-formatter\21.4.1\html-formatter-21.4.1.jar;C:\Users\santh\.m2\repository\io\cucumber\junit-xml-formatter\0.5.0\junit-xml-formatter-0.5.0.jar;C:\Users\santh\.m2\repository\io\cucumber\ci-environment\10.0.1\ci-environment-10.0.1.jar;C:\Users\santh\.m2\repository\org\apiguardian\apiguardian-api\1.1.2\apiguardian-api-1.1.2.jar;C:\Users\santh\.m2\repository\io\cucumber\cucumber-testng\7.18.1\cucumber-testng-7.18.1.jar;C:\Users\santh\.m2\repository\org\testng\testng\7.10.2\testng-7.10.2.jar;C:\Users\santh\.m2\repository\org\slf4j\slf4j-api\1.7.36\slf4j-api-1.7.36.jar;C:\Users\santh\.m2\repository\com\beust\jcommander\1.82\jcommander-1.82.jar;C:\Users\santh\.m2\repository\org\webjars\jquery\3.7.1\jquery-3.7.1.jar;C:\Users\santh\.m2\repository\io\rest-assured\rest-assured\5.5.0\rest-assured-5.5.0.jar;C:\Users\santh\.m2\repository\org\apache\groovy\groovy\4.0.22\groovy-4.0.22.jar;C:\Users\santh\.m2\repository\org\apache\groovy\groovy-xml\4.0.22\groovy-xml-4.0.22.jar;C:\Users\santh\.m2\repository\org\apache\httpcomponents\httpclient\4.5.13\httpclient-4.5.13.jar;C:\Users\santh\.m2\repository\org\apache\httpcomponents\httpcore\4.4.13\httpcore-4.4.13.jar;C:\Users\santh\.m2\repository\commons-logging\commons-logging\1.2\commons-logging-1.2.jar;C:\Users\santh\.m2\repository\commons-codec\commons-codec\1.11\commons-codec-1.11.jar;C:\Users\santh\.m2\repository\org\apache\httpcomponents\httpmime\4.5.13\httpmime-4.5.13.jar;C:\Users\santh\.m2\repository\org\ccil\cowan\tagsoup\tagsoup\1.2.1\tagsoup-1.2.1.jar;C:\Users\santh\.m2\repository\io\rest-assured\json-path\5.5.0\json-path-5.5.0.jar;C:\Users\santh\.m2\repository\org\apache\groovy\groovy-json\4.0.22\groovy-json-4.0.22.jar;C:\Users\santh\.m2\repository\io\rest-assured\rest-assured-common\5.5.0\rest-assured-common-5.5.0.jar;C:\Users\santh\.m2\repository\io\rest-assured\xml-path\5.5.0\xml-path-5.5.0.jar;C:\Users\santh\.m2\repository\org\apache\commons\commons-lang3\3.11\commons-lang3-3.11.jar;C:\Users\santh\.m2\repository\org\hamcrest\hamcrest\3.0\hamcrest-3.0.jar;C:\Users\santh\.m2\repository\com\fasterxml\jackson\core\jackson-databind\2.17.2\jackson-databind-2.17.2.jar;C:\Users\santh\.m2\repository\com\fasterxml\jackson\core\jackson-annotations\2.17.2\jackson-annotations-2.17.2.jar;C:\Users\santh\.m2\repository\com\fasterxml\jackson\core\jackson-core\2.17.2\jackson-core-2.17.2.jar;C:\Users\santh\.m2\repository\io\rest-assured\json-schema-validator\5.5.0\json-schema-validator-5.5.0.jar;C:\Users\santh\.m2\repository\com\github\java-json-tools\json-schema-validator\2.2.14\json-schema-validator-2.2.14.jar;C:\Users\santh\.m2\repository\com\github\java-json-tools\jackson-coreutils-equivalence\1.0\jackson-coreutils-equivalence-1.0.jar;C:\Users\santh\.m2\repository\com\github\java-json-tools\jackson-coreutils\2.0\jackson-coreutils-2.0.jar;C:\Users\santh\.m2\repository\com\github\java-json-tools\msg-simple\1.2\msg-simple-1.2.jar;C:\Users\santh\.m2\repository\com\github\java-json-tools\btf\1.3\btf-1.3.jar;C:\Users\santh\.m2\repository\com\github\java-json-tools\json-schema-core\1.2.14\json-schema-core-1.2.14.jar;C:\Users\santh\.m2\repository\com\github\java-json-tools\uri-template\0.10\uri-template-0.10.jar;C:\Users\santh\.m2\repository\org\mozilla\rhino\1.7.7.2\rhino-1.7.7.2.jar;C:\Users\santh\.m2\repository\com\sun\mail\mailapi\1.6.2\mailapi-1.6.2.jar;C:\Users\santh\.m2\repository\joda-time\joda-time\2.10.5\joda-time-2.10.5.jar;C:\Users\santh\.m2\repository\com\googlecode\libphonenumber\libphonenumber\8.11.1\libphonenumber-8.11.1.jar;C:\Users\santh\.m2\repository\com\google\code\findbugs\jsr305\3.0.2\jsr305-3.0.2.jar;C:\Users\santh\.m2\repository\net\sf\jopt-simple\jopt-simple\5.0.4\jopt-simple-5.0.4.jar;C:\Users\santh\.m2\repository\com\google\guava\guava\33.2.1-jre\guava-33.2.1-jre.jar;C:\Users\santh\.m2\repository\com\google\guava\failureaccess\1.0.2\failureaccess-1.0.2.jar;C:\Users\santh\.m2\repository\com\google\guava\listenablefuture\9999.0-empty-to-avoid-conflict-with-guava\listenablefuture-9999.0-empty-to-avoid-conflict-with-guava.jar;C:\Users\santh\.m2\repository\org\checkerframework\checker-qual\3.42.0\checker-qual-3.42.0.jar;C:\Users\santh\.m2\repository\com\google\errorprone\error_prone_annotations\2.26.1\error_prone_annotations-2.26.1.jar;C:\Users\santh\.m2\repository\com\google\j2objc\j2objc-annotations\3.0.0\j2objc-annotations-3.0.0.jar;C:\Users\santh\.m2\repository\com\aventstack\extentreports\5.0.9\extentreports-5.0.9.jar;C:\Users\santh\.m2\repository\io\reactivex\rxjava3\rxjava\3.0.4\rxjava-3.0.4.jar;C:\Users\santh\.m2\repository\org\reactivestreams\reactive-streams\1.0.3\reactive-streams-1.0.3.jar;C:\Users\santh\.m2\repository\org\freemarker\freemarker\2.3.30\freemarker-2.3.30.jar;C:\Users\santh\.m2\repository\com\google\code\gson\gson\2.8.6\gson-2.8.6.jar;C:\Users\santh\.m2\repository\tech\grasshopper\extentreports-cucumber7-adapter\1.13.0\extentreports-cucumber7-adapter-1.13.0.jar;C:\Users\santh\.m2\repository\tech\grasshopper\extent-pdf-report\2.11.0\extent-pdf-report-2.11.0.jar;C:\Users\santh\.m2\repository\tech\grasshopper\cucumber-pdf-report\2.13.0\cucumber-pdf-report-2.13.0.jar;C:\Users\santh\.m2\repository\org\apache\pdfbox\pdfbox\2.0.26\pdfbox-2.0.26.jar;C:\Users\santh\.m2\repository\org\apache\pdfbox\fontbox\2.0.26\fontbox-2.0.26.jar;C:\Users\santh\.m2\repository\org\knowm\xchart\xchart\3.8.0\xchart-3.8.0.jar;C:\Users\santh\.m2\repository\de\erichseifert\vectorgraphics2d\VectorGraphics2D\0.13\VectorGraphics2D-0.13.jar;C:\Users\santh\.m2\repository\de\rototor\pdfbox\graphics2d\0.30\graphics2d-0.30.jar;C:\Users\santh\.m2\repository\com\madgag\animated-gif-lib\1.4\animated-gif-lib-1.4.jar;C:\Users\santh\.m2\repository\org\yaml\snakeyaml\2.0\snakeyaml-2.0.jar;C:\Users\santh\.m2\repository\tech\grasshopper\table-layout\1.5.1\table-layout-1.5.1.jar;C:\Users\santh\.m2\repository\tech\grasshopper\rest-assured-cucumber-pdf-report\1.4.1\rest-assured-cucumber-pdf-report-1.4.1.jar;C:\Users\santh\.m2\repository\org\jsoup\jsoup\1.15.3\jsoup-1.15.3.jar;C:\Users\santh\.m2\repository\com\aventstack\klov-reporter\5.0.9\klov-reporter-5.0.9.jar;C:\Users\santh\.m2\repository\org\mongodb\mongodb-driver\3.6.4\mongodb-driver-3.6.4.jar;C:\Users\santh\.m2\repository\org\mongodb\mongodb-driver-core\3.6.4\mongodb-driver-core-3.6.4.jar;C:\Users\santh\.m2\repository\org\mongodb\bson\3.6.4\bson-3.6.4.jar;C:\Users\santh\.m2\repository\tech\grasshopper\htmlextentreporter\1.0.1\htmlextentreporter-1.0.1.jar;C:\Users\santh\.m2\repository\tech\grasshopper\extent-excel-report\1.3.0\extent-excel-report-1.3.0.jar;C:\Users\santh\.m2\repository\org\apache\poi\poi\5.2.3\poi-5.2.3.jar;C:\Users\santh\.m2\repository\org\apache\commons\commons-collections4\4.4\commons-collections4-4.4.jar;C:\Users\santh\.m2\repository\org\apache\commons\commons-math3\3.6.1\commons-math3-3.6.1.jar;C:\Users\santh\.m2\repository\com\zaxxer\SparseBitSet\1.2\SparseBitSet-1.2.jar;C:\Users\santh\.m2\repository\org\apache\logging\log4j\log4j-api\2.18.0\log4j-api-2.18.0.jar;C:\Users\santh\.m2\repository\org\apache\poi\poi-ooxml\5.2.3\poi-ooxml-5.2.3.jar;C:\Users\santh\.m2\repository\org\apache\poi\poi-ooxml-lite\5.2.3\poi-ooxml-lite-5.2.3.jar;C:\Users\santh\.m2\repository\org\apache\xmlbeans\xmlbeans\5.1.1\xmlbeans-5.1.1.jar;C:\Users\santh\.m2\repository\org\apache\commons\commons-compress\1.21\commons-compress-1.21.jar;C:\Users\santh\.m2\repository\com\github\virtuald\curvesapi\1.07\curvesapi-1.07.jar;C:\Users\santh\.m2\repository\org\projectlombok\lombok\1.18.30\lombok-1.18.30.jar;"/>
    <property name="java.vm.vendor" value="Oracle Corporation"/>
    <property name="sun.arch.data.model" value="64"/>
    <property name="user.variant" value=""/>
    <property name="java.vendor.url" value="https://java.oracle.com/"/>
    <property name="user.timezone" value="Asia/Calcutta"/>
    <property name="os.name" value="Windows 11"/>
    <property name="java.vm.specification.version" value="21"/>
    <property name="sun.java.launcher" value="SUN_STANDARD"/>
    <property name="user.country" value="US"/>
    <property name="sun.boot.library.path" value="C:\Program Files\Java\jdk-21\bin"/>
    <property name="sun.java.command" value="C:\Users\santh\AppData\Local\Temp\surefire12275581420766220218\surefirebooter-20250106100714911_3.jar C:\Users\santh\AppData\Local\Temp\surefire12275581420766220218 2025-01-06T10-07-14_739-jvmRun1 surefire-20250106100714911_1tmp surefire_0-20250106100714911_2tmp"/>
    <property name="jdk.debug" value="release"/>
    <property name="surefire.test.class.path" value="C:\Users\santh\Desktop\Ecommerce Automation\Selenium\EcommercePractise\target\test-classes;C:\Users\santh\Desktop\Ecommerce Automation\Selenium\EcommercePractise\target\classes;C:\Users\santh\.m2\repository\org\json\json\20230618\json-20230618.jar;C:\Users\santh\.m2\repository\org\seleniumhq\selenium\selenium-java\4.23.0\selenium-java-4.23.0.jar;C:\Users\santh\.m2\repository\org\seleniumhq\selenium\selenium-api\4.23.0\selenium-api-4.23.0.jar;C:\Users\santh\.m2\repository\org\seleniumhq\selenium\selenium-chrome-driver\4.23.0\selenium-chrome-driver-4.23.0.jar;C:\Users\santh\.m2\repository\com\google\auto\service\auto-service-annotations\1.1.1\auto-service-annotations-1.1.1.jar;C:\Users\santh\.m2\repository\org\seleniumhq\selenium\selenium-chromium-driver\4.23.0\selenium-chromium-driver-4.23.0.jar;C:\Users\santh\.m2\repository\org\seleniumhq\selenium\selenium-json\4.23.0\selenium-json-4.23.0.jar;C:\Users\santh\.m2\repository\org\seleniumhq\selenium\selenium-manager\4.23.0\selenium-manager-4.23.0.jar;C:\Users\santh\.m2\repository\org\seleniumhq\selenium\selenium-devtools-v125\4.23.0\selenium-devtools-v125-4.23.0.jar;C:\Users\santh\.m2\repository\org\seleniumhq\selenium\selenium-devtools-v126\4.23.0\selenium-devtools-v126-4.23.0.jar;C:\Users\santh\.m2\repository\org\seleniumhq\selenium\selenium-devtools-v127\4.23.0\selenium-devtools-v127-4.23.0.jar;C:\Users\santh\.m2\repository\org\seleniumhq\selenium\selenium-devtools-v85\4.23.0\selenium-devtools-v85-4.23.0.jar;C:\Users\santh\.m2\repository\org\seleniumhq\selenium\selenium-edge-driver\4.23.0\selenium-edge-driver-4.23.0.jar;C:\Users\santh\.m2\repository\org\seleniumhq\selenium\selenium-firefox-driver\4.23.0\selenium-firefox-driver-4.23.0.jar;C:\Users\santh\.m2\repository\org\seleniumhq\selenium\selenium-http\4.23.0\selenium-http-4.23.0.jar;C:\Users\santh\.m2\repository\dev\failsafe\failsafe\3.3.2\failsafe-3.3.2.jar;C:\Users\santh\.m2\repository\org\seleniumhq\selenium\selenium-ie-driver\4.23.0\selenium-ie-driver-4.23.0.jar;C:\Users\santh\.m2\repository\org\seleniumhq\selenium\selenium-remote-driver\4.23.0\selenium-remote-driver-4.23.0.jar;C:\Users\santh\.m2\repository\io\opentelemetry\semconv\opentelemetry-semconv\1.25.0-alpha\opentelemetry-semconv-1.25.0-alpha.jar;C:\Users\santh\.m2\repository\io\opentelemetry\opentelemetry-api\1.40.0\opentelemetry-api-1.40.0.jar;C:\Users\santh\.m2\repository\io\opentelemetry\opentelemetry-context\1.40.0\opentelemetry-context-1.40.0.jar;C:\Users\santh\.m2\repository\io\opentelemetry\opentelemetry-exporter-logging\1.40.0\opentelemetry-exporter-logging-1.40.0.jar;C:\Users\santh\.m2\repository\io\opentelemetry\opentelemetry-sdk-common\1.40.0\opentelemetry-sdk-common-1.40.0.jar;C:\Users\santh\.m2\repository\io\opentelemetry\opentelemetry-sdk-extension-autoconfigure-spi\1.40.0\opentelemetry-sdk-extension-autoconfigure-spi-1.40.0.jar;C:\Users\santh\.m2\repository\io\opentelemetry\opentelemetry-sdk-extension-autoconfigure\1.40.0\opentelemetry-sdk-extension-autoconfigure-1.40.0.jar;C:\Users\santh\.m2\repository\io\opentelemetry\opentelemetry-api-incubator\1.40.0-alpha\opentelemetry-api-incubator-1.40.0-alpha.jar;C:\Users\santh\.m2\repository\io\opentelemetry\opentelemetry-sdk-trace\1.40.0\opentelemetry-sdk-trace-1.40.0.jar;C:\Users\santh\.m2\repository\io\opentelemetry\opentelemetry-sdk\1.40.0\opentelemetry-sdk-1.40.0.jar;C:\Users\santh\.m2\repository\io\opentelemetry\opentelemetry-sdk-metrics\1.40.0\opentelemetry-sdk-metrics-1.40.0.jar;C:\Users\santh\.m2\repository\io\opentelemetry\opentelemetry-sdk-logs\1.40.0\opentelemetry-sdk-logs-1.40.0.jar;C:\Users\santh\.m2\repository\net\bytebuddy\byte-buddy\1.14.18\byte-buddy-1.14.18.jar;C:\Users\santh\.m2\repository\org\seleniumhq\selenium\selenium-os\4.23.0\selenium-os-4.23.0.jar;C:\Users\santh\.m2\repository\org\apache\commons\commons-exec\1.4.0\commons-exec-1.4.0.jar;C:\Users\santh\.m2\repository\org\seleniumhq\selenium\selenium-safari-driver\4.23.0\selenium-safari-driver-4.23.0.jar;C:\Users\santh\.m2\repository\org\seleniumhq\selenium\selenium-support\4.23.0\selenium-support-4.23.0.jar;C:\Users\santh\.m2\repository\commons-io\commons-io\2.16.1\commons-io-2.16.1.jar;C:\Users\santh\.m2\repository\io\cucumber\cucumber-java\7.18.1\cucumber-java-7.18.1.jar;C:\Users\santh\.m2\repository\io\cucumber\cucumber-core\7.18.1\cucumber-core-7.18.1.jar;C:\Users\santh\.m2\repository\io\cucumber\cucumber-gherkin\7.18.1\cucumber-gherkin-7.18.1.jar;C:\Users\santh\.m2\repository\io\cucumber\cucumber-gherkin-messages\7.18.1\cucumber-gherkin-messages-7.18.1.jar;C:\Users\santh\.m2\repository\io\cucumber\gherkin\28.0.0\gherkin-28.0.0.jar;C:\Users\santh\.m2\repository\io\cucumber\messages\24.1.0\messages-24.1.0.jar;C:\Users\santh\.m2\repository\io\cucumber\testng-xml-formatter\0.2.0\testng-xml-formatter-0.2.0.jar;C:\Users\santh\.m2\repository\io\cucumber\query\12.2.0\query-12.2.0.jar;C:\Users\santh\.m2\repository\io\cucumber\tag-expressions\6.1.0\tag-expressions-6.1.0.jar;C:\Users\santh\.m2\repository\io\cucumber\cucumber-expressions\17.1.0\cucumber-expressions-17.1.0.jar;C:\Users\santh\.m2\repository\io\cucumber\datatable\7.18.1\datatable-7.18.1.jar;C:\Users\santh\.m2\repository\io\cucumber\cucumber-plugin\7.18.1\cucumber-plugin-7.18.1.jar;C:\Users\santh\.m2\repository\io\cucumber\docstring\7.18.1\docstring-7.18.1.jar;C:\Users\santh\.m2\repository\io\cucumber\html-formatter\21.4.1\html-formatter-21.4.1.jar;C:\Users\santh\.m2\repository\io\cucumber\junit-xml-formatter\0.5.0\junit-xml-formatter-0.5.0.jar;C:\Users\santh\.m2\repository\io\cucumber\ci-environment\10.0.1\ci-environment-10.0.1.jar;C:\Users\santh\.m2\repository\org\apiguardian\apiguardian-api\1.1.2\apiguardian-api-1.1.2.jar;C:\Users\santh\.m2\repository\io\cucumber\cucumber-testng\7.18.1\cucumber-testng-7.18.1.jar;C:\Users\santh\.m2\repository\org\testng\testng\7.10.2\testng-7.10.2.jar;C:\Users\santh\.m2\repository\org\slf4j\slf4j-api\1.7.36\slf4j-api-1.7.36.jar;C:\Users\santh\.m2\repository\com\beust\jcommander\1.82\jcommander-1.82.jar;C:\Users\santh\.m2\repository\org\webjars\jquery\3.7.1\jquery-3.7.1.jar;C:\Users\santh\.m2\repository\io\rest-assured\rest-assured\5.5.0\rest-assured-5.5.0.jar;C:\Users\santh\.m2\repository\org\apache\groovy\groovy\4.0.22\groovy-4.0.22.jar;C:\Users\santh\.m2\repository\org\apache\groovy\groovy-xml\4.0.22\groovy-xml-4.0.22.jar;C:\Users\santh\.m2\repository\org\apache\httpcomponents\httpclient\4.5.13\httpclient-4.5.13.jar;C:\Users\santh\.m2\repository\org\apache\httpcomponents\httpcore\4.4.13\httpcore-4.4.13.jar;C:\Users\santh\.m2\repository\commons-logging\commons-logging\1.2\commons-logging-1.2.jar;C:\Users\santh\.m2\repository\commons-codec\commons-codec\1.11\commons-codec-1.11.jar;C:\Users\santh\.m2\repository\org\apache\httpcomponents\httpmime\4.5.13\httpmime-4.5.13.jar;C:\Users\santh\.m2\repository\org\ccil\cowan\tagsoup\tagsoup\1.2.1\tagsoup-1.2.1.jar;C:\Users\santh\.m2\repository\io\rest-assured\json-path\5.5.0\json-path-5.5.0.jar;C:\Users\santh\.m2\repository\org\apache\groovy\groovy-json\4.0.22\groovy-json-4.0.22.jar;C:\Users\santh\.m2\repository\io\rest-assured\rest-assured-common\5.5.0\rest-assured-common-5.5.0.jar;C:\Users\santh\.m2\repository\io\rest-assured\xml-path\5.5.0\xml-path-5.5.0.jar;C:\Users\santh\.m2\repository\org\apache\commons\commons-lang3\3.11\commons-lang3-3.11.jar;C:\Users\santh\.m2\repository\org\hamcrest\hamcrest\3.0\hamcrest-3.0.jar;C:\Users\santh\.m2\repository\com\fasterxml\jackson\core\jackson-databind\2.17.2\jackson-databind-2.17.2.jar;C:\Users\santh\.m2\repository\com\fasterxml\jackson\core\jackson-annotations\2.17.2\jackson-annotations-2.17.2.jar;C:\Users\santh\.m2\repository\com\fasterxml\jackson\core\jackson-core\2.17.2\jackson-core-2.17.2.jar;C:\Users\santh\.m2\repository\io\rest-assured\json-schema-validator\5.5.0\json-schema-validator-5.5.0.jar;C:\Users\santh\.m2\repository\com\github\java-json-tools\json-schema-validator\2.2.14\json-schema-validator-2.2.14.jar;C:\Users\santh\.m2\repository\com\github\java-json-tools\jackson-coreutils-equivalence\1.0\jackson-coreutils-equivalence-1.0.jar;C:\Users\santh\.m2\repository\com\github\java-json-tools\jackson-coreutils\2.0\jackson-coreutils-2.0.jar;C:\Users\santh\.m2\repository\com\github\java-json-tools\msg-simple\1.2\msg-simple-1.2.jar;C:\Users\santh\.m2\repository\com\github\java-json-tools\btf\1.3\btf-1.3.jar;C:\Users\santh\.m2\repository\com\github\java-json-tools\json-schema-core\1.2.14\json-schema-core-1.2.14.jar;C:\Users\santh\.m2\repository\com\github\java-json-tools\uri-template\0.10\uri-template-0.10.jar;C:\Users\santh\.m2\repository\org\mozilla\rhino\1.7.7.2\rhino-1.7.7.2.jar;C:\Users\santh\.m2\repository\com\sun\mail\mailapi\1.6.2\mailapi-1.6.2.jar;C:\Users\santh\.m2\repository\joda-time\joda-time\2.10.5\joda-time-2.10.5.jar;C:\Users\santh\.m2\repository\com\googlecode\libphonenumber\libphonenumber\8.11.1\libphonenumber-8.11.1.jar;C:\Users\santh\.m2\repository\com\google\code\findbugs\jsr305\3.0.2\jsr305-3.0.2.jar;C:\Users\santh\.m2\repository\net\sf\jopt-simple\jopt-simple\5.0.4\jopt-simple-5.0.4.jar;C:\Users\santh\.m2\repository\com\google\guava\guava\33.2.1-jre\guava-33.2.1-jre.jar;C:\Users\santh\.m2\repository\com\google\guava\failureaccess\1.0.2\failureaccess-1.0.2.jar;C:\Users\santh\.m2\repository\com\google\guava\listenablefuture\9999.0-empty-to-avoid-conflict-with-guava\listenablefuture-9999.0-empty-to-avoid-conflict-with-guava.jar;C:\Users\santh\.m2\repository\org\checkerframework\checker-qual\3.42.0\checker-qual-3.42.0.jar;C:\Users\santh\.m2\repository\com\google\errorprone\error_prone_annotations\2.26.1\error_prone_annotations-2.26.1.jar;C:\Users\santh\.m2\repository\com\google\j2objc\j2objc-annotations\3.0.0\j2objc-annotations-3.0.0.jar;C:\Users\santh\.m2\repository\com\aventstack\extentreports\5.0.9\extentreports-5.0.9.jar;C:\Users\santh\.m2\repository\io\reactivex\rxjava3\rxjava\3.0.4\rxjava-3.0.4.jar;C:\Users\santh\.m2\repository\org\reactivestreams\reactive-streams\1.0.3\reactive-streams-1.0.3.jar;C:\Users\santh\.m2\repository\org\freemarker\freemarker\2.3.30\freemarker-2.3.30.jar;C:\Users\santh\.m2\repository\com\google\code\gson\gson\2.8.6\gson-2.8.6.jar;C:\Users\santh\.m2\repository\tech\grasshopper\extentreports-cucumber7-adapter\1.13.0\extentreports-cucumber7-adapter-1.13.0.jar;C:\Users\santh\.m2\repository\tech\grasshopper\extent-pdf-report\2.11.0\extent-pdf-report-2.11.0.jar;C:\Users\santh\.m2\repository\tech\grasshopper\cucumber-pdf-report\2.13.0\cucumber-pdf-report-2.13.0.jar;C:\Users\santh\.m2\repository\org\apache\pdfbox\pdfbox\2.0.26\pdfbox-2.0.26.jar;C:\Users\santh\.m2\repository\org\apache\pdfbox\fontbox\2.0.26\fontbox-2.0.26.jar;C:\Users\santh\.m2\repository\org\knowm\xchart\xchart\3.8.0\xchart-3.8.0.jar;C:\Users\santh\.m2\repository\de\erichseifert\vectorgraphics2d\VectorGraphics2D\0.13\VectorGraphics2D-0.13.jar;C:\Users\santh\.m2\repository\de\rototor\pdfbox\graphics2d\0.30\graphics2d-0.30.jar;C:\Users\santh\.m2\repository\com\madgag\animated-gif-lib\1.4\animated-gif-lib-1.4.jar;C:\Users\santh\.m2\repository\org\yaml\snakeyaml\2.0\snakeyaml-2.0.jar;C:\Users\santh\.m2\repository\tech\grasshopper\table-layout\1.5.1\table-layout-1.5.1.jar;C:\Users\santh\.m2\repository\tech\grasshopper\rest-assured-cucumber-pdf-report\1.4.1\rest-assured-cucumber-pdf-report-1.4.1.jar;C:\Users\santh\.m2\repository\org\jsoup\jsoup\1.15.3\jsoup-1.15.3.jar;C:\Users\santh\.m2\repository\com\aventstack\klov-reporter\5.0.9\klov-reporter-5.0.9.jar;C:\Users\santh\.m2\repository\org\mongodb\mongodb-driver\3.6.4\mongodb-driver-3.6.4.jar;C:\Users\santh\.m2\repository\org\mongodb\mongodb-driver-core\3.6.4\mongodb-driver-core-3.6.4.jar;C:\Users\santh\.m2\repository\org\mongodb\bson\3.6.4\bson-3.6.4.jar;C:\Users\santh\.m2\repository\tech\grasshopper\htmlextentreporter\1.0.1\htmlextentreporter-1.0.1.jar;C:\Users\santh\.m2\repository\tech\grasshopper\extent-excel-report\1.3.0\extent-excel-report-1.3.0.jar;C:\Users\santh\.m2\repository\org\apache\poi\poi\5.2.3\poi-5.2.3.jar;C:\Users\santh\.m2\repository\org\apache\commons\commons-collections4\4.4\commons-collections4-4.4.jar;C:\Users\santh\.m2\repository\org\apache\commons\commons-math3\3.6.1\commons-math3-3.6.1.jar;C:\Users\santh\.m2\repository\com\zaxxer\SparseBitSet\1.2\SparseBitSet-1.2.jar;C:\Users\santh\.m2\repository\org\apache\logging\log4j\log4j-api\2.18.0\log4j-api-2.18.0.jar;C:\Users\santh\.m2\repository\org\apache\poi\poi-ooxml\5.2.3\poi-ooxml-5.2.3.jar;C:\Users\santh\.m2\repository\org\apache\poi\poi-ooxml-lite\5.2.3\poi-ooxml-lite-5.2.3.jar;C:\Users\santh\.m2\repository\org\apache\xmlbeans\xmlbeans\5.1.1\xmlbeans-5.1.1.jar;C:\Users\santh\.m2\repository\org\apache\commons\commons-compress\1.21\commons-compress-1.21.jar;C:\Users\santh\.m2\repository\com\github\virtuald\curvesapi\1.07\curvesapi-1.07.jar;C:\Users\santh\.m2\repository\org\projectlombok\lombok\1.18.30\lombok-1.18.30.jar;"/>
    <property name="sun.cpu.endian" value="little"/>
    <property name="user.home" value="C:\Users\santh"/>
    <property name="user.language" value="en"/>
    <property name="java.specification.vendor" value="Oracle Corporation"/>
    <property name="java.version.date" value="2024-10-15"/>
    <property name="java.home" value="C:\Program Files\Java\jdk-21"/>
    <property name="file.separator" value="\"/>
    <property name="basedir" value="C:\Users\santh\Desktop\Ecommerce Automation\Selenium\EcommercePractise"/>
    <property name="java.vm.compressedOopsMode" value="Zero based"/>
    <property name="line.separator" value="&#10;"/>
    <property name="java.vm.specification.vendor" value="Oracle Corporation"/>
    <property name="java.specification.name" value="Java Platform API Specification"/>
    <property name="surefire.real.class.path" value="C:\Users\santh\AppData\Local\Temp\surefire12275581420766220218\surefirebooter-20250106100714911_3.jar"/>
    <property name="user.script" value=""/>
    <property name="sun.management.compiler" value="HotSpot 64-Bit Tiered Compilers"/>
    <property name="java.runtime.version" value="21.0.5+9-LTS-239"/>
    <property name="user.name" value="santh"/>
    <property name="stdout.encoding" value="Cp1252"/>
    <property name="path.separator" value=";"/>
    <property name="os.version" value="10.0"/>
    <property name="java.runtime.name" value="Java(TM) SE Runtime Environment"/>
    <property name="file.encoding" value="UTF-8"/>
    <property name="java.vm.name" value="Java HotSpot(TM) 64-Bit Server VM"/>
    <property name="localRepository" value="C:\Users\santh\.m2\repository"/>
    <property name="java.vendor.url.bug" value="https://bugreport.java.com/bugreport/"/>
    <property name="java.io.tmpdir" value="C:\Users\santh\AppData\Local\Temp\"/>
    <property name="java.version" value="21.0.5"/>
    <property name="user.dir" value="C:\Users\santh\Desktop\Ecommerce Automation\Selenium\EcommercePractise"/>
    <property name="os.arch" value="amd64"/>
    <property name="java.vm.specification.name" value="Java Virtual Machine Specification"/>
    <property name="sun.os.patch.level" value=""/>
    <property name="headless" value="true"/>
    <property name="native.encoding" value="Cp1252"/>
    <property name="java.library.path" value="C:\Program Files\Java\jdk-21\bin;C:\WINDOWS\Sun\Java\bin;C:\WINDOWS\system32;C:\WINDOWS;C:\Program Files\Common Files\Oracle\Java\javapath;C:\WINDOWS\system32;C:\WINDOWS;C:\WINDOWS\System32\Wbem;C:\WINDOWS\System32\WindowsPowerShell\v1.0\;C:\WINDOWS\System32\OpenSSH\;C:\Program Files\dotnet\;C:\Program Files\NVIDIA Corporation\NVIDIA NvDLISR;C:\Program Files (x86)\NVIDIA Corporation\PhysX\Common;C:\Program Files (x86)\Windows Kits\10\Windows Performance Toolkit\;C:\apache-maven-3.9.8\bin;C:\Program Files\Git\cmd;C:\Program Files\nodejs\;C:\Program Files\Amazon\AWSCLIV2\;C:\Users\santh\AppData\Local\Microsoft\WindowsApps;C:\Users\santh\AppData\Local\Programs\Microsoft VS Code\bin;C:\Program Files\MongoDB\Server\7.0\bin;C:\Users\santh\Downloads\Compressed\mongosh-2.0.2-win32-x64\mongosh-2.0.2-win32-x64\bin;C:\src\flutter\bin;C:\apache-maven-3.9.8;C:\Program Files\JetBrains\IntelliJ IDEA 2024.2.4\bin;;C:\Program Files\JetBrains\IntelliJ IDEA Community Edition 2024.2.4\bin;;C:\Users\santh\AppData\Roaming\npm;;."/>
    <property name="java.vm.info" value="mixed mode, sharing"/>
    <property name="stderr.encoding" value="Cp1252"/>
    <property name="java.vendor" value="Oracle Corporation"/>
    <property name="java.vm.version" value="21.0.5+9-LTS-239"/>
    <property name="sun.io.unicode.encoding" value="UnicodeLittle"/>
    <property name="java.class.version" value="65.0"/>
  </properties>
  <testcase name="runScenario[&quot;Forgot Password API with incorrect details&quot;, &quot;Forgot Password API error handling&quot;](3)" classname="TestNGTestRunner" time="4.827">
    <system-out><![CDATA[
@FunctionalAPI
Scenario Outline: GetAllProducts API with filters                                               # src/test/java/FeatureFiles/APITest/GetAllProductsAPI/Functionality.feature:19

@ErrorHandlingAPI
Scenario: GetAllProducts API with incorrect end point # src/test/java/FeatureFiles/APITest/GetAllProductsAPI/ErrorHandling.feature:4

@ErrorHandlingAPI
Scenario Outline: Forgot Password API with incorrect details   # src/test/java/FeatureFiles/APITest/ForgotPasswordAPI/ErrorHandling.feature:11

@FunctionalAPI
Scenario Outline: GetAllProducts API with filters                                               # src/test/java/FeatureFiles/APITest/GetAllProductsAPI/Functionality.feature:18

@ErrorHandlingAPI
Scenario Outline: Forgot Password API with incorrect details        # src/test/java/FeatureFiles/APITest/ForgotPasswordAPI/ErrorHandling.feature:12

@FunctionalAPI
Scenario Outline: GetAllProducts API with filters                                               # src/test/java/FeatureFiles/APITest/GetAllProductsAPI/Functionality.feature:17

@ErrorHandlingAPI
Scenario: GetAllProducts API with no authorization token                   # src/test/java/FeatureFiles/APITest/GetAllProductsAPI/ErrorHandling.feature:10

@FunctionalAPI
Scenario Outline: GetAllProducts API with filters                                               # src/test/java/FeatureFiles/APITest/GetAllProductsAPI/Functionality.feature:20

@FunctionalAPI
Scenario: Forgot Password API with correct details                 # src/test/java/FeatureFiles/APITest/ForgotPasswordAPI/Functionality.feature:4

@ErrorHandlingAPI
Scenario Outline: Forgot Password API with wrong end point    # src/test/java/FeatureFiles/APITest/ForgotPasswordAPI/ErrorHandling.feature:23
  Given User provides login information                                                         # StepDefinitions.APITest.GetAllProductsAPI.FunctionalityStepDefImpl.userProvidesLoginInformation()
  Given User provides login information                                                         # StepDefinitions.APITest.GetAllProductsAPI.FunctionalityStepDefImpl.userProvidesLoginInformation()
  Given User provides sfoi4hg9ufiorhgmail.com 123 123 details  # StepDefinitions.APITest.ForgotPasswordAPI.ErrorHandlingStepDefImpl.userProvidesUsernamePasswordConfirmpasswordDetails(java.lang.String,java.lang.String,java.lang.String)
  Given User provides correct details                              # StepDefinitions.APITest.ForgotPasswordAPI.FunctionalityStepDefImpl.userProvidesCorrectDetails()
  Given User provides login information                                                         # StepDefinitions.APITest.GetAllProductsAPI.FunctionalityStepDefImpl.userProvidesLoginInformation()
  Given User provides santhoshsai4517@gmail.com   details           # StepDefinitions.APITest.ForgotPasswordAPI.ErrorHandlingStepDefImpl.userProvidesUsernamePasswordConfirmpasswordDetails(java.lang.String,java.lang.String,java.lang.String)
  Given User provides filter details without authorization token           # StepDefinitions.APITest.GetAllProductsAPI.ErrorHandlingStepDefImpl.userProvidesFilterDetailsWithoutAuthorizationToken()
  Given User provides sfoi4hg9ufiorhgmail.com 123 123 details # StepDefinitions.APITest.ForgotPasswordAPI.ErrorHandlingStepDefImpl.userProvidesUsernamePasswordConfirmpasswordDetails(java.lang.String,java.lang.String,java.lang.String)
  Given User provides login information                                                         # StepDefinitions.APITest.GetAllProductsAPI.FunctionalityStepDefImpl.userProvidesLoginInformation()
Request method:	POST
Request URI:	https://rahulshettyacademy.com/api/ecom/auth/new-password
Proxy:			<none>
Request params:	<none>
Query params:	<none>
Form params:	<none>
Path params:	<none>
Headers:		Accept=*/*
				Content-Type=application/json
Cookies:		<none>
Multiparts:		<none>
Body:
{
    "userEmail": "sfoi4hg9ufiorhgmail.com",
    "userPassword": "123",
    "confirmPassword": "123"
}
Request method:	POST
Request URI:	https://rahulshettyacademy.com/api/ecom/auth/login
Proxy:			<none>
Request params:	<none>
Query params:	<none>
Form params:	<none>
Path params:	<none>
Headers:		Accept=*/*
				Content-Type=application/json
Cookies:		<none>
Multiparts:		<none>
Body:
{
    "userEmail": "santhoshsai4517@gmail.com",
    "userPassword": "151Fa04124@4517"
}
Request method:	POST
Request URI:	https://rahulshettyacademy.com/api/ecom/auth/login
Proxy:			<none>
Request params:	<none>
Query params:	<none>
Form params:	<none>
Path params:	<none>
Headers:		Accept=*/*
				Content-Type=application/json
Cookies:		<none>
Multiparts:		<none>
Body:
{
    "userEmail": "santhoshsai4517@gmail.com",
    "userPassword": "151Fa04124@4517"
}
Request method:	POST
Request URI:	https://rahulshettyacademy.com/api/ecom/auth/login
Proxy:			<none>
Request params:	<none>
Query params:	<none>
Form params:	<none>
Path params:	<none>
Headers:		Accept=*/*
				Content-Type=application/json
Cookies:		<none>
Multiparts:		<none>
Body:
{
    "userEmail": "santhoshsai4517@gmail.com",
    "userPassword": "151Fa04124@4517"
}
Request method:	POST
Request URI:	https://rahulshettyacademy.com/api/ecom/auth/new-passwordcer
Proxy:			<none>
Request params:	<none>
Query params:	<none>
Form params:	<none>
Path params:	<none>
Headers:		Accept=*/*
				Content-Type=application/json
Cookies:		<none>
Multiparts:		<none>
Body:
{
    "userEmail": "sfoi4hg9ufiorhgmail.com",
    "userPassword": "123",
    "confirmPassword": "123"
}
Request method:	POST
Request URI:	https://rahulshettyacademy.com/api/ecom/auth/new-password
Proxy:			<none>
Request params:	<none>
Query params:	<none>
Form params:	<none>
Path params:	<none>
Headers:		Accept=*/*
				Content-Type=application/json
Cookies:		<none>
Multiparts:		<none>
Body:
{
    "userEmail": "santhoshsai4517@gmail.com",
    "userPassword": "",
    "confirmPassword": ""
}
Request method:	POST
Request URI:	https://rahulshettyacademy.com/api/ecom/auth/new-password
Proxy:			<none>
Request params:	<none>
Query params:	<none>
Form params:	<none>
Path params:	<none>
Headers:		Accept=*/*
				Content-Type=application/json
Cookies:		<none>
Multiparts:		<none>
Body:
{
    "userEmail": "s1234@gmail.com",
    "userPassword": "151Fa04124@4517",
    "confirmPassword": "151Fa04124@4517"
}
Request method:	POST
Request URI:	https://rahulshettyacademy.com/api/ecom/auth/login
Proxy:			<none>
Request params:	<none>
Query params:	<none>
Form params:	<none>
Path params:	<none>
Headers:		Accept=*/*
				Content-Type=application/json
Cookies:		<none>
Multiparts:		<none>
Body:
{
    "userEmail": "santhoshsai4517@gmail.com",
    "userPassword": "151Fa04124@4517"
}
Request method:	POST
Request URI:	https://rahulshettyacademy.com/api/ecom/auth/login
Proxy:			<none>
Request params:	<none>
Query params:	<none>
Form params:	<none>
Path params:	<none>
Headers:		Accept=*/*
				Content-Type=application/json
Cookies:		<none>
Multiparts:		<none>
Body:
{
    "userEmail": "santhoshsai4517@gmail.com",
    "userPassword": "151Fa04124@4517"
}
Request method:	POST
Request URI:	https://rahulshettyacademy.com/api/ecom/product/get-all-products
Proxy:			<none>
Request params:	<none>
Query params:	<none>
Form params:	<none>
Path params:	<none>
Headers:		Accept=*/*
				Content-Type=application/json
Cookies:		<none>
Multiparts:		<none>
Body:
{
    "productName": "",
    "minPrice": null,
    "maxPrice": null,
    "productCategory": [
        
    ],
    "productSubCategory": [
        
    ],
    "productFor": [
        
    ]
}
  When User sends forgot password api request                  # StepDefinitions.APITest.ForgotPasswordAPI.ErrorHandlingStepDefImpl.userSendsForgotPasswordApiRequest()
  When User sends forgot password api request                       # StepDefinitions.APITest.ForgotPasswordAPI.ErrorHandlingStepDefImpl.userSendsForgotPasswordApiRequest()
HTTP/1.1 404 Not Found
Date: Mon, 06 Jan 2025 04:37:25 GMT
Server: Apache/2.4.52 (Ubuntu)
Content-Security-Policy: default-src 'self';base-uri 'self';block-all-mixed-content;font-src 'self' https: data:;frame-ancestors 'self';img-src 'self' data:;object-src 'none';script-src 'self';script-src-attr 'none';style-src 'self' https: 'unsafe-inline';upgrade-insecure-requests
X-DNS-Prefetch-Control: off
Expect-CT: max-age=0
X-Frame-Options: SAMEORIGIN
Strict-Transport-Security: max-age=15552000; includeSubDomains
X-Download-Options: noopen
X-Content-Type-Options: nosniff
X-Permitted-Cross-Domain-Policies: none
Referrer-Policy: no-referrer
X-XSS-Protection: 0
Access-Control-Allow-Origin: *
Content-Type: application/json; charset=utf-8
Content-Length: 29
ETag: W/"1d-PuFZGbFdVksd6DA+Q6gxJfihjNc"
Vary: Accept-Encoding
Keep-Alive: timeout=5, max=100
Connection: Keep-Alive

{
    "message": "User Not found."
}
HTTP/1.1 401 Unauthorized
Date: Mon, 06 Jan 2025 04:37:25 GMT
Server: Apache/2.4.52 (Ubuntu)
Content-Security-Policy: default-src 'self';base-uri 'self';block-all-mixed-content;font-src 'self' https: data:;frame-ancestors 'self';img-src 'self' data:;object-src 'none';script-src 'self';script-src-attr 'none';style-src 'self' https: 'unsafe-inline';upgrade-insecure-requests
X-DNS-Prefetch-Control: off
Expect-CT: max-age=0
X-Frame-Options: SAMEORIGIN
Strict-Transport-Security: max-age=15552000; includeSubDomains
X-Download-Options: noopen
X-Content-Type-Options: nosniff
X-Permitted-Cross-Domain-Policies: none
Referrer-Policy: no-referrer
X-XSS-Protection: 0
Access-Control-Allow-Origin: *
Content-Type: application/json; charset=utf-8
Content-Length: 64
ETag: W/"40-OA4ZisnDMYQXAk/ZYKwVHFgkyVA"
Vary: Accept-Encoding
Keep-Alive: timeout=5, max=100
Connection: Keep-Alive

{
    "type": "Invalid",
    "message": "Access denied. No token provided."
}
HTTP/1.1 200 OK
Date: Mon, 06 Jan 2025 04:37:25 GMT
Server: Apache/2.4.52 (Ubuntu)
Content-Security-Policy: default-src 'self';base-uri 'self';block-all-mixed-content;font-src 'self' https: data:;frame-ancestors 'self';img-src 'self' data:;object-src 'none';script-src 'self';script-src-attr 'none';style-src 'self' https: 'unsafe-inline';upgrade-insecure-requests
X-DNS-Prefetch-Control: off
Expect-CT: max-age=0
X-Frame-Options: SAMEORIGIN
Strict-Transport-Security: max-age=15552000; includeSubDomains
X-Download-Options: noopen
X-Content-Type-Options: nosniff
X-Permitted-Cross-Domain-Policies: none
Referrer-Policy: no-referrer
X-XSS-Protection: 0
Access-Control-Allow-Origin: *
Content-Type: application/json; charset=utf-8
Content-Length: 366
ETag: W/"16e-9SpctWmYj6q4CsFP+HWwTlAL1n4"
Vary: Accept-Encoding
Keep-Alive: timeout=5, max=100
Connection: Keep-Alive

{
    "token": "eyJhbGciOiJIUzI1NiIsInR5cCI6IkpXVCJ9.eyJfaWQiOiI2NmI0NGIwYWFlMmFmZDRjMGI0NDFmMzciLCJ1c2VyRW1haWwiOiJzYW50aG9zaHNhaTQ1MTdAZ21haWwuY29tIiwidXNlck1vYmlsZSI6OTA2MzUxNzYxNywidXNlclJvbGUiOiJjdXN0b21lciIsImlhdCI6MTczNjEzODI0NSwiZXhwIjoxNzY3Njk1ODQ1fQ.7_dg3s1vBO0b5GDqWsW3qwoeS_2QwMdUVEdKo8jtU7s",
    "userId": "66b44b0aae2afd4c0b441f37",
    "message": "Login Successfully"
}
HTTP/1.1 200 OK
Date: Mon, 06 Jan 2025 04:37:25 GMT
Server: Apache/2.4.52 (Ubuntu)
Content-Security-Policy: default-src 'self';base-uri 'self';block-all-mixed-content;font-src 'self' https: data:;frame-ancestors 'self';img-src 'self' data:;object-src 'none';script-src 'self';script-src-attr 'none';style-src 'self' https: 'unsafe-inline';upgrade-insecure-requests
X-DNS-Prefetch-Control: off
Expect-CT: max-age=0
X-Frame-Options: SAMEORIGIN
Strict-Transport-Security: max-age=15552000; includeSubDomains
X-Download-Options: noopen
X-Content-Type-Options: nosniff
X-Permitted-Cross-Domain-Policies: none
Referrer-Policy: no-referrer
X-XSS-Protection: 0
Access-Control-Allow-Origin: *
Content-Type: application/json; charset=utf-8
Content-Length: 366
ETag: W/"16e-9SpctWmYj6q4CsFP+HWwTlAL1n4"
Vary: Accept-Encoding
Keep-Alive: timeout=5, max=100
Connection: Keep-Alive

{
    "token": "eyJhbGciOiJIUzI1NiIsInR5cCI6IkpXVCJ9.eyJfaWQiOiI2NmI0NGIwYWFlMmFmZDRjMGI0NDFmMzciLCJ1c2VyRW1haWwiOiJzYW50aG9zaHNhaTQ1MTdAZ21haWwuY29tIiwidXNlck1vYmlsZSI6OTA2MzUxNzYxNywidXNlclJvbGUiOiJjdXN0b21lciIsImlhdCI6MTczNjEzODI0NSwiZXhwIjoxNzY3Njk1ODQ1fQ.7_dg3s1vBO0b5GDqWsW3qwoeS_2QwMdUVEdKo8jtU7s",
    "userId": "66b44b0aae2afd4c0b441f37",
    "message": "Login Successfully"
}
HTTP/1.1 200 OK
Date: Mon, 06 Jan 2025 04:37:24 GMT
Server: Apache/2.4.52 (Ubuntu)
Content-Security-Policy: default-src 'self';base-uri 'self';block-all-mixed-content;font-src 'self' https: data:;frame-ancestors 'self';img-src 'self' data:;object-src 'none';script-src 'self';script-src-attr 'none';style-src 'self' https: 'unsafe-inline';upgrade-insecure-requests
X-DNS-Prefetch-Control: off
Expect-CT: max-age=0
X-Frame-Options: SAMEORIGIN
Strict-Transport-Security: max-age=15552000; includeSubDomains
X-Download-Options: noopen
X-Content-Type-Options: nosniff
X-Permitted-Cross-Domain-Policies: none
Referrer-Policy: no-referrer
X-XSS-Protection: 0
Access-Control-Allow-Origin: *
Content-Type: application/json; charset=utf-8
Content-Length: 366
ETag: W/"16e-yKJlJ/wohW3SQ8waObopM2xNOYk"
Vary: Accept-Encoding
Keep-Alive: timeout=5, max=100
Connection: Keep-Alive

{
    "token": "eyJhbGciOiJIUzI1NiIsInR5cCI6IkpXVCJ9.eyJfaWQiOiI2NmI0NGIwYWFlMmFmZDRjMGI0NDFmMzciLCJ1c2VyRW1haWwiOiJzYW50aG9zaHNhaTQ1MTdAZ21haWwuY29tIiwidXNlck1vYmlsZSI6OTA2MzUxNzYxNywidXNlclJvbGUiOiJjdXN0b21lciIsImlhdCI6MTczNjEzODI0NCwiZXhwIjoxNzY3Njk1ODQ0fQ.IkVZZPJN8BiFnk53Iks2opyGYBDTCHjMTdK_6OHibho",
    "userId": "66b44b0aae2afd4c0b441f37",
    "message": "Login Successfully"
}
HTTP/1.1 200 OK
Date: Mon, 06 Jan 2025 04:37:25 GMT
Server: Apache/2.4.52 (Ubuntu)
Content-Security-Policy: default-src 'self';base-uri 'self';block-all-mixed-content;font-src 'self' https: data:;frame-ancestors 'self';img-src 'self' data:;object-src 'none';script-src 'self';script-src-attr 'none';style-src 'self' https: 'unsafe-inline';upgrade-insecure-requests
X-DNS-Prefetch-Control: off
Expect-CT: max-age=0
X-Frame-Options: SAMEORIGIN
Strict-Transport-Security: max-age=15552000; includeSubDomains
X-Download-Options: noopen
X-Content-Type-Options: nosniff
X-Permitted-Cross-Domain-Policies: none
Referrer-Policy: no-referrer
X-XSS-Protection: 0
Access-Control-Allow-Origin: *
Content-Type: application/json; charset=utf-8
Content-Length: 366
ETag: W/"16e-9SpctWmYj6q4CsFP+HWwTlAL1n4"
Vary: Accept-Encoding
Keep-Alive: timeout=5, max=100
Connection: Keep-Alive

{
    "token": "eyJhbGciOiJIUzI1NiIsInR5cCI6IkpXVCJ9.eyJfaWQiOiI2NmI0NGIwYWFlMmFmZDRjMGI0NDFmMzciLCJ1c2VyRW1haWwiOiJzYW50aG9zaHNhaTQ1MTdAZ21haWwuY29tIiwidXNlck1vYmlsZSI6OTA2MzUxNzYxNywidXNlclJvbGUiOiJjdXN0b21lciIsImlhdCI6MTczNjEzODI0NSwiZXhwIjoxNzY3Njk1ODQ1fQ.7_dg3s1vBO0b5GDqWsW3qwoeS_2QwMdUVEdKo8jtU7s",
    "userId": "66b44b0aae2afd4c0b441f37",
    "message": "Login Successfully"
}
HTTP/1.1 400 Bad Request
Date: Mon, 06 Jan 2025 04:37:25 GMT
Server: Apache/2.4.52 (Ubuntu)
Content-Security-Policy: default-src 'self';base-uri 'self';block-all-mixed-content;font-src 'self' https: data:;frame-ancestors 'self';img-src 'self' data:;object-src 'none';script-src 'self';script-src-attr 'none';style-src 'self' https: 'unsafe-inline';upgrade-insecure-requests
X-DNS-Prefetch-Control: off
Expect-CT: max-age=0
X-Frame-Options: SAMEORIGIN
Strict-Transport-Security: max-age=15552000; includeSubDomains
X-Download-Options: noopen
X-Content-Type-Options: nosniff
X-Permitted-Cross-Domain-Policies: none
Referrer-Policy: no-referrer
X-XSS-Protection: 0
Access-Control-Allow-Origin: *
Content-Type: application/json; charset=utf-8
Content-Length: 34
ETag: W/"22-XtEzHX9GQLzZL4rDhtcgubmhX1I"
Vary: Accept-Encoding
Connection: close

{
    "message": "Password is required"
}
  When User sends login api request                                                             # StepDefinitions.APITest.GetAllProductsAPI.FunctionalityStepDefImpl.userSendsLoginApiRequest()
  When User sends request with api end point                               # StepDefinitions.APITest.GetAllProductsAPI.ErrorHandlingStepDefImpl.userSendsRequestWithApiEndPoint()
  When User sends login api request                                                             # StepDefinitions.APITest.GetAllProductsAPI.FunctionalityStepDefImpl.userSendsLoginApiRequest()
  When User sends login api request                                                             # StepDefinitions.APITest.GetAllProductsAPI.FunctionalityStepDefImpl.userSendsLoginApiRequest()
  Given User provides filter details                  # StepDefinitions.APITest.GetAllProductsAPI.ErrorHandlingStepDefImpl.userProvidesFilterDetails()
Request method:	POST
Request URI:	https://rahulshettyacademy.com/api/ecom/auth/et-all-products
Proxy:			<none>
Request params:	<none>
Query params:	<none>
Form params:	<none>
Path params:	<none>
Headers:		Authorization=eyJhbGciOiJIUzI1NiIsInR5cCI6IkpXVCJ9.eyJfaWQiOiI2NmI0NGIwYWFlMmFmZDRjMGI0NDFmMzciLCJ1c2VyRW1haWwiOiJzYW50aG9zaHNhaTQ1MTdAZ21haWwuY29tIiwidXNlck1vYmlsZSI6OTA2MzUxNzYxNywidXNlclJvbGUiOiJjdXN0b21lciIsImlhdCI6MTczNjEzODI0NCwiZXhwIjoxNzY3Njk1ODQ0fQ.IkVZZPJN8BiFnk53Iks2opyGYBDTCHjMTdK_6OHibho
				Accept=*/*
				Content-Type=application/json
Cookies:		<none>
Multiparts:		<none>
Body:
{
    "productName": "",
    "minPrice": null,
    "maxPrice": null,
    "productCategory": [
        
    ],
    "productSubCategory": [
        
    ],
    "productFor": [
        
    ]
}
  Then "Access denied. No token provided." message is returned in response # StepDefinitions.APITest.GetAllProductsAPI.ErrorHandlingStepDefImpl.messageIsReturnedInResponse(java.lang.String)
  Then User gets back a token in api response                                                   # StepDefinitions.APITest.GetAllProductsAPI.FunctionalityStepDefImpl.userGetsBackATokenInApiResponse()
  Then User gets back a token in api response                                                   # StepDefinitions.APITest.GetAllProductsAPI.FunctionalityStepDefImpl.userGetsBackATokenInApiResponse()
  Then User Not found. message  and 404 error code is returned # StepDefinitions.APITest.ForgotPasswordAPI.ErrorHandlingStepDefImpl.messageMessageAndCodeErrorCodeIsReturned(java.lang.String,java.lang.String)
  Then Password is required message  and 400 error code is returned # StepDefinitions.APITest.ForgotPasswordAPI.ErrorHandlingStepDefImpl.messageMessageAndCodeErrorCodeIsReturned(java.lang.String,java.lang.String)
  Then User gets back a token in api response                                                   # StepDefinitions.APITest.GetAllProductsAPI.FunctionalityStepDefImpl.userGetsBackATokenInApiResponse()
  Given User provides       filter details to get products                                      # StepDefinitions.APITest.GetAllProductsAPI.FunctionalityStepDefImpl.userProvidesNameMinMaxCatSubcatForFilterDetailsToGetProducts(java.lang.String,java.lang.String,java.lang.String,java.lang.String,java.lang.String,java.lang.String)
  Given User provides ADIDAS      filter details to get products                                # StepDefinitions.APITest.GetAllProductsAPI.FunctionalityStepDefImpl.userProvidesNameMinMaxCatSubcatForFilterDetailsToGetProducts(java.lang.String,java.lang.String,java.lang.String,java.lang.String,java.lang.String,java.lang.String)
Request method:	POST
Request URI:	https://rahulshettyacademy.com/api/ecom/product/get-all-products
Proxy:			<none>
Request params:	<none>
Query params:	<none>
Form params:	<none>
Path params:	<none>
Headers:		Authorization=eyJhbGciOiJIUzI1NiIsInR5cCI6IkpXVCJ9.eyJfaWQiOiI2NmI0NGIwYWFlMmFmZDRjMGI0NDFmMzciLCJ1c2VyRW1haWwiOiJzYW50aG9zaHNhaTQ1MTdAZ21haWwuY29tIiwidXNlck1vYmlsZSI6OTA2MzUxNzYxNywidXNlclJvbGUiOiJjdXN0b21lciIsImlhdCI6MTczNjEzODI0NSwiZXhwIjoxNzY3Njk1ODQ1fQ.7_dg3s1vBO0b5GDqWsW3qwoeS_2QwMdUVEdKo8jtU7s
				Accept=*/*
				Content-Type=application/json
Cookies:		<none>
Multiparts:		<none>
Body:
{
    "productName": "ADIDAS",
    "minPrice": null,
    "maxPrice": null,
    "productCategory": [
        
    ],
    "productSubCategory": [
        
    ],
    "productFor": [
        
    ]
}
Request method:	POST
Request URI:	https://rahulshettyacademy.com/api/ecom/product/get-all-products
Proxy:			<none>
Request params:	<none>
Query params:	<none>
Form params:	<none>
Path params:	<none>
Headers:		Authorization=eyJhbGciOiJIUzI1NiIsInR5cCI6IkpXVCJ9.eyJfaWQiOiI2NmI0NGIwYWFlMmFmZDRjMGI0NDFmMzciLCJ1c2VyRW1haWwiOiJzYW50aG9zaHNhaTQ1MTdAZ21haWwuY29tIiwidXNlck1vYmlsZSI6OTA2MzUxNzYxNywidXNlclJvbGUiOiJjdXN0b21lciIsImlhdCI6MTczNjEzODI0NSwiZXhwIjoxNzY3Njk1ODQ1fQ.7_dg3s1vBO0b5GDqWsW3qwoeS_2QwMdUVEdKo8jtU7s
				Accept=*/*
				Content-Type=application/json
Cookies:		<none>
Multiparts:		<none>
Body:
{
    "productName": "",
    "minPrice": null,
    "maxPrice": null,
    "productCategory": [
        
    ],
    "productSubCategory": [
        
    ],
    "productFor": [
        
    ]
}
  When User sends request to wrong end point                  # StepDefinitions.APITest.ForgotPasswordAPI.ErrorHandlingStepDefImpl.userSendsRequestToWrongEndPoint()
  Given User provides  50000     filter details to get products                                 # StepDefinitions.APITest.GetAllProductsAPI.FunctionalityStepDefImpl.userProvidesNameMinMaxCatSubcatForFilterDetailsToGetProducts(java.lang.String,java.lang.String,java.lang.String,java.lang.String,java.lang.String,java.lang.String)
Request method:	POST
Request URI:	https://rahulshettyacademy.com/api/ecom/product/get-all-products
Proxy:			<none>
Request params:	<none>
Query params:	<none>
Form params:	<none>
Path params:	<none>
Headers:		Authorization=eyJhbGciOiJIUzI1NiIsInR5cCI6IkpXVCJ9.eyJfaWQiOiI2NmI0NGIwYWFlMmFmZDRjMGI0NDFmMzciLCJ1c2VyRW1haWwiOiJzYW50aG9zaHNhaTQ1MTdAZ21haWwuY29tIiwidXNlck1vYmlsZSI6OTA2MzUxNzYxNywidXNlclJvbGUiOiJjdXN0b21lciIsImlhdCI6MTczNjEzODI0NSwiZXhwIjoxNzY3Njk1ODQ1fQ.7_dg3s1vBO0b5GDqWsW3qwoeS_2QwMdUVEdKo8jtU7s
				Accept=*/*
				Content-Type=application/json
Cookies:		<none>
Multiparts:		<none>
Body:
{
    "productName": "",
    "minPrice": 50000,
    "maxPrice": null,
    "productCategory": [
        
    ],
    "productSubCategory": [
        
    ],
    "productFor": [
        
    ]
}
HTTP/1.1 404 Not Found
Date: Mon, 06 Jan 2025 04:37:25 GMT
Server: Apache/2.4.52 (Ubuntu)
Content-Security-Policy: default-src 'none'
X-DNS-Prefetch-Control: off
Expect-CT: max-age=0
X-Frame-Options: SAMEORIGIN
Strict-Transport-Security: max-age=15552000; includeSubDomains
X-Download-Options: noopen
X-Content-Type-Options: nosniff
X-Permitted-Cross-Domain-Policies: none
Referrer-Policy: no-referrer
X-XSS-Protection: 0
Access-Control-Allow-Origin: *
Content-Type: text/html; charset=utf-8
Content-Length: 160
Vary: Accept-Encoding
Keep-Alive: timeout=5, max=100
Connection: Keep-Alive

<html lang="en">
  <head>
    <meta charset="utf-8"/>
    <title>Error</title>
  </head>
  <body>
    <pre>Cannot POST /auth/new-passwordcer</pre>
  </body>
</html>
  Then "404" error code is returned in response               # StepDefinitions.APITest.ForgotPasswordAPI.ErrorHandlingStepDefImpl.errorIsReturnedInResponse(java.lang.String)
  When User sends forgot password request                          # StepDefinitions.APITest.ForgotPasswordAPI.FunctionalityStepDefImpl.userSendsForgotPasswordRequest()
      java.lang.AssertionError: 1 expectation failed.
Expected response time was not a value less than <2000L> milliseconds, was 2025 milliseconds (2025 milliseconds).
	at java.base/jdk.internal.reflect.DirectConstructorHandleAccessor.newInstance(DirectConstructorHandleAccessor.java:62)
	at java.base/java.lang.reflect.Constructor.newInstanceWithCaller(Constructor.java:502)
	at java.base/java.lang.reflect.Constructor.newInstance(Constructor.java:486)
	at org.codehaus.groovy.reflection.CachedConstructor.invoke(CachedConstructor.java:73)
	at org.codehaus.groovy.runtime.callsite.ConstructorSite$ConstructorSiteNoUnwrapNoCoerce.callConstructor(ConstructorSite.java:108)
	at org.codehaus.groovy.runtime.callsite.CallSiteArray.defaultCallConstructor(CallSiteArray.java:57)
	at org.codehaus.groovy.runtime.callsite.AbstractCallSite.callConstructor(AbstractCallSite.java:263)
	at org.codehaus.groovy.runtime.callsite.AbstractCallSite.callConstructor(AbstractCallSite.java:277)
	at io.restassured.internal.ResponseSpecificationImpl$HamcrestAssertionClosure.validate(ResponseSpecificationImpl.groovy:512)
	at io.restassured.internal.ResponseSpecificationImpl$HamcrestAssertionClosure$validate$1.call(Unknown Source)
	at io.restassured.internal.ResponseSpecificationImpl.validate(ResponseSpecificationImpl.groovy:101)
	at io.restassured.internal.ValidatableResponseOptionsImpl.spec(ValidatableResponseOptionsImpl.java:288)
	at StepDefinitions.APITest.ForgotPasswordAPI.FunctionalityStepDefImpl.userSendsForgotPasswordRequest(FunctionalityStepDefImpl.java:41)
	at ✽.User sends forgot password request(file:///C:/Users/santh/Desktop/Ecommerce%20Automation/Selenium/EcommercePractise/src/test/java/FeatureFiles/APITest/ForgotPasswordAPI/Functionality.feature:6)

  Then "Password Changed Successfully" message is returned to user # StepDefinitions.APITest.ForgotPasswordAPI.FunctionalityStepDefImpl.messageIsReturnedToUser(java.lang.String)
  When User sends request with wrong api end point    # StepDefinitions.APITest.GetAllProductsAPI.ErrorHandlingStepDefImpl.userSendsRequestWithWrongApiEndPoint()
HTTP/1.1 404 Not Found
Date: Mon, 06 Jan 2025 04:37:26 GMT
Server: Apache/2.4.52 (Ubuntu)
Content-Security-Policy: default-src 'none'
X-DNS-Prefetch-Control: off
Expect-CT: max-age=0
X-Frame-Options: SAMEORIGIN
Strict-Transport-Security: max-age=15552000; includeSubDomains
X-Download-Options: noopen
X-Content-Type-Options: nosniff
X-Permitted-Cross-Domain-Policies: none
Referrer-Policy: no-referrer
X-XSS-Protection: 0
Access-Control-Allow-Origin: *
Content-Type: text/html; charset=utf-8
Content-Length: 160
Vary: Accept-Encoding
Keep-Alive: timeout=5, max=100
Connection: Keep-Alive

<html lang="en">
  <head>
    <meta charset="utf-8"/>
    <title>Error</title>
  </head>
  <body>
    <pre>Cannot POST /auth/et-all-products</pre>
  </body>
</html>
  Then "404" error is returned in response            # StepDefinitions.APITest.GetAllProductsAPI.ErrorHandlingStepDefImpl.errorIsReturnedInResponse(java.lang.String)
  When User sends login api request                                                             # StepDefinitions.APITest.GetAllProductsAPI.FunctionalityStepDefImpl.userSendsLoginApiRequest()
      java.lang.AssertionError: 1 expectation failed.
Expected response time was not a value less than <2000L> milliseconds, was 2190 milliseconds (2190 milliseconds).
	at java.base/jdk.internal.reflect.DirectConstructorHandleAccessor.newInstance(DirectConstructorHandleAccessor.java:62)
	at java.base/java.lang.reflect.Constructor.newInstanceWithCaller(Constructor.java:502)
	at java.base/java.lang.reflect.Constructor.newInstance(Constructor.java:486)
	at org.codehaus.groovy.reflection.CachedConstructor.invoke(CachedConstructor.java:73)
	at org.codehaus.groovy.runtime.callsite.ConstructorSite$ConstructorSiteNoUnwrapNoCoerce.callConstructor(ConstructorSite.java:108)
	at org.codehaus.groovy.runtime.callsite.AbstractCallSite.callConstructor(AbstractCallSite.java:277)
	at io.restassured.internal.ResponseSpecificationImpl$HamcrestAssertionClosure.validate(ResponseSpecificationImpl.groovy:512)
	at io.restassured.internal.ResponseSpecificationImpl$HamcrestAssertionClosure$validate$1.call(Unknown Source)
	at io.restassured.internal.ResponseSpecificationImpl.validate(ResponseSpecificationImpl.groovy:101)
	at io.restassured.internal.ValidatableResponseOptionsImpl.spec(ValidatableResponseOptionsImpl.java:288)
	at StepDefinitions.APITest.GetAllProductsAPI.FunctionalityStepDefImpl.userSendsLoginApiRequest(FunctionalityStepDefImpl.java:43)
	at ✽.User sends login api request(file:///C:/Users/santh/Desktop/Ecommerce%20Automation/Selenium/EcommercePractise/src/test/java/FeatureFiles/APITest/GetAllProductsAPI/Functionality.feature:5)

  Then User gets back a token in api response                                                   # StepDefinitions.APITest.GetAllProductsAPI.FunctionalityStepDefImpl.userGetsBackATokenInApiResponse()
  Given User provides   50000    filter details to get products                                 # StepDefinitions.APITest.GetAllProductsAPI.FunctionalityStepDefImpl.userProvidesNameMinMaxCatSubcatForFilterDetailsToGetProducts(java.lang.String,java.lang.String,java.lang.String,java.lang.String,java.lang.String,java.lang.String)
  When User sends get all products api request                                                  # StepDefinitions.APITest.GetAllProductsAPI.FunctionalityStepDefImpl.userSendsGetAllProductsApiReques()
  Then "All Products fetched Successfully" message is returned in get all products api response # StepDefinitions.APITest.GetAllProductsAPI.FunctionalityStepDefImpl.messageIsReturnedInGetallProductsApiResponse(java.lang.String)
HTTP/1.1 200 OK
Date: Mon, 06 Jan 2025 04:37:27 GMT
Server: Apache/2.4.52 (Ubuntu)
Content-Security-Policy: default-src 'self';base-uri 'self';block-all-mixed-content;font-src 'self' https: data:;frame-ancestors 'self';img-src 'self' data:;object-src 'none';script-src 'self';script-src-attr 'none';style-src 'self' https: 'unsafe-inline';upgrade-insecure-requests
X-DNS-Prefetch-Control: off
Expect-CT: max-age=0
X-Frame-Options: SAMEORIGIN
Strict-Transport-Security: max-age=15552000; includeSubDomains
X-Download-Options: noopen
X-Content-Type-Options: nosniff
X-Permitted-Cross-Domain-Policies: none
Referrer-Policy: no-referrer
X-XSS-Protection: 0
Access-Control-Allow-Origin: *
Content-Type: application/json; charset=utf-8
Content-Length: 481
ETag: W/"1e1-TUm+HvqAX9TALtoVKR+MOYXKUzY"
Vary: Accept-Encoding
Keep-Alive: timeout=5, max=100
Connection: Keep-Alive

{
    "data": [
        {
            "_id": "6581ca979fd99c85e8ee7faf",
            "productName": "ADIDAS ORIGINAL",
            "productCategory": "household",
            "productSubCategory": "shoes",
            "productPrice": 31500,
            "productDescription": "Adidas shoes for Men",
            "productImage": "https://rahulshettyacademy.com/api/ecom/uploads/productImage_1650649488046.jpg",
            "productRating": "0",
            "productTotalOrders": "0",
            "productStatus": true,
            "productFor": "men",
            "productAddedBy": "admin@gmail.com",
            "__v": 0
        }
    ],
    "count": 1,
    "message": "All Products fetched Successfully"
}
HTTP/1.1 200 OK
Date: Mon, 06 Jan 2025 04:37:27 GMT
Server: Apache/2.4.52 (Ubuntu)
Content-Security-Policy: default-src 'self';base-uri 'self';block-all-mixed-content;font-src 'self' https: data:;frame-ancestors 'self';img-src 'self' data:;object-src 'none';script-src 'self';script-src-attr 'none';style-src 'self' https: 'unsafe-inline';upgrade-insecure-requests
X-DNS-Prefetch-Control: off
Expect-CT: max-age=0
X-Frame-Options: SAMEORIGIN
Strict-Transport-Security: max-age=15552000; includeSubDomains
X-Download-Options: noopen
X-Content-Type-Options: nosniff
X-Permitted-Cross-Domain-Policies: none
Referrer-Policy: no-referrer
X-XSS-Protection: 0
Access-Control-Allow-Origin: *
Content-Type: application/json; charset=utf-8
ETag: W/"1235-pvPjr06Vm3XxDS3ekVPSMc/+rK8"
Vary: Accept-Encoding
Content-Encoding: gzip
Keep-Alive: timeout=5, max=100
Connection: Keep-Alive
Transfer-Encoding: chunked

{
    "data": [
        {
            "_id": "6581ca979fd99c85e8ee7faf",
            "productName": "ADIDAS ORIGINAL",
            "productCategory": "household",
            "productSubCategory": "shoes",
            "productPrice": 31500,
            "productDescription": "Adidas shoes for Men",
            "productImage": "https://rahulshettyacademy.com/api/ecom/uploads/productImage_1650649488046.jpg",
            "productRating": "0",
            "productTotalOrders": "0",
            "productStatus": true,
            "productFor": "men",
            "productAddedBy": "admin@gmail.com",
            "__v": 0
        },
        {
            "_id": "6581cade9fd99c85e8ee7ff5",
            "productName": "IPHONE 13 PRO",
            "productCategory": "electronics",
            "productSubCategory": "mobiles",
            "productPrice": 231500,
            "productDescription": "Latest Apple Iphone13 pro with 200mp front camera",
            "productImage": "https://rahulshettyacademy.com/api/ecom/uploads/productImage_1650649561326.jpg",
            "productRating": "0",
            "productTotalOrders": "0",
            "productStatus": true,
            "productFor": "men",
            "productAddedBy": "admin@gmail.com",
            "__v": 0
        },
        {
            "_id": "6701364cae2afd4c0b90113c",
            "productName": "qwerty",
            "productCategory": "fashion",
            "productSubCategory": "shirts",
            "productPrice": 11500,
            "productDescription": "Addias Originals",
            "productImage": "https://rahulshettyacademy.com/api/ecom/uploads/productImage_1728132684377.jpg",
            "productRating": "0",
            "productTotalOrders": "0",
            "productStatus": true,
            "productFor": "women",
            "productAddedBy": "admin@gmail.com",
            "__v": 0
        },
        {
            "_id": "6755755ce2b5443b1fea9e2e",
            "productName": "Wilhelmine",
            "productCategory": "fashion",
            "productSubCategory": "shirts",
            "productPrice": 106.66,
            "productDescription": "Addias Originals",
            "productImage": "https://rahulshettyacademy.com/api/ecom/uploads/productImage_1733653851968.png",
            "productRating": "0",
            "productTotalOrders": "0",
            "productStatus": true,
            "productFor": "women",
            "productAddedBy": "66b44b0aae2afd4c0b441f37",
            "__v": 0
        },
        {
            "_id": "67558397e2b5443b1feab77b",
            "productName": "Cleo",
            "productCategory": "fashion",
            "productSubCategory": "shirts",
            "productPrice": 386.52,
            "productDescription": "Addias Originals",
            "productImage": "https://rahulshettyacademy.com/api/ecom/uploads/productImage_1733657494362.png",
            "productRating": "0",
            "productTotalOrders": "0",
            "productStatus": true,
            "productFor": "women",
            "productAddedBy": "66b44b0aae2afd4c0b441f37",
            "__v": 0
        },
        {
            "_id": "6755917ce2b5443b1feac8ff",
            "productName": "Reilly",
            "productCategory": "fashion",
            "productSubCategory": "shirts",
            "productPrice": 223.97,
            "productDescription": "Addias Originals",
            "productImage": "https://rahulshettyacademy.com/api/ecom/uploads/productImage_1733661051187.png",
            "productRating": "0",
            "productTotalOrders": "0",
            "productStatus": true,
            "productFor": "women",
            "productAddedBy": "66b44b0aae2afd4c0b441f37",
            "__v": 0
        },
        {
            "_id": "67559f85e2b5443b1fead943",
            "productName": "Annetta",
            "productCategory": "fashion",
            "productSubCategory": "shirts",
            "productPrice": 898.66,
            "productDescription": "Addias Originals",
            "productImage": "https://rahulshettyacademy.com/api/ecom/uploads/productImage_1733664643789.png",
            "productRating": "0",
            "productTotalOrders": "0",
            "productStatus": true,
            "productFor": "women",
            "productAddedBy": "66b44b0aae2afd4c0b441f37",
            "__v": 0
        },
        {
            "_id": "6755e6b8e2b5443b1feb23fa",
            "productName": "Aric",
            "productCategory": "fashion",
            "productSubCategory": "shirts",
            "productPrice": 640.43,
            "productDescription": "Addias Originals",
            "productImage": "https://rahulshettyacademy.com/api/ecom/uploads/productImage_1733682871538.png",
            "productRating": "0",
            "productTotalOrders": "0",
            "productStatus": true,
            "productFor": "women",
            "productAddedBy": "66b44b0aae2afd4c0b441f37",
            "__v": 0
        },
        {
            "_id": "676a631fe2b5443b1f004a20",
            "productName": "Banarsi Saree",
            "productCategory": "Cloths",
            "productSubCategory": "Women Cloths",
            "productPrice": 231500,
            "productDescription": "Latest Design in 2024",
            "productImage": "https://rahulshettyacademy.com/api/ecom/uploads/productImage_1735025439009.jpg",
            "productRating": "0",
            "productTotalOrders": "0",
            "productStatus": true,
            "productFor": "Women",
            "productAddedBy": "admin@gmail.com",
            "__v": 0
        },
        {
            "_id": "676a6619e2b5443b1f004fff",
            "productName": "LG Refrigerator",
            "productCategory": "Fride",
            "productSubCategory": "Electronics",
            "productPrice": 25000,
            "productDescription": "Latest Design in 2024",
            "productImage": "https://rahulshettyacademy.com/api/ecom/uploads/productImage_1735026201323.png",
            "productRating": "0",
            "productTotalOrders": "0",
            "productStatus": true,
            "productFor": "family",
            "productAddedBy": "admin@gmail.com",
            "__v": 0
        },
        {
            "_id": "676a9421e2b5443b1f00a1b2",
            "productName": "LG Refrigerator",
            "productCategory": "Fride",
            "productSubCategory": "Electronics",
            "productPrice": 25000,
            "productDescription": "Latest Design in 2024",
            "productImage": "https://rahulshettyacademy.com/api/ecom/uploads/productImage_1735037985643.png",
            "productRating": "0",
            "productTotalOrders": "0",
            "productStatus": true,
            "productFor": "family",
            "productAddedBy": "admin@gmail.com",
            "__v": 0
        }
    ],
    "count": 11,
    "message": "All Products fetched Successfully"
}
HTTP/1.1 200 OK
Date: Mon, 06 Jan 2025 04:37:27 GMT
Server: Apache/2.4.52 (Ubuntu)
Content-Security-Policy: default-src 'self';base-uri 'self';block-all-mixed-content;font-src 'self' https: data:;frame-ancestors 'self';img-src 'self' data:;object-src 'none';script-src 'self';script-src-attr 'none';style-src 'self' https: 'unsafe-inline';upgrade-insecure-requests
X-DNS-Prefetch-Control: off
Expect-CT: max-age=0
X-Frame-Options: SAMEORIGIN
Strict-Transport-Security: max-age=15552000; includeSubDomains
X-Download-Options: noopen
X-Content-Type-Options: nosniff
X-Permitted-Cross-Domain-Policies: none
Referrer-Policy: no-referrer
X-XSS-Protection: 0
Access-Control-Allow-Origin: *
Content-Type: application/json; charset=utf-8
ETag: W/"1235-pvPjr06Vm3XxDS3ekVPSMc/+rK8"
Vary: Accept-Encoding
Content-Encoding: gzip
Keep-Alive: timeout=5, max=100
Connection: Keep-Alive
Transfer-Encoding: chunked

{
    "data": [
        {
            "_id": "6581ca979fd99c85e8ee7faf",
            "productName": "ADIDAS ORIGINAL",
            "productCategory": "household",
            "productSubCategory": "shoes",
            "productPrice": 31500,
            "productDescription": "Adidas shoes for Men",
            "productImage": "https://rahulshettyacademy.com/api/ecom/uploads/productImage_1650649488046.jpg",
            "productRating": "0",
            "productTotalOrders": "0",
            "productStatus": true,
            "productFor": "men",
            "productAddedBy": "admin@gmail.com",
            "__v": 0
        },
        {
            "_id": "6581cade9fd99c85e8ee7ff5",
            "productName": "IPHONE 13 PRO",
            "productCategory": "electronics",
            "productSubCategory": "mobiles",
            "productPrice": 231500,
            "productDescription": "Latest Apple Iphone13 pro with 200mp front camera",
            "productImage": "https://rahulshettyacademy.com/api/ecom/uploads/productImage_1650649561326.jpg",
            "productRating": "0",
            "productTotalOrders": "0",
            "productStatus": true,
            "productFor": "men",
            "productAddedBy": "admin@gmail.com",
            "__v": 0
        },
        {
            "_id": "6701364cae2afd4c0b90113c",
            "productName": "qwerty",
            "productCategory": "fashion",
            "productSubCategory": "shirts",
            "productPrice": 11500,
            "productDescription": "Addias Originals",
            "productImage": "https://rahulshettyacademy.com/api/ecom/uploads/productImage_1728132684377.jpg",
            "productRating": "0",
            "productTotalOrders": "0",
            "productStatus": true,
            "productFor": "women",
            "productAddedBy": "admin@gmail.com",
            "__v": 0
        },
        {
            "_id": "6755755ce2b5443b1fea9e2e",
            "productName": "Wilhelmine",
            "productCategory": "fashion",
            "productSubCategory": "shirts",
            "productPrice": 106.66,
            "productDescription": "Addias Originals",
            "productImage": "https://rahulshettyacademy.com/api/ecom/uploads/productImage_1733653851968.png",
            "productRating": "0",
            "productTotalOrders": "0",
            "productStatus": true,
            "productFor": "women",
            "productAddedBy": "66b44b0aae2afd4c0b441f37",
            "__v": 0
        },
        {
            "_id": "67558397e2b5443b1feab77b",
            "productName": "Cleo",
            "productCategory": "fashion",
            "productSubCategory": "shirts",
            "productPrice": 386.52,
            "productDescription": "Addias Originals",
            "productImage": "https://rahulshettyacademy.com/api/ecom/uploads/productImage_1733657494362.png",
            "productRating": "0",
            "productTotalOrders": "0",
            "productStatus": true,
            "productFor": "women",
            "productAddedBy": "66b44b0aae2afd4c0b441f37",
            "__v": 0
        },
        {
            "_id": "6755917ce2b5443b1feac8ff",
            "productName": "Reilly",
            "productCategory": "fashion",
            "productSubCategory": "shirts",
            "productPrice": 223.97,
            "productDescription": "Addias Originals",
            "productImage": "https://rahulshettyacademy.com/api/ecom/uploads/productImage_1733661051187.png",
            "productRating": "0",
            "productTotalOrders": "0",
            "productStatus": true,
            "productFor": "women",
            "productAddedBy": "66b44b0aae2afd4c0b441f37",
            "__v": 0
        },
        {
            "_id": "67559f85e2b5443b1fead943",
            "productName": "Annetta",
            "productCategory": "fashion",
            "productSubCategory": "shirts",
            "productPrice": 898.66,
            "productDescription": "Addias Originals",
            "productImage": "https://rahulshettyacademy.com/api/ecom/uploads/productImage_1733664643789.png",
            "productRating": "0",
            "productTotalOrders": "0",
            "productStatus": true,
            "productFor": "women",
            "productAddedBy": "66b44b0aae2afd4c0b441f37",
            "__v": 0
        },
        {
            "_id": "6755e6b8e2b5443b1feb23fa",
            "productName": "Aric",
            "productCategory": "fashion",
            "productSubCategory": "shirts",
            "productPrice": 640.43,
            "productDescription": "Addias Originals",
            "productImage": "https://rahulshettyacademy.com/api/ecom/uploads/productImage_1733682871538.png",
            "productRating": "0",
            "productTotalOrders": "0",
            "productStatus": true,
            "productFor": "women",
            "productAddedBy": "66b44b0aae2afd4c0b441f37",
            "__v": 0
        },
        {
            "_id": "676a631fe2b5443b1f004a20",
            "productName": "Banarsi Saree",
            "productCategory": "Cloths",
            "productSubCategory": "Women Cloths",
            "productPrice": 231500,
            "productDescription": "Latest Design in 2024",
            "productImage": "https://rahulshettyacademy.com/api/ecom/uploads/productImage_1735025439009.jpg",
            "productRating": "0",
            "productTotalOrders": "0",
            "productStatus": true,
            "productFor": "Women",
            "productAddedBy": "admin@gmail.com",
            "__v": 0
        },
        {
            "_id": "676a6619e2b5443b1f004fff",
            "productName": "LG Refrigerator",
            "productCategory": "Fride",
            "productSubCategory": "Electronics",
            "productPrice": 25000,
            "productDescription": "Latest Design in 2024",
            "productImage": "https://rahulshettyacademy.com/api/ecom/uploads/productImage_1735026201323.png",
            "productRating": "0",
            "productTotalOrders": "0",
            "productStatus": true,
            "productFor": "family",
            "productAddedBy": "admin@gmail.com",
            "__v": 0
        },
        {
            "_id": "676a9421e2b5443b1f00a1b2",
            "productName": "LG Refrigerator",
            "productCategory": "Fride",
            "productSubCategory": "Electronics",
            "productPrice": 25000,
            "productDescription": "Latest Design in 2024",
            "productImage": "https://rahulshettyacademy.com/api/ecom/uploads/productImage_1735037985643.png",
            "productRating": "0",
            "productTotalOrders": "0",
            "productStatus": true,
            "productFor": "family",
            "productAddedBy": "admin@gmail.com",
            "__v": 0
        }
    ],
    "count": 11,
    "message": "All Products fetched Successfully"
}
  When User sends get all products api request                                                  # StepDefinitions.APITest.GetAllProductsAPI.FunctionalityStepDefImpl.userSendsGetAllProductsApiReques()
  Then "All Products fetched Successfully" message is returned in get all products api response # StepDefinitions.APITest.GetAllProductsAPI.FunctionalityStepDefImpl.messageIsReturnedInGetallProductsApiResponse(java.lang.String)
  When User sends get all products api request                                                  # StepDefinitions.APITest.GetAllProductsAPI.FunctionalityStepDefImpl.userSendsGetAllProductsApiReques()
  When User sends get all products api request                                                  # StepDefinitions.APITest.GetAllProductsAPI.FunctionalityStepDefImpl.userSendsGetAllProductsApiReques()
  Then "All Products fetched Successfully" message is returned in get all products api response # StepDefinitions.APITest.GetAllProductsAPI.FunctionalityStepDefImpl.messageIsReturnedInGetallProductsApiResponse(java.lang.String)
  Then "All Products fetched Successfully" message is returned in get all products api response # StepDefinitions.APITest.GetAllProductsAPI.FunctionalityStepDefImpl.messageIsReturnedInGetallProductsApiResponse(java.lang.String)
]]></system-out>
    <system-err><![CDATA[SLF4J: Failed to load class "org.slf4j.impl.StaticLoggerBinder".
SLF4J: Defaulting to no-operation (NOP) logger implementation
SLF4J: See http://www.slf4j.org/codes.html#StaticLoggerBinder for further details.
]]></system-err>
  </testcase>
  <testcase name="runScenario[&quot;Forgot Password API with incorrect details&quot;, &quot;Forgot Password API error handling&quot;](3)" classname="TestNGTestRunner" time="4.831"/>
  <testcase name="runScenario[&quot;GetAllProducts API with no authorization token&quot;, &quot;GetAllProducts API functionality&quot;](3)" classname="TestNGTestRunner" time="4.831"/>
  <testcase name="runScenario[&quot;Forgot Password API with wrong end point&quot;, &quot;Forgot Password API error handling&quot;](4)" classname="TestNGTestRunner" time="0.273">
    <system-out><![CDATA[
@FunctionalAPI
Scenario Outline: GetAllProducts API with filters                                               # src/test/java/FeatureFiles/APITest/GetAllProductsAPI/Functionality.feature:23

@FunctionalAPI
Scenario Outline: GetAllProducts API with filters                                               # src/test/java/FeatureFiles/APITest/GetAllProductsAPI/Functionality.feature:21

@FunctionalAPI
Scenario Outline: GetAllProducts API with filters                                               # src/test/java/FeatureFiles/APITest/GetAllProductsAPI/Functionality.feature:22
  Given User provides login information                                                         # StepDefinitions.APITest.GetAllProductsAPI.FunctionalityStepDefImpl.userProvidesLoginInformation()
  Given User provides login information                                                         # StepDefinitions.APITest.GetAllProductsAPI.FunctionalityStepDefImpl.userProvidesLoginInformation()
  Given User provides login information                                                         # StepDefinitions.APITest.GetAllProductsAPI.FunctionalityStepDefImpl.userProvidesLoginInformation()
Request method:	POST
Request URI:	https://rahulshettyacademy.com/api/ecom/auth/login
Proxy:			<none>
Request params:	<none>
Query params:	<none>
Form params:	<none>
Path params:	<none>
Headers:		Accept=*/*
				Content-Type=application/json
Cookies:		<none>
Multiparts:		<none>
Body:
{
    "userEmail": "santhoshsai4517@gmail.com",
    "userPassword": "151Fa04124@4517"
}
Request method:	POST
Request URI:	https://rahulshettyacademy.com/api/ecom/auth/login
Proxy:			<none>
Request params:	<none>
Query params:	<none>
Form params:	<none>
Path params:	<none>
Headers:		Accept=*/*
				Content-Type=application/json
Cookies:		<none>
Multiparts:		<none>
Body:
{
    "userEmail": "santhoshsai4517@gmail.com",
    "userPassword": "151Fa04124@4517"
}
Request method:	POST
Request URI:	https://rahulshettyacademy.com/api/ecom/auth/login
Proxy:			<none>
Request params:	<none>
Query params:	<none>
Form params:	<none>
Path params:	<none>
Headers:		Accept=*/*
				Content-Type=application/json
Cookies:		<none>
Multiparts:		<none>
Body:
{
    "userEmail": "santhoshsai4517@gmail.com",
    "userPassword": "151Fa04124@4517"
}
]]></system-out>
  </testcase>
  <testcase name="runScenario[&quot;Forgot Password API with correct details&quot;, &quot;Forgot Password API functionality&quot;](5)" classname="TestNGTestRunner" time="0.583">
    <failure message="1 expectation failed.&#10;Expected response time was not a value less than &lt;2000L&gt; milliseconds, was 2025 milliseconds (2025 milliseconds)." type="java.lang.AssertionError"><![CDATA[java.lang.AssertionError: 
1 expectation failed.
Expected response time was not a value less than <2000L> milliseconds, was 2025 milliseconds (2025 milliseconds).
	at java.base/jdk.internal.reflect.DirectConstructorHandleAccessor.newInstance(DirectConstructorHandleAccessor.java:62)
	at java.base/java.lang.reflect.Constructor.newInstanceWithCaller(Constructor.java:502)
	at java.base/java.lang.reflect.Constructor.newInstance(Constructor.java:486)
	at org.codehaus.groovy.reflection.CachedConstructor.invoke(CachedConstructor.java:73)
	at org.codehaus.groovy.runtime.callsite.ConstructorSite$ConstructorSiteNoUnwrapNoCoerce.callConstructor(ConstructorSite.java:108)
	at org.codehaus.groovy.runtime.callsite.CallSiteArray.defaultCallConstructor(CallSiteArray.java:57)
	at org.codehaus.groovy.runtime.callsite.AbstractCallSite.callConstructor(AbstractCallSite.java:263)
	at org.codehaus.groovy.runtime.callsite.AbstractCallSite.callConstructor(AbstractCallSite.java:277)
	at io.restassured.internal.ResponseSpecificationImpl$HamcrestAssertionClosure.validate(ResponseSpecificationImpl.groovy:512)
	at io.restassured.internal.ResponseSpecificationImpl$HamcrestAssertionClosure$validate$1.call(Unknown Source)
	at io.restassured.internal.ResponseSpecificationImpl.validate(ResponseSpecificationImpl.groovy:101)
	at io.restassured.internal.ValidatableResponseOptionsImpl.spec(ValidatableResponseOptionsImpl.java:288)
	at StepDefinitions.APITest.ForgotPasswordAPI.FunctionalityStepDefImpl.userSendsForgotPasswordRequest(FunctionalityStepDefImpl.java:41)
	at ✽.User sends forgot password request(file:///C:/Users/santh/Desktop/Ecommerce%20Automation/Selenium/EcommercePractise/src/test/java/FeatureFiles/APITest/ForgotPasswordAPI/Functionality.feature:6)
]]></failure>
    <system-out><![CDATA[
@FunctionalAPI
Scenario Outline: GetAllProducts API with filters                                                                         # src/test/java/FeatureFiles/APITest/GetAllProductsAPI/Functionality.feature:24
  Given User provides login information                                                                                   # StepDefinitions.APITest.GetAllProductsAPI.FunctionalityStepDefImpl.userProvidesLoginInformation()
Request method:	POST
Request URI:	https://rahulshettyacademy.com/api/ecom/auth/login
Proxy:			<none>
Request params:	<none>
Query params:	<none>
Form params:	<none>
Path params:	<none>
Headers:		Accept=*/*
				Content-Type=application/json
Cookies:		<none>
Multiparts:		<none>
Body:
{
    "userEmail": "santhoshsai4517@gmail.com",
    "userPassword": "151Fa04124@4517"
}
HTTP/1.1 200 OK
Date: Mon, 06 Jan 2025 04:37:28 GMT
Server: Apache/2.4.52 (Ubuntu)
Content-Security-Policy: default-src 'self';base-uri 'self';block-all-mixed-content;font-src 'self' https: data:;frame-ancestors 'self';img-src 'self' data:;object-src 'none';script-src 'self';script-src-attr 'none';style-src 'self' https: 'unsafe-inline';upgrade-insecure-requests
X-DNS-Prefetch-Control: off
Expect-CT: max-age=0
X-Frame-Options: SAMEORIGIN
Strict-Transport-Security: max-age=15552000; includeSubDomains
X-Download-Options: noopen
X-Content-Type-Options: nosniff
X-Permitted-Cross-Domain-Policies: none
Referrer-Policy: no-referrer
X-XSS-Protection: 0
Access-Control-Allow-Origin: *
Content-Type: application/json; charset=utf-8
Content-Length: 366
ETag: W/"16e-EHLdmf+fc7clXL1vaJHGRRZvZ+o"
Vary: Accept-Encoding
Keep-Alive: timeout=5, max=100
Connection: Keep-Alive

{
    "token": "eyJhbGciOiJIUzI1NiIsInR5cCI6IkpXVCJ9.eyJfaWQiOiI2NmI0NGIwYWFlMmFmZDRjMGI0NDFmMzciLCJ1c2VyRW1haWwiOiJzYW50aG9zaHNhaTQ1MTdAZ21haWwuY29tIiwidXNlck1vYmlsZSI6OTA2MzUxNzYxNywidXNlclJvbGUiOiJjdXN0b21lciIsImlhdCI6MTczNjEzODI0OCwiZXhwIjoxNzY3Njk1ODQ4fQ.WnIhTofT1SQwyvIFbaiRUrkDO4oEP1uKpLefnW7WE_I",
    "userId": "66b44b0aae2afd4c0b441f37",
    "message": "Login Successfully"
}
  When User sends login api request                                                             # StepDefinitions.APITest.GetAllProductsAPI.FunctionalityStepDefImpl.userSendsLoginApiRequest()
  Then User gets back a token in api response                                                   # StepDefinitions.APITest.GetAllProductsAPI.FunctionalityStepDefImpl.userGetsBackATokenInApiResponse()
  Given User provides      men filter details to get products                                   # StepDefinitions.APITest.GetAllProductsAPI.FunctionalityStepDefImpl.userProvidesNameMinMaxCatSubcatForFilterDetailsToGetProducts(java.lang.String,java.lang.String,java.lang.String,java.lang.String,java.lang.String,java.lang.String)
Request method:	POST
Request URI:	https://rahulshettyacademy.com/api/ecom/product/get-all-products
Proxy:			<none>
Request params:	<none>
Query params:	<none>
Form params:	<none>
Path params:	<none>
Headers:		Authorization=eyJhbGciOiJIUzI1NiIsInR5cCI6IkpXVCJ9.eyJfaWQiOiI2NmI0NGIwYWFlMmFmZDRjMGI0NDFmMzciLCJ1c2VyRW1haWwiOiJzYW50aG9zaHNhaTQ1MTdAZ21haWwuY29tIiwidXNlck1vYmlsZSI6OTA2MzUxNzYxNywidXNlclJvbGUiOiJjdXN0b21lciIsImlhdCI6MTczNjEzODI0OCwiZXhwIjoxNzY3Njk1ODQ4fQ.WnIhTofT1SQwyvIFbaiRUrkDO4oEP1uKpLefnW7WE_I
				Accept=*/*
				Content-Type=application/json
Cookies:		<none>
Multiparts:		<none>
Body:
{
    "productName": "",
    "minPrice": null,
    "maxPrice": null,
    "productCategory": [
        
    ],
    "productSubCategory": [
        
    ],
    "productFor": [
        "men"
    ]
}
]]></system-out>
  </testcase>
  <testcase name="runScenario[&quot;GetAllProducts API with incorrect end point&quot;, &quot;GetAllProducts API functionality&quot;](6)" classname="TestNGTestRunner" time="0.065">
    <system-out><![CDATA[
@FunctionalAPI
Scenario: GetAllProducts API with filters and no products       # src/test/java/FeatureFiles/APITest/GetAllProductsAPI/Functionality.feature:27
  Given User provides login information                         # StepDefinitions.APITest.GetAllProductsAPI.FunctionalityStepDefImpl.userProvidesLoginInformation()
Request method:	POST
Request URI:	https://rahulshettyacademy.com/api/ecom/auth/login
Proxy:			<none>
Request params:	<none>
Query params:	<none>
Form params:	<none>
Path params:	<none>
Headers:		Accept=*/*
				Content-Type=application/json
Cookies:		<none>
Multiparts:		<none>
Body:
{
    "userEmail": "santhoshsai4517@gmail.com",
    "userPassword": "151Fa04124@4517"
}
]]></system-out>
  </testcase>
  <testcase name="runScenario[&quot;GetAllProducts API with filters&quot;, &quot;GetAllProducts API functionality&quot;](7)" classname="TestNGTestRunner" time="0.061">
    <failure message="1 expectation failed.&#10;Expected response time was not a value less than &lt;2000L&gt; milliseconds, was 2190 milliseconds (2190 milliseconds)." type="java.lang.AssertionError"><![CDATA[java.lang.AssertionError: 
1 expectation failed.
Expected response time was not a value less than <2000L> milliseconds, was 2190 milliseconds (2190 milliseconds).
	at java.base/jdk.internal.reflect.DirectConstructorHandleAccessor.newInstance(DirectConstructorHandleAccessor.java:62)
	at java.base/java.lang.reflect.Constructor.newInstanceWithCaller(Constructor.java:502)
	at java.base/java.lang.reflect.Constructor.newInstance(Constructor.java:486)
	at org.codehaus.groovy.reflection.CachedConstructor.invoke(CachedConstructor.java:73)
	at org.codehaus.groovy.runtime.callsite.ConstructorSite$ConstructorSiteNoUnwrapNoCoerce.callConstructor(ConstructorSite.java:108)
	at org.codehaus.groovy.runtime.callsite.AbstractCallSite.callConstructor(AbstractCallSite.java:277)
	at io.restassured.internal.ResponseSpecificationImpl$HamcrestAssertionClosure.validate(ResponseSpecificationImpl.groovy:512)
	at io.restassured.internal.ResponseSpecificationImpl$HamcrestAssertionClosure$validate$1.call(Unknown Source)
	at io.restassured.internal.ResponseSpecificationImpl.validate(ResponseSpecificationImpl.groovy:101)
	at io.restassured.internal.ValidatableResponseOptionsImpl.spec(ValidatableResponseOptionsImpl.java:288)
	at StepDefinitions.APITest.GetAllProductsAPI.FunctionalityStepDefImpl.userSendsLoginApiRequest(FunctionalityStepDefImpl.java:43)
	at ✽.User sends login api request(file:///C:/Users/santh/Desktop/Ecommerce%20Automation/Selenium/EcommercePractise/src/test/java/FeatureFiles/APITest/GetAllProductsAPI/Functionality.feature:5)
]]></failure>
    <system-out><![CDATA[
@ErrorHandlingAPI
Scenario: No auth token is sent in api request                                     # src/test/java/FeatureFiles/APITest/GetProductDetailsAPI/ErrorHandling.feature:11
  Given user has valid credentials                                                 # StepDefinitions.APITest.GetProductDetailsAPI.ErrorHandlingStepDefImpl.userHasValidCredentials()
Request method:	POST
Request URI:	https://rahulshettyacademy.com/api/ecom/auth/login
Proxy:			<none>
Request params:	<none>
Query params:	<none>
Form params:	<none>
Path params:	<none>
Headers:		Accept=*/*
				Content-Type=application/json
Cookies:		<none>
Multiparts:		<none>
Body:
{
    "userEmail": "santhoshsai4517@gmail.com",
    "userPassword": "151Fa04124@4517"
}
HTTP/1.1 200 OK
Date: Mon, 06 Jan 2025 04:37:28 GMT
Server: Apache/2.4.52 (Ubuntu)
Content-Security-Policy: default-src 'self';base-uri 'self';block-all-mixed-content;font-src 'self' https: data:;frame-ancestors 'self';img-src 'self' data:;object-src 'none';script-src 'self';script-src-attr 'none';style-src 'self' https: 'unsafe-inline';upgrade-insecure-requests
X-DNS-Prefetch-Control: off
Expect-CT: max-age=0
X-Frame-Options: SAMEORIGIN
Strict-Transport-Security: max-age=15552000; includeSubDomains
X-Download-Options: noopen
X-Content-Type-Options: nosniff
X-Permitted-Cross-Domain-Policies: none
Referrer-Policy: no-referrer
X-XSS-Protection: 0
Access-Control-Allow-Origin: *
Content-Type: application/json; charset=utf-8
Content-Length: 928
ETag: W/"3a0-EVyx/fz+QIL000y1rc8CNmbsrrU"
Vary: Accept-Encoding
Keep-Alive: timeout=5, max=100
Connection: Keep-Alive

{
    "data": [
        {
            "_id": "6581ca979fd99c85e8ee7faf",
            "productName": "ADIDAS ORIGINAL",
            "productCategory": "household",
            "productSubCategory": "shoes",
            "productPrice": 31500,
            "productDescription": "Adidas shoes for Men",
            "productImage": "https://rahulshettyacademy.com/api/ecom/uploads/productImage_1650649488046.jpg",
            "productRating": "0",
            "productTotalOrders": "0",
            "productStatus": true,
            "productFor": "men",
            "productAddedBy": "admin@gmail.com",
            "__v": 0
        },
        {
            "_id": "6581cade9fd99c85e8ee7ff5",
            "productName": "IPHONE 13 PRO",
            "productCategory": "electronics",
            "productSubCategory": "mobiles",
            "productPrice": 231500,
            "productDescription": "Latest Apple Iphone13 pro with 200mp front camera",
            "productImage": "https://rahulshettyacademy.com/api/ecom/uploads/productImage_1650649561326.jpg",
            "productRating": "0",
            "productTotalOrders": "0",
            "productStatus": true,
            "productFor": "men",
            "productAddedBy": "admin@gmail.com",
            "__v": 0
        }
    ],
    "count": 2,
    "message": "All Products fetched Successfully"
}
  When User sends get all products api request                                                  # StepDefinitions.APITest.GetAllProductsAPI.FunctionalityStepDefImpl.userSendsGetAllProductsApiReques()
  Then "All Products fetched Successfully" message is returned in get all products api response # StepDefinitions.APITest.GetAllProductsAPI.FunctionalityStepDefImpl.messageIsReturnedInGetallProductsApiResponse(java.lang.String)
]]></system-out>
  </testcase>
  <testcase name="runScenario[&quot;GetAllProducts API with filters&quot;, &quot;GetAllProducts API functionality&quot;](9)" classname="TestNGTestRunner" time="1.011">
    <system-out><![CDATA[
@ErrorHandlingAPI
Scenario: No product ID is sent in api request                                 # src/test/java/FeatureFiles/APITest/GetProductDetailsAPI/ErrorHandling.feature:16
  Given user has valid credentials                                             # StepDefinitions.APITest.GetProductDetailsAPI.ErrorHandlingStepDefImpl.userHasValidCredentials()
Request method:	POST
Request URI:	https://rahulshettyacademy.com/api/ecom/auth/login
Proxy:			<none>
Request params:	<none>
Query params:	<none>
Form params:	<none>
Path params:	<none>
Headers:		Accept=*/*
				Content-Type=application/json
Cookies:		<none>
Multiparts:		<none>
Body:
{
    "userEmail": "santhoshsai4517@gmail.com",
    "userPassword": "151Fa04124@4517"
}
HTTP/1.1 200 OK
Date: Mon, 06 Jan 2025 04:37:28 GMT
Server: Apache/2.4.52 (Ubuntu)
Content-Security-Policy: default-src 'self';base-uri 'self';block-all-mixed-content;font-src 'self' https: data:;frame-ancestors 'self';img-src 'self' data:;object-src 'none';script-src 'self';script-src-attr 'none';style-src 'self' https: 'unsafe-inline';upgrade-insecure-requests
X-DNS-Prefetch-Control: off
Expect-CT: max-age=0
X-Frame-Options: SAMEORIGIN
Strict-Transport-Security: max-age=15552000; includeSubDomains
X-Download-Options: noopen
X-Content-Type-Options: nosniff
X-Permitted-Cross-Domain-Policies: none
Referrer-Policy: no-referrer
X-XSS-Protection: 0
Access-Control-Allow-Origin: *
Content-Type: application/json; charset=utf-8
Content-Length: 366
ETag: W/"16e-EHLdmf+fc7clXL1vaJHGRRZvZ+o"
Vary: Accept-Encoding
Keep-Alive: timeout=5, max=100
Connection: Keep-Alive

{
    "token": "eyJhbGciOiJIUzI1NiIsInR5cCI6IkpXVCJ9.eyJfaWQiOiI2NmI0NGIwYWFlMmFmZDRjMGI0NDFmMzciLCJ1c2VyRW1haWwiOiJzYW50aG9zaHNhaTQ1MTdAZ21haWwuY29tIiwidXNlck1vYmlsZSI6OTA2MzUxNzYxNywidXNlclJvbGUiOiJjdXN0b21lciIsImlhdCI6MTczNjEzODI0OCwiZXhwIjoxNzY3Njk1ODQ4fQ.WnIhTofT1SQwyvIFbaiRUrkDO4oEP1uKpLefnW7WE_I",
    "userId": "66b44b0aae2afd4c0b441f37",
    "message": "Login Successfully"
}
  When User sends login api request                                                             # StepDefinitions.APITest.GetAllProductsAPI.FunctionalityStepDefImpl.userSendsLoginApiRequest()
  Then User gets back a token in api response                                                   # StepDefinitions.APITest.GetAllProductsAPI.FunctionalityStepDefImpl.userGetsBackATokenInApiResponse()
  Given User provides     shoes,mobiles  filter details to get products                         # StepDefinitions.APITest.GetAllProductsAPI.FunctionalityStepDefImpl.userProvidesNameMinMaxCatSubcatForFilterDetailsToGetProducts(java.lang.String,java.lang.String,java.lang.String,java.lang.String,java.lang.String,java.lang.String)
Request method:	POST
Request URI:	https://rahulshettyacademy.com/api/ecom/product/get-all-products
Proxy:			<none>
Request params:	<none>
Query params:	<none>
Form params:	<none>
Path params:	<none>
Headers:		Authorization=eyJhbGciOiJIUzI1NiIsInR5cCI6IkpXVCJ9.eyJfaWQiOiI2NmI0NGIwYWFlMmFmZDRjMGI0NDFmMzciLCJ1c2VyRW1haWwiOiJzYW50aG9zaHNhaTQ1MTdAZ21haWwuY29tIiwidXNlck1vYmlsZSI6OTA2MzUxNzYxNywidXNlclJvbGUiOiJjdXN0b21lciIsImlhdCI6MTczNjEzODI0OCwiZXhwIjoxNzY3Njk1ODQ4fQ.WnIhTofT1SQwyvIFbaiRUrkDO4oEP1uKpLefnW7WE_I
				Accept=*/*
				Content-Type=application/json
Cookies:		<none>
Multiparts:		<none>
Body:
{
    "productName": "",
    "minPrice": null,
    "maxPrice": null,
    "productCategory": [
        
    ],
    "productSubCategory": [
        "shoes",
        "mobiles"
    ],
    "productFor": [
        
    ]
}
HTTP/1.1 200 OK
Date: Mon, 06 Jan 2025 04:37:28 GMT
Server: Apache/2.4.52 (Ubuntu)
Content-Security-Policy: default-src 'self';base-uri 'self';block-all-mixed-content;font-src 'self' https: data:;frame-ancestors 'self';img-src 'self' data:;object-src 'none';script-src 'self';script-src-attr 'none';style-src 'self' https: 'unsafe-inline';upgrade-insecure-requests
X-DNS-Prefetch-Control: off
Expect-CT: max-age=0
X-Frame-Options: SAMEORIGIN
Strict-Transport-Security: max-age=15552000; includeSubDomains
X-Download-Options: noopen
X-Content-Type-Options: nosniff
X-Permitted-Cross-Domain-Policies: none
Referrer-Policy: no-referrer
X-XSS-Protection: 0
Access-Control-Allow-Origin: *
Content-Type: application/json; charset=utf-8
Content-Length: 366
ETag: W/"16e-EHLdmf+fc7clXL1vaJHGRRZvZ+o"
Vary: Accept-Encoding
Keep-Alive: timeout=5, max=100
Connection: Keep-Alive

{
    "token": "eyJhbGciOiJIUzI1NiIsInR5cCI6IkpXVCJ9.eyJfaWQiOiI2NmI0NGIwYWFlMmFmZDRjMGI0NDFmMzciLCJ1c2VyRW1haWwiOiJzYW50aG9zaHNhaTQ1MTdAZ21haWwuY29tIiwidXNlck1vYmlsZSI6OTA2MzUxNzYxNywidXNlclJvbGUiOiJjdXN0b21lciIsImlhdCI6MTczNjEzODI0OCwiZXhwIjoxNzY3Njk1ODQ4fQ.WnIhTofT1SQwyvIFbaiRUrkDO4oEP1uKpLefnW7WE_I",
    "userId": "66b44b0aae2afd4c0b441f37",
    "message": "Login Successfully"
}
  When User sends login api request                                                             # StepDefinitions.APITest.GetAllProductsAPI.FunctionalityStepDefImpl.userSendsLoginApiRequest()
  Then User gets back a token in api response                                                   # StepDefinitions.APITest.GetAllProductsAPI.FunctionalityStepDefImpl.userGetsBackATokenInApiResponse()
  Given User provides    fashion,electronics   filter details to get products                   # StepDefinitions.APITest.GetAllProductsAPI.FunctionalityStepDefImpl.userProvidesNameMinMaxCatSubcatForFilterDetailsToGetProducts(java.lang.String,java.lang.String,java.lang.String,java.lang.String,java.lang.String,java.lang.String)
Request method:	POST
Request URI:	https://rahulshettyacademy.com/api/ecom/product/get-all-products
Proxy:			<none>
Request params:	<none>
Query params:	<none>
Form params:	<none>
Path params:	<none>
Headers:		Authorization=eyJhbGciOiJIUzI1NiIsInR5cCI6IkpXVCJ9.eyJfaWQiOiI2NmI0NGIwYWFlMmFmZDRjMGI0NDFmMzciLCJ1c2VyRW1haWwiOiJzYW50aG9zaHNhaTQ1MTdAZ21haWwuY29tIiwidXNlck1vYmlsZSI6OTA2MzUxNzYxNywidXNlclJvbGUiOiJjdXN0b21lciIsImlhdCI6MTczNjEzODI0OCwiZXhwIjoxNzY3Njk1ODQ4fQ.WnIhTofT1SQwyvIFbaiRUrkDO4oEP1uKpLefnW7WE_I
				Accept=*/*
				Content-Type=application/json
Cookies:		<none>
Multiparts:		<none>
Body:
{
    "productName": "",
    "minPrice": null,
    "maxPrice": null,
    "productCategory": [
        "fashion",
        "electronics"
    ],
    "productSubCategory": [
        
    ],
    "productFor": [
        
    ]
}
HTTP/1.1 200 OK
Date: Mon, 06 Jan 2025 04:37:28 GMT
Server: Apache/2.4.52 (Ubuntu)
Content-Security-Policy: default-src 'self';base-uri 'self';block-all-mixed-content;font-src 'self' https: data:;frame-ancestors 'self';img-src 'self' data:;object-src 'none';script-src 'self';script-src-attr 'none';style-src 'self' https: 'unsafe-inline';upgrade-insecure-requests
X-DNS-Prefetch-Control: off
Expect-CT: max-age=0
X-Frame-Options: SAMEORIGIN
Strict-Transport-Security: max-age=15552000; includeSubDomains
X-Download-Options: noopen
X-Content-Type-Options: nosniff
X-Permitted-Cross-Domain-Policies: none
Referrer-Policy: no-referrer
X-XSS-Protection: 0
Access-Control-Allow-Origin: *
Content-Type: application/json; charset=utf-8
Content-Length: 366
ETag: W/"16e-EHLdmf+fc7clXL1vaJHGRRZvZ+o"
Vary: Accept-Encoding
Keep-Alive: timeout=5, max=100
Connection: Keep-Alive

{
    "token": "eyJhbGciOiJIUzI1NiIsInR5cCI6IkpXVCJ9.eyJfaWQiOiI2NmI0NGIwYWFlMmFmZDRjMGI0NDFmMzciLCJ1c2VyRW1haWwiOiJzYW50aG9zaHNhaTQ1MTdAZ21haWwuY29tIiwidXNlck1vYmlsZSI6OTA2MzUxNzYxNywidXNlclJvbGUiOiJjdXN0b21lciIsImlhdCI6MTczNjEzODI0OCwiZXhwIjoxNzY3Njk1ODQ4fQ.WnIhTofT1SQwyvIFbaiRUrkDO4oEP1uKpLefnW7WE_I",
    "userId": "66b44b0aae2afd4c0b441f37",
    "message": "Login Successfully"
}
  When User sends login api request                                                                                       # StepDefinitions.APITest.GetAllProductsAPI.FunctionalityStepDefImpl.userSendsLoginApiRequest()
  Then User gets back a token in api response                                                                             # StepDefinitions.APITest.GetAllProductsAPI.FunctionalityStepDefImpl.userGetsBackATokenInApiResponse()
  Given User provides ADIDAS 10000 3000000 fashion,electronics,household shoes,mobiles men filter details to get products # StepDefinitions.APITest.GetAllProductsAPI.FunctionalityStepDefImpl.userProvidesNameMinMaxCatSubcatForFilterDetailsToGetProducts(java.lang.String,java.lang.String,java.lang.String,java.lang.String,java.lang.String,java.lang.String)
Request method:	POST
Request URI:	https://rahulshettyacademy.com/api/ecom/product/get-all-products
Proxy:			<none>
Request params:	<none>
Query params:	<none>
Form params:	<none>
Path params:	<none>
Headers:		Authorization=eyJhbGciOiJIUzI1NiIsInR5cCI6IkpXVCJ9.eyJfaWQiOiI2NmI0NGIwYWFlMmFmZDRjMGI0NDFmMzciLCJ1c2VyRW1haWwiOiJzYW50aG9zaHNhaTQ1MTdAZ21haWwuY29tIiwidXNlck1vYmlsZSI6OTA2MzUxNzYxNywidXNlclJvbGUiOiJjdXN0b21lciIsImlhdCI6MTczNjEzODI0OCwiZXhwIjoxNzY3Njk1ODQ4fQ.WnIhTofT1SQwyvIFbaiRUrkDO4oEP1uKpLefnW7WE_I
				Accept=*/*
				Content-Type=application/json
Cookies:		<none>
Multiparts:		<none>
Body:
{
    "productName": "ADIDAS",
    "minPrice": 10000,
    "maxPrice": 3000000,
    "productCategory": [
        "fashion",
        "electronics",
        "household"
    ],
    "productSubCategory": [
        "shoes",
        "mobiles"
    ],
    "productFor": [
        "men"
    ]
}
HTTP/1.1 200 OK
Date: Mon, 06 Jan 2025 04:37:28 GMT
Server: Apache/2.4.52 (Ubuntu)
Content-Security-Policy: default-src 'self';base-uri 'self';block-all-mixed-content;font-src 'self' https: data:;frame-ancestors 'self';img-src 'self' data:;object-src 'none';script-src 'self';script-src-attr 'none';style-src 'self' https: 'unsafe-inline';upgrade-insecure-requests
X-DNS-Prefetch-Control: off
Expect-CT: max-age=0
X-Frame-Options: SAMEORIGIN
Strict-Transport-Security: max-age=15552000; includeSubDomains
X-Download-Options: noopen
X-Content-Type-Options: nosniff
X-Permitted-Cross-Domain-Policies: none
Referrer-Policy: no-referrer
X-XSS-Protection: 0
Access-Control-Allow-Origin: *
Content-Type: application/json; charset=utf-8
Content-Length: 366
ETag: W/"16e-EHLdmf+fc7clXL1vaJHGRRZvZ+o"
Vary: Accept-Encoding
Keep-Alive: timeout=5, max=100
Connection: Keep-Alive

{
    "token": "eyJhbGciOiJIUzI1NiIsInR5cCI6IkpXVCJ9.eyJfaWQiOiI2NmI0NGIwYWFlMmFmZDRjMGI0NDFmMzciLCJ1c2VyRW1haWwiOiJzYW50aG9zaHNhaTQ1MTdAZ21haWwuY29tIiwidXNlck1vYmlsZSI6OTA2MzUxNzYxNywidXNlclJvbGUiOiJjdXN0b21lciIsImlhdCI6MTczNjEzODI0OCwiZXhwIjoxNzY3Njk1ODQ4fQ.WnIhTofT1SQwyvIFbaiRUrkDO4oEP1uKpLefnW7WE_I",
    "userId": "66b44b0aae2afd4c0b441f37",
    "message": "Login Successfully"
}
  When User sends login api request                             # StepDefinitions.APITest.GetAllProductsAPI.FunctionalityStepDefImpl.userSendsLoginApiRequest()
  Then User gets back a token in api response                   # StepDefinitions.APITest.GetAllProductsAPI.FunctionalityStepDefImpl.userGetsBackATokenInApiResponse()
  Given User provides tshirt filter                             # StepDefinitions.APITest.GetAllProductsAPI.FunctionalityStepDefImpl.userProvidesTshirtFilter()
Request method:	POST
Request URI:	https://rahulshettyacademy.com/api/ecom/product/get-all-products
Proxy:			<none>
Request params:	<none>
Query params:	<none>
Form params:	<none>
Path params:	<none>
Headers:		Authorization=eyJhbGciOiJIUzI1NiIsInR5cCI6IkpXVCJ9.eyJfaWQiOiI2NmI0NGIwYWFlMmFmZDRjMGI0NDFmMzciLCJ1c2VyRW1haWwiOiJzYW50aG9zaHNhaTQ1MTdAZ21haWwuY29tIiwidXNlck1vYmlsZSI6OTA2MzUxNzYxNywidXNlclJvbGUiOiJjdXN0b21lciIsImlhdCI6MTczNjEzODI0OCwiZXhwIjoxNzY3Njk1ODQ4fQ.WnIhTofT1SQwyvIFbaiRUrkDO4oEP1uKpLefnW7WE_I
				Accept=*/*
				Content-Type=application/json
Cookies:		<none>
Multiparts:		<none>
Body:
{
    "productName": "",
    "minPrice": null,
    "maxPrice": null,
    "productCategory": [
        
    ],
    "productSubCategory": [
        "t-shirts"
    ],
    "productFor": [
        
    ]
}
HTTP/1.1 200 OK
Date: Mon, 06 Jan 2025 04:37:29 GMT
Server: Apache/2.4.52 (Ubuntu)
Content-Security-Policy: default-src 'self';base-uri 'self';block-all-mixed-content;font-src 'self' https: data:;frame-ancestors 'self';img-src 'self' data:;object-src 'none';script-src 'self';script-src-attr 'none';style-src 'self' https: 'unsafe-inline';upgrade-insecure-requests
X-DNS-Prefetch-Control: off
Expect-CT: max-age=0
X-Frame-Options: SAMEORIGIN
Strict-Transport-Security: max-age=15552000; includeSubDomains
X-Download-Options: noopen
X-Content-Type-Options: nosniff
X-Permitted-Cross-Domain-Policies: none
Referrer-Policy: no-referrer
X-XSS-Protection: 0
Access-Control-Allow-Origin: *
Content-Type: application/json; charset=utf-8
Content-Length: 481
ETag: W/"1e1-TUm+HvqAX9TALtoVKR+MOYXKUzY"
Vary: Accept-Encoding
Keep-Alive: timeout=5, max=100
Connection: Keep-Alive

{
    "data": [
        {
            "_id": "6581ca979fd99c85e8ee7faf",
            "productName": "ADIDAS ORIGINAL",
            "productCategory": "household",
            "productSubCategory": "shoes",
            "productPrice": 31500,
            "productDescription": "Adidas shoes for Men",
            "productImage": "https://rahulshettyacademy.com/api/ecom/uploads/productImage_1650649488046.jpg",
            "productRating": "0",
            "productTotalOrders": "0",
            "productStatus": true,
            "productFor": "men",
            "productAddedBy": "admin@gmail.com",
            "__v": 0
        }
    ],
    "count": 1,
    "message": "All Products fetched Successfully"
}
  When User sends get all products api request                                                                            # StepDefinitions.APITest.GetAllProductsAPI.FunctionalityStepDefImpl.userSendsGetAllProductsApiReques()
  Then "All Products fetched Successfully" message is returned in get all products api response                           # StepDefinitions.APITest.GetAllProductsAPI.FunctionalityStepDefImpl.messageIsReturnedInGetallProductsApiResponse(java.lang.String)
HTTP/1.1 200 OK
Date: Mon, 06 Jan 2025 04:37:29 GMT
Server: Apache/2.4.52 (Ubuntu)
Content-Security-Policy: default-src 'self';base-uri 'self';block-all-mixed-content;font-src 'self' https: data:;frame-ancestors 'self';img-src 'self' data:;object-src 'none';script-src 'self';script-src-attr 'none';style-src 'self' https: 'unsafe-inline';upgrade-insecure-requests
X-DNS-Prefetch-Control: off
Expect-CT: max-age=0
X-Frame-Options: SAMEORIGIN
Strict-Transport-Security: max-age=15552000; includeSubDomains
X-Download-Options: noopen
X-Content-Type-Options: nosniff
X-Permitted-Cross-Domain-Policies: none
Referrer-Policy: no-referrer
X-XSS-Protection: 0
Access-Control-Allow-Origin: *
Content-Type: application/json; charset=utf-8
Content-Length: 41
ETag: W/"29-M5+8jIjTllwIaiTMLAm5CI8docA"
Vary: Accept-Encoding
Keep-Alive: timeout=5, max=100
Connection: Keep-Alive

{
    "data": [
        
    ],
    "message": "No Products Found"
}
  When User sends get products api request                      # StepDefinitions.APITest.GetAllProductsAPI.FunctionalityStepDefImpl.userSendsGetProductsApiRequest()
  Then "No Products Found" message is returned wiht no products # StepDefinitions.APITest.GetAllProductsAPI.FunctionalityStepDefImpl.messageIsReturnedWihtNoProducts(java.lang.String)
HTTP/1.1 200 OK
Date: Mon, 06 Jan 2025 04:37:29 GMT
Server: Apache/2.4.52 (Ubuntu)
Content-Security-Policy: default-src 'self';base-uri 'self';block-all-mixed-content;font-src 'self' https: data:;frame-ancestors 'self';img-src 'self' data:;object-src 'none';script-src 'self';script-src-attr 'none';style-src 'self' https: 'unsafe-inline';upgrade-insecure-requests
X-DNS-Prefetch-Control: off
Expect-CT: max-age=0
X-Frame-Options: SAMEORIGIN
Strict-Transport-Security: max-age=15552000; includeSubDomains
X-Download-Options: noopen
X-Content-Type-Options: nosniff
X-Permitted-Cross-Domain-Policies: none
Referrer-Policy: no-referrer
X-XSS-Protection: 0
Access-Control-Allow-Origin: *
Content-Type: application/json; charset=utf-8
ETag: W/"ba6-3d76KMe0mR3Dnl70y00S3zoP06E"
Vary: Accept-Encoding
Content-Encoding: gzip
Keep-Alive: timeout=5, max=100
Connection: Keep-Alive
Transfer-Encoding: chunked

{
    "data": [
        {
            "_id": "6581cade9fd99c85e8ee7ff5",
            "productName": "IPHONE 13 PRO",
            "productCategory": "electronics",
            "productSubCategory": "mobiles",
            "productPrice": 231500,
            "productDescription": "Latest Apple Iphone13 pro with 200mp front camera",
            "productImage": "https://rahulshettyacademy.com/api/ecom/uploads/productImage_1650649561326.jpg",
            "productRating": "0",
            "productTotalOrders": "0",
            "productStatus": true,
            "productFor": "men",
            "productAddedBy": "admin@gmail.com",
            "__v": 0
        },
        {
            "_id": "6701364cae2afd4c0b90113c",
            "productName": "qwerty",
            "productCategory": "fashion",
            "productSubCategory": "shirts",
            "productPrice": 11500,
            "productDescription": "Addias Originals",
            "productImage": "https://rahulshettyacademy.com/api/ecom/uploads/productImage_1728132684377.jpg",
            "productRating": "0",
            "productTotalOrders": "0",
            "productStatus": true,
            "productFor": "women",
            "productAddedBy": "admin@gmail.com",
            "__v": 0
        },
        {
            "_id": "6755755ce2b5443b1fea9e2e",
            "productName": "Wilhelmine",
            "productCategory": "fashion",
            "productSubCategory": "shirts",
            "productPrice": 106.66,
            "productDescription": "Addias Originals",
            "productImage": "https://rahulshettyacademy.com/api/ecom/uploads/productImage_1733653851968.png",
            "productRating": "0",
            "productTotalOrders": "0",
            "productStatus": true,
            "productFor": "women",
            "productAddedBy": "66b44b0aae2afd4c0b441f37",
            "__v": 0
        },
        {
            "_id": "67558397e2b5443b1feab77b",
            "productName": "Cleo",
            "productCategory": "fashion",
            "productSubCategory": "shirts",
            "productPrice": 386.52,
            "productDescription": "Addias Originals",
            "productImage": "https://rahulshettyacademy.com/api/ecom/uploads/productImage_1733657494362.png",
            "productRating": "0",
            "productTotalOrders": "0",
            "productStatus": true,
            "productFor": "women",
            "productAddedBy": "66b44b0aae2afd4c0b441f37",
            "__v": 0
        },
        {
            "_id": "6755917ce2b5443b1feac8ff",
            "productName": "Reilly",
            "productCategory": "fashion",
            "productSubCategory": "shirts",
            "productPrice": 223.97,
            "productDescription": "Addias Originals",
            "productImage": "https://rahulshettyacademy.com/api/ecom/uploads/productImage_1733661051187.png",
            "productRating": "0",
            "productTotalOrders": "0",
            "productStatus": true,
            "productFor": "women",
            "productAddedBy": "66b44b0aae2afd4c0b441f37",
            "__v": 0
        },
        {
            "_id": "67559f85e2b5443b1fead943",
            "productName": "Annetta",
            "productCategory": "fashion",
            "productSubCategory": "shirts",
            "productPrice": 898.66,
            "productDescription": "Addias Originals",
            "productImage": "https://rahulshettyacademy.com/api/ecom/uploads/productImage_1733664643789.png",
            "productRating": "0",
            "productTotalOrders": "0",
            "productStatus": true,
            "productFor": "women",
            "productAddedBy": "66b44b0aae2afd4c0b441f37",
            "__v": 0
        },
        {
            "_id": "6755e6b8e2b5443b1feb23fa",
            "productName": "Aric",
            "productCategory": "fashion",
            "productSubCategory": "shirts",
            "productPrice": 640.43,
            "productDescription": "Addias Originals",
            "productImage": "https://rahulshettyacademy.com/api/ecom/uploads/productImage_1733682871538.png",
            "productRating": "0",
            "productTotalOrders": "0",
            "productStatus": true,
            "productFor": "women",
            "productAddedBy": "66b44b0aae2afd4c0b441f37",
            "__v": 0
        }
    ],
    "count": 7,
    "message": "All Products fetched Successfully"
}
  When User sends get all products api request                                                  # StepDefinitions.APITest.GetAllProductsAPI.FunctionalityStepDefImpl.userSendsGetAllProductsApiReques()
  Then "All Products fetched Successfully" message is returned in get all products api response # StepDefinitions.APITest.GetAllProductsAPI.FunctionalityStepDefImpl.messageIsReturnedInGetallProductsApiResponse(java.lang.String)
HTTP/1.1 200 OK
Date: Mon, 06 Jan 2025 04:37:29 GMT
Server: Apache/2.4.52 (Ubuntu)
Content-Security-Policy: default-src 'self';base-uri 'self';block-all-mixed-content;font-src 'self' https: data:;frame-ancestors 'self';img-src 'self' data:;object-src 'none';script-src 'self';script-src-attr 'none';style-src 'self' https: 'unsafe-inline';upgrade-insecure-requests
X-DNS-Prefetch-Control: off
Expect-CT: max-age=0
X-Frame-Options: SAMEORIGIN
Strict-Transport-Security: max-age=15552000; includeSubDomains
X-Download-Options: noopen
X-Content-Type-Options: nosniff
X-Permitted-Cross-Domain-Policies: none
Referrer-Policy: no-referrer
X-XSS-Protection: 0
Access-Control-Allow-Origin: *
Content-Type: application/json; charset=utf-8
Content-Length: 928
ETag: W/"3a0-EVyx/fz+QIL000y1rc8CNmbsrrU"
Vary: Accept-Encoding
Keep-Alive: timeout=5, max=100
Connection: Keep-Alive

{
    "data": [
        {
            "_id": "6581ca979fd99c85e8ee7faf",
            "productName": "ADIDAS ORIGINAL",
            "productCategory": "household",
            "productSubCategory": "shoes",
            "productPrice": 31500,
            "productDescription": "Adidas shoes for Men",
            "productImage": "https://rahulshettyacademy.com/api/ecom/uploads/productImage_1650649488046.jpg",
            "productRating": "0",
            "productTotalOrders": "0",
            "productStatus": true,
            "productFor": "men",
            "productAddedBy": "admin@gmail.com",
            "__v": 0
        },
        {
            "_id": "6581cade9fd99c85e8ee7ff5",
            "productName": "IPHONE 13 PRO",
            "productCategory": "electronics",
            "productSubCategory": "mobiles",
            "productPrice": 231500,
            "productDescription": "Latest Apple Iphone13 pro with 200mp front camera",
            "productImage": "https://rahulshettyacademy.com/api/ecom/uploads/productImage_1650649561326.jpg",
            "productRating": "0",
            "productTotalOrders": "0",
            "productStatus": true,
            "productFor": "men",
            "productAddedBy": "admin@gmail.com",
            "__v": 0
        }
    ],
    "count": 2,
    "message": "All Products fetched Successfully"
}
  When User sends get all products api request                                                  # StepDefinitions.APITest.GetAllProductsAPI.FunctionalityStepDefImpl.userSendsGetAllProductsApiReques()
  Then "All Products fetched Successfully" message is returned in get all products api response # StepDefinitions.APITest.GetAllProductsAPI.FunctionalityStepDefImpl.messageIsReturnedInGetallProductsApiResponse(java.lang.String)
]]></system-out>
  </testcase>
  <testcase name="runScenario[&quot;GetAllProducts API with filters&quot;, &quot;GetAllProducts API functionality&quot;](9)" classname="TestNGTestRunner" time="1.011"/>
  <testcase name="runScenario[&quot;GetAllProducts API with filters&quot;, &quot;GetAllProducts API functionality&quot;](10)" classname="TestNGTestRunner" time="1.011"/>
  <testcase name="runScenario[&quot;GetAllProducts API with filters&quot;, &quot;GetAllProducts API functionality&quot;](11)" classname="TestNGTestRunner" time="0.99">
    <system-out><![CDATA[HTTP/1.1 200 OK
Date: Mon, 06 Jan 2025 04:37:29 GMT
Server: Apache/2.4.52 (Ubuntu)
Content-Security-Policy: default-src 'self';base-uri 'self';block-all-mixed-content;font-src 'self' https: data:;frame-ancestors 'self';img-src 'self' data:;object-src 'none';script-src 'self';script-src-attr 'none';style-src 'self' https: 'unsafe-inline';upgrade-insecure-requests
X-DNS-Prefetch-Control: off
Expect-CT: max-age=0
X-Frame-Options: SAMEORIGIN
Strict-Transport-Security: max-age=15552000; includeSubDomains
X-Download-Options: noopen
X-Content-Type-Options: nosniff
X-Permitted-Cross-Domain-Policies: none
Referrer-Policy: no-referrer
X-XSS-Protection: 0
Access-Control-Allow-Origin: *
Content-Type: application/json; charset=utf-8
Content-Length: 366
ETag: W/"16e-t5Y+TQ1nUidZXg6mxrVrrmCk3+A"
Vary: Accept-Encoding
Keep-Alive: timeout=5, max=100
Connection: Keep-Alive

{
    "token": "eyJhbGciOiJIUzI1NiIsInR5cCI6IkpXVCJ9.eyJfaWQiOiI2NmI0NGIwYWFlMmFmZDRjMGI0NDFmMzciLCJ1c2VyRW1haWwiOiJzYW50aG9zaHNhaTQ1MTdAZ21haWwuY29tIiwidXNlck1vYmlsZSI6OTA2MzUxNzYxNywidXNlclJvbGUiOiJjdXN0b21lciIsImlhdCI6MTczNjEzODI0OSwiZXhwIjoxNzY3Njk1ODQ5fQ.hxWfnCAYd8w3ZA-CP7lGtz9b4ujj5J_uwBc1bIdE0NA",
    "userId": "66b44b0aae2afd4c0b441f37",
    "message": "Login Successfully"
}

@FunctionalAPI
Scenario: Retrieve details for each product                                                                                                                                          # src/test/java/FeatureFiles/APITest/GetProductDetailsAPI/Functionality.feature:11
  When user sends a login API request                                              # StepDefinitions.APITest.GetProductDetailsAPI.ErrorHandlingStepDefImpl.userSendsALoginAPIRequest()

@ErrorHandlingAPI
Scenario: User sends request to wrong end point                                # src/test/java/FeatureFiles/APITest/GetProductDetailsAPI/ErrorHandling.feature:26
  Then user should receive a valid authentication token                            # StepDefinitions.APITest.GetProductDetailsAPI.ErrorHandlingStepDefImpl.userShouldReceiveAValidAuthenticationToken()

@ErrorHandlingAPI
Scenario: User sends product id that does not exists                           # src/test/java/FeatureFiles/APITest/GetProductDetailsAPI/ErrorHandling.feature:21
  Given The user has valid credentials                                                                                                                                               # StepDefinitions.APITest.GetProductDetailsAPI.FunctionalityStepDefImpl.theUserHasValidCredentials()
  Given user has valid credentials                                             # StepDefinitions.APITest.GetProductDetailsAPI.ErrorHandlingStepDefImpl.userHasValidCredentials()
  Given user has valid credentials                                             # StepDefinitions.APITest.GetProductDetailsAPI.ErrorHandlingStepDefImpl.userHasValidCredentials()
Request method:	POST
Request URI:	https://rahulshettyacademy.com/api/ecom/auth/login
Proxy:			<none>
Request params:	<none>
Query params:	<none>
Form params:	<none>
Path params:	<none>
Headers:		Accept=*/*
				Content-Type=application/json
Cookies:		<none>
Multiparts:		<none>
Body:
{
    "userEmail": "santhoshsai4517@gmail.com",
    "userPassword": "151Fa04124@4517"
}
Request method:	POST
Request URI:	https://rahulshettyacademy.com/api/ecom/product/get-all-products
Proxy:			<none>
Request params:	<none>
Query params:	<none>
Form params:	<none>
Path params:	<none>
Headers:		Authorization=eyJhbGciOiJIUzI1NiIsInR5cCI6IkpXVCJ9.eyJfaWQiOiI2NmI0NGIwYWFlMmFmZDRjMGI0NDFmMzciLCJ1c2VyRW1haWwiOiJzYW50aG9zaHNhaTQ1MTdAZ21haWwuY29tIiwidXNlck1vYmlsZSI6OTA2MzUxNzYxNywidXNlclJvbGUiOiJjdXN0b21lciIsImlhdCI6MTczNjEzODI0OSwiZXhwIjoxNzY3Njk1ODQ5fQ.hxWfnCAYd8w3ZA-CP7lGtz9b4ujj5J_uwBc1bIdE0NA
				Accept=*/*
				Content-Type=application/json
Cookies:		<none>
Multiparts:		<none>
Body:
{
    "productName": "",
    "minPrice": null,
    "maxPrice": null,
    "productCategory": [
        
    ],
    "productSubCategory": [
        
    ],
    "productFor": [
        
    ]
}
Request method:	POST
Request URI:	https://rahulshettyacademy.com/api/ecom/auth/login
Proxy:			<none>
Request params:	<none>
Query params:	<none>
Form params:	<none>
Path params:	<none>
Headers:		Accept=*/*
				Content-Type=application/json
Cookies:		<none>
Multiparts:		<none>
Body:
{
    "userEmail": "santhoshsai4517@gmail.com",
    "userPassword": "151Fa04124@4517"
}
Request method:	POST
Request URI:	https://rahulshettyacademy.com/api/ecom/auth/login
Proxy:			<none>
Request params:	<none>
Query params:	<none>
Form params:	<none>
Path params:	<none>
Headers:		Accept=*/*
				Content-Type=application/json
Cookies:		<none>
Multiparts:		<none>
Body:
{
    "userEmail": "santhoshsai4517@gmail.com",
    "userPassword": "151Fa04124@4517"
}
HTTP/1.1 200 OK
Date: Mon, 06 Jan 2025 04:37:29 GMT
Server: Apache/2.4.52 (Ubuntu)
Content-Security-Policy: default-src 'self';base-uri 'self';block-all-mixed-content;font-src 'self' https: data:;frame-ancestors 'self';img-src 'self' data:;object-src 'none';script-src 'self';script-src-attr 'none';style-src 'self' https: 'unsafe-inline';upgrade-insecure-requests
X-DNS-Prefetch-Control: off
Expect-CT: max-age=0
X-Frame-Options: SAMEORIGIN
Strict-Transport-Security: max-age=15552000; includeSubDomains
X-Download-Options: noopen
X-Content-Type-Options: nosniff
X-Permitted-Cross-Domain-Policies: none
Referrer-Policy: no-referrer
X-XSS-Protection: 0
Access-Control-Allow-Origin: *
Content-Type: application/json; charset=utf-8
Content-Length: 366
ETag: W/"16e-t5Y+TQ1nUidZXg6mxrVrrmCk3+A"
Vary: Accept-Encoding
Keep-Alive: timeout=5, max=100
Connection: Keep-Alive

{
    "token": "eyJhbGciOiJIUzI1NiIsInR5cCI6IkpXVCJ9.eyJfaWQiOiI2NmI0NGIwYWFlMmFmZDRjMGI0NDFmMzciLCJ1c2VyRW1haWwiOiJzYW50aG9zaHNhaTQ1MTdAZ21haWwuY29tIiwidXNlck1vYmlsZSI6OTA2MzUxNzYxNywidXNlclJvbGUiOiJjdXN0b21lciIsImlhdCI6MTczNjEzODI0OSwiZXhwIjoxNzY3Njk1ODQ5fQ.hxWfnCAYd8w3ZA-CP7lGtz9b4ujj5J_uwBc1bIdE0NA",
    "userId": "66b44b0aae2afd4c0b441f37",
    "message": "Login Successfully"
}
  When user sends a login API request                                          # StepDefinitions.APITest.GetProductDetailsAPI.ErrorHandlingStepDefImpl.userSendsALoginAPIRequest()
  Then user should receive a valid authentication token                        # StepDefinitions.APITest.GetProductDetailsAPI.ErrorHandlingStepDefImpl.userShouldReceiveAValidAuthenticationToken()
Request method:	POST
Request URI:	https://rahulshettyacademy.com/api/ecom/product/get-all-products
Proxy:			<none>
Request params:	<none>
Query params:	<none>
Form params:	<none>
Path params:	<none>
Headers:		Authorization=eyJhbGciOiJIUzI1NiIsInR5cCI6IkpXVCJ9.eyJfaWQiOiI2NmI0NGIwYWFlMmFmZDRjMGI0NDFmMzciLCJ1c2VyRW1haWwiOiJzYW50aG9zaHNhaTQ1MTdAZ21haWwuY29tIiwidXNlck1vYmlsZSI6OTA2MzUxNzYxNywidXNlclJvbGUiOiJjdXN0b21lciIsImlhdCI6MTczNjEzODI0OSwiZXhwIjoxNzY3Njk1ODQ5fQ.hxWfnCAYd8w3ZA-CP7lGtz9b4ujj5J_uwBc1bIdE0NA
				Accept=*/*
				Content-Type=application/json
Cookies:		<none>
Multiparts:		<none>
Body:
{
    "productName": "",
    "minPrice": null,
    "maxPrice": null,
    "productCategory": [
        
    ],
    "productSubCategory": [
        
    ],
    "productFor": [
        
    ]
}
HTTP/1.1 200 OK
Date: Mon, 06 Jan 2025 04:37:29 GMT
Server: Apache/2.4.52 (Ubuntu)
Content-Security-Policy: default-src 'self';base-uri 'self';block-all-mixed-content;font-src 'self' https: data:;frame-ancestors 'self';img-src 'self' data:;object-src 'none';script-src 'self';script-src-attr 'none';style-src 'self' https: 'unsafe-inline';upgrade-insecure-requests
X-DNS-Prefetch-Control: off
Expect-CT: max-age=0
X-Frame-Options: SAMEORIGIN
Strict-Transport-Security: max-age=15552000; includeSubDomains
X-Download-Options: noopen
X-Content-Type-Options: nosniff
X-Permitted-Cross-Domain-Policies: none
Referrer-Policy: no-referrer
X-XSS-Protection: 0
Access-Control-Allow-Origin: *
Content-Type: application/json; charset=utf-8
Content-Length: 366
ETag: W/"16e-t5Y+TQ1nUidZXg6mxrVrrmCk3+A"
Vary: Accept-Encoding
Keep-Alive: timeout=5, max=100
Connection: Keep-Alive

{
    "token": "eyJhbGciOiJIUzI1NiIsInR5cCI6IkpXVCJ9.eyJfaWQiOiI2NmI0NGIwYWFlMmFmZDRjMGI0NDFmMzciLCJ1c2VyRW1haWwiOiJzYW50aG9zaHNhaTQ1MTdAZ21haWwuY29tIiwidXNlck1vYmlsZSI6OTA2MzUxNzYxNywidXNlclJvbGUiOiJjdXN0b21lciIsImlhdCI6MTczNjEzODI0OSwiZXhwIjoxNzY3Njk1ODQ5fQ.hxWfnCAYd8w3ZA-CP7lGtz9b4ujj5J_uwBc1bIdE0NA",
    "userId": "66b44b0aae2afd4c0b441f37",
    "message": "Login Successfully"
}
HTTP/1.1 200 OK
Date: Mon, 06 Jan 2025 04:37:29 GMT
Server: Apache/2.4.52 (Ubuntu)
Content-Security-Policy: default-src 'self';base-uri 'self';block-all-mixed-content;font-src 'self' https: data:;frame-ancestors 'self';img-src 'self' data:;object-src 'none';script-src 'self';script-src-attr 'none';style-src 'self' https: 'unsafe-inline';upgrade-insecure-requests
X-DNS-Prefetch-Control: off
Expect-CT: max-age=0
X-Frame-Options: SAMEORIGIN
Strict-Transport-Security: max-age=15552000; includeSubDomains
X-Download-Options: noopen
X-Content-Type-Options: nosniff
X-Permitted-Cross-Domain-Policies: none
Referrer-Policy: no-referrer
X-XSS-Protection: 0
Access-Control-Allow-Origin: *
Content-Type: application/json; charset=utf-8
ETag: W/"1235-pvPjr06Vm3XxDS3ekVPSMc/+rK8"
Vary: Accept-Encoding
Content-Encoding: gzip
Keep-Alive: timeout=5, max=100
Connection: Keep-Alive
Transfer-Encoding: chunked

{
    "data": [
        {
            "_id": "6581ca979fd99c85e8ee7faf",
            "productName": "ADIDAS ORIGINAL",
            "productCategory": "household",
            "productSubCategory": "shoes",
            "productPrice": 31500,
            "productDescription": "Adidas shoes for Men",
            "productImage": "https://rahulshettyacademy.com/api/ecom/uploads/productImage_1650649488046.jpg",
            "productRating": "0",
            "productTotalOrders": "0",
            "productStatus": true,
            "productFor": "men",
            "productAddedBy": "admin@gmail.com",
            "__v": 0
        },
        {
            "_id": "6581cade9fd99c85e8ee7ff5",
            "productName": "IPHONE 13 PRO",
            "productCategory": "electronics",
            "productSubCategory": "mobiles",
            "productPrice": 231500,
            "productDescription": "Latest Apple Iphone13 pro with 200mp front camera",
            "productImage": "https://rahulshettyacademy.com/api/ecom/uploads/productImage_1650649561326.jpg",
            "productRating": "0",
            "productTotalOrders": "0",
            "productStatus": true,
            "productFor": "men",
            "productAddedBy": "admin@gmail.com",
            "__v": 0
        },
        {
            "_id": "6701364cae2afd4c0b90113c",
            "productName": "qwerty",
            "productCategory": "fashion",
            "productSubCategory": "shirts",
            "productPrice": 11500,
            "productDescription": "Addias Originals",
            "productImage": "https://rahulshettyacademy.com/api/ecom/uploads/productImage_1728132684377.jpg",
            "productRating": "0",
            "productTotalOrders": "0",
            "productStatus": true,
            "productFor": "women",
            "productAddedBy": "admin@gmail.com",
            "__v": 0
        },
        {
            "_id": "6755755ce2b5443b1fea9e2e",
            "productName": "Wilhelmine",
            "productCategory": "fashion",
            "productSubCategory": "shirts",
            "productPrice": 106.66,
            "productDescription": "Addias Originals",
            "productImage": "https://rahulshettyacademy.com/api/ecom/uploads/productImage_1733653851968.png",
            "productRating": "0",
            "productTotalOrders": "0",
            "productStatus": true,
            "productFor": "women",
            "productAddedBy": "66b44b0aae2afd4c0b441f37",
            "__v": 0
        },
        {
            "_id": "67558397e2b5443b1feab77b",
            "productName": "Cleo",
            "productCategory": "fashion",
            "productSubCategory": "shirts",
            "productPrice": 386.52,
            "productDescription": "Addias Originals",
            "productImage": "https://rahulshettyacademy.com/api/ecom/uploads/productImage_1733657494362.png",
            "productRating": "0",
            "productTotalOrders": "0",
            "productStatus": true,
            "productFor": "women",
            "productAddedBy": "66b44b0aae2afd4c0b441f37",
            "__v": 0
        },
        {
            "_id": "6755917ce2b5443b1feac8ff",
            "productName": "Reilly",
            "productCategory": "fashion",
            "productSubCategory": "shirts",
            "productPrice": 223.97,
            "productDescription": "Addias Originals",
            "productImage": "https://rahulshettyacademy.com/api/ecom/uploads/productImage_1733661051187.png",
            "productRating": "0",
            "productTotalOrders": "0",
            "productStatus": true,
            "productFor": "women",
            "productAddedBy": "66b44b0aae2afd4c0b441f37",
            "__v": 0
        },
        {
            "_id": "67559f85e2b5443b1fead943",
            "productName": "Annetta",
            "productCategory": "fashion",
            "productSubCategory": "shirts",
            "productPrice": 898.66,
            "productDescription": "Addias Originals",
            "productImage": "https://rahulshettyacademy.com/api/ecom/uploads/productImage_1733664643789.png",
            "productRating": "0",
            "productTotalOrders": "0",
            "productStatus": true,
            "productFor": "women",
            "productAddedBy": "66b44b0aae2afd4c0b441f37",
            "__v": 0
        },
        {
            "_id": "6755e6b8e2b5443b1feb23fa",
            "productName": "Aric",
            "productCategory": "fashion",
            "productSubCategory": "shirts",
            "productPrice": 640.43,
            "productDescription": "Addias Originals",
            "productImage": "https://rahulshettyacademy.com/api/ecom/uploads/productImage_1733682871538.png",
            "productRating": "0",
            "productTotalOrders": "0",
            "productStatus": true,
            "productFor": "women",
            "productAddedBy": "66b44b0aae2afd4c0b441f37",
            "__v": 0
        },
        {
            "_id": "676a631fe2b5443b1f004a20",
            "productName": "Banarsi Saree",
            "productCategory": "Cloths",
            "productSubCategory": "Women Cloths",
            "productPrice": 231500,
            "productDescription": "Latest Design in 2024",
            "productImage": "https://rahulshettyacademy.com/api/ecom/uploads/productImage_1735025439009.jpg",
            "productRating": "0",
            "productTotalOrders": "0",
            "productStatus": true,
            "productFor": "Women",
            "productAddedBy": "admin@gmail.com",
            "__v": 0
        },
        {
            "_id": "676a6619e2b5443b1f004fff",
            "productName": "LG Refrigerator",
            "productCategory": "Fride",
            "productSubCategory": "Electronics",
            "productPrice": 25000,
            "productDescription": "Latest Design in 2024",
            "productImage": "https://rahulshettyacademy.com/api/ecom/uploads/productImage_1735026201323.png",
            "productRating": "0",
            "productTotalOrders": "0",
            "productStatus": true,
            "productFor": "family",
            "productAddedBy": "admin@gmail.com",
            "__v": 0
        },
        {
            "_id": "676a9421e2b5443b1f00a1b2",
            "productName": "LG Refrigerator",
            "productCategory": "Fride",
            "productSubCategory": "Electronics",
            "productPrice": 25000,
            "productDescription": "Latest Design in 2024",
            "productImage": "https://rahulshettyacademy.com/api/ecom/uploads/productImage_1735037985643.png",
            "productRating": "0",
            "productTotalOrders": "0",
            "productStatus": true,
            "productFor": "family",
            "productAddedBy": "admin@gmail.com",
            "__v": 0
        }
    ],
    "count": 11,
    "message": "All Products fetched Successfully"
}
  When user sends a login API request                                          # StepDefinitions.APITest.GetProductDetailsAPI.ErrorHandlingStepDefImpl.userSendsALoginAPIRequest()
  Then user should receive a valid authentication token                        # StepDefinitions.APITest.GetProductDetailsAPI.ErrorHandlingStepDefImpl.userShouldReceiveAValidAuthenticationToken()
HTTP/1.1 200 OK
Date: Mon, 06 Jan 2025 04:37:29 GMT
Server: Apache/2.4.52 (Ubuntu)
Content-Security-Policy: default-src 'self';base-uri 'self';block-all-mixed-content;font-src 'self' https: data:;frame-ancestors 'self';img-src 'self' data:;object-src 'none';script-src 'self';script-src-attr 'none';style-src 'self' https: 'unsafe-inline';upgrade-insecure-requests
X-DNS-Prefetch-Control: off
Expect-CT: max-age=0
X-Frame-Options: SAMEORIGIN
Strict-Transport-Security: max-age=15552000; includeSubDomains
X-Download-Options: noopen
X-Content-Type-Options: nosniff
X-Permitted-Cross-Domain-Policies: none
Referrer-Policy: no-referrer
X-XSS-Protection: 0
Access-Control-Allow-Origin: *
Content-Type: application/json; charset=utf-8
Content-Length: 366
ETag: W/"16e-t5Y+TQ1nUidZXg6mxrVrrmCk3+A"
Vary: Accept-Encoding
Keep-Alive: timeout=5, max=100
Connection: Keep-Alive

{
    "token": "eyJhbGciOiJIUzI1NiIsInR5cCI6IkpXVCJ9.eyJfaWQiOiI2NmI0NGIwYWFlMmFmZDRjMGI0NDFmMzciLCJ1c2VyRW1haWwiOiJzYW50aG9zaHNhaTQ1MTdAZ21haWwuY29tIiwidXNlck1vYmlsZSI6OTA2MzUxNzYxNywidXNlclJvbGUiOiJjdXN0b21lciIsImlhdCI6MTczNjEzODI0OSwiZXhwIjoxNzY3Njk1ODQ5fQ.hxWfnCAYd8w3ZA-CP7lGtz9b4ujj5J_uwBc1bIdE0NA",
    "userId": "66b44b0aae2afd4c0b441f37",
    "message": "Login Successfully"
}
  When user sends a request to get all products using the authentication token     # StepDefinitions.APITest.GetProductDetailsAPI.ErrorHandlingStepDefImpl.userSendsARequestToGetAllProductsUsingTheAuthenticationToken()
  Then user should receive a list of product IDs                                   # StepDefinitions.APITest.GetProductDetailsAPI.ErrorHandlingStepDefImpl.userShouldReceiveAListOfProductIDs()
  When The user sends a login API request                                                                                                                                            # StepDefinitions.APITest.GetProductDetailsAPI.FunctionalityStepDefImpl.theUserSendsALoginAPIRequest()
  Then The user should receive a valid authentication token                                                                                                                          # StepDefinitions.APITest.GetProductDetailsAPI.FunctionalityStepDefImpl.theUserShouldReceiveAValidAuthenticationToken()
Request method:	POST
Request URI:	https://rahulshettyacademy.com/api/ecom/product/get-all-products
Proxy:			<none>
Request params:	<none>
Query params:	<none>
Form params:	<none>
Path params:	<none>
Headers:		Authorization=eyJhbGciOiJIUzI1NiIsInR5cCI6IkpXVCJ9.eyJfaWQiOiI2NmI0NGIwYWFlMmFmZDRjMGI0NDFmMzciLCJ1c2VyRW1haWwiOiJzYW50aG9zaHNhaTQ1MTdAZ21haWwuY29tIiwidXNlck1vYmlsZSI6OTA2MzUxNzYxNywidXNlclJvbGUiOiJjdXN0b21lciIsImlhdCI6MTczNjEzODI0OSwiZXhwIjoxNzY3Njk1ODQ5fQ.hxWfnCAYd8w3ZA-CP7lGtz9b4ujj5J_uwBc1bIdE0NA
				Accept=*/*
				Content-Type=application/json
Cookies:		<none>
Multiparts:		<none>
Body:
{
    "productName": "",
    "minPrice": null,
    "maxPrice": null,
    "productCategory": [
        
    ],
    "productSubCategory": [
        
    ],
    "productFor": [
        
    ]
}
Request method:	POST
Request URI:	https://rahulshettyacademy.com/api/ecom/product/get-all-products
Proxy:			<none>
Request params:	<none>
Query params:	<none>
Form params:	<none>
Path params:	<none>
Headers:		Authorization=eyJhbGciOiJIUzI1NiIsInR5cCI6IkpXVCJ9.eyJfaWQiOiI2NmI0NGIwYWFlMmFmZDRjMGI0NDFmMzciLCJ1c2VyRW1haWwiOiJzYW50aG9zaHNhaTQ1MTdAZ21haWwuY29tIiwidXNlck1vYmlsZSI6OTA2MzUxNzYxNywidXNlclJvbGUiOiJjdXN0b21lciIsImlhdCI6MTczNjEzODI0OSwiZXhwIjoxNzY3Njk1ODQ5fQ.hxWfnCAYd8w3ZA-CP7lGtz9b4ujj5J_uwBc1bIdE0NA
				Accept=*/*
				Content-Type=application/json
Cookies:		<none>
Multiparts:		<none>
Body:
{
    "productName": "",
    "minPrice": null,
    "maxPrice": null,
    "productCategory": [
        
    ],
    "productSubCategory": [
        
    ],
    "productFor": [
        
    ]
}
HTTP/1.1 200 OK
Date: Mon, 06 Jan 2025 04:37:29 GMT
Server: Apache/2.4.52 (Ubuntu)
Content-Security-Policy: default-src 'self';base-uri 'self';block-all-mixed-content;font-src 'self' https: data:;frame-ancestors 'self';img-src 'self' data:;object-src 'none';script-src 'self';script-src-attr 'none';style-src 'self' https: 'unsafe-inline';upgrade-insecure-requests
X-DNS-Prefetch-Control: off
Expect-CT: max-age=0
X-Frame-Options: SAMEORIGIN
Strict-Transport-Security: max-age=15552000; includeSubDomains
X-Download-Options: noopen
X-Content-Type-Options: nosniff
X-Permitted-Cross-Domain-Policies: none
Referrer-Policy: no-referrer
X-XSS-Protection: 0
Access-Control-Allow-Origin: *
Content-Type: application/json; charset=utf-8
Content-Length: 366
ETag: W/"16e-t5Y+TQ1nUidZXg6mxrVrrmCk3+A"
Vary: Accept-Encoding
Keep-Alive: timeout=5, max=100
Connection: Keep-Alive

{
    "token": "eyJhbGciOiJIUzI1NiIsInR5cCI6IkpXVCJ9.eyJfaWQiOiI2NmI0NGIwYWFlMmFmZDRjMGI0NDFmMzciLCJ1c2VyRW1haWwiOiJzYW50aG9zaHNhaTQ1MTdAZ21haWwuY29tIiwidXNlck1vYmlsZSI6OTA2MzUxNzYxNywidXNlclJvbGUiOiJjdXN0b21lciIsImlhdCI6MTczNjEzODI0OSwiZXhwIjoxNzY3Njk1ODQ5fQ.hxWfnCAYd8w3ZA-CP7lGtz9b4ujj5J_uwBc1bIdE0NA",
    "userId": "66b44b0aae2afd4c0b441f37",
    "message": "Login Successfully"
}
  When user sends a login API request                                          # StepDefinitions.APITest.GetProductDetailsAPI.ErrorHandlingStepDefImpl.userSendsALoginAPIRequest()
  Then user should receive a valid authentication token                        # StepDefinitions.APITest.GetProductDetailsAPI.ErrorHandlingStepDefImpl.userShouldReceiveAValidAuthenticationToken()
Request method:	POST
Request URI:	https://rahulshettyacademy.com/api/ecom/product/get-all-products
Proxy:			<none>
Request params:	<none>
Query params:	<none>
Form params:	<none>
Path params:	<none>
Headers:		Authorization=eyJhbGciOiJIUzI1NiIsInR5cCI6IkpXVCJ9.eyJfaWQiOiI2NmI0NGIwYWFlMmFmZDRjMGI0NDFmMzciLCJ1c2VyRW1haWwiOiJzYW50aG9zaHNhaTQ1MTdAZ21haWwuY29tIiwidXNlck1vYmlsZSI6OTA2MzUxNzYxNywidXNlclJvbGUiOiJjdXN0b21lciIsImlhdCI6MTczNjEzODI0OSwiZXhwIjoxNzY3Njk1ODQ5fQ.hxWfnCAYd8w3ZA-CP7lGtz9b4ujj5J_uwBc1bIdE0NA
				Accept=*/*
				Content-Type=application/json
Cookies:		<none>
Multiparts:		<none>
Body:
{
    "productName": "",
    "minPrice": null,
    "maxPrice": null,
    "productCategory": [
        
    ],
    "productSubCategory": [
        
    ],
    "productFor": [
        
    ]
}
Request method:	GET
Request URI:	https://rahulshettyacademy.com/api/ecom/product/get-product-detail/6581ca979fd99c85e8ee7faf
Proxy:			<none>
Request params:	<none>
Query params:	<none>
Form params:	<none>
Path params:	productId=6581ca979fd99c85e8ee7faf
Headers:		Authorization=
				Accept=*/*
				Content-Type=application/json
Cookies:		<none>
Multiparts:		<none>
Body:			<none>
HTTP/1.1 200 OK
Date: Mon, 06 Jan 2025 04:37:29 GMT
Server: Apache/2.4.52 (Ubuntu)
Content-Security-Policy: default-src 'self';base-uri 'self';block-all-mixed-content;font-src 'self' https: data:;frame-ancestors 'self';img-src 'self' data:;object-src 'none';script-src 'self';script-src-attr 'none';style-src 'self' https: 'unsafe-inline';upgrade-insecure-requests
X-DNS-Prefetch-Control: off
Expect-CT: max-age=0
X-Frame-Options: SAMEORIGIN
Strict-Transport-Security: max-age=15552000; includeSubDomains
X-Download-Options: noopen
X-Content-Type-Options: nosniff
X-Permitted-Cross-Domain-Policies: none
Referrer-Policy: no-referrer
X-XSS-Protection: 0
Access-Control-Allow-Origin: *
Content-Type: application/json; charset=utf-8
ETag: W/"1235-pvPjr06Vm3XxDS3ekVPSMc/+rK8"
Vary: Accept-Encoding
Content-Encoding: gzip
Keep-Alive: timeout=5, max=100
Connection: Keep-Alive
Transfer-Encoding: chunked

{
    "data": [
        {
            "_id": "6581ca979fd99c85e8ee7faf",
            "productName": "ADIDAS ORIGINAL",
            "productCategory": "household",
            "productSubCategory": "shoes",
            "productPrice": 31500,
            "productDescription": "Adidas shoes for Men",
            "productImage": "https://rahulshettyacademy.com/api/ecom/uploads/productImage_1650649488046.jpg",
            "productRating": "0",
            "productTotalOrders": "0",
            "productStatus": true,
            "productFor": "men",
            "productAddedBy": "admin@gmail.com",
            "__v": 0
        },
        {
            "_id": "6581cade9fd99c85e8ee7ff5",
            "productName": "IPHONE 13 PRO",
            "productCategory": "electronics",
            "productSubCategory": "mobiles",
            "productPrice": 231500,
            "productDescription": "Latest Apple Iphone13 pro with 200mp front camera",
            "productImage": "https://rahulshettyacademy.com/api/ecom/uploads/productImage_1650649561326.jpg",
            "productRating": "0",
            "productTotalOrders": "0",
            "productStatus": true,
            "productFor": "men",
            "productAddedBy": "admin@gmail.com",
            "__v": 0
        },
        {
            "_id": "6701364cae2afd4c0b90113c",
            "productName": "qwerty",
            "productCategory": "fashion",
            "productSubCategory": "shirts",
            "productPrice": 11500,
            "productDescription": "Addias Originals",
            "productImage": "https://rahulshettyacademy.com/api/ecom/uploads/productImage_1728132684377.jpg",
            "productRating": "0",
            "productTotalOrders": "0",
            "productStatus": true,
            "productFor": "women",
            "productAddedBy": "admin@gmail.com",
            "__v": 0
        },
        {
            "_id": "6755755ce2b5443b1fea9e2e",
            "productName": "Wilhelmine",
            "productCategory": "fashion",
            "productSubCategory": "shirts",
            "productPrice": 106.66,
            "productDescription": "Addias Originals",
            "productImage": "https://rahulshettyacademy.com/api/ecom/uploads/productImage_1733653851968.png",
            "productRating": "0",
            "productTotalOrders": "0",
            "productStatus": true,
            "productFor": "women",
            "productAddedBy": "66b44b0aae2afd4c0b441f37",
            "__v": 0
        },
        {
            "_id": "67558397e2b5443b1feab77b",
            "productName": "Cleo",
            "productCategory": "fashion",
            "productSubCategory": "shirts",
            "productPrice": 386.52,
            "productDescription": "Addias Originals",
            "productImage": "https://rahulshettyacademy.com/api/ecom/uploads/productImage_1733657494362.png",
            "productRating": "0",
            "productTotalOrders": "0",
            "productStatus": true,
            "productFor": "women",
            "productAddedBy": "66b44b0aae2afd4c0b441f37",
            "__v": 0
        },
        {
            "_id": "6755917ce2b5443b1feac8ff",
            "productName": "Reilly",
            "productCategory": "fashion",
            "productSubCategory": "shirts",
            "productPrice": 223.97,
            "productDescription": "Addias Originals",
            "productImage": "https://rahulshettyacademy.com/api/ecom/uploads/productImage_1733661051187.png",
            "productRating": "0",
            "productTotalOrders": "0",
            "productStatus": true,
            "productFor": "women",
            "productAddedBy": "66b44b0aae2afd4c0b441f37",
            "__v": 0
        },
        {
            "_id": "67559f85e2b5443b1fead943",
            "productName": "Annetta",
            "productCategory": "fashion",
            "productSubCategory": "shirts",
            "productPrice": 898.66,
            "productDescription": "Addias Originals",
            "productImage": "https://rahulshettyacademy.com/api/ecom/uploads/productImage_1733664643789.png",
            "productRating": "0",
            "productTotalOrders": "0",
            "productStatus": true,
            "productFor": "women",
            "productAddedBy": "66b44b0aae2afd4c0b441f37",
            "__v": 0
        },
        {
            "_id": "6755e6b8e2b5443b1feb23fa",
            "productName": "Aric",
            "productCategory": "fashion",
            "productSubCategory": "shirts",
            "productPrice": 640.43,
            "productDescription": "Addias Originals",
            "productImage": "https://rahulshettyacademy.com/api/ecom/uploads/productImage_1733682871538.png",
            "productRating": "0",
            "productTotalOrders": "0",
            "productStatus": true,
            "productFor": "women",
            "productAddedBy": "66b44b0aae2afd4c0b441f37",
            "__v": 0
        },
        {
            "_id": "676a631fe2b5443b1f004a20",
            "productName": "Banarsi Saree",
            "productCategory": "Cloths",
            "productSubCategory": "Women Cloths",
            "productPrice": 231500,
            "productDescription": "Latest Design in 2024",
            "productImage": "https://rahulshettyacademy.com/api/ecom/uploads/productImage_1735025439009.jpg",
            "productRating": "0",
            "productTotalOrders": "0",
            "productStatus": true,
            "productFor": "Women",
            "productAddedBy": "admin@gmail.com",
            "__v": 0
        },
        {
            "_id": "676a6619e2b5443b1f004fff",
            "productName": "LG Refrigerator",
            "productCategory": "Fride",
            "productSubCategory": "Electronics",
            "productPrice": 25000,
            "productDescription": "Latest Design in 2024",
            "productImage": "https://rahulshettyacademy.com/api/ecom/uploads/productImage_1735026201323.png",
            "productRating": "0",
            "productTotalOrders": "0",
            "productStatus": true,
            "productFor": "family",
            "productAddedBy": "admin@gmail.com",
            "__v": 0
        },
        {
            "_id": "676a9421e2b5443b1f00a1b2",
            "productName": "LG Refrigerator",
            "productCategory": "Fride",
            "productSubCategory": "Electronics",
            "productPrice": 25000,
            "productDescription": "Latest Design in 2024",
            "productImage": "https://rahulshettyacademy.com/api/ecom/uploads/productImage_1735037985643.png",
            "productRating": "0",
            "productTotalOrders": "0",
            "productStatus": true,
            "productFor": "family",
            "productAddedBy": "admin@gmail.com",
            "__v": 0
        }
    ],
    "count": 11,
    "message": "All Products fetched Successfully"
}
  When user sends a request to get all products using the authentication token # StepDefinitions.APITest.GetProductDetailsAPI.ErrorHandlingStepDefImpl.userSendsARequestToGetAllProductsUsingTheAuthenticationToken()
  Then user should receive a list of product IDs                               # StepDefinitions.APITest.GetProductDetailsAPI.ErrorHandlingStepDefImpl.userShouldReceiveAListOfProductIDs()
Request method:	GET
Request URI:	https://rahulshettyacademy.com/api/ecom/product/get-product-detail/
Proxy:			<none>
Request params:	<none>
Query params:	<none>
Form params:	<none>
Path params:	<none>
Headers:		Authorization=eyJhbGciOiJIUzI1NiIsInR5cCI6IkpXVCJ9.eyJfaWQiOiI2NmI0NGIwYWFlMmFmZDRjMGI0NDFmMzciLCJ1c2VyRW1haWwiOiJzYW50aG9zaHNhaTQ1MTdAZ21haWwuY29tIiwidXNlck1vYmlsZSI6OTA2MzUxNzYxNywidXNlclJvbGUiOiJjdXN0b21lciIsImlhdCI6MTczNjEzODI0OSwiZXhwIjoxNzY3Njk1ODQ5fQ.hxWfnCAYd8w3ZA-CP7lGtz9b4ujj5J_uwBc1bIdE0NA
				Accept=*/*
				Content-Type=application/json
Cookies:		<none>
Multiparts:		<none>
Body:			<none>
HTTP/1.1 401 Unauthorized
Date: Mon, 06 Jan 2025 04:37:29 GMT
Server: Apache/2.4.52 (Ubuntu)
Content-Security-Policy: default-src 'self';base-uri 'self';block-all-mixed-content;font-src 'self' https: data:;frame-ancestors 'self';img-src 'self' data:;object-src 'none';script-src 'self';script-src-attr 'none';style-src 'self' https: 'unsafe-inline';upgrade-insecure-requests
X-DNS-Prefetch-Control: off
Expect-CT: max-age=0
X-Frame-Options: SAMEORIGIN
Strict-Transport-Security: max-age=15552000; includeSubDomains
X-Download-Options: noopen
X-Content-Type-Options: nosniff
X-Permitted-Cross-Domain-Policies: none
Referrer-Policy: no-referrer
X-XSS-Protection: 0
Access-Control-Allow-Origin: *
Content-Type: application/json; charset=utf-8
Content-Length: 64
ETag: W/"40-OA4ZisnDMYQXAk/ZYKwVHFgkyVA"
Vary: Accept-Encoding
Keep-Alive: timeout=5, max=100
Connection: Keep-Alive

{
    "type": "Invalid",
    "message": "Access denied. No token provided."
}
  When User does not send auth token in api request                                # StepDefinitions.APITest.GetProductDetailsAPI.ErrorHandlingStepDefImpl.userDoesNotSendAuthTokenInApiRequest()
  Then "Access denied. No token provided." message is returned in response to user # StepDefinitions.APITest.GetProductDetailsAPI.ErrorHandlingStepDefImpl.messageIsReturnedInResponseToUser(java.lang.String)
HTTP/1.1 200 OK
Date: Mon, 06 Jan 2025 04:37:29 GMT
Server: Apache/2.4.52 (Ubuntu)
Content-Security-Policy: default-src 'self';base-uri 'self';block-all-mixed-content;font-src 'self' https: data:;frame-ancestors 'self';img-src 'self' data:;object-src 'none';script-src 'self';script-src-attr 'none';style-src 'self' https: 'unsafe-inline';upgrade-insecure-requests
X-DNS-Prefetch-Control: off
Expect-CT: max-age=0
X-Frame-Options: SAMEORIGIN
Strict-Transport-Security: max-age=15552000; includeSubDomains
X-Download-Options: noopen
X-Content-Type-Options: nosniff
X-Permitted-Cross-Domain-Policies: none
Referrer-Policy: no-referrer
X-XSS-Protection: 0
Access-Control-Allow-Origin: *
Content-Type: application/json; charset=utf-8
ETag: W/"1235-pvPjr06Vm3XxDS3ekVPSMc/+rK8"
Vary: Accept-Encoding
Content-Encoding: gzip
Keep-Alive: timeout=5, max=100
Connection: Keep-Alive
Transfer-Encoding: chunked

{
    "data": [
        {
            "_id": "6581ca979fd99c85e8ee7faf",
            "productName": "ADIDAS ORIGINAL",
            "productCategory": "household",
            "productSubCategory": "shoes",
            "productPrice": 31500,
            "productDescription": "Adidas shoes for Men",
            "productImage": "https://rahulshettyacademy.com/api/ecom/uploads/productImage_1650649488046.jpg",
            "productRating": "0",
            "productTotalOrders": "0",
            "productStatus": true,
            "productFor": "men",
            "productAddedBy": "admin@gmail.com",
            "__v": 0
        },
        {
            "_id": "6581cade9fd99c85e8ee7ff5",
            "productName": "IPHONE 13 PRO",
            "productCategory": "electronics",
            "productSubCategory": "mobiles",
            "productPrice": 231500,
            "productDescription": "Latest Apple Iphone13 pro with 200mp front camera",
            "productImage": "https://rahulshettyacademy.com/api/ecom/uploads/productImage_1650649561326.jpg",
            "productRating": "0",
            "productTotalOrders": "0",
            "productStatus": true,
            "productFor": "men",
            "productAddedBy": "admin@gmail.com",
            "__v": 0
        },
        {
            "_id": "6701364cae2afd4c0b90113c",
            "productName": "qwerty",
            "productCategory": "fashion",
            "productSubCategory": "shirts",
            "productPrice": 11500,
            "productDescription": "Addias Originals",
            "productImage": "https://rahulshettyacademy.com/api/ecom/uploads/productImage_1728132684377.jpg",
            "productRating": "0",
            "productTotalOrders": "0",
            "productStatus": true,
            "productFor": "women",
            "productAddedBy": "admin@gmail.com",
            "__v": 0
        },
        {
            "_id": "6755755ce2b5443b1fea9e2e",
            "productName": "Wilhelmine",
            "productCategory": "fashion",
            "productSubCategory": "shirts",
            "productPrice": 106.66,
            "productDescription": "Addias Originals",
            "productImage": "https://rahulshettyacademy.com/api/ecom/uploads/productImage_1733653851968.png",
            "productRating": "0",
            "productTotalOrders": "0",
            "productStatus": true,
            "productFor": "women",
            "productAddedBy": "66b44b0aae2afd4c0b441f37",
            "__v": 0
        },
        {
            "_id": "67558397e2b5443b1feab77b",
            "productName": "Cleo",
            "productCategory": "fashion",
            "productSubCategory": "shirts",
            "productPrice": 386.52,
            "productDescription": "Addias Originals",
            "productImage": "https://rahulshettyacademy.com/api/ecom/uploads/productImage_1733657494362.png",
            "productRating": "0",
            "productTotalOrders": "0",
            "productStatus": true,
            "productFor": "women",
            "productAddedBy": "66b44b0aae2afd4c0b441f37",
            "__v": 0
        },
        {
            "_id": "6755917ce2b5443b1feac8ff",
            "productName": "Reilly",
            "productCategory": "fashion",
            "productSubCategory": "shirts",
            "productPrice": 223.97,
            "productDescription": "Addias Originals",
            "productImage": "https://rahulshettyacademy.com/api/ecom/uploads/productImage_1733661051187.png",
            "productRating": "0",
            "productTotalOrders": "0",
            "productStatus": true,
            "productFor": "women",
            "productAddedBy": "66b44b0aae2afd4c0b441f37",
            "__v": 0
        },
        {
            "_id": "67559f85e2b5443b1fead943",
            "productName": "Annetta",
            "productCategory": "fashion",
            "productSubCategory": "shirts",
            "productPrice": 898.66,
            "productDescription": "Addias Originals",
            "productImage": "https://rahulshettyacademy.com/api/ecom/uploads/productImage_1733664643789.png",
            "productRating": "0",
            "productTotalOrders": "0",
            "productStatus": true,
            "productFor": "women",
            "productAddedBy": "66b44b0aae2afd4c0b441f37",
            "__v": 0
        },
        {
            "_id": "6755e6b8e2b5443b1feb23fa",
            "productName": "Aric",
            "productCategory": "fashion",
            "productSubCategory": "shirts",
            "productPrice": 640.43,
            "productDescription": "Addias Originals",
            "productImage": "https://rahulshettyacademy.com/api/ecom/uploads/productImage_1733682871538.png",
            "productRating": "0",
            "productTotalOrders": "0",
            "productStatus": true,
            "productFor": "women",
            "productAddedBy": "66b44b0aae2afd4c0b441f37",
            "__v": 0
        },
        {
            "_id": "676a631fe2b5443b1f004a20",
            "productName": "Banarsi Saree",
            "productCategory": "Cloths",
            "productSubCategory": "Women Cloths",
            "productPrice": 231500,
            "productDescription": "Latest Design in 2024",
            "productImage": "https://rahulshettyacademy.com/api/ecom/uploads/productImage_1735025439009.jpg",
            "productRating": "0",
            "productTotalOrders": "0",
            "productStatus": true,
            "productFor": "Women",
            "productAddedBy": "admin@gmail.com",
            "__v": 0
        },
        {
            "_id": "676a6619e2b5443b1f004fff",
            "productName": "LG Refrigerator",
            "productCategory": "Fride",
            "productSubCategory": "Electronics",
            "productPrice": 25000,
            "productDescription": "Latest Design in 2024",
            "productImage": "https://rahulshettyacademy.com/api/ecom/uploads/productImage_1735026201323.png",
            "productRating": "0",
            "productTotalOrders": "0",
            "productStatus": true,
            "productFor": "family",
            "productAddedBy": "admin@gmail.com",
            "__v": 0
        },
        {
            "_id": "676a9421e2b5443b1f00a1b2",
            "productName": "LG Refrigerator",
            "productCategory": "Fride",
            "productSubCategory": "Electronics",
            "productPrice": 25000,
            "productDescription": "Latest Design in 2024",
            "productImage": "https://rahulshettyacademy.com/api/ecom/uploads/productImage_1735037985643.png",
            "productRating": "0",
            "productTotalOrders": "0",
            "productStatus": true,
            "productFor": "family",
            "productAddedBy": "admin@gmail.com",
            "__v": 0
        }
    ],
    "count": 11,
    "message": "All Products fetched Successfully"
}
  When user sends a request to get all products using the authentication token # StepDefinitions.APITest.GetProductDetailsAPI.ErrorHandlingStepDefImpl.userSendsARequestToGetAllProductsUsingTheAuthenticationToken()
  Then user should receive a list of product IDs                               # StepDefinitions.APITest.GetProductDetailsAPI.ErrorHandlingStepDefImpl.userShouldReceiveAListOfProductIDs()
Request method:	GET
Request URI:	https://rahulshettyacademy.com/api/ecom/product/get-product/6581ca979fd99c85e8ee7faf
Proxy:			<none>
Request params:	<none>
Query params:	<none>
Form params:	<none>
Path params:	productId=6581ca979fd99c85e8ee7faf
Headers:		Authorization=eyJhbGciOiJIUzI1NiIsInR5cCI6IkpXVCJ9.eyJfaWQiOiI2NmI0NGIwYWFlMmFmZDRjMGI0NDFmMzciLCJ1c2VyRW1haWwiOiJzYW50aG9zaHNhaTQ1MTdAZ21haWwuY29tIiwidXNlck1vYmlsZSI6OTA2MzUxNzYxNywidXNlclJvbGUiOiJjdXN0b21lciIsImlhdCI6MTczNjEzODI0OSwiZXhwIjoxNzY3Njk1ODQ5fQ.hxWfnCAYd8w3ZA-CP7lGtz9b4ujj5J_uwBc1bIdE0NA
				Accept=*/*
				Content-Type=application/json
Cookies:		<none>
Multiparts:		<none>
Body:			<none>
HTTP/1.1 200 OK
Date: Mon, 06 Jan 2025 04:37:29 GMT
Server: Apache/2.4.52 (Ubuntu)
Content-Security-Policy: default-src 'self';base-uri 'self';block-all-mixed-content;font-src 'self' https: data:;frame-ancestors 'self';img-src 'self' data:;object-src 'none';script-src 'self';script-src-attr 'none';style-src 'self' https: 'unsafe-inline';upgrade-insecure-requests
X-DNS-Prefetch-Control: off
Expect-CT: max-age=0
X-Frame-Options: SAMEORIGIN
Strict-Transport-Security: max-age=15552000; includeSubDomains
X-Download-Options: noopen
X-Content-Type-Options: nosniff
X-Permitted-Cross-Domain-Policies: none
Referrer-Policy: no-referrer
X-XSS-Protection: 0
Access-Control-Allow-Origin: *
Content-Type: application/json; charset=utf-8
ETag: W/"1235-pvPjr06Vm3XxDS3ekVPSMc/+rK8"
Vary: Accept-Encoding
Content-Encoding: gzip
Keep-Alive: timeout=5, max=100
Connection: Keep-Alive
Transfer-Encoding: chunked

{
    "data": [
        {
            "_id": "6581ca979fd99c85e8ee7faf",
            "productName": "ADIDAS ORIGINAL",
            "productCategory": "household",
            "productSubCategory": "shoes",
            "productPrice": 31500,
            "productDescription": "Adidas shoes for Men",
            "productImage": "https://rahulshettyacademy.com/api/ecom/uploads/productImage_1650649488046.jpg",
            "productRating": "0",
            "productTotalOrders": "0",
            "productStatus": true,
            "productFor": "men",
            "productAddedBy": "admin@gmail.com",
            "__v": 0
        },
        {
            "_id": "6581cade9fd99c85e8ee7ff5",
            "productName": "IPHONE 13 PRO",
            "productCategory": "electronics",
            "productSubCategory": "mobiles",
            "productPrice": 231500,
            "productDescription": "Latest Apple Iphone13 pro with 200mp front camera",
            "productImage": "https://rahulshettyacademy.com/api/ecom/uploads/productImage_1650649561326.jpg",
            "productRating": "0",
            "productTotalOrders": "0",
            "productStatus": true,
            "productFor": "men",
            "productAddedBy": "admin@gmail.com",
            "__v": 0
        },
        {
            "_id": "6701364cae2afd4c0b90113c",
            "productName": "qwerty",
            "productCategory": "fashion",
            "productSubCategory": "shirts",
            "productPrice": 11500,
            "productDescription": "Addias Originals",
            "productImage": "https://rahulshettyacademy.com/api/ecom/uploads/productImage_1728132684377.jpg",
            "productRating": "0",
            "productTotalOrders": "0",
            "productStatus": true,
            "productFor": "women",
            "productAddedBy": "admin@gmail.com",
            "__v": 0
        },
        {
            "_id": "6755755ce2b5443b1fea9e2e",
            "productName": "Wilhelmine",
            "productCategory": "fashion",
            "productSubCategory": "shirts",
            "productPrice": 106.66,
            "productDescription": "Addias Originals",
            "productImage": "https://rahulshettyacademy.com/api/ecom/uploads/productImage_1733653851968.png",
            "productRating": "0",
            "productTotalOrders": "0",
            "productStatus": true,
            "productFor": "women",
            "productAddedBy": "66b44b0aae2afd4c0b441f37",
            "__v": 0
        },
        {
            "_id": "67558397e2b5443b1feab77b",
            "productName": "Cleo",
            "productCategory": "fashion",
            "productSubCategory": "shirts",
            "productPrice": 386.52,
            "productDescription": "Addias Originals",
            "productImage": "https://rahulshettyacademy.com/api/ecom/uploads/productImage_1733657494362.png",
            "productRating": "0",
            "productTotalOrders": "0",
            "productStatus": true,
            "productFor": "women",
            "productAddedBy": "66b44b0aae2afd4c0b441f37",
            "__v": 0
        },
        {
            "_id": "6755917ce2b5443b1feac8ff",
            "productName": "Reilly",
            "productCategory": "fashion",
            "productSubCategory": "shirts",
            "productPrice": 223.97,
            "productDescription": "Addias Originals",
            "productImage": "https://rahulshettyacademy.com/api/ecom/uploads/productImage_1733661051187.png",
            "productRating": "0",
            "productTotalOrders": "0",
            "productStatus": true,
            "productFor": "women",
            "productAddedBy": "66b44b0aae2afd4c0b441f37",
            "__v": 0
        },
        {
            "_id": "67559f85e2b5443b1fead943",
            "productName": "Annetta",
            "productCategory": "fashion",
            "productSubCategory": "shirts",
            "productPrice": 898.66,
            "productDescription": "Addias Originals",
            "productImage": "https://rahulshettyacademy.com/api/ecom/uploads/productImage_1733664643789.png",
            "productRating": "0",
            "productTotalOrders": "0",
            "productStatus": true,
            "productFor": "women",
            "productAddedBy": "66b44b0aae2afd4c0b441f37",
            "__v": 0
        },
        {
            "_id": "6755e6b8e2b5443b1feb23fa",
            "productName": "Aric",
            "productCategory": "fashion",
            "productSubCategory": "shirts",
            "productPrice": 640.43,
            "productDescription": "Addias Originals",
            "productImage": "https://rahulshettyacademy.com/api/ecom/uploads/productImage_1733682871538.png",
            "productRating": "0",
            "productTotalOrders": "0",
            "productStatus": true,
            "productFor": "women",
            "productAddedBy": "66b44b0aae2afd4c0b441f37",
            "__v": 0
        },
        {
            "_id": "676a631fe2b5443b1f004a20",
            "productName": "Banarsi Saree",
            "productCategory": "Cloths",
            "productSubCategory": "Women Cloths",
            "productPrice": 231500,
            "productDescription": "Latest Design in 2024",
            "productImage": "https://rahulshettyacademy.com/api/ecom/uploads/productImage_1735025439009.jpg",
            "productRating": "0",
            "productTotalOrders": "0",
            "productStatus": true,
            "productFor": "Women",
            "productAddedBy": "admin@gmail.com",
            "__v": 0
        },
        {
            "_id": "676a6619e2b5443b1f004fff",
            "productName": "LG Refrigerator",
            "productCategory": "Fride",
            "productSubCategory": "Electronics",
            "productPrice": 25000,
            "productDescription": "Latest Design in 2024",
            "productImage": "https://rahulshettyacademy.com/api/ecom/uploads/productImage_1735026201323.png",
            "productRating": "0",
            "productTotalOrders": "0",
            "productStatus": true,
            "productFor": "family",
            "productAddedBy": "admin@gmail.com",
            "__v": 0
        },
        {
            "_id": "676a9421e2b5443b1f00a1b2",
            "productName": "LG Refrigerator",
            "productCategory": "Fride",
            "productSubCategory": "Electronics",
            "productPrice": 25000,
            "productDescription": "Latest Design in 2024",
            "productImage": "https://rahulshettyacademy.com/api/ecom/uploads/productImage_1735037985643.png",
            "productRating": "0",
            "productTotalOrders": "0",
            "productStatus": true,
            "productFor": "family",
            "productAddedBy": "admin@gmail.com",
            "__v": 0
        }
    ],
    "count": 11,
    "message": "All Products fetched Successfully"
}
  When The user sends a request to get all products using the authentication token                                                                                                   # StepDefinitions.APITest.GetProductDetailsAPI.FunctionalityStepDefImpl.theUserSendsARequestToGetAllProductsUsingTheAuthenticationToken()
  Then The user should receive a list of product IDs                                                                                                                                 # StepDefinitions.APITest.GetProductDetailsAPI.FunctionalityStepDefImpl.theUserShouldReceiveAListOfProductIDs()
Request method:	GET
Request URI:	https://rahulshettyacademy.com/api/ecom/product/get-product-detail/6581ca979fd99c85e8ee7faf
Proxy:			<none>
Request params:	<none>
Query params:	<none>
Form params:	<none>
Path params:	productId=6581ca979fd99c85e8ee7faf
Headers:		Authorization=eyJhbGciOiJIUzI1NiIsInR5cCI6IkpXVCJ9.eyJfaWQiOiI2NmI0NGIwYWFlMmFmZDRjMGI0NDFmMzciLCJ1c2VyRW1haWwiOiJzYW50aG9zaHNhaTQ1MTdAZ21haWwuY29tIiwidXNlck1vYmlsZSI6OTA2MzUxNzYxNywidXNlclJvbGUiOiJjdXN0b21lciIsImlhdCI6MTczNjEzODI0OSwiZXhwIjoxNzY3Njk1ODQ5fQ.hxWfnCAYd8w3ZA-CP7lGtz9b4ujj5J_uwBc1bIdE0NA
				Accept=*/*
				Content-Type=application/json
Cookies:		<none>
Multiparts:		<none>
Body:			<none>
  When User does not send productID in api request                             # StepDefinitions.APITest.GetProductDetailsAPI.ErrorHandlingStepDefImpl.userDoesNotSendProductIDInApiRequest()
HTTP/1.1 200 OK
Date: Mon, 06 Jan 2025 04:37:29 GMT
Server: Apache/2.4.52 (Ubuntu)
Content-Security-Policy: default-src 'self';base-uri 'self';block-all-mixed-content;font-src 'self' https: data:;frame-ancestors 'self';img-src 'self' data:;object-src 'none';script-src 'self';script-src-attr 'none';style-src 'self' https: 'unsafe-inline';upgrade-insecure-requests
X-DNS-Prefetch-Control: off
Expect-CT: max-age=0
X-Frame-Options: SAMEORIGIN
Strict-Transport-Security: max-age=15552000; includeSubDomains
X-Download-Options: noopen
X-Content-Type-Options: nosniff
X-Permitted-Cross-Domain-Policies: none
Referrer-Policy: no-referrer
X-XSS-Protection: 0
Access-Control-Allow-Origin: *
Content-Type: application/json; charset=utf-8
ETag: W/"1235-pvPjr06Vm3XxDS3ekVPSMc/+rK8"
Vary: Accept-Encoding
Content-Encoding: gzip
Keep-Alive: timeout=5, max=100
Connection: Keep-Alive
Transfer-Encoding: chunked

{
    "data": [
        {
            "_id": "6581ca979fd99c85e8ee7faf",
            "productName": "ADIDAS ORIGINAL",
            "productCategory": "household",
            "productSubCategory": "shoes",
            "productPrice": 31500,
            "productDescription": "Adidas shoes for Men",
            "productImage": "https://rahulshettyacademy.com/api/ecom/uploads/productImage_1650649488046.jpg",
            "productRating": "0",
            "productTotalOrders": "0",
            "productStatus": true,
            "productFor": "men",
            "productAddedBy": "admin@gmail.com",
            "__v": 0
        },
        {
            "_id": "6581cade9fd99c85e8ee7ff5",
            "productName": "IPHONE 13 PRO",
            "productCategory": "electronics",
            "productSubCategory": "mobiles",
            "productPrice": 231500,
            "productDescription": "Latest Apple Iphone13 pro with 200mp front camera",
            "productImage": "https://rahulshettyacademy.com/api/ecom/uploads/productImage_1650649561326.jpg",
            "productRating": "0",
            "productTotalOrders": "0",
            "productStatus": true,
            "productFor": "men",
            "productAddedBy": "admin@gmail.com",
            "__v": 0
        },
        {
            "_id": "6701364cae2afd4c0b90113c",
            "productName": "qwerty",
            "productCategory": "fashion",
            "productSubCategory": "shirts",
            "productPrice": 11500,
            "productDescription": "Addias Originals",
            "productImage": "https://rahulshettyacademy.com/api/ecom/uploads/productImage_1728132684377.jpg",
            "productRating": "0",
            "productTotalOrders": "0",
            "productStatus": true,
            "productFor": "women",
            "productAddedBy": "admin@gmail.com",
            "__v": 0
        },
        {
            "_id": "6755755ce2b5443b1fea9e2e",
            "productName": "Wilhelmine",
            "productCategory": "fashion",
            "productSubCategory": "shirts",
            "productPrice": 106.66,
            "productDescription": "Addias Originals",
            "productImage": "https://rahulshettyacademy.com/api/ecom/uploads/productImage_1733653851968.png",
            "productRating": "0",
            "productTotalOrders": "0",
            "productStatus": true,
            "productFor": "women",
            "productAddedBy": "66b44b0aae2afd4c0b441f37",
            "__v": 0
        },
        {
            "_id": "67558397e2b5443b1feab77b",
            "productName": "Cleo",
            "productCategory": "fashion",
            "productSubCategory": "shirts",
            "productPrice": 386.52,
            "productDescription": "Addias Originals",
            "productImage": "https://rahulshettyacademy.com/api/ecom/uploads/productImage_1733657494362.png",
            "productRating": "0",
            "productTotalOrders": "0",
            "productStatus": true,
            "productFor": "women",
            "productAddedBy": "66b44b0aae2afd4c0b441f37",
            "__v": 0
        },
        {
            "_id": "6755917ce2b5443b1feac8ff",
            "productName": "Reilly",
            "productCategory": "fashion",
            "productSubCategory": "shirts",
            "productPrice": 223.97,
            "productDescription": "Addias Originals",
            "productImage": "https://rahulshettyacademy.com/api/ecom/uploads/productImage_1733661051187.png",
            "productRating": "0",
            "productTotalOrders": "0",
            "productStatus": true,
            "productFor": "women",
            "productAddedBy": "66b44b0aae2afd4c0b441f37",
            "__v": 0
        },
        {
            "_id": "67559f85e2b5443b1fead943",
            "productName": "Annetta",
            "productCategory": "fashion",
            "productSubCategory": "shirts",
            "productPrice": 898.66,
            "productDescription": "Addias Originals",
            "productImage": "https://rahulshettyacademy.com/api/ecom/uploads/productImage_1733664643789.png",
            "productRating": "0",
            "productTotalOrders": "0",
            "productStatus": true,
            "productFor": "women",
            "productAddedBy": "66b44b0aae2afd4c0b441f37",
            "__v": 0
        },
        {
            "_id": "6755e6b8e2b5443b1feb23fa",
            "productName": "Aric",
            "productCategory": "fashion",
            "productSubCategory": "shirts",
            "productPrice": 640.43,
            "productDescription": "Addias Originals",
            "productImage": "https://rahulshettyacademy.com/api/ecom/uploads/productImage_1733682871538.png",
            "productRating": "0",
            "productTotalOrders": "0",
            "productStatus": true,
            "productFor": "women",
            "productAddedBy": "66b44b0aae2afd4c0b441f37",
            "__v": 0
        },
        {
            "_id": "676a631fe2b5443b1f004a20",
            "productName": "Banarsi Saree",
            "productCategory": "Cloths",
            "productSubCategory": "Women Cloths",
            "productPrice": 231500,
            "productDescription": "Latest Design in 2024",
            "productImage": "https://rahulshettyacademy.com/api/ecom/uploads/productImage_1735025439009.jpg",
            "productRating": "0",
            "productTotalOrders": "0",
            "productStatus": true,
            "productFor": "Women",
            "productAddedBy": "admin@gmail.com",
            "__v": 0
        },
        {
            "_id": "676a6619e2b5443b1f004fff",
            "productName": "LG Refrigerator",
            "productCategory": "Fride",
            "productSubCategory": "Electronics",
            "productPrice": 25000,
            "productDescription": "Latest Design in 2024",
            "productImage": "https://rahulshettyacademy.com/api/ecom/uploads/productImage_1735026201323.png",
            "productRating": "0",
            "productTotalOrders": "0",
            "productStatus": true,
            "productFor": "family",
            "productAddedBy": "admin@gmail.com",
            "__v": 0
        },
        {
            "_id": "676a9421e2b5443b1f00a1b2",
            "productName": "LG Refrigerator",
            "productCategory": "Fride",
            "productSubCategory": "Electronics",
            "productPrice": 25000,
            "productDescription": "Latest Design in 2024",
            "productImage": "https://rahulshettyacademy.com/api/ecom/uploads/productImage_1735037985643.png",
            "productRating": "0",
            "productTotalOrders": "0",
            "productStatus": true,
            "productFor": "family",
            "productAddedBy": "admin@gmail.com",
            "__v": 0
        }
    ],
    "count": 11,
    "message": "All Products fetched Successfully"
}
HTTP/1.1 404 Not Found
Date: Mon, 06 Jan 2025 04:37:29 GMT
Server: Apache/2.4.52 (Ubuntu)
Content-Security-Policy: default-src 'none'
X-DNS-Prefetch-Control: off
Expect-CT: max-age=0
X-Frame-Options: SAMEORIGIN
Strict-Transport-Security: max-age=15552000; includeSubDomains
X-Download-Options: noopen
X-Content-Type-Options: nosniff
X-Permitted-Cross-Domain-Policies: none
Referrer-Policy: no-referrer
X-XSS-Protection: 0
Access-Control-Allow-Origin: *
Content-Type: text/html; charset=utf-8
Content-Length: 166
Vary: Accept-Encoding
Keep-Alive: timeout=5, max=100
Connection: Keep-Alive

<html lang="en">
  <head>
    <meta charset="utf-8"/>
    <title>Error</title>
  </head>
  <body>
    <pre>Cannot GET /product/get-product-detail/</pre>
  </body>
</html>
  Then "404" code is returned in response to user                              # StepDefinitions.APITest.GetProductDetailsAPI.ErrorHandlingStepDefImpl.codeIsReturnedInResponseToUser(java.lang.String)
  When user sends a request to get all products using the authentication token # StepDefinitions.APITest.GetProductDetailsAPI.ErrorHandlingStepDefImpl.userSendsARequestToGetAllProductsUsingTheAuthenticationToken()
  Then user should receive a list of product IDs                               # StepDefinitions.APITest.GetProductDetailsAPI.ErrorHandlingStepDefImpl.userShouldReceiveAListOfProductIDs()
Request method:	GET
Request URI:	https://rahulshettyacademy.com/api/ecom/product/get-product-detail/6581cade9fd99c85e8ee7ff2
Proxy:			<none>
Request params:	<none>
Query params:	<none>
Form params:	<none>
Path params:	productId=6581cade9fd99c85e8ee7ff2
Headers:		Authorization=eyJhbGciOiJIUzI1NiIsInR5cCI6IkpXVCJ9.eyJfaWQiOiI2NmI0NGIwYWFlMmFmZDRjMGI0NDFmMzciLCJ1c2VyRW1haWwiOiJzYW50aG9zaHNhaTQ1MTdAZ21haWwuY29tIiwidXNlck1vYmlsZSI6OTA2MzUxNzYxNywidXNlclJvbGUiOiJjdXN0b21lciIsImlhdCI6MTczNjEzODI0OSwiZXhwIjoxNzY3Njk1ODQ5fQ.hxWfnCAYd8w3ZA-CP7lGtz9b4ujj5J_uwBc1bIdE0NA
				Accept=*/*
				Content-Type=application/json
Cookies:		<none>
Multiparts:		<none>
Body:			<none>
  When User sends product id to wrong endpoint                                 # StepDefinitions.APITest.GetProductDetailsAPI.ErrorHandlingStepDefImpl.userSendsProductIdToWrongEndpoint()
HTTP/1.1 404 Not Found
Date: Mon, 06 Jan 2025 04:37:29 GMT
Server: Apache/2.4.52 (Ubuntu)
Content-Security-Policy: default-src 'none'
X-DNS-Prefetch-Control: off
Expect-CT: max-age=0
X-Frame-Options: SAMEORIGIN
Strict-Transport-Security: max-age=15552000; includeSubDomains
X-Download-Options: noopen
X-Content-Type-Options: nosniff
X-Permitted-Cross-Domain-Policies: none
Referrer-Policy: no-referrer
X-XSS-Protection: 0
Access-Control-Allow-Origin: *
Content-Type: text/html; charset=utf-8
Content-Length: 183
Vary: Accept-Encoding
Keep-Alive: timeout=5, max=100
Connection: Keep-Alive

<html lang="en">
  <head>
    <meta charset="utf-8"/>
    <title>Error</title>
  </head>
  <body>
    <pre>Cannot GET /product/get-product/6581ca979fd99c85e8ee7faf</pre>
  </body>
</html>
  Then "404" code is returned in response to user                              # StepDefinitions.APITest.GetProductDetailsAPI.ErrorHandlingStepDefImpl.codeIsReturnedInResponseToUser(java.lang.String)
HTTP/1.1 200 OK
Date: Mon, 06 Jan 2025 04:37:29 GMT
Server: Apache/2.4.52 (Ubuntu)
Content-Security-Policy: default-src 'self';base-uri 'self';block-all-mixed-content;font-src 'self' https: data:;frame-ancestors 'self';img-src 'self' data:;object-src 'none';script-src 'self';script-src-attr 'none';style-src 'self' https: 'unsafe-inline';upgrade-insecure-requests
X-DNS-Prefetch-Control: off
Expect-CT: max-age=0
X-Frame-Options: SAMEORIGIN
Strict-Transport-Security: max-age=15552000; includeSubDomains
X-Download-Options: noopen
X-Content-Type-Options: nosniff
X-Permitted-Cross-Domain-Policies: none
Referrer-Policy: no-referrer
X-XSS-Protection: 0
Access-Control-Allow-Origin: *
Content-Type: application/json; charset=utf-8
Content-Length: 472
ETag: W/"1d8-Y1pV2UyWcfV3ZURaUEx3uVFEcQA"
Vary: Accept-Encoding
Keep-Alive: timeout=5, max=100
Connection: Keep-Alive

{
    "data": {
        "_id": "6581ca979fd99c85e8ee7faf",
        "productName": "ADIDAS ORIGINAL",
        "productCategory": "household",
        "productSubCategory": "shoes",
        "productPrice": 31500,
        "productDescription": "Adidas shoes for Men",
        "productImage": "https://rahulshettyacademy.com/api/ecom/uploads/productImage_1650649488046.jpg",
        "productRating": "0",
        "productTotalOrders": "0",
        "productStatus": true,
        "productFor": "men",
        "productAddedBy": "admin@gmail.com",
        "__v": 0
    },
    "message": "Product Details fetched Successfully"
}
Request method:	GET
Request URI:	https://rahulshettyacademy.com/api/ecom/product/get-product-detail/6581cade9fd99c85e8ee7ff5
Proxy:			<none>
Request params:	<none>
Query params:	<none>
Form params:	<none>
Path params:	productId=6581cade9fd99c85e8ee7ff5
Headers:		Authorization=eyJhbGciOiJIUzI1NiIsInR5cCI6IkpXVCJ9.eyJfaWQiOiI2NmI0NGIwYWFlMmFmZDRjMGI0NDFmMzciLCJ1c2VyRW1haWwiOiJzYW50aG9zaHNhaTQ1MTdAZ21haWwuY29tIiwidXNlck1vYmlsZSI6OTA2MzUxNzYxNywidXNlclJvbGUiOiJjdXN0b21lciIsImlhdCI6MTczNjEzODI0OSwiZXhwIjoxNzY3Njk1ODQ5fQ.hxWfnCAYd8w3ZA-CP7lGtz9b4ujj5J_uwBc1bIdE0NA
				Accept=*/*
				Content-Type=application/json
Cookies:		<none>
Multiparts:		<none>
Body:			<none>
HTTP/1.1 400 Bad Request
Date: Mon, 06 Jan 2025 04:37:29 GMT
Server: Apache/2.4.52 (Ubuntu)
Content-Security-Policy: default-src 'self';base-uri 'self';block-all-mixed-content;font-src 'self' https: data:;frame-ancestors 'self';img-src 'self' data:;object-src 'none';script-src 'self';script-src-attr 'none';style-src 'self' https: 'unsafe-inline';upgrade-insecure-requests
X-DNS-Prefetch-Control: off
Expect-CT: max-age=0
X-Frame-Options: SAMEORIGIN
Strict-Transport-Security: max-age=15552000; includeSubDomains
X-Download-Options: noopen
X-Content-Type-Options: nosniff
X-Permitted-Cross-Domain-Policies: none
Referrer-Policy: no-referrer
X-XSS-Protection: 0
Access-Control-Allow-Origin: *
Content-Type: application/json; charset=utf-8
Content-Length: 31
ETag: W/"1f-Zkgaox/LmBaRs1Ofkuc8bu8COvo"
Vary: Accept-Encoding
Connection: close

{
    "message": "Product not found"
}
  When User sends product id that does not exists                              # StepDefinitions.APITest.GetProductDetailsAPI.ErrorHandlingStepDefImpl.userSendsProductIdThatDoesNotExists()
  Then "Product not found" error message is returned in response to user       # StepDefinitions.APITest.GetProductDetailsAPI.ErrorHandlingStepDefImpl.errorMessageIsReturnedInResponseToUser(java.lang.String)
HTTP/1.1 200 OK
Date: Mon, 06 Jan 2025 04:37:29 GMT
Server: Apache/2.4.52 (Ubuntu)
Content-Security-Policy: default-src 'self';base-uri 'self';block-all-mixed-content;font-src 'self' https: data:;frame-ancestors 'self';img-src 'self' data:;object-src 'none';script-src 'self';script-src-attr 'none';style-src 'self' https: 'unsafe-inline';upgrade-insecure-requests
X-DNS-Prefetch-Control: off
Expect-CT: max-age=0
X-Frame-Options: SAMEORIGIN
Strict-Transport-Security: max-age=15552000; includeSubDomains
X-Download-Options: noopen
X-Content-Type-Options: nosniff
X-Permitted-Cross-Domain-Policies: none
Referrer-Policy: no-referrer
X-XSS-Protection: 0
Access-Control-Allow-Origin: *
Content-Type: application/json; charset=utf-8
Content-Length: 504
ETag: W/"1f8-FlUwcB4EC0UifQh6lh45oByhhRo"
Vary: Accept-Encoding
Keep-Alive: timeout=5, max=100
Connection: Keep-Alive

{
    "data": {
        "_id": "6581cade9fd99c85e8ee7ff5",
        "productName": "IPHONE 13 PRO",
        "productCategory": "electronics",
        "productSubCategory": "mobiles",
        "productPrice": 231500,
        "productDescription": "Latest Apple Iphone13 pro with 200mp front camera",
        "productImage": "https://rahulshettyacademy.com/api/ecom/uploads/productImage_1650649561326.jpg",
        "productRating": "0",
        "productTotalOrders": "0",
        "productStatus": true,
        "productFor": "men",
        "productAddedBy": "admin@gmail.com",
        "__v": 0
    },
    "message": "Product Details fetched Successfully"
}
Request method:	GET
Request URI:	https://rahulshettyacademy.com/api/ecom/product/get-product-detail/6701364cae2afd4c0b90113c
Proxy:			<none>
Request params:	<none>
Query params:	<none>
Form params:	<none>
Path params:	productId=6701364cae2afd4c0b90113c
Headers:		Authorization=eyJhbGciOiJIUzI1NiIsInR5cCI6IkpXVCJ9.eyJfaWQiOiI2NmI0NGIwYWFlMmFmZDRjMGI0NDFmMzciLCJ1c2VyRW1haWwiOiJzYW50aG9zaHNhaTQ1MTdAZ21haWwuY29tIiwidXNlck1vYmlsZSI6OTA2MzUxNzYxNywidXNlclJvbGUiOiJjdXN0b21lciIsImlhdCI6MTczNjEzODI0OSwiZXhwIjoxNzY3Njk1ODQ5fQ.hxWfnCAYd8w3ZA-CP7lGtz9b4ujj5J_uwBc1bIdE0NA
				Accept=*/*
				Content-Type=application/json
Cookies:		<none>
Multiparts:		<none>
Body:			<none>
HTTP/1.1 200 OK
Date: Mon, 06 Jan 2025 04:37:30 GMT
Server: Apache/2.4.52 (Ubuntu)
Content-Security-Policy: default-src 'self';base-uri 'self';block-all-mixed-content;font-src 'self' https: data:;frame-ancestors 'self';img-src 'self' data:;object-src 'none';script-src 'self';script-src-attr 'none';style-src 'self' https: 'unsafe-inline';upgrade-insecure-requests
X-DNS-Prefetch-Control: off
Expect-CT: max-age=0
X-Frame-Options: SAMEORIGIN
Strict-Transport-Security: max-age=15552000; includeSubDomains
X-Download-Options: noopen
X-Content-Type-Options: nosniff
X-Permitted-Cross-Domain-Policies: none
Referrer-Policy: no-referrer
X-XSS-Protection: 0
Access-Control-Allow-Origin: *
Content-Type: application/json; charset=utf-8
Content-Length: 460
ETag: W/"1cc-uSrnS5RP0F1UuPqo4AJqrO9EofM"
Vary: Accept-Encoding
Keep-Alive: timeout=5, max=100
Connection: Keep-Alive

{
    "data": {
        "_id": "6701364cae2afd4c0b90113c",
        "productName": "qwerty",
        "productCategory": "fashion",
        "productSubCategory": "shirts",
        "productPrice": 11500,
        "productDescription": "Addias Originals",
        "productImage": "https://rahulshettyacademy.com/api/ecom/uploads/productImage_1728132684377.jpg",
        "productRating": "0",
        "productTotalOrders": "0",
        "productStatus": true,
        "productFor": "women",
        "productAddedBy": "admin@gmail.com",
        "__v": 0
    },
    "message": "Product Details fetched Successfully"
}
Request method:	GET
Request URI:	https://rahulshettyacademy.com/api/ecom/product/get-product-detail/6755755ce2b5443b1fea9e2e
Proxy:			<none>
Request params:	<none>
Query params:	<none>
Form params:	<none>
Path params:	productId=6755755ce2b5443b1fea9e2e
Headers:		Authorization=eyJhbGciOiJIUzI1NiIsInR5cCI6IkpXVCJ9.eyJfaWQiOiI2NmI0NGIwYWFlMmFmZDRjMGI0NDFmMzciLCJ1c2VyRW1haWwiOiJzYW50aG9zaHNhaTQ1MTdAZ21haWwuY29tIiwidXNlck1vYmlsZSI6OTA2MzUxNzYxNywidXNlclJvbGUiOiJjdXN0b21lciIsImlhdCI6MTczNjEzODI0OSwiZXhwIjoxNzY3Njk1ODQ5fQ.hxWfnCAYd8w3ZA-CP7lGtz9b4ujj5J_uwBc1bIdE0NA
				Accept=*/*
				Content-Type=application/json
Cookies:		<none>
Multiparts:		<none>
Body:			<none>
HTTP/1.1 200 OK
Date: Mon, 06 Jan 2025 04:37:30 GMT
Server: Apache/2.4.52 (Ubuntu)
Content-Security-Policy: default-src 'self';base-uri 'self';block-all-mixed-content;font-src 'self' https: data:;frame-ancestors 'self';img-src 'self' data:;object-src 'none';script-src 'self';script-src-attr 'none';style-src 'self' https: 'unsafe-inline';upgrade-insecure-requests
X-DNS-Prefetch-Control: off
Expect-CT: max-age=0
X-Frame-Options: SAMEORIGIN
Strict-Transport-Security: max-age=15552000; includeSubDomains
X-Download-Options: noopen
X-Content-Type-Options: nosniff
X-Permitted-Cross-Domain-Policies: none
Referrer-Policy: no-referrer
X-XSS-Protection: 0
Access-Control-Allow-Origin: *
Content-Type: application/json; charset=utf-8
Content-Length: 474
ETag: W/"1da-7ie8EHCrM0DLuhwMlE1NV5x3X5A"
Vary: Accept-Encoding
Keep-Alive: timeout=5, max=100
Connection: Keep-Alive

{
    "data": {
        "_id": "6755755ce2b5443b1fea9e2e",
        "productName": "Wilhelmine",
        "productCategory": "fashion",
        "productSubCategory": "shirts",
        "productPrice": 106.66,
        "productDescription": "Addias Originals",
        "productImage": "https://rahulshettyacademy.com/api/ecom/uploads/productImage_1733653851968.png",
        "productRating": "0",
        "productTotalOrders": "0",
        "productStatus": true,
        "productFor": "women",
        "productAddedBy": "66b44b0aae2afd4c0b441f37",
        "__v": 0
    },
    "message": "Product Details fetched Successfully"
}
Request method:	GET
Request URI:	https://rahulshettyacademy.com/api/ecom/product/get-product-detail/67558397e2b5443b1feab77b
Proxy:			<none>
Request params:	<none>
Query params:	<none>
Form params:	<none>
Path params:	productId=67558397e2b5443b1feab77b
Headers:		Authorization=eyJhbGciOiJIUzI1NiIsInR5cCI6IkpXVCJ9.eyJfaWQiOiI2NmI0NGIwYWFlMmFmZDRjMGI0NDFmMzciLCJ1c2VyRW1haWwiOiJzYW50aG9zaHNhaTQ1MTdAZ21haWwuY29tIiwidXNlck1vYmlsZSI6OTA2MzUxNzYxNywidXNlclJvbGUiOiJjdXN0b21lciIsImlhdCI6MTczNjEzODI0OSwiZXhwIjoxNzY3Njk1ODQ5fQ.hxWfnCAYd8w3ZA-CP7lGtz9b4ujj5J_uwBc1bIdE0NA
				Accept=*/*
				Content-Type=application/json
Cookies:		<none>
Multiparts:		<none>
Body:			<none>
]]></system-out>
  </testcase>
  <testcase name="runScenario[&quot;GetAllProducts API with filters&quot;, &quot;GetAllProducts API functionality&quot;](12)" classname="TestNGTestRunner" time="0.976">
    <system-out><![CDATA[
@ErrorHandlingAPI
Scenario Outline: Login API with incorrect login credentials                     # src/test/java/FeatureFiles/APITest/LoginAPI/ErrorHandling.feature:11
  Given User provides santhoshsai4517@gmail.com 151Fa04124@457 login credentials # StepDefinitions.APITest.LoginAPI.ErrorHandlingStepDefImpl.userProvidesUsernamePasswordLoginCredentials(java.lang.String,java.lang.String)
Request method:	POST
Request URI:	https://rahulshettyacademy.com/api/ecom/auth/login
Proxy:			<none>
Request params:	<none>
Query params:	<none>
Form params:	<none>
Path params:	<none>
Headers:		Accept=*/*
				Content-Type=application/json
Cookies:		<none>
Multiparts:		<none>
Body:
{
    "userEmail": "santhoshsai4517@gmail.com",
    "userPassword": "151Fa04124@457"
}
HTTP/1.1 200 OK
Date: Mon, 06 Jan 2025 04:37:30 GMT
Server: Apache/2.4.52 (Ubuntu)
Content-Security-Policy: default-src 'self';base-uri 'self';block-all-mixed-content;font-src 'self' https: data:;frame-ancestors 'self';img-src 'self' data:;object-src 'none';script-src 'self';script-src-attr 'none';style-src 'self' https: 'unsafe-inline';upgrade-insecure-requests
X-DNS-Prefetch-Control: off
Expect-CT: max-age=0
X-Frame-Options: SAMEORIGIN
Strict-Transport-Security: max-age=15552000; includeSubDomains
X-Download-Options: noopen
X-Content-Type-Options: nosniff
X-Permitted-Cross-Domain-Policies: none
Referrer-Policy: no-referrer
X-XSS-Protection: 0
Access-Control-Allow-Origin: *
Content-Type: application/json; charset=utf-8
Content-Length: 468
ETag: W/"1d4-+N7jkHp+Hlls+R7qbQqK7sH6RyU"
Vary: Accept-Encoding
Keep-Alive: timeout=5, max=100
Connection: Keep-Alive

{
    "data": {
        "_id": "67558397e2b5443b1feab77b",
        "productName": "Cleo",
        "productCategory": "fashion",
        "productSubCategory": "shirts",
        "productPrice": 386.52,
        "productDescription": "Addias Originals",
        "productImage": "https://rahulshettyacademy.com/api/ecom/uploads/productImage_1733657494362.png",
        "productRating": "0",
        "productTotalOrders": "0",
        "productStatus": true,
        "productFor": "women",
        "productAddedBy": "66b44b0aae2afd4c0b441f37",
        "__v": 0
    },
    "message": "Product Details fetched Successfully"
}
Request method:	GET
Request URI:	https://rahulshettyacademy.com/api/ecom/product/get-product-detail/6755917ce2b5443b1feac8ff
Proxy:			<none>
Request params:	<none>
Query params:	<none>
Form params:	<none>
Path params:	productId=6755917ce2b5443b1feac8ff
Headers:		Authorization=eyJhbGciOiJIUzI1NiIsInR5cCI6IkpXVCJ9.eyJfaWQiOiI2NmI0NGIwYWFlMmFmZDRjMGI0NDFmMzciLCJ1c2VyRW1haWwiOiJzYW50aG9zaHNhaTQ1MTdAZ21haWwuY29tIiwidXNlck1vYmlsZSI6OTA2MzUxNzYxNywidXNlclJvbGUiOiJjdXN0b21lciIsImlhdCI6MTczNjEzODI0OSwiZXhwIjoxNzY3Njk1ODQ5fQ.hxWfnCAYd8w3ZA-CP7lGtz9b4ujj5J_uwBc1bIdE0NA
				Accept=*/*
				Content-Type=application/json
Cookies:		<none>
Multiparts:		<none>
Body:			<none>
HTTP/1.1 200 OK
Date: Mon, 06 Jan 2025 04:37:30 GMT
Server: Apache/2.4.52 (Ubuntu)
Content-Security-Policy: default-src 'self';base-uri 'self';block-all-mixed-content;font-src 'self' https: data:;frame-ancestors 'self';img-src 'self' data:;object-src 'none';script-src 'self';script-src-attr 'none';style-src 'self' https: 'unsafe-inline';upgrade-insecure-requests
X-DNS-Prefetch-Control: off
Expect-CT: max-age=0
X-Frame-Options: SAMEORIGIN
Strict-Transport-Security: max-age=15552000; includeSubDomains
X-Download-Options: noopen
X-Content-Type-Options: nosniff
X-Permitted-Cross-Domain-Policies: none
Referrer-Policy: no-referrer
X-XSS-Protection: 0
Access-Control-Allow-Origin: *
Content-Type: application/json; charset=utf-8
Content-Length: 470
ETag: W/"1d6-qdK8D7BBzrWUAHrWZZi/dchFyfE"
Vary: Accept-Encoding
Keep-Alive: timeout=5, max=100
Connection: Keep-Alive

{
    "data": {
        "_id": "6755917ce2b5443b1feac8ff",
        "productName": "Reilly",
        "productCategory": "fashion",
        "productSubCategory": "shirts",
        "productPrice": 223.97,
        "productDescription": "Addias Originals",
        "productImage": "https://rahulshettyacademy.com/api/ecom/uploads/productImage_1733661051187.png",
        "productRating": "0",
        "productTotalOrders": "0",
        "productStatus": true,
        "productFor": "women",
        "productAddedBy": "66b44b0aae2afd4c0b441f37",
        "__v": 0
    },
    "message": "Product Details fetched Successfully"
}
Request method:	GET
Request URI:	https://rahulshettyacademy.com/api/ecom/product/get-product-detail/67559f85e2b5443b1fead943
Proxy:			<none>
Request params:	<none>
Query params:	<none>
Form params:	<none>
Path params:	productId=67559f85e2b5443b1fead943
Headers:		Authorization=eyJhbGciOiJIUzI1NiIsInR5cCI6IkpXVCJ9.eyJfaWQiOiI2NmI0NGIwYWFlMmFmZDRjMGI0NDFmMzciLCJ1c2VyRW1haWwiOiJzYW50aG9zaHNhaTQ1MTdAZ21haWwuY29tIiwidXNlck1vYmlsZSI6OTA2MzUxNzYxNywidXNlclJvbGUiOiJjdXN0b21lciIsImlhdCI6MTczNjEzODI0OSwiZXhwIjoxNzY3Njk1ODQ5fQ.hxWfnCAYd8w3ZA-CP7lGtz9b4ujj5J_uwBc1bIdE0NA
				Accept=*/*
				Content-Type=application/json
Cookies:		<none>
Multiparts:		<none>
Body:			<none>
  When User sends request                                                        # StepDefinitions.APITest.LoginAPI.ErrorHandlingStepDefImpl.userSendsRequest()
HTTP/1.1 400 Bad Request
Date: Mon, 06 Jan 2025 04:37:30 GMT
Server: Apache/2.4.52 (Ubuntu)
Content-Security-Policy: default-src 'self';base-uri 'self';block-all-mixed-content;font-src 'self' https: data:;frame-ancestors 'self';img-src 'self' data:;object-src 'none';script-src 'self';script-src-attr 'none';style-src 'self' https: 'unsafe-inline';upgrade-insecure-requests
X-DNS-Prefetch-Control: off
Expect-CT: max-age=0
X-Frame-Options: SAMEORIGIN
Strict-Transport-Security: max-age=15552000; includeSubDomains
X-Download-Options: noopen
X-Content-Type-Options: nosniff
X-Permitted-Cross-Domain-Policies: none
Referrer-Policy: no-referrer
X-XSS-Protection: 0
Access-Control-Allow-Origin: *
Content-Type: application/json; charset=utf-8
Content-Length: 42
ETag: W/"2a-7xhDPE7DjWc9gYJSg5IVjDI49pc"
Vary: Accept-Encoding
Connection: close

{
    "message": "Incorrect email or password."
}
  Then "Incorrect email or password." message is returned                        # StepDefinitions.APITest.LoginAPI.ErrorHandlingStepDefImpl.messageIsReturned(java.lang.String)
HTTP/1.1 200 OK
Date: Mon, 06 Jan 2025 04:37:30 GMT
Server: Apache/2.4.52 (Ubuntu)
Content-Security-Policy: default-src 'self';base-uri 'self';block-all-mixed-content;font-src 'self' https: data:;frame-ancestors 'self';img-src 'self' data:;object-src 'none';script-src 'self';script-src-attr 'none';style-src 'self' https: 'unsafe-inline';upgrade-insecure-requests
X-DNS-Prefetch-Control: off
Expect-CT: max-age=0
X-Frame-Options: SAMEORIGIN
Strict-Transport-Security: max-age=15552000; includeSubDomains
X-Download-Options: noopen
X-Content-Type-Options: nosniff
X-Permitted-Cross-Domain-Policies: none
Referrer-Policy: no-referrer
X-XSS-Protection: 0
Access-Control-Allow-Origin: *
Content-Type: application/json; charset=utf-8
Content-Length: 471
ETag: W/"1d7-p80SeCQpid5Xv+zL5PJJl/eAEn8"
Vary: Accept-Encoding
Keep-Alive: timeout=5, max=100
Connection: Keep-Alive

{
    "data": {
        "_id": "67559f85e2b5443b1fead943",
        "productName": "Annetta",
        "productCategory": "fashion",
        "productSubCategory": "shirts",
        "productPrice": 898.66,
        "productDescription": "Addias Originals",
        "productImage": "https://rahulshettyacademy.com/api/ecom/uploads/productImage_1733664643789.png",
        "productRating": "0",
        "productTotalOrders": "0",
        "productStatus": true,
        "productFor": "women",
        "productAddedBy": "66b44b0aae2afd4c0b441f37",
        "__v": 0
    },
    "message": "Product Details fetched Successfully"
}
Request method:	GET
Request URI:	https://rahulshettyacademy.com/api/ecom/product/get-product-detail/6755e6b8e2b5443b1feb23fa
Proxy:			<none>
Request params:	<none>
Query params:	<none>
Form params:	<none>
Path params:	productId=6755e6b8e2b5443b1feb23fa
Headers:		Authorization=eyJhbGciOiJIUzI1NiIsInR5cCI6IkpXVCJ9.eyJfaWQiOiI2NmI0NGIwYWFlMmFmZDRjMGI0NDFmMzciLCJ1c2VyRW1haWwiOiJzYW50aG9zaHNhaTQ1MTdAZ21haWwuY29tIiwidXNlck1vYmlsZSI6OTA2MzUxNzYxNywidXNlclJvbGUiOiJjdXN0b21lciIsImlhdCI6MTczNjEzODI0OSwiZXhwIjoxNzY3Njk1ODQ5fQ.hxWfnCAYd8w3ZA-CP7lGtz9b4ujj5J_uwBc1bIdE0NA
				Accept=*/*
				Content-Type=application/json
Cookies:		<none>
Multiparts:		<none>
Body:			<none>
HTTP/1.1 200 OK
Date: Mon, 06 Jan 2025 04:37:30 GMT
Server: Apache/2.4.52 (Ubuntu)
Content-Security-Policy: default-src 'self';base-uri 'self';block-all-mixed-content;font-src 'self' https: data:;frame-ancestors 'self';img-src 'self' data:;object-src 'none';script-src 'self';script-src-attr 'none';style-src 'self' https: 'unsafe-inline';upgrade-insecure-requests
X-DNS-Prefetch-Control: off
Expect-CT: max-age=0
X-Frame-Options: SAMEORIGIN
Strict-Transport-Security: max-age=15552000; includeSubDomains
X-Download-Options: noopen
X-Content-Type-Options: nosniff
X-Permitted-Cross-Domain-Policies: none
Referrer-Policy: no-referrer
X-XSS-Protection: 0
Access-Control-Allow-Origin: *
Content-Type: application/json; charset=utf-8
Content-Length: 468
ETag: W/"1d4-SjX6LQjne7dw4RpPysttCim8GQU"
Vary: Accept-Encoding
Keep-Alive: timeout=5, max=100
Connection: Keep-Alive

{
    "data": {
        "_id": "6755e6b8e2b5443b1feb23fa",
        "productName": "Aric",
        "productCategory": "fashion",
        "productSubCategory": "shirts",
        "productPrice": 640.43,
        "productDescription": "Addias Originals",
        "productImage": "https://rahulshettyacademy.com/api/ecom/uploads/productImage_1733682871538.png",
        "productRating": "0",
        "productTotalOrders": "0",
        "productStatus": true,
        "productFor": "women",
        "productAddedBy": "66b44b0aae2afd4c0b441f37",
        "__v": 0
    },
    "message": "Product Details fetched Successfully"
}
Request method:	GET
Request URI:	https://rahulshettyacademy.com/api/ecom/product/get-product-detail/676a631fe2b5443b1f004a20
Proxy:			<none>
Request params:	<none>
Query params:	<none>
Form params:	<none>
Path params:	productId=676a631fe2b5443b1f004a20
Headers:		Authorization=eyJhbGciOiJIUzI1NiIsInR5cCI6IkpXVCJ9.eyJfaWQiOiI2NmI0NGIwYWFlMmFmZDRjMGI0NDFmMzciLCJ1c2VyRW1haWwiOiJzYW50aG9zaHNhaTQ1MTdAZ21haWwuY29tIiwidXNlck1vYmlsZSI6OTA2MzUxNzYxNywidXNlclJvbGUiOiJjdXN0b21lciIsImlhdCI6MTczNjEzODI0OSwiZXhwIjoxNzY3Njk1ODQ5fQ.hxWfnCAYd8w3ZA-CP7lGtz9b4ujj5J_uwBc1bIdE0NA
				Accept=*/*
				Content-Type=application/json
Cookies:		<none>
Multiparts:		<none>
Body:			<none>
HTTP/1.1 200 OK
Date: Mon, 06 Jan 2025 04:37:30 GMT
Server: Apache/2.4.52 (Ubuntu)
Content-Security-Policy: default-src 'self';base-uri 'self';block-all-mixed-content;font-src 'self' https: data:;frame-ancestors 'self';img-src 'self' data:;object-src 'none';script-src 'self';script-src-attr 'none';style-src 'self' https: 'unsafe-inline';upgrade-insecure-requests
X-DNS-Prefetch-Control: off
Expect-CT: max-age=0
X-Frame-Options: SAMEORIGIN
Strict-Transport-Security: max-age=15552000; includeSubDomains
X-Download-Options: noopen
X-Content-Type-Options: nosniff
X-Permitted-Cross-Domain-Policies: none
Referrer-Policy: no-referrer
X-XSS-Protection: 0
Access-Control-Allow-Origin: *
Content-Type: application/json; charset=utf-8
Content-Length: 478
ETag: W/"1de-AkZFF0Q3rxfQW+hS1Kml1ambuaY"
Vary: Accept-Encoding
Keep-Alive: timeout=5, max=100
Connection: Keep-Alive

{
    "data": {
        "_id": "676a631fe2b5443b1f004a20",
        "productName": "Banarsi Saree",
        "productCategory": "Cloths",
        "productSubCategory": "Women Cloths",
        "productPrice": 231500,
        "productDescription": "Latest Design in 2024",
        "productImage": "https://rahulshettyacademy.com/api/ecom/uploads/productImage_1735025439009.jpg",
        "productRating": "0",
        "productTotalOrders": "0",
        "productStatus": true,
        "productFor": "Women",
        "productAddedBy": "admin@gmail.com",
        "__v": 0
    },
    "message": "Product Details fetched Successfully"
}
Request method:	GET
Request URI:	https://rahulshettyacademy.com/api/ecom/product/get-product-detail/676a6619e2b5443b1f004fff
Proxy:			<none>
Request params:	<none>
Query params:	<none>
Form params:	<none>
Path params:	productId=676a6619e2b5443b1f004fff
Headers:		Authorization=eyJhbGciOiJIUzI1NiIsInR5cCI6IkpXVCJ9.eyJfaWQiOiI2NmI0NGIwYWFlMmFmZDRjMGI0NDFmMzciLCJ1c2VyRW1haWwiOiJzYW50aG9zaHNhaTQ1MTdAZ21haWwuY29tIiwidXNlck1vYmlsZSI6OTA2MzUxNzYxNywidXNlclJvbGUiOiJjdXN0b21lciIsImlhdCI6MTczNjEzODI0OSwiZXhwIjoxNzY3Njk1ODQ5fQ.hxWfnCAYd8w3ZA-CP7lGtz9b4ujj5J_uwBc1bIdE0NA
				Accept=*/*
				Content-Type=application/json
Cookies:		<none>
Multiparts:		<none>
Body:			<none>
HTTP/1.1 200 OK
Date: Mon, 06 Jan 2025 04:37:30 GMT
Server: Apache/2.4.52 (Ubuntu)
Content-Security-Policy: default-src 'self';base-uri 'self';block-all-mixed-content;font-src 'self' https: data:;frame-ancestors 'self';img-src 'self' data:;object-src 'none';script-src 'self';script-src-attr 'none';style-src 'self' https: 'unsafe-inline';upgrade-insecure-requests
X-DNS-Prefetch-Control: off
Expect-CT: max-age=0
X-Frame-Options: SAMEORIGIN
Strict-Transport-Security: max-age=15552000; includeSubDomains
X-Download-Options: noopen
X-Content-Type-Options: nosniff
X-Permitted-Cross-Domain-Policies: none
Referrer-Policy: no-referrer
X-XSS-Protection: 0
Access-Control-Allow-Origin: *
Content-Type: application/json; charset=utf-8
Content-Length: 478
ETag: W/"1de-3Vz34jww2N83wYvecg+Q/OGCS8o"
Vary: Accept-Encoding
Keep-Alive: timeout=5, max=100
Connection: Keep-Alive

{
    "data": {
        "_id": "676a6619e2b5443b1f004fff",
        "productName": "LG Refrigerator",
        "productCategory": "Fride",
        "productSubCategory": "Electronics",
        "productPrice": 25000,
        "productDescription": "Latest Design in 2024",
        "productImage": "https://rahulshettyacademy.com/api/ecom/uploads/productImage_1735026201323.png",
        "productRating": "0",
        "productTotalOrders": "0",
        "productStatus": true,
        "productFor": "family",
        "productAddedBy": "admin@gmail.com",
        "__v": 0
    },
    "message": "Product Details fetched Successfully"
}
Request method:	GET
Request URI:	https://rahulshettyacademy.com/api/ecom/product/get-product-detail/676a9421e2b5443b1f00a1b2
Proxy:			<none>
Request params:	<none>
Query params:	<none>
Form params:	<none>
Path params:	productId=676a9421e2b5443b1f00a1b2
Headers:		Authorization=eyJhbGciOiJIUzI1NiIsInR5cCI6IkpXVCJ9.eyJfaWQiOiI2NmI0NGIwYWFlMmFmZDRjMGI0NDFmMzciLCJ1c2VyRW1haWwiOiJzYW50aG9zaHNhaTQ1MTdAZ21haWwuY29tIiwidXNlck1vYmlsZSI6OTA2MzUxNzYxNywidXNlclJvbGUiOiJjdXN0b21lciIsImlhdCI6MTczNjEzODI0OSwiZXhwIjoxNzY3Njk1ODQ5fQ.hxWfnCAYd8w3ZA-CP7lGtz9b4ujj5J_uwBc1bIdE0NA
				Accept=*/*
				Content-Type=application/json
Cookies:		<none>
Multiparts:		<none>
Body:			<none>
HTTP/1.1 200 OK
Date: Mon, 06 Jan 2025 04:37:31 GMT
Server: Apache/2.4.52 (Ubuntu)
Content-Security-Policy: default-src 'self';base-uri 'self';block-all-mixed-content;font-src 'self' https: data:;frame-ancestors 'self';img-src 'self' data:;object-src 'none';script-src 'self';script-src-attr 'none';style-src 'self' https: 'unsafe-inline';upgrade-insecure-requests
X-DNS-Prefetch-Control: off
Expect-CT: max-age=0
X-Frame-Options: SAMEORIGIN
Strict-Transport-Security: max-age=15552000; includeSubDomains
X-Download-Options: noopen
X-Content-Type-Options: nosniff
X-Permitted-Cross-Domain-Policies: none
Referrer-Policy: no-referrer
X-XSS-Protection: 0
Access-Control-Allow-Origin: *
Content-Type: application/json; charset=utf-8
Content-Length: 478
ETag: W/"1de-nA682zF2HA8Ri6875Wt6dwxQvgg"
Vary: Accept-Encoding
Keep-Alive: timeout=5, max=100
Connection: Keep-Alive

{
    "data": {
        "_id": "676a9421e2b5443b1f00a1b2",
        "productName": "LG Refrigerator",
        "productCategory": "Fride",
        "productSubCategory": "Electronics",
        "productPrice": 25000,
        "productDescription": "Latest Design in 2024",
        "productImage": "https://rahulshettyacademy.com/api/ecom/uploads/productImage_1735037985643.png",
        "productRating": "0",
        "productTotalOrders": "0",
        "productStatus": true,
        "productFor": "family",
        "productAddedBy": "admin@gmail.com",
        "__v": 0
    },
    "message": "Product Details fetched Successfully"
}
  When The user sends a request to get product details for each product ID using the authentication token and "Product Details fetched Successfully" message is returned in response # StepDefinitions.APITest.GetProductDetailsAPI.FunctionalityStepDefImpl.theUserSendsARequestToGetProductDetailsForEachProductIDUsingTheAuthenticationTokenAndMessageIsReturnedInResponse(java.lang.String)
]]></system-out>
  </testcase>
  <testcase name="runScenario[&quot;GetAllProducts API with filters&quot;, &quot;GetAllProducts API functionality&quot;](13)" classname="TestNGTestRunner" time="0.019">
    <system-out><![CDATA[
@ErrorHandlingAPI
Scenario Outline: Login API with incorrect end point                             # src/test/java/FeatureFiles/APITest/LoginAPI/ErrorHandling.feature:22
  Given User provides santhoshsai4517@gmail.com 151Fa04124@457 login credentials # StepDefinitions.APITest.LoginAPI.ErrorHandlingStepDefImpl.userProvidesUsernamePasswordLoginCredentials(java.lang.String,java.lang.String)
Request method:	POST
Request URI:	https://rahulshettyacademy.com/api/ecom/auth/l
Proxy:			<none>
Request params:	<none>
Query params:	<none>
Form params:	<none>
Path params:	<none>
Headers:		Accept=*/*
				Content-Type=application/json
Cookies:		<none>
Multiparts:		<none>
Body:
{
    "userEmail": "santhoshsai4517@gmail.com",
    "userPassword": "151Fa04124@457"
}
]]></system-out>
  </testcase>
  <testcase name="runScenario[&quot;GetAllProducts API with filters and no products&quot;, &quot;GetAllProducts API functionality&quot;](14)" classname="TestNGTestRunner" time="0.0"/>
  <testcase name="runScenario[&quot;GetAllProducts API with filters&quot;, &quot;GetAllProducts API functionality&quot;](15)" classname="TestNGTestRunner" time="0.013"/>
  <testcase name="runScenario[&quot;No auth token is sent in api request&quot;, &quot;Fetch product details using API&quot;](16)" classname="TestNGTestRunner" time="0.454">
    <system-out><![CDATA[
@ErrorHandlingAPI
Scenario Outline: Login API with no password                                          # src/test/java/FeatureFiles/APITest/LoginAPI/ErrorHandling.feature:42
  Given User provides santhoshsai4517@gmail.com  login credentials                    # StepDefinitions.APITest.LoginAPI.ErrorHandlingStepDefImpl.userProvidesUsernamePasswordLoginCredentials(java.lang.String,java.lang.String)

@ErrorHandlingAPI
Scenario Outline: Login API with no email                                          # src/test/java/FeatureFiles/APITest/LoginAPI/ErrorHandling.feature:32
Request method:	POST
Request URI:	https://rahulshettyacademy.com/api/ecom/auth/login
Proxy:			<none>
Request params:	<none>
Query params:	<none>
Form params:	<none>
Path params:	<none>
Headers:		Accept=*/*
				Content-Type=application/json
Cookies:		<none>
Multiparts:		<none>
Body:
{
    "userEmail": "santhoshsai4517@gmail.com",
    "userPassword": ""
}
  Given User provides  151Fa04124@457 login credentials                            # StepDefinitions.APITest.LoginAPI.ErrorHandlingStepDefImpl.userProvidesUsernamePasswordLoginCredentials(java.lang.String,java.lang.String)
Request method:	POST
Request URI:	https://rahulshettyacademy.com/api/ecom/auth/login
Proxy:			<none>
Request params:	<none>
Query params:	<none>
Form params:	<none>
Path params:	<none>
Headers:		Accept=*/*
				Content-Type=application/json
Cookies:		<none>
Multiparts:		<none>
Body:
{
    "userEmail": "",
    "userPassword": "151Fa04124@457"
}

@FunctionalAPI
Scenario: Login API with correct login credentials               # src/test/java/FeatureFiles/APITest/LoginAPI/Functionality.feature:4
  Given User provides correct login credentials                  # StepDefinitions.APITest.LoginAPI.FunctionalityStepDefImpl.userProvidesCorrectLoginCredentials()
Request method:	POST
Request URI:	https://rahulshettyacademy.com/api/ecom/auth/login
Proxy:			<none>
Request params:	<none>
Query params:	<none>
Form params:	<none>
Path params:	<none>
Headers:		Accept=*/*
				Content-Type=application/json
Cookies:		<none>
Multiparts:		<none>
Body:
{
    "userEmail": "santhoshsai4517@gmail.com",
    "userPassword": "151Fa04124@4517"
}
  When User sends request with wrong end point                                   # StepDefinitions.APITest.LoginAPI.ErrorHandlingStepDefImpl.userSendsRequestWithWrongEndPoint()
HTTP/1.1 404 Not Found
Date: Mon, 06 Jan 2025 04:37:31 GMT
Server: Apache/2.4.52 (Ubuntu)
Content-Security-Policy: default-src 'none'
X-DNS-Prefetch-Control: off
Expect-CT: max-age=0
X-Frame-Options: SAMEORIGIN
Strict-Transport-Security: max-age=15552000; includeSubDomains
X-Download-Options: noopen
X-Content-Type-Options: nosniff
X-Permitted-Cross-Domain-Policies: none
Referrer-Policy: no-referrer
X-XSS-Protection: 0
Access-Control-Allow-Origin: *
Content-Type: text/html; charset=utf-8
Content-Length: 146
Vary: Accept-Encoding
Keep-Alive: timeout=5, max=100
Connection: Keep-Alive

<html lang="en">
  <head>
    <meta charset="utf-8"/>
    <title>Error</title>
  </head>
  <body>
    <pre>Cannot POST /auth/l</pre>
  </body>
</html>
  Then "404" error is returned                                                   # StepDefinitions.APITest.LoginAPI.ErrorHandlingStepDefImpl.errorIsReturned(java.lang.String)
  When User sends request                                                          # StepDefinitions.APITest.LoginAPI.ErrorHandlingStepDefImpl.userSendsRequest()
HTTP/1.1 400 Bad Request
Date: Mon, 06 Jan 2025 04:37:31 GMT
Server: Apache/2.4.52 (Ubuntu)
Content-Security-Policy: default-src 'self';base-uri 'self';block-all-mixed-content;font-src 'self' https: data:;frame-ancestors 'self';img-src 'self' data:;object-src 'none';script-src 'self';script-src-attr 'none';style-src 'self' https: 'unsafe-inline';upgrade-insecure-requests
X-DNS-Prefetch-Control: off
Expect-CT: max-age=0
X-Frame-Options: SAMEORIGIN
Strict-Transport-Security: max-age=15552000; includeSubDomains
X-Download-Options: noopen
X-Content-Type-Options: nosniff
X-Permitted-Cross-Domain-Policies: none
Referrer-Policy: no-referrer
X-XSS-Protection: 0
Access-Control-Allow-Origin: *
Content-Type: application/json; charset=utf-8
Content-Length: 31
ETag: W/"1f-Y5TAqROqjsvPbDYsCc/9QEESk7g"
Vary: Accept-Encoding
Connection: close

{
    "message": "Email is required"
}
  Then "400" error is returned and "Email is required" message is returned in body # StepDefinitions.APITest.LoginAPI.ErrorHandlingStepDefImpl.errorIsReturnedAndMessageIsReturnedInBody(java.lang.String,java.lang.String)
  When User sends request                                                             # StepDefinitions.APITest.LoginAPI.ErrorHandlingStepDefImpl.userSendsRequest()
HTTP/1.1 400 Bad Request
Date: Mon, 06 Jan 2025 04:37:31 GMT
Server: Apache/2.4.52 (Ubuntu)
Content-Security-Policy: default-src 'self';base-uri 'self';block-all-mixed-content;font-src 'self' https: data:;frame-ancestors 'self';img-src 'self' data:;object-src 'none';script-src 'self';script-src-attr 'none';style-src 'self' https: 'unsafe-inline';upgrade-insecure-requests
X-DNS-Prefetch-Control: off
Expect-CT: max-age=0
X-Frame-Options: SAMEORIGIN
Strict-Transport-Security: max-age=15552000; includeSubDomains
X-Download-Options: noopen
X-Content-Type-Options: nosniff
X-Permitted-Cross-Domain-Policies: none
Referrer-Policy: no-referrer
X-XSS-Protection: 0
Access-Control-Allow-Origin: *
Content-Type: application/json; charset=utf-8
Content-Length: 34
ETag: W/"22-XtEzHX9GQLzZL4rDhtcgubmhX1I"
Vary: Accept-Encoding
Connection: close

{
    "message": "Password is required"
}
  Then "400" error is returned and "Password is required" message is returned in body # StepDefinitions.APITest.LoginAPI.ErrorHandlingStepDefImpl.errorIsReturnedAndMessageIsReturnedInBody(java.lang.String,java.lang.String)
HTTP/1.1 200 OK
Date: Mon, 06 Jan 2025 04:37:31 GMT
Server: Apache/2.4.52 (Ubuntu)
Content-Security-Policy: default-src 'self';base-uri 'self';block-all-mixed-content;font-src 'self' https: data:;frame-ancestors 'self';img-src 'self' data:;object-src 'none';script-src 'self';script-src-attr 'none';style-src 'self' https: 'unsafe-inline';upgrade-insecure-requests
X-DNS-Prefetch-Control: off
Expect-CT: max-age=0
X-Frame-Options: SAMEORIGIN
Strict-Transport-Security: max-age=15552000; includeSubDomains
X-Download-Options: noopen
X-Content-Type-Options: nosniff
X-Permitted-Cross-Domain-Policies: none
Referrer-Policy: no-referrer
X-XSS-Protection: 0
Access-Control-Allow-Origin: *
Content-Type: application/json; charset=utf-8
Content-Length: 366
ETag: W/"16e-0Nnj+R74nf826vZA0mp9kZyD+r8"
Vary: Accept-Encoding
Keep-Alive: timeout=5, max=100
Connection: Keep-Alive

{
    "token": "eyJhbGciOiJIUzI1NiIsInR5cCI6IkpXVCJ9.eyJfaWQiOiI2NmI0NGIwYWFlMmFmZDRjMGI0NDFmMzciLCJ1c2VyRW1haWwiOiJzYW50aG9zaHNhaTQ1MTdAZ21haWwuY29tIiwidXNlck1vYmlsZSI6OTA2MzUxNzYxNywidXNlclJvbGUiOiJjdXN0b21lciIsImlhdCI6MTczNjEzODI1MSwiZXhwIjoxNzY3Njk1ODUxfQ.li_v1oqCm9HUKCmgk8KZrVNITrC1HwiPf0q18qiv0Wg",
    "userId": "66b44b0aae2afd4c0b441f37",
    "message": "Login Successfully"
}
  When User sends login request                                  # StepDefinitions.APITest.LoginAPI.FunctionalityStepDefImpl.userSendsLoginRequest()
  Then "Login Successfully" message is returned along with token # StepDefinitions.APITest.LoginAPI.FunctionalityStepDefImpl.messageIsReturnedAlongWithToken(java.lang.String)
]]></system-out>
  </testcase>
  <testcase name="runScenario[&quot;No product ID is sent in api request&quot;, &quot;Fetch product details using API&quot;](17)" classname="TestNGTestRunner" time="0.033">
    <system-out><![CDATA[
@ErrorHandlingAPI
Scenario Outline: User provided invalid email address                # src/test/java/FeatureFiles/APITest/RegisterAPI/ErrorHandling.feature:12
  Given User provides  invalid email address                         # StepDefinitions.APITest.RegisterAPI.ErrorHandlingStepDefImpl.userProvidesEmailInvalidEmailAddress(java.lang.String)
Request method:	POST
Request URI:	https://rahulshettyacademy.com/api/ecom/auth/register
Proxy:			<none>
Request params:	<none>
Query params:	<none>
Form params:	<none>
Path params:	<none>
Headers:		Accept=*/*
				Content-Type=application/json
Cookies:		<none>
Multiparts:		<none>
Body:
{
    "firstName": "sai",
    "lastName": "santhosh",
    "userEmail": "",
    "userRole": "customer",
    "occupation": "Doctor",
    "gender": "Male",
    "userMobile": "9988776655",
    "userPassword": "151Fa04124@4517",
    "confirmPassword": "151Fa04124@4517",
    "required": true
}
]]></system-out>
  </testcase>
  <testcase name="runScenario[&quot;User sends request to wrong end point&quot;, &quot;Fetch product details using API&quot;](18)" classname="TestNGTestRunner" time="0.075">
    <system-out><![CDATA[
@ErrorHandlingAPI
Scenario Outline: User provided invalid email address                # src/test/java/FeatureFiles/APITest/RegisterAPI/ErrorHandling.feature:13
  Given User provides 123 invalid email address                      # StepDefinitions.APITest.RegisterAPI.ErrorHandlingStepDefImpl.userProvidesEmailInvalidEmailAddress(java.lang.String)
Request method:	POST
Request URI:	https://rahulshettyacademy.com/api/ecom/auth/register
Proxy:			<none>
Request params:	<none>
Query params:	<none>
Form params:	<none>
Path params:	<none>
Headers:		Accept=*/*
				Content-Type=application/json
Cookies:		<none>
Multiparts:		<none>
Body:
{
    "firstName": "sai",
    "lastName": "santhosh",
    "userEmail": "123",
    "userRole": "customer",
    "occupation": "Doctor",
    "gender": "Male",
    "userMobile": "9988776655",
    "userPassword": "151Fa04124@4517",
    "confirmPassword": "151Fa04124@4517",
    "required": true
}
]]></system-out>
  </testcase>
  <testcase name="runScenario[&quot;User sends product id that does not exists&quot;, &quot;Fetch product details using API&quot;](19)" classname="TestNGTestRunner" time="0.032">
    <system-out><![CDATA[HTTP/1.1 422 Unprocessable Entity
Date: Mon, 06 Jan 2025 04:37:31 GMT
Server: Apache/2.4.52 (Ubuntu)
Content-Security-Policy: default-src 'self';base-uri 'self';block-all-mixed-content;font-src 'self' https: data:;frame-ancestors 'self';img-src 'self' data:;object-src 'none';script-src 'self';script-src-attr 'none';style-src 'self' https: 'unsafe-inline';upgrade-insecure-requests
X-DNS-Prefetch-Control: off
Expect-CT: max-age=0
X-Frame-Options: SAMEORIGIN
Strict-Transport-Security: max-age=15552000; includeSubDomains
X-Download-Options: noopen
X-Content-Type-Options: nosniff
X-Permitted-Cross-Domain-Policies: none
Referrer-Policy: no-referrer
X-XSS-Protection: 0
Access-Control-Allow-Origin: *
Content-Type: application/json; charset=utf-8
Content-Length: 46
ETag: W/"2e-wQJg+YmCSS+8ulDlXe9vOve5OG8"
Vary: Accept-Encoding
Keep-Alive: timeout=5, max=100
Connection: Keep-Alive

{
    "success": false,
    "error": "Email is required!"
}

@ErrorHandlingAPI
Scenario: User provided invalid email address                                                 # src/test/java/FeatureFiles/APITest/RegisterAPI/ErrorHandling.feature:16
  When User sends register api request                               # StepDefinitions.APITest.RegisterAPI.ErrorHandlingStepDefImpl.userSendsRegisterApiRequest()
  Then Email is required! error is returned in register api response # StepDefinitions.APITest.RegisterAPI.ErrorHandlingStepDefImpl.errorErrorIsReturned(java.lang.String)
  Given User provides invalid email address                                                   # StepDefinitions.APITest.RegisterAPI.ErrorHandlingStepDefImpl.userProvidesInvalidEmailAddress()
Request method:	POST
Request URI:	https://rahulshettyacademy.com/api/ecom/auth/register
Proxy:			<none>
Request params:	<none>
Query params:	<none>
Form params:	<none>
Path params:	<none>
Headers:		Accept=*/*
				Content-Type=application/json
Cookies:		<none>
Multiparts:		<none>
Body:
{
    "firstName": "sai",
    "lastName": "santhosh",
    "userEmail": "s1234@gmail.com",
    "userRole": "customer",
    "occupation": "Doctor",
    "gender": "Male",
    "userMobile": "1234567890",
    "userPassword": "151Fa04124@4517",
    "confirmPassword": "151Fa04124@4517",
    "required": true
}
]]></system-out>
  </testcase>
  <testcase name="runScenario[&quot;Login API with incorrect login credentials&quot;, &quot;Login API error handling&quot;](20)" classname="TestNGTestRunner" time="0.608">
    <system-out><![CDATA[HTTP/1.1 422 Unprocessable Entity
Date: Mon, 06 Jan 2025 04:37:31 GMT
Server: Apache/2.4.52 (Ubuntu)
Content-Security-Policy: default-src 'self';base-uri 'self';block-all-mixed-content;font-src 'self' https: data:;frame-ancestors 'self';img-src 'self' data:;object-src 'none';script-src 'self';script-src-attr 'none';style-src 'self' https: 'unsafe-inline';upgrade-insecure-requests
X-DNS-Prefetch-Control: off
Expect-CT: max-age=0
X-Frame-Options: SAMEORIGIN
Strict-Transport-Security: max-age=15552000; includeSubDomains
X-Download-Options: noopen
X-Content-Type-Options: nosniff
X-Permitted-Cross-Domain-Policies: none
Referrer-Policy: no-referrer
X-XSS-Protection: 0
Access-Control-Allow-Origin: *
Content-Type: application/json; charset=utf-8
Content-Length: 46
ETag: W/"2e-qoSVs+WVdJKnCoh1FpxvE9nEkuU"
Vary: Accept-Encoding
Keep-Alive: timeout=5, max=100
Connection: Keep-Alive

{
    "success": false,
    "error": "Enter Valid Email!"
}

@ErrorHandlingAPI
Scenario Outline: User provided invalid phone number                        # src/test/java/FeatureFiles/APITest/RegisterAPI/ErrorHandling.feature:31
  When User sends register api request                               # StepDefinitions.APITest.RegisterAPI.ErrorHandlingStepDefImpl.userSendsRegisterApiRequest()
  Then Enter Valid Email! error is returned in register api response # StepDefinitions.APITest.RegisterAPI.ErrorHandlingStepDefImpl.errorErrorIsReturned(java.lang.String)
  Given User provides  invalid phone number                                 # StepDefinitions.APITest.RegisterAPI.ErrorHandlingStepDefImpl.userProvidesMobileInvalidPhoneNumber(java.lang.String)
Request method:	POST
Request URI:	https://rahulshettyacademy.com/api/ecom/auth/register
Proxy:			<none>
Request params:	<none>
Query params:	<none>
Form params:	<none>
Path params:	<none>
Headers:		Accept=*/*
				Content-Type=application/json
Cookies:		<none>
Multiparts:		<none>
Body:
{
    "firstName": "sai",
    "lastName": "santhosh",
    "userEmail": "s1234@gmail.com",
    "userRole": "customer",
    "occupation": "Doctor",
    "gender": "Male",
    "userMobile": "",
    "userPassword": "151Fa04124@4517",
    "confirmPassword": "151Fa04124@4517",
    "required": true
}
HTTP/1.1 400 Bad Request
Date: Mon, 06 Jan 2025 04:37:31 GMT
Server: Apache/2.4.52 (Ubuntu)
Content-Security-Policy: default-src 'self';base-uri 'self';block-all-mixed-content;font-src 'self' https: data:;frame-ancestors 'self';img-src 'self' data:;object-src 'none';script-src 'self';script-src-attr 'none';style-src 'self' https: 'unsafe-inline';upgrade-insecure-requests
X-DNS-Prefetch-Control: off
Expect-CT: max-age=0
X-Frame-Options: SAMEORIGIN
Strict-Transport-Security: max-age=15552000; includeSubDomains
X-Download-Options: noopen
X-Content-Type-Options: nosniff
X-Permitted-Cross-Domain-Policies: none
Referrer-Policy: no-referrer
X-XSS-Protection: 0
Access-Control-Allow-Origin: *
Content-Type: application/json; charset=utf-8
Content-Length: 54
ETag: W/"36-P1IkbAVinPZnsnsl+gSlDYl9r30"
Vary: Accept-Encoding
Connection: close

{
    "message": "User already exisits with this Email Id!"
}
  When User sends api request                                                                 # StepDefinitions.APITest.RegisterAPI.ErrorHandlingStepDefImpl.userSendsApiRequest()
  Then Error "User already exisits with this Email Id!"  is returned in register api response # StepDefinitions.APITest.RegisterAPI.ErrorHandlingStepDefImpl.errorIsReturnedInRegisterApiResponse(java.lang.String)
HTTP/1.1 422 Unprocessable Entity
Date: Mon, 06 Jan 2025 04:37:31 GMT
Server: Apache/2.4.52 (Ubuntu)
Content-Security-Policy: default-src 'self';base-uri 'self';block-all-mixed-content;font-src 'self' https: data:;frame-ancestors 'self';img-src 'self' data:;object-src 'none';script-src 'self';script-src-attr 'none';style-src 'self' https: 'unsafe-inline';upgrade-insecure-requests
X-DNS-Prefetch-Control: off
Expect-CT: max-age=0
X-Frame-Options: SAMEORIGIN
Strict-Transport-Security: max-age=15552000; includeSubDomains
X-Download-Options: noopen
X-Content-Type-Options: nosniff
X-Permitted-Cross-Domain-Policies: none
Referrer-Policy: no-referrer
X-XSS-Protection: 0
Access-Control-Allow-Origin: *
Content-Type: application/json; charset=utf-8
Content-Length: 53
ETag: W/"35-J+Obx+vvCsyaHhtvylpnaEM7oF4"
Vary: Accept-Encoding
Keep-Alive: timeout=5, max=100
Connection: Keep-Alive

{
    "success": false,
    "error": "Phone Number is required!"
}
  When User sends register api request                                      # StepDefinitions.APITest.RegisterAPI.ErrorHandlingStepDefImpl.userSendsRegisterApiRequest()
  Then Phone Number is required! error is returned in register api response # StepDefinitions.APITest.RegisterAPI.ErrorHandlingStepDefImpl.errorErrorIsReturned(java.lang.String)
]]></system-out>
  </testcase>
  <testcase name="runScenario[&quot;Retrieve details for each product&quot;, &quot;Fetch product details using API&quot;](21)" classname="TestNGTestRunner" time="0.64">
    <system-out><![CDATA[
@ErrorHandlingAPI
Scenario Outline: User provided invalid phone number                                # src/test/java/FeatureFiles/APITest/RegisterAPI/ErrorHandling.feature:32
  Given User provides 123456d9vg invalid phone number                               # StepDefinitions.APITest.RegisterAPI.ErrorHandlingStepDefImpl.userProvidesMobileInvalidPhoneNumber(java.lang.String)
Request method:	POST
Request URI:	https://rahulshettyacademy.com/api/ecom/auth/register
Proxy:			<none>
Request params:	<none>
Query params:	<none>
Form params:	<none>
Path params:	<none>
Headers:		Accept=*/*
				Content-Type=application/json
Cookies:		<none>
Multiparts:		<none>
Body:
{
    "firstName": "sai",
    "lastName": "santhosh",
    "userEmail": "s1234@gmail.com",
    "userRole": "customer",
    "occupation": "Doctor",
    "gender": "Male",
    "userMobile": "123456d9vg",
    "userPassword": "151Fa04124@4517",
    "confirmPassword": "151Fa04124@4517",
    "required": true
}
HTTP/1.1 422 Unprocessable Entity
Date: Mon, 06 Jan 2025 04:37:32 GMT
Server: Apache/2.4.52 (Ubuntu)
Content-Security-Policy: default-src 'self';base-uri 'self';block-all-mixed-content;font-src 'self' https: data:;frame-ancestors 'self';img-src 'self' data:;object-src 'none';script-src 'self';script-src-attr 'none';style-src 'self' https: 'unsafe-inline';upgrade-insecure-requests
X-DNS-Prefetch-Control: off
Expect-CT: max-age=0
X-Frame-Options: SAMEORIGIN
Strict-Transport-Security: max-age=15552000; includeSubDomains
X-Download-Options: noopen
X-Content-Type-Options: nosniff
X-Permitted-Cross-Domain-Policies: none
Referrer-Policy: no-referrer
X-XSS-Protection: 0
Access-Control-Allow-Origin: *
Content-Type: application/json; charset=utf-8
Content-Length: 61
ETag: W/"3d-jinjl9OwYrIfQ8kkuywpwHlDIfo"
Vary: Accept-Encoding
Keep-Alive: timeout=5, max=100
Connection: Keep-Alive

{
    "success": false,
    "error": "Phone Number can be only in digit"
}
  When User sends register api request                                              # StepDefinitions.APITest.RegisterAPI.ErrorHandlingStepDefImpl.userSendsRegisterApiRequest()
  Then Phone Number can be only in digit error is returned in register api response # StepDefinitions.APITest.RegisterAPI.ErrorHandlingStepDefImpl.errorErrorIsReturned(java.lang.String)
]]></system-out>
  </testcase>
  <testcase name="runScenario[&quot;Login API with incorrect end point&quot;, &quot;Login API error handling&quot;](22)" classname="TestNGTestRunner" time="0.247">
    <system-out><![CDATA[
@ErrorHandlingAPI
Scenario Outline: User provided invalid phone number                                  # src/test/java/FeatureFiles/APITest/RegisterAPI/ErrorHandling.feature:33
  Given User provides 123 invalid phone number                                        # StepDefinitions.APITest.RegisterAPI.ErrorHandlingStepDefImpl.userProvidesMobileInvalidPhoneNumber(java.lang.String)
Request method:	POST
Request URI:	https://rahulshettyacademy.com/api/ecom/auth/register
Proxy:			<none>
Request params:	<none>
Query params:	<none>
Form params:	<none>
Path params:	<none>
Headers:		Accept=*/*
				Content-Type=application/json
Cookies:		<none>
Multiparts:		<none>
Body:
{
    "firstName": "sai",
    "lastName": "santhosh",
    "userEmail": "s1234@gmail.com",
    "userRole": "customer",
    "occupation": "Doctor",
    "gender": "Male",
    "userMobile": "123",
    "userPassword": "151Fa04124@4517",
    "confirmPassword": "151Fa04124@4517",
    "required": true
}
HTTP/1.1 422 Unprocessable Entity
Date: Mon, 06 Jan 2025 04:37:33 GMT
Server: Apache/2.4.52 (Ubuntu)
Content-Security-Policy: default-src 'self';base-uri 'self';block-all-mixed-content;font-src 'self' https: data:;frame-ancestors 'self';img-src 'self' data:;object-src 'none';script-src 'self';script-src-attr 'none';style-src 'self' https: 'unsafe-inline';upgrade-insecure-requests
X-DNS-Prefetch-Control: off
Expect-CT: max-age=0
X-Frame-Options: SAMEORIGIN
Strict-Transport-Security: max-age=15552000; includeSubDomains
X-Download-Options: noopen
X-Content-Type-Options: nosniff
X-Permitted-Cross-Domain-Policies: none
Referrer-Policy: no-referrer
X-XSS-Protection: 0
Access-Control-Allow-Origin: *
Content-Type: application/json; charset=utf-8
Content-Length: 63
ETag: W/"3f-v0Sh3j1+NVgbAq34q/SS7asQA1U"
Vary: Accept-Encoding
Keep-Alive: timeout=5, max=100
Connection: Keep-Alive

{
    "success": false,
    "error": "Phone Number must be 10 Digit long!"
}
  When User sends register api request                                                # StepDefinitions.APITest.RegisterAPI.ErrorHandlingStepDefImpl.userSendsRegisterApiRequest()
  Then Phone Number must be 10 Digit long! error is returned in register api response # StepDefinitions.APITest.RegisterAPI.ErrorHandlingStepDefImpl.errorErrorIsReturned(java.lang.String)
]]></system-out>
  </testcase>
  <testcase name="runScenario[&quot;Login API with no email&quot;, &quot;Login API error handling&quot;](23)" classname="TestNGTestRunner" time="0.019">
    <system-out><![CDATA[
@ErrorHandlingAPI
Scenario Outline: User provided invalid phone number                                  # src/test/java/FeatureFiles/APITest/RegisterAPI/ErrorHandling.feature:34
  Given User provides 123123425 invalid phone number                                  # StepDefinitions.APITest.RegisterAPI.ErrorHandlingStepDefImpl.userProvidesMobileInvalidPhoneNumber(java.lang.String)
Request method:	POST
Request URI:	https://rahulshettyacademy.com/api/ecom/auth/register
Proxy:			<none>
Request params:	<none>
Query params:	<none>
Form params:	<none>
Path params:	<none>
Headers:		Accept=*/*
				Content-Type=application/json
Cookies:		<none>
Multiparts:		<none>
Body:
{
    "firstName": "sai",
    "lastName": "santhosh",
    "userEmail": "s1234@gmail.com",
    "userRole": "customer",
    "occupation": "Doctor",
    "gender": "Male",
    "userMobile": "123123425",
    "userPassword": "151Fa04124@4517",
    "confirmPassword": "151Fa04124@4517",
    "required": true
}
]]></system-out>
  </testcase>
  <testcase name="runScenario[&quot;Login API with no password&quot;, &quot;Login API error handling&quot;](24)" classname="TestNGTestRunner" time="0.012">
    <system-out><![CDATA[
@ErrorHandlingAPI
Scenario Outline: User provided invalid password                        # src/test/java/FeatureFiles/APITest/RegisterAPI/ErrorHandling.feature:45
  Given User provides  invalid password                                 # StepDefinitions.APITest.RegisterAPI.ErrorHandlingStepDefImpl.userProvidesPasswordInvalidPassword(java.lang.String)
Request method:	POST
Request URI:	https://rahulshettyacademy.com/api/ecom/auth/register
Proxy:			<none>
Request params:	<none>
Query params:	<none>
Form params:	<none>
Path params:	<none>
Headers:		Accept=*/*
				Content-Type=application/json
Cookies:		<none>
Multiparts:		<none>
Body:
{
    "firstName": "sai",
    "lastName": "santhosh",
    "userEmail": "s1234@gmail.com",
    "userRole": "customer",
    "occupation": "Doctor",
    "gender": "Male",
    "userMobile": "1234567890",
    "userPassword": "",
    "confirmPassword": "151Fa04124@4517",
    "required": true
}
]]></system-out>
  </testcase>
  <testcase name="runScenario[&quot;Login API with correct login credentials&quot;, &quot;Login API functionality&quot;](25)" classname="TestNGTestRunner" time="0.092">
    <system-out><![CDATA[
@ErrorHandlingAPI
Scenario Outline: User provided invalid password                                                                 # src/test/java/FeatureFiles/APITest/RegisterAPI/ErrorHandling.feature:46
  Given User provides 12345678 invalid password                                                                  # StepDefinitions.APITest.RegisterAPI.ErrorHandlingStepDefImpl.userProvidesPasswordInvalidPassword(java.lang.String)
Request method:	POST
Request URI:	https://rahulshettyacademy.com/api/ecom/auth/register
Proxy:			<none>
Request params:	<none>
Query params:	<none>
Form params:	<none>
Path params:	<none>
Headers:		Accept=*/*
				Content-Type=application/json
Cookies:		<none>
Multiparts:		<none>
Body:
{
    "firstName": "sai",
    "lastName": "santhosh",
    "userEmail": "s1234@gmail.com",
    "userRole": "customer",
    "occupation": "Doctor",
    "gender": "Male",
    "userMobile": "1234567890",
    "userPassword": "12345678",
    "confirmPassword": "151Fa04124@4517",
    "required": true
}
HTTP/1.1 422 Unprocessable Entity
Date: Mon, 06 Jan 2025 04:37:33 GMT
Server: Apache/2.4.52 (Ubuntu)
Content-Security-Policy: default-src 'self';base-uri 'self';block-all-mixed-content;font-src 'self' https: data:;frame-ancestors 'self';img-src 'self' data:;object-src 'none';script-src 'self';script-src-attr 'none';style-src 'self' https: 'unsafe-inline';upgrade-insecure-requests
X-DNS-Prefetch-Control: off
Expect-CT: max-age=0
X-Frame-Options: SAMEORIGIN
Strict-Transport-Security: max-age=15552000; includeSubDomains
X-Download-Options: noopen
X-Content-Type-Options: nosniff
X-Permitted-Cross-Domain-Policies: none
Referrer-Policy: no-referrer
X-XSS-Protection: 0
Access-Control-Allow-Origin: *
Content-Type: application/json; charset=utf-8
Content-Length: 63
ETag: W/"3f-v0Sh3j1+NVgbAq34q/SS7asQA1U"
Vary: Accept-Encoding
Keep-Alive: timeout=5, max=100
Connection: Keep-Alive

{
    "success": false,
    "error": "Phone Number must be 10 Digit long!"
}
  When User sends register api request                                                # StepDefinitions.APITest.RegisterAPI.ErrorHandlingStepDefImpl.userSendsRegisterApiRequest()
  Then Phone Number must be 10 Digit long! error is returned in register api response # StepDefinitions.APITest.RegisterAPI.ErrorHandlingStepDefImpl.errorErrorIsReturned(java.lang.String)
HTTP/1.1 422 Unprocessable Entity
Date: Mon, 06 Jan 2025 04:37:33 GMT
Server: Apache/2.4.52 (Ubuntu)
Content-Security-Policy: default-src 'self';base-uri 'self';block-all-mixed-content;font-src 'self' https: data:;frame-ancestors 'self';img-src 'self' data:;object-src 'none';script-src 'self';script-src-attr 'none';style-src 'self' https: 'unsafe-inline';upgrade-insecure-requests
X-DNS-Prefetch-Control: off
Expect-CT: max-age=0
X-Frame-Options: SAMEORIGIN
Strict-Transport-Security: max-age=15552000; includeSubDomains
X-Download-Options: noopen
X-Content-Type-Options: nosniff
X-Permitted-Cross-Domain-Policies: none
Referrer-Policy: no-referrer
X-XSS-Protection: 0
Access-Control-Allow-Origin: *
Content-Type: application/json; charset=utf-8
Content-Length: 49
ETag: W/"31-F8ruKuq930Do4MVkheNnJ1ykzn0"
Vary: Accept-Encoding
Keep-Alive: timeout=5, max=100
Connection: Keep-Alive

{
    "success": false,
    "error": "Password is required!"
}
  When User sends register api request                                  # StepDefinitions.APITest.RegisterAPI.ErrorHandlingStepDefImpl.userSendsRegisterApiRequest()
  Then Password is required! error is returned in register api response # StepDefinitions.APITest.RegisterAPI.ErrorHandlingStepDefImpl.errorErrorIsReturned(java.lang.String)
]]></system-out>
  </testcase>
  <testcase name="runScenario[&quot;User provided invalid email address&quot;, &quot;Register API error handling&quot;](26)" classname="TestNGTestRunner" time="0.375">
    <system-out><![CDATA[
@ErrorHandlingAPI
Scenario Outline: User provided invalid password                                     # src/test/java/FeatureFiles/APITest/RegisterAPI/ErrorHandling.feature:47
  Given User provides 123 invalid password                                           # StepDefinitions.APITest.RegisterAPI.ErrorHandlingStepDefImpl.userProvidesPasswordInvalidPassword(java.lang.String)
Request method:	POST
Request URI:	https://rahulshettyacademy.com/api/ecom/auth/register
Proxy:			<none>
Request params:	<none>
Query params:	<none>
Form params:	<none>
Path params:	<none>
Headers:		Accept=*/*
				Content-Type=application/json
Cookies:		<none>
Multiparts:		<none>
Body:
{
    "firstName": "sai",
    "lastName": "santhosh",
    "userEmail": "s1234@gmail.com",
    "userRole": "customer",
    "occupation": "Doctor",
    "gender": "Male",
    "userMobile": "1234567890",
    "userPassword": "123",
    "confirmPassword": "151Fa04124@4517",
    "required": true
}
HTTP/1.1 422 Unprocessable Entity
Date: Mon, 06 Jan 2025 04:37:33 GMT
Server: Apache/2.4.52 (Ubuntu)
Content-Security-Policy: default-src 'self';base-uri 'self';block-all-mixed-content;font-src 'self' https: data:;frame-ancestors 'self';img-src 'self' data:;object-src 'none';script-src 'self';script-src-attr 'none';style-src 'self' https: 'unsafe-inline';upgrade-insecure-requests
X-DNS-Prefetch-Control: off
Expect-CT: max-age=0
X-Frame-Options: SAMEORIGIN
Strict-Transport-Security: max-age=15552000; includeSubDomains
X-Download-Options: noopen
X-Content-Type-Options: nosniff
X-Permitted-Cross-Domain-Policies: none
Referrer-Policy: no-referrer
X-XSS-Protection: 0
Access-Control-Allow-Origin: *
Content-Type: application/json; charset=utf-8
Content-Length: 90
ETag: W/"5a-mSZORuFKHjKkqEMdomcB1IpMT0w"
Vary: Accept-Encoding
Keep-Alive: timeout=5, max=100
Connection: Keep-Alive

{
    "success": false,
    "error": "Please enter 1 Special Character, 1 Capital 1, Numeric 1 Small"
}
  When User sends register api request                                                                           # StepDefinitions.APITest.RegisterAPI.ErrorHandlingStepDefImpl.userSendsRegisterApiRequest()
  Then Please enter 1 Special Character, 1 Capital 1, Numeric 1 Small error is returned in register api response # StepDefinitions.APITest.RegisterAPI.ErrorHandlingStepDefImpl.errorErrorIsReturned(java.lang.String)
HTTP/1.1 422 Unprocessable Entity
Date: Mon, 06 Jan 2025 04:37:33 GMT
Server: Apache/2.4.52 (Ubuntu)
Content-Security-Policy: default-src 'self';base-uri 'self';block-all-mixed-content;font-src 'self' https: data:;frame-ancestors 'self';img-src 'self' data:;object-src 'none';script-src 'self';script-src-attr 'none';style-src 'self' https: 'unsafe-inline';upgrade-insecure-requests
X-DNS-Prefetch-Control: off
Expect-CT: max-age=0
X-Frame-Options: SAMEORIGIN
Strict-Transport-Security: max-age=15552000; includeSubDomains
X-Download-Options: noopen
X-Content-Type-Options: nosniff
X-Permitted-Cross-Domain-Policies: none
Referrer-Policy: no-referrer
X-XSS-Protection: 0
Access-Control-Allow-Origin: *
Content-Type: application/json; charset=utf-8
Content-Length: 62
ETag: W/"3e-OmujLQqQR2EiBppCB1shGOh9ahM"
Vary: Accept-Encoding
Keep-Alive: timeout=5, max=100
Connection: Keep-Alive

{
    "success": false,
    "error": "Password must be 8 Character Long!"
}
  When User sends register api request                                               # StepDefinitions.APITest.RegisterAPI.ErrorHandlingStepDefImpl.userSendsRegisterApiRequest()
  Then Password must be 8 Character Long! error is returned in register api response # StepDefinitions.APITest.RegisterAPI.ErrorHandlingStepDefImpl.errorErrorIsReturned(java.lang.String)
]]></system-out>
  </testcase>
  <testcase name="runScenario[&quot;User provided invalid email address&quot;, &quot;Register API error handling&quot;](27)" classname="TestNGTestRunner" time="0.012">
    <system-out><![CDATA[
@ErrorHandlingAPI
Scenario Outline: User provided invalid password                                                                 # src/test/java/FeatureFiles/APITest/RegisterAPI/ErrorHandling.feature:48
  Given User provides 12345678a invalid password                                                                 # StepDefinitions.APITest.RegisterAPI.ErrorHandlingStepDefImpl.userProvidesPasswordInvalidPassword(java.lang.String)
Request method:	POST
Request URI:	https://rahulshettyacademy.com/api/ecom/auth/register
Proxy:			<none>
Request params:	<none>
Query params:	<none>
Form params:	<none>
Path params:	<none>
Headers:		Accept=*/*
				Content-Type=application/json
Cookies:		<none>
Multiparts:		<none>
Body:
{
    "firstName": "sai",
    "lastName": "santhosh",
    "userEmail": "s1234@gmail.com",
    "userRole": "customer",
    "occupation": "Doctor",
    "gender": "Male",
    "userMobile": "1234567890",
    "userPassword": "12345678a",
    "confirmPassword": "151Fa04124@4517",
    "required": true
}
]]></system-out>
  </testcase>
  <testcase name="runScenario[&quot;User provided invalid email address&quot;, &quot;Register API error handling&quot;](28)" classname="TestNGTestRunner" time="0.079">
    <system-out><![CDATA[
@ErrorHandlingAPI
Scenario Outline: User provided invalid password                                                                 # src/test/java/FeatureFiles/APITest/RegisterAPI/ErrorHandling.feature:49
  Given User provides 12345678A invalid password                                                                 # StepDefinitions.APITest.RegisterAPI.ErrorHandlingStepDefImpl.userProvidesPasswordInvalidPassword(java.lang.String)
Request method:	POST
Request URI:	https://rahulshettyacademy.com/api/ecom/auth/register
Proxy:			<none>
Request params:	<none>
Query params:	<none>
Form params:	<none>
Path params:	<none>
Headers:		Accept=*/*
				Content-Type=application/json
Cookies:		<none>
Multiparts:		<none>
Body:
{
    "firstName": "sai",
    "lastName": "santhosh",
    "userEmail": "s1234@gmail.com",
    "userRole": "customer",
    "occupation": "Doctor",
    "gender": "Male",
    "userMobile": "1234567890",
    "userPassword": "12345678A",
    "confirmPassword": "151Fa04124@4517",
    "required": true
}
]]></system-out>
  </testcase>
  <testcase name="runScenario[&quot;User provided invalid phone number&quot;, &quot;Register API error handling&quot;](29)" classname="TestNGTestRunner" time="0.03">
    <system-out><![CDATA[
@ErrorHandlingAPI
Scenario Outline: User provided invalid password                                                                 # src/test/java/FeatureFiles/APITest/RegisterAPI/ErrorHandling.feature:50
  Given User provides 12345678_ invalid password                                                                 # StepDefinitions.APITest.RegisterAPI.ErrorHandlingStepDefImpl.userProvidesPasswordInvalidPassword(java.lang.String)
Request method:	POST
Request URI:	https://rahulshettyacademy.com/api/ecom/auth/register
Proxy:			<none>
Request params:	<none>
Query params:	<none>
Form params:	<none>
Path params:	<none>
Headers:		Accept=*/*
				Content-Type=application/json
Cookies:		<none>
Multiparts:		<none>
Body:
{
    "firstName": "sai",
    "lastName": "santhosh",
    "userEmail": "s1234@gmail.com",
    "userRole": "customer",
    "occupation": "Doctor",
    "gender": "Male",
    "userMobile": "1234567890",
    "userPassword": "12345678_",
    "confirmPassword": "151Fa04124@4517",
    "required": true
}
HTTP/1.1 422 Unprocessable Entity
Date: Mon, 06 Jan 2025 04:37:33 GMT
Server: Apache/2.4.52 (Ubuntu)
Content-Security-Policy: default-src 'self';base-uri 'self';block-all-mixed-content;font-src 'self' https: data:;frame-ancestors 'self';img-src 'self' data:;object-src 'none';script-src 'self';script-src-attr 'none';style-src 'self' https: 'unsafe-inline';upgrade-insecure-requests
X-DNS-Prefetch-Control: off
Expect-CT: max-age=0
X-Frame-Options: SAMEORIGIN
Strict-Transport-Security: max-age=15552000; includeSubDomains
X-Download-Options: noopen
X-Content-Type-Options: nosniff
X-Permitted-Cross-Domain-Policies: none
Referrer-Policy: no-referrer
X-XSS-Protection: 0
Access-Control-Allow-Origin: *
Content-Type: application/json; charset=utf-8
Content-Length: 90
ETag: W/"5a-mSZORuFKHjKkqEMdomcB1IpMT0w"
Vary: Accept-Encoding
Keep-Alive: timeout=5, max=100
Connection: Keep-Alive

{
    "success": false,
    "error": "Please enter 1 Special Character, 1 Capital 1, Numeric 1 Small"
}
  When User sends register api request                                                                           # StepDefinitions.APITest.RegisterAPI.ErrorHandlingStepDefImpl.userSendsRegisterApiRequest()
  Then Please enter 1 Special Character, 1 Capital 1, Numeric 1 Small error is returned in register api response # StepDefinitions.APITest.RegisterAPI.ErrorHandlingStepDefImpl.errorErrorIsReturned(java.lang.String)
]]></system-out>
  </testcase>
  <testcase name="runScenario[&quot;User provided invalid phone number&quot;, &quot;Register API error handling&quot;](30)" classname="TestNGTestRunner" time="0.591">
    <system-out><![CDATA[
@ErrorHandlingAPI
Scenario Outline: User provided invalid password                                                                 # src/test/java/FeatureFiles/APITest/RegisterAPI/ErrorHandling.feature:51
  Given User provides 12345678a_ invalid password                                                                # StepDefinitions.APITest.RegisterAPI.ErrorHandlingStepDefImpl.userProvidesPasswordInvalidPassword(java.lang.String)
Request method:	POST
Request URI:	https://rahulshettyacademy.com/api/ecom/auth/register
Proxy:			<none>
Request params:	<none>
Query params:	<none>
Form params:	<none>
Path params:	<none>
Headers:		Accept=*/*
				Content-Type=application/json
Cookies:		<none>
Multiparts:		<none>
Body:
{
    "firstName": "sai",
    "lastName": "santhosh",
    "userEmail": "s1234@gmail.com",
    "userRole": "customer",
    "occupation": "Doctor",
    "gender": "Male",
    "userMobile": "1234567890",
    "userPassword": "12345678a_",
    "confirmPassword": "151Fa04124@4517",
    "required": true
}
HTTP/1.1 422 Unprocessable Entity
Date: Mon, 06 Jan 2025 04:37:34 GMT
Server: Apache/2.4.52 (Ubuntu)
Content-Security-Policy: default-src 'self';base-uri 'self';block-all-mixed-content;font-src 'self' https: data:;frame-ancestors 'self';img-src 'self' data:;object-src 'none';script-src 'self';script-src-attr 'none';style-src 'self' https: 'unsafe-inline';upgrade-insecure-requests
X-DNS-Prefetch-Control: off
Expect-CT: max-age=0
X-Frame-Options: SAMEORIGIN
Strict-Transport-Security: max-age=15552000; includeSubDomains
X-Download-Options: noopen
X-Content-Type-Options: nosniff
X-Permitted-Cross-Domain-Policies: none
Referrer-Policy: no-referrer
X-XSS-Protection: 0
Access-Control-Allow-Origin: *
Content-Type: application/json; charset=utf-8
Content-Length: 90
ETag: W/"5a-mSZORuFKHjKkqEMdomcB1IpMT0w"
Vary: Accept-Encoding
Keep-Alive: timeout=5, max=100
Connection: Keep-Alive

{
    "success": false,
    "error": "Please enter 1 Special Character, 1 Capital 1, Numeric 1 Small"
}
  When User sends register api request                                                                           # StepDefinitions.APITest.RegisterAPI.ErrorHandlingStepDefImpl.userSendsRegisterApiRequest()
  Then Please enter 1 Special Character, 1 Capital 1, Numeric 1 Small error is returned in register api response # StepDefinitions.APITest.RegisterAPI.ErrorHandlingStepDefImpl.errorErrorIsReturned(java.lang.String)
HTTP/1.1 422 Unprocessable Entity
Date: Mon, 06 Jan 2025 04:37:34 GMT
Server: Apache/2.4.52 (Ubuntu)
Content-Security-Policy: default-src 'self';base-uri 'self';block-all-mixed-content;font-src 'self' https: data:;frame-ancestors 'self';img-src 'self' data:;object-src 'none';script-src 'self';script-src-attr 'none';style-src 'self' https: 'unsafe-inline';upgrade-insecure-requests
X-DNS-Prefetch-Control: off
Expect-CT: max-age=0
X-Frame-Options: SAMEORIGIN
Strict-Transport-Security: max-age=15552000; includeSubDomains
X-Download-Options: noopen
X-Content-Type-Options: nosniff
X-Permitted-Cross-Domain-Policies: none
Referrer-Policy: no-referrer
X-XSS-Protection: 0
Access-Control-Allow-Origin: *
Content-Type: application/json; charset=utf-8
Content-Length: 90
ETag: W/"5a-mSZORuFKHjKkqEMdomcB1IpMT0w"
Vary: Accept-Encoding
Keep-Alive: timeout=5, max=100
Connection: Keep-Alive

{
    "success": false,
    "error": "Please enter 1 Special Character, 1 Capital 1, Numeric 1 Small"
}
  When User sends register api request                                                                           # StepDefinitions.APITest.RegisterAPI.ErrorHandlingStepDefImpl.userSendsRegisterApiRequest()
  Then Please enter 1 Special Character, 1 Capital 1, Numeric 1 Small error is returned in register api response # StepDefinitions.APITest.RegisterAPI.ErrorHandlingStepDefImpl.errorErrorIsReturned(java.lang.String)
HTTP/1.1 422 Unprocessable Entity
Date: Mon, 06 Jan 2025 04:37:34 GMT
Server: Apache/2.4.52 (Ubuntu)
Content-Security-Policy: default-src 'self';base-uri 'self';block-all-mixed-content;font-src 'self' https: data:;frame-ancestors 'self';img-src 'self' data:;object-src 'none';script-src 'self';script-src-attr 'none';style-src 'self' https: 'unsafe-inline';upgrade-insecure-requests
X-DNS-Prefetch-Control: off
Expect-CT: max-age=0
X-Frame-Options: SAMEORIGIN
Strict-Transport-Security: max-age=15552000; includeSubDomains
X-Download-Options: noopen
X-Content-Type-Options: nosniff
X-Permitted-Cross-Domain-Policies: none
Referrer-Policy: no-referrer
X-XSS-Protection: 0
Access-Control-Allow-Origin: *
Content-Type: application/json; charset=utf-8
Content-Length: 90
ETag: W/"5a-mSZORuFKHjKkqEMdomcB1IpMT0w"
Vary: Accept-Encoding
Keep-Alive: timeout=5, max=100
Connection: Keep-Alive

{
    "success": false,
    "error": "Please enter 1 Special Character, 1 Capital 1, Numeric 1 Small"
}
  When User sends register api request                                                                           # StepDefinitions.APITest.RegisterAPI.ErrorHandlingStepDefImpl.userSendsRegisterApiRequest()
  Then Please enter 1 Special Character, 1 Capital 1, Numeric 1 Small error is returned in register api response # StepDefinitions.APITest.RegisterAPI.ErrorHandlingStepDefImpl.errorErrorIsReturned(java.lang.String)
]]></system-out>
  </testcase>
  <testcase name="runScenario[&quot;User provided invalid phone number&quot;, &quot;Register API error handling&quot;](31)" classname="TestNGTestRunner" time="0.658">
    <system-out><![CDATA[
@ErrorHandlingAPI
Scenario Outline: User provided invalid password                                                                 # src/test/java/FeatureFiles/APITest/RegisterAPI/ErrorHandling.feature:52
  Given User provides 12345678A_ invalid password                                                                # StepDefinitions.APITest.RegisterAPI.ErrorHandlingStepDefImpl.userProvidesPasswordInvalidPassword(java.lang.String)
Request method:	POST
Request URI:	https://rahulshettyacademy.com/api/ecom/auth/register
Proxy:			<none>
Request params:	<none>
Query params:	<none>
Form params:	<none>
Path params:	<none>
Headers:		Accept=*/*
				Content-Type=application/json
Cookies:		<none>
Multiparts:		<none>
Body:
{
    "firstName": "sai",
    "lastName": "santhosh",
    "userEmail": "s1234@gmail.com",
    "userRole": "customer",
    "occupation": "Doctor",
    "gender": "Male",
    "userMobile": "1234567890",
    "userPassword": "12345678A_",
    "confirmPassword": "151Fa04124@4517",
    "required": true
}
HTTP/1.1 422 Unprocessable Entity
Date: Mon, 06 Jan 2025 04:37:34 GMT
Server: Apache/2.4.52 (Ubuntu)
Content-Security-Policy: default-src 'self';base-uri 'self';block-all-mixed-content;font-src 'self' https: data:;frame-ancestors 'self';img-src 'self' data:;object-src 'none';script-src 'self';script-src-attr 'none';style-src 'self' https: 'unsafe-inline';upgrade-insecure-requests
X-DNS-Prefetch-Control: off
Expect-CT: max-age=0
X-Frame-Options: SAMEORIGIN
Strict-Transport-Security: max-age=15552000; includeSubDomains
X-Download-Options: noopen
X-Content-Type-Options: nosniff
X-Permitted-Cross-Domain-Policies: none
Referrer-Policy: no-referrer
X-XSS-Protection: 0
Access-Control-Allow-Origin: *
Content-Type: application/json; charset=utf-8
Content-Length: 90
ETag: W/"5a-mSZORuFKHjKkqEMdomcB1IpMT0w"
Vary: Accept-Encoding
Keep-Alive: timeout=5, max=100
Connection: Keep-Alive

{
    "success": false,
    "error": "Please enter 1 Special Character, 1 Capital 1, Numeric 1 Small"
}
  When User sends register api request                                                                           # StepDefinitions.APITest.RegisterAPI.ErrorHandlingStepDefImpl.userSendsRegisterApiRequest()
  Then Please enter 1 Special Character, 1 Capital 1, Numeric 1 Small error is returned in register api response # StepDefinitions.APITest.RegisterAPI.ErrorHandlingStepDefImpl.errorErrorIsReturned(java.lang.String)
]]></system-out>
  </testcase>
  <testcase name="runScenario[&quot;User provided invalid phone number&quot;, &quot;Register API error handling&quot;](32)" classname="TestNGTestRunner" time="0.247">
    <system-out><![CDATA[
@ErrorHandlingAPI
Scenario Outline: User provided some empty information                    # src/test/java/FeatureFiles/APITest/RegisterAPI/ErrorHandling.feature:63
  Given User provides fn as empty                                         # StepDefinitions.APITest.RegisterAPI.ErrorHandlingStepDefImpl.userProvidesFieldAsEmpty(java.lang.String)
Request method:	POST
Request URI:	https://rahulshettyacademy.com/api/ecom/auth/register
Proxy:			<none>
Request params:	<none>
Query params:	<none>
Form params:	<none>
Path params:	<none>
Headers:		Accept=*/*
				Content-Type=application/json
Cookies:		<none>
Multiparts:		<none>
Body:
{
    "firstName": null,
    "lastName": "santhosh",
    "userEmail": "s1234@gmail.com",
    "userRole": "customer",
    "occupation": "Doctor",
    "gender": "Male",
    "userMobile": "1234567890",
    "userPassword": "151Fa04124@4517",
    "confirmPassword": "151Fa04124@4517",
    "required": true
}
HTTP/1.1 422 Unprocessable Entity
Date: Mon, 06 Jan 2025 04:37:35 GMT
Server: Apache/2.4.52 (Ubuntu)
Content-Security-Policy: default-src 'self';base-uri 'self';block-all-mixed-content;font-src 'self' https: data:;frame-ancestors 'self';img-src 'self' data:;object-src 'none';script-src 'self';script-src-attr 'none';style-src 'self' https: 'unsafe-inline';upgrade-insecure-requests
X-DNS-Prefetch-Control: off
Expect-CT: max-age=0
X-Frame-Options: SAMEORIGIN
Strict-Transport-Security: max-age=15552000; includeSubDomains
X-Download-Options: noopen
X-Content-Type-Options: nosniff
X-Permitted-Cross-Domain-Policies: none
Referrer-Policy: no-referrer
X-XSS-Protection: 0
Access-Control-Allow-Origin: *
Content-Type: application/json; charset=utf-8
Content-Length: 51
ETag: W/"33-FP0k+40yQ1N/wqismgr6B0oTEoQ"
Vary: Accept-Encoding
Keep-Alive: timeout=5, max=100
Connection: Keep-Alive

{
    "success": false,
    "error": "First Name is required!"
}
  When User sends register api request                                    # StepDefinitions.APITest.RegisterAPI.ErrorHandlingStepDefImpl.userSendsRegisterApiRequest()
  Then First Name is required! error is returned in register api response # StepDefinitions.APITest.RegisterAPI.ErrorHandlingStepDefImpl.errorErrorIsReturned(java.lang.String)
]]></system-out>
  </testcase>
  <testcase name="runScenario[&quot;User provided invalid password&quot;, &quot;Register API error handling&quot;](33)" classname="TestNGTestRunner" time="0.0"/>
  <testcase name="runScenario[&quot;User provided invalid password&quot;, &quot;Register API error handling&quot;](34)" classname="TestNGTestRunner" time="0.011">
    <system-out><![CDATA[
@ErrorHandlingAPI
Scenario Outline: User provided some empty information                   # src/test/java/FeatureFiles/APITest/RegisterAPI/ErrorHandling.feature:64
  Given User provides ln as empty                                        # StepDefinitions.APITest.RegisterAPI.ErrorHandlingStepDefImpl.userProvidesFieldAsEmpty(java.lang.String)

@ErrorHandlingAPI
Scenario: Register API with incorrect end point             # src/test/java/FeatureFiles/APITest/RegisterAPI/ErrorHandling.feature:67
Request method:	POST
Request URI:	https://rahulshettyacademy.com/api/ecom/auth/register
Proxy:			<none>
Request params:	<none>
Query params:	<none>
Form params:	<none>
Path params:	<none>
Headers:		Accept=*/*
				Content-Type=application/json
Cookies:		<none>
Multiparts:		<none>
Body:
{
    "firstName": "sai",
    "lastName": null,
    "userEmail": "s1234@gmail.com",
    "userRole": "customer",
    "occupation": "Doctor",
    "gender": "Male",
    "userMobile": "1234567890",
    "userPassword": "151Fa04124@4517",
    "confirmPassword": "151Fa04124@4517",
    "required": true
}
  Given User provides all correct details                   # StepDefinitions.APITest.RegisterAPI.ErrorHandlingStepDefImpl.userProvidesAllCorrectDetails()
Request method:	POST
Request URI:	https://rahulshettyacademy.com/api/ecom/auth/registvvrer
Proxy:			<none>
Request params:	<none>
Query params:	<none>
Form params:	<none>
Path params:	<none>
Headers:		Accept=*/*
				Content-Type=application/json
Cookies:		<none>
Multiparts:		<none>
Body:
{
    "firstName": "sai",
    "lastName": "santhosh",
    "userEmail": "s1234@gmail.com",
    "userRole": "customer",
    "occupation": "Doctor",
    "gender": "Male",
    "userMobile": "1234567890",
    "userPassword": "151Fa04124@4517",
    "confirmPassword": "151Fa04124@4517",
    "required": true
}
]]></system-out>
  </testcase>
  <testcase name="runScenario[&quot;User provided invalid password&quot;, &quot;Register API error handling&quot;](35)" classname="TestNGTestRunner" time="0.108">
    <system-out><![CDATA[
@FunctionalAPI
Scenario: Register API by providing all valid details                         # src/test/java/FeatureFiles/APITest/RegisterAPI/Functionality.feature:4
  Given User provides correct detials                                         # StepDefinitions.APITest.RegisterAPI.FunctionalityStepDefImpl.userProvidesCorrectDetials()
Request method:	POST
Request URI:	https://rahulshettyacademy.com/api/ecom/auth/register
Proxy:			<none>
Request params:	<none>
Query params:	<none>
Form params:	<none>
Path params:	<none>
Headers:		Accept=*/*
				Content-Type=application/json
Cookies:		<none>
Multiparts:		<none>
Body:
{
    "firstName": "sai",
    "lastName": "santhosh",
    "userEmail": "srbiuhnoghoh2348@gmail.com",
    "userRole": "customer",
    "occupation": "Doctor",
    "gender": "Male",
    "userMobile": "9988776655",
    "userPassword": "151Fa04124@4517",
    "confirmPassword": "151Fa04124@4517",
    "required": true
}
  When User sends request with wrong register api end point # StepDefinitions.APITest.RegisterAPI.ErrorHandlingStepDefImpl.userSendsRequestWithWrongRegisterApiEndPoint()
HTTP/1.1 404 Not Found
Date: Mon, 06 Jan 2025 04:37:35 GMT
Server: Apache/2.4.52 (Ubuntu)
Content-Security-Policy: default-src 'none'
X-DNS-Prefetch-Control: off
Expect-CT: max-age=0
X-Frame-Options: SAMEORIGIN
Strict-Transport-Security: max-age=15552000; includeSubDomains
X-Download-Options: noopen
X-Content-Type-Options: nosniff
X-Permitted-Cross-Domain-Policies: none
Referrer-Policy: no-referrer
X-XSS-Protection: 0
Access-Control-Allow-Origin: *
Content-Type: text/html; charset=utf-8
Content-Length: 156
Vary: Accept-Encoding
Keep-Alive: timeout=5, max=100
Connection: Keep-Alive

<html lang="en">
  <head>
    <meta charset="utf-8"/>
    <title>Error</title>
  </head>
  <body>
    <pre>Cannot POST /auth/registvvrer</pre>
  </body>
</html>
  Then "404" error is returned in register api reesponse    # StepDefinitions.APITest.RegisterAPI.ErrorHandlingStepDefImpl.errorIsReturnedInRegisterApiReesponse(java.lang.String)
HTTP/1.1 422 Unprocessable Entity
Date: Mon, 06 Jan 2025 04:37:35 GMT
Server: Apache/2.4.52 (Ubuntu)
Content-Security-Policy: default-src 'self';base-uri 'self';block-all-mixed-content;font-src 'self' https: data:;frame-ancestors 'self';img-src 'self' data:;object-src 'none';script-src 'self';script-src-attr 'none';style-src 'self' https: 'unsafe-inline';upgrade-insecure-requests
X-DNS-Prefetch-Control: off
Expect-CT: max-age=0
X-Frame-Options: SAMEORIGIN
Strict-Transport-Security: max-age=15552000; includeSubDomains
X-Download-Options: noopen
X-Content-Type-Options: nosniff
X-Permitted-Cross-Domain-Policies: none
Referrer-Policy: no-referrer
X-XSS-Protection: 0
Access-Control-Allow-Origin: *
Content-Type: application/json; charset=utf-8
Content-Length: 50
ETag: W/"32-dT2VentE23BxI6E0ca4/xjfHvOw"
Vary: Accept-Encoding
Keep-Alive: timeout=5, max=100
Connection: Keep-Alive

{
    "success": false,
    "error": "Last Name is required!"
}
  When User sends register api request                                   # StepDefinitions.APITest.RegisterAPI.ErrorHandlingStepDefImpl.userSendsRegisterApiRequest()
  Then Last Name is required! error is returned in register api response # StepDefinitions.APITest.RegisterAPI.ErrorHandlingStepDefImpl.errorErrorIsReturned(java.lang.String)
  When User sends register request                                            # StepDefinitions.APITest.RegisterAPI.FunctionalityStepDefImpl.userSendsRegisterRequest()
      java.lang.AssertionError: 1 expectation failed.
Expected status code <200> but was <400>.

	at java.base/jdk.internal.reflect.DirectConstructorHandleAccessor.newInstance(DirectConstructorHandleAccessor.java:62)
	at java.base/java.lang.reflect.Constructor.newInstanceWithCaller(Constructor.java:502)
	at java.base/java.lang.reflect.Constructor.newInstance(Constructor.java:486)
	at org.codehaus.groovy.reflection.CachedConstructor.invoke(CachedConstructor.java:73)
	at org.codehaus.groovy.runtime.callsite.ConstructorSite$ConstructorSiteNoUnwrapNoCoerce.callConstructor(ConstructorSite.java:108)
	at org.codehaus.groovy.runtime.callsite.AbstractCallSite.callConstructor(AbstractCallSite.java:277)
	at io.restassured.internal.ResponseSpecificationImpl$HamcrestAssertionClosure.validate(ResponseSpecificationImpl.groovy:512)
	at io.restassured.internal.ResponseSpecificationImpl$HamcrestAssertionClosure$validate$1.call(Unknown Source)
	at io.restassured.internal.ResponseSpecificationImpl.validate(ResponseSpecificationImpl.groovy:101)
	at io.restassured.internal.ValidatableResponseOptionsImpl.spec(ValidatableResponseOptionsImpl.java:288)
	at StepDefinitions.APITest.RegisterAPI.FunctionalityStepDefImpl.userSendsRegisterRequest(FunctionalityStepDefImpl.java:48)
	at ✽.User sends register request(file:///C:/Users/santh/Desktop/Ecommerce%20Automation/Selenium/EcommercePractise/src/test/java/FeatureFiles/APITest/RegisterAPI/Functionality.feature:6)

  Then "Registered Successfully" message is returned in register api response # StepDefinitions.APITest.RegisterAPI.FunctionalityStepDefImpl.messageIsReturnedInRegisterApiResponse(java.lang.String)
]]></system-out>
  </testcase>
  <testcase name="runScenario[&quot;User provided invalid password&quot;, &quot;Register API error handling&quot;](36)" classname="TestNGTestRunner" time="0.373">
    <system-out><![CDATA[
@Functional
Scenario: Home button                                                   # src/test/java/FeatureFiles/UITest/CartPage/Functionality.feature:5
]]></system-out>
  </testcase>
  <testcase name="runScenario[&quot;User provided invalid password&quot;, &quot;Register API error handling&quot;](37)" classname="TestNGTestRunner" time="0.017">
    <system-out><![CDATA[
@Functional
Scenario: Orders button                          # src/test/java/FeatureFiles/UITest/CartPage/Functionality.feature:11
]]></system-out>
  </testcase>
  <testcase name="runScenario[&quot;User provided invalid password&quot;, &quot;Register API error handling&quot;](38)" classname="TestNGTestRunner" time="0.075">
    <system-out><![CDATA[
@Functional
Scenario: Signout button                                              # src/test/java/FeatureFiles/UITest/CartPage/Functionality.feature:17
]]></system-out>
  </testcase>
  <testcase name="runScenario[&quot;User provided invalid password&quot;, &quot;Register API error handling&quot;](39)" classname="TestNGTestRunner" time="0.031">
    <system-out><![CDATA[
@Functional
Scenario: Cart button                                                    # src/test/java/FeatureFiles/UITest/CartPage/Functionality.feature:23
]]></system-out>
  </testcase>
  <testcase name="runScenario[&quot;User provided invalid password&quot;, &quot;Register API error handling&quot;](40)" classname="TestNGTestRunner" time="0.586">
    <system-out><![CDATA[
@Functional
Scenario: Logo                                                          # src/test/java/FeatureFiles/UITest/CartPage/Functionality.feature:29
]]></system-out>
  </testcase>
  <testcase name="runScenario[&quot;User provided some empty information&quot;, &quot;Register API error handling&quot;](41)" classname="TestNGTestRunner" time="0.672">
    <system-out><![CDATA[
@Functional
Scenario: Continue shopping                                             # src/test/java/FeatureFiles/UITest/CartPage/Functionality.feature:35
]]></system-out>
    <system-err><![CDATA[Jan 06, 2025 10:07:30 AM org.openqa.selenium.devtools.CdpVersionFinder findNearestMatch
WARNING: Unable to find an exact match for CDP version 130, returning the closest version; found: 127; Please update to a Selenium version that supports CDP version 130
Jan 06, 2025 10:07:30 AM org.openqa.selenium.devtools.CdpVersionFinder findNearestMatch
WARNING: Unable to find an exact match for CDP version 130, returning the closest version; found: 127; Please update to a Selenium version that supports CDP version 130
Jan 06, 2025 10:07:30 AM org.openqa.selenium.devtools.CdpVersionFinder findNearestMatch
WARNING: Unable to find an exact match for CDP version 130, returning the closest version; found: 127; Please update to a Selenium version that supports CDP version 130
Jan 06, 2025 10:07:30 AM org.openqa.selenium.devtools.CdpVersionFinder findNearestMatch
WARNING: Unable to find an exact match for CDP version 130, returning the closest version; found: 127; Please update to a Selenium version that supports CDP version 130
Jan 06, 2025 10:07:30 AM org.openqa.selenium.devtools.CdpVersionFinder findNearestMatch
WARNING: Unable to find an exact match for CDP version 130, returning the closest version; found: 127; Please update to a Selenium version that supports CDP version 130
]]></system-err>
  </testcase>
  <testcase name="runScenario[&quot;Register API with incorrect end point&quot;, &quot;Register API error handling&quot;](42)" classname="TestNGTestRunner" time="0.225">
    <system-out><![CDATA[
@Functional
Scenario: No Products                                                                                     # src/test/java/FeatureFiles/UITest/CartPage/Functionality.feature:41
]]></system-out>
  </testcase>
  <testcase name="runScenario[&quot;User provided some empty information&quot;, &quot;Register API error handling&quot;](44)" classname="TestNGTestRunner" time="0.019">
    <system-out><![CDATA[
@Functional
Scenario: Cart is cleared when user logs out                                                              # src/test/java/FeatureFiles/UITest/CartPage/Functionality.feature:46
]]></system-out>
  </testcase>
  <testcase name="runScenario[&quot;Register API by providing all valid details&quot;, &quot;Register API functionality&quot;](43)" classname="TestNGTestRunner" time="0.02">
    <failure message="1 expectation failed.&#10;Expected status code &lt;200&gt; but was &lt;400&gt;.&#10;" type="java.lang.AssertionError"><![CDATA[java.lang.AssertionError: 
1 expectation failed.
Expected status code <200> but was <400>.

	at java.base/jdk.internal.reflect.DirectConstructorHandleAccessor.newInstance(DirectConstructorHandleAccessor.java:62)
	at java.base/java.lang.reflect.Constructor.newInstanceWithCaller(Constructor.java:502)
	at java.base/java.lang.reflect.Constructor.newInstance(Constructor.java:486)
	at org.codehaus.groovy.reflection.CachedConstructor.invoke(CachedConstructor.java:73)
	at org.codehaus.groovy.runtime.callsite.ConstructorSite$ConstructorSiteNoUnwrapNoCoerce.callConstructor(ConstructorSite.java:108)
	at org.codehaus.groovy.runtime.callsite.AbstractCallSite.callConstructor(AbstractCallSite.java:277)
	at io.restassured.internal.ResponseSpecificationImpl$HamcrestAssertionClosure.validate(ResponseSpecificationImpl.groovy:512)
	at io.restassured.internal.ResponseSpecificationImpl$HamcrestAssertionClosure$validate$1.call(Unknown Source)
	at io.restassured.internal.ResponseSpecificationImpl.validate(ResponseSpecificationImpl.groovy:101)
	at io.restassured.internal.ValidatableResponseOptionsImpl.spec(ValidatableResponseOptionsImpl.java:288)
	at StepDefinitions.APITest.RegisterAPI.FunctionalityStepDefImpl.userSendsRegisterRequest(FunctionalityStepDefImpl.java:48)
	at ✽.User sends register request(file:///C:/Users/santh/Desktop/Ecommerce%20Automation/Selenium/EcommercePractise/src/test/java/FeatureFiles/APITest/RegisterAPI/Functionality.feature:6)
]]></failure>
  </testcase>
  <testcase name="runScenario[&quot;Home button&quot;, &quot;Cart Page functionality&quot;](45)" classname="TestNGTestRunner" time="6.805">
    <system-out><![CDATA[
@Functional
Scenario: Verify checkout button is working              # src/test/java/FeatureFiles/UITest/CartPage/Functionality.feature:58

@Functional
Scenario: Verify product details and total price # src/test/java/FeatureFiles/UITest/CartPage/Functionality.feature:52
  Given User landed on ECommerece page cart page                        # StepDefinitions.UITest.CartPage.FunctionalityStepDefImpl.user_landed_on_e_commerece_page_cart_page()
  When User clicks on home button                                       # StepDefinitions.UITest.CartPage.FunctionalityStepDefImpl.user_clicks_on_home_button()
  Then "AUTOMATION" message is displayed and Products page is displayed # StepDefinitions.UITest.CartPage.FunctionalityStepDefImpl.messageIsDisplayedAndProductsPageIsDisplayed(java.lang.String)
  Given User landed on ECommerece page cart page                        # StepDefinitions.UITest.CartPage.FunctionalityStepDefImpl.user_landed_on_e_commerece_page_cart_page()
  When User clicks on logo                                              # StepDefinitions.UITest.CartPage.FunctionalityStepDefImpl.userClicksOnLogo()
  Then "AUTOMATION" message is displayed and Products page is displayed # StepDefinitions.UITest.CartPage.FunctionalityStepDefImpl.messageIsDisplayedAndProductsPageIsDisplayed(java.lang.String)
  Given User landed on ECommerece page cart page                      # StepDefinitions.UITest.CartPage.FunctionalityStepDefImpl.user_landed_on_e_commerece_page_cart_page()
  When User clicks on signout button                                  # StepDefinitions.UITest.CartPage.FunctionalityStepDefImpl.userClicksOnSignoutButton()
  Given User landed on ECommerece page cart page                         # StepDefinitions.UITest.CartPage.FunctionalityStepDefImpl.user_landed_on_e_commerece_page_cart_page()
  Then "Logout Successfully" is displayed and login page is displayed # StepDefinitions.UITest.CartPage.FunctionalityStepDefImpl.isDisplayedAndLoginPageIsDisplayed(java.lang.String)
  When User clicks on cart button                                        # StepDefinitions.UITest.CartPage.FunctionalityStepDefImpl.userClicksOnCartButton()
  Then "My Cart" message is displayed and cart page is displayed to user # StepDefinitions.UITest.CartPage.FunctionalityStepDefImpl.messageIsDisplayedAndCartPageIsDisplayedToUser(java.lang.String)
  Given User landed on ECommerece page cart page                                                          # StepDefinitions.UITest.CartPage.FunctionalityStepDefImpl.user_landed_on_e_commerece_page_cart_page()
  Then "No Product in Your Cart" toast is displayed and "No Products in Your Cart !" message is displayed # StepDefinitions.UITest.CartPage.FunctionalityStepDefImpl.toastIsDisplayedAndMessageIsDisplayed(java.lang.String,java.lang.String)
]]></system-out>
    <system-err><![CDATA[Jan 06, 2025 10:07:31 AM org.openqa.selenium.devtools.CdpVersionFinder findNearestMatch
WARNING: Unable to find an exact match for CDP version 130, returning the closest version; found: 127; Please update to a Selenium version that supports CDP version 130
Jan 06, 2025 10:07:32 AM org.openqa.selenium.devtools.CdpVersionFinder findNearestMatch
WARNING: Unable to find an exact match for CDP version 130, returning the closest version; found: 127; Please update to a Selenium version that supports CDP version 130
Jan 06, 2025 10:07:32 AM org.openqa.selenium.devtools.CdpVersionFinder findNearestMatch
WARNING: Unable to find an exact match for CDP version 130, returning the closest version; found: 127; Please update to a Selenium version that supports CDP version 130
Jan 06, 2025 10:07:33 AM org.openqa.selenium.devtools.CdpVersionFinder findNearestMatch
WARNING: Unable to find an exact match for CDP version 130, returning the closest version; found: 127; Please update to a Selenium version that supports CDP version 130
Jan 06, 2025 10:07:33 AM org.openqa.selenium.devtools.CdpVersionFinder findNearestMatch
WARNING: Unable to find an exact match for CDP version 130, returning the closest version; found: 127; Please update to a Selenium version that supports CDP version 130
Jan 06, 2025 10:07:37 AM org.openqa.selenium.remote.http.WebSocket$Listener onError
WARNING: Connection reset
java.net.SocketException: Connection reset
	at java.base/sun.nio.ch.SocketChannelImpl.throwConnectionReset(SocketChannelImpl.java:401)
	at java.base/sun.nio.ch.SocketChannelImpl.read(SocketChannelImpl.java:434)
	at java.net.http/jdk.internal.net.http.SocketTube.readAvailable(SocketTube.java:1178)
	at java.net.http/jdk.internal.net.http.SocketTube$InternalReadPublisher$InternalReadSubscription.read(SocketTube.java:841)
	at java.net.http/jdk.internal.net.http.SocketTube$SocketFlowTask.run(SocketTube.java:181)
	at java.net.http/jdk.internal.net.http.common.SequentialScheduler$SchedulableTask.run(SequentialScheduler.java:207)
	at java.net.http/jdk.internal.net.http.common.SequentialScheduler.runOrSchedule(SequentialScheduler.java:280)
	at java.net.http/jdk.internal.net.http.common.SequentialScheduler.runOrSchedule(SequentialScheduler.java:233)
	at java.net.http/jdk.internal.net.http.SocketTube$InternalReadPublisher$InternalReadSubscription.signalReadable(SocketTube.java:782)
	at java.net.http/jdk.internal.net.http.SocketTube$InternalReadPublisher$ReadEvent.signalEvent(SocketTube.java:965)
	at java.net.http/jdk.internal.net.http.SocketTube$SocketFlowEvent.handle(SocketTube.java:253)
	at java.net.http/jdk.internal.net.http.HttpClientImpl$SelectorManager.handleEvent(HttpClientImpl.java:1469)
	at java.net.http/jdk.internal.net.http.HttpClientImpl$SelectorManager.lambda$run$3(HttpClientImpl.java:1414)
	at java.base/java.util.ArrayList.forEach(ArrayList.java:1596)
	at java.net.http/jdk.internal.net.http.HttpClientImpl$SelectorManager.run(HttpClientImpl.java:1414)

]]></system-err>
  </testcase>
  <testcase name="runScenario[&quot;Logo&quot;, &quot;Cart Page functionality&quot;](46)" classname="TestNGTestRunner" time="0.384">
    <system-out><![CDATA[
@Functional
Scenario: Verify delete button is working              # src/test/java/FeatureFiles/UITest/CartPage/Functionality.feature:64
]]></system-out>
    <system-err><![CDATA[Jan 06, 2025 10:07:38 AM org.openqa.selenium.remote.http.WebSocket$Listener onError
WARNING: Connection reset
java.net.SocketException: Connection reset
	at java.base/sun.nio.ch.SocketChannelImpl.throwConnectionReset(SocketChannelImpl.java:401)
	at java.base/sun.nio.ch.SocketChannelImpl.read(SocketChannelImpl.java:434)
	at java.net.http/jdk.internal.net.http.SocketTube.readAvailable(SocketTube.java:1178)
	at java.net.http/jdk.internal.net.http.SocketTube$InternalReadPublisher$InternalReadSubscription.read(SocketTube.java:841)
	at java.net.http/jdk.internal.net.http.SocketTube$SocketFlowTask.run(SocketTube.java:181)
	at java.net.http/jdk.internal.net.http.common.SequentialScheduler$SchedulableTask.run(SequentialScheduler.java:207)
	at java.net.http/jdk.internal.net.http.common.SequentialScheduler.runOrSchedule(SequentialScheduler.java:280)
	at java.net.http/jdk.internal.net.http.common.SequentialScheduler.runOrSchedule(SequentialScheduler.java:233)
	at java.net.http/jdk.internal.net.http.SocketTube$InternalReadPublisher$InternalReadSubscription.signalReadable(SocketTube.java:782)
	at java.net.http/jdk.internal.net.http.SocketTube$InternalReadPublisher$ReadEvent.signalEvent(SocketTube.java:965)
	at java.net.http/jdk.internal.net.http.SocketTube$SocketFlowEvent.handle(SocketTube.java:253)
	at java.net.http/jdk.internal.net.http.HttpClientImpl$SelectorManager.handleEvent(HttpClientImpl.java:1469)
	at java.net.http/jdk.internal.net.http.HttpClientImpl$SelectorManager.lambda$run$3(HttpClientImpl.java:1414)
	at java.base/java.util.ArrayList.forEach(ArrayList.java:1596)
	at java.net.http/jdk.internal.net.http.HttpClientImpl$SelectorManager.run(HttpClientImpl.java:1414)

]]></system-err>
  </testcase>
  <testcase name="runScenario[&quot;Signout button&quot;, &quot;Cart Page functionality&quot;](47)" classname="TestNGTestRunner" time="0.379">
    <system-out><![CDATA[
@Functional
Scenario: Verify buy now button is working              # src/test/java/FeatureFiles/UITest/CartPage/Functionality.feature:70
]]></system-out>
    <system-err><![CDATA[Jan 06, 2025 10:07:38 AM org.openqa.selenium.remote.http.WebSocket$Listener onError
WARNING: Connection reset
java.net.SocketException: Connection reset
	at java.base/sun.nio.ch.SocketChannelImpl.throwConnectionReset(SocketChannelImpl.java:401)
	at java.base/sun.nio.ch.SocketChannelImpl.read(SocketChannelImpl.java:434)
	at java.net.http/jdk.internal.net.http.SocketTube.readAvailable(SocketTube.java:1178)
	at java.net.http/jdk.internal.net.http.SocketTube$InternalReadPublisher$InternalReadSubscription.read(SocketTube.java:841)
	at java.net.http/jdk.internal.net.http.SocketTube$SocketFlowTask.run(SocketTube.java:181)
	at java.net.http/jdk.internal.net.http.common.SequentialScheduler$SchedulableTask.run(SequentialScheduler.java:207)
	at java.net.http/jdk.internal.net.http.common.SequentialScheduler.runOrSchedule(SequentialScheduler.java:280)
	at java.net.http/jdk.internal.net.http.common.SequentialScheduler.runOrSchedule(SequentialScheduler.java:233)
	at java.net.http/jdk.internal.net.http.SocketTube$InternalReadPublisher$InternalReadSubscription.signalReadable(SocketTube.java:782)
	at java.net.http/jdk.internal.net.http.SocketTube$InternalReadPublisher$ReadEvent.signalEvent(SocketTube.java:965)
	at java.net.http/jdk.internal.net.http.SocketTube$SocketFlowEvent.handle(SocketTube.java:253)
	at java.net.http/jdk.internal.net.http.HttpClientImpl$SelectorManager.handleEvent(HttpClientImpl.java:1469)
	at java.net.http/jdk.internal.net.http.HttpClientImpl$SelectorManager.lambda$run$3(HttpClientImpl.java:1414)
	at java.base/java.util.ArrayList.forEach(ArrayList.java:1596)
	at java.net.http/jdk.internal.net.http.HttpClientImpl$SelectorManager.run(HttpClientImpl.java:1414)

]]></system-err>
  </testcase>
  <testcase name="runScenario[&quot;Cart button&quot;, &quot;Cart Page functionality&quot;](48)" classname="TestNGTestRunner" time="0.115">
    <system-out><![CDATA[
@ErrorHandling
Scenario: No country details                                                                    # src/test/java/FeatureFiles/UITest/CheckoutPage/ErrorHandling.feature:4
]]></system-out>
    <system-err><![CDATA[Jan 06, 2025 10:07:38 AM org.openqa.selenium.remote.http.WebSocket$Listener onError
WARNING: Connection reset
java.net.SocketException: Connection reset
	at java.base/sun.nio.ch.SocketChannelImpl.throwConnectionReset(SocketChannelImpl.java:401)
	at java.base/sun.nio.ch.SocketChannelImpl.read(SocketChannelImpl.java:434)
	at java.net.http/jdk.internal.net.http.SocketTube.readAvailable(SocketTube.java:1178)
	at java.net.http/jdk.internal.net.http.SocketTube$InternalReadPublisher$InternalReadSubscription.read(SocketTube.java:841)
	at java.net.http/jdk.internal.net.http.SocketTube$SocketFlowTask.run(SocketTube.java:181)
	at java.net.http/jdk.internal.net.http.common.SequentialScheduler$SchedulableTask.run(SequentialScheduler.java:207)
	at java.net.http/jdk.internal.net.http.common.SequentialScheduler.runOrSchedule(SequentialScheduler.java:280)
	at java.net.http/jdk.internal.net.http.common.SequentialScheduler.runOrSchedule(SequentialScheduler.java:233)
	at java.net.http/jdk.internal.net.http.SocketTube$InternalReadPublisher$InternalReadSubscription.signalReadable(SocketTube.java:782)
	at java.net.http/jdk.internal.net.http.SocketTube$InternalReadPublisher$ReadEvent.signalEvent(SocketTube.java:965)
	at java.net.http/jdk.internal.net.http.SocketTube$SocketFlowEvent.handle(SocketTube.java:253)
	at java.net.http/jdk.internal.net.http.HttpClientImpl$SelectorManager.handleEvent(HttpClientImpl.java:1469)
	at java.net.http/jdk.internal.net.http.HttpClientImpl$SelectorManager.lambda$run$3(HttpClientImpl.java:1414)
	at java.base/java.util.ArrayList.forEach(ArrayList.java:1596)
	at java.net.http/jdk.internal.net.http.HttpClientImpl$SelectorManager.run(HttpClientImpl.java:1414)

]]></system-err>
  </testcase>
  <testcase name="runScenario[&quot;No Products&quot;, &quot;Cart Page functionality&quot;](49)" classname="TestNGTestRunner" time="0.82">
    <system-out><![CDATA[
@ErrorHandling
Scenario: API is failed                                                                # src/test/java/FeatureFiles/UITest/CheckoutPage/ErrorHandling.feature:10
]]></system-out>
    <system-err><![CDATA[Jan 06, 2025 10:07:39 AM org.openqa.selenium.devtools.CdpVersionFinder findNearestMatch
WARNING: Unable to find an exact match for CDP version 130, returning the closest version; found: 127; Please update to a Selenium version that supports CDP version 130
Jan 06, 2025 10:07:39 AM org.openqa.selenium.remote.http.WebSocket$Listener onError
WARNING: Connection reset
java.net.SocketException: Connection reset
	at java.base/sun.nio.ch.SocketChannelImpl.throwConnectionReset(SocketChannelImpl.java:401)
	at java.base/sun.nio.ch.SocketChannelImpl.read(SocketChannelImpl.java:434)
	at java.net.http/jdk.internal.net.http.SocketTube.readAvailable(SocketTube.java:1178)
	at java.net.http/jdk.internal.net.http.SocketTube$InternalReadPublisher$InternalReadSubscription.read(SocketTube.java:841)
	at java.net.http/jdk.internal.net.http.SocketTube$SocketFlowTask.run(SocketTube.java:181)
	at java.net.http/jdk.internal.net.http.common.SequentialScheduler$SchedulableTask.run(SequentialScheduler.java:207)
	at java.net.http/jdk.internal.net.http.common.SequentialScheduler.runOrSchedule(SequentialScheduler.java:280)
	at java.net.http/jdk.internal.net.http.common.SequentialScheduler.runOrSchedule(SequentialScheduler.java:233)
	at java.net.http/jdk.internal.net.http.SocketTube$InternalReadPublisher$InternalReadSubscription.signalReadable(SocketTube.java:782)
	at java.net.http/jdk.internal.net.http.SocketTube$InternalReadPublisher$ReadEvent.signalEvent(SocketTube.java:965)
	at java.net.http/jdk.internal.net.http.SocketTube$SocketFlowEvent.handle(SocketTube.java:253)
	at java.net.http/jdk.internal.net.http.HttpClientImpl$SelectorManager.handleEvent(HttpClientImpl.java:1469)
	at java.net.http/jdk.internal.net.http.HttpClientImpl$SelectorManager.lambda$run$3(HttpClientImpl.java:1414)
	at java.base/java.util.ArrayList.forEach(ArrayList.java:1596)
	at java.net.http/jdk.internal.net.http.HttpClientImpl$SelectorManager.run(HttpClientImpl.java:1414)

]]></system-err>
  </testcase>
  <testcase name="runScenario[&quot;Continue shopping&quot;, &quot;Cart Page functionality&quot;](50)" classname="TestNGTestRunner" time="5.956">
    <system-out><![CDATA[
@Functional
Scenario: Home button                                                           # src/test/java/FeatureFiles/UITest/CheckoutPage/Functionality.feature:4
  Given User landed on ECommerece page cart page                        # StepDefinitions.UITest.CartPage.FunctionalityStepDefImpl.user_landed_on_e_commerece_page_cart_page()
  When User clicks on continue shopping                                 # StepDefinitions.UITest.CartPage.FunctionalityStepDefImpl.userClicksOnContinueShopping()
  Then "AUTOMATION" message is displayed and Products page is displayed # StepDefinitions.UITest.CartPage.FunctionalityStepDefImpl.messageIsDisplayedAndProductsPageIsDisplayed(java.lang.String)
  Given User landed on ECommerece page cart page        # StepDefinitions.UITest.CartPage.FunctionalityStepDefImpl.user_landed_on_e_commerece_page_cart_page()
  Given User landed on ECommerece page cart page       # StepDefinitions.UITest.CartPage.FunctionalityStepDefImpl.user_landed_on_e_commerece_page_cart_page()
  Given User landed on ECommerece page cart page                                                          # StepDefinitions.UITest.CartPage.FunctionalityStepDefImpl.user_landed_on_e_commerece_page_cart_page()
]]></system-out>
    <system-err><![CDATA[Jan 06, 2025 10:07:39 AM org.openqa.selenium.devtools.CdpVersionFinder findNearestMatch
WARNING: Unable to find an exact match for CDP version 130, returning the closest version; found: 127; Please update to a Selenium version that supports CDP version 130
Jan 06, 2025 10:07:40 AM org.openqa.selenium.devtools.CdpVersionFinder findNearestMatch
WARNING: Unable to find an exact match for CDP version 130, returning the closest version; found: 127; Please update to a Selenium version that supports CDP version 130
Jan 06, 2025 10:07:40 AM org.openqa.selenium.devtools.CdpVersionFinder findNearestMatch
WARNING: Unable to find an exact match for CDP version 130, returning the closest version; found: 127; Please update to a Selenium version that supports CDP version 130
Jan 06, 2025 10:07:41 AM org.openqa.selenium.devtools.CdpVersionFinder findNearestMatch
WARNING: Unable to find an exact match for CDP version 130, returning the closest version; found: 127; Please update to a Selenium version that supports CDP version 130
Jan 06, 2025 10:07:45 AM org.openqa.selenium.remote.http.WebSocket$Listener onError
WARNING: Connection reset
java.net.SocketException: Connection reset
	at java.base/sun.nio.ch.SocketChannelImpl.throwConnectionReset(SocketChannelImpl.java:401)
	at java.base/sun.nio.ch.SocketChannelImpl.read(SocketChannelImpl.java:434)
	at java.net.http/jdk.internal.net.http.SocketTube.readAvailable(SocketTube.java:1178)
	at java.net.http/jdk.internal.net.http.SocketTube$InternalReadPublisher$InternalReadSubscription.read(SocketTube.java:841)
	at java.net.http/jdk.internal.net.http.SocketTube$SocketFlowTask.run(SocketTube.java:181)
	at java.net.http/jdk.internal.net.http.common.SequentialScheduler$SchedulableTask.run(SequentialScheduler.java:207)
	at java.net.http/jdk.internal.net.http.common.SequentialScheduler.runOrSchedule(SequentialScheduler.java:280)
	at java.net.http/jdk.internal.net.http.common.SequentialScheduler.runOrSchedule(SequentialScheduler.java:233)
	at java.net.http/jdk.internal.net.http.SocketTube$InternalReadPublisher$InternalReadSubscription.signalReadable(SocketTube.java:782)
	at java.net.http/jdk.internal.net.http.SocketTube$InternalReadPublisher$ReadEvent.signalEvent(SocketTube.java:965)
	at java.net.http/jdk.internal.net.http.SocketTube$SocketFlowEvent.handle(SocketTube.java:253)
	at java.net.http/jdk.internal.net.http.HttpClientImpl$SelectorManager.handleEvent(HttpClientImpl.java:1469)
	at java.net.http/jdk.internal.net.http.HttpClientImpl$SelectorManager.lambda$run$3(HttpClientImpl.java:1414)
	at java.base/java.util.ArrayList.forEach(ArrayList.java:1596)
	at java.net.http/jdk.internal.net.http.HttpClientImpl$SelectorManager.run(HttpClientImpl.java:1414)

]]></system-err>
  </testcase>
  <testcase name="runScenario[&quot;No country details&quot;, &quot;Checkout Page functionality&quot;](51)" classname="TestNGTestRunner" time="16.449">
    <system-out><![CDATA[
@Functional
Scenario: Orders button                              # src/test/java/FeatureFiles/UITest/CheckoutPage/Functionality.feature:10
  Given User landed on ECommerece page cart page         # StepDefinitions.UITest.CartPage.FunctionalityStepDefImpl.user_landed_on_e_commerece_page_cart_page()
  Given User landed on ECommerece page cart page # StepDefinitions.UITest.CartPage.FunctionalityStepDefImpl.user_landed_on_e_commerece_page_cart_page()
  Given User landed on ECommerce page checkout page                                             # StepDefinitions.UITest.CheckoutPage.ErrorHandlingStepDefImpl.userLandedOnECommercePageCheckoutPage()
  When User clicks on submit button without country details                                     # StepDefinitions.UITest.CheckoutPage.ErrorHandlingStepDefImpl.userClicksOnSubmitButtonWithoutCountryDetails()
  Then "Please Enter Full Shipping Information" message is displayed and order is not submitted # StepDefinitions.UITest.CheckoutPage.ErrorHandlingStepDefImpl.messageIsDisplayedAndOrderIsNotSubmitted(java.lang.String)
  Given User landed on ECommerece page cart page # StepDefinitions.UITest.CartPage.FunctionalityStepDefImpl.user_landed_on_e_commerece_page_cart_page()
]]></system-out>
    <system-err><![CDATA[Jan 06, 2025 10:07:47 AM org.openqa.selenium.devtools.CdpVersionFinder findNearestMatch
WARNING: Unable to find an exact match for CDP version 130, returning the closest version; found: 127; Please update to a Selenium version that supports CDP version 130
Jan 06, 2025 10:08:02 AM org.openqa.selenium.remote.http.WebSocket$Listener onError
WARNING: Connection reset
java.net.SocketException: Connection reset
	at java.base/sun.nio.ch.SocketChannelImpl.throwConnectionReset(SocketChannelImpl.java:401)
	at java.base/sun.nio.ch.SocketChannelImpl.read(SocketChannelImpl.java:434)
	at java.net.http/jdk.internal.net.http.SocketTube.readAvailable(SocketTube.java:1178)
	at java.net.http/jdk.internal.net.http.SocketTube$InternalReadPublisher$InternalReadSubscription.read(SocketTube.java:841)
	at java.net.http/jdk.internal.net.http.SocketTube$SocketFlowTask.run(SocketTube.java:181)
	at java.net.http/jdk.internal.net.http.common.SequentialScheduler$SchedulableTask.run(SequentialScheduler.java:207)
	at java.net.http/jdk.internal.net.http.common.SequentialScheduler.runOrSchedule(SequentialScheduler.java:280)
	at java.net.http/jdk.internal.net.http.common.SequentialScheduler.runOrSchedule(SequentialScheduler.java:233)
	at java.net.http/jdk.internal.net.http.SocketTube$InternalReadPublisher$InternalReadSubscription.signalReadable(SocketTube.java:782)
	at java.net.http/jdk.internal.net.http.SocketTube$InternalReadPublisher$ReadEvent.signalEvent(SocketTube.java:965)
	at java.net.http/jdk.internal.net.http.SocketTube$SocketFlowEvent.handle(SocketTube.java:253)
	at java.net.http/jdk.internal.net.http.HttpClientImpl$SelectorManager.handleEvent(HttpClientImpl.java:1469)
	at java.net.http/jdk.internal.net.http.HttpClientImpl$SelectorManager.lambda$run$3(HttpClientImpl.java:1414)
	at java.base/java.util.ArrayList.forEach(ArrayList.java:1596)
	at java.net.http/jdk.internal.net.http.HttpClientImpl$SelectorManager.run(HttpClientImpl.java:1414)

]]></system-err>
  </testcase>
  <testcase name="runScenario[&quot;Orders button&quot;, &quot;Cart Page functionality&quot;](52)" classname="TestNGTestRunner" time="2.493">
    <system-out><![CDATA[
@Functional
Scenario: Signout button                                                      # src/test/java/FeatureFiles/UITest/CheckoutPage/Functionality.feature:16
  When User clicks on orders button              # StepDefinitions.UITest.CartPage.FunctionalityStepDefImpl.userClicksOnOrdersButton()
  Then Orders page is displayed                  # StepDefinitions.UITest.CartPage.FunctionalityStepDefImpl.ordersPageIsDisplayed()
  When User adds products to cart and clicks on buy now # StepDefinitions.UITest.CartPage.FunctionalityStepDefImpl.userAddsProductsToCartAndClicksOnBuyNow()
  Given User landed on ECommerece page checkout page                            # StepDefinitions.UITest.CheckoutPage.FunctionalityStepDefImpl.userLandedOnECommerecePageCheckoutPage()
      java.lang.IndexOutOfBoundsException: Index 0 out of bounds for length 0
	at java.base/jdk.internal.util.Preconditions.outOfBounds(Preconditions.java:100)
	at java.base/jdk.internal.util.Preconditions.outOfBoundsCheckIndex(Preconditions.java:106)
	at java.base/jdk.internal.util.Preconditions.checkIndex(Preconditions.java:302)
	at java.base/java.util.Objects.checkIndex(Objects.java:385)
	at java.base/java.util.ArrayList.get(ArrayList.java:427)
	at java.base/jdk.internal.reflect.DirectMethodHandleAccessor.invoke(DirectMethodHandleAccessor.java:103)
	at java.base/java.lang.reflect.Method.invoke(Method.java:580)
	at org.openqa.selenium.support.pagefactory.internal.LocatingElementListHandler.invoke(LocatingElementListHandler.java:39)
	at jdk.proxy2/jdk.proxy2.$Proxy28.get(Unknown Source)
	at StepDefinitions.UITest.CheckoutPage.FunctionalityStepDefImpl.userLandedOnECommerecePageCheckoutPage(FunctionalityStepDefImpl.java:58)
	at ✽.User landed on ECommerece page checkout page(file:///C:/Users/santh/Desktop/Ecommerce%20Automation/Selenium/EcommercePractise/src/test/java/FeatureFiles/UITest/CheckoutPage/Functionality.feature:5)

  When User clicks on home button in chekout page                               # StepDefinitions.UITest.CheckoutPage.FunctionalityStepDefImpl.userClicksOnHomeButtonInChekoutPage()
  Then "AUTOMATION" message is displayed and Products page is displayed to user # StepDefinitions.UITest.CheckoutPage.FunctionalityStepDefImpl.messageIsDisplayedAndProductsPageIsDisplayedToUser(java.lang.String)
]]></system-out>
    <system-err><![CDATA[Jan 06, 2025 10:08:03 AM org.openqa.selenium.devtools.CdpVersionFinder findNearestMatch
WARNING: Unable to find an exact match for CDP version 130, returning the closest version; found: 127; Please update to a Selenium version that supports CDP version 130
Jan 06, 2025 10:08:04 AM org.openqa.selenium.remote.http.WebSocket$Listener onError
WARNING: Connection reset
java.net.SocketException: Connection reset
	at java.base/sun.nio.ch.SocketChannelImpl.throwConnectionReset(SocketChannelImpl.java:401)
	at java.base/sun.nio.ch.SocketChannelImpl.read(SocketChannelImpl.java:434)
	at java.net.http/jdk.internal.net.http.SocketTube.readAvailable(SocketTube.java:1178)
	at java.net.http/jdk.internal.net.http.SocketTube$InternalReadPublisher$InternalReadSubscription.read(SocketTube.java:841)
	at java.net.http/jdk.internal.net.http.SocketTube$SocketFlowTask.run(SocketTube.java:181)
	at java.net.http/jdk.internal.net.http.common.SequentialScheduler$SchedulableTask.run(SequentialScheduler.java:207)
	at java.net.http/jdk.internal.net.http.common.SequentialScheduler.runOrSchedule(SequentialScheduler.java:280)
	at java.net.http/jdk.internal.net.http.common.SequentialScheduler.runOrSchedule(SequentialScheduler.java:233)
	at java.net.http/jdk.internal.net.http.SocketTube$InternalReadPublisher$InternalReadSubscription.signalReadable(SocketTube.java:782)
	at java.net.http/jdk.internal.net.http.SocketTube$InternalReadPublisher$ReadEvent.signalEvent(SocketTube.java:965)
	at java.net.http/jdk.internal.net.http.SocketTube$SocketFlowEvent.handle(SocketTube.java:253)
	at java.net.http/jdk.internal.net.http.HttpClientImpl$SelectorManager.handleEvent(HttpClientImpl.java:1469)
	at java.net.http/jdk.internal.net.http.HttpClientImpl$SelectorManager.lambda$run$3(HttpClientImpl.java:1414)
	at java.base/java.util.ArrayList.forEach(ArrayList.java:1596)
	at java.net.http/jdk.internal.net.http.HttpClientImpl$SelectorManager.run(HttpClientImpl.java:1414)

]]></system-err>
  </testcase>
  <testcase name="runScenario[&quot;Verify buy now button is working&quot;, &quot;Cart Page functionality&quot;](53)" classname="TestNGTestRunner" time="0.969">
    <system-out><![CDATA[
@Functional
Scenario: Cart button                                                 # src/test/java/FeatureFiles/UITest/CheckoutPage/Functionality.feature:22
  When User adds products to cart and clicks on logout                                                    # StepDefinitions.UITest.CartPage.FunctionalityStepDefImpl.userAddsProductsToCartAndClicksOnLogout()
      java.lang.AssertionError: expected [2] but found [1]
	at org.testng.Assert.fail(Assert.java:111)
	at org.testng.Assert.failNotEquals(Assert.java:1578)
	at org.testng.Assert.assertEqualsImpl(Assert.java:150)
	at org.testng.Assert.assertEquals(Assert.java:132)
	at org.testng.Assert.assertEquals(Assert.java:1419)
	at org.testng.Assert.assertEquals(Assert.java:1383)
	at org.testng.Assert.assertEquals(Assert.java:1429)
	at StepDefinitions.UITest.CartPage.FunctionalityStepDefImpl.userAddsProductsToCartAndClicksOnLogout(FunctionalityStepDefImpl.java:116)
	at ✽.User adds products to cart and clicks on logout(file:///C:/Users/santh/Desktop/Ecommerce%20Automation/Selenium/EcommercePractise/src/test/java/FeatureFiles/UITest/CartPage/Functionality.feature:48)

  Then "No Product in Your Cart" toast is displayed and "No Products in Your Cart !" message is displayed # StepDefinitions.UITest.CartPage.FunctionalityStepDefImpl.toastIsDisplayedAndMessageIsDisplayed(java.lang.String,java.lang.String)
]]></system-out>
    <system-err><![CDATA[Jan 06, 2025 10:08:05 AM org.openqa.selenium.remote.http.WebSocket$Listener onError
WARNING: Connection reset
java.net.SocketException: Connection reset
	at java.base/sun.nio.ch.SocketChannelImpl.throwConnectionReset(SocketChannelImpl.java:401)
	at java.base/sun.nio.ch.SocketChannelImpl.read(SocketChannelImpl.java:434)
	at java.net.http/jdk.internal.net.http.SocketTube.readAvailable(SocketTube.java:1178)
	at java.net.http/jdk.internal.net.http.SocketTube$InternalReadPublisher$InternalReadSubscription.read(SocketTube.java:841)
	at java.net.http/jdk.internal.net.http.SocketTube$SocketFlowTask.run(SocketTube.java:181)
	at java.net.http/jdk.internal.net.http.common.SequentialScheduler$SchedulableTask.run(SequentialScheduler.java:207)
	at java.net.http/jdk.internal.net.http.common.SequentialScheduler.runOrSchedule(SequentialScheduler.java:280)
	at java.net.http/jdk.internal.net.http.common.SequentialScheduler.runOrSchedule(SequentialScheduler.java:233)
	at java.net.http/jdk.internal.net.http.SocketTube$InternalReadPublisher$InternalReadSubscription.signalReadable(SocketTube.java:782)
	at java.net.http/jdk.internal.net.http.SocketTube$InternalReadPublisher$ReadEvent.signalEvent(SocketTube.java:965)
	at java.net.http/jdk.internal.net.http.SocketTube$SocketFlowEvent.handle(SocketTube.java:253)
	at java.net.http/jdk.internal.net.http.HttpClientImpl$SelectorManager.handleEvent(HttpClientImpl.java:1469)
	at java.net.http/jdk.internal.net.http.HttpClientImpl$SelectorManager.lambda$run$3(HttpClientImpl.java:1414)
	at java.base/java.util.ArrayList.forEach(ArrayList.java:1596)
	at java.net.http/jdk.internal.net.http.HttpClientImpl$SelectorManager.run(HttpClientImpl.java:1414)

]]></system-err>
  </testcase>
  <testcase name="runScenario[&quot;Home button&quot;, &quot;Checkout Page functionality&quot;](54)" classname="TestNGTestRunner" time="1.087">
    <failure message="Index 0 out of bounds for length 0" type="java.lang.IndexOutOfBoundsException"><![CDATA[java.lang.IndexOutOfBoundsException: Index 0 out of bounds for length 0
	at java.base/jdk.internal.util.Preconditions.outOfBounds(Preconditions.java:100)
	at java.base/jdk.internal.util.Preconditions.outOfBoundsCheckIndex(Preconditions.java:106)
	at java.base/jdk.internal.util.Preconditions.checkIndex(Preconditions.java:302)
	at java.base/java.util.Objects.checkIndex(Objects.java:385)
	at java.base/java.util.ArrayList.get(ArrayList.java:427)
	at java.base/jdk.internal.reflect.DirectMethodHandleAccessor.invoke(DirectMethodHandleAccessor.java:103)
	at java.base/java.lang.reflect.Method.invoke(Method.java:580)
	at org.openqa.selenium.support.pagefactory.internal.LocatingElementListHandler.invoke(LocatingElementListHandler.java:39)
	at jdk.proxy2/jdk.proxy2.$Proxy28.get(Unknown Source)
	at StepDefinitions.UITest.CheckoutPage.FunctionalityStepDefImpl.userLandedOnECommerecePageCheckoutPage(FunctionalityStepDefImpl.java:58)
	at ✽.User landed on ECommerece page checkout page(file:///C:/Users/santh/Desktop/Ecommerce%20Automation/Selenium/EcommercePractise/src/test/java/FeatureFiles/UITest/CheckoutPage/Functionality.feature:5)
]]></failure>
    <system-out><![CDATA[
@Functional
Scenario: Logo                                                                  # src/test/java/FeatureFiles/UITest/CheckoutPage/Functionality.feature:28
  When User adds products to cart and clicks on delete # StepDefinitions.UITest.CartPage.FunctionalityStepDefImpl.userAddsProductsToCartAndClicksOnDelete()
]]></system-out>
    <system-err><![CDATA[Jan 06, 2025 10:08:06 AM org.openqa.selenium.devtools.CdpVersionFinder findNearestMatch
WARNING: Unable to find an exact match for CDP version 130, returning the closest version; found: 127; Please update to a Selenium version that supports CDP version 130
Jan 06, 2025 10:08:06 AM org.openqa.selenium.remote.http.WebSocket$Listener onError
WARNING: Connection reset
java.net.SocketException: Connection reset
	at java.base/sun.nio.ch.SocketChannelImpl.throwConnectionReset(SocketChannelImpl.java:401)
	at java.base/sun.nio.ch.SocketChannelImpl.read(SocketChannelImpl.java:434)
	at java.net.http/jdk.internal.net.http.SocketTube.readAvailable(SocketTube.java:1178)
	at java.net.http/jdk.internal.net.http.SocketTube$InternalReadPublisher$InternalReadSubscription.read(SocketTube.java:841)
	at java.net.http/jdk.internal.net.http.SocketTube$SocketFlowTask.run(SocketTube.java:181)
	at java.net.http/jdk.internal.net.http.common.SequentialScheduler$SchedulableTask.run(SequentialScheduler.java:207)
	at java.net.http/jdk.internal.net.http.common.SequentialScheduler.runOrSchedule(SequentialScheduler.java:280)
	at java.net.http/jdk.internal.net.http.common.SequentialScheduler.runOrSchedule(SequentialScheduler.java:233)
	at java.net.http/jdk.internal.net.http.SocketTube$InternalReadPublisher$InternalReadSubscription.signalReadable(SocketTube.java:782)
	at java.net.http/jdk.internal.net.http.SocketTube$InternalReadPublisher$ReadEvent.signalEvent(SocketTube.java:965)
	at java.net.http/jdk.internal.net.http.SocketTube$SocketFlowEvent.handle(SocketTube.java:253)
	at java.net.http/jdk.internal.net.http.HttpClientImpl$SelectorManager.handleEvent(HttpClientImpl.java:1469)
	at java.net.http/jdk.internal.net.http.HttpClientImpl$SelectorManager.lambda$run$3(HttpClientImpl.java:1414)
	at java.base/java.util.ArrayList.forEach(ArrayList.java:1596)
	at java.net.http/jdk.internal.net.http.HttpClientImpl$SelectorManager.run(HttpClientImpl.java:1414)

]]></system-err>
  </testcase>
  <testcase name="runScenario[&quot;Cart is cleared when user logs out&quot;, &quot;Cart Page functionality&quot;](55)" classname="TestNGTestRunner" time="0.928">
    <failure message="expected [2] but found [1]" type="java.lang.AssertionError"><![CDATA[java.lang.AssertionError: expected [2] but found [1]
	at org.testng.Assert.fail(Assert.java:111)
	at org.testng.Assert.failNotEquals(Assert.java:1578)
	at org.testng.Assert.assertEqualsImpl(Assert.java:150)
	at org.testng.Assert.assertEquals(Assert.java:132)
	at org.testng.Assert.assertEquals(Assert.java:1419)
	at org.testng.Assert.assertEquals(Assert.java:1383)
	at org.testng.Assert.assertEquals(Assert.java:1429)
	at StepDefinitions.UITest.CartPage.FunctionalityStepDefImpl.userAddsProductsToCartAndClicksOnLogout(FunctionalityStepDefImpl.java:116)
	at ✽.User adds products to cart and clicks on logout(file:///C:/Users/santh/Desktop/Ecommerce%20Automation/Selenium/EcommercePractise/src/test/java/FeatureFiles/UITest/CartPage/Functionality.feature:48)
]]></failure>
    <system-out><![CDATA[
@Functional
Scenario: Product details in chekout page            # src/test/java/FeatureFiles/UITest/CheckoutPage/Functionality.feature:34
]]></system-out>
    <system-err><![CDATA[Jan 06, 2025 10:08:07 AM org.openqa.selenium.devtools.CdpVersionFinder findNearestMatch
WARNING: Unable to find an exact match for CDP version 130, returning the closest version; found: 127; Please update to a Selenium version that supports CDP version 130
Jan 06, 2025 10:08:07 AM org.openqa.selenium.remote.http.WebSocket$Listener onError
WARNING: Connection reset
java.net.SocketException: Connection reset
	at java.base/sun.nio.ch.SocketChannelImpl.throwConnectionReset(SocketChannelImpl.java:401)
	at java.base/sun.nio.ch.SocketChannelImpl.read(SocketChannelImpl.java:434)
	at java.net.http/jdk.internal.net.http.SocketTube.readAvailable(SocketTube.java:1178)
	at java.net.http/jdk.internal.net.http.SocketTube$InternalReadPublisher$InternalReadSubscription.read(SocketTube.java:841)
	at java.net.http/jdk.internal.net.http.SocketTube$SocketFlowTask.run(SocketTube.java:181)
	at java.net.http/jdk.internal.net.http.common.SequentialScheduler$SchedulableTask.run(SequentialScheduler.java:207)
	at java.net.http/jdk.internal.net.http.common.SequentialScheduler.runOrSchedule(SequentialScheduler.java:280)
	at java.net.http/jdk.internal.net.http.common.SequentialScheduler.runOrSchedule(SequentialScheduler.java:233)
	at java.net.http/jdk.internal.net.http.SocketTube$InternalReadPublisher$InternalReadSubscription.signalReadable(SocketTube.java:782)
	at java.net.http/jdk.internal.net.http.SocketTube$InternalReadPublisher$ReadEvent.signalEvent(SocketTube.java:965)
	at java.net.http/jdk.internal.net.http.SocketTube$SocketFlowEvent.handle(SocketTube.java:253)
	at java.net.http/jdk.internal.net.http.HttpClientImpl$SelectorManager.handleEvent(HttpClientImpl.java:1469)
	at java.net.http/jdk.internal.net.http.HttpClientImpl$SelectorManager.lambda$run$3(HttpClientImpl.java:1414)
	at java.base/java.util.ArrayList.forEach(ArrayList.java:1596)
	at java.net.http/jdk.internal.net.http.HttpClientImpl$SelectorManager.run(HttpClientImpl.java:1414)

]]></system-err>
  </testcase>
  <testcase name="runScenario[&quot;Verify checkout button is working&quot;, &quot;Cart Page functionality&quot;](56)" classname="TestNGTestRunner" time="3.346">
    <system-out><![CDATA[
@Functional
Scenario: Product details in chekout page            # src/test/java/FeatureFiles/UITest/CheckoutPage/Functionality.feature:39
  When User adds products to cart and clicks on checkout # StepDefinitions.UITest.CartPage.FunctionalityStepDefImpl.userAddsProductsToCartAndClicksOnCheckout()
  Then Checkout page is displayed                        # StepDefinitions.UITest.CartPage.FunctionalityStepDefImpl.checkoutPageIsDisplayed()
  Then product is removed from cart                    # StepDefinitions.UITest.CartPage.FunctionalityStepDefImpl.productIsRemovedFromCart()
      java.lang.AssertionError: expected [1] but found [0]
	at org.testng.Assert.fail(Assert.java:111)
	at org.testng.Assert.failNotEquals(Assert.java:1578)
	at org.testng.Assert.assertEqualsImpl(Assert.java:150)
	at org.testng.Assert.assertEquals(Assert.java:132)
	at org.testng.Assert.assertEquals(Assert.java:1419)
	at org.testng.Assert.assertEquals(Assert.java:1383)
	at org.testng.Assert.assertEquals(Assert.java:1429)
	at StepDefinitions.UITest.CartPage.FunctionalityStepDefImpl.productIsRemovedFromCart(FunctionalityStepDefImpl.java:203)
	at ✽.product is removed from cart(file:///C:/Users/santh/Desktop/Ecommerce%20Automation/Selenium/EcommercePractise/src/test/java/FeatureFiles/UITest/CartPage/Functionality.feature:67)

]]></system-out>
    <system-err><![CDATA[Jan 06, 2025 10:08:08 AM org.openqa.selenium.devtools.CdpVersionFinder findNearestMatch
WARNING: Unable to find an exact match for CDP version 130, returning the closest version; found: 127; Please update to a Selenium version that supports CDP version 130
Jan 06, 2025 10:08:09 AM org.openqa.selenium.devtools.CdpVersionFinder findNearestMatch
WARNING: Unable to find an exact match for CDP version 130, returning the closest version; found: 127; Please update to a Selenium version that supports CDP version 130
Jan 06, 2025 10:08:10 AM org.openqa.selenium.remote.http.WebSocket$Listener onError
WARNING: Connection reset
java.net.SocketException: Connection reset
	at java.base/sun.nio.ch.SocketChannelImpl.throwConnectionReset(SocketChannelImpl.java:401)
	at java.base/sun.nio.ch.SocketChannelImpl.read(SocketChannelImpl.java:434)
	at java.net.http/jdk.internal.net.http.SocketTube.readAvailable(SocketTube.java:1178)
	at java.net.http/jdk.internal.net.http.SocketTube$InternalReadPublisher$InternalReadSubscription.read(SocketTube.java:841)
	at java.net.http/jdk.internal.net.http.SocketTube$SocketFlowTask.run(SocketTube.java:181)
	at java.net.http/jdk.internal.net.http.common.SequentialScheduler$SchedulableTask.run(SequentialScheduler.java:207)
	at java.net.http/jdk.internal.net.http.common.SequentialScheduler.runOrSchedule(SequentialScheduler.java:280)
	at java.net.http/jdk.internal.net.http.common.SequentialScheduler.runOrSchedule(SequentialScheduler.java:233)
	at java.net.http/jdk.internal.net.http.SocketTube$InternalReadPublisher$InternalReadSubscription.signalReadable(SocketTube.java:782)
	at java.net.http/jdk.internal.net.http.SocketTube$InternalReadPublisher$ReadEvent.signalEvent(SocketTube.java:965)
	at java.net.http/jdk.internal.net.http.SocketTube$SocketFlowEvent.handle(SocketTube.java:253)
	at java.net.http/jdk.internal.net.http.HttpClientImpl$SelectorManager.handleEvent(HttpClientImpl.java:1469)
	at java.net.http/jdk.internal.net.http.HttpClientImpl$SelectorManager.lambda$run$3(HttpClientImpl.java:1414)
	at java.base/java.util.ArrayList.forEach(ArrayList.java:1596)
	at java.net.http/jdk.internal.net.http.HttpClientImpl$SelectorManager.run(HttpClientImpl.java:1414)

]]></system-err>
  </testcase>
  <testcase name="runScenario[&quot;Verify delete button is working&quot;, &quot;Cart Page functionality&quot;](57)" classname="TestNGTestRunner" time="2.049">
    <failure message="expected [1] but found [0]" type="java.lang.AssertionError"><![CDATA[java.lang.AssertionError: expected [1] but found [0]
	at org.testng.Assert.fail(Assert.java:111)
	at org.testng.Assert.failNotEquals(Assert.java:1578)
	at org.testng.Assert.assertEqualsImpl(Assert.java:150)
	at org.testng.Assert.assertEquals(Assert.java:132)
	at org.testng.Assert.assertEquals(Assert.java:1419)
	at org.testng.Assert.assertEquals(Assert.java:1383)
	at org.testng.Assert.assertEquals(Assert.java:1429)
	at StepDefinitions.UITest.CartPage.FunctionalityStepDefImpl.productIsRemovedFromCart(FunctionalityStepDefImpl.java:203)
	at ✽.product is removed from cart(file:///C:/Users/santh/Desktop/Ecommerce%20Automation/Selenium/EcommercePractise/src/test/java/FeatureFiles/UITest/CartPage/Functionality.feature:67)
]]></failure>
    <system-out><![CDATA[
@Functional
Scenario: Completeing order                             # src/test/java/FeatureFiles/UITest/CheckoutPage/Functionality.feature:45
]]></system-out>
    <system-err><![CDATA[Jan 06, 2025 10:08:12 AM org.openqa.selenium.remote.http.WebSocket$Listener onError
WARNING: Connection reset
java.net.SocketException: Connection reset
	at java.base/sun.nio.ch.SocketChannelImpl.throwConnectionReset(SocketChannelImpl.java:401)
	at java.base/sun.nio.ch.SocketChannelImpl.read(SocketChannelImpl.java:434)
	at java.net.http/jdk.internal.net.http.SocketTube.readAvailable(SocketTube.java:1178)
	at java.net.http/jdk.internal.net.http.SocketTube$InternalReadPublisher$InternalReadSubscription.read(SocketTube.java:841)
	at java.net.http/jdk.internal.net.http.SocketTube$SocketFlowTask.run(SocketTube.java:181)
	at java.net.http/jdk.internal.net.http.common.SequentialScheduler$SchedulableTask.run(SequentialScheduler.java:207)
	at java.net.http/jdk.internal.net.http.common.SequentialScheduler.runOrSchedule(SequentialScheduler.java:280)
	at java.net.http/jdk.internal.net.http.common.SequentialScheduler.runOrSchedule(SequentialScheduler.java:233)
	at java.net.http/jdk.internal.net.http.SocketTube$InternalReadPublisher$InternalReadSubscription.signalReadable(SocketTube.java:782)
	at java.net.http/jdk.internal.net.http.SocketTube$InternalReadPublisher$ReadEvent.signalEvent(SocketTube.java:965)
	at java.net.http/jdk.internal.net.http.SocketTube$SocketFlowEvent.handle(SocketTube.java:253)
	at java.net.http/jdk.internal.net.http.HttpClientImpl$SelectorManager.handleEvent(HttpClientImpl.java:1469)
	at java.net.http/jdk.internal.net.http.HttpClientImpl$SelectorManager.lambda$run$3(HttpClientImpl.java:1414)
	at java.base/java.util.ArrayList.forEach(ArrayList.java:1596)
	at java.net.http/jdk.internal.net.http.HttpClientImpl$SelectorManager.run(HttpClientImpl.java:1414)

]]></system-err>
  </testcase>
  <testcase name="runScenario[&quot;Orders button&quot;, &quot;Checkout Page functionality&quot;](58)" classname="TestNGTestRunner" time="2.738">
    <failure message="Index 0 out of bounds for length 0" type="java.lang.IndexOutOfBoundsException"><![CDATA[java.lang.IndexOutOfBoundsException: Index 0 out of bounds for length 0
	at java.base/jdk.internal.util.Preconditions.outOfBounds(Preconditions.java:100)
	at java.base/jdk.internal.util.Preconditions.outOfBoundsCheckIndex(Preconditions.java:106)
	at java.base/jdk.internal.util.Preconditions.checkIndex(Preconditions.java:302)
	at java.base/java.util.Objects.checkIndex(Objects.java:385)
	at java.base/java.util.ArrayList.get(ArrayList.java:427)
	at java.base/jdk.internal.reflect.DirectMethodHandleAccessor.invoke(DirectMethodHandleAccessor.java:103)
	at java.base/java.lang.reflect.Method.invoke(Method.java:580)
	at org.openqa.selenium.support.pagefactory.internal.LocatingElementListHandler.invoke(LocatingElementListHandler.java:39)
	at jdk.proxy2/jdk.proxy2.$Proxy28.get(Unknown Source)
	at StepDefinitions.UITest.CheckoutPage.FunctionalityStepDefImpl.userLandedOnECommerecePageCheckoutPage(FunctionalityStepDefImpl.java:58)
	at ✽.User landed on ECommerece page checkout page(file:///C:/Users/santh/Desktop/Ecommerce%20Automation/Selenium/EcommercePractise/src/test/java/FeatureFiles/UITest/CheckoutPage/Functionality.feature:11)
]]></failure>
    <system-out><![CDATA[
@ErrorHandling
Scenario: Empty form                                                                                     # src/test/java/FeatureFiles/UITest/ForgotPasswordPage/ErrorHandling.feature:5
  Given User landed on ECommerece page checkout page # StepDefinitions.UITest.CheckoutPage.FunctionalityStepDefImpl.userLandedOnECommerecePageCheckoutPage()
      java.lang.IndexOutOfBoundsException: Index 0 out of bounds for length 0
	at java.base/jdk.internal.util.Preconditions.outOfBounds(Preconditions.java:100)
	at java.base/jdk.internal.util.Preconditions.outOfBoundsCheckIndex(Preconditions.java:106)
	at java.base/jdk.internal.util.Preconditions.checkIndex(Preconditions.java:302)
	at java.base/java.util.Objects.checkIndex(Objects.java:385)
	at java.base/java.util.ArrayList.get(ArrayList.java:427)
	at java.base/jdk.internal.reflect.DirectMethodHandleAccessor.invoke(DirectMethodHandleAccessor.java:103)
	at java.base/java.lang.reflect.Method.invoke(Method.java:580)
	at org.openqa.selenium.support.pagefactory.internal.LocatingElementListHandler.invoke(LocatingElementListHandler.java:39)
	at jdk.proxy2/jdk.proxy2.$Proxy28.get(Unknown Source)
	at StepDefinitions.UITest.CheckoutPage.FunctionalityStepDefImpl.userLandedOnECommerecePageCheckoutPage(FunctionalityStepDefImpl.java:58)
	at ✽.User landed on ECommerece page checkout page(file:///C:/Users/santh/Desktop/Ecommerce%20Automation/Selenium/EcommercePractise/src/test/java/FeatureFiles/UITest/CheckoutPage/Functionality.feature:11)

  When User clicks on orders button in chekout page  # StepDefinitions.UITest.CheckoutPage.FunctionalityStepDefImpl.userClicksOnOrdersButtonInChekoutPage()
  Then Orders page is displayed to user              # StepDefinitions.UITest.CheckoutPage.FunctionalityStepDefImpl.ordersPageIsDisplayedToUser()
  When User adds products to cart                # StepDefinitions.UITest.CartPage.FunctionalityStepDefImpl.userAddsProductsToCart()
      java.lang.AssertionError: expected [2] but found [1]
	at org.testng.Assert.fail(Assert.java:111)
	at org.testng.Assert.failNotEquals(Assert.java:1578)
	at org.testng.Assert.assertEqualsImpl(Assert.java:150)
	at org.testng.Assert.assertEquals(Assert.java:132)
	at org.testng.Assert.assertEquals(Assert.java:1419)
	at org.testng.Assert.assertEquals(Assert.java:1383)
	at org.testng.Assert.assertEquals(Assert.java:1429)
	at StepDefinitions.UITest.CartPage.FunctionalityStepDefImpl.userAddsProductsToCart(FunctionalityStepDefImpl.java:137)
	at ✽.User adds products to cart(file:///C:/Users/santh/Desktop/Ecommerce%20Automation/Selenium/EcommercePractise/src/test/java/FeatureFiles/UITest/CartPage/Functionality.feature:54)

  Then Validate product details and total price  # StepDefinitions.UITest.CartPage.FunctionalityStepDefImpl.validateProductDetailsAndTotalPrice()
  Given User landed on ECommerce page checkout page                                    # StepDefinitions.UITest.CheckoutPage.ErrorHandlingStepDefImpl.userLandedOnECommercePageCheckoutPage()
]]></system-out>
    <system-err><![CDATA[Jan 06, 2025 10:08:13 AM org.openqa.selenium.devtools.CdpVersionFinder findNearestMatch
WARNING: Unable to find an exact match for CDP version 130, returning the closest version; found: 127; Please update to a Selenium version that supports CDP version 130
Jan 06, 2025 10:08:15 AM org.openqa.selenium.devtools.CdpVersionFinder findNearestMatch
WARNING: Unable to find an exact match for CDP version 130, returning the closest version; found: 127; Please update to a Selenium version that supports CDP version 130
Jan 06, 2025 10:08:15 AM org.openqa.selenium.remote.http.WebSocket$Listener onError
WARNING: Connection reset
java.net.SocketException: Connection reset
	at java.base/sun.nio.ch.SocketChannelImpl.throwConnectionReset(SocketChannelImpl.java:401)
	at java.base/sun.nio.ch.SocketChannelImpl.read(SocketChannelImpl.java:434)
	at java.net.http/jdk.internal.net.http.SocketTube.readAvailable(SocketTube.java:1178)
	at java.net.http/jdk.internal.net.http.SocketTube$InternalReadPublisher$InternalReadSubscription.read(SocketTube.java:841)
	at java.net.http/jdk.internal.net.http.SocketTube$SocketFlowTask.run(SocketTube.java:181)
	at java.net.http/jdk.internal.net.http.common.SequentialScheduler$SchedulableTask.run(SequentialScheduler.java:207)
	at java.net.http/jdk.internal.net.http.common.SequentialScheduler.runOrSchedule(SequentialScheduler.java:280)
	at java.net.http/jdk.internal.net.http.common.SequentialScheduler.runOrSchedule(SequentialScheduler.java:233)
	at java.net.http/jdk.internal.net.http.SocketTube$InternalReadPublisher$InternalReadSubscription.signalReadable(SocketTube.java:782)
	at java.net.http/jdk.internal.net.http.SocketTube$InternalReadPublisher$ReadEvent.signalEvent(SocketTube.java:965)
	at java.net.http/jdk.internal.net.http.SocketTube$SocketFlowEvent.handle(SocketTube.java:253)
	at java.net.http/jdk.internal.net.http.HttpClientImpl$SelectorManager.handleEvent(HttpClientImpl.java:1469)
	at java.net.http/jdk.internal.net.http.HttpClientImpl$SelectorManager.lambda$run$3(HttpClientImpl.java:1414)
	at java.base/java.util.ArrayList.forEach(ArrayList.java:1596)
	at java.net.http/jdk.internal.net.http.HttpClientImpl$SelectorManager.run(HttpClientImpl.java:1414)

]]></system-err>
  </testcase>
  <testcase name="runScenario[&quot;Verify product details and total price&quot;, &quot;Cart Page functionality&quot;](59)" classname="TestNGTestRunner" time="0.092">
    <failure message="expected [2] but found [1]" type="java.lang.AssertionError"><![CDATA[java.lang.AssertionError: expected [2] but found [1]
	at org.testng.Assert.fail(Assert.java:111)
	at org.testng.Assert.failNotEquals(Assert.java:1578)
	at org.testng.Assert.assertEqualsImpl(Assert.java:150)
	at org.testng.Assert.assertEquals(Assert.java:132)
	at org.testng.Assert.assertEquals(Assert.java:1419)
	at org.testng.Assert.assertEquals(Assert.java:1383)
	at org.testng.Assert.assertEquals(Assert.java:1429)
	at StepDefinitions.UITest.CartPage.FunctionalityStepDefImpl.userAddsProductsToCart(FunctionalityStepDefImpl.java:137)
	at ✽.User adds products to cart(file:///C:/Users/santh/Desktop/Ecommerce%20Automation/Selenium/EcommercePractise/src/test/java/FeatureFiles/UITest/CartPage/Functionality.feature:54)
]]></failure>
    <system-out><![CDATA[
@ErrorHandling
Scenario Outline: Invalid email                                     # src/test/java/FeatureFiles/UITest/ForgotPasswordPage/ErrorHandling.feature:17
]]></system-out>
    <system-err><![CDATA[Jan 06, 2025 10:08:15 AM org.openqa.selenium.remote.http.WebSocket$Listener onError
WARNING: Connection reset
java.net.SocketException: Connection reset
	at java.base/sun.nio.ch.SocketChannelImpl.throwConnectionReset(SocketChannelImpl.java:401)
	at java.base/sun.nio.ch.SocketChannelImpl.read(SocketChannelImpl.java:434)
	at java.net.http/jdk.internal.net.http.SocketTube.readAvailable(SocketTube.java:1178)
	at java.net.http/jdk.internal.net.http.SocketTube$InternalReadPublisher$InternalReadSubscription.read(SocketTube.java:841)
	at java.net.http/jdk.internal.net.http.SocketTube$SocketFlowTask.run(SocketTube.java:181)
	at java.net.http/jdk.internal.net.http.common.SequentialScheduler$SchedulableTask.run(SequentialScheduler.java:207)
	at java.net.http/jdk.internal.net.http.common.SequentialScheduler.runOrSchedule(SequentialScheduler.java:280)
	at java.net.http/jdk.internal.net.http.common.SequentialScheduler.runOrSchedule(SequentialScheduler.java:233)
	at java.net.http/jdk.internal.net.http.SocketTube$InternalReadPublisher$InternalReadSubscription.signalReadable(SocketTube.java:782)
	at java.net.http/jdk.internal.net.http.SocketTube$InternalReadPublisher$ReadEvent.signalEvent(SocketTube.java:965)
	at java.net.http/jdk.internal.net.http.SocketTube$SocketFlowEvent.handle(SocketTube.java:253)
	at java.net.http/jdk.internal.net.http.HttpClientImpl$SelectorManager.handleEvent(HttpClientImpl.java:1469)
	at java.net.http/jdk.internal.net.http.HttpClientImpl$SelectorManager.lambda$run$3(HttpClientImpl.java:1414)
	at java.base/java.util.ArrayList.forEach(ArrayList.java:1596)
	at java.net.http/jdk.internal.net.http.HttpClientImpl$SelectorManager.run(HttpClientImpl.java:1414)

]]></system-err>
  </testcase>
  <testcase name="runScenario[&quot;Signout button&quot;, &quot;Checkout Page functionality&quot;](60)" classname="TestNGTestRunner" time="4.345">
    <system-out><![CDATA[
@ErrorHandling
Scenario Outline: Password mismatch                                                                    # src/test/java/FeatureFiles/UITest/ForgotPasswordPage/ErrorHandling.feature:27
  Given User landed on ECommerece page checkout page                          # StepDefinitions.UITest.CheckoutPage.FunctionalityStepDefImpl.userLandedOnECommerecePageCheckoutPage()
  When User clicks on signout button in chekout page                          # StepDefinitions.UITest.CheckoutPage.FunctionalityStepDefImpl.userClicksOnSignoutButtonInChekoutPage()
  Then "Logout Successfully" is displayed and login page is displayed to user # StepDefinitions.UITest.CheckoutPage.FunctionalityStepDefImpl.isDisplayedAndLoginPageIsDisplayedToUser(java.lang.String)
  When User clicks on submit button and api is failed                                  # StepDefinitions.UITest.CheckoutPage.ErrorHandlingStepDefImpl.userClicksOnSubmitButtonAndApiIsFailed()
  Given User landed on ECommerece page and forgot password page                                          # StepDefinitions.UITest.ForgotPasswordPage.ErrorHandlingStepDefImpl.user_landed_on_e_commerece_page_and_forgot_password_page()
  Then "Unknown error occured" unknwon message is displayed and order is not submitted # StepDefinitions.UITest.CheckoutPage.ErrorHandlingStepDefImpl.unknwonMessageIsDisplayedAndOrderIsNotSubmitted(java.lang.String)
  When User submits empty form                                                                           # StepDefinitions.UITest.ForgotPasswordPage.ErrorHandlingStepDefImpl.user_submits_empty_form()
  Then "*Email is required" "*Password is required" "*Confirm Password is required" Errors are displayed # StepDefinitions.UITest.ForgotPasswordPage.ErrorHandlingStepDefImpl.errors_are_displayed(java.lang.String,java.lang.String,java.lang.String)
  Given User landed on ECommerece page and forgot password page                                        # StepDefinitions.UITest.ForgotPasswordPage.ErrorHandlingStepDefImpl.user_landed_on_e_commerece_page_and_forgot_password_page()
  Given User landed on ECommerece page and forgot password page     # StepDefinitions.UITest.ForgotPasswordPage.ErrorHandlingStepDefImpl.user_landed_on_e_commerece_page_and_forgot_password_page()
  When User provied s1234@gmail.com and different passwords 123456 12345de6 and submits the form       # StepDefinitions.UITest.ForgotPasswordPage.ErrorHandlingStepDefImpl.user_provied_different_password_and_submits_the_form(java.lang.String,java.lang.String,java.lang.String)
]]></system-out>
    <system-err><![CDATA[Jan 06, 2025 10:08:17 AM org.openqa.selenium.devtools.CdpVersionFinder findNearestMatch
WARNING: Unable to find an exact match for CDP version 130, returning the closest version; found: 127; Please update to a Selenium version that supports CDP version 130
Jan 06, 2025 10:08:17 AM org.openqa.selenium.devtools.CdpVersionFinder findNearestMatch
WARNING: Unable to find an exact match for CDP version 130, returning the closest version; found: 127; Please update to a Selenium version that supports CDP version 130
Jan 06, 2025 10:08:20 AM org.openqa.selenium.remote.http.WebSocket$Listener onError
WARNING: Connection reset
java.net.SocketException: Connection reset
	at java.base/sun.nio.ch.SocketChannelImpl.throwConnectionReset(SocketChannelImpl.java:401)
	at java.base/sun.nio.ch.SocketChannelImpl.read(SocketChannelImpl.java:434)
	at java.net.http/jdk.internal.net.http.SocketTube.readAvailable(SocketTube.java:1178)
	at java.net.http/jdk.internal.net.http.SocketTube$InternalReadPublisher$InternalReadSubscription.read(SocketTube.java:841)
	at java.net.http/jdk.internal.net.http.SocketTube$SocketFlowTask.run(SocketTube.java:181)
	at java.net.http/jdk.internal.net.http.common.SequentialScheduler$SchedulableTask.run(SequentialScheduler.java:207)
	at java.net.http/jdk.internal.net.http.common.SequentialScheduler.runOrSchedule(SequentialScheduler.java:280)
	at java.net.http/jdk.internal.net.http.common.SequentialScheduler.runOrSchedule(SequentialScheduler.java:233)
	at java.net.http/jdk.internal.net.http.SocketTube$InternalReadPublisher$InternalReadSubscription.signalReadable(SocketTube.java:782)
	at java.net.http/jdk.internal.net.http.SocketTube$InternalReadPublisher$ReadEvent.signalEvent(SocketTube.java:965)
	at java.net.http/jdk.internal.net.http.SocketTube$SocketFlowEvent.handle(SocketTube.java:253)
	at java.net.http/jdk.internal.net.http.HttpClientImpl$SelectorManager.handleEvent(HttpClientImpl.java:1469)
	at java.net.http/jdk.internal.net.http.HttpClientImpl$SelectorManager.lambda$run$3(HttpClientImpl.java:1414)
	at java.base/java.util.ArrayList.forEach(ArrayList.java:1596)
	at java.net.http/jdk.internal.net.http.HttpClientImpl$SelectorManager.run(HttpClientImpl.java:1414)

]]></system-err>
  </testcase>
  <testcase name="runScenario[&quot;API is failed&quot;, &quot;Checkout Page functionality&quot;](61)" classname="TestNGTestRunner" time="0.221">
    <system-out><![CDATA[
@ErrorHandling
Scenario Outline: User Not found                                                                  # src/test/java/FeatureFiles/UITest/ForgotPasswordPage/ErrorHandling.feature:36
  When User provied invalid s123 123456 123456 and submits the form # StepDefinitions.UITest.ForgotPasswordPage.ErrorHandlingStepDefImpl.user_provied_invalid_details_and_submits_the_form(java.lang.String,java.lang.String,java.lang.String)
  Then "Password and Confirm Password must match with each other." password error message is displayed # StepDefinitions.UITest.ForgotPasswordPage.ErrorHandlingStepDefImpl.password_error_message_is_displayed(java.lang.String)
  Then "*Enter Valid Email" email error message is displayed        # StepDefinitions.UITest.ForgotPasswordPage.ErrorHandlingStepDefImpl.email_error_message_is_displayed(java.lang.String)
]]></system-out>
    <system-err><![CDATA[Jan 06, 2025 10:08:20 AM org.openqa.selenium.remote.http.WebSocket$Listener onError
WARNING: Connection reset
java.net.SocketException: Connection reset
	at java.base/sun.nio.ch.SocketChannelImpl.throwConnectionReset(SocketChannelImpl.java:401)
	at java.base/sun.nio.ch.SocketChannelImpl.read(SocketChannelImpl.java:434)
	at java.net.http/jdk.internal.net.http.SocketTube.readAvailable(SocketTube.java:1178)
	at java.net.http/jdk.internal.net.http.SocketTube$InternalReadPublisher$InternalReadSubscription.read(SocketTube.java:841)
	at java.net.http/jdk.internal.net.http.SocketTube$SocketFlowTask.run(SocketTube.java:181)
	at java.net.http/jdk.internal.net.http.common.SequentialScheduler$SchedulableTask.run(SequentialScheduler.java:207)
	at java.net.http/jdk.internal.net.http.common.SequentialScheduler.runOrSchedule(SequentialScheduler.java:280)
	at java.net.http/jdk.internal.net.http.common.SequentialScheduler.runOrSchedule(SequentialScheduler.java:233)
	at java.net.http/jdk.internal.net.http.SocketTube$InternalReadPublisher$InternalReadSubscription.signalReadable(SocketTube.java:782)
	at java.net.http/jdk.internal.net.http.SocketTube$InternalReadPublisher$ReadEvent.signalEvent(SocketTube.java:965)
	at java.net.http/jdk.internal.net.http.SocketTube$SocketFlowEvent.handle(SocketTube.java:253)
	at java.net.http/jdk.internal.net.http.HttpClientImpl$SelectorManager.handleEvent(HttpClientImpl.java:1469)
	at java.net.http/jdk.internal.net.http.HttpClientImpl$SelectorManager.lambda$run$3(HttpClientImpl.java:1414)
	at java.base/java.util.ArrayList.forEach(ArrayList.java:1596)
	at java.net.http/jdk.internal.net.http.HttpClientImpl$SelectorManager.run(HttpClientImpl.java:1414)

]]></system-err>
  </testcase>
  <testcase name="runScenario[&quot;Empty form&quot;, &quot;Forgot Password Page error handling&quot;](62)" classname="TestNGTestRunner" time="0.729">
    <system-out><![CDATA[
@ErrorHandling
Scenario Outline: API intercept failed                                                      # src/test/java/FeatureFiles/UITest/ForgotPasswordPage/ErrorHandling.feature:45
]]></system-out>
    <system-err><![CDATA[Jan 06, 2025 10:08:21 AM org.openqa.selenium.remote.http.WebSocket$Listener onError
WARNING: Connection reset
java.net.SocketException: Connection reset
	at java.base/sun.nio.ch.SocketChannelImpl.throwConnectionReset(SocketChannelImpl.java:401)
	at java.base/sun.nio.ch.SocketChannelImpl.read(SocketChannelImpl.java:434)
	at java.net.http/jdk.internal.net.http.SocketTube.readAvailable(SocketTube.java:1178)
	at java.net.http/jdk.internal.net.http.SocketTube$InternalReadPublisher$InternalReadSubscription.read(SocketTube.java:841)
	at java.net.http/jdk.internal.net.http.SocketTube$SocketFlowTask.run(SocketTube.java:181)
	at java.net.http/jdk.internal.net.http.common.SequentialScheduler$SchedulableTask.run(SequentialScheduler.java:207)
	at java.net.http/jdk.internal.net.http.common.SequentialScheduler.runOrSchedule(SequentialScheduler.java:280)
	at java.net.http/jdk.internal.net.http.common.SequentialScheduler.runOrSchedule(SequentialScheduler.java:233)
	at java.net.http/jdk.internal.net.http.SocketTube$InternalReadPublisher$InternalReadSubscription.signalReadable(SocketTube.java:782)
	at java.net.http/jdk.internal.net.http.SocketTube$InternalReadPublisher$ReadEvent.signalEvent(SocketTube.java:965)
	at java.net.http/jdk.internal.net.http.SocketTube$SocketFlowEvent.handle(SocketTube.java:253)
	at java.net.http/jdk.internal.net.http.HttpClientImpl$SelectorManager.handleEvent(HttpClientImpl.java:1469)
	at java.net.http/jdk.internal.net.http.HttpClientImpl$SelectorManager.lambda$run$3(HttpClientImpl.java:1414)
	at java.base/java.util.ArrayList.forEach(ArrayList.java:1596)
	at java.net.http/jdk.internal.net.http.HttpClientImpl$SelectorManager.run(HttpClientImpl.java:1414)

]]></system-err>
  </testcase>
  <testcase name="runScenario[&quot;Password mismatch&quot;, &quot;Forgot Password Page error handling&quot;](63)" classname="TestNGTestRunner" time="1.217">
    <system-out><![CDATA[
@ErrorHandling
Scenario Outline: API Payload changedInvalid email                             # src/test/java/FeatureFiles/UITest/ForgotPasswordPage/ErrorHandling.feature:53
  Given User landed on ECommerece page checkout page                  # StepDefinitions.UITest.CheckoutPage.FunctionalityStepDefImpl.userLandedOnECommerecePageCheckoutPage()
  When User clicks on cart button in chekout page                     # StepDefinitions.UITest.CheckoutPage.FunctionalityStepDefImpl.userClicksOnCartButtonInChekoutPage()
  Then "My Cart" message is displayed and cart page is displayed user # StepDefinitions.UITest.CheckoutPage.FunctionalityStepDefImpl.messageIsDisplayedAndCartPageIsDisplayedUser(java.lang.String)
  Given User landed on ECommerece page checkout page                            # StepDefinitions.UITest.CheckoutPage.FunctionalityStepDefImpl.userLandedOnECommerecePageCheckoutPage()
  When User clicks on logo in chekout page                                      # StepDefinitions.UITest.CheckoutPage.FunctionalityStepDefImpl.userClicksOnLogoInChekoutPage()
  Then "AUTOMATION" message is displayed and Products page is displayed to user # StepDefinitions.UITest.CheckoutPage.FunctionalityStepDefImpl.messageIsDisplayedAndProductsPageIsDisplayedToUser(java.lang.String)
]]></system-out>
    <system-err><![CDATA[Jan 06, 2025 10:08:21 AM org.openqa.selenium.devtools.CdpVersionFinder findNearestMatch
WARNING: Unable to find an exact match for CDP version 130, returning the closest version; found: 127; Please update to a Selenium version that supports CDP version 130
Jan 06, 2025 10:08:22 AM org.openqa.selenium.remote.http.WebSocket$Listener onError
WARNING: Connection reset
java.net.SocketException: Connection reset
	at java.base/sun.nio.ch.SocketChannelImpl.throwConnectionReset(SocketChannelImpl.java:401)
	at java.base/sun.nio.ch.SocketChannelImpl.read(SocketChannelImpl.java:434)
	at java.net.http/jdk.internal.net.http.SocketTube.readAvailable(SocketTube.java:1178)
	at java.net.http/jdk.internal.net.http.SocketTube$InternalReadPublisher$InternalReadSubscription.read(SocketTube.java:841)
	at java.net.http/jdk.internal.net.http.SocketTube$SocketFlowTask.run(SocketTube.java:181)
	at java.net.http/jdk.internal.net.http.common.SequentialScheduler$SchedulableTask.run(SequentialScheduler.java:207)
	at java.net.http/jdk.internal.net.http.common.SequentialScheduler.runOrSchedule(SequentialScheduler.java:280)
	at java.net.http/jdk.internal.net.http.common.SequentialScheduler.runOrSchedule(SequentialScheduler.java:233)
	at java.net.http/jdk.internal.net.http.SocketTube$InternalReadPublisher$InternalReadSubscription.signalReadable(SocketTube.java:782)
	at java.net.http/jdk.internal.net.http.SocketTube$InternalReadPublisher$ReadEvent.signalEvent(SocketTube.java:965)
	at java.net.http/jdk.internal.net.http.SocketTube$SocketFlowEvent.handle(SocketTube.java:253)
	at java.net.http/jdk.internal.net.http.HttpClientImpl$SelectorManager.handleEvent(HttpClientImpl.java:1469)
	at java.net.http/jdk.internal.net.http.HttpClientImpl$SelectorManager.lambda$run$3(HttpClientImpl.java:1414)
	at java.base/java.util.ArrayList.forEach(ArrayList.java:1596)
	at java.net.http/jdk.internal.net.http.HttpClientImpl$SelectorManager.run(HttpClientImpl.java:1414)

Jan 06, 2025 10:08:22 AM org.openqa.selenium.remote.http.WebSocket$Listener onError
WARNING: Connection reset
java.net.SocketException: Connection reset
	at java.base/sun.nio.ch.SocketChannelImpl.throwConnectionReset(SocketChannelImpl.java:401)
	at java.base/sun.nio.ch.SocketChannelImpl.read(SocketChannelImpl.java:434)
	at java.net.http/jdk.internal.net.http.SocketTube.readAvailable(SocketTube.java:1178)
	at java.net.http/jdk.internal.net.http.SocketTube$InternalReadPublisher$InternalReadSubscription.read(SocketTube.java:841)
	at java.net.http/jdk.internal.net.http.SocketTube$SocketFlowTask.run(SocketTube.java:181)
	at java.net.http/jdk.internal.net.http.common.SequentialScheduler$SchedulableTask.run(SequentialScheduler.java:207)
	at java.net.http/jdk.internal.net.http.common.SequentialScheduler.runOrSchedule(SequentialScheduler.java:280)
	at java.net.http/jdk.internal.net.http.common.SequentialScheduler.runOrSchedule(SequentialScheduler.java:233)
	at java.net.http/jdk.internal.net.http.SocketTube$InternalReadPublisher$InternalReadSubscription.signalReadable(SocketTube.java:782)
	at java.net.http/jdk.internal.net.http.SocketTube$InternalReadPublisher$ReadEvent.signalEvent(SocketTube.java:965)
	at java.net.http/jdk.internal.net.http.SocketTube$SocketFlowEvent.handle(SocketTube.java:253)
	at java.net.http/jdk.internal.net.http.HttpClientImpl$SelectorManager.handleEvent(HttpClientImpl.java:1469)
	at java.net.http/jdk.internal.net.http.HttpClientImpl$SelectorManager.lambda$run$3(HttpClientImpl.java:1414)
	at java.base/java.util.ArrayList.forEach(ArrayList.java:1596)
	at java.net.http/jdk.internal.net.http.HttpClientImpl$SelectorManager.run(HttpClientImpl.java:1414)

Jan 06, 2025 10:08:22 AM org.openqa.selenium.devtools.CdpVersionFinder findNearestMatch
WARNING: Unable to find an exact match for CDP version 130, returning the closest version; found: 127; Please update to a Selenium version that supports CDP version 130
]]></system-err>
  </testcase>
  <testcase name="runScenario[&quot;Invalid email&quot;, &quot;Forgot Password Page error handling&quot;](64)" classname="TestNGTestRunner" time="0.01">
    <system-out><![CDATA[
@Functional
Scenario: Forgot Password Page functionality                # src/test/java/FeatureFiles/UITest/ForgotPasswordPage/Functionality.feature:5
]]></system-out>
  </testcase>
  <testcase name="runScenario[&quot;Cart button&quot;, &quot;Checkout Page functionality&quot;](65)" classname="TestNGTestRunner" time="1.573">
    <system-out><![CDATA[
@Functional
Scenario: Forgot Password Page functionality                  # src/test/java/FeatureFiles/UITest/ForgotPasswordPage/Functionality.feature:11
]]></system-out>
    <system-err><![CDATA[Jan 06, 2025 10:08:22 AM org.openqa.selenium.devtools.CdpVersionFinder findNearestMatch
WARNING: Unable to find an exact match for CDP version 130, returning the closest version; found: 127; Please update to a Selenium version that supports CDP version 130
Jan 06, 2025 10:08:23 AM org.openqa.selenium.devtools.CdpVersionFinder findNearestMatch
WARNING: Unable to find an exact match for CDP version 130, returning the closest version; found: 127; Please update to a Selenium version that supports CDP version 130
Jan 06, 2025 10:08:23 AM org.openqa.selenium.remote.http.WebSocket$Listener onError
WARNING: Connection reset
java.net.SocketException: Connection reset
	at java.base/sun.nio.ch.SocketChannelImpl.throwConnectionReset(SocketChannelImpl.java:401)
	at java.base/sun.nio.ch.SocketChannelImpl.read(SocketChannelImpl.java:434)
	at java.net.http/jdk.internal.net.http.SocketTube.readAvailable(SocketTube.java:1178)
	at java.net.http/jdk.internal.net.http.SocketTube$InternalReadPublisher$InternalReadSubscription.read(SocketTube.java:841)
	at java.net.http/jdk.internal.net.http.SocketTube$SocketFlowTask.run(SocketTube.java:181)
	at java.net.http/jdk.internal.net.http.common.SequentialScheduler$SchedulableTask.run(SequentialScheduler.java:207)
	at java.net.http/jdk.internal.net.http.common.SequentialScheduler.runOrSchedule(SequentialScheduler.java:280)
	at java.net.http/jdk.internal.net.http.common.SequentialScheduler.runOrSchedule(SequentialScheduler.java:233)
	at java.net.http/jdk.internal.net.http.SocketTube$InternalReadPublisher$InternalReadSubscription.signalReadable(SocketTube.java:782)
	at java.net.http/jdk.internal.net.http.SocketTube$InternalReadPublisher$ReadEvent.signalEvent(SocketTube.java:965)
	at java.net.http/jdk.internal.net.http.SocketTube$SocketFlowEvent.handle(SocketTube.java:253)
	at java.net.http/jdk.internal.net.http.HttpClientImpl$SelectorManager.handleEvent(HttpClientImpl.java:1469)
	at java.net.http/jdk.internal.net.http.HttpClientImpl$SelectorManager.lambda$run$3(HttpClientImpl.java:1414)
	at java.base/java.util.ArrayList.forEach(ArrayList.java:1596)
	at java.net.http/jdk.internal.net.http.HttpClientImpl$SelectorManager.run(HttpClientImpl.java:1414)

]]></system-err>
  </testcase>
  <testcase name="runScenario[&quot;Logo&quot;, &quot;Checkout Page functionality&quot;](66)" classname="TestNGTestRunner" time="0.511">
    <system-out><![CDATA[
@Functional
Scenario Outline: Forgot Password Page functionality                                                                   # src/test/java/FeatureFiles/UITest/ForgotPasswordPage/Functionality.feature:24
  Given User landed on ECommerece page checkout page # StepDefinitions.UITest.CheckoutPage.FunctionalityStepDefImpl.userLandedOnECommerecePageCheckoutPage()
  Given User landed on ECommerece page and forgot password page                                   # StepDefinitions.UITest.ForgotPasswordPage.ErrorHandlingStepDefImpl.user_landed_on_e_commerece_page_and_forgot_password_page()
]]></system-out>
    <system-err><![CDATA[Jan 06, 2025 10:08:23 AM org.openqa.selenium.devtools.CdpVersionFinder findNearestMatch
WARNING: Unable to find an exact match for CDP version 130, returning the closest version; found: 127; Please update to a Selenium version that supports CDP version 130
Jan 06, 2025 10:08:24 AM org.openqa.selenium.remote.http.WebSocket$Listener onError
WARNING: Connection reset
java.net.SocketException: Connection reset
	at java.base/sun.nio.ch.SocketChannelImpl.throwConnectionReset(SocketChannelImpl.java:401)
	at java.base/sun.nio.ch.SocketChannelImpl.read(SocketChannelImpl.java:434)
	at java.net.http/jdk.internal.net.http.SocketTube.readAvailable(SocketTube.java:1178)
	at java.net.http/jdk.internal.net.http.SocketTube$InternalReadPublisher$InternalReadSubscription.read(SocketTube.java:841)
	at java.net.http/jdk.internal.net.http.SocketTube$SocketFlowTask.run(SocketTube.java:181)
	at java.net.http/jdk.internal.net.http.common.SequentialScheduler$SchedulableTask.run(SequentialScheduler.java:207)
	at java.net.http/jdk.internal.net.http.common.SequentialScheduler.runOrSchedule(SequentialScheduler.java:280)
	at java.net.http/jdk.internal.net.http.common.SequentialScheduler.runOrSchedule(SequentialScheduler.java:233)
	at java.net.http/jdk.internal.net.http.SocketTube$InternalReadPublisher$InternalReadSubscription.signalReadable(SocketTube.java:782)
	at java.net.http/jdk.internal.net.http.SocketTube$InternalReadPublisher$ReadEvent.signalEvent(SocketTube.java:965)
	at java.net.http/jdk.internal.net.http.SocketTube$SocketFlowEvent.handle(SocketTube.java:253)
	at java.net.http/jdk.internal.net.http.HttpClientImpl$SelectorManager.handleEvent(HttpClientImpl.java:1469)
	at java.net.http/jdk.internal.net.http.HttpClientImpl$SelectorManager.lambda$run$3(HttpClientImpl.java:1414)
	at java.base/java.util.ArrayList.forEach(ArrayList.java:1596)
	at java.net.http/jdk.internal.net.http.HttpClientImpl$SelectorManager.run(HttpClientImpl.java:1414)

]]></system-err>
  </testcase>
  <testcase name="runScenario[&quot;User Not found&quot;, &quot;Forgot Password Page error handling&quot;](67)" classname="TestNGTestRunner" time="2.98">
    <system-out><![CDATA[
@ErrorHandling
Scenario Outline: Login page functionality                                                 # src/test/java/FeatureFiles/UITest/LoginPage/ErrorHandling.feature:12
  Given User landed on ECommerece page checkout page # StepDefinitions.UITest.CheckoutPage.FunctionalityStepDefImpl.userLandedOnECommerecePageCheckoutPage()
  Given User landed on ECommerece page and forgot password page                             # StepDefinitions.UITest.ForgotPasswordPage.ErrorHandlingStepDefImpl.user_landed_on_e_commerece_page_and_forgot_password_page()
  When User provied not registered email s123vreveg4@gmail.com 123456 123456 and submits the form # StepDefinitions.UITest.ForgotPasswordPage.ErrorHandlingStepDefImpl.user_provied_not_recognised_mail_and_submits_the_form(java.lang.String,java.lang.String,java.lang.String)
{"userEmail":"s123vreveg4@gmail.com","userPassword":"123456","confirmPassword":"123456"}
  Given User landed on ECommerece page and forgot password page                # StepDefinitions.UITest.ForgotPasswordPage.ErrorHandlingStepDefImpl.user_landed_on_e_commerece_page_and_forgot_password_page()
  Then "User Not found." user error message is displayed                                          # StepDefinitions.UITest.ForgotPasswordPage.ErrorHandlingStepDefImpl.user_error_message_is_displayed(java.lang.String)
dd
  When API is down and User provied s1234@gmail.com and 123456 123456  and submits the form # StepDefinitions.UITest.ForgotPasswordPage.ErrorHandlingStepDefImpl.api_is_down_and_user_provied_and_submits_the_form(java.lang.String,java.lang.String,java.lang.String)
  Then "Unknown error occured" api error message is displayed                               # StepDefinitions.UITest.ForgotPasswordPage.ErrorHandlingStepDefImpl.api_error_message_is_displayed(java.lang.String)
interception-job-1.0
{"userEmail":"123456","userPassword":"123456","confirmPassword":"123456"}
  When User provied correct s1234@gmail.com 123456 123456 and submits the form # StepDefinitions.UITest.ForgotPasswordPage.ErrorHandlingStepDefImpl.user_provied_correct_details_and_submits_the_form(java.lang.String,java.lang.String,java.lang.String)
  Given User landed on ECommerece page forgot password page   # StepDefinitions.UITest.ForgotPasswordPage.FunctionalityStepDefImpl.user_landed_on_e_commerece_page_forgot_password_page()
  When User clicks on login link                              # StepDefinitions.UITest.ForgotPasswordPage.FunctionalityStepDefImpl.user_clicks_on_login_link()
  Then "We Make Your Shopping Simple" login page is displayed # StepDefinitions.UITest.ForgotPasswordPage.FunctionalityStepDefImpl.login_page_is_displayed(java.lang.String)
  Given User landed on ECommerece page forgot password page # StepDefinitions.UITest.ForgotPasswordPage.FunctionalityStepDefImpl.user_landed_on_e_commerece_page_forgot_password_page()
  When User clicks on register link                         # StepDefinitions.UITest.ForgotPasswordPage.FunctionalityStepDefImpl.user_clicks_on_register_link()
  Then "Register" register page is displayed                # StepDefinitions.UITest.ForgotPasswordPage.FunctionalityStepDefImpl.register_page_is_displayed(java.lang.String)
]]></system-out>
    <system-err><![CDATA[Jan 06, 2025 10:08:24 AM org.openqa.selenium.devtools.Connection$Listener lambda$onText$0
WARNING: Unable to process: {"method":"Network.requestWillBeSent","params":{"requestId":"50068.20","loaderId":"EDB9202D43051BE9B5D254491C0C0A5F","documentURL":"https://rahulshettyacademy.com/client/auth/password-new","request":{"url":"https://rahulshettyacademy.com/api/ecom/auth/new-password","method":"POST","headers":{"sec-ch-ua-platform":"\"Windows\"","Referer":"https://rahulshettyacademy.com/client/auth/password-new","User-Agent":"Mozilla/5.0 (Windows NT 10.0; Win64; x64) AppleWebKit/537.36 (KHTML, like Gecko) HeadlessChrome/130.0.0.0 Safari/537.36","Accept":"application/json, text/plain, */*","sec-ch-ua":"\"Chromium\";v=\"130\", \"Google Chrome\";v=\"130\", \"Not?A_Brand\";v=\"99\"","Content-Type":"application/json","sec-ch-ua-mobile":"?0"},"postData":"{\"userEmail\":\"s123vreveg4@gmail.com\",\"userPassword\":\"123456\",\"confirmPassword\":\"123456\"}","hasPostData":true,"postDataEntries":[{"bytes":"eyJ1c2VyRW1haWwiOiJzMTIzdnJldmVnNEBnbWFpbC5jb20iLCJ1c2VyUGFzc3dvcmQiOiIxMjM0NTYiLCJjb25maXJtUGFzc3dvcmQiOiIxMjM0NTYifQ=="}],"mixedContentType":"none","initialPriority":"High","referrerPolicy":"strict-origin-when-cross-origin","isSameSite":true},"timestamp":242467.685813,"wallTime":1736138304.929252,"initiator":{"type":"script","stack":{"callFrames":[{"functionName":"q","scriptId":"8","url":"https://rahulshettyacademy.com/client/polyfills.bd0c6ffd915d0ed70d31.js","lineNumber":0,"columnNumber":32300},{"functionName":"scheduleTask","scriptId":"8","url":"https://rahulshettyacademy.com/client/polyfills.bd0c6ffd915d0ed70d31.js","lineNumber":0,"columnNumber":6899},{"functionName":"onScheduleTask","scriptId":"8","url":"https://rahulshettyacademy.com/client/polyfills.bd0c6ffd915d0ed70d31.js","lineNumber":0,"columnNumber":4124},{"functionName":"scheduleTask","scriptId":"8","url":"https://rahulshettyacademy.com/client/polyfills.bd0c6ffd915d0ed70d31.js","lineNumber":0,"columnNumber":6797},{"functionName":"scheduleTask","scriptId":"8","url":"https://rahulshettyacademy.com/client/polyfills.bd0c6ffd915d0ed70d31.js","lineNumber":0,"columnNumber":3086},{"functionName":"scheduleMacroTask","scriptId":"8","url":"https://rahulshettyacademy.com/client/polyfills.bd0c6ffd915d0ed70d31.js","lineNumber":0,"columnNumber":3395},{"functionName":"Me","scriptId":"8","url":"https://rahulshettyacademy.com/client/polyfills.bd0c6ffd915d0ed70d31.js","lineNumber":0,"columnNumber":10539},{"functionName":"","scriptId":"8","url":"https://rahulshettyacademy.com/client/polyfills.bd0c6ffd915d0ed70d31.js","lineNumber":0,"columnNumber":32691},{"functionName":"o.<computed>","scriptId":"8","url":"https://rahulshettyacademy.com/client/polyfills.bd0c6ffd915d0ed70d31.js","lineNumber":0,"columnNumber":13452},{"functionName":"","scriptId":"10","url":"https://rahulshettyacademy.com/client/main.9c44d72685822eee0a0f.js","lineNumber":0,"columnNumber":40276},{"functionName":"_trySubscribe","scriptId":"10","url":"https://rahulshettyacademy.com/client/main.9c44d72685822eee0a0f.js","lineNumber":0,"columnNumber":247222},{"functionName":"subscribe","scriptId":"10","url":"https://rahulshettyacademy.com/client/main.9c44d72685822eee0a0f.js","lineNumber":0,"columnNumber":247023},{"functionName":"call","scriptId":"10","url":"https://rahulshettyacademy.com/client/main.9c44d72685822eee0a0f.js","lineNumber":0,"columnNumber":347614},{"functionName":"subscribe","scriptId":"10","url":"https://rahulshettyacademy.com/client/main.9c44d72685822eee0a0f.js","lineNumber":0,"columnNumber":246898},{"functionName":"call","scriptId":"10","url":"https://rahulshettyacademy.com/client/main.9c44d72685822eee0a0f.js","lineNumber":0,"columnNumber":260024},{"functionName":"subscribe","scriptId":"10","url":"https://rahulshettyacademy.com/client/main.9c44d72685822eee0a0f.js","lineNumber":0,"columnNumber":246898},{"functionName":"call","scriptId":"10","url":"https://rahulshettyacademy.com/client/main.9c44d72685822eee0a0f.js","lineNumber":0,"columnNumber":261641},{"functionName":"subscribe","scriptId":"10","url":"https://rahulshettyacademy.com/client/main.9c44d72685822eee0a0f.js","lineNumber":0,"columnNumber":246898},{"functionName":"X","scriptId":"10","url":"https://rahulshettyacademy.com/client/main.9c44d72685822eee0a0f.js","lineNumber":0,"columnNumber":256272},{"functionName":"_innerSub","scriptId":"10","url":"https://rahulshettyacademy.com/client/main.9c44d72685822eee0a0f.js","lineNumber":0,"columnNumber":263677},{"functionName":"_tryNext","scriptId":"10","url":"https://rahulshettyacademy.com/client/main.9c44d72685822eee0a0f.js","lineNumber":0,"columnNumber":263582},{"functionName":"_next","scriptId":"10","url":"https://rahulshettyacademy.com/client/main.9c44d72685822eee0a0f.js","lineNumber":0,"columnNumber":263421},{"functionName":"next","scriptId":"10","url":"https://rahulshettyacademy.com/client/main.9c44d72685822eee0a0f.js","lineNumber":0,"columnNumber":251086},{"functionName":"","scriptId":"10","url":"https://rahulshettyacademy.com/client/main.9c44d72685822eee0a0f.js","lineNumber":0,"columnNumber":270945},{"functionName":"_trySubscribe","scriptId":"10","url":"https://rahulshettyacademy.com/client/main.9c44d72685822eee0a0f.js","lineNumber":0,"columnNumber":247222},{"functionName":"subscribe","scriptId":"10","url":"https://rahulshettyacademy.com/client/main.9c44d72685822eee0a0f.js","lineNumber":0,"columnNumber":247023},{"functionName":"call","scriptId":"10","url":"https://rahulshettyacademy.com/client/main.9c44d72685822eee0a0f.js","lineNumber":0,"columnNumber":263156},{"functionName":"subscribe","scriptId":"10","url":"https://rahulshettyacademy.com/client/main.9c44d72685822eee0a0f.js","lineNumber":0,"columnNumber":246898},{"functionName":"call","scriptId":"10","url":"https://rahulshettyacademy.com/client/main.9c44d72685822eee0a0f.js","lineNumber":0,"columnNumber":261156},{"functionName":"subscribe","scriptId":"10","url":"https://rahulshettyacademy.com/client/main.9c44d72685822eee0a0f.js","lineNumber":0,"columnNumber":246898},{"functionName":"call","scriptId":"10","url":"https://rahulshettyacademy.com/client/main.9c44d72685822eee0a0f.js","lineNumber":0,"columnNumber":262331},{"functionName":"subscribe","scriptId":"10","url":"https://rahulshettyacademy.com/client/main.9c44d72685822eee0a0f.js","lineNumber":0,"columnNumber":246898},{"functionName":"call","scriptId":"10","url":"https://rahulshettyacademy.com/client/main.9c44d72685822eee0a0f.js","lineNumber":0,"columnNumber":262331},{"functionName":"subscribe","scriptId":"10","url":"https://rahulshettyacademy.com/client/main.9c44d72685822eee0a0f.js","lineNumber":0,"columnNumber":246898},{"functionName":"call","scriptId":"10","url":"https://rahulshettyacademy.com/client/main.9c44d72685822eee0a0f.js","lineNumber":0,"columnNumber":265941},{"functionName":"subscribe","scriptId":"10","url":"https://rahulshettyacademy.com/client/main.9c44d72685822eee0a0f.js","lineNumber":0,"columnNumber":246898},{"functionName":"call","scriptId":"10","url":"https://rahulshettyacademy.com/client/main.9c44d72685822eee0a0f.js","lineNumber":0,"columnNumber":267376},{"functionName":"subscribe","scriptId":"10","url":"https://rahulshettyacademy.com/client/main.9c44d72685822eee0a0f.js","lineNumber":0,"columnNumber":246898},{"functionName":"forgotPassword","scriptId":"14","url":"https://rahulshettyacademy.com/client/674.c8a6d45922fab3876c70.js","lineNumber":0,"columnNumber":56288},{"functionName":"","scriptId":"14","url":"https://rahulshettyacademy.com/client/674.c8a6d45922fab3876c70.js","lineNumber":0,"columnNumber":57832},{"functionName":"Bp","scriptId":"10","url":"https://rahulshettyacademy.com/client/main.9c44d72685822eee0a0f.js","lineNumber":0,"columnNumber":101233},{"functionName":"i","scriptId":"10","url":"https://rahulshettyacademy.com/client/main.9c44d72685822eee0a0f.js","lineNumber":0,"columnNumber":101395},{"functionName":"__tryOrUnsub","scriptId":"10","url":"https://rahulshettyacademy.com/client/main.9c44d72685822eee0a0f.js","lineNumber":0,"columnNumber":252917},{"functionName":"next","scriptId":"10","url":"https://rahulshettyacademy.com/client/main.9c44d72685822eee0a0f.js","lineNumber":0,"columnNumber":252142},{"functionName":"_next","scriptId":"10","url":"https://rahulshettyacademy.com/client/main.9c44d72685822eee0a0f.js","lineNumber":0,"columnNumber":251312},{"functionName":"next","scriptId":"10","url":"https://rahulshettyacademy.com/client/main.9c44d72685822eee0a0f.js","lineNumber":0,"columnNumber":251086},{"functionName":"next","scriptId":"10","url":"https://rahulshettyacademy.com/client/main.9c44d72685822eee0a0f.js","lineNumber":0,"columnNumber":249168},{"functionName":"emit","scriptId":"10","url":"https://rahulshettyacademy.com/client/main.9c44d72685822eee0a0f.js","lineNumber":0,"columnNumber":136306},{"functionName":"onSubmit","scriptId":"12","url":"https://rahulshettyacademy.com/client/480.f1614ecd961bd8e3dfd9.js","lineNumber":0,"columnNumber":33303},{"functionName":"","scriptId":"12","url":"https://rahulshettyacademy.com/client/480.f1614ecd961bd8e3dfd9.js","lineNumber":0,"columnNumber":34287},{"functionName":"Bp","scriptId":"10","url":"https://rahulshettyacademy.com/client/main.9c44d72685822eee0a0f.js","lineNumber":0,"columnNumber":101233},{"functionName":"i","scriptId":"10","url":"https://rahulshettyacademy.com/client/main.9c44d72685822eee0a0f.js","lineNumber":0,"columnNumber":101395},{"functionName":"","scriptId":"10","url":"https://rahulshettyacademy.com/client/main.9c44d72685822eee0a0f.js","lineNumber":0,"columnNumber":164144},{"functionName":"invokeTask","scriptId":"8","url":"https://rahulshettyacademy.com/client/polyfills.bd0c6ffd915d0ed70d31.js","lineNumber":0,"columnNumber":7136},{"functionName":"onInvokeTask","scriptId":"10","url":"https://rahulshettyacademy.com/client/main.9c44d72685822eee0a0f.js","lineNumber":0,"columnNumber":146363},{"functionName":"invokeTask","scriptId":"8","url":"https://rahulshettyacademy.com/client/polyfills.bd0c6ffd915d0ed70d31.js","lineNumber":0,"columnNumber":7057},{"functionName":"runTask","scriptId":"8","url":"https://rahulshettyacademy.com/client/polyfills.bd0c6ffd915d0ed70d31.js","lineNumber":0,"columnNumber":2531},{"functionName":"invokeTask","scriptId":"8","url":"https://rahulshettyacademy.com/client/polyfills.bd0c6ffd915d0ed70d31.js","lineNumber":0,"columnNumber":8187},{"functionName":"Z","scriptId":"8","url":"https://rahulshettyacademy.com/client/polyfills.bd0c6ffd915d0ed70d31.js","lineNumber":0,"columnNumber":20798},{"functionName":"N","scriptId":"8","url":"https://rahulshettyacademy.com/client/polyfills.bd0c6ffd915d0ed70d31.js","lineNumber":0,"columnNumber":21091},{"functionName":"B","scriptId":"8","url":"https://rahulshettyacademy.com/client/polyfills.bd0c6ffd915d0ed70d31.js","lineNumber":0,"columnNumber":21357}]}},"redirectHasExtraInfo":false,"type":"XHR","frameId":"2E9ED674F548B2A9F18E29CAB82F0895","hasUserGesture":true},"sessionId":"F14B444139664D17F62532D0F455A312"}
org.json.JSONException: JSONObject["userPaassword"] not found.
	at org.json.JSONObject.get(JSONObject.java:570)
	at org.json.JSONObject.getString(JSONObject.java:857)
	at StepDefinitions.UITest.ForgotPasswordPage.ErrorHandlingStepDefImpl.lambda$user_provied_not_recognised_mail_and_submits_the_form$0(ErrorHandlingStepDefImpl.java:91)
	at org.openqa.selenium.devtools.DevTools.lambda$addListener$0(DevTools.java:104)
	at org.openqa.selenium.devtools.Connection.lambda$handle$5(Connection.java:348)
	at java.base/java.util.stream.ForEachOps$ForEachOp$OfRef.accept(ForEachOps.java:184)
	at java.base/java.util.stream.ReferencePipeline$2$1.accept(ReferencePipeline.java:179)
	at java.base/java.util.stream.ReferencePipeline$15$1.accept(ReferencePipeline.java:541)
	at java.base/java.util.HashMap$EntrySpliterator.forEachRemaining(HashMap.java:1858)
	at java.base/java.util.stream.AbstractPipeline.copyInto(AbstractPipeline.java:509)
	at java.base/java.util.stream.AbstractPipeline.wrapAndCopyInto(AbstractPipeline.java:499)
	at java.base/java.util.stream.ForEachOps$ForEachOp.evaluateSequential(ForEachOps.java:151)
	at java.base/java.util.stream.ForEachOps$ForEachOp$OfRef.evaluateSequential(ForEachOps.java:174)
	at java.base/java.util.stream.AbstractPipeline.evaluate(AbstractPipeline.java:234)
	at java.base/java.util.stream.ReferencePipeline.forEach(ReferencePipeline.java:596)
	at org.openqa.selenium.devtools.Connection.handle(Connection.java:311)
	at org.openqa.selenium.devtools.Connection$Listener.lambda$onText$0(Connection.java:239)
	at java.base/java.util.concurrent.ThreadPoolExecutor.runWorker(ThreadPoolExecutor.java:1144)
	at java.base/java.util.concurrent.ThreadPoolExecutor$Worker.run(ThreadPoolExecutor.java:642)
	at java.base/java.lang.Thread.run(Thread.java:1583)

Exception in thread "CDP Connection" org.openqa.selenium.devtools.DevToolsException: JSONObject["userPaassword"] not found.
Build info: version: '4.23.0', revision: '4df0a231af'
System info: os.name: 'Windows 11', os.arch: 'amd64', os.version: '10.0', java.version: '21.0.5'
Driver info: DevTools Connection
	at org.openqa.selenium.devtools.Connection$Listener.lambda$onText$0(Connection.java:242)
	at java.base/java.util.concurrent.ThreadPoolExecutor.runWorker(ThreadPoolExecutor.java:1144)
	at java.base/java.util.concurrent.ThreadPoolExecutor$Worker.run(ThreadPoolExecutor.java:642)
	at java.base/java.lang.Thread.run(Thread.java:1583)
Caused by: org.json.JSONException: JSONObject["userPaassword"] not found.
	at org.json.JSONObject.get(JSONObject.java:570)
	at org.json.JSONObject.getString(JSONObject.java:857)
	at StepDefinitions.UITest.ForgotPasswordPage.ErrorHandlingStepDefImpl.lambda$user_provied_not_recognised_mail_and_submits_the_form$0(ErrorHandlingStepDefImpl.java:91)
	at org.openqa.selenium.devtools.DevTools.lambda$addListener$0(DevTools.java:104)
	at org.openqa.selenium.devtools.Connection.lambda$handle$5(Connection.java:348)
	at java.base/java.util.stream.ForEachOps$ForEachOp$OfRef.accept(ForEachOps.java:184)
	at java.base/java.util.stream.ReferencePipeline$2$1.accept(ReferencePipeline.java:179)
	at java.base/java.util.stream.ReferencePipeline$15$1.accept(ReferencePipeline.java:541)
	at java.base/java.util.HashMap$EntrySpliterator.forEachRemaining(HashMap.java:1858)
	at java.base/java.util.stream.AbstractPipeline.copyInto(AbstractPipeline.java:509)
	at java.base/java.util.stream.AbstractPipeline.wrapAndCopyInto(AbstractPipeline.java:499)
	at java.base/java.util.stream.ForEachOps$ForEachOp.evaluateSequential(ForEachOps.java:151)
	at java.base/java.util.stream.ForEachOps$ForEachOp$OfRef.evaluateSequential(ForEachOps.java:174)
	at java.base/java.util.stream.AbstractPipeline.evaluate(AbstractPipeline.java:234)
	at java.base/java.util.stream.ReferencePipeline.forEach(ReferencePipeline.java:596)
	at org.openqa.selenium.devtools.Connection.handle(Connection.java:311)
	at org.openqa.selenium.devtools.Connection$Listener.lambda$onText$0(Connection.java:239)
	... 3 more
Jan 06, 2025 10:08:25 AM org.openqa.selenium.devtools.Connection$Listener lambda$onText$0
WARNING: Unable to process: {"method":"Network.responseReceived","params":{"requestId":"50068.20","loaderId":"EDB9202D43051BE9B5D254491C0C0A5F","timestamp":242467.744985,"type":"XHR","response":{"url":"https://rahulshettyacademy.com/api/ecom/auth/new-password","status":404,"statusText":"Not Found","headers":{"ETag":"W/\"1d-PuFZGbFdVksd6DA+Q6gxJfihjNc\"","Expect-CT":"max-age=0","X-Permitted-Cross-Domain-Policies":"none","X-Content-Type-Options":"nosniff","Keep-Alive":"timeout=5, max=95","Date":"Mon, 06 Jan 2025 04:38:31 GMT","Content-Type":"application/json; charset=utf-8","Vary":"Accept-Encoding","X-Frame-Options":"SAMEORIGIN","Strict-Transport-Security":"max-age=15552000; includeSubDomains","Content-Security-Policy":"default-src 'self';base-uri 'self';block-all-mixed-content;font-src 'self' https: data:;frame-ancestors 'self';img-src 'self' data:;object-src 'none';script-src 'self';script-src-attr 'none';style-src 'self' https: 'unsafe-inline';upgrade-insecure-requests","X-DNS-Prefetch-Control":"off","Connection":"Keep-Alive","Referrer-Policy":"no-referrer","X-Download-Options":"noopen","Access-Control-Allow-Origin":"*","Content-Length":"29","X-XSS-Protection":"0","Server":"Apache/2.4.52 (Ubuntu)"},"mimeType":"application/json","charset":"utf-8","connectionReused":true,"connectionId":74,"remoteIPAddress":"13.201.9.53","remotePort":443,"fromDiskCache":false,"fromServiceWorker":false,"fromPrefetchCache":false,"encodedDataLength":894,"timing":{"requestTime":242467.689768,"proxyStart":-1,"proxyEnd":-1,"dnsStart":-1,"dnsEnd":-1,"connectStart":-1,"connectEnd":-1,"sslStart":-1,"sslEnd":-1,"workerStart":-1,"workerReady":-1,"workerFetchStart":-1,"workerRespondWithSettled":-1,"sendStart":0.746,"sendEnd":0.995,"pushStart":0,"pushEnd":0,"receiveHeadersStart":51.746,"receiveHeadersEnd":51.906},"responseTime":1.736138304981171e+12,"protocol":"http/1.1","alternateProtocolUsage":"unspecifiedReason","securityState":"secure","securityDetails":{"protocol":"TLS 1.3","keyExchange":"","keyExchangeGroup":"X25519","cipher":"AES_128_GCM","certificateId":0,"subjectName":"rahulshettyacademy.com","sanList":["rahulshettyacademy.com"],"issuer":"E6","validFrom":1731833819,"validTo":1739609818,"signedCertificateTimestampList":[{"status":"Verified","origin":"Embedded in certificate","logDescription":"Google 'Xenon2025h1' log","logId":"CF1156EED52E7CAFF3875BD9692E9BE91A71674AB017ECAC01D25B77CECC3B08","timestamp":1731837329589,"hashAlgorithm":"SHA-256","signatureAlgorithm":"ECDSA","signatureData":"3045022049CA90B2CB95C3A4AECDECF04FECA784EE3C38F667E4444EC363E3896496E161022100A382A6A79A23DB380C6BAE53F0317A7817F487C963769692F01598128068DB66"},{"status":"Verified","origin":"Embedded in certificate","logDescription":"DigiCert Nessie2025 Log","logId":"E6D2316340778CC1104106D771B9CEC1D240F6968486FBBA87321DFD1E378E50","timestamp":1731837329733,"hashAlgorithm":"SHA-256","signatureAlgorithm":"ECDSA","signatureData":"30450220157FD090AF13CC9D704CDB761C669D3050A465792F7063143A29419C5455EE34022100B52F2E04241FBDC492EED0F11D8D4C2FCCA313C5DD1D6CFBD8BE909857B03816"}],"certificateTransparencyCompliance":"unknown","serverSignatureAlgorithm":1027,"encryptedClientHello":false}},"hasExtraInfo":true,"frameId":"2E9ED674F548B2A9F18E29CAB82F0895"},"sessionId":"F14B444139664D17F62532D0F455A312"}
org.json.JSONException: A JSONObject text must begin with '{' at 1 [character 2 line 1]
	at org.json.JSONTokener.syntaxError(JSONTokener.java:497)
	at org.json.JSONObject.<init>(JSONObject.java:208)
	at org.json.JSONObject.<init>(JSONObject.java:404)
	at StepDefinitions.UITest.ForgotPasswordPage.ErrorHandlingStepDefImpl.lambda$user_provied_not_recognised_mail_and_submits_the_form$1(ErrorHandlingStepDefImpl.java:102)
	at org.openqa.selenium.devtools.DevTools.lambda$addListener$0(DevTools.java:104)
	at org.openqa.selenium.devtools.Connection.lambda$handle$5(Connection.java:348)
	at java.base/java.util.stream.ForEachOps$ForEachOp$OfRef.accept(ForEachOps.java:184)
	at java.base/java.util.stream.ReferencePipeline$2$1.accept(ReferencePipeline.java:179)
	at java.base/java.util.stream.ReferencePipeline$15$1.accept(ReferencePipeline.java:541)
	at java.base/java.util.HashMap$EntrySpliterator.forEachRemaining(HashMap.java:1858)
	at java.base/java.util.stream.AbstractPipeline.copyInto(AbstractPipeline.java:509)
	at java.base/java.util.stream.AbstractPipeline.wrapAndCopyInto(AbstractPipeline.java:499)
	at java.base/java.util.stream.ForEachOps$ForEachOp.evaluateSequential(ForEachOps.java:151)
	at java.base/java.util.stream.ForEachOps$ForEachOp$OfRef.evaluateSequential(ForEachOps.java:174)
	at java.base/java.util.stream.AbstractPipeline.evaluate(AbstractPipeline.java:234)
	at java.base/java.util.stream.ReferencePipeline.forEach(ReferencePipeline.java:596)
	at org.openqa.selenium.devtools.Connection.handle(Connection.java:311)
	at org.openqa.selenium.devtools.Connection$Listener.lambda$onText$0(Connection.java:239)
	at java.base/java.util.concurrent.ThreadPoolExecutor.runWorker(ThreadPoolExecutor.java:1144)
	at java.base/java.util.concurrent.ThreadPoolExecutor$Worker.run(ThreadPoolExecutor.java:642)
	at java.base/java.lang.Thread.run(Thread.java:1583)

Exception in thread "CDP Connection" org.openqa.selenium.devtools.DevToolsException: A JSONObject text must begin with '{' at 1 [character 2 line 1]
Build info: version: '4.23.0', revision: '4df0a231af'
System info: os.name: 'Windows 11', os.arch: 'amd64', os.version: '10.0', java.version: '21.0.5'
Driver info: DevTools Connection
	at org.openqa.selenium.devtools.Connection$Listener.lambda$onText$0(Connection.java:242)
	at java.base/java.util.concurrent.ThreadPoolExecutor.runWorker(ThreadPoolExecutor.java:1144)
	at java.base/java.util.concurrent.ThreadPoolExecutor$Worker.run(ThreadPoolExecutor.java:642)
	at java.base/java.lang.Thread.run(Thread.java:1583)
Caused by: org.json.JSONException: A JSONObject text must begin with '{' at 1 [character 2 line 1]
	at org.json.JSONTokener.syntaxError(JSONTokener.java:497)
	at org.json.JSONObject.<init>(JSONObject.java:208)
	at org.json.JSONObject.<init>(JSONObject.java:404)
	at StepDefinitions.UITest.ForgotPasswordPage.ErrorHandlingStepDefImpl.lambda$user_provied_not_recognised_mail_and_submits_the_form$1(ErrorHandlingStepDefImpl.java:102)
	at org.openqa.selenium.devtools.DevTools.lambda$addListener$0(DevTools.java:104)
	at org.openqa.selenium.devtools.Connection.lambda$handle$5(Connection.java:348)
	at java.base/java.util.stream.ForEachOps$ForEachOp$OfRef.accept(ForEachOps.java:184)
	at java.base/java.util.stream.ReferencePipeline$2$1.accept(ReferencePipeline.java:179)
	at java.base/java.util.stream.ReferencePipeline$15$1.accept(ReferencePipeline.java:541)
	at java.base/java.util.HashMap$EntrySpliterator.forEachRemaining(HashMap.java:1858)
	at java.base/java.util.stream.AbstractPipeline.copyInto(AbstractPipeline.java:509)
	at java.base/java.util.stream.AbstractPipeline.wrapAndCopyInto(AbstractPipeline.java:499)
	at java.base/java.util.stream.ForEachOps$ForEachOp.evaluateSequential(ForEachOps.java:151)
	at java.base/java.util.stream.ForEachOps$ForEachOp$OfRef.evaluateSequential(ForEachOps.java:174)
	at java.base/java.util.stream.AbstractPipeline.evaluate(AbstractPipeline.java:234)
	at java.base/java.util.stream.ReferencePipeline.forEach(ReferencePipeline.java:596)
	at org.openqa.selenium.devtools.Connection.handle(Connection.java:311)
	at org.openqa.selenium.devtools.Connection$Listener.lambda$onText$0(Connection.java:239)
	... 3 more
Jan 06, 2025 10:08:25 AM org.openqa.selenium.devtools.Connection$Listener lambda$onText$0
WARNING: Unable to process: {"method":"Fetch.requestPaused","params":{"requestId":"interception-job-1.0","request":{"url":"https://rahulshettyacademy.com/api/ecom/auth/new-password","method":"POST","headers":{"Accept":"application/json, text/plain, */*","Content-Type":"application/json","Origin":"https://rahulshettyacademy.com","Referer":"https://rahulshettyacademy.com/client/auth/password-new","User-Agent":"Mozilla/5.0 (Windows NT 10.0; Win64; x64) AppleWebKit/537.36 (KHTML, like Gecko) HeadlessChrome/130.0.0.0 Safari/537.36","sec-ch-ua":"\"Chromium\";v=\"130\", \"Google Chrome\";v=\"130\", \"Not?A_Brand\";v=\"99\"","sec-ch-ua-mobile":"?0","sec-ch-ua-platform":"\"Windows\""},"postData":"{\"userEmail\":\"s1234@gmail.com\",\"userPassword\":\"123456\",\"confirmPassword\":\"123456\"}","hasPostData":true,"postDataEntries":[{"bytes":"eyJ1c2VyRW1haWwiOiJzMTIzNEBnbWFpbC5jb20iLCJ1c2VyUGFzc3dvcmQiOiIxMjM0NTYiLCJjb25maXJtUGFzc3dvcmQiOiIxMjM0NTYifQ=="}],"initialPriority":"High","referrerPolicy":"strict-origin-when-cross-origin"},"frameId":"C529CBF782B8FA9C944ED14B2538F855","resourceType":"XHR"},"sessionId":"0B702343D545F2DEA2E32EB517B75588"}
org.openqa.selenium.devtools.DevToolsException: {"id":28,"error":{"code":-32602,"message":"Invalid parameters","data":"Failed to deserialize params.postData - BINDINGS: invalid base64 string at position 48"},"sessionId":"0B702343D545F2DEA2E32EB517B75588"}
Build info: version: '4.23.0', revision: '4df0a231af'
System info: os.name: 'Windows 11', os.arch: 'amd64', os.version: '10.0', java.version: '21.0.5'
Driver info: driver.version: unknown
	at org.openqa.selenium.devtools.Connection.sendAndWait(Connection.java:195)
	at org.openqa.selenium.devtools.DevTools.send(DevTools.java:90)
	at StepDefinitions.UITest.ForgotPasswordPage.ErrorHandlingStepDefImpl.lambda$user_provied_correct_details_and_submits_the_form$3(ErrorHandlingStepDefImpl.java:159)
	at org.openqa.selenium.devtools.DevTools.lambda$addListener$0(DevTools.java:104)
	at org.openqa.selenium.devtools.Connection.lambda$handle$5(Connection.java:348)
	at java.base/java.util.stream.ForEachOps$ForEachOp$OfRef.accept(ForEachOps.java:184)
	at java.base/java.util.stream.ReferencePipeline$2$1.accept(ReferencePipeline.java:179)
	at java.base/java.util.stream.ReferencePipeline$15$1.accept(ReferencePipeline.java:541)
	at java.base/java.util.HashMap$EntrySpliterator.forEachRemaining(HashMap.java:1858)
	at java.base/java.util.stream.AbstractPipeline.copyInto(AbstractPipeline.java:509)
	at java.base/java.util.stream.AbstractPipeline.wrapAndCopyInto(AbstractPipeline.java:499)
	at java.base/java.util.stream.ForEachOps$ForEachOp.evaluateSequential(ForEachOps.java:151)
	at java.base/java.util.stream.ForEachOps$ForEachOp$OfRef.evaluateSequential(ForEachOps.java:174)
	at java.base/java.util.stream.AbstractPipeline.evaluate(AbstractPipeline.java:234)
	at java.base/java.util.stream.ReferencePipeline.forEach(ReferencePipeline.java:596)
	at org.openqa.selenium.devtools.Connection.handle(Connection.java:311)
	at org.openqa.selenium.devtools.Connection$Listener.lambda$onText$0(Connection.java:239)
	at java.base/java.util.concurrent.ThreadPoolExecutor.runWorker(ThreadPoolExecutor.java:1144)
	at java.base/java.util.concurrent.ThreadPoolExecutor$Worker.run(ThreadPoolExecutor.java:642)
	at java.base/java.lang.Thread.run(Thread.java:1583)
Caused by: org.openqa.selenium.WebDriverException: {"id":28,"error":{"code":-32602,"message":"Invalid parameters","data":"Failed to deserialize params.postData - BINDINGS: invalid base64 string at position 48"},"sessionId":"0B702343D545F2DEA2E32EB517B75588"}
Build info: version: '4.23.0', revision: '4df0a231af'
System info: os.name: 'Windows 11', os.arch: 'amd64', os.version: '10.0', java.version: '21.0.5'
Driver info: driver.version: unknown
	at org.openqa.selenium.devtools.Connection.handle(Connection.java:275)
	... 4 more

Exception in thread "CDP Connection" org.openqa.selenium.devtools.DevToolsException: {"id":28,"error":{"code":-32602,"message":"Invalid parameters","data":"Failed to deserialize params.postData - BINDINGS: invalid base64 string at position 48"},"sessionId":"0B702343D545F2DEA2E32EB517B75588"}
Build info: version: '4.23.0', revision: '4df0a231af'
System info: os.name: 'Windows 11', os.arch: 'amd64', os.version: '10.0', java.version: '21.0.5'
Driver info: driver.version: unknown
	at org.openqa.selenium.devtools.Connection$Listener.lambda$onText$0(Connection.java:242)
	at java.base/java.util.concurrent.ThreadPoolExecutor.runWorker(ThreadPoolExecutor.java:1144)
	at java.base/java.util.concurrent.ThreadPoolExecutor$Worker.run(ThreadPoolExecutor.java:642)
	at java.base/java.lang.Thread.run(Thread.java:1583)
Caused by: org.openqa.selenium.devtools.DevToolsException: {"id":28,"error":{"code":-32602,"message":"Invalid parameters","data":"Failed to deserialize params.postData - BINDINGS: invalid base64 string at position 48"},"sessionId":"0B702343D545F2DEA2E32EB517B75588"}
Build info: version: '4.23.0', revision: '4df0a231af'
System info: os.name: 'Windows 11', os.arch: 'amd64', os.version: '10.0', java.version: '21.0.5'
Driver info: driver.version: unknown
	at org.openqa.selenium.devtools.Connection.sendAndWait(Connection.java:195)
	at org.openqa.selenium.devtools.DevTools.send(DevTools.java:90)
	at StepDefinitions.UITest.ForgotPasswordPage.ErrorHandlingStepDefImpl.lambda$user_provied_correct_details_and_submits_the_form$3(ErrorHandlingStepDefImpl.java:159)
	at org.openqa.selenium.devtools.DevTools.lambda$addListener$0(DevTools.java:104)
	at org.openqa.selenium.devtools.Connection.lambda$handle$5(Connection.java:348)
	at java.base/java.util.stream.ForEachOps$ForEachOp$OfRef.accept(ForEachOps.java:184)
	at java.base/java.util.stream.ReferencePipeline$2$1.accept(ReferencePipeline.java:179)
	at java.base/java.util.stream.ReferencePipeline$15$1.accept(ReferencePipeline.java:541)
	at java.base/java.util.HashMap$EntrySpliterator.forEachRemaining(HashMap.java:1858)
	at java.base/java.util.stream.AbstractPipeline.copyInto(AbstractPipeline.java:509)
	at java.base/java.util.stream.AbstractPipeline.wrapAndCopyInto(AbstractPipeline.java:499)
	at java.base/java.util.stream.ForEachOps$ForEachOp.evaluateSequential(ForEachOps.java:151)
	at java.base/java.util.stream.ForEachOps$ForEachOp$OfRef.evaluateSequential(ForEachOps.java:174)
	at java.base/java.util.stream.AbstractPipeline.evaluate(AbstractPipeline.java:234)
	at java.base/java.util.stream.ReferencePipeline.forEach(ReferencePipeline.java:596)
	at org.openqa.selenium.devtools.Connection.handle(Connection.java:311)
	at org.openqa.selenium.devtools.Connection$Listener.lambda$onText$0(Connection.java:239)
	... 3 more
Caused by: org.openqa.selenium.WebDriverException: {"id":28,"error":{"code":-32602,"message":"Invalid parameters","data":"Failed to deserialize params.postData - BINDINGS: invalid base64 string at position 48"},"sessionId":"0B702343D545F2DEA2E32EB517B75588"}
Build info: version: '4.23.0', revision: '4df0a231af'
System info: os.name: 'Windows 11', os.arch: 'amd64', os.version: '10.0', java.version: '21.0.5'
Driver info: driver.version: unknown
	at org.openqa.selenium.devtools.Connection.handle(Connection.java:275)
	... 4 more
Jan 06, 2025 10:08:26 AM org.openqa.selenium.devtools.CdpVersionFinder findNearestMatch
WARNING: Unable to find an exact match for CDP version 130, returning the closest version; found: 127; Please update to a Selenium version that supports CDP version 130
Jan 06, 2025 10:08:26 AM org.openqa.selenium.devtools.CdpVersionFinder findNearestMatch
WARNING: Unable to find an exact match for CDP version 130, returning the closest version; found: 127; Please update to a Selenium version that supports CDP version 130
Jan 06, 2025 10:08:27 AM org.openqa.selenium.remote.http.WebSocket$Listener onError
WARNING: Connection reset
java.net.SocketException: Connection reset
	at java.base/sun.nio.ch.SocketChannelImpl.throwConnectionReset(SocketChannelImpl.java:401)
	at java.base/sun.nio.ch.SocketChannelImpl.read(SocketChannelImpl.java:434)
	at java.net.http/jdk.internal.net.http.SocketTube.readAvailable(SocketTube.java:1178)
	at java.net.http/jdk.internal.net.http.SocketTube$InternalReadPublisher$InternalReadSubscription.read(SocketTube.java:841)
	at java.net.http/jdk.internal.net.http.SocketTube$SocketFlowTask.run(SocketTube.java:181)
	at java.net.http/jdk.internal.net.http.common.SequentialScheduler$SchedulableTask.run(SequentialScheduler.java:207)
	at java.net.http/jdk.internal.net.http.common.SequentialScheduler.runOrSchedule(SequentialScheduler.java:280)
	at java.net.http/jdk.internal.net.http.common.SequentialScheduler.runOrSchedule(SequentialScheduler.java:233)
	at java.net.http/jdk.internal.net.http.SocketTube$InternalReadPublisher$InternalReadSubscription.signalReadable(SocketTube.java:782)
	at java.net.http/jdk.internal.net.http.SocketTube$InternalReadPublisher$ReadEvent.signalEvent(SocketTube.java:965)
	at java.net.http/jdk.internal.net.http.SocketTube$SocketFlowEvent.handle(SocketTube.java:253)
	at java.net.http/jdk.internal.net.http.HttpClientImpl$SelectorManager.handleEvent(HttpClientImpl.java:1469)
	at java.net.http/jdk.internal.net.http.HttpClientImpl$SelectorManager.lambda$run$3(HttpClientImpl.java:1414)
	at java.base/java.util.ArrayList.forEach(ArrayList.java:1596)
	at java.net.http/jdk.internal.net.http.HttpClientImpl$SelectorManager.run(HttpClientImpl.java:1414)

]]></system-err>
  </testcase>
  <testcase name="runScenario[&quot;API intercept failed&quot;, &quot;Forgot Password Page error handling&quot;](68)" classname="TestNGTestRunner" time="0.244">
    <system-out><![CDATA[
@ErrorHandling
Scenario Outline: Login page functionality                                                        # src/test/java/FeatureFiles/UITest/LoginPage/ErrorHandling.feature:13
]]></system-out>
    <system-err><![CDATA[Jan 06, 2025 10:08:27 AM org.openqa.selenium.remote.http.WebSocket$Listener onError
WARNING: Connection reset
java.net.SocketException: Connection reset
	at java.base/sun.nio.ch.SocketChannelImpl.throwConnectionReset(SocketChannelImpl.java:401)
	at java.base/sun.nio.ch.SocketChannelImpl.read(SocketChannelImpl.java:434)
	at java.net.http/jdk.internal.net.http.SocketTube.readAvailable(SocketTube.java:1178)
	at java.net.http/jdk.internal.net.http.SocketTube$InternalReadPublisher$InternalReadSubscription.read(SocketTube.java:841)
	at java.net.http/jdk.internal.net.http.SocketTube$SocketFlowTask.run(SocketTube.java:181)
	at java.net.http/jdk.internal.net.http.common.SequentialScheduler$SchedulableTask.run(SequentialScheduler.java:207)
	at java.net.http/jdk.internal.net.http.common.SequentialScheduler.runOrSchedule(SequentialScheduler.java:280)
	at java.net.http/jdk.internal.net.http.common.SequentialScheduler.runOrSchedule(SequentialScheduler.java:233)
	at java.net.http/jdk.internal.net.http.SocketTube$InternalReadPublisher$InternalReadSubscription.signalReadable(SocketTube.java:782)
	at java.net.http/jdk.internal.net.http.SocketTube$InternalReadPublisher$ReadEvent.signalEvent(SocketTube.java:965)
	at java.net.http/jdk.internal.net.http.SocketTube$SocketFlowEvent.handle(SocketTube.java:253)
	at java.net.http/jdk.internal.net.http.HttpClientImpl$SelectorManager.handleEvent(HttpClientImpl.java:1469)
	at java.net.http/jdk.internal.net.http.HttpClientImpl$SelectorManager.lambda$run$3(HttpClientImpl.java:1414)
	at java.base/java.util.ArrayList.forEach(ArrayList.java:1596)
	at java.net.http/jdk.internal.net.http.HttpClientImpl$SelectorManager.run(HttpClientImpl.java:1414)

]]></system-err>
  </testcase>
  <testcase name="runScenario[&quot;API Payload changedInvalid email&quot;, &quot;Forgot Password Page error handling&quot;](69)" classname="TestNGTestRunner" time="0.136">
    <system-out><![CDATA[
@ErrorHandling
Scenario Outline: Login page functionality                                                                      # src/test/java/FeatureFiles/UITest/LoginPage/ErrorHandling.feature:23
]]></system-out>
    <system-err><![CDATA[Jan 06, 2025 10:08:27 AM org.openqa.selenium.remote.http.WebSocket$Listener onError
WARNING: Connection reset
java.net.SocketException: Connection reset
	at java.base/sun.nio.ch.SocketChannelImpl.throwConnectionReset(SocketChannelImpl.java:401)
	at java.base/sun.nio.ch.SocketChannelImpl.read(SocketChannelImpl.java:434)
	at java.net.http/jdk.internal.net.http.SocketTube.readAvailable(SocketTube.java:1178)
	at java.net.http/jdk.internal.net.http.SocketTube$InternalReadPublisher$InternalReadSubscription.read(SocketTube.java:841)
	at java.net.http/jdk.internal.net.http.SocketTube$SocketFlowTask.run(SocketTube.java:181)
	at java.net.http/jdk.internal.net.http.common.SequentialScheduler$SchedulableTask.run(SequentialScheduler.java:207)
	at java.net.http/jdk.internal.net.http.common.SequentialScheduler.runOrSchedule(SequentialScheduler.java:280)
	at java.net.http/jdk.internal.net.http.common.SequentialScheduler.runOrSchedule(SequentialScheduler.java:233)
	at java.net.http/jdk.internal.net.http.SocketTube$InternalReadPublisher$InternalReadSubscription.signalReadable(SocketTube.java:782)
	at java.net.http/jdk.internal.net.http.SocketTube$InternalReadPublisher$ReadEvent.signalEvent(SocketTube.java:965)
	at java.net.http/jdk.internal.net.http.SocketTube$SocketFlowEvent.handle(SocketTube.java:253)
	at java.net.http/jdk.internal.net.http.HttpClientImpl$SelectorManager.handleEvent(HttpClientImpl.java:1469)
	at java.net.http/jdk.internal.net.http.HttpClientImpl$SelectorManager.lambda$run$3(HttpClientImpl.java:1414)
	at java.base/java.util.ArrayList.forEach(ArrayList.java:1596)
	at java.net.http/jdk.internal.net.http.HttpClientImpl$SelectorManager.run(HttpClientImpl.java:1414)

]]></system-err>
  </testcase>
  <testcase name="runScenario[&quot;Forgot Password Page functionality&quot;, &quot;Forgot Password Page functionality&quot;](70)" classname="TestNGTestRunner" time="0.495">
    <system-out><![CDATA[  Given User landed on ECommerece page checkout page    # StepDefinitions.UITest.CheckoutPage.FunctionalityStepDefImpl.userLandedOnECommerecePageCheckoutPage()

@ErrorHandling
Scenario Outline: Login page functionality                                                                    # src/test/java/FeatureFiles/UITest/LoginPage/ErrorHandling.feature:33
  Given User landed on ECommerece page forgot password page                                                            # StepDefinitions.UITest.ForgotPasswordPage.FunctionalityStepDefImpl.user_landed_on_e_commerece_page_forgot_password_page()
]]></system-out>
    <system-err><![CDATA[Jan 06, 2025 10:08:28 AM org.openqa.selenium.remote.http.WebSocket$Listener onError
WARNING: Connection reset
java.net.SocketException: Connection reset
	at java.base/sun.nio.ch.SocketChannelImpl.throwConnectionReset(SocketChannelImpl.java:401)
	at java.base/sun.nio.ch.SocketChannelImpl.read(SocketChannelImpl.java:434)
	at java.net.http/jdk.internal.net.http.SocketTube.readAvailable(SocketTube.java:1178)
	at java.net.http/jdk.internal.net.http.SocketTube$InternalReadPublisher$InternalReadSubscription.read(SocketTube.java:841)
	at java.net.http/jdk.internal.net.http.SocketTube$SocketFlowTask.run(SocketTube.java:181)
	at java.net.http/jdk.internal.net.http.common.SequentialScheduler$SchedulableTask.run(SequentialScheduler.java:207)
	at java.net.http/jdk.internal.net.http.common.SequentialScheduler.runOrSchedule(SequentialScheduler.java:280)
	at java.net.http/jdk.internal.net.http.common.SequentialScheduler.runOrSchedule(SequentialScheduler.java:233)
	at java.net.http/jdk.internal.net.http.SocketTube$InternalReadPublisher$InternalReadSubscription.signalReadable(SocketTube.java:782)
	at java.net.http/jdk.internal.net.http.SocketTube$InternalReadPublisher$ReadEvent.signalEvent(SocketTube.java:965)
	at java.net.http/jdk.internal.net.http.SocketTube$SocketFlowEvent.handle(SocketTube.java:253)
	at java.net.http/jdk.internal.net.http.HttpClientImpl$SelectorManager.handleEvent(HttpClientImpl.java:1469)
	at java.net.http/jdk.internal.net.http.HttpClientImpl$SelectorManager.lambda$run$3(HttpClientImpl.java:1414)
	at java.base/java.util.ArrayList.forEach(ArrayList.java:1596)
	at java.net.http/jdk.internal.net.http.HttpClientImpl$SelectorManager.run(HttpClientImpl.java:1414)

]]></system-err>
  </testcase>
  <testcase name="runScenario[&quot;Forgot Password Page functionality&quot;, &quot;Forgot Password Page functionality&quot;](71)" classname="TestNGTestRunner" time="0.886">
    <system-out><![CDATA[
@ErrorHandling
Scenario Outline: Login page functionality                                                                           # src/test/java/FeatureFiles/UITest/LoginPage/ErrorHandling.feature:34
  Given I landed on ECommerece page and logging in                                         # StepDefinitions.UITest.LoginPage.ErrorHandlingStepDefImpl.I_landed_on_ECommerece_page_and_logging_in()
  When Logged in with wrong username santhoshsai4517@gmail.com and password 151Fa04124@457 # StepDefinitions.UITest.LoginPage.ErrorHandlingStepDefImpl.logged_in_with_wrong_username_and_password(java.lang.String,java.lang.String)
  When User provied s1234@gmail.com 123456 and 123456 and submits the form                                             # StepDefinitions.UITest.ForgotPasswordPage.FunctionalityStepDefImpl.user_provied_details_and_submits_the_form(java.lang.String,java.lang.String,java.lang.String)
{"userEmail":"s1234@gmail.com","userPassword":"123456","confirmPassword":"123456"}
  Then "Incorrect email or password." error message is displayed                           # StepDefinitions.UITest.LoginPage.ErrorHandlingStepDefImpl.error_message_is_displayed(java.lang.String)
]]></system-out>
    <system-err><![CDATA[Jan 06, 2025 10:08:28 AM org.openqa.selenium.devtools.Connection$Listener lambda$onText$0
WARNING: Unable to process: {"method":"Network.requestWillBeSent","params":{"requestId":"55036.20","loaderId":"4F85322EB72D3BBC15233343CEB3FCD6","documentURL":"https://rahulshettyacademy.com/client/auth/password-new","request":{"url":"https://rahulshettyacademy.com/api/ecom/auth/new-password","method":"POST","headers":{"sec-ch-ua-platform":"\"Windows\"","Referer":"https://rahulshettyacademy.com/client/auth/password-new","User-Agent":"Mozilla/5.0 (Windows NT 10.0; Win64; x64) AppleWebKit/537.36 (KHTML, like Gecko) HeadlessChrome/130.0.0.0 Safari/537.36","Accept":"application/json, text/plain, */*","sec-ch-ua":"\"Chromium\";v=\"130\", \"Google Chrome\";v=\"130\", \"Not?A_Brand\";v=\"99\"","Content-Type":"application/json","sec-ch-ua-mobile":"?0"},"postData":"{\"userEmail\":\"s1234@gmail.com\",\"userPassword\":\"123456\",\"confirmPassword\":\"123456\"}","hasPostData":true,"postDataEntries":[{"bytes":"eyJ1c2VyRW1haWwiOiJzMTIzNEBnbWFpbC5jb20iLCJ1c2VyUGFzc3dvcmQiOiIxMjM0NTYiLCJjb25maXJtUGFzc3dvcmQiOiIxMjM0NTYifQ=="}],"mixedContentType":"none","initialPriority":"High","referrerPolicy":"strict-origin-when-cross-origin","isSameSite":true},"timestamp":242471.580817,"wallTime":1736138308.82341,"initiator":{"type":"script","stack":{"callFrames":[{"functionName":"q","scriptId":"8","url":"https://rahulshettyacademy.com/client/polyfills.bd0c6ffd915d0ed70d31.js","lineNumber":0,"columnNumber":32300},{"functionName":"scheduleTask","scriptId":"8","url":"https://rahulshettyacademy.com/client/polyfills.bd0c6ffd915d0ed70d31.js","lineNumber":0,"columnNumber":6899},{"functionName":"onScheduleTask","scriptId":"8","url":"https://rahulshettyacademy.com/client/polyfills.bd0c6ffd915d0ed70d31.js","lineNumber":0,"columnNumber":4124},{"functionName":"scheduleTask","scriptId":"8","url":"https://rahulshettyacademy.com/client/polyfills.bd0c6ffd915d0ed70d31.js","lineNumber":0,"columnNumber":6797},{"functionName":"scheduleTask","scriptId":"8","url":"https://rahulshettyacademy.com/client/polyfills.bd0c6ffd915d0ed70d31.js","lineNumber":0,"columnNumber":3086},{"functionName":"scheduleMacroTask","scriptId":"8","url":"https://rahulshettyacademy.com/client/polyfills.bd0c6ffd915d0ed70d31.js","lineNumber":0,"columnNumber":3395},{"functionName":"Me","scriptId":"8","url":"https://rahulshettyacademy.com/client/polyfills.bd0c6ffd915d0ed70d31.js","lineNumber":0,"columnNumber":10539},{"functionName":"","scriptId":"8","url":"https://rahulshettyacademy.com/client/polyfills.bd0c6ffd915d0ed70d31.js","lineNumber":0,"columnNumber":32691},{"functionName":"o.<computed>","scriptId":"8","url":"https://rahulshettyacademy.com/client/polyfills.bd0c6ffd915d0ed70d31.js","lineNumber":0,"columnNumber":13452},{"functionName":"","scriptId":"10","url":"https://rahulshettyacademy.com/client/main.9c44d72685822eee0a0f.js","lineNumber":0,"columnNumber":40276},{"functionName":"_trySubscribe","scriptId":"10","url":"https://rahulshettyacademy.com/client/main.9c44d72685822eee0a0f.js","lineNumber":0,"columnNumber":247222},{"functionName":"subscribe","scriptId":"10","url":"https://rahulshettyacademy.com/client/main.9c44d72685822eee0a0f.js","lineNumber":0,"columnNumber":247023},{"functionName":"call","scriptId":"10","url":"https://rahulshettyacademy.com/client/main.9c44d72685822eee0a0f.js","lineNumber":0,"columnNumber":347614},{"functionName":"subscribe","scriptId":"10","url":"https://rahulshettyacademy.com/client/main.9c44d72685822eee0a0f.js","lineNumber":0,"columnNumber":246898},{"functionName":"call","scriptId":"10","url":"https://rahulshettyacademy.com/client/main.9c44d72685822eee0a0f.js","lineNumber":0,"columnNumber":260024},{"functionName":"subscribe","scriptId":"10","url":"https://rahulshettyacademy.com/client/main.9c44d72685822eee0a0f.js","lineNumber":0,"columnNumber":246898},{"functionName":"call","scriptId":"10","url":"https://rahulshettyacademy.com/client/main.9c44d72685822eee0a0f.js","lineNumber":0,"columnNumber":261641},{"functionName":"subscribe","scriptId":"10","url":"https://rahulshettyacademy.com/client/main.9c44d72685822eee0a0f.js","lineNumber":0,"columnNumber":246898},{"functionName":"X","scriptId":"10","url":"https://rahulshettyacademy.com/client/main.9c44d72685822eee0a0f.js","lineNumber":0,"columnNumber":256272},{"functionName":"_innerSub","scriptId":"10","url":"https://rahulshettyacademy.com/client/main.9c44d72685822eee0a0f.js","lineNumber":0,"columnNumber":263677},{"functionName":"_tryNext","scriptId":"10","url":"https://rahulshettyacademy.com/client/main.9c44d72685822eee0a0f.js","lineNumber":0,"columnNumber":263582},{"functionName":"_next","scriptId":"10","url":"https://rahulshettyacademy.com/client/main.9c44d72685822eee0a0f.js","lineNumber":0,"columnNumber":263421},{"functionName":"next","scriptId":"10","url":"https://rahulshettyacademy.com/client/main.9c44d72685822eee0a0f.js","lineNumber":0,"columnNumber":251086},{"functionName":"","scriptId":"10","url":"https://rahulshettyacademy.com/client/main.9c44d72685822eee0a0f.js","lineNumber":0,"columnNumber":270945},{"functionName":"_trySubscribe","scriptId":"10","url":"https://rahulshettyacademy.com/client/main.9c44d72685822eee0a0f.js","lineNumber":0,"columnNumber":247222},{"functionName":"subscribe","scriptId":"10","url":"https://rahulshettyacademy.com/client/main.9c44d72685822eee0a0f.js","lineNumber":0,"columnNumber":247023},{"functionName":"call","scriptId":"10","url":"https://rahulshettyacademy.com/client/main.9c44d72685822eee0a0f.js","lineNumber":0,"columnNumber":263156},{"functionName":"subscribe","scriptId":"10","url":"https://rahulshettyacademy.com/client/main.9c44d72685822eee0a0f.js","lineNumber":0,"columnNumber":246898},{"functionName":"call","scriptId":"10","url":"https://rahulshettyacademy.com/client/main.9c44d72685822eee0a0f.js","lineNumber":0,"columnNumber":261156},{"functionName":"subscribe","scriptId":"10","url":"https://rahulshettyacademy.com/client/main.9c44d72685822eee0a0f.js","lineNumber":0,"columnNumber":246898},{"functionName":"call","scriptId":"10","url":"https://rahulshettyacademy.com/client/main.9c44d72685822eee0a0f.js","lineNumber":0,"columnNumber":262331},{"functionName":"subscribe","scriptId":"10","url":"https://rahulshettyacademy.com/client/main.9c44d72685822eee0a0f.js","lineNumber":0,"columnNumber":246898},{"functionName":"call","scriptId":"10","url":"https://rahulshettyacademy.com/client/main.9c44d72685822eee0a0f.js","lineNumber":0,"columnNumber":262331},{"functionName":"subscribe","scriptId":"10","url":"https://rahulshettyacademy.com/client/main.9c44d72685822eee0a0f.js","lineNumber":0,"columnNumber":246898},{"functionName":"call","scriptId":"10","url":"https://rahulshettyacademy.com/client/main.9c44d72685822eee0a0f.js","lineNumber":0,"columnNumber":265941},{"functionName":"subscribe","scriptId":"10","url":"https://rahulshettyacademy.com/client/main.9c44d72685822eee0a0f.js","lineNumber":0,"columnNumber":246898},{"functionName":"call","scriptId":"10","url":"https://rahulshettyacademy.com/client/main.9c44d72685822eee0a0f.js","lineNumber":0,"columnNumber":267376},{"functionName":"subscribe","scriptId":"10","url":"https://rahulshettyacademy.com/client/main.9c44d72685822eee0a0f.js","lineNumber":0,"columnNumber":246898},{"functionName":"forgotPassword","scriptId":"14","url":"https://rahulshettyacademy.com/client/674.c8a6d45922fab3876c70.js","lineNumber":0,"columnNumber":56288},{"functionName":"","scriptId":"14","url":"https://rahulshettyacademy.com/client/674.c8a6d45922fab3876c70.js","lineNumber":0,"columnNumber":57832},{"functionName":"Bp","scriptId":"10","url":"https://rahulshettyacademy.com/client/main.9c44d72685822eee0a0f.js","lineNumber":0,"columnNumber":101233},{"functionName":"i","scriptId":"10","url":"https://rahulshettyacademy.com/client/main.9c44d72685822eee0a0f.js","lineNumber":0,"columnNumber":101395},{"functionName":"__tryOrUnsub","scriptId":"10","url":"https://rahulshettyacademy.com/client/main.9c44d72685822eee0a0f.js","lineNumber":0,"columnNumber":252917},{"functionName":"next","scriptId":"10","url":"https://rahulshettyacademy.com/client/main.9c44d72685822eee0a0f.js","lineNumber":0,"columnNumber":252142},{"functionName":"_next","scriptId":"10","url":"https://rahulshettyacademy.com/client/main.9c44d72685822eee0a0f.js","lineNumber":0,"columnNumber":251312},{"functionName":"next","scriptId":"10","url":"https://rahulshettyacademy.com/client/main.9c44d72685822eee0a0f.js","lineNumber":0,"columnNumber":251086},{"functionName":"next","scriptId":"10","url":"https://rahulshettyacademy.com/client/main.9c44d72685822eee0a0f.js","lineNumber":0,"columnNumber":249168},{"functionName":"emit","scriptId":"10","url":"https://rahulshettyacademy.com/client/main.9c44d72685822eee0a0f.js","lineNumber":0,"columnNumber":136306},{"functionName":"onSubmit","scriptId":"12","url":"https://rahulshettyacademy.com/client/480.f1614ecd961bd8e3dfd9.js","lineNumber":0,"columnNumber":33303},{"functionName":"","scriptId":"12","url":"https://rahulshettyacademy.com/client/480.f1614ecd961bd8e3dfd9.js","lineNumber":0,"columnNumber":34287},{"functionName":"Bp","scriptId":"10","url":"https://rahulshettyacademy.com/client/main.9c44d72685822eee0a0f.js","lineNumber":0,"columnNumber":101233},{"functionName":"i","scriptId":"10","url":"https://rahulshettyacademy.com/client/main.9c44d72685822eee0a0f.js","lineNumber":0,"columnNumber":101395},{"functionName":"","scriptId":"10","url":"https://rahulshettyacademy.com/client/main.9c44d72685822eee0a0f.js","lineNumber":0,"columnNumber":164144},{"functionName":"invokeTask","scriptId":"8","url":"https://rahulshettyacademy.com/client/polyfills.bd0c6ffd915d0ed70d31.js","lineNumber":0,"columnNumber":7136},{"functionName":"onInvokeTask","scriptId":"10","url":"https://rahulshettyacademy.com/client/main.9c44d72685822eee0a0f.js","lineNumber":0,"columnNumber":146363},{"functionName":"invokeTask","scriptId":"8","url":"https://rahulshettyacademy.com/client/polyfills.bd0c6ffd915d0ed70d31.js","lineNumber":0,"columnNumber":7057},{"functionName":"runTask","scriptId":"8","url":"https://rahulshettyacademy.com/client/polyfills.bd0c6ffd915d0ed70d31.js","lineNumber":0,"columnNumber":2531},{"functionName":"invokeTask","scriptId":"8","url":"https://rahulshettyacademy.com/client/polyfills.bd0c6ffd915d0ed70d31.js","lineNumber":0,"columnNumber":8187},{"functionName":"Z","scriptId":"8","url":"https://rahulshettyacademy.com/client/polyfills.bd0c6ffd915d0ed70d31.js","lineNumber":0,"columnNumber":20798},{"functionName":"N","scriptId":"8","url":"https://rahulshettyacademy.com/client/polyfills.bd0c6ffd915d0ed70d31.js","lineNumber":0,"columnNumber":21091},{"functionName":"B","scriptId":"8","url":"https://rahulshettyacademy.com/client/polyfills.bd0c6ffd915d0ed70d31.js","lineNumber":0,"columnNumber":21357}]}},"redirectHasExtraInfo":false,"type":"XHR","frameId":"9AABB77079B8BD0EDB5D048A80203EE8","hasUserGesture":true},"sessionId":"A36A250C35E152FF2C6FA32E0B162E58"}
org.json.JSONException: JSONObject["userPaassword"] not found.
	at org.json.JSONObject.get(JSONObject.java:570)
	at org.json.JSONObject.getString(JSONObject.java:857)
	at StepDefinitions.UITest.ForgotPasswordPage.FunctionalityStepDefImpl.lambda$user_provied_details_and_submits_the_form$0(FunctionalityStepDefImpl.java:72)
	at org.openqa.selenium.devtools.DevTools.lambda$addListener$0(DevTools.java:104)
	at org.openqa.selenium.devtools.Connection.lambda$handle$5(Connection.java:348)
	at java.base/java.util.stream.ForEachOps$ForEachOp$OfRef.accept(ForEachOps.java:184)
	at java.base/java.util.stream.ReferencePipeline$2$1.accept(ReferencePipeline.java:179)
	at java.base/java.util.stream.ReferencePipeline$15$1.accept(ReferencePipeline.java:541)
	at java.base/java.util.HashMap$EntrySpliterator.forEachRemaining(HashMap.java:1858)
	at java.base/java.util.stream.AbstractPipeline.copyInto(AbstractPipeline.java:509)
	at java.base/java.util.stream.AbstractPipeline.wrapAndCopyInto(AbstractPipeline.java:499)
	at java.base/java.util.stream.ForEachOps$ForEachOp.evaluateSequential(ForEachOps.java:151)
	at java.base/java.util.stream.ForEachOps$ForEachOp$OfRef.evaluateSequential(ForEachOps.java:174)
	at java.base/java.util.stream.AbstractPipeline.evaluate(AbstractPipeline.java:234)
	at java.base/java.util.stream.ReferencePipeline.forEach(ReferencePipeline.java:596)
	at org.openqa.selenium.devtools.Connection.handle(Connection.java:311)
	at org.openqa.selenium.devtools.Connection$Listener.lambda$onText$0(Connection.java:239)
	at java.base/java.util.concurrent.ThreadPoolExecutor.runWorker(ThreadPoolExecutor.java:1144)
	at java.base/java.util.concurrent.ThreadPoolExecutor$Worker.run(ThreadPoolExecutor.java:642)
	at java.base/java.lang.Thread.run(Thread.java:1583)

Exception in thread "CDP Connection" org.openqa.selenium.devtools.DevToolsException: JSONObject["userPaassword"] not found.
Build info: version: '4.23.0', revision: '4df0a231af'
System info: os.name: 'Windows 11', os.arch: 'amd64', os.version: '10.0', java.version: '21.0.5'
Driver info: DevTools Connection
	at org.openqa.selenium.devtools.Connection$Listener.lambda$onText$0(Connection.java:242)
	at java.base/java.util.concurrent.ThreadPoolExecutor.runWorker(ThreadPoolExecutor.java:1144)
	at java.base/java.util.concurrent.ThreadPoolExecutor$Worker.run(ThreadPoolExecutor.java:642)
	at java.base/java.lang.Thread.run(Thread.java:1583)
Caused by: org.json.JSONException: JSONObject["userPaassword"] not found.
	at org.json.JSONObject.get(JSONObject.java:570)
	at org.json.JSONObject.getString(JSONObject.java:857)
	at StepDefinitions.UITest.ForgotPasswordPage.FunctionalityStepDefImpl.lambda$user_provied_details_and_submits_the_form$0(FunctionalityStepDefImpl.java:72)
	at org.openqa.selenium.devtools.DevTools.lambda$addListener$0(DevTools.java:104)
	at org.openqa.selenium.devtools.Connection.lambda$handle$5(Connection.java:348)
	at java.base/java.util.stream.ForEachOps$ForEachOp$OfRef.accept(ForEachOps.java:184)
	at java.base/java.util.stream.ReferencePipeline$2$1.accept(ReferencePipeline.java:179)
	at java.base/java.util.stream.ReferencePipeline$15$1.accept(ReferencePipeline.java:541)
	at java.base/java.util.HashMap$EntrySpliterator.forEachRemaining(HashMap.java:1858)
	at java.base/java.util.stream.AbstractPipeline.copyInto(AbstractPipeline.java:509)
	at java.base/java.util.stream.AbstractPipeline.wrapAndCopyInto(AbstractPipeline.java:499)
	at java.base/java.util.stream.ForEachOps$ForEachOp.evaluateSequential(ForEachOps.java:151)
	at java.base/java.util.stream.ForEachOps$ForEachOp$OfRef.evaluateSequential(ForEachOps.java:174)
	at java.base/java.util.stream.AbstractPipeline.evaluate(AbstractPipeline.java:234)
	at java.base/java.util.stream.ReferencePipeline.forEach(ReferencePipeline.java:596)
	at org.openqa.selenium.devtools.Connection.handle(Connection.java:311)
	at org.openqa.selenium.devtools.Connection$Listener.lambda$onText$0(Connection.java:239)
	... 3 more
Jan 06, 2025 10:08:29 AM org.openqa.selenium.remote.http.WebSocket$Listener onError
WARNING: Connection reset
java.net.SocketException: Connection reset
	at java.base/sun.nio.ch.SocketChannelImpl.throwConnectionReset(SocketChannelImpl.java:401)
	at java.base/sun.nio.ch.SocketChannelImpl.read(SocketChannelImpl.java:434)
	at java.net.http/jdk.internal.net.http.SocketTube.readAvailable(SocketTube.java:1178)
	at java.net.http/jdk.internal.net.http.SocketTube$InternalReadPublisher$InternalReadSubscription.read(SocketTube.java:841)
	at java.net.http/jdk.internal.net.http.SocketTube$SocketFlowTask.run(SocketTube.java:181)
	at java.net.http/jdk.internal.net.http.common.SequentialScheduler$SchedulableTask.run(SequentialScheduler.java:207)
	at java.net.http/jdk.internal.net.http.common.SequentialScheduler.runOrSchedule(SequentialScheduler.java:280)
	at java.net.http/jdk.internal.net.http.common.SequentialScheduler.runOrSchedule(SequentialScheduler.java:233)
	at java.net.http/jdk.internal.net.http.SocketTube$InternalReadPublisher$InternalReadSubscription.signalReadable(SocketTube.java:782)
	at java.net.http/jdk.internal.net.http.SocketTube$InternalReadPublisher$ReadEvent.signalEvent(SocketTube.java:965)
	at java.net.http/jdk.internal.net.http.SocketTube$SocketFlowEvent.handle(SocketTube.java:253)
	at java.net.http/jdk.internal.net.http.HttpClientImpl$SelectorManager.handleEvent(HttpClientImpl.java:1469)
	at java.net.http/jdk.internal.net.http.HttpClientImpl$SelectorManager.lambda$run$3(HttpClientImpl.java:1414)
	at java.base/java.util.ArrayList.forEach(ArrayList.java:1596)
	at java.net.http/jdk.internal.net.http.HttpClientImpl$SelectorManager.run(HttpClientImpl.java:1414)

]]></system-err>
  </testcase>
  <testcase name="runScenario[&quot;Login page functionality&quot;, &quot;Login error handling&quot;](72)" classname="TestNGTestRunner" time="2.092">
    <system-out><![CDATA[
@ErrorHandling
Scenario Outline: Login page functionality                                         # src/test/java/FeatureFiles/UITest/LoginPage/ErrorHandling.feature:37
]]></system-out>
    <system-err><![CDATA[Jan 06, 2025 10:08:29 AM org.openqa.selenium.devtools.CdpVersionFinder findNearestMatch
WARNING: Unable to find an exact match for CDP version 130, returning the closest version; found: 127; Please update to a Selenium version that supports CDP version 130
Jan 06, 2025 10:08:30 AM org.openqa.selenium.devtools.CdpVersionFinder findNearestMatch
WARNING: Unable to find an exact match for CDP version 130, returning the closest version; found: 127; Please update to a Selenium version that supports CDP version 130
Jan 06, 2025 10:08:30 AM org.openqa.selenium.devtools.CdpVersionFinder findNearestMatch
WARNING: Unable to find an exact match for CDP version 130, returning the closest version; found: 127; Please update to a Selenium version that supports CDP version 130
Jan 06, 2025 10:08:31 AM org.openqa.selenium.remote.http.WebSocket$Listener onError
WARNING: Connection reset
java.net.SocketException: Connection reset
	at java.base/sun.nio.ch.SocketChannelImpl.throwConnectionReset(SocketChannelImpl.java:401)
	at java.base/sun.nio.ch.SocketChannelImpl.read(SocketChannelImpl.java:434)
	at java.net.http/jdk.internal.net.http.SocketTube.readAvailable(SocketTube.java:1178)
	at java.net.http/jdk.internal.net.http.SocketTube$InternalReadPublisher$InternalReadSubscription.read(SocketTube.java:841)
	at java.net.http/jdk.internal.net.http.SocketTube$SocketFlowTask.run(SocketTube.java:181)
	at java.net.http/jdk.internal.net.http.common.SequentialScheduler$SchedulableTask.run(SequentialScheduler.java:207)
	at java.net.http/jdk.internal.net.http.common.SequentialScheduler.runOrSchedule(SequentialScheduler.java:280)
	at java.net.http/jdk.internal.net.http.common.SequentialScheduler.runOrSchedule(SequentialScheduler.java:233)
	at java.net.http/jdk.internal.net.http.SocketTube$InternalReadPublisher$InternalReadSubscription.signalReadable(SocketTube.java:782)
	at java.net.http/jdk.internal.net.http.SocketTube$InternalReadPublisher$ReadEvent.signalEvent(SocketTube.java:965)
	at java.net.http/jdk.internal.net.http.SocketTube$SocketFlowEvent.handle(SocketTube.java:253)
	at java.net.http/jdk.internal.net.http.HttpClientImpl$SelectorManager.handleEvent(HttpClientImpl.java:1469)
	at java.net.http/jdk.internal.net.http.HttpClientImpl$SelectorManager.lambda$run$3(HttpClientImpl.java:1414)
	at java.base/java.util.ArrayList.forEach(ArrayList.java:1596)
	at java.net.http/jdk.internal.net.http.HttpClientImpl$SelectorManager.run(HttpClientImpl.java:1414)

]]></system-err>
  </testcase>
  <testcase name="runScenario[&quot;Login page functionality&quot;, &quot;Login error handling&quot;](73)" classname="TestNGTestRunner" time="3.383">
    <system-out><![CDATA[
@ErrorHandling
Scenario Outline: Login page functionality                                   # src/test/java/FeatureFiles/UITest/LoginPage/ErrorHandling.feature:50
  Given I landed on ECommerece page and logging in                                                # StepDefinitions.UITest.LoginPage.ErrorHandlingStepDefImpl.I_landed_on_ECommerece_page_and_logging_in()
  When Logged in with wrong username santhoshsai4521223117@gmail.com and password 151Fa04124@4517 # StepDefinitions.UITest.LoginPage.ErrorHandlingStepDefImpl.logged_in_with_wrong_username_and_password(java.lang.String,java.lang.String)
  Given I landed on ECommerece page and logging in                                                            # StepDefinitions.UITest.LoginPage.ErrorHandlingStepDefImpl.I_landed_on_ECommerece_page_and_logging_in()
  Then "Incorrect email or password." error message is displayed                                  # StepDefinitions.UITest.LoginPage.ErrorHandlingStepDefImpl.error_message_is_displayed(java.lang.String)
  Given I landed on ECommerece page and logging in                                                              # StepDefinitions.UITest.LoginPage.ErrorHandlingStepDefImpl.I_landed_on_ECommerece_page_and_logging_in()
  When Api call is failed Logged in with wrong username santhoshsai4517@gmail.com and password 151Fa04124@457 # StepDefinitions.UITest.LoginPage.ErrorHandlingStepDefImpl.api_call_is_failed_logged_in_with_wrong_username_and_password(java.lang.String,java.lang.String)
  Then "Password Changed Successfully" message is displayed and "We Make Your Shopping Simple" login page is displayed # StepDefinitions.UITest.ForgotPasswordPage.FunctionalityStepDefImpl.message_is_displayed_and_login_page_is_displayed(java.lang.String,java.lang.String)
interception-job-1.0
{"userEmail":"santhoshsai4517@gmail.com","userPassword":"123456"}
  When API payload chnaged Logged in with wrong username santhoshsai4517@gmail.com and password 151Fa04124@4517 # StepDefinitions.UITest.LoginPage.ErrorHandlingStepDefImpl.api_payload_changed_logged_in_with_wrong_username_and_password(java.lang.String,java.lang.String)
  Given I landed on ECommerece page and logging in                                                                   # StepDefinitions.UITest.LoginPage.ErrorHandlingStepDefImpl.I_landed_on_ECommerece_page_and_logging_in()
  Then "Unknown error occured" error message is displayed                                                     # StepDefinitions.UITest.LoginPage.ErrorHandlingStepDefImpl.error_message_is_displayed(java.lang.String)
  When Api call is failed Logged in with wrong username santhoshsai4521223117@gmail.com and password 151Fa04124@4517 # StepDefinitions.UITest.LoginPage.ErrorHandlingStepDefImpl.api_call_is_failed_logged_in_with_wrong_username_and_password(java.lang.String,java.lang.String)
  Given I landed on ECommerece page and logging in                                 # StepDefinitions.UITest.LoginPage.ErrorHandlingStepDefImpl.I_landed_on_ECommerece_page_and_logging_in()
]]></system-out>
    <system-err><![CDATA[Jan 06, 2025 10:08:31 AM org.openqa.selenium.devtools.CdpVersionFinder findNearestMatch
WARNING: Unable to find an exact match for CDP version 130, returning the closest version; found: 127; Please update to a Selenium version that supports CDP version 130
Jan 06, 2025 10:08:32 AM org.openqa.selenium.devtools.CdpVersionFinder findNearestMatch
WARNING: Unable to find an exact match for CDP version 130, returning the closest version; found: 127; Please update to a Selenium version that supports CDP version 130
Jan 06, 2025 10:08:33 AM org.openqa.selenium.devtools.Connection$Listener lambda$onText$0
WARNING: Unable to process: {"method":"Fetch.requestPaused","params":{"requestId":"interception-job-1.0","request":{"url":"https://rahulshettyacademy.com/api/ecom/auth/login","method":"POST","headers":{"Accept":"application/json, text/plain, */*","Content-Type":"application/json","Origin":"https://rahulshettyacademy.com","Referer":"https://rahulshettyacademy.com/client/auth/login","User-Agent":"Mozilla/5.0 (Windows NT 10.0; Win64; x64) AppleWebKit/537.36 (KHTML, like Gecko) HeadlessChrome/130.0.0.0 Safari/537.36","sec-ch-ua":"\"Chromium\";v=\"130\", \"Google Chrome\";v=\"130\", \"Not?A_Brand\";v=\"99\"","sec-ch-ua-mobile":"?0","sec-ch-ua-platform":"\"Windows\""},"postData":"{\"userEmail\":\"santhoshsai4517@gmail.com\",\"userPassword\":\"151Fa04124@4517\"}","hasPostData":true,"postDataEntries":[{"bytes":"eyJ1c2VyRW1haWwiOiJzYW50aG9zaHNhaTQ1MTdAZ21haWwuY29tIiwidXNlclBhc3N3b3JkIjoiMTUxRmEwNDEyNEA0NTE3In0="}],"initialPriority":"High","referrerPolicy":"strict-origin-when-cross-origin"},"frameId":"747C59C3824EC2368A1EE19A5F436AFF","resourceType":"XHR"},"sessionId":"9D8E5E640CD310075A57A22B4C5C653F"}
org.openqa.selenium.devtools.DevToolsException: {"id":55,"error":{"code":-32602,"message":"Invalid parameters","data":"Failed to deserialize params.postData - BINDINGS: invalid base64 string at position 48"},"sessionId":"9D8E5E640CD310075A57A22B4C5C653F"}
Build info: version: '4.23.0', revision: '4df0a231af'
System info: os.name: 'Windows 11', os.arch: 'amd64', os.version: '10.0', java.version: '21.0.5'
Driver info: driver.version: unknown
	at org.openqa.selenium.devtools.Connection.sendAndWait(Connection.java:195)
	at org.openqa.selenium.devtools.DevTools.send(DevTools.java:90)
	at StepDefinitions.UITest.LoginPage.ErrorHandlingStepDefImpl.lambda$api_payload_changed_logged_in_with_wrong_username_and_password$1(ErrorHandlingStepDefImpl.java:66)
	at org.openqa.selenium.devtools.DevTools.lambda$addListener$0(DevTools.java:104)
	at org.openqa.selenium.devtools.Connection.lambda$handle$5(Connection.java:348)
	at java.base/java.util.stream.ForEachOps$ForEachOp$OfRef.accept(ForEachOps.java:184)
	at java.base/java.util.stream.ReferencePipeline$2$1.accept(ReferencePipeline.java:179)
	at java.base/java.util.stream.ReferencePipeline$15$1.accept(ReferencePipeline.java:541)
	at java.base/java.util.HashMap$EntrySpliterator.forEachRemaining(HashMap.java:1858)
	at java.base/java.util.stream.AbstractPipeline.copyInto(AbstractPipeline.java:509)
	at java.base/java.util.stream.AbstractPipeline.wrapAndCopyInto(AbstractPipeline.java:499)
	at java.base/java.util.stream.ForEachOps$ForEachOp.evaluateSequential(ForEachOps.java:151)
	at java.base/java.util.stream.ForEachOps$ForEachOp$OfRef.evaluateSequential(ForEachOps.java:174)
	at java.base/java.util.stream.AbstractPipeline.evaluate(AbstractPipeline.java:234)
	at java.base/java.util.stream.ReferencePipeline.forEach(ReferencePipeline.java:596)
	at org.openqa.selenium.devtools.Connection.handle(Connection.java:311)
	at org.openqa.selenium.devtools.Connection$Listener.lambda$onText$0(Connection.java:239)
	at java.base/java.util.concurrent.ThreadPoolExecutor.runWorker(ThreadPoolExecutor.java:1144)
	at java.base/java.util.concurrent.ThreadPoolExecutor$Worker.run(ThreadPoolExecutor.java:642)
	at java.base/java.lang.Thread.run(Thread.java:1583)
Caused by: org.openqa.selenium.WebDriverException: {"id":55,"error":{"code":-32602,"message":"Invalid parameters","data":"Failed to deserialize params.postData - BINDINGS: invalid base64 string at position 48"},"sessionId":"9D8E5E640CD310075A57A22B4C5C653F"}
Build info: version: '4.23.0', revision: '4df0a231af'
System info: os.name: 'Windows 11', os.arch: 'amd64', os.version: '10.0', java.version: '21.0.5'
Driver info: driver.version: unknown
	at org.openqa.selenium.devtools.Connection.handle(Connection.java:275)
	... 4 more

Exception in thread "CDP Connection" org.openqa.selenium.devtools.DevToolsException: {"id":55,"error":{"code":-32602,"message":"Invalid parameters","data":"Failed to deserialize params.postData - BINDINGS: invalid base64 string at position 48"},"sessionId":"9D8E5E640CD310075A57A22B4C5C653F"}
Build info: version: '4.23.0', revision: '4df0a231af'
System info: os.name: 'Windows 11', os.arch: 'amd64', os.version: '10.0', java.version: '21.0.5'
Driver info: driver.version: unknown
	at org.openqa.selenium.devtools.Connection$Listener.lambda$onText$0(Connection.java:242)
	at java.base/java.util.concurrent.ThreadPoolExecutor.runWorker(ThreadPoolExecutor.java:1144)
	at java.base/java.util.concurrent.ThreadPoolExecutor$Worker.run(ThreadPoolExecutor.java:642)
	at java.base/java.lang.Thread.run(Thread.java:1583)
Caused by: org.openqa.selenium.devtools.DevToolsException: {"id":55,"error":{"code":-32602,"message":"Invalid parameters","data":"Failed to deserialize params.postData - BINDINGS: invalid base64 string at position 48"},"sessionId":"9D8E5E640CD310075A57A22B4C5C653F"}
Build info: version: '4.23.0', revision: '4df0a231af'
System info: os.name: 'Windows 11', os.arch: 'amd64', os.version: '10.0', java.version: '21.0.5'
Driver info: driver.version: unknown
	at org.openqa.selenium.devtools.Connection.sendAndWait(Connection.java:195)
	at org.openqa.selenium.devtools.DevTools.send(DevTools.java:90)
	at StepDefinitions.UITest.LoginPage.ErrorHandlingStepDefImpl.lambda$api_payload_changed_logged_in_with_wrong_username_and_password$1(ErrorHandlingStepDefImpl.java:66)
	at org.openqa.selenium.devtools.DevTools.lambda$addListener$0(DevTools.java:104)
	at org.openqa.selenium.devtools.Connection.lambda$handle$5(Connection.java:348)
	at java.base/java.util.stream.ForEachOps$ForEachOp$OfRef.accept(ForEachOps.java:184)
	at java.base/java.util.stream.ReferencePipeline$2$1.accept(ReferencePipeline.java:179)
	at java.base/java.util.stream.ReferencePipeline$15$1.accept(ReferencePipeline.java:541)
	at java.base/java.util.HashMap$EntrySpliterator.forEachRemaining(HashMap.java:1858)
	at java.base/java.util.stream.AbstractPipeline.copyInto(AbstractPipeline.java:509)
	at java.base/java.util.stream.AbstractPipeline.wrapAndCopyInto(AbstractPipeline.java:499)
	at java.base/java.util.stream.ForEachOps$ForEachOp.evaluateSequential(ForEachOps.java:151)
	at java.base/java.util.stream.ForEachOps$ForEachOp$OfRef.evaluateSequential(ForEachOps.java:174)
	at java.base/java.util.stream.AbstractPipeline.evaluate(AbstractPipeline.java:234)
	at java.base/java.util.stream.ReferencePipeline.forEach(ReferencePipeline.java:596)
	at org.openqa.selenium.devtools.Connection.handle(Connection.java:311)
	at org.openqa.selenium.devtools.Connection$Listener.lambda$onText$0(Connection.java:239)
	... 3 more
Caused by: org.openqa.selenium.WebDriverException: {"id":55,"error":{"code":-32602,"message":"Invalid parameters","data":"Failed to deserialize params.postData - BINDINGS: invalid base64 string at position 48"},"sessionId":"9D8E5E640CD310075A57A22B4C5C653F"}
Build info: version: '4.23.0', revision: '4df0a231af'
System info: os.name: 'Windows 11', os.arch: 'amd64', os.version: '10.0', java.version: '21.0.5'
Driver info: driver.version: unknown
	at org.openqa.selenium.devtools.Connection.handle(Connection.java:275)
	... 4 more
Jan 06, 2025 10:08:34 AM org.openqa.selenium.devtools.CdpVersionFinder findNearestMatch
WARNING: Unable to find an exact match for CDP version 130, returning the closest version; found: 127; Please update to a Selenium version that supports CDP version 130
Jan 06, 2025 10:08:34 AM org.openqa.selenium.remote.http.WebSocket$Listener onError
WARNING: Connection reset
java.net.SocketException: Connection reset
	at java.base/sun.nio.ch.SocketChannelImpl.throwConnectionReset(SocketChannelImpl.java:401)
	at java.base/sun.nio.ch.SocketChannelImpl.read(SocketChannelImpl.java:434)
	at java.net.http/jdk.internal.net.http.SocketTube.readAvailable(SocketTube.java:1178)
	at java.net.http/jdk.internal.net.http.SocketTube$InternalReadPublisher$InternalReadSubscription.read(SocketTube.java:841)
	at java.net.http/jdk.internal.net.http.SocketTube$SocketFlowTask.run(SocketTube.java:181)
	at java.net.http/jdk.internal.net.http.common.SequentialScheduler$SchedulableTask.run(SequentialScheduler.java:207)
	at java.net.http/jdk.internal.net.http.common.SequentialScheduler.runOrSchedule(SequentialScheduler.java:280)
	at java.net.http/jdk.internal.net.http.common.SequentialScheduler.runOrSchedule(SequentialScheduler.java:233)
	at java.net.http/jdk.internal.net.http.SocketTube$InternalReadPublisher$InternalReadSubscription.signalReadable(SocketTube.java:782)
	at java.net.http/jdk.internal.net.http.SocketTube$InternalReadPublisher$ReadEvent.signalEvent(SocketTube.java:965)
	at java.net.http/jdk.internal.net.http.SocketTube$SocketFlowEvent.handle(SocketTube.java:253)
	at java.net.http/jdk.internal.net.http.HttpClientImpl$SelectorManager.handleEvent(HttpClientImpl.java:1469)
	at java.net.http/jdk.internal.net.http.HttpClientImpl$SelectorManager.lambda$run$3(HttpClientImpl.java:1414)
	at java.base/java.util.ArrayList.forEach(ArrayList.java:1596)
	at java.net.http/jdk.internal.net.http.HttpClientImpl$SelectorManager.run(HttpClientImpl.java:1414)

]]></system-err>
  </testcase>
  <testcase name="runScenario[&quot;Forgot Password Page functionality&quot;, &quot;Forgot Password Page functionality&quot;](74)" classname="TestNGTestRunner" time="0.658">
    <system-out><![CDATA[
@Functional
Scenario: Login page functionality                         # src/test/java/FeatureFiles/UITest/LoginPage/Functionality.feature:4
  Then "Unknown error occured" error message is displayed                                                            # StepDefinitions.UITest.LoginPage.ErrorHandlingStepDefImpl.error_message_is_displayed(java.lang.String)
  When Logged in with no login details                                             # StepDefinitions.UITest.LoginPage.ErrorHandlingStepDefImpl.logged_in_with_no_login_details()
  Then "*Email is required" and "*Password is required" error message is displayed # StepDefinitions.UITest.LoginPage.ErrorHandlingStepDefImpl.error_message_is_displayed(java.lang.String,java.lang.String)
]]></system-out>
    <system-err><![CDATA[Jan 06, 2025 10:08:35 AM org.openqa.selenium.remote.http.WebSocket$Listener onError
WARNING: Connection reset
java.net.SocketException: Connection reset
	at java.base/sun.nio.ch.SocketChannelImpl.throwConnectionReset(SocketChannelImpl.java:401)
	at java.base/sun.nio.ch.SocketChannelImpl.read(SocketChannelImpl.java:434)
	at java.net.http/jdk.internal.net.http.SocketTube.readAvailable(SocketTube.java:1178)
	at java.net.http/jdk.internal.net.http.SocketTube$InternalReadPublisher$InternalReadSubscription.read(SocketTube.java:841)
	at java.net.http/jdk.internal.net.http.SocketTube$SocketFlowTask.run(SocketTube.java:181)
	at java.net.http/jdk.internal.net.http.common.SequentialScheduler$SchedulableTask.run(SequentialScheduler.java:207)
	at java.net.http/jdk.internal.net.http.common.SequentialScheduler.runOrSchedule(SequentialScheduler.java:280)
	at java.net.http/jdk.internal.net.http.common.SequentialScheduler.runOrSchedule(SequentialScheduler.java:233)
	at java.net.http/jdk.internal.net.http.SocketTube$InternalReadPublisher$InternalReadSubscription.signalReadable(SocketTube.java:782)
	at java.net.http/jdk.internal.net.http.SocketTube$InternalReadPublisher$ReadEvent.signalEvent(SocketTube.java:965)
	at java.net.http/jdk.internal.net.http.SocketTube$SocketFlowEvent.handle(SocketTube.java:253)
	at java.net.http/jdk.internal.net.http.HttpClientImpl$SelectorManager.handleEvent(HttpClientImpl.java:1469)
	at java.net.http/jdk.internal.net.http.HttpClientImpl$SelectorManager.lambda$run$3(HttpClientImpl.java:1414)
	at java.base/java.util.ArrayList.forEach(ArrayList.java:1596)
	at java.net.http/jdk.internal.net.http.HttpClientImpl$SelectorManager.run(HttpClientImpl.java:1414)

]]></system-err>
  </testcase>
  <testcase name="runScenario[&quot;Login page functionality&quot;, &quot;Login error handling&quot;](75)" classname="TestNGTestRunner" time="0.588">
    <system-out><![CDATA[
@Functional
Scenario: Login page functionality                                           # src/test/java/FeatureFiles/UITest/LoginPage/Functionality.feature:9
  Given I landed on ECommerece page and logging in                           # StepDefinitions.UITest.LoginPage.ErrorHandlingStepDefImpl.I_landed_on_ECommerece_page_and_logging_in()
]]></system-out>
    <system-err><![CDATA[Jan 06, 2025 10:08:35 AM org.openqa.selenium.remote.http.WebSocket$Listener onError
WARNING: Connection reset
java.net.SocketException: Connection reset
	at java.base/sun.nio.ch.SocketChannelImpl.throwConnectionReset(SocketChannelImpl.java:401)
	at java.base/sun.nio.ch.SocketChannelImpl.read(SocketChannelImpl.java:434)
	at java.net.http/jdk.internal.net.http.SocketTube.readAvailable(SocketTube.java:1178)
	at java.net.http/jdk.internal.net.http.SocketTube$InternalReadPublisher$InternalReadSubscription.read(SocketTube.java:841)
	at java.net.http/jdk.internal.net.http.SocketTube$SocketFlowTask.run(SocketTube.java:181)
	at java.net.http/jdk.internal.net.http.common.SequentialScheduler$SchedulableTask.run(SequentialScheduler.java:207)
	at java.net.http/jdk.internal.net.http.common.SequentialScheduler.runOrSchedule(SequentialScheduler.java:280)
	at java.net.http/jdk.internal.net.http.common.SequentialScheduler.runOrSchedule(SequentialScheduler.java:233)
	at java.net.http/jdk.internal.net.http.SocketTube$InternalReadPublisher$InternalReadSubscription.signalReadable(SocketTube.java:782)
	at java.net.http/jdk.internal.net.http.SocketTube$InternalReadPublisher$ReadEvent.signalEvent(SocketTube.java:965)
	at java.net.http/jdk.internal.net.http.SocketTube$SocketFlowEvent.handle(SocketTube.java:253)
	at java.net.http/jdk.internal.net.http.HttpClientImpl$SelectorManager.handleEvent(HttpClientImpl.java:1469)
	at java.net.http/jdk.internal.net.http.HttpClientImpl$SelectorManager.lambda$run$3(HttpClientImpl.java:1414)
	at java.base/java.util.ArrayList.forEach(ArrayList.java:1596)
	at java.net.http/jdk.internal.net.http.HttpClientImpl$SelectorManager.run(HttpClientImpl.java:1414)

]]></system-err>
  </testcase>
  <testcase name="runScenario[&quot;Login page functionality&quot;, &quot;Login error handling&quot;](76)" classname="TestNGTestRunner" time="1.097">
    <system-out><![CDATA[
@Functional
Scenario: Login page functionality                                           # src/test/java/FeatureFiles/UITest/LoginPage/Functionality.feature:15
  When Logged in with wrong username santhoshsa and password 151Fa04124@4517 # StepDefinitions.UITest.LoginPage.ErrorHandlingStepDefImpl.logged_in_with_wrong_username_and_password(java.lang.String,java.lang.String)
  Then "*Enter Valid Email" invalid message is displayed                     # StepDefinitions.UITest.LoginPage.ErrorHandlingStepDefImpl.invalid_message_is_displayed(java.lang.String)
]]></system-out>
    <system-err><![CDATA[Jan 06, 2025 10:08:36 AM org.openqa.selenium.remote.http.WebSocket$Listener onError
WARNING: Connection reset
java.net.SocketException: Connection reset
	at java.base/sun.nio.ch.SocketChannelImpl.throwConnectionReset(SocketChannelImpl.java:401)
	at java.base/sun.nio.ch.SocketChannelImpl.read(SocketChannelImpl.java:434)
	at java.net.http/jdk.internal.net.http.SocketTube.readAvailable(SocketTube.java:1178)
	at java.net.http/jdk.internal.net.http.SocketTube$InternalReadPublisher$InternalReadSubscription.read(SocketTube.java:841)
	at java.net.http/jdk.internal.net.http.SocketTube$SocketFlowTask.run(SocketTube.java:181)
	at java.net.http/jdk.internal.net.http.common.SequentialScheduler$SchedulableTask.run(SequentialScheduler.java:207)
	at java.net.http/jdk.internal.net.http.common.SequentialScheduler.runOrSchedule(SequentialScheduler.java:280)
	at java.net.http/jdk.internal.net.http.common.SequentialScheduler.runOrSchedule(SequentialScheduler.java:233)
	at java.net.http/jdk.internal.net.http.SocketTube$InternalReadPublisher$InternalReadSubscription.signalReadable(SocketTube.java:782)
	at java.net.http/jdk.internal.net.http.SocketTube$InternalReadPublisher$ReadEvent.signalEvent(SocketTube.java:965)
	at java.net.http/jdk.internal.net.http.SocketTube$SocketFlowEvent.handle(SocketTube.java:253)
	at java.net.http/jdk.internal.net.http.HttpClientImpl$SelectorManager.handleEvent(HttpClientImpl.java:1469)
	at java.net.http/jdk.internal.net.http.HttpClientImpl$SelectorManager.lambda$run$3(HttpClientImpl.java:1414)
	at java.base/java.util.ArrayList.forEach(ArrayList.java:1596)
	at java.net.http/jdk.internal.net.http.HttpClientImpl$SelectorManager.run(HttpClientImpl.java:1414)

]]></system-err>
  </testcase>
  <testcase name="runScenario[&quot;Login page functionality&quot;, &quot;Login error handling&quot;](77)" classname="TestNGTestRunner" time="0.287">
    <system-out><![CDATA[
@Functional
Scenario: Login page functionality                                                            # src/test/java/FeatureFiles/UITest/LoginPage/Functionality.feature:21
]]></system-out>
    <system-err><![CDATA[Jan 06, 2025 10:08:37 AM org.openqa.selenium.devtools.CdpVersionFinder findNearestMatch
WARNING: Unable to find an exact match for CDP version 130, returning the closest version; found: 127; Please update to a Selenium version that supports CDP version 130
Jan 06, 2025 10:08:37 AM org.openqa.selenium.remote.http.WebSocket$Listener onError
WARNING: Connection reset
java.net.SocketException: Connection reset
	at java.base/sun.nio.ch.SocketChannelImpl.throwConnectionReset(SocketChannelImpl.java:401)
	at java.base/sun.nio.ch.SocketChannelImpl.read(SocketChannelImpl.java:434)
	at java.net.http/jdk.internal.net.http.SocketTube.readAvailable(SocketTube.java:1178)
	at java.net.http/jdk.internal.net.http.SocketTube$InternalReadPublisher$InternalReadSubscription.read(SocketTube.java:841)
	at java.net.http/jdk.internal.net.http.SocketTube$SocketFlowTask.run(SocketTube.java:181)
	at java.net.http/jdk.internal.net.http.common.SequentialScheduler$SchedulableTask.run(SequentialScheduler.java:207)
	at java.net.http/jdk.internal.net.http.common.SequentialScheduler.runOrSchedule(SequentialScheduler.java:280)
	at java.net.http/jdk.internal.net.http.common.SequentialScheduler.runOrSchedule(SequentialScheduler.java:233)
	at java.net.http/jdk.internal.net.http.SocketTube$InternalReadPublisher$InternalReadSubscription.signalReadable(SocketTube.java:782)
	at java.net.http/jdk.internal.net.http.SocketTube$InternalReadPublisher$ReadEvent.signalEvent(SocketTube.java:965)
	at java.net.http/jdk.internal.net.http.SocketTube$SocketFlowEvent.handle(SocketTube.java:253)
	at java.net.http/jdk.internal.net.http.HttpClientImpl$SelectorManager.handleEvent(HttpClientImpl.java:1469)
	at java.net.http/jdk.internal.net.http.HttpClientImpl$SelectorManager.lambda$run$3(HttpClientImpl.java:1414)
	at java.base/java.util.ArrayList.forEach(ArrayList.java:1596)
	at java.net.http/jdk.internal.net.http.HttpClientImpl$SelectorManager.run(HttpClientImpl.java:1414)

]]></system-err>
  </testcase>
  <testcase name="runScenario[&quot;Login page functionality&quot;, &quot;Login error handling&quot;](78)" classname="TestNGTestRunner" time="1.133">
    <system-out><![CDATA[
@Functional
Scenario Outline: Login page functionality                                            # src/test/java/FeatureFiles/UITest/LoginPage/Functionality.feature:34
  Then "Incorrect email or password." error message is not displayed                                            # StepDefinitions.UITest.LoginPage.ErrorHandlingStepDefImpl.error_message_is_not_displayed(java.lang.String)
]]></system-out>
    <system-err><![CDATA[Jan 06, 2025 10:08:37 AM org.openqa.selenium.devtools.CdpVersionFinder findNearestMatch
WARNING: Unable to find an exact match for CDP version 130, returning the closest version; found: 127; Please update to a Selenium version that supports CDP version 130
Jan 06, 2025 10:08:38 AM org.openqa.selenium.remote.http.WebSocket$Listener onError
WARNING: Connection reset
java.net.SocketException: Connection reset
	at java.base/sun.nio.ch.SocketChannelImpl.throwConnectionReset(SocketChannelImpl.java:401)
	at java.base/sun.nio.ch.SocketChannelImpl.read(SocketChannelImpl.java:434)
	at java.net.http/jdk.internal.net.http.SocketTube.readAvailable(SocketTube.java:1178)
	at java.net.http/jdk.internal.net.http.SocketTube$InternalReadPublisher$InternalReadSubscription.read(SocketTube.java:841)
	at java.net.http/jdk.internal.net.http.SocketTube$SocketFlowTask.run(SocketTube.java:181)
	at java.net.http/jdk.internal.net.http.common.SequentialScheduler$SchedulableTask.run(SequentialScheduler.java:207)
	at java.net.http/jdk.internal.net.http.common.SequentialScheduler.runOrSchedule(SequentialScheduler.java:280)
	at java.net.http/jdk.internal.net.http.common.SequentialScheduler.runOrSchedule(SequentialScheduler.java:233)
	at java.net.http/jdk.internal.net.http.SocketTube$InternalReadPublisher$InternalReadSubscription.signalReadable(SocketTube.java:782)
	at java.net.http/jdk.internal.net.http.SocketTube$InternalReadPublisher$ReadEvent.signalEvent(SocketTube.java:965)
	at java.net.http/jdk.internal.net.http.SocketTube$SocketFlowEvent.handle(SocketTube.java:253)
	at java.net.http/jdk.internal.net.http.HttpClientImpl$SelectorManager.handleEvent(HttpClientImpl.java:1469)
	at java.net.http/jdk.internal.net.http.HttpClientImpl$SelectorManager.lambda$run$3(HttpClientImpl.java:1414)
	at java.base/java.util.ArrayList.forEach(ArrayList.java:1596)
	at java.net.http/jdk.internal.net.http.HttpClientImpl$SelectorManager.run(HttpClientImpl.java:1414)

]]></system-err>
  </testcase>
  <testcase name="runScenario[&quot;Login page functionality&quot;, &quot;Login error handling&quot;](79)" classname="TestNGTestRunner" time="2.027">
    <system-out><![CDATA[
@Functional
Scenario: Home button                                                         # src/test/java/FeatureFiles/UITest/OrderConfirmationPage/Functionality.feature:4
  Given I landed on ECommerece page                        # StepDefinitions.UITest.LoginPage.FunctionalityStepDefImpl.I_landed_on_ECommerece_page()
  Then "We Make Your Shopping Simple" message is displayed # StepDefinitions.UITest.LoginPage.FunctionalityStepDefImpl.message_is_displayed_on_confiramtion_page(java.lang.String)
  Given I landed on ECommerece page                                          # StepDefinitions.UITest.LoginPage.FunctionalityStepDefImpl.I_landed_on_ECommerece_page()
  When I Click on Register button                                            # StepDefinitions.UITest.LoginPage.FunctionalityStepDefImpl.i_click_on_register_button()
  Then Page is redirected to register page and  "Register" text is displayed # StepDefinitions.UITest.LoginPage.FunctionalityStepDefImpl.page_is_redirected_to_register_page_and_text_is_displayed(java.lang.String)
]]></system-out>
    <system-err><![CDATA[Jan 06, 2025 10:08:38 AM org.openqa.selenium.devtools.CdpVersionFinder findNearestMatch
WARNING: Unable to find an exact match for CDP version 130, returning the closest version; found: 127; Please update to a Selenium version that supports CDP version 130
Jan 06, 2025 10:08:39 AM org.openqa.selenium.devtools.CdpVersionFinder findNearestMatch
WARNING: Unable to find an exact match for CDP version 130, returning the closest version; found: 127; Please update to a Selenium version that supports CDP version 130
Jan 06, 2025 10:08:40 AM org.openqa.selenium.devtools.CdpVersionFinder findNearestMatch
WARNING: Unable to find an exact match for CDP version 130, returning the closest version; found: 127; Please update to a Selenium version that supports CDP version 130
Jan 06, 2025 10:08:40 AM org.openqa.selenium.remote.http.WebSocket$Listener onError
WARNING: Connection reset
java.net.SocketException: Connection reset
	at java.base/sun.nio.ch.SocketChannelImpl.throwConnectionReset(SocketChannelImpl.java:401)
	at java.base/sun.nio.ch.SocketChannelImpl.read(SocketChannelImpl.java:434)
	at java.net.http/jdk.internal.net.http.SocketTube.readAvailable(SocketTube.java:1178)
	at java.net.http/jdk.internal.net.http.SocketTube$InternalReadPublisher$InternalReadSubscription.read(SocketTube.java:841)
	at java.net.http/jdk.internal.net.http.SocketTube$SocketFlowTask.run(SocketTube.java:181)
	at java.net.http/jdk.internal.net.http.common.SequentialScheduler$SchedulableTask.run(SequentialScheduler.java:207)
	at java.net.http/jdk.internal.net.http.common.SequentialScheduler.runOrSchedule(SequentialScheduler.java:280)
	at java.net.http/jdk.internal.net.http.common.SequentialScheduler.runOrSchedule(SequentialScheduler.java:233)
	at java.net.http/jdk.internal.net.http.SocketTube$InternalReadPublisher$InternalReadSubscription.signalReadable(SocketTube.java:782)
	at java.net.http/jdk.internal.net.http.SocketTube$InternalReadPublisher$ReadEvent.signalEvent(SocketTube.java:965)
	at java.net.http/jdk.internal.net.http.SocketTube$SocketFlowEvent.handle(SocketTube.java:253)
	at java.net.http/jdk.internal.net.http.HttpClientImpl$SelectorManager.handleEvent(HttpClientImpl.java:1469)
	at java.net.http/jdk.internal.net.http.HttpClientImpl$SelectorManager.lambda$run$3(HttpClientImpl.java:1414)
	at java.base/java.util.ArrayList.forEach(ArrayList.java:1596)
	at java.net.http/jdk.internal.net.http.HttpClientImpl$SelectorManager.run(HttpClientImpl.java:1414)

]]></system-err>
  </testcase>
  <testcase name="runScenario[&quot;Login page functionality&quot;, &quot;Login functionality&quot;](80)" classname="TestNGTestRunner" time="0.787">
    <system-out><![CDATA[
@Functional
Scenario: Orders button                                        # src/test/java/FeatureFiles/UITest/OrderConfirmationPage/Functionality.feature:10
  Given I landed on ECommerece page                                          # StepDefinitions.UITest.LoginPage.FunctionalityStepDefImpl.I_landed_on_ECommerece_page()
  When I Click on Register link                                              # StepDefinitions.UITest.LoginPage.FunctionalityStepDefImpl.i_click_on_register_link()
  Then Page is redirected to register page and  "Register" text is displayed # StepDefinitions.UITest.LoginPage.FunctionalityStepDefImpl.page_is_redirected_to_register_page_and_text_is_displayed(java.lang.String)
]]></system-out>
    <system-err><![CDATA[Jan 06, 2025 10:08:41 AM org.openqa.selenium.remote.http.WebSocket$Listener onError
WARNING: Connection reset
java.net.SocketException: Connection reset
	at java.base/sun.nio.ch.SocketChannelImpl.throwConnectionReset(SocketChannelImpl.java:401)
	at java.base/sun.nio.ch.SocketChannelImpl.read(SocketChannelImpl.java:434)
	at java.net.http/jdk.internal.net.http.SocketTube.readAvailable(SocketTube.java:1178)
	at java.net.http/jdk.internal.net.http.SocketTube$InternalReadPublisher$InternalReadSubscription.read(SocketTube.java:841)
	at java.net.http/jdk.internal.net.http.SocketTube$SocketFlowTask.run(SocketTube.java:181)
	at java.net.http/jdk.internal.net.http.common.SequentialScheduler$SchedulableTask.run(SequentialScheduler.java:207)
	at java.net.http/jdk.internal.net.http.common.SequentialScheduler.runOrSchedule(SequentialScheduler.java:280)
	at java.net.http/jdk.internal.net.http.common.SequentialScheduler.runOrSchedule(SequentialScheduler.java:233)
	at java.net.http/jdk.internal.net.http.SocketTube$InternalReadPublisher$InternalReadSubscription.signalReadable(SocketTube.java:782)
	at java.net.http/jdk.internal.net.http.SocketTube$InternalReadPublisher$ReadEvent.signalEvent(SocketTube.java:965)
	at java.net.http/jdk.internal.net.http.SocketTube$SocketFlowEvent.handle(SocketTube.java:253)
	at java.net.http/jdk.internal.net.http.HttpClientImpl$SelectorManager.handleEvent(HttpClientImpl.java:1469)
	at java.net.http/jdk.internal.net.http.HttpClientImpl$SelectorManager.lambda$run$3(HttpClientImpl.java:1414)
	at java.base/java.util.ArrayList.forEach(ArrayList.java:1596)
	at java.net.http/jdk.internal.net.http.HttpClientImpl$SelectorManager.run(HttpClientImpl.java:1414)

]]></system-err>
  </testcase>
  <testcase name="runScenario[&quot;Login page functionality&quot;, &quot;Login functionality&quot;](81)" classname="TestNGTestRunner" time="0.984">
    <system-out><![CDATA[
@Functional
Scenario: Signout button                                                       # src/test/java/FeatureFiles/UITest/OrderConfirmationPage/Functionality.feature:16
  Given I landed on ECommerece page                                                           # StepDefinitions.UITest.LoginPage.FunctionalityStepDefImpl.I_landed_on_ECommerece_page()
  When I Click on Forgot password link                                                        # StepDefinitions.UITest.LoginPage.FunctionalityStepDefImpl.i_click_on_forgot_password_link()
  Given I landed on ECommerece page                                                   # StepDefinitions.UITest.LoginPage.FunctionalityStepDefImpl.I_landed_on_ECommerece_page()
  Then Page is redirected to forgot password page and  "Enter New Password" text is displayed # StepDefinitions.UITest.LoginPage.FunctionalityStepDefImpl.page_is_redirected_to_forgot_password_page_and_text_is_displayed(java.lang.String)
  When Logged in with username santhoshsai4517@gmail.com and password 151Fa04124@4517 # StepDefinitions.UITest.LoginPage.FunctionalityStepDefImpl.logged_in_with_username_and_password(java.lang.String,java.lang.String)
{"userEmail":"santhoshsai4517@gmail.com","userPassword":"151Fa04124@4517"}
]]></system-out>
    <system-err><![CDATA[Jan 06, 2025 10:08:41 AM org.openqa.selenium.devtools.CdpVersionFinder findNearestMatch
WARNING: Unable to find an exact match for CDP version 130, returning the closest version; found: 127; Please update to a Selenium version that supports CDP version 130
Jan 06, 2025 10:08:42 AM org.openqa.selenium.devtools.Connection$Listener lambda$onText$0
WARNING: Unable to process: {"method":"Network.requestWillBeSent","params":{"requestId":"26296.20","loaderId":"49BD393FFEC6EF750F22FEC2BEB32BC6","documentURL":"https://rahulshettyacademy.com/client/auth/login","request":{"url":"https://rahulshettyacademy.com/api/ecom/auth/login","method":"POST","headers":{"sec-ch-ua-platform":"\"Windows\"","Referer":"https://rahulshettyacademy.com/client/auth/login","User-Agent":"Mozilla/5.0 (Windows NT 10.0; Win64; x64) AppleWebKit/537.36 (KHTML, like Gecko) HeadlessChrome/130.0.0.0 Safari/537.36","Accept":"application/json, text/plain, */*","sec-ch-ua":"\"Chromium\";v=\"130\", \"Google Chrome\";v=\"130\", \"Not?A_Brand\";v=\"99\"","Content-Type":"application/json","sec-ch-ua-mobile":"?0"},"postData":"{\"userEmail\":\"santhoshsai4517@gmail.com\",\"userPassword\":\"151Fa04124@4517\"}","hasPostData":true,"postDataEntries":[{"bytes":"eyJ1c2VyRW1haWwiOiJzYW50aG9zaHNhaTQ1MTdAZ21haWwuY29tIiwidXNlclBhc3N3b3JkIjoiMTUxRmEwNDEyNEA0NTE3In0="}],"mixedContentType":"none","initialPriority":"High","referrerPolicy":"strict-origin-when-cross-origin","isSameSite":true},"timestamp":242484.900461,"wallTime":1736138322.143492,"initiator":{"type":"script","stack":{"callFrames":[{"functionName":"q","scriptId":"7","url":"https://rahulshettyacademy.com/client/polyfills.bd0c6ffd915d0ed70d31.js","lineNumber":0,"columnNumber":32300},{"functionName":"scheduleTask","scriptId":"7","url":"https://rahulshettyacademy.com/client/polyfills.bd0c6ffd915d0ed70d31.js","lineNumber":0,"columnNumber":6899},{"functionName":"onScheduleTask","scriptId":"7","url":"https://rahulshettyacademy.com/client/polyfills.bd0c6ffd915d0ed70d31.js","lineNumber":0,"columnNumber":4124},{"functionName":"scheduleTask","scriptId":"7","url":"https://rahulshettyacademy.com/client/polyfills.bd0c6ffd915d0ed70d31.js","lineNumber":0,"columnNumber":6797},{"functionName":"scheduleTask","scriptId":"7","url":"https://rahulshettyacademy.com/client/polyfills.bd0c6ffd915d0ed70d31.js","lineNumber":0,"columnNumber":3086},{"functionName":"scheduleMacroTask","scriptId":"7","url":"https://rahulshettyacademy.com/client/polyfills.bd0c6ffd915d0ed70d31.js","lineNumber":0,"columnNumber":3395},{"functionName":"Me","scriptId":"7","url":"https://rahulshettyacademy.com/client/polyfills.bd0c6ffd915d0ed70d31.js","lineNumber":0,"columnNumber":10539},{"functionName":"","scriptId":"7","url":"https://rahulshettyacademy.com/client/polyfills.bd0c6ffd915d0ed70d31.js","lineNumber":0,"columnNumber":32691},{"functionName":"o.<computed>","scriptId":"7","url":"https://rahulshettyacademy.com/client/polyfills.bd0c6ffd915d0ed70d31.js","lineNumber":0,"columnNumber":13452},{"functionName":"","scriptId":"9","url":"https://rahulshettyacademy.com/client/main.9c44d72685822eee0a0f.js","lineNumber":0,"columnNumber":40276},{"functionName":"_trySubscribe","scriptId":"9","url":"https://rahulshettyacademy.com/client/main.9c44d72685822eee0a0f.js","lineNumber":0,"columnNumber":247222},{"functionName":"subscribe","scriptId":"9","url":"https://rahulshettyacademy.com/client/main.9c44d72685822eee0a0f.js","lineNumber":0,"columnNumber":247023},{"functionName":"call","scriptId":"9","url":"https://rahulshettyacademy.com/client/main.9c44d72685822eee0a0f.js","lineNumber":0,"columnNumber":347614},{"functionName":"subscribe","scriptId":"9","url":"https://rahulshettyacademy.com/client/main.9c44d72685822eee0a0f.js","lineNumber":0,"columnNumber":246898},{"functionName":"call","scriptId":"9","url":"https://rahulshettyacademy.com/client/main.9c44d72685822eee0a0f.js","lineNumber":0,"columnNumber":260024},{"functionName":"subscribe","scriptId":"9","url":"https://rahulshettyacademy.com/client/main.9c44d72685822eee0a0f.js","lineNumber":0,"columnNumber":246898},{"functionName":"call","scriptId":"9","url":"https://rahulshettyacademy.com/client/main.9c44d72685822eee0a0f.js","lineNumber":0,"columnNumber":261641},{"functionName":"subscribe","scriptId":"9","url":"https://rahulshettyacademy.com/client/main.9c44d72685822eee0a0f.js","lineNumber":0,"columnNumber":246898},{"functionName":"X","scriptId":"9","url":"https://rahulshettyacademy.com/client/main.9c44d72685822eee0a0f.js","lineNumber":0,"columnNumber":256272},{"functionName":"_innerSub","scriptId":"9","url":"https://rahulshettyacademy.com/client/main.9c44d72685822eee0a0f.js","lineNumber":0,"columnNumber":263677},{"functionName":"_tryNext","scriptId":"9","url":"https://rahulshettyacademy.com/client/main.9c44d72685822eee0a0f.js","lineNumber":0,"columnNumber":263582},{"functionName":"_next","scriptId":"9","url":"https://rahulshettyacademy.com/client/main.9c44d72685822eee0a0f.js","lineNumber":0,"columnNumber":263421},{"functionName":"next","scriptId":"9","url":"https://rahulshettyacademy.com/client/main.9c44d72685822eee0a0f.js","lineNumber":0,"columnNumber":251086},{"functionName":"","scriptId":"9","url":"https://rahulshettyacademy.com/client/main.9c44d72685822eee0a0f.js","lineNumber":0,"columnNumber":270945},{"functionName":"_trySubscribe","scriptId":"9","url":"https://rahulshettyacademy.com/client/main.9c44d72685822eee0a0f.js","lineNumber":0,"columnNumber":247222},{"functionName":"subscribe","scriptId":"9","url":"https://rahulshettyacademy.com/client/main.9c44d72685822eee0a0f.js","lineNumber":0,"columnNumber":247023},{"functionName":"call","scriptId":"9","url":"https://rahulshettyacademy.com/client/main.9c44d72685822eee0a0f.js","lineNumber":0,"columnNumber":263156},{"functionName":"subscribe","scriptId":"9","url":"https://rahulshettyacademy.com/client/main.9c44d72685822eee0a0f.js","lineNumber":0,"columnNumber":246898},{"functionName":"call","scriptId":"9","url":"https://rahulshettyacademy.com/client/main.9c44d72685822eee0a0f.js","lineNumber":0,"columnNumber":261156},{"functionName":"subscribe","scriptId":"9","url":"https://rahulshettyacademy.com/client/main.9c44d72685822eee0a0f.js","lineNumber":0,"columnNumber":246898},{"functionName":"call","scriptId":"9","url":"https://rahulshettyacademy.com/client/main.9c44d72685822eee0a0f.js","lineNumber":0,"columnNumber":262331},{"functionName":"subscribe","scriptId":"9","url":"https://rahulshettyacademy.com/client/main.9c44d72685822eee0a0f.js","lineNumber":0,"columnNumber":246898},{"functionName":"call","scriptId":"9","url":"https://rahulshettyacademy.com/client/main.9c44d72685822eee0a0f.js","lineNumber":0,"columnNumber":262331},{"functionName":"subscribe","scriptId":"9","url":"https://rahulshettyacademy.com/client/main.9c44d72685822eee0a0f.js","lineNumber":0,"columnNumber":246898},{"functionName":"call","scriptId":"9","url":"https://rahulshettyacademy.com/client/main.9c44d72685822eee0a0f.js","lineNumber":0,"columnNumber":265941},{"functionName":"subscribe","scriptId":"9","url":"https://rahulshettyacademy.com/client/main.9c44d72685822eee0a0f.js","lineNumber":0,"columnNumber":246898},{"functionName":"call","scriptId":"9","url":"https://rahulshettyacademy.com/client/main.9c44d72685822eee0a0f.js","lineNumber":0,"columnNumber":267376},{"functionName":"subscribe","scriptId":"9","url":"https://rahulshettyacademy.com/client/main.9c44d72685822eee0a0f.js","lineNumber":0,"columnNumber":246898},{"functionName":"login","scriptId":"14","url":"https://rahulshettyacademy.com/client/674.c8a6d45922fab3876c70.js","lineNumber":0,"columnNumber":14410},{"functionName":"","scriptId":"14","url":"https://rahulshettyacademy.com/client/674.c8a6d45922fab3876c70.js","lineNumber":0,"columnNumber":17298},{"functionName":"Bp","scriptId":"9","url":"https://rahulshettyacademy.com/client/main.9c44d72685822eee0a0f.js","lineNumber":0,"columnNumber":101233},{"functionName":"i","scriptId":"9","url":"https://rahulshettyacademy.com/client/main.9c44d72685822eee0a0f.js","lineNumber":0,"columnNumber":101395},{"functionName":"__tryOrUnsub","scriptId":"9","url":"https://rahulshettyacademy.com/client/main.9c44d72685822eee0a0f.js","lineNumber":0,"columnNumber":252917},{"functionName":"next","scriptId":"9","url":"https://rahulshettyacademy.com/client/main.9c44d72685822eee0a0f.js","lineNumber":0,"columnNumber":252142},{"functionName":"_next","scriptId":"9","url":"https://rahulshettyacademy.com/client/main.9c44d72685822eee0a0f.js","lineNumber":0,"columnNumber":251312},{"functionName":"next","scriptId":"9","url":"https://rahulshettyacademy.com/client/main.9c44d72685822eee0a0f.js","lineNumber":0,"columnNumber":251086},{"functionName":"next","scriptId":"9","url":"https://rahulshettyacademy.com/client/main.9c44d72685822eee0a0f.js","lineNumber":0,"columnNumber":249168},{"functionName":"emit","scriptId":"9","url":"https://rahulshettyacademy.com/client/main.9c44d72685822eee0a0f.js","lineNumber":0,"columnNumber":136306},{"functionName":"onSubmit","scriptId":"12","url":"https://rahulshettyacademy.com/client/480.f1614ecd961bd8e3dfd9.js","lineNumber":0,"columnNumber":33303},{"functionName":"","scriptId":"12","url":"https://rahulshettyacademy.com/client/480.f1614ecd961bd8e3dfd9.js","lineNumber":0,"columnNumber":34287},{"functionName":"Bp","scriptId":"9","url":"https://rahulshettyacademy.com/client/main.9c44d72685822eee0a0f.js","lineNumber":0,"columnNumber":101233},{"functionName":"i","scriptId":"9","url":"https://rahulshettyacademy.com/client/main.9c44d72685822eee0a0f.js","lineNumber":0,"columnNumber":101395},{"functionName":"","scriptId":"9","url":"https://rahulshettyacademy.com/client/main.9c44d72685822eee0a0f.js","lineNumber":0,"columnNumber":164144},{"functionName":"invokeTask","scriptId":"7","url":"https://rahulshettyacademy.com/client/polyfills.bd0c6ffd915d0ed70d31.js","lineNumber":0,"columnNumber":7136},{"functionName":"onInvokeTask","scriptId":"9","url":"https://rahulshettyacademy.com/client/main.9c44d72685822eee0a0f.js","lineNumber":0,"columnNumber":146363},{"functionName":"invokeTask","scriptId":"7","url":"https://rahulshettyacademy.com/client/polyfills.bd0c6ffd915d0ed70d31.js","lineNumber":0,"columnNumber":7057},{"functionName":"runTask","scriptId":"7","url":"https://rahulshettyacademy.com/client/polyfills.bd0c6ffd915d0ed70d31.js","lineNumber":0,"columnNumber":2531},{"functionName":"invokeTask","scriptId":"7","url":"https://rahulshettyacademy.com/client/polyfills.bd0c6ffd915d0ed70d31.js","lineNumber":0,"columnNumber":8187},{"functionName":"Z","scriptId":"7","url":"https://rahulshettyacademy.com/client/polyfills.bd0c6ffd915d0ed70d31.js","lineNumber":0,"columnNumber":20798},{"functionName":"N","scriptId":"7","url":"https://rahulshettyacademy.com/client/polyfills.bd0c6ffd915d0ed70d31.js","lineNumber":0,"columnNumber":21091},{"functionName":"B","scriptId":"7","url":"https://rahulshettyacademy.com/client/polyfills.bd0c6ffd915d0ed70d31.js","lineNumber":0,"columnNumber":21357}]}},"redirectHasExtraInfo":false,"type":"XHR","frameId":"F8209B8632C34254706E00CA03EC657F","hasUserGesture":true},"sessionId":"1CDE66F08FC56C634E7945CAE5D83145"}
org.json.JSONException: JSONObject["userPaassword"] not found.
	at org.json.JSONObject.get(JSONObject.java:570)
	at org.json.JSONObject.getString(JSONObject.java:857)
	at StepDefinitions.UITest.LoginPage.FunctionalityStepDefImpl.lambda$logged_in_with_username_and_password$0(FunctionalityStepDefImpl.java:78)
	at org.openqa.selenium.devtools.DevTools.lambda$addListener$0(DevTools.java:104)
	at org.openqa.selenium.devtools.Connection.lambda$handle$5(Connection.java:348)
	at java.base/java.util.stream.ForEachOps$ForEachOp$OfRef.accept(ForEachOps.java:184)
	at java.base/java.util.stream.ReferencePipeline$2$1.accept(ReferencePipeline.java:179)
	at java.base/java.util.stream.ReferencePipeline$15$1.accept(ReferencePipeline.java:541)
	at java.base/java.util.HashMap$EntrySpliterator.forEachRemaining(HashMap.java:1858)
	at java.base/java.util.stream.AbstractPipeline.copyInto(AbstractPipeline.java:509)
	at java.base/java.util.stream.AbstractPipeline.wrapAndCopyInto(AbstractPipeline.java:499)
	at java.base/java.util.stream.ForEachOps$ForEachOp.evaluateSequential(ForEachOps.java:151)
	at java.base/java.util.stream.ForEachOps$ForEachOp$OfRef.evaluateSequential(ForEachOps.java:174)
	at java.base/java.util.stream.AbstractPipeline.evaluate(AbstractPipeline.java:234)
	at java.base/java.util.stream.ReferencePipeline.forEach(ReferencePipeline.java:596)
	at org.openqa.selenium.devtools.Connection.handle(Connection.java:311)
	at org.openqa.selenium.devtools.Connection$Listener.lambda$onText$0(Connection.java:239)
	at java.base/java.util.concurrent.ThreadPoolExecutor.runWorker(ThreadPoolExecutor.java:1144)
	at java.base/java.util.concurrent.ThreadPoolExecutor$Worker.run(ThreadPoolExecutor.java:642)
	at java.base/java.lang.Thread.run(Thread.java:1583)

Exception in thread "CDP Connection" org.openqa.selenium.devtools.DevToolsException: JSONObject["userPaassword"] not found.
Build info: version: '4.23.0', revision: '4df0a231af'
System info: os.name: 'Windows 11', os.arch: 'amd64', os.version: '10.0', java.version: '21.0.5'
Driver info: DevTools Connection
	at org.openqa.selenium.devtools.Connection$Listener.lambda$onText$0(Connection.java:242)
	at java.base/java.util.concurrent.ThreadPoolExecutor.runWorker(ThreadPoolExecutor.java:1144)
	at java.base/java.util.concurrent.ThreadPoolExecutor$Worker.run(ThreadPoolExecutor.java:642)
	at java.base/java.lang.Thread.run(Thread.java:1583)
Caused by: org.json.JSONException: JSONObject["userPaassword"] not found.
	at org.json.JSONObject.get(JSONObject.java:570)
	at org.json.JSONObject.getString(JSONObject.java:857)
	at StepDefinitions.UITest.LoginPage.FunctionalityStepDefImpl.lambda$logged_in_with_username_and_password$0(FunctionalityStepDefImpl.java:78)
	at org.openqa.selenium.devtools.DevTools.lambda$addListener$0(DevTools.java:104)
	at org.openqa.selenium.devtools.Connection.lambda$handle$5(Connection.java:348)
	at java.base/java.util.stream.ForEachOps$ForEachOp$OfRef.accept(ForEachOps.java:184)
	at java.base/java.util.stream.ReferencePipeline$2$1.accept(ReferencePipeline.java:179)
	at java.base/java.util.stream.ReferencePipeline$15$1.accept(ReferencePipeline.java:541)
	at java.base/java.util.HashMap$EntrySpliterator.forEachRemaining(HashMap.java:1858)
	at java.base/java.util.stream.AbstractPipeline.copyInto(AbstractPipeline.java:509)
	at java.base/java.util.stream.AbstractPipeline.wrapAndCopyInto(AbstractPipeline.java:499)
	at java.base/java.util.stream.ForEachOps$ForEachOp.evaluateSequential(ForEachOps.java:151)
	at java.base/java.util.stream.ForEachOps$ForEachOp$OfRef.evaluateSequential(ForEachOps.java:174)
	at java.base/java.util.stream.AbstractPipeline.evaluate(AbstractPipeline.java:234)
	at java.base/java.util.stream.ReferencePipeline.forEach(ReferencePipeline.java:596)
	at org.openqa.selenium.devtools.Connection.handle(Connection.java:311)
	at org.openqa.selenium.devtools.Connection$Listener.lambda$onText$0(Connection.java:239)
	... 3 more
Jan 06, 2025 10:08:42 AM org.openqa.selenium.remote.http.WebSocket$Listener onError
WARNING: Connection reset
java.net.SocketException: Connection reset
	at java.base/sun.nio.ch.SocketChannelImpl.throwConnectionReset(SocketChannelImpl.java:401)
	at java.base/sun.nio.ch.SocketChannelImpl.read(SocketChannelImpl.java:434)
	at java.net.http/jdk.internal.net.http.SocketTube.readAvailable(SocketTube.java:1178)
	at java.net.http/jdk.internal.net.http.SocketTube$InternalReadPublisher$InternalReadSubscription.read(SocketTube.java:841)
	at java.net.http/jdk.internal.net.http.SocketTube$SocketFlowTask.run(SocketTube.java:181)
	at java.net.http/jdk.internal.net.http.common.SequentialScheduler$SchedulableTask.run(SequentialScheduler.java:207)
	at java.net.http/jdk.internal.net.http.common.SequentialScheduler.runOrSchedule(SequentialScheduler.java:280)
	at java.net.http/jdk.internal.net.http.common.SequentialScheduler.runOrSchedule(SequentialScheduler.java:233)
	at java.net.http/jdk.internal.net.http.SocketTube$InternalReadPublisher$InternalReadSubscription.signalReadable(SocketTube.java:782)
	at java.net.http/jdk.internal.net.http.SocketTube$InternalReadPublisher$ReadEvent.signalEvent(SocketTube.java:965)
	at java.net.http/jdk.internal.net.http.SocketTube$SocketFlowEvent.handle(SocketTube.java:253)
	at java.net.http/jdk.internal.net.http.HttpClientImpl$SelectorManager.handleEvent(HttpClientImpl.java:1469)
	at java.net.http/jdk.internal.net.http.HttpClientImpl$SelectorManager.lambda$run$3(HttpClientImpl.java:1414)
	at java.base/java.util.ArrayList.forEach(ArrayList.java:1596)
	at java.net.http/jdk.internal.net.http.HttpClientImpl$SelectorManager.run(HttpClientImpl.java:1414)

]]></system-err>
  </testcase>
  <testcase name="runScenario[&quot;Login page functionality&quot;, &quot;Login functionality&quot;](82)" classname="TestNGTestRunner" time="0.997">
    <system-out><![CDATA[
@Functional
Scenario: Cart button                                                     # src/test/java/FeatureFiles/UITest/OrderConfirmationPage/Functionality.feature:22
  Then "Login Successfully" message is displayed and "AUTOMATION" title is visible    # StepDefinitions.UITest.LoginPage.FunctionalityStepDefImpl.message_is_displayed_and_title_is_visible(java.lang.String,java.lang.String)
]]></system-out>
    <system-err><![CDATA[Jan 06, 2025 10:08:42 AM org.openqa.selenium.devtools.CdpVersionFinder findNearestMatch
WARNING: Unable to find an exact match for CDP version 130, returning the closest version; found: 127; Please update to a Selenium version that supports CDP version 130
Jan 06, 2025 10:08:43 AM org.openqa.selenium.remote.http.WebSocket$Listener onError
WARNING: Connection reset
java.net.SocketException: Connection reset
	at java.base/sun.nio.ch.SocketChannelImpl.throwConnectionReset(SocketChannelImpl.java:401)
	at java.base/sun.nio.ch.SocketChannelImpl.read(SocketChannelImpl.java:434)
	at java.net.http/jdk.internal.net.http.SocketTube.readAvailable(SocketTube.java:1178)
	at java.net.http/jdk.internal.net.http.SocketTube$InternalReadPublisher$InternalReadSubscription.read(SocketTube.java:841)
	at java.net.http/jdk.internal.net.http.SocketTube$SocketFlowTask.run(SocketTube.java:181)
	at java.net.http/jdk.internal.net.http.common.SequentialScheduler$SchedulableTask.run(SequentialScheduler.java:207)
	at java.net.http/jdk.internal.net.http.common.SequentialScheduler.runOrSchedule(SequentialScheduler.java:280)
	at java.net.http/jdk.internal.net.http.common.SequentialScheduler.runOrSchedule(SequentialScheduler.java:233)
	at java.net.http/jdk.internal.net.http.SocketTube$InternalReadPublisher$InternalReadSubscription.signalReadable(SocketTube.java:782)
	at java.net.http/jdk.internal.net.http.SocketTube$InternalReadPublisher$ReadEvent.signalEvent(SocketTube.java:965)
	at java.net.http/jdk.internal.net.http.SocketTube$SocketFlowEvent.handle(SocketTube.java:253)
	at java.net.http/jdk.internal.net.http.HttpClientImpl$SelectorManager.handleEvent(HttpClientImpl.java:1469)
	at java.net.http/jdk.internal.net.http.HttpClientImpl$SelectorManager.lambda$run$3(HttpClientImpl.java:1414)
	at java.base/java.util.ArrayList.forEach(ArrayList.java:1596)
	at java.net.http/jdk.internal.net.http.HttpClientImpl$SelectorManager.run(HttpClientImpl.java:1414)

]]></system-err>
  </testcase>
  <testcase name="runScenario[&quot;Login page functionality&quot;, &quot;Login functionality&quot;](83)" classname="TestNGTestRunner" time="0.622">
    <system-out><![CDATA[
@Functional
Scenario: Logo                                                                # src/test/java/FeatureFiles/UITest/OrderConfirmationPage/Functionality.feature:28
]]></system-out>
    <system-err><![CDATA[Jan 06, 2025 10:08:43 AM org.openqa.selenium.devtools.CdpVersionFinder findNearestMatch
WARNING: Unable to find an exact match for CDP version 130, returning the closest version; found: 127; Please update to a Selenium version that supports CDP version 130
Jan 06, 2025 10:08:43 AM org.openqa.selenium.remote.http.WebSocket$Listener onError
WARNING: Connection reset
java.net.SocketException: Connection reset
	at java.base/sun.nio.ch.SocketChannelImpl.throwConnectionReset(SocketChannelImpl.java:401)
	at java.base/sun.nio.ch.SocketChannelImpl.read(SocketChannelImpl.java:434)
	at java.net.http/jdk.internal.net.http.SocketTube.readAvailable(SocketTube.java:1178)
	at java.net.http/jdk.internal.net.http.SocketTube$InternalReadPublisher$InternalReadSubscription.read(SocketTube.java:841)
	at java.net.http/jdk.internal.net.http.SocketTube$SocketFlowTask.run(SocketTube.java:181)
	at java.net.http/jdk.internal.net.http.common.SequentialScheduler$SchedulableTask.run(SequentialScheduler.java:207)
	at java.net.http/jdk.internal.net.http.common.SequentialScheduler.runOrSchedule(SequentialScheduler.java:280)
	at java.net.http/jdk.internal.net.http.common.SequentialScheduler.runOrSchedule(SequentialScheduler.java:233)
	at java.net.http/jdk.internal.net.http.SocketTube$InternalReadPublisher$InternalReadSubscription.signalReadable(SocketTube.java:782)
	at java.net.http/jdk.internal.net.http.SocketTube$InternalReadPublisher$ReadEvent.signalEvent(SocketTube.java:965)
	at java.net.http/jdk.internal.net.http.SocketTube$SocketFlowEvent.handle(SocketTube.java:253)
	at java.net.http/jdk.internal.net.http.HttpClientImpl$SelectorManager.handleEvent(HttpClientImpl.java:1469)
	at java.net.http/jdk.internal.net.http.HttpClientImpl$SelectorManager.lambda$run$3(HttpClientImpl.java:1414)
	at java.base/java.util.ArrayList.forEach(ArrayList.java:1596)
	at java.net.http/jdk.internal.net.http.HttpClientImpl$SelectorManager.run(HttpClientImpl.java:1414)

]]></system-err>
  </testcase>
  <testcase name="runScenario[&quot;Login page functionality&quot;, &quot;Login functionality&quot;](84)" classname="TestNGTestRunner" time="0.718">
    <system-out><![CDATA[
@Functional
Scenario: Orders link                                          # src/test/java/FeatureFiles/UITest/OrderConfirmationPage/Functionality.feature:34
]]></system-out>
    <system-err><![CDATA[Jan 06, 2025 10:08:44 AM org.openqa.selenium.devtools.CdpVersionFinder findNearestMatch
WARNING: Unable to find an exact match for CDP version 130, returning the closest version; found: 127; Please update to a Selenium version that supports CDP version 130
Jan 06, 2025 10:08:44 AM org.openqa.selenium.remote.http.WebSocket$Listener onError
WARNING: Connection reset
java.net.SocketException: Connection reset
	at java.base/sun.nio.ch.SocketChannelImpl.throwConnectionReset(SocketChannelImpl.java:401)
	at java.base/sun.nio.ch.SocketChannelImpl.read(SocketChannelImpl.java:434)
	at java.net.http/jdk.internal.net.http.SocketTube.readAvailable(SocketTube.java:1178)
	at java.net.http/jdk.internal.net.http.SocketTube$InternalReadPublisher$InternalReadSubscription.read(SocketTube.java:841)
	at java.net.http/jdk.internal.net.http.SocketTube$SocketFlowTask.run(SocketTube.java:181)
	at java.net.http/jdk.internal.net.http.common.SequentialScheduler$SchedulableTask.run(SequentialScheduler.java:207)
	at java.net.http/jdk.internal.net.http.common.SequentialScheduler.runOrSchedule(SequentialScheduler.java:280)
	at java.net.http/jdk.internal.net.http.common.SequentialScheduler.runOrSchedule(SequentialScheduler.java:233)
	at java.net.http/jdk.internal.net.http.SocketTube$InternalReadPublisher$InternalReadSubscription.signalReadable(SocketTube.java:782)
	at java.net.http/jdk.internal.net.http.SocketTube$InternalReadPublisher$ReadEvent.signalEvent(SocketTube.java:965)
	at java.net.http/jdk.internal.net.http.SocketTube$SocketFlowEvent.handle(SocketTube.java:253)
	at java.net.http/jdk.internal.net.http.HttpClientImpl$SelectorManager.handleEvent(HttpClientImpl.java:1469)
	at java.net.http/jdk.internal.net.http.HttpClientImpl$SelectorManager.lambda$run$3(HttpClientImpl.java:1414)
	at java.base/java.util.ArrayList.forEach(ArrayList.java:1596)
	at java.net.http/jdk.internal.net.http.HttpClientImpl$SelectorManager.run(HttpClientImpl.java:1414)

]]></system-err>
  </testcase>
  <testcase name="runScenario[&quot;Product details in chekout page&quot;, &quot;Checkout Page functionality&quot;](85)" classname="TestNGTestRunner" time="14.775">
    <system-out><![CDATA[
@Functional
Scenario: Product details, order id, url                       # src/test/java/FeatureFiles/UITest/OrderConfirmationPage/Functionality.feature:40
  Then Verify all product details                    # StepDefinitions.UITest.CheckoutPage.FunctionalityStepDefImpl.verifyAllProductDetails()
  When User clicks on checkout button                # StepDefinitions.UITest.CheckoutPage.FunctionalityStepDefImpl.userClicksOnCheckoutButton()
      org.openqa.selenium.NoSuchElementException: no such element: Unable to locate element: {"method":"css selector","selector":".totalRow button"}
  (Session info: chrome=130.0.6723.70)
For documentation on this error, please visit: https://www.selenium.dev/documentation/webdriver/troubleshooting/errors#no-such-element-exception
Build info: version: '4.23.0', revision: '4df0a231af'
System info: os.name: 'Windows 11', os.arch: 'amd64', os.version: '10.0', java.version: '21.0.5'
Driver info: org.openqa.selenium.chrome.ChromeDriver
Command: [a6cb1dd0a2c66f81635d2b50f51d331c, findElement {value=.totalRow button, using=css selector}]
Capabilities {acceptInsecureCerts: false, browserName: chrome, browserVersion: 130.0.6723.70, chrome: {chromedriverVersion: 130.0.6723.116 (6ac35f94ae3..., userDataDir: C:\Users\santh\AppData\Loca...}, fedcm:accounts: true, goog:chromeOptions: {debuggerAddress: localhost:54656}, networkConnectionEnabled: false, pageLoadStrategy: normal, platformName: windows, proxy: Proxy(), se:cdp: ws://localhost:54656/devtoo..., se:cdpVersion: 130.0.6723.70, setWindowRect: true, strictFileInteractability: false, timeouts: {implicit: 0, pageLoad: 300000, script: 30000}, unhandledPromptBehavior: dismiss and notify, webauthn:extension:credBlob: true, webauthn:extension:largeBlob: true, webauthn:extension:minPinLength: true, webauthn:extension:prf: true, webauthn:virtualAuthenticators: true}
Session ID: a6cb1dd0a2c66f81635d2b50f51d331c
	at java.base/jdk.internal.reflect.DirectConstructorHandleAccessor.newInstance(DirectConstructorHandleAccessor.java:62)
	at java.base/java.lang.reflect.Constructor.newInstanceWithCaller(Constructor.java:502)
	at java.base/java.lang.reflect.Constructor.newInstance(Constructor.java:486)
	at org.openqa.selenium.remote.ErrorCodec.decode(ErrorCodec.java:167)
	at org.openqa.selenium.remote.codec.w3c.W3CHttpResponseCodec.decode(W3CHttpResponseCodec.java:138)
	at org.openqa.selenium.remote.codec.w3c.W3CHttpResponseCodec.decode(W3CHttpResponseCodec.java:50)
	at org.openqa.selenium.remote.HttpCommandExecutor.execute(HttpCommandExecutor.java:190)
	at org.openqa.selenium.remote.service.DriverCommandExecutor.invokeExecute(DriverCommandExecutor.java:216)
	at org.openqa.selenium.remote.service.DriverCommandExecutor.execute(DriverCommandExecutor.java:174)
	at org.openqa.selenium.remote.RemoteWebDriver.execute(RemoteWebDriver.java:527)
	at org.openqa.selenium.remote.ElementLocation$ElementFinder$2.findElement(ElementLocation.java:165)
	at org.openqa.selenium.remote.ElementLocation.findElement(ElementLocation.java:59)
	at org.openqa.selenium.remote.RemoteWebDriver.findElement(RemoteWebDriver.java:357)
	at org.openqa.selenium.remote.RemoteWebDriver.findElement(RemoteWebDriver.java:351)
	at org.openqa.selenium.support.pagefactory.DefaultElementLocator.findElement(DefaultElementLocator.java:68)
	at org.openqa.selenium.support.pagefactory.internal.LocatingElementHandler.invoke(LocatingElementHandler.java:38)
	at jdk.proxy2/jdk.proxy2.$Proxy27.getWrappedElement(Unknown Source)
	at org.openqa.selenium.remote.WebElementToJsonConverter.apply(WebElementToJsonConverter.java:48)
	at java.base/java.util.stream.ReferencePipeline$3$1.accept(ReferencePipeline.java:197)
	at java.base/java.util.Spliterators$ArraySpliterator.forEachRemaining(Spliterators.java:1024)
	at java.base/java.util.stream.AbstractPipeline.copyInto(AbstractPipeline.java:509)
	at java.base/java.util.stream.AbstractPipeline.wrapAndCopyInto(AbstractPipeline.java:499)
	at java.base/java.util.stream.ReduceOps$ReduceOp.evaluateSequential(ReduceOps.java:921)
	at java.base/java.util.stream.AbstractPipeline.evaluate(AbstractPipeline.java:234)
	at java.base/java.util.stream.ReferencePipeline.collect(ReferencePipeline.java:682)
	at org.openqa.selenium.remote.RemoteWebDriver.executeScript(RemoteWebDriver.java:463)
	at PageObjects.CartPage.checkout(CartPage.java:72)
	at StepDefinitions.UITest.CheckoutPage.FunctionalityStepDefImpl.userClicksOnCheckoutButton(FunctionalityStepDefImpl.java:167)
	at ✽.User clicks on checkout button(file:///C:/Users/santh/Desktop/Ecommerce%20Automation/Selenium/EcommercePractise/src/test/java/FeatureFiles/UITest/CheckoutPage/Functionality.feature:41)

  Then Verify all product details in checkout page   # StepDefinitions.UITest.CheckoutPage.FunctionalityStepDefImpl.verifyAllProductDetailsInCheckoutPage()
  When User fills country details and submits order     # StepDefinitions.UITest.CheckoutPage.FunctionalityStepDefImpl.userFillsCountryDetailsAndSubmitsOrder()
{"orders":[{"country":"India","productOrderedId":"6581ca979fd99c85e8ee7faf"},{"country":"India","productOrderedId":"6701364cae2afd4c0b90113c"}]}
  Then Verify that order confirmation page is displayed # StepDefinitions.UITest.CheckoutPage.FunctionalityStepDefImpl.verifyThatOrderConfirmationPageIsDisplayed()
]]></system-out>
    <system-err><![CDATA[Jan 06, 2025 10:08:46 AM org.openqa.selenium.devtools.CdpVersionFinder findNearestMatch
WARNING: Unable to find an exact match for CDP version 130, returning the closest version; found: 127; Please update to a Selenium version that supports CDP version 130
Jan 06, 2025 10:08:46 AM org.openqa.selenium.devtools.CdpVersionFinder findNearestMatch
WARNING: Unable to find an exact match for CDP version 130, returning the closest version; found: 127; Please update to a Selenium version that supports CDP version 130
Jan 06, 2025 10:08:48 AM org.openqa.selenium.devtools.CdpVersionFinder findNearestMatch
WARNING: Unable to find an exact match for CDP version 130, returning the closest version; found: 127; Please update to a Selenium version that supports CDP version 130
java.lang.AssertionError: Product should match product count in cart expected [3] but found [2]
	at org.testng.Assert.fail(Assert.java:111)
	at org.testng.Assert.failNotEquals(Assert.java:1578)
	at org.testng.Assert.assertEqualsImpl(Assert.java:150)
	at org.testng.Assert.assertEquals(Assert.java:132)
	at org.testng.Assert.assertEquals(Assert.java:1419)
	at org.testng.Assert.assertEquals(Assert.java:1383)
	at StepDefinitions.UITest.CheckoutPage.FunctionalityStepDefImpl.lambda$userFillsCountryDetailsAndSubmitsOrder$0(FunctionalityStepDefImpl.java:217)
	at org.openqa.selenium.devtools.DevTools.lambda$addListener$0(DevTools.java:104)
	at org.openqa.selenium.devtools.Connection.lambda$handle$5(Connection.java:348)
	at java.base/java.util.stream.ForEachOps$ForEachOp$OfRef.accept(ForEachOps.java:184)
	at java.base/java.util.stream.ReferencePipeline$2$1.accept(ReferencePipeline.java:179)
	at java.base/java.util.stream.ReferencePipeline$15$1.accept(ReferencePipeline.java:541)
	at java.base/java.util.HashMap$EntrySpliterator.forEachRemaining(HashMap.java:1858)
	at java.base/java.util.stream.AbstractPipeline.copyInto(AbstractPipeline.java:509)
	at java.base/java.util.stream.AbstractPipeline.wrapAndCopyInto(AbstractPipeline.java:499)
	at java.base/java.util.stream.ForEachOps$ForEachOp.evaluateSequential(ForEachOps.java:151)
	at java.base/java.util.stream.ForEachOps$ForEachOp$OfRef.evaluateSequential(ForEachOps.java:174)
	at java.base/java.util.stream.AbstractPipeline.evaluate(AbstractPipeline.java:234)
	at java.base/java.util.stream.ReferencePipeline.forEach(ReferencePipeline.java:596)
	at org.openqa.selenium.devtools.Connection.handle(Connection.java:311)
	at org.openqa.selenium.devtools.Connection$Listener.lambda$onText$0(Connection.java:239)
	at java.base/java.util.concurrent.ThreadPoolExecutor.runWorker(ThreadPoolExecutor.java:1144)
	at java.base/java.util.concurrent.ThreadPoolExecutor$Worker.run(ThreadPoolExecutor.java:642)
	at java.base/java.lang.Thread.run(Thread.java:1583)
Jan 06, 2025 10:08:59 AM org.openqa.selenium.remote.http.WebSocket$Listener onError
WARNING: Connection reset
java.net.SocketException: Connection reset
	at java.base/sun.nio.ch.SocketChannelImpl.throwConnectionReset(SocketChannelImpl.java:401)
	at java.base/sun.nio.ch.SocketChannelImpl.read(SocketChannelImpl.java:434)
	at java.net.http/jdk.internal.net.http.SocketTube.readAvailable(SocketTube.java:1178)
	at java.net.http/jdk.internal.net.http.SocketTube$InternalReadPublisher$InternalReadSubscription.read(SocketTube.java:841)
	at java.net.http/jdk.internal.net.http.SocketTube$SocketFlowTask.run(SocketTube.java:181)
	at java.net.http/jdk.internal.net.http.common.SequentialScheduler$SchedulableTask.run(SequentialScheduler.java:207)
	at java.net.http/jdk.internal.net.http.common.SequentialScheduler.runOrSchedule(SequentialScheduler.java:280)
	at java.net.http/jdk.internal.net.http.common.SequentialScheduler.runOrSchedule(SequentialScheduler.java:233)
	at java.net.http/jdk.internal.net.http.SocketTube$InternalReadPublisher$InternalReadSubscription.signalReadable(SocketTube.java:782)
	at java.net.http/jdk.internal.net.http.SocketTube$InternalReadPublisher$ReadEvent.signalEvent(SocketTube.java:965)
	at java.net.http/jdk.internal.net.http.SocketTube$SocketFlowEvent.handle(SocketTube.java:253)
	at java.net.http/jdk.internal.net.http.HttpClientImpl$SelectorManager.handleEvent(HttpClientImpl.java:1469)
	at java.net.http/jdk.internal.net.http.HttpClientImpl$SelectorManager.lambda$run$3(HttpClientImpl.java:1414)
	at java.base/java.util.ArrayList.forEach(ArrayList.java:1596)
	at java.net.http/jdk.internal.net.http.HttpClientImpl$SelectorManager.run(HttpClientImpl.java:1414)

]]></system-err>
  </testcase>
  <testcase name="runScenario[&quot;Product details in chekout page&quot;, &quot;Checkout Page functionality&quot;](86)" classname="TestNGTestRunner" time="0.803">
    <failure message="no such element: Unable to locate element: {&quot;method&quot;:&quot;css selector&quot;,&quot;selector&quot;:&quot;.totalRow button&quot;}&#10;  (Session info: chrome=130.0.6723.70)&#10;For documentation on this error, please visit: https://www.selenium.dev/documentation/webdriver/troubleshooting/errors#no-such-element-exception&#10;Build info: version: &apos;4.23.0&apos;, revision: &apos;4df0a231af&apos;&#10;System info: os.name: &apos;Windows 11&apos;, os.arch: &apos;amd64&apos;, os.version: &apos;10.0&apos;, java.version: &apos;21.0.5&apos;&#10;Driver info: org.openqa.selenium.chrome.ChromeDriver&#10;Command: [a6cb1dd0a2c66f81635d2b50f51d331c, findElement {value=.totalRow button, using=css selector}]&#10;Capabilities {acceptInsecureCerts: false, browserName: chrome, browserVersion: 130.0.6723.70, chrome: {chromedriverVersion: 130.0.6723.116 (6ac35f94ae3..., userDataDir: C:\Users\santh\AppData\Loca...}, fedcm:accounts: true, goog:chromeOptions: {debuggerAddress: localhost:54656}, networkConnectionEnabled: false, pageLoadStrategy: normal, platformName: windows, proxy: Proxy(), se:cdp: ws://localhost:54656/devtoo..., se:cdpVersion: 130.0.6723.70, setWindowRect: true, strictFileInteractability: false, timeouts: {implicit: 0, pageLoad: 300000, script: 30000}, unhandledPromptBehavior: dismiss and notify, webauthn:extension:credBlob: true, webauthn:extension:largeBlob: true, webauthn:extension:minPinLength: true, webauthn:extension:prf: true, webauthn:virtualAuthenticators: true}&#10;Session ID: a6cb1dd0a2c66f81635d2b50f51d331c" type="org.openqa.selenium.NoSuchElementException"><![CDATA[org.openqa.selenium.NoSuchElementException: 
no such element: Unable to locate element: {"method":"css selector","selector":".totalRow button"}
  (Session info: chrome=130.0.6723.70)
For documentation on this error, please visit: https://www.selenium.dev/documentation/webdriver/troubleshooting/errors#no-such-element-exception
Build info: version: '4.23.0', revision: '4df0a231af'
System info: os.name: 'Windows 11', os.arch: 'amd64', os.version: '10.0', java.version: '21.0.5'
Driver info: org.openqa.selenium.chrome.ChromeDriver
Command: [a6cb1dd0a2c66f81635d2b50f51d331c, findElement {value=.totalRow button, using=css selector}]
Capabilities {acceptInsecureCerts: false, browserName: chrome, browserVersion: 130.0.6723.70, chrome: {chromedriverVersion: 130.0.6723.116 (6ac35f94ae3..., userDataDir: C:\Users\santh\AppData\Loca...}, fedcm:accounts: true, goog:chromeOptions: {debuggerAddress: localhost:54656}, networkConnectionEnabled: false, pageLoadStrategy: normal, platformName: windows, proxy: Proxy(), se:cdp: ws://localhost:54656/devtoo..., se:cdpVersion: 130.0.6723.70, setWindowRect: true, strictFileInteractability: false, timeouts: {implicit: 0, pageLoad: 300000, script: 30000}, unhandledPromptBehavior: dismiss and notify, webauthn:extension:credBlob: true, webauthn:extension:largeBlob: true, webauthn:extension:minPinLength: true, webauthn:extension:prf: true, webauthn:virtualAuthenticators: true}
Session ID: a6cb1dd0a2c66f81635d2b50f51d331c
	at java.base/jdk.internal.reflect.DirectConstructorHandleAccessor.newInstance(DirectConstructorHandleAccessor.java:62)
	at java.base/java.lang.reflect.Constructor.newInstanceWithCaller(Constructor.java:502)
	at java.base/java.lang.reflect.Constructor.newInstance(Constructor.java:486)
	at org.openqa.selenium.remote.ErrorCodec.decode(ErrorCodec.java:167)
	at org.openqa.selenium.remote.codec.w3c.W3CHttpResponseCodec.decode(W3CHttpResponseCodec.java:138)
	at org.openqa.selenium.remote.codec.w3c.W3CHttpResponseCodec.decode(W3CHttpResponseCodec.java:50)
	at org.openqa.selenium.remote.HttpCommandExecutor.execute(HttpCommandExecutor.java:190)
	at org.openqa.selenium.remote.service.DriverCommandExecutor.invokeExecute(DriverCommandExecutor.java:216)
	at org.openqa.selenium.remote.service.DriverCommandExecutor.execute(DriverCommandExecutor.java:174)
	at org.openqa.selenium.remote.RemoteWebDriver.execute(RemoteWebDriver.java:527)
	at org.openqa.selenium.remote.ElementLocation$ElementFinder$2.findElement(ElementLocation.java:165)
	at org.openqa.selenium.remote.ElementLocation.findElement(ElementLocation.java:59)
	at org.openqa.selenium.remote.RemoteWebDriver.findElement(RemoteWebDriver.java:357)
	at org.openqa.selenium.remote.RemoteWebDriver.findElement(RemoteWebDriver.java:351)
	at org.openqa.selenium.support.pagefactory.DefaultElementLocator.findElement(DefaultElementLocator.java:68)
	at org.openqa.selenium.support.pagefactory.internal.LocatingElementHandler.invoke(LocatingElementHandler.java:38)
	at jdk.proxy2/jdk.proxy2.$Proxy27.getWrappedElement(Unknown Source)
	at org.openqa.selenium.remote.WebElementToJsonConverter.apply(WebElementToJsonConverter.java:48)
	at java.base/java.util.stream.ReferencePipeline$3$1.accept(ReferencePipeline.java:197)
	at java.base/java.util.Spliterators$ArraySpliterator.forEachRemaining(Spliterators.java:1024)
	at java.base/java.util.stream.AbstractPipeline.copyInto(AbstractPipeline.java:509)
	at java.base/java.util.stream.AbstractPipeline.wrapAndCopyInto(AbstractPipeline.java:499)
	at java.base/java.util.stream.ReduceOps$ReduceOp.evaluateSequential(ReduceOps.java:921)
	at java.base/java.util.stream.AbstractPipeline.evaluate(AbstractPipeline.java:234)
	at java.base/java.util.stream.ReferencePipeline.collect(ReferencePipeline.java:682)
	at org.openqa.selenium.remote.RemoteWebDriver.executeScript(RemoteWebDriver.java:463)
	at PageObjects.CartPage.checkout(CartPage.java:72)
	at StepDefinitions.UITest.CheckoutPage.FunctionalityStepDefImpl.userClicksOnCheckoutButton(FunctionalityStepDefImpl.java:167)
	at ✽.User clicks on checkout button(file:///C:/Users/santh/Desktop/Ecommerce%20Automation/Selenium/EcommercePractise/src/test/java/FeatureFiles/UITest/CheckoutPage/Functionality.feature:41)
]]></failure>
    <system-out><![CDATA[
@FunctionalFileDownload
Scenario: Download buttons                                        # src/test/java/FeatureFiles/UITest/OrderConfirmationPage/Functionality.feature:45
]]></system-out>
    <system-err><![CDATA[Jan 06, 2025 10:09:00 AM org.openqa.selenium.remote.http.WebSocket$Listener onError
WARNING: Connection reset
java.net.SocketException: Connection reset
	at java.base/sun.nio.ch.SocketChannelImpl.throwConnectionReset(SocketChannelImpl.java:401)
	at java.base/sun.nio.ch.SocketChannelImpl.read(SocketChannelImpl.java:434)
	at java.net.http/jdk.internal.net.http.SocketTube.readAvailable(SocketTube.java:1178)
	at java.net.http/jdk.internal.net.http.SocketTube$InternalReadPublisher$InternalReadSubscription.read(SocketTube.java:841)
	at java.net.http/jdk.internal.net.http.SocketTube$SocketFlowTask.run(SocketTube.java:181)
	at java.net.http/jdk.internal.net.http.common.SequentialScheduler$SchedulableTask.run(SequentialScheduler.java:207)
	at java.net.http/jdk.internal.net.http.common.SequentialScheduler.runOrSchedule(SequentialScheduler.java:280)
	at java.net.http/jdk.internal.net.http.common.SequentialScheduler.runOrSchedule(SequentialScheduler.java:233)
	at java.net.http/jdk.internal.net.http.SocketTube$InternalReadPublisher$InternalReadSubscription.signalReadable(SocketTube.java:782)
	at java.net.http/jdk.internal.net.http.SocketTube$InternalReadPublisher$ReadEvent.signalEvent(SocketTube.java:965)
	at java.net.http/jdk.internal.net.http.SocketTube$SocketFlowEvent.handle(SocketTube.java:253)
	at java.net.http/jdk.internal.net.http.HttpClientImpl$SelectorManager.handleEvent(HttpClientImpl.java:1469)
	at java.net.http/jdk.internal.net.http.HttpClientImpl$SelectorManager.lambda$run$3(HttpClientImpl.java:1414)
	at java.base/java.util.ArrayList.forEach(ArrayList.java:1596)
	at java.net.http/jdk.internal.net.http.HttpClientImpl$SelectorManager.run(HttpClientImpl.java:1414)

]]></system-err>
  </testcase>
  <testcase name="runScenario[&quot;Completeing order&quot;, &quot;Checkout Page functionality&quot;](87)" classname="TestNGTestRunner" time="1.087">
    <system-out><![CDATA[
@Functional
Scenario: Home button                                                                         # src/test/java/FeatureFiles/UITest/OrderPage/Functionality.feature:4
]]></system-out>
    <system-err><![CDATA[Jan 06, 2025 10:09:01 AM org.openqa.selenium.remote.http.WebSocket$Listener onError
WARNING: Connection reset
java.net.SocketException: Connection reset
	at java.base/sun.nio.ch.SocketChannelImpl.throwConnectionReset(SocketChannelImpl.java:401)
	at java.base/sun.nio.ch.SocketChannelImpl.read(SocketChannelImpl.java:434)
	at java.net.http/jdk.internal.net.http.SocketTube.readAvailable(SocketTube.java:1178)
	at java.net.http/jdk.internal.net.http.SocketTube$InternalReadPublisher$InternalReadSubscription.read(SocketTube.java:841)
	at java.net.http/jdk.internal.net.http.SocketTube$SocketFlowTask.run(SocketTube.java:181)
	at java.net.http/jdk.internal.net.http.common.SequentialScheduler$SchedulableTask.run(SequentialScheduler.java:207)
	at java.net.http/jdk.internal.net.http.common.SequentialScheduler.runOrSchedule(SequentialScheduler.java:280)
	at java.net.http/jdk.internal.net.http.common.SequentialScheduler.runOrSchedule(SequentialScheduler.java:233)
	at java.net.http/jdk.internal.net.http.SocketTube$InternalReadPublisher$InternalReadSubscription.signalReadable(SocketTube.java:782)
	at java.net.http/jdk.internal.net.http.SocketTube$InternalReadPublisher$ReadEvent.signalEvent(SocketTube.java:965)
	at java.net.http/jdk.internal.net.http.SocketTube$SocketFlowEvent.handle(SocketTube.java:253)
	at java.net.http/jdk.internal.net.http.HttpClientImpl$SelectorManager.handleEvent(HttpClientImpl.java:1469)
	at java.net.http/jdk.internal.net.http.HttpClientImpl$SelectorManager.lambda$run$3(HttpClientImpl.java:1414)
	at java.base/java.util.ArrayList.forEach(ArrayList.java:1596)
	at java.net.http/jdk.internal.net.http.HttpClientImpl$SelectorManager.run(HttpClientImpl.java:1414)

]]></system-err>
  </testcase>
  <testcase name="runScenario[&quot;Home button&quot;, &quot;Order Page functionality&quot;](88)" classname="TestNGTestRunner" time="10.676">
    <system-out><![CDATA[
@Functional
Scenario: Orders button                                               # src/test/java/FeatureFiles/UITest/OrderPage/Functionality.feature:10
  Given User landed on ECommerece page order page                                             # StepDefinitions.UITest.OrderPage.FunctionalityStepDefImpl.userLandedOnECommerecePageOrderPage()
  When User clicks on home button in order page                                               # StepDefinitions.UITest.OrderPage.FunctionalityStepDefImpl.userClicksOnHomeButtonInOrderPage()
  Then "AUTOMATION" message is displayed and user is redirected Products page from order page # StepDefinitions.UITest.OrderPage.FunctionalityStepDefImpl.messageIsDisplayedAndUserIsRedirectedProductsPageFromOrderPage(java.lang.String)
  Given User landed on ECommerece page order page                     # StepDefinitions.UITest.OrderPage.FunctionalityStepDefImpl.userLandedOnECommerecePageOrderPage()
  When User clicks on orders button in order page                     # StepDefinitions.UITest.OrderPage.FunctionalityStepDefImpl.userClicksOnOrdersButtonInOrderPage()
]]></system-out>
    <system-err><![CDATA[Jan 06, 2025 10:09:01 AM org.openqa.selenium.devtools.CdpVersionFinder findNearestMatch
WARNING: Unable to find an exact match for CDP version 130, returning the closest version; found: 127; Please update to a Selenium version that supports CDP version 130
Jan 06, 2025 10:09:02 AM org.openqa.selenium.devtools.CdpVersionFinder findNearestMatch
WARNING: Unable to find an exact match for CDP version 130, returning the closest version; found: 127; Please update to a Selenium version that supports CDP version 130
Jan 06, 2025 10:09:03 AM org.openqa.selenium.devtools.CdpVersionFinder findNearestMatch
WARNING: Unable to find an exact match for CDP version 130, returning the closest version; found: 127; Please update to a Selenium version that supports CDP version 130
Jan 06, 2025 10:09:11 AM org.openqa.selenium.remote.http.WebSocket$Listener onError
WARNING: Connection reset
java.net.SocketException: Connection reset
	at java.base/sun.nio.ch.SocketChannelImpl.throwConnectionReset(SocketChannelImpl.java:401)
	at java.base/sun.nio.ch.SocketChannelImpl.read(SocketChannelImpl.java:434)
	at java.net.http/jdk.internal.net.http.SocketTube.readAvailable(SocketTube.java:1178)
	at java.net.http/jdk.internal.net.http.SocketTube$InternalReadPublisher$InternalReadSubscription.read(SocketTube.java:841)
	at java.net.http/jdk.internal.net.http.SocketTube$SocketFlowTask.run(SocketTube.java:181)
	at java.net.http/jdk.internal.net.http.common.SequentialScheduler$SchedulableTask.run(SequentialScheduler.java:207)
	at java.net.http/jdk.internal.net.http.common.SequentialScheduler.runOrSchedule(SequentialScheduler.java:280)
	at java.net.http/jdk.internal.net.http.common.SequentialScheduler.runOrSchedule(SequentialScheduler.java:233)
	at java.net.http/jdk.internal.net.http.SocketTube$InternalReadPublisher$InternalReadSubscription.signalReadable(SocketTube.java:782)
	at java.net.http/jdk.internal.net.http.SocketTube$InternalReadPublisher$ReadEvent.signalEvent(SocketTube.java:965)
	at java.net.http/jdk.internal.net.http.SocketTube$SocketFlowEvent.handle(SocketTube.java:253)
	at java.net.http/jdk.internal.net.http.HttpClientImpl$SelectorManager.handleEvent(HttpClientImpl.java:1469)
	at java.net.http/jdk.internal.net.http.HttpClientImpl$SelectorManager.lambda$run$3(HttpClientImpl.java:1414)
	at java.base/java.util.ArrayList.forEach(ArrayList.java:1596)
	at java.net.http/jdk.internal.net.http.HttpClientImpl$SelectorManager.run(HttpClientImpl.java:1414)

]]></system-err>
  </testcase>
  <testcase name="runScenario[&quot;Orders button&quot;, &quot;Order Page functionality&quot;](89)" classname="TestNGTestRunner" time="2.362">
    <system-out><![CDATA[
@Functional
Scenario: Signout button                                                                       # src/test/java/FeatureFiles/UITest/OrderPage/Functionality.feature:16
  Then user is redirected to Orders page is displayed from order page # StepDefinitions.UITest.OrderPage.FunctionalityStepDefImpl.userIsRedirectedToOrdersPageIsDisplayedFromOrderPage()
  Given User landed on ECommerece page order confirmation page                 # StepDefinitions.UITest.OrderConfirmationPage.FunctionalityStepDefImpl.userLandedOnECommerecePageOrderConfirmationPage()
      org.openqa.selenium.NoSuchElementException: no such element: Unable to locate element: {"method":"css selector","selector":".totalRow button"}
  (Session info: chrome=130.0.6723.70)
For documentation on this error, please visit: https://www.selenium.dev/documentation/webdriver/troubleshooting/errors#no-such-element-exception
Build info: version: '4.23.0', revision: '4df0a231af'
System info: os.name: 'Windows 11', os.arch: 'amd64', os.version: '10.0', java.version: '21.0.5'
Driver info: org.openqa.selenium.chrome.ChromeDriver
Command: [4906aa1494f671b14ef21965947f2295, findElement {value=.totalRow button, using=css selector}]
Capabilities {acceptInsecureCerts: false, browserName: chrome, browserVersion: 130.0.6723.70, chrome: {chromedriverVersion: 130.0.6723.116 (6ac35f94ae3..., userDataDir: C:\Users\santh\AppData\Loca...}, fedcm:accounts: true, goog:chromeOptions: {debuggerAddress: localhost:55235}, networkConnectionEnabled: false, pageLoadStrategy: normal, platformName: windows, proxy: Proxy(), se:cdp: ws://localhost:55235/devtoo..., se:cdpVersion: 130.0.6723.70, setWindowRect: true, strictFileInteractability: false, timeouts: {implicit: 0, pageLoad: 300000, script: 30000}, unhandledPromptBehavior: dismiss and notify, webauthn:extension:credBlob: true, webauthn:extension:largeBlob: true, webauthn:extension:minPinLength: true, webauthn:extension:prf: true, webauthn:virtualAuthenticators: true}
Session ID: 4906aa1494f671b14ef21965947f2295
	at java.base/jdk.internal.reflect.DirectConstructorHandleAccessor.newInstance(DirectConstructorHandleAccessor.java:62)
	at java.base/java.lang.reflect.Constructor.newInstanceWithCaller(Constructor.java:502)
	at java.base/java.lang.reflect.Constructor.newInstance(Constructor.java:486)
	at org.openqa.selenium.remote.ErrorCodec.decode(ErrorCodec.java:167)
	at org.openqa.selenium.remote.codec.w3c.W3CHttpResponseCodec.decode(W3CHttpResponseCodec.java:138)
	at org.openqa.selenium.remote.codec.w3c.W3CHttpResponseCodec.decode(W3CHttpResponseCodec.java:50)
	at org.openqa.selenium.remote.HttpCommandExecutor.execute(HttpCommandExecutor.java:190)
	at org.openqa.selenium.remote.service.DriverCommandExecutor.invokeExecute(DriverCommandExecutor.java:216)
	at org.openqa.selenium.remote.service.DriverCommandExecutor.execute(DriverCommandExecutor.java:174)
	at org.openqa.selenium.remote.RemoteWebDriver.execute(RemoteWebDriver.java:527)
	at org.openqa.selenium.remote.ElementLocation$ElementFinder$2.findElement(ElementLocation.java:165)
	at org.openqa.selenium.remote.ElementLocation.findElement(ElementLocation.java:59)
	at org.openqa.selenium.remote.RemoteWebDriver.findElement(RemoteWebDriver.java:357)
	at org.openqa.selenium.remote.RemoteWebDriver.findElement(RemoteWebDriver.java:351)
	at org.openqa.selenium.support.pagefactory.DefaultElementLocator.findElement(DefaultElementLocator.java:68)
	at org.openqa.selenium.support.pagefactory.internal.LocatingElementHandler.invoke(LocatingElementHandler.java:38)
	at jdk.proxy2/jdk.proxy2.$Proxy27.getWrappedElement(Unknown Source)
	at org.openqa.selenium.remote.WebElementToJsonConverter.apply(WebElementToJsonConverter.java:48)
	at java.base/java.util.stream.ReferencePipeline$3$1.accept(ReferencePipeline.java:197)
	at java.base/java.util.Spliterators$ArraySpliterator.forEachRemaining(Spliterators.java:1024)
	at java.base/java.util.stream.AbstractPipeline.copyInto(AbstractPipeline.java:509)
	at java.base/java.util.stream.AbstractPipeline.wrapAndCopyInto(AbstractPipeline.java:499)
	at java.base/java.util.stream.ReduceOps$ReduceOp.evaluateSequential(ReduceOps.java:921)
	at java.base/java.util.stream.AbstractPipeline.evaluate(AbstractPipeline.java:234)
	at java.base/java.util.stream.ReferencePipeline.collect(ReferencePipeline.java:682)
	at org.openqa.selenium.remote.RemoteWebDriver.executeScript(RemoteWebDriver.java:463)
	at PageObjects.CartPage.checkout(CartPage.java:72)
	at StepDefinitions.UITest.OrderConfirmationPage.FunctionalityStepDefImpl.userLandedOnECommerecePageOrderConfirmationPage(FunctionalityStepDefImpl.java:64)
	at ✽.User landed on ECommerece page order confirmation page(file:///C:/Users/santh/Desktop/Ecommerce%20Automation/Selenium/EcommercePractise/src/test/java/FeatureFiles/UITest/OrderConfirmationPage/Functionality.feature:17)

  When User clicks on signout button in order confirmation page                # StepDefinitions.UITest.OrderConfirmationPage.FunctionalityStepDefImpl.userClicksOnSignoutButtonInOrderConfirmationPage()
  Then "Logout Successfully" is displayed and user is redirected to login page # StepDefinitions.UITest.OrderConfirmationPage.FunctionalityStepDefImpl.isDisplayedAndUserIsRedirectedToLoginPage(java.lang.String)
]]></system-out>
    <system-err><![CDATA[Jan 06, 2025 10:09:13 AM org.openqa.selenium.devtools.CdpVersionFinder findNearestMatch
WARNING: Unable to find an exact match for CDP version 130, returning the closest version; found: 127; Please update to a Selenium version that supports CDP version 130
Jan 06, 2025 10:09:14 AM org.openqa.selenium.remote.http.WebSocket$Listener onError
WARNING: Connection reset
java.net.SocketException: Connection reset
	at java.base/sun.nio.ch.SocketChannelImpl.throwConnectionReset(SocketChannelImpl.java:401)
	at java.base/sun.nio.ch.SocketChannelImpl.read(SocketChannelImpl.java:434)
	at java.net.http/jdk.internal.net.http.SocketTube.readAvailable(SocketTube.java:1178)
	at java.net.http/jdk.internal.net.http.SocketTube$InternalReadPublisher$InternalReadSubscription.read(SocketTube.java:841)
	at java.net.http/jdk.internal.net.http.SocketTube$SocketFlowTask.run(SocketTube.java:181)
	at java.net.http/jdk.internal.net.http.common.SequentialScheduler$SchedulableTask.run(SequentialScheduler.java:207)
	at java.net.http/jdk.internal.net.http.common.SequentialScheduler.runOrSchedule(SequentialScheduler.java:280)
	at java.net.http/jdk.internal.net.http.common.SequentialScheduler.runOrSchedule(SequentialScheduler.java:233)
	at java.net.http/jdk.internal.net.http.SocketTube$InternalReadPublisher$InternalReadSubscription.signalReadable(SocketTube.java:782)
	at java.net.http/jdk.internal.net.http.SocketTube$InternalReadPublisher$ReadEvent.signalEvent(SocketTube.java:965)
	at java.net.http/jdk.internal.net.http.SocketTube$SocketFlowEvent.handle(SocketTube.java:253)
	at java.net.http/jdk.internal.net.http.HttpClientImpl$SelectorManager.handleEvent(HttpClientImpl.java:1469)
	at java.net.http/jdk.internal.net.http.HttpClientImpl$SelectorManager.lambda$run$3(HttpClientImpl.java:1414)
	at java.base/java.util.ArrayList.forEach(ArrayList.java:1596)
	at java.net.http/jdk.internal.net.http.HttpClientImpl$SelectorManager.run(HttpClientImpl.java:1414)

]]></system-err>
  </testcase>
  <testcase name="runScenario[&quot;Signout button&quot;, &quot;Order confirmation Page functionality&quot;](90)" classname="TestNGTestRunner" time="0.926">
    <failure message="no such element: Unable to locate element: {&quot;method&quot;:&quot;css selector&quot;,&quot;selector&quot;:&quot;.totalRow button&quot;}&#10;  (Session info: chrome=130.0.6723.70)&#10;For documentation on this error, please visit: https://www.selenium.dev/documentation/webdriver/troubleshooting/errors#no-such-element-exception&#10;Build info: version: &apos;4.23.0&apos;, revision: &apos;4df0a231af&apos;&#10;System info: os.name: &apos;Windows 11&apos;, os.arch: &apos;amd64&apos;, os.version: &apos;10.0&apos;, java.version: &apos;21.0.5&apos;&#10;Driver info: org.openqa.selenium.chrome.ChromeDriver&#10;Command: [4906aa1494f671b14ef21965947f2295, findElement {value=.totalRow button, using=css selector}]&#10;Capabilities {acceptInsecureCerts: false, browserName: chrome, browserVersion: 130.0.6723.70, chrome: {chromedriverVersion: 130.0.6723.116 (6ac35f94ae3..., userDataDir: C:\Users\santh\AppData\Loca...}, fedcm:accounts: true, goog:chromeOptions: {debuggerAddress: localhost:55235}, networkConnectionEnabled: false, pageLoadStrategy: normal, platformName: windows, proxy: Proxy(), se:cdp: ws://localhost:55235/devtoo..., se:cdpVersion: 130.0.6723.70, setWindowRect: true, strictFileInteractability: false, timeouts: {implicit: 0, pageLoad: 300000, script: 30000}, unhandledPromptBehavior: dismiss and notify, webauthn:extension:credBlob: true, webauthn:extension:largeBlob: true, webauthn:extension:minPinLength: true, webauthn:extension:prf: true, webauthn:virtualAuthenticators: true}&#10;Session ID: 4906aa1494f671b14ef21965947f2295" type="org.openqa.selenium.NoSuchElementException"><![CDATA[org.openqa.selenium.NoSuchElementException: 
no such element: Unable to locate element: {"method":"css selector","selector":".totalRow button"}
  (Session info: chrome=130.0.6723.70)
For documentation on this error, please visit: https://www.selenium.dev/documentation/webdriver/troubleshooting/errors#no-such-element-exception
Build info: version: '4.23.0', revision: '4df0a231af'
System info: os.name: 'Windows 11', os.arch: 'amd64', os.version: '10.0', java.version: '21.0.5'
Driver info: org.openqa.selenium.chrome.ChromeDriver
Command: [4906aa1494f671b14ef21965947f2295, findElement {value=.totalRow button, using=css selector}]
Capabilities {acceptInsecureCerts: false, browserName: chrome, browserVersion: 130.0.6723.70, chrome: {chromedriverVersion: 130.0.6723.116 (6ac35f94ae3..., userDataDir: C:\Users\santh\AppData\Loca...}, fedcm:accounts: true, goog:chromeOptions: {debuggerAddress: localhost:55235}, networkConnectionEnabled: false, pageLoadStrategy: normal, platformName: windows, proxy: Proxy(), se:cdp: ws://localhost:55235/devtoo..., se:cdpVersion: 130.0.6723.70, setWindowRect: true, strictFileInteractability: false, timeouts: {implicit: 0, pageLoad: 300000, script: 30000}, unhandledPromptBehavior: dismiss and notify, webauthn:extension:credBlob: true, webauthn:extension:largeBlob: true, webauthn:extension:minPinLength: true, webauthn:extension:prf: true, webauthn:virtualAuthenticators: true}
Session ID: 4906aa1494f671b14ef21965947f2295
	at java.base/jdk.internal.reflect.DirectConstructorHandleAccessor.newInstance(DirectConstructorHandleAccessor.java:62)
	at java.base/java.lang.reflect.Constructor.newInstanceWithCaller(Constructor.java:502)
	at java.base/java.lang.reflect.Constructor.newInstance(Constructor.java:486)
	at org.openqa.selenium.remote.ErrorCodec.decode(ErrorCodec.java:167)
	at org.openqa.selenium.remote.codec.w3c.W3CHttpResponseCodec.decode(W3CHttpResponseCodec.java:138)
	at org.openqa.selenium.remote.codec.w3c.W3CHttpResponseCodec.decode(W3CHttpResponseCodec.java:50)
	at org.openqa.selenium.remote.HttpCommandExecutor.execute(HttpCommandExecutor.java:190)
	at org.openqa.selenium.remote.service.DriverCommandExecutor.invokeExecute(DriverCommandExecutor.java:216)
	at org.openqa.selenium.remote.service.DriverCommandExecutor.execute(DriverCommandExecutor.java:174)
	at org.openqa.selenium.remote.RemoteWebDriver.execute(RemoteWebDriver.java:527)
	at org.openqa.selenium.remote.ElementLocation$ElementFinder$2.findElement(ElementLocation.java:165)
	at org.openqa.selenium.remote.ElementLocation.findElement(ElementLocation.java:59)
	at org.openqa.selenium.remote.RemoteWebDriver.findElement(RemoteWebDriver.java:357)
	at org.openqa.selenium.remote.RemoteWebDriver.findElement(RemoteWebDriver.java:351)
	at org.openqa.selenium.support.pagefactory.DefaultElementLocator.findElement(DefaultElementLocator.java:68)
	at org.openqa.selenium.support.pagefactory.internal.LocatingElementHandler.invoke(LocatingElementHandler.java:38)
	at jdk.proxy2/jdk.proxy2.$Proxy27.getWrappedElement(Unknown Source)
	at org.openqa.selenium.remote.WebElementToJsonConverter.apply(WebElementToJsonConverter.java:48)
	at java.base/java.util.stream.ReferencePipeline$3$1.accept(ReferencePipeline.java:197)
	at java.base/java.util.Spliterators$ArraySpliterator.forEachRemaining(Spliterators.java:1024)
	at java.base/java.util.stream.AbstractPipeline.copyInto(AbstractPipeline.java:509)
	at java.base/java.util.stream.AbstractPipeline.wrapAndCopyInto(AbstractPipeline.java:499)
	at java.base/java.util.stream.ReduceOps$ReduceOp.evaluateSequential(ReduceOps.java:921)
	at java.base/java.util.stream.AbstractPipeline.evaluate(AbstractPipeline.java:234)
	at java.base/java.util.stream.ReferencePipeline.collect(ReferencePipeline.java:682)
	at org.openqa.selenium.remote.RemoteWebDriver.executeScript(RemoteWebDriver.java:463)
	at PageObjects.CartPage.checkout(CartPage.java:72)
	at StepDefinitions.UITest.OrderConfirmationPage.FunctionalityStepDefImpl.userLandedOnECommerecePageOrderConfirmationPage(FunctionalityStepDefImpl.java:64)
	at ✽.User landed on ECommerece page order confirmation page(file:///C:/Users/santh/Desktop/Ecommerce%20Automation/Selenium/EcommercePractise/src/test/java/FeatureFiles/UITest/OrderConfirmationPage/Functionality.feature:17)
]]></failure>
    <system-out><![CDATA[
@Functional
Scenario: Cart button                                                                     # src/test/java/FeatureFiles/UITest/OrderPage/Functionality.feature:22
]]></system-out>
    <system-err><![CDATA[Jan 06, 2025 10:09:15 AM org.openqa.selenium.remote.http.WebSocket$Listener onError
WARNING: Connection reset
java.net.SocketException: Connection reset
	at java.base/sun.nio.ch.SocketChannelImpl.throwConnectionReset(SocketChannelImpl.java:401)
	at java.base/sun.nio.ch.SocketChannelImpl.read(SocketChannelImpl.java:434)
	at java.net.http/jdk.internal.net.http.SocketTube.readAvailable(SocketTube.java:1178)
	at java.net.http/jdk.internal.net.http.SocketTube$InternalReadPublisher$InternalReadSubscription.read(SocketTube.java:841)
	at java.net.http/jdk.internal.net.http.SocketTube$SocketFlowTask.run(SocketTube.java:181)
	at java.net.http/jdk.internal.net.http.common.SequentialScheduler$SchedulableTask.run(SequentialScheduler.java:207)
	at java.net.http/jdk.internal.net.http.common.SequentialScheduler.runOrSchedule(SequentialScheduler.java:280)
	at java.net.http/jdk.internal.net.http.common.SequentialScheduler.runOrSchedule(SequentialScheduler.java:233)
	at java.net.http/jdk.internal.net.http.SocketTube$InternalReadPublisher$InternalReadSubscription.signalReadable(SocketTube.java:782)
	at java.net.http/jdk.internal.net.http.SocketTube$InternalReadPublisher$ReadEvent.signalEvent(SocketTube.java:965)
	at java.net.http/jdk.internal.net.http.SocketTube$SocketFlowEvent.handle(SocketTube.java:253)
	at java.net.http/jdk.internal.net.http.HttpClientImpl$SelectorManager.handleEvent(HttpClientImpl.java:1469)
	at java.net.http/jdk.internal.net.http.HttpClientImpl$SelectorManager.lambda$run$3(HttpClientImpl.java:1414)
	at java.base/java.util.ArrayList.forEach(ArrayList.java:1596)
	at java.net.http/jdk.internal.net.http.HttpClientImpl$SelectorManager.run(HttpClientImpl.java:1414)

]]></system-err>
  </testcase>
  <testcase name="runScenario[&quot;Home button&quot;, &quot;Order confirmation Page functionality&quot;](91)" classname="TestNGTestRunner" time="2.682">
    <system-out><![CDATA[
@Functional
Scenario: Logo                                                                                # src/test/java/FeatureFiles/UITest/OrderPage/Functionality.feature:28
  Given User landed on ECommerece page order confirmation page                # StepDefinitions.UITest.OrderConfirmationPage.FunctionalityStepDefImpl.userLandedOnECommerecePageOrderConfirmationPage()
  When User clicks on home button in order confirmation page                  # StepDefinitions.UITest.OrderConfirmationPage.FunctionalityStepDefImpl.userClicksOnHomeButtonInOrderConfirmationPage()
  Then "AUTOMATION" message is displayed and user is redirected Products page # StepDefinitions.UITest.OrderConfirmationPage.FunctionalityStepDefImpl.messageIsDisplayedAndUserIsRedirectedProductsPage(java.lang.String)
  Given User landed on ECommerece page order confirmation page # StepDefinitions.UITest.OrderConfirmationPage.FunctionalityStepDefImpl.userLandedOnECommerecePageOrderConfirmationPage()
  When User clicks on orders button in order confirmation page # StepDefinitions.UITest.OrderConfirmationPage.FunctionalityStepDefImpl.userClicksOnOrdersButtonInOrderConfirmationPage()
  Then user is redirected to Orders page is displayed          # StepDefinitions.UITest.OrderConfirmationPage.FunctionalityStepDefImpl.userIsRedirectedToOrdersPageIsDisplayed()
]]></system-out>
    <system-err><![CDATA[Jan 06, 2025 10:09:15 AM org.openqa.selenium.devtools.CdpVersionFinder findNearestMatch
WARNING: Unable to find an exact match for CDP version 130, returning the closest version; found: 127; Please update to a Selenium version that supports CDP version 130
Jan 06, 2025 10:09:16 AM org.openqa.selenium.devtools.CdpVersionFinder findNearestMatch
WARNING: Unable to find an exact match for CDP version 130, returning the closest version; found: 127; Please update to a Selenium version that supports CDP version 130
Jan 06, 2025 10:09:17 AM org.openqa.selenium.remote.http.WebSocket$Listener onError
WARNING: Connection reset
java.net.SocketException: Connection reset
	at java.base/sun.nio.ch.SocketChannelImpl.throwConnectionReset(SocketChannelImpl.java:401)
	at java.base/sun.nio.ch.SocketChannelImpl.read(SocketChannelImpl.java:434)
	at java.net.http/jdk.internal.net.http.SocketTube.readAvailable(SocketTube.java:1178)
	at java.net.http/jdk.internal.net.http.SocketTube$InternalReadPublisher$InternalReadSubscription.read(SocketTube.java:841)
	at java.net.http/jdk.internal.net.http.SocketTube$SocketFlowTask.run(SocketTube.java:181)
	at java.net.http/jdk.internal.net.http.common.SequentialScheduler$SchedulableTask.run(SequentialScheduler.java:207)
	at java.net.http/jdk.internal.net.http.common.SequentialScheduler.runOrSchedule(SequentialScheduler.java:280)
	at java.net.http/jdk.internal.net.http.common.SequentialScheduler.runOrSchedule(SequentialScheduler.java:233)
	at java.net.http/jdk.internal.net.http.SocketTube$InternalReadPublisher$InternalReadSubscription.signalReadable(SocketTube.java:782)
	at java.net.http/jdk.internal.net.http.SocketTube$InternalReadPublisher$ReadEvent.signalEvent(SocketTube.java:965)
	at java.net.http/jdk.internal.net.http.SocketTube$SocketFlowEvent.handle(SocketTube.java:253)
	at java.net.http/jdk.internal.net.http.HttpClientImpl$SelectorManager.handleEvent(HttpClientImpl.java:1469)
	at java.net.http/jdk.internal.net.http.HttpClientImpl$SelectorManager.lambda$run$3(HttpClientImpl.java:1414)
	at java.base/java.util.ArrayList.forEach(ArrayList.java:1596)
	at java.net.http/jdk.internal.net.http.HttpClientImpl$SelectorManager.run(HttpClientImpl.java:1414)

]]></system-err>
  </testcase>
  <testcase name="runScenario[&quot;Orders button&quot;, &quot;Order confirmation Page functionality&quot;](92)" classname="TestNGTestRunner" time="1.06">
    <system-out><![CDATA[
@ErrorHandling
Scenario: Orders api is failed                                      # src/test/java/FeatureFiles/UITest/OrdersPage/ErrorHandling.feature:4
  Given User landed on ECommerece page order page                                              # StepDefinitions.UITest.OrderPage.FunctionalityStepDefImpl.userLandedOnECommerecePageOrderPage()
  When User clicks on signout button in order page                                             # StepDefinitions.UITest.OrderPage.FunctionalityStepDefImpl.userClicksOnSignoutButtonInOrderPage()
  Then "Logout Successfully" is displayed and user is redirected to login page from order page # StepDefinitions.UITest.OrderPage.FunctionalityStepDefImpl.isDisplayedAndUserIsRedirectedToLoginPageFromOrderPage(java.lang.String)
]]></system-out>
    <system-err><![CDATA[Jan 06, 2025 10:09:18 AM org.openqa.selenium.remote.http.WebSocket$Listener onError
WARNING: Connection reset
java.net.SocketException: Connection reset
	at java.base/sun.nio.ch.SocketChannelImpl.throwConnectionReset(SocketChannelImpl.java:401)
	at java.base/sun.nio.ch.SocketChannelImpl.read(SocketChannelImpl.java:434)
	at java.net.http/jdk.internal.net.http.SocketTube.readAvailable(SocketTube.java:1178)
	at java.net.http/jdk.internal.net.http.SocketTube$InternalReadPublisher$InternalReadSubscription.read(SocketTube.java:841)
	at java.net.http/jdk.internal.net.http.SocketTube$SocketFlowTask.run(SocketTube.java:181)
	at java.net.http/jdk.internal.net.http.common.SequentialScheduler$SchedulableTask.run(SequentialScheduler.java:207)
	at java.net.http/jdk.internal.net.http.common.SequentialScheduler.runOrSchedule(SequentialScheduler.java:280)
	at java.net.http/jdk.internal.net.http.common.SequentialScheduler.runOrSchedule(SequentialScheduler.java:233)
	at java.net.http/jdk.internal.net.http.SocketTube$InternalReadPublisher$InternalReadSubscription.signalReadable(SocketTube.java:782)
	at java.net.http/jdk.internal.net.http.SocketTube$InternalReadPublisher$ReadEvent.signalEvent(SocketTube.java:965)
	at java.net.http/jdk.internal.net.http.SocketTube$SocketFlowEvent.handle(SocketTube.java:253)
	at java.net.http/jdk.internal.net.http.HttpClientImpl$SelectorManager.handleEvent(HttpClientImpl.java:1469)
	at java.net.http/jdk.internal.net.http.HttpClientImpl$SelectorManager.lambda$run$3(HttpClientImpl.java:1414)
	at java.base/java.util.ArrayList.forEach(ArrayList.java:1596)
	at java.net.http/jdk.internal.net.http.HttpClientImpl$SelectorManager.run(HttpClientImpl.java:1414)

]]></system-err>
  </testcase>
  <testcase name="runScenario[&quot;Signout button&quot;, &quot;Order Page functionality&quot;](93)" classname="TestNGTestRunner" time="1.986">
    <system-out><![CDATA[
@ErrorHandling
Scenario: Delete api is failed                                      # src/test/java/FeatureFiles/UITest/OrdersPage/ErrorHandling.feature:9
  Given User landed on ECommerece page order page                                         # StepDefinitions.UITest.OrderPage.FunctionalityStepDefImpl.userLandedOnECommerecePageOrderPage()
  When User clicks on cart button in order page                                           # StepDefinitions.UITest.OrderPage.FunctionalityStepDefImpl.userClicksOnCartButtonInOrderPage()
  Then "My Cart" message is displayed and user is redirected to cart page from order page # StepDefinitions.UITest.OrderPage.FunctionalityStepDefImpl.messageIsDisplayedAndUserIsRedirectedToCartPageFromOrderPage(java.lang.String)
]]></system-out>
    <system-err><![CDATA[Jan 06, 2025 10:09:20 AM org.openqa.selenium.devtools.CdpVersionFinder findNearestMatch
WARNING: Unable to find an exact match for CDP version 130, returning the closest version; found: 127; Please update to a Selenium version that supports CDP version 130
Jan 06, 2025 10:09:20 AM org.openqa.selenium.remote.http.WebSocket$Listener onError
WARNING: Connection reset
java.net.SocketException: Connection reset
	at java.base/sun.nio.ch.SocketChannelImpl.throwConnectionReset(SocketChannelImpl.java:401)
	at java.base/sun.nio.ch.SocketChannelImpl.read(SocketChannelImpl.java:434)
	at java.net.http/jdk.internal.net.http.SocketTube.readAvailable(SocketTube.java:1178)
	at java.net.http/jdk.internal.net.http.SocketTube$InternalReadPublisher$InternalReadSubscription.read(SocketTube.java:841)
	at java.net.http/jdk.internal.net.http.SocketTube$SocketFlowTask.run(SocketTube.java:181)
	at java.net.http/jdk.internal.net.http.common.SequentialScheduler$SchedulableTask.run(SequentialScheduler.java:207)
	at java.net.http/jdk.internal.net.http.common.SequentialScheduler.runOrSchedule(SequentialScheduler.java:280)
	at java.net.http/jdk.internal.net.http.common.SequentialScheduler.runOrSchedule(SequentialScheduler.java:233)
	at java.net.http/jdk.internal.net.http.SocketTube$InternalReadPublisher$InternalReadSubscription.signalReadable(SocketTube.java:782)
	at java.net.http/jdk.internal.net.http.SocketTube$InternalReadPublisher$ReadEvent.signalEvent(SocketTube.java:965)
	at java.net.http/jdk.internal.net.http.SocketTube$SocketFlowEvent.handle(SocketTube.java:253)
	at java.net.http/jdk.internal.net.http.HttpClientImpl$SelectorManager.handleEvent(HttpClientImpl.java:1469)
	at java.net.http/jdk.internal.net.http.HttpClientImpl$SelectorManager.lambda$run$3(HttpClientImpl.java:1414)
	at java.base/java.util.ArrayList.forEach(ArrayList.java:1596)
	at java.net.http/jdk.internal.net.http.HttpClientImpl$SelectorManager.run(HttpClientImpl.java:1414)

Jan 06, 2025 10:09:20 AM org.openqa.selenium.devtools.CdpVersionFinder findNearestMatch
WARNING: Unable to find an exact match for CDP version 130, returning the closest version; found: 127; Please update to a Selenium version that supports CDP version 130
]]></system-err>
  </testcase>
  <testcase name="runScenario[&quot;Cart button&quot;, &quot;Order Page functionality&quot;](94)" classname="TestNGTestRunner" time="0.434">
    <system-out><![CDATA[
@ErrorHandling
Scenario: View api is failed                                                                            # src/test/java/FeatureFiles/UITest/OrdersPage/ErrorHandling.feature:15
]]></system-out>
    <system-err><![CDATA[Jan 06, 2025 10:09:21 AM org.openqa.selenium.remote.http.WebSocket$Listener onError
WARNING: Connection reset
java.net.SocketException: Connection reset
	at java.base/sun.nio.ch.SocketChannelImpl.throwConnectionReset(SocketChannelImpl.java:401)
	at java.base/sun.nio.ch.SocketChannelImpl.read(SocketChannelImpl.java:434)
	at java.net.http/jdk.internal.net.http.SocketTube.readAvailable(SocketTube.java:1178)
	at java.net.http/jdk.internal.net.http.SocketTube$InternalReadPublisher$InternalReadSubscription.read(SocketTube.java:841)
	at java.net.http/jdk.internal.net.http.SocketTube$SocketFlowTask.run(SocketTube.java:181)
	at java.net.http/jdk.internal.net.http.common.SequentialScheduler$SchedulableTask.run(SequentialScheduler.java:207)
	at java.net.http/jdk.internal.net.http.common.SequentialScheduler.runOrSchedule(SequentialScheduler.java:280)
	at java.net.http/jdk.internal.net.http.common.SequentialScheduler.runOrSchedule(SequentialScheduler.java:233)
	at java.net.http/jdk.internal.net.http.SocketTube$InternalReadPublisher$InternalReadSubscription.signalReadable(SocketTube.java:782)
	at java.net.http/jdk.internal.net.http.SocketTube$InternalReadPublisher$ReadEvent.signalEvent(SocketTube.java:965)
	at java.net.http/jdk.internal.net.http.SocketTube$SocketFlowEvent.handle(SocketTube.java:253)
	at java.net.http/jdk.internal.net.http.HttpClientImpl$SelectorManager.handleEvent(HttpClientImpl.java:1469)
	at java.net.http/jdk.internal.net.http.HttpClientImpl$SelectorManager.lambda$run$3(HttpClientImpl.java:1414)
	at java.base/java.util.ArrayList.forEach(ArrayList.java:1596)
	at java.net.http/jdk.internal.net.http.HttpClientImpl$SelectorManager.run(HttpClientImpl.java:1414)

]]></system-err>
  </testcase>
  <testcase name="runScenario[&quot;Logo&quot;, &quot;Order Page functionality&quot;](95)" classname="TestNGTestRunner" time="2.367">
    <system-out><![CDATA[
@Functional
Scenario: Home button                                                                          # src/test/java/FeatureFiles/UITest/OrdersPage/Functionality.feature:4
  Given User landed on ECommerece page order page                                             # StepDefinitions.UITest.OrderPage.FunctionalityStepDefImpl.userLandedOnECommerecePageOrderPage()
  When User clicks on logo in order page                                                      # StepDefinitions.UITest.OrderPage.FunctionalityStepDefImpl.userClicksOnLogoInOrderPage()
  Then "AUTOMATION" message is displayed and user is redirected Products page from order page # StepDefinitions.UITest.OrderPage.FunctionalityStepDefImpl.messageIsDisplayedAndUserIsRedirectedProductsPageFromOrderPage(java.lang.String)
  Given User landed on ECommerece page order confirmation page            # StepDefinitions.UITest.OrderConfirmationPage.FunctionalityStepDefImpl.userLandedOnECommerecePageOrderConfirmationPage()
      org.openqa.selenium.NoSuchElementException: no such element: Unable to locate element: {"method":"css selector","selector":".totalRow button"}
  (Session info: chrome=130.0.6723.70)
For documentation on this error, please visit: https://www.selenium.dev/documentation/webdriver/troubleshooting/errors#no-such-element-exception
Build info: version: '4.23.0', revision: '4df0a231af'
System info: os.name: 'Windows 11', os.arch: 'amd64', os.version: '10.0', java.version: '21.0.5'
Driver info: org.openqa.selenium.chrome.ChromeDriver
Command: [3abfd158f85c3a556c4ac5b84ff97d2b, findElement {value=.totalRow button, using=css selector}]
Capabilities {acceptInsecureCerts: false, browserName: chrome, browserVersion: 130.0.6723.70, chrome: {chromedriverVersion: 130.0.6723.116 (6ac35f94ae3..., userDataDir: C:\Users\santh\AppData\Loca...}, fedcm:accounts: true, goog:chromeOptions: {debuggerAddress: localhost:55253}, networkConnectionEnabled: false, pageLoadStrategy: normal, platformName: windows, proxy: Proxy(), se:cdp: ws://localhost:55253/devtoo..., se:cdpVersion: 130.0.6723.70, setWindowRect: true, strictFileInteractability: false, timeouts: {implicit: 0, pageLoad: 300000, script: 30000}, unhandledPromptBehavior: dismiss and notify, webauthn:extension:credBlob: true, webauthn:extension:largeBlob: true, webauthn:extension:minPinLength: true, webauthn:extension:prf: true, webauthn:virtualAuthenticators: true}
Session ID: 3abfd158f85c3a556c4ac5b84ff97d2b
	at java.base/jdk.internal.reflect.DirectConstructorHandleAccessor.newInstance(DirectConstructorHandleAccessor.java:62)
	at java.base/java.lang.reflect.Constructor.newInstanceWithCaller(Constructor.java:502)
	at java.base/java.lang.reflect.Constructor.newInstance(Constructor.java:486)
	at org.openqa.selenium.remote.ErrorCodec.decode(ErrorCodec.java:167)
	at org.openqa.selenium.remote.codec.w3c.W3CHttpResponseCodec.decode(W3CHttpResponseCodec.java:138)
	at org.openqa.selenium.remote.codec.w3c.W3CHttpResponseCodec.decode(W3CHttpResponseCodec.java:50)
	at org.openqa.selenium.remote.HttpCommandExecutor.execute(HttpCommandExecutor.java:190)
	at org.openqa.selenium.remote.service.DriverCommandExecutor.invokeExecute(DriverCommandExecutor.java:216)
	at org.openqa.selenium.remote.service.DriverCommandExecutor.execute(DriverCommandExecutor.java:174)
	at org.openqa.selenium.remote.RemoteWebDriver.execute(RemoteWebDriver.java:527)
	at org.openqa.selenium.remote.ElementLocation$ElementFinder$2.findElement(ElementLocation.java:165)
	at org.openqa.selenium.remote.ElementLocation.findElement(ElementLocation.java:59)
	at org.openqa.selenium.remote.RemoteWebDriver.findElement(RemoteWebDriver.java:357)
	at org.openqa.selenium.remote.RemoteWebDriver.findElement(RemoteWebDriver.java:351)
	at org.openqa.selenium.support.pagefactory.DefaultElementLocator.findElement(DefaultElementLocator.java:68)
	at org.openqa.selenium.support.pagefactory.internal.LocatingElementHandler.invoke(LocatingElementHandler.java:38)
	at jdk.proxy2/jdk.proxy2.$Proxy27.getWrappedElement(Unknown Source)
	at org.openqa.selenium.remote.WebElementToJsonConverter.apply(WebElementToJsonConverter.java:48)
	at java.base/java.util.stream.ReferencePipeline$3$1.accept(ReferencePipeline.java:197)
	at java.base/java.util.Spliterators$ArraySpliterator.forEachRemaining(Spliterators.java:1024)
	at java.base/java.util.stream.AbstractPipeline.copyInto(AbstractPipeline.java:509)
	at java.base/java.util.stream.AbstractPipeline.wrapAndCopyInto(AbstractPipeline.java:499)
	at java.base/java.util.stream.ReduceOps$ReduceOp.evaluateSequential(ReduceOps.java:921)
	at java.base/java.util.stream.AbstractPipeline.evaluate(AbstractPipeline.java:234)
	at java.base/java.util.stream.ReferencePipeline.collect(ReferencePipeline.java:682)
	at org.openqa.selenium.remote.RemoteWebDriver.executeScript(RemoteWebDriver.java:463)
	at PageObjects.CartPage.checkout(CartPage.java:72)
	at StepDefinitions.UITest.OrderConfirmationPage.FunctionalityStepDefImpl.userLandedOnECommerecePageOrderConfirmationPage(FunctionalityStepDefImpl.java:64)
	at ✽.User landed on ECommerece page order confirmation page(file:///C:/Users/santh/Desktop/Ecommerce%20Automation/Selenium/EcommercePractise/src/test/java/FeatureFiles/UITest/OrderConfirmationPage/Functionality.feature:23)

  When User clicks on cart button in order confirmation page              # StepDefinitions.UITest.OrderConfirmationPage.FunctionalityStepDefImpl.userClicksOnCartButtonInOrderConfirmationPage()
  Then "My Cart" message is displayed and user is redirected to cart page # StepDefinitions.UITest.OrderConfirmationPage.FunctionalityStepDefImpl.messageIsDisplayedAndUserIsRedirectedToCartPage(java.lang.String)
  Given User landed on ECommerece page order confirmation page # StepDefinitions.UITest.OrderConfirmationPage.FunctionalityStepDefImpl.userLandedOnECommerecePageOrderConfirmationPage()
677b5e80e2b5443b1f14c068
  Then Validate product details,order id,url                   # StepDefinitions.UITest.OrderConfirmationPage.FunctionalityStepDefImpl.validateProductDetailsOrderIdUrl()
  Given User landed on ECommerece page order confirmation page                # StepDefinitions.UITest.OrderConfirmationPage.FunctionalityStepDefImpl.userLandedOnECommerecePageOrderConfirmationPage()
      org.openqa.selenium.NoSuchElementException: no such element: Unable to locate element: {"method":"css selector","selector":".totalRow button"}
  (Session info: chrome=130.0.6723.70)
For documentation on this error, please visit: https://www.selenium.dev/documentation/webdriver/troubleshooting/errors#no-such-element-exception
Build info: version: '4.23.0', revision: '4df0a231af'
System info: os.name: 'Windows 11', os.arch: 'amd64', os.version: '10.0', java.version: '21.0.5'
Driver info: org.openqa.selenium.chrome.ChromeDriver
Command: [eeacf1463ac349140fe745f38133e91e, findElement {value=.totalRow button, using=css selector}]
Capabilities {acceptInsecureCerts: false, browserName: chrome, browserVersion: 130.0.6723.70, chrome: {chromedriverVersion: 130.0.6723.116 (6ac35f94ae3..., userDataDir: C:\Users\santh\AppData\Loca...}, fedcm:accounts: true, goog:chromeOptions: {debuggerAddress: localhost:55293}, networkConnectionEnabled: false, pageLoadStrategy: normal, platformName: windows, proxy: Proxy(), se:cdp: ws://localhost:55293/devtoo..., se:cdpVersion: 130.0.6723.70, setWindowRect: true, strictFileInteractability: false, timeouts: {implicit: 0, pageLoad: 300000, script: 30000}, unhandledPromptBehavior: dismiss and notify, webauthn:extension:credBlob: true, webauthn:extension:largeBlob: true, webauthn:extension:minPinLength: true, webauthn:extension:prf: true, webauthn:virtualAuthenticators: true}
Session ID: eeacf1463ac349140fe745f38133e91e
	at java.base/jdk.internal.reflect.DirectConstructorHandleAccessor.newInstance(DirectConstructorHandleAccessor.java:62)
	at java.base/java.lang.reflect.Constructor.newInstanceWithCaller(Constructor.java:502)
	at java.base/java.lang.reflect.Constructor.newInstance(Constructor.java:486)
	at org.openqa.selenium.remote.ErrorCodec.decode(ErrorCodec.java:167)
	at org.openqa.selenium.remote.codec.w3c.W3CHttpResponseCodec.decode(W3CHttpResponseCodec.java:138)
	at org.openqa.selenium.remote.codec.w3c.W3CHttpResponseCodec.decode(W3CHttpResponseCodec.java:50)
	at org.openqa.selenium.remote.HttpCommandExecutor.execute(HttpCommandExecutor.java:190)
	at org.openqa.selenium.remote.service.DriverCommandExecutor.invokeExecute(DriverCommandExecutor.java:216)
	at org.openqa.selenium.remote.service.DriverCommandExecutor.execute(DriverCommandExecutor.java:174)
	at org.openqa.selenium.remote.RemoteWebDriver.execute(RemoteWebDriver.java:527)
	at org.openqa.selenium.remote.ElementLocation$ElementFinder$2.findElement(ElementLocation.java:165)
	at org.openqa.selenium.remote.ElementLocation.findElement(ElementLocation.java:59)
	at org.openqa.selenium.remote.RemoteWebDriver.findElement(RemoteWebDriver.java:357)
	at org.openqa.selenium.remote.RemoteWebDriver.findElement(RemoteWebDriver.java:351)
	at org.openqa.selenium.support.pagefactory.DefaultElementLocator.findElement(DefaultElementLocator.java:68)
	at org.openqa.selenium.support.pagefactory.internal.LocatingElementHandler.invoke(LocatingElementHandler.java:38)
	at jdk.proxy2/jdk.proxy2.$Proxy27.getWrappedElement(Unknown Source)
	at org.openqa.selenium.remote.WebElementToJsonConverter.apply(WebElementToJsonConverter.java:48)
	at java.base/java.util.stream.ReferencePipeline$3$1.accept(ReferencePipeline.java:197)
	at java.base/java.util.Spliterators$ArraySpliterator.forEachRemaining(Spliterators.java:1024)
	at java.base/java.util.stream.AbstractPipeline.copyInto(AbstractPipeline.java:509)
	at java.base/java.util.stream.AbstractPipeline.wrapAndCopyInto(AbstractPipeline.java:499)
	at java.base/java.util.stream.ReduceOps$ReduceOp.evaluateSequential(ReduceOps.java:921)
	at java.base/java.util.stream.AbstractPipeline.evaluate(AbstractPipeline.java:234)
	at java.base/java.util.stream.ReferencePipeline.collect(ReferencePipeline.java:682)
	at org.openqa.selenium.remote.RemoteWebDriver.executeScript(RemoteWebDriver.java:463)
	at PageObjects.CartPage.checkout(CartPage.java:72)
	at StepDefinitions.UITest.OrderConfirmationPage.FunctionalityStepDefImpl.userLandedOnECommerecePageOrderConfirmationPage(FunctionalityStepDefImpl.java:64)
	at ✽.User landed on ECommerece page order confirmation page(file:///C:/Users/santh/Desktop/Ecommerce%20Automation/Selenium/EcommercePractise/src/test/java/FeatureFiles/UITest/OrderConfirmationPage/Functionality.feature:29)

  When User clicks on logo in order confirmation page                         # StepDefinitions.UITest.OrderConfirmationPage.FunctionalityStepDefImpl.userClicksOnLogoInOrderConfirmationPage()
  Then "AUTOMATION" message is displayed and user is redirected Products page # StepDefinitions.UITest.OrderConfirmationPage.FunctionalityStepDefImpl.messageIsDisplayedAndUserIsRedirectedProductsPage(java.lang.String)
]]></system-out>
    <system-err><![CDATA[Jan 06, 2025 10:09:22 AM org.openqa.selenium.devtools.CdpVersionFinder findNearestMatch
WARNING: Unable to find an exact match for CDP version 130, returning the closest version; found: 127; Please update to a Selenium version that supports CDP version 130
Jan 06, 2025 10:09:23 AM org.openqa.selenium.devtools.CdpVersionFinder findNearestMatch
WARNING: Unable to find an exact match for CDP version 130, returning the closest version; found: 127; Please update to a Selenium version that supports CDP version 130
Jan 06, 2025 10:09:23 AM org.openqa.selenium.remote.http.WebSocket$Listener onError
WARNING: Connection reset
java.net.SocketException: Connection reset
	at java.base/sun.nio.ch.SocketChannelImpl.throwConnectionReset(SocketChannelImpl.java:401)
	at java.base/sun.nio.ch.SocketChannelImpl.read(SocketChannelImpl.java:434)
	at java.net.http/jdk.internal.net.http.SocketTube.readAvailable(SocketTube.java:1178)
	at java.net.http/jdk.internal.net.http.SocketTube$InternalReadPublisher$InternalReadSubscription.read(SocketTube.java:841)
	at java.net.http/jdk.internal.net.http.SocketTube$SocketFlowTask.run(SocketTube.java:181)
	at java.net.http/jdk.internal.net.http.common.SequentialScheduler$SchedulableTask.run(SequentialScheduler.java:207)
	at java.net.http/jdk.internal.net.http.common.SequentialScheduler.runOrSchedule(SequentialScheduler.java:280)
	at java.net.http/jdk.internal.net.http.common.SequentialScheduler.runOrSchedule(SequentialScheduler.java:233)
	at java.net.http/jdk.internal.net.http.SocketTube$InternalReadPublisher$InternalReadSubscription.signalReadable(SocketTube.java:782)
	at java.net.http/jdk.internal.net.http.SocketTube$InternalReadPublisher$ReadEvent.signalEvent(SocketTube.java:965)
	at java.net.http/jdk.internal.net.http.SocketTube$SocketFlowEvent.handle(SocketTube.java:253)
	at java.net.http/jdk.internal.net.http.HttpClientImpl$SelectorManager.handleEvent(HttpClientImpl.java:1469)
	at java.net.http/jdk.internal.net.http.HttpClientImpl$SelectorManager.lambda$run$3(HttpClientImpl.java:1414)
	at java.base/java.util.ArrayList.forEach(ArrayList.java:1596)
	at java.net.http/jdk.internal.net.http.HttpClientImpl$SelectorManager.run(HttpClientImpl.java:1414)

]]></system-err>
  </testcase>
  <testcase name="runScenario[&quot;Cart button&quot;, &quot;Order confirmation Page functionality&quot;](96)" classname="TestNGTestRunner" time="1.042">
    <failure message="no such element: Unable to locate element: {&quot;method&quot;:&quot;css selector&quot;,&quot;selector&quot;:&quot;.totalRow button&quot;}&#10;  (Session info: chrome=130.0.6723.70)&#10;For documentation on this error, please visit: https://www.selenium.dev/documentation/webdriver/troubleshooting/errors#no-such-element-exception&#10;Build info: version: &apos;4.23.0&apos;, revision: &apos;4df0a231af&apos;&#10;System info: os.name: &apos;Windows 11&apos;, os.arch: &apos;amd64&apos;, os.version: &apos;10.0&apos;, java.version: &apos;21.0.5&apos;&#10;Driver info: org.openqa.selenium.chrome.ChromeDriver&#10;Command: [3abfd158f85c3a556c4ac5b84ff97d2b, findElement {value=.totalRow button, using=css selector}]&#10;Capabilities {acceptInsecureCerts: false, browserName: chrome, browserVersion: 130.0.6723.70, chrome: {chromedriverVersion: 130.0.6723.116 (6ac35f94ae3..., userDataDir: C:\Users\santh\AppData\Loca...}, fedcm:accounts: true, goog:chromeOptions: {debuggerAddress: localhost:55253}, networkConnectionEnabled: false, pageLoadStrategy: normal, platformName: windows, proxy: Proxy(), se:cdp: ws://localhost:55253/devtoo..., se:cdpVersion: 130.0.6723.70, setWindowRect: true, strictFileInteractability: false, timeouts: {implicit: 0, pageLoad: 300000, script: 30000}, unhandledPromptBehavior: dismiss and notify, webauthn:extension:credBlob: true, webauthn:extension:largeBlob: true, webauthn:extension:minPinLength: true, webauthn:extension:prf: true, webauthn:virtualAuthenticators: true}&#10;Session ID: 3abfd158f85c3a556c4ac5b84ff97d2b" type="org.openqa.selenium.NoSuchElementException"><![CDATA[org.openqa.selenium.NoSuchElementException: 
no such element: Unable to locate element: {"method":"css selector","selector":".totalRow button"}
  (Session info: chrome=130.0.6723.70)
For documentation on this error, please visit: https://www.selenium.dev/documentation/webdriver/troubleshooting/errors#no-such-element-exception
Build info: version: '4.23.0', revision: '4df0a231af'
System info: os.name: 'Windows 11', os.arch: 'amd64', os.version: '10.0', java.version: '21.0.5'
Driver info: org.openqa.selenium.chrome.ChromeDriver
Command: [3abfd158f85c3a556c4ac5b84ff97d2b, findElement {value=.totalRow button, using=css selector}]
Capabilities {acceptInsecureCerts: false, browserName: chrome, browserVersion: 130.0.6723.70, chrome: {chromedriverVersion: 130.0.6723.116 (6ac35f94ae3..., userDataDir: C:\Users\santh\AppData\Loca...}, fedcm:accounts: true, goog:chromeOptions: {debuggerAddress: localhost:55253}, networkConnectionEnabled: false, pageLoadStrategy: normal, platformName: windows, proxy: Proxy(), se:cdp: ws://localhost:55253/devtoo..., se:cdpVersion: 130.0.6723.70, setWindowRect: true, strictFileInteractability: false, timeouts: {implicit: 0, pageLoad: 300000, script: 30000}, unhandledPromptBehavior: dismiss and notify, webauthn:extension:credBlob: true, webauthn:extension:largeBlob: true, webauthn:extension:minPinLength: true, webauthn:extension:prf: true, webauthn:virtualAuthenticators: true}
Session ID: 3abfd158f85c3a556c4ac5b84ff97d2b
	at java.base/jdk.internal.reflect.DirectConstructorHandleAccessor.newInstance(DirectConstructorHandleAccessor.java:62)
	at java.base/java.lang.reflect.Constructor.newInstanceWithCaller(Constructor.java:502)
	at java.base/java.lang.reflect.Constructor.newInstance(Constructor.java:486)
	at org.openqa.selenium.remote.ErrorCodec.decode(ErrorCodec.java:167)
	at org.openqa.selenium.remote.codec.w3c.W3CHttpResponseCodec.decode(W3CHttpResponseCodec.java:138)
	at org.openqa.selenium.remote.codec.w3c.W3CHttpResponseCodec.decode(W3CHttpResponseCodec.java:50)
	at org.openqa.selenium.remote.HttpCommandExecutor.execute(HttpCommandExecutor.java:190)
	at org.openqa.selenium.remote.service.DriverCommandExecutor.invokeExecute(DriverCommandExecutor.java:216)
	at org.openqa.selenium.remote.service.DriverCommandExecutor.execute(DriverCommandExecutor.java:174)
	at org.openqa.selenium.remote.RemoteWebDriver.execute(RemoteWebDriver.java:527)
	at org.openqa.selenium.remote.ElementLocation$ElementFinder$2.findElement(ElementLocation.java:165)
	at org.openqa.selenium.remote.ElementLocation.findElement(ElementLocation.java:59)
	at org.openqa.selenium.remote.RemoteWebDriver.findElement(RemoteWebDriver.java:357)
	at org.openqa.selenium.remote.RemoteWebDriver.findElement(RemoteWebDriver.java:351)
	at org.openqa.selenium.support.pagefactory.DefaultElementLocator.findElement(DefaultElementLocator.java:68)
	at org.openqa.selenium.support.pagefactory.internal.LocatingElementHandler.invoke(LocatingElementHandler.java:38)
	at jdk.proxy2/jdk.proxy2.$Proxy27.getWrappedElement(Unknown Source)
	at org.openqa.selenium.remote.WebElementToJsonConverter.apply(WebElementToJsonConverter.java:48)
	at java.base/java.util.stream.ReferencePipeline$3$1.accept(ReferencePipeline.java:197)
	at java.base/java.util.Spliterators$ArraySpliterator.forEachRemaining(Spliterators.java:1024)
	at java.base/java.util.stream.AbstractPipeline.copyInto(AbstractPipeline.java:509)
	at java.base/java.util.stream.AbstractPipeline.wrapAndCopyInto(AbstractPipeline.java:499)
	at java.base/java.util.stream.ReduceOps$ReduceOp.evaluateSequential(ReduceOps.java:921)
	at java.base/java.util.stream.AbstractPipeline.evaluate(AbstractPipeline.java:234)
	at java.base/java.util.stream.ReferencePipeline.collect(ReferencePipeline.java:682)
	at org.openqa.selenium.remote.RemoteWebDriver.executeScript(RemoteWebDriver.java:463)
	at PageObjects.CartPage.checkout(CartPage.java:72)
	at StepDefinitions.UITest.OrderConfirmationPage.FunctionalityStepDefImpl.userLandedOnECommerecePageOrderConfirmationPage(FunctionalityStepDefImpl.java:64)
	at ✽.User landed on ECommerece page order confirmation page(file:///C:/Users/santh/Desktop/Ecommerce%20Automation/Selenium/EcommercePractise/src/test/java/FeatureFiles/UITest/OrderConfirmationPage/Functionality.feature:23)
]]></failure>
    <system-out><![CDATA[
@Functional
Scenario: Orders button                                                # src/test/java/FeatureFiles/UITest/OrdersPage/Functionality.feature:10
  Given User landed on ECommerece page order confirmation page # StepDefinitions.UITest.OrderConfirmationPage.FunctionalityStepDefImpl.userLandedOnECommerecePageOrderConfirmationPage()
      org.openqa.selenium.NoSuchElementException: no such element: Unable to locate element: {"method":"css selector","selector":".totalRow button"}
  (Session info: chrome=130.0.6723.70)
For documentation on this error, please visit: https://www.selenium.dev/documentation/webdriver/troubleshooting/errors#no-such-element-exception
Build info: version: '4.23.0', revision: '4df0a231af'
System info: os.name: 'Windows 11', os.arch: 'amd64', os.version: '10.0', java.version: '21.0.5'
Driver info: org.openqa.selenium.chrome.ChromeDriver
Command: [7061e56aa1a6248ae49be3c28387e096, findElement {value=.totalRow button, using=css selector}]
Capabilities {acceptInsecureCerts: false, browserName: chrome, browserVersion: 130.0.6723.70, chrome: {chromedriverVersion: 130.0.6723.116 (6ac35f94ae3..., userDataDir: C:\Users\santh\AppData\Loca...}, fedcm:accounts: true, goog:chromeOptions: {debuggerAddress: localhost:55300}, networkConnectionEnabled: false, pageLoadStrategy: normal, platformName: windows, proxy: Proxy(), se:cdp: ws://localhost:55300/devtoo..., se:cdpVersion: 130.0.6723.70, setWindowRect: true, strictFileInteractability: false, timeouts: {implicit: 0, pageLoad: 300000, script: 30000}, unhandledPromptBehavior: dismiss and notify, webauthn:extension:credBlob: true, webauthn:extension:largeBlob: true, webauthn:extension:minPinLength: true, webauthn:extension:prf: true, webauthn:virtualAuthenticators: true}
Session ID: 7061e56aa1a6248ae49be3c28387e096
	at java.base/jdk.internal.reflect.DirectConstructorHandleAccessor.newInstance(DirectConstructorHandleAccessor.java:62)
	at java.base/java.lang.reflect.Constructor.newInstanceWithCaller(Constructor.java:502)
	at java.base/java.lang.reflect.Constructor.newInstance(Constructor.java:486)
	at org.openqa.selenium.remote.ErrorCodec.decode(ErrorCodec.java:167)
	at org.openqa.selenium.remote.codec.w3c.W3CHttpResponseCodec.decode(W3CHttpResponseCodec.java:138)
	at org.openqa.selenium.remote.codec.w3c.W3CHttpResponseCodec.decode(W3CHttpResponseCodec.java:50)
	at org.openqa.selenium.remote.HttpCommandExecutor.execute(HttpCommandExecutor.java:190)
	at org.openqa.selenium.remote.service.DriverCommandExecutor.invokeExecute(DriverCommandExecutor.java:216)
	at org.openqa.selenium.remote.service.DriverCommandExecutor.execute(DriverCommandExecutor.java:174)
	at org.openqa.selenium.remote.RemoteWebDriver.execute(RemoteWebDriver.java:527)
	at org.openqa.selenium.remote.ElementLocation$ElementFinder$2.findElement(ElementLocation.java:165)
	at org.openqa.selenium.remote.ElementLocation.findElement(ElementLocation.java:59)
	at org.openqa.selenium.remote.RemoteWebDriver.findElement(RemoteWebDriver.java:357)
	at org.openqa.selenium.remote.RemoteWebDriver.findElement(RemoteWebDriver.java:351)
	at org.openqa.selenium.support.pagefactory.DefaultElementLocator.findElement(DefaultElementLocator.java:68)
	at org.openqa.selenium.support.pagefactory.internal.LocatingElementHandler.invoke(LocatingElementHandler.java:38)
	at jdk.proxy2/jdk.proxy2.$Proxy27.getWrappedElement(Unknown Source)
	at org.openqa.selenium.remote.WebElementToJsonConverter.apply(WebElementToJsonConverter.java:48)
	at java.base/java.util.stream.ReferencePipeline$3$1.accept(ReferencePipeline.java:197)
	at java.base/java.util.Spliterators$ArraySpliterator.forEachRemaining(Spliterators.java:1024)
	at java.base/java.util.stream.AbstractPipeline.copyInto(AbstractPipeline.java:509)
	at java.base/java.util.stream.AbstractPipeline.wrapAndCopyInto(AbstractPipeline.java:499)
	at java.base/java.util.stream.ReduceOps$ReduceOp.evaluateSequential(ReduceOps.java:921)
	at java.base/java.util.stream.AbstractPipeline.evaluate(AbstractPipeline.java:234)
	at java.base/java.util.stream.ReferencePipeline.collect(ReferencePipeline.java:682)
	at org.openqa.selenium.remote.RemoteWebDriver.executeScript(RemoteWebDriver.java:463)
	at PageObjects.CartPage.checkout(CartPage.java:72)
	at StepDefinitions.UITest.OrderConfirmationPage.FunctionalityStepDefImpl.userLandedOnECommerecePageOrderConfirmationPage(FunctionalityStepDefImpl.java:64)
	at ✽.User landed on ECommerece page order confirmation page(file:///C:/Users/santh/Desktop/Ecommerce%20Automation/Selenium/EcommercePractise/src/test/java/FeatureFiles/UITest/OrderConfirmationPage/Functionality.feature:35)

  When User clicks on orders link in order confirmation page   # StepDefinitions.UITest.OrderConfirmationPage.FunctionalityStepDefImpl.userClicksOnOrdersLinkInOrderConfirmationPage()
  Then user is redirected to Orders page is displayed          # StepDefinitions.UITest.OrderConfirmationPage.FunctionalityStepDefImpl.userIsRedirectedToOrdersPageIsDisplayed()
]]></system-out>
    <system-err><![CDATA[Jan 06, 2025 10:09:24 AM org.openqa.selenium.remote.http.WebSocket$Listener onError
WARNING: Connection reset
java.net.SocketException: Connection reset
	at java.base/sun.nio.ch.SocketChannelImpl.throwConnectionReset(SocketChannelImpl.java:401)
	at java.base/sun.nio.ch.SocketChannelImpl.read(SocketChannelImpl.java:434)
	at java.net.http/jdk.internal.net.http.SocketTube.readAvailable(SocketTube.java:1178)
	at java.net.http/jdk.internal.net.http.SocketTube$InternalReadPublisher$InternalReadSubscription.read(SocketTube.java:841)
	at java.net.http/jdk.internal.net.http.SocketTube$SocketFlowTask.run(SocketTube.java:181)
	at java.net.http/jdk.internal.net.http.common.SequentialScheduler$SchedulableTask.run(SequentialScheduler.java:207)
	at java.net.http/jdk.internal.net.http.common.SequentialScheduler.runOrSchedule(SequentialScheduler.java:280)
	at java.net.http/jdk.internal.net.http.common.SequentialScheduler.runOrSchedule(SequentialScheduler.java:233)
	at java.net.http/jdk.internal.net.http.SocketTube$InternalReadPublisher$InternalReadSubscription.signalReadable(SocketTube.java:782)
	at java.net.http/jdk.internal.net.http.SocketTube$InternalReadPublisher$ReadEvent.signalEvent(SocketTube.java:965)
	at java.net.http/jdk.internal.net.http.SocketTube$SocketFlowEvent.handle(SocketTube.java:253)
	at java.net.http/jdk.internal.net.http.HttpClientImpl$SelectorManager.handleEvent(HttpClientImpl.java:1469)
	at java.net.http/jdk.internal.net.http.HttpClientImpl$SelectorManager.lambda$run$3(HttpClientImpl.java:1414)
	at java.base/java.util.ArrayList.forEach(ArrayList.java:1596)
	at java.net.http/jdk.internal.net.http.HttpClientImpl$SelectorManager.run(HttpClientImpl.java:1414)

]]></system-err>
  </testcase>
  <testcase name="runScenario[&quot;Product details, order id, url&quot;, &quot;Order confirmation Page functionality&quot;](97)" classname="TestNGTestRunner" time="0.56">
    <system-out><![CDATA[
@Functional
Scenario: Signout button                                                                        # src/test/java/FeatureFiles/UITest/OrdersPage/Functionality.feature:16
]]></system-out>
    <system-err><![CDATA[Jan 06, 2025 10:09:25 AM org.openqa.selenium.remote.http.WebSocket$Listener onError
WARNING: Connection reset
java.net.SocketException: Connection reset
	at java.base/sun.nio.ch.SocketChannelImpl.throwConnectionReset(SocketChannelImpl.java:401)
	at java.base/sun.nio.ch.SocketChannelImpl.read(SocketChannelImpl.java:434)
	at java.net.http/jdk.internal.net.http.SocketTube.readAvailable(SocketTube.java:1178)
	at java.net.http/jdk.internal.net.http.SocketTube$InternalReadPublisher$InternalReadSubscription.read(SocketTube.java:841)
	at java.net.http/jdk.internal.net.http.SocketTube$SocketFlowTask.run(SocketTube.java:181)
	at java.net.http/jdk.internal.net.http.common.SequentialScheduler$SchedulableTask.run(SequentialScheduler.java:207)
	at java.net.http/jdk.internal.net.http.common.SequentialScheduler.runOrSchedule(SequentialScheduler.java:280)
	at java.net.http/jdk.internal.net.http.common.SequentialScheduler.runOrSchedule(SequentialScheduler.java:233)
	at java.net.http/jdk.internal.net.http.SocketTube$InternalReadPublisher$InternalReadSubscription.signalReadable(SocketTube.java:782)
	at java.net.http/jdk.internal.net.http.SocketTube$InternalReadPublisher$ReadEvent.signalEvent(SocketTube.java:965)
	at java.net.http/jdk.internal.net.http.SocketTube$SocketFlowEvent.handle(SocketTube.java:253)
	at java.net.http/jdk.internal.net.http.HttpClientImpl$SelectorManager.handleEvent(HttpClientImpl.java:1469)
	at java.net.http/jdk.internal.net.http.HttpClientImpl$SelectorManager.lambda$run$3(HttpClientImpl.java:1414)
	at java.base/java.util.ArrayList.forEach(ArrayList.java:1596)
	at java.net.http/jdk.internal.net.http.HttpClientImpl$SelectorManager.run(HttpClientImpl.java:1414)

]]></system-err>
  </testcase>
  <testcase name="runScenario[&quot;Logo&quot;, &quot;Order confirmation Page functionality&quot;](98)" classname="TestNGTestRunner" time="0.235">
    <failure message="no such element: Unable to locate element: {&quot;method&quot;:&quot;css selector&quot;,&quot;selector&quot;:&quot;.totalRow button&quot;}&#10;  (Session info: chrome=130.0.6723.70)&#10;For documentation on this error, please visit: https://www.selenium.dev/documentation/webdriver/troubleshooting/errors#no-such-element-exception&#10;Build info: version: &apos;4.23.0&apos;, revision: &apos;4df0a231af&apos;&#10;System info: os.name: &apos;Windows 11&apos;, os.arch: &apos;amd64&apos;, os.version: &apos;10.0&apos;, java.version: &apos;21.0.5&apos;&#10;Driver info: org.openqa.selenium.chrome.ChromeDriver&#10;Command: [eeacf1463ac349140fe745f38133e91e, findElement {value=.totalRow button, using=css selector}]&#10;Capabilities {acceptInsecureCerts: false, browserName: chrome, browserVersion: 130.0.6723.70, chrome: {chromedriverVersion: 130.0.6723.116 (6ac35f94ae3..., userDataDir: C:\Users\santh\AppData\Loca...}, fedcm:accounts: true, goog:chromeOptions: {debuggerAddress: localhost:55293}, networkConnectionEnabled: false, pageLoadStrategy: normal, platformName: windows, proxy: Proxy(), se:cdp: ws://localhost:55293/devtoo..., se:cdpVersion: 130.0.6723.70, setWindowRect: true, strictFileInteractability: false, timeouts: {implicit: 0, pageLoad: 300000, script: 30000}, unhandledPromptBehavior: dismiss and notify, webauthn:extension:credBlob: true, webauthn:extension:largeBlob: true, webauthn:extension:minPinLength: true, webauthn:extension:prf: true, webauthn:virtualAuthenticators: true}&#10;Session ID: eeacf1463ac349140fe745f38133e91e" type="org.openqa.selenium.NoSuchElementException"><![CDATA[org.openqa.selenium.NoSuchElementException: 
no such element: Unable to locate element: {"method":"css selector","selector":".totalRow button"}
  (Session info: chrome=130.0.6723.70)
For documentation on this error, please visit: https://www.selenium.dev/documentation/webdriver/troubleshooting/errors#no-such-element-exception
Build info: version: '4.23.0', revision: '4df0a231af'
System info: os.name: 'Windows 11', os.arch: 'amd64', os.version: '10.0', java.version: '21.0.5'
Driver info: org.openqa.selenium.chrome.ChromeDriver
Command: [eeacf1463ac349140fe745f38133e91e, findElement {value=.totalRow button, using=css selector}]
Capabilities {acceptInsecureCerts: false, browserName: chrome, browserVersion: 130.0.6723.70, chrome: {chromedriverVersion: 130.0.6723.116 (6ac35f94ae3..., userDataDir: C:\Users\santh\AppData\Loca...}, fedcm:accounts: true, goog:chromeOptions: {debuggerAddress: localhost:55293}, networkConnectionEnabled: false, pageLoadStrategy: normal, platformName: windows, proxy: Proxy(), se:cdp: ws://localhost:55293/devtoo..., se:cdpVersion: 130.0.6723.70, setWindowRect: true, strictFileInteractability: false, timeouts: {implicit: 0, pageLoad: 300000, script: 30000}, unhandledPromptBehavior: dismiss and notify, webauthn:extension:credBlob: true, webauthn:extension:largeBlob: true, webauthn:extension:minPinLength: true, webauthn:extension:prf: true, webauthn:virtualAuthenticators: true}
Session ID: eeacf1463ac349140fe745f38133e91e
	at java.base/jdk.internal.reflect.DirectConstructorHandleAccessor.newInstance(DirectConstructorHandleAccessor.java:62)
	at java.base/java.lang.reflect.Constructor.newInstanceWithCaller(Constructor.java:502)
	at java.base/java.lang.reflect.Constructor.newInstance(Constructor.java:486)
	at org.openqa.selenium.remote.ErrorCodec.decode(ErrorCodec.java:167)
	at org.openqa.selenium.remote.codec.w3c.W3CHttpResponseCodec.decode(W3CHttpResponseCodec.java:138)
	at org.openqa.selenium.remote.codec.w3c.W3CHttpResponseCodec.decode(W3CHttpResponseCodec.java:50)
	at org.openqa.selenium.remote.HttpCommandExecutor.execute(HttpCommandExecutor.java:190)
	at org.openqa.selenium.remote.service.DriverCommandExecutor.invokeExecute(DriverCommandExecutor.java:216)
	at org.openqa.selenium.remote.service.DriverCommandExecutor.execute(DriverCommandExecutor.java:174)
	at org.openqa.selenium.remote.RemoteWebDriver.execute(RemoteWebDriver.java:527)
	at org.openqa.selenium.remote.ElementLocation$ElementFinder$2.findElement(ElementLocation.java:165)
	at org.openqa.selenium.remote.ElementLocation.findElement(ElementLocation.java:59)
	at org.openqa.selenium.remote.RemoteWebDriver.findElement(RemoteWebDriver.java:357)
	at org.openqa.selenium.remote.RemoteWebDriver.findElement(RemoteWebDriver.java:351)
	at org.openqa.selenium.support.pagefactory.DefaultElementLocator.findElement(DefaultElementLocator.java:68)
	at org.openqa.selenium.support.pagefactory.internal.LocatingElementHandler.invoke(LocatingElementHandler.java:38)
	at jdk.proxy2/jdk.proxy2.$Proxy27.getWrappedElement(Unknown Source)
	at org.openqa.selenium.remote.WebElementToJsonConverter.apply(WebElementToJsonConverter.java:48)
	at java.base/java.util.stream.ReferencePipeline$3$1.accept(ReferencePipeline.java:197)
	at java.base/java.util.Spliterators$ArraySpliterator.forEachRemaining(Spliterators.java:1024)
	at java.base/java.util.stream.AbstractPipeline.copyInto(AbstractPipeline.java:509)
	at java.base/java.util.stream.AbstractPipeline.wrapAndCopyInto(AbstractPipeline.java:499)
	at java.base/java.util.stream.ReduceOps$ReduceOp.evaluateSequential(ReduceOps.java:921)
	at java.base/java.util.stream.AbstractPipeline.evaluate(AbstractPipeline.java:234)
	at java.base/java.util.stream.ReferencePipeline.collect(ReferencePipeline.java:682)
	at org.openqa.selenium.remote.RemoteWebDriver.executeScript(RemoteWebDriver.java:463)
	at PageObjects.CartPage.checkout(CartPage.java:72)
	at StepDefinitions.UITest.OrderConfirmationPage.FunctionalityStepDefImpl.userLandedOnECommerecePageOrderConfirmationPage(FunctionalityStepDefImpl.java:64)
	at ✽.User landed on ECommerece page order confirmation page(file:///C:/Users/santh/Desktop/Ecommerce%20Automation/Selenium/EcommercePractise/src/test/java/FeatureFiles/UITest/OrderConfirmationPage/Functionality.feature:29)
]]></failure>
    <system-out><![CDATA[
@Functional
Scenario: Cart button                                                                      # src/test/java/FeatureFiles/UITest/OrdersPage/Functionality.feature:22
]]></system-out>
    <system-err><![CDATA[Jan 06, 2025 10:09:25 AM org.openqa.selenium.remote.http.WebSocket$Listener onError
WARNING: Connection reset
java.net.SocketException: Connection reset
	at java.base/sun.nio.ch.SocketChannelImpl.throwConnectionReset(SocketChannelImpl.java:401)
	at java.base/sun.nio.ch.SocketChannelImpl.read(SocketChannelImpl.java:434)
	at java.net.http/jdk.internal.net.http.SocketTube.readAvailable(SocketTube.java:1178)
	at java.net.http/jdk.internal.net.http.SocketTube$InternalReadPublisher$InternalReadSubscription.read(SocketTube.java:841)
	at java.net.http/jdk.internal.net.http.SocketTube$SocketFlowTask.run(SocketTube.java:181)
	at java.net.http/jdk.internal.net.http.common.SequentialScheduler$SchedulableTask.run(SequentialScheduler.java:207)
	at java.net.http/jdk.internal.net.http.common.SequentialScheduler.runOrSchedule(SequentialScheduler.java:280)
	at java.net.http/jdk.internal.net.http.common.SequentialScheduler.runOrSchedule(SequentialScheduler.java:233)
	at java.net.http/jdk.internal.net.http.SocketTube$InternalReadPublisher$InternalReadSubscription.signalReadable(SocketTube.java:782)
	at java.net.http/jdk.internal.net.http.SocketTube$InternalReadPublisher$ReadEvent.signalEvent(SocketTube.java:965)
	at java.net.http/jdk.internal.net.http.SocketTube$SocketFlowEvent.handle(SocketTube.java:253)
	at java.net.http/jdk.internal.net.http.HttpClientImpl$SelectorManager.handleEvent(HttpClientImpl.java:1469)
	at java.net.http/jdk.internal.net.http.HttpClientImpl$SelectorManager.lambda$run$3(HttpClientImpl.java:1414)
	at java.base/java.util.ArrayList.forEach(ArrayList.java:1596)
	at java.net.http/jdk.internal.net.http.HttpClientImpl$SelectorManager.run(HttpClientImpl.java:1414)

]]></system-err>
  </testcase>
  <testcase name="runScenario[&quot;Orders link&quot;, &quot;Order confirmation Page functionality&quot;](99)" classname="TestNGTestRunner" time="0.565">
    <failure message="no such element: Unable to locate element: {&quot;method&quot;:&quot;css selector&quot;,&quot;selector&quot;:&quot;.totalRow button&quot;}&#10;  (Session info: chrome=130.0.6723.70)&#10;For documentation on this error, please visit: https://www.selenium.dev/documentation/webdriver/troubleshooting/errors#no-such-element-exception&#10;Build info: version: &apos;4.23.0&apos;, revision: &apos;4df0a231af&apos;&#10;System info: os.name: &apos;Windows 11&apos;, os.arch: &apos;amd64&apos;, os.version: &apos;10.0&apos;, java.version: &apos;21.0.5&apos;&#10;Driver info: org.openqa.selenium.chrome.ChromeDriver&#10;Command: [7061e56aa1a6248ae49be3c28387e096, findElement {value=.totalRow button, using=css selector}]&#10;Capabilities {acceptInsecureCerts: false, browserName: chrome, browserVersion: 130.0.6723.70, chrome: {chromedriverVersion: 130.0.6723.116 (6ac35f94ae3..., userDataDir: C:\Users\santh\AppData\Loca...}, fedcm:accounts: true, goog:chromeOptions: {debuggerAddress: localhost:55300}, networkConnectionEnabled: false, pageLoadStrategy: normal, platformName: windows, proxy: Proxy(), se:cdp: ws://localhost:55300/devtoo..., se:cdpVersion: 130.0.6723.70, setWindowRect: true, strictFileInteractability: false, timeouts: {implicit: 0, pageLoad: 300000, script: 30000}, unhandledPromptBehavior: dismiss and notify, webauthn:extension:credBlob: true, webauthn:extension:largeBlob: true, webauthn:extension:minPinLength: true, webauthn:extension:prf: true, webauthn:virtualAuthenticators: true}&#10;Session ID: 7061e56aa1a6248ae49be3c28387e096" type="org.openqa.selenium.NoSuchElementException"><![CDATA[org.openqa.selenium.NoSuchElementException: 
no such element: Unable to locate element: {"method":"css selector","selector":".totalRow button"}
  (Session info: chrome=130.0.6723.70)
For documentation on this error, please visit: https://www.selenium.dev/documentation/webdriver/troubleshooting/errors#no-such-element-exception
Build info: version: '4.23.0', revision: '4df0a231af'
System info: os.name: 'Windows 11', os.arch: 'amd64', os.version: '10.0', java.version: '21.0.5'
Driver info: org.openqa.selenium.chrome.ChromeDriver
Command: [7061e56aa1a6248ae49be3c28387e096, findElement {value=.totalRow button, using=css selector}]
Capabilities {acceptInsecureCerts: false, browserName: chrome, browserVersion: 130.0.6723.70, chrome: {chromedriverVersion: 130.0.6723.116 (6ac35f94ae3..., userDataDir: C:\Users\santh\AppData\Loca...}, fedcm:accounts: true, goog:chromeOptions: {debuggerAddress: localhost:55300}, networkConnectionEnabled: false, pageLoadStrategy: normal, platformName: windows, proxy: Proxy(), se:cdp: ws://localhost:55300/devtoo..., se:cdpVersion: 130.0.6723.70, setWindowRect: true, strictFileInteractability: false, timeouts: {implicit: 0, pageLoad: 300000, script: 30000}, unhandledPromptBehavior: dismiss and notify, webauthn:extension:credBlob: true, webauthn:extension:largeBlob: true, webauthn:extension:minPinLength: true, webauthn:extension:prf: true, webauthn:virtualAuthenticators: true}
Session ID: 7061e56aa1a6248ae49be3c28387e096
	at java.base/jdk.internal.reflect.DirectConstructorHandleAccessor.newInstance(DirectConstructorHandleAccessor.java:62)
	at java.base/java.lang.reflect.Constructor.newInstanceWithCaller(Constructor.java:502)
	at java.base/java.lang.reflect.Constructor.newInstance(Constructor.java:486)
	at org.openqa.selenium.remote.ErrorCodec.decode(ErrorCodec.java:167)
	at org.openqa.selenium.remote.codec.w3c.W3CHttpResponseCodec.decode(W3CHttpResponseCodec.java:138)
	at org.openqa.selenium.remote.codec.w3c.W3CHttpResponseCodec.decode(W3CHttpResponseCodec.java:50)
	at org.openqa.selenium.remote.HttpCommandExecutor.execute(HttpCommandExecutor.java:190)
	at org.openqa.selenium.remote.service.DriverCommandExecutor.invokeExecute(DriverCommandExecutor.java:216)
	at org.openqa.selenium.remote.service.DriverCommandExecutor.execute(DriverCommandExecutor.java:174)
	at org.openqa.selenium.remote.RemoteWebDriver.execute(RemoteWebDriver.java:527)
	at org.openqa.selenium.remote.ElementLocation$ElementFinder$2.findElement(ElementLocation.java:165)
	at org.openqa.selenium.remote.ElementLocation.findElement(ElementLocation.java:59)
	at org.openqa.selenium.remote.RemoteWebDriver.findElement(RemoteWebDriver.java:357)
	at org.openqa.selenium.remote.RemoteWebDriver.findElement(RemoteWebDriver.java:351)
	at org.openqa.selenium.support.pagefactory.DefaultElementLocator.findElement(DefaultElementLocator.java:68)
	at org.openqa.selenium.support.pagefactory.internal.LocatingElementHandler.invoke(LocatingElementHandler.java:38)
	at jdk.proxy2/jdk.proxy2.$Proxy27.getWrappedElement(Unknown Source)
	at org.openqa.selenium.remote.WebElementToJsonConverter.apply(WebElementToJsonConverter.java:48)
	at java.base/java.util.stream.ReferencePipeline$3$1.accept(ReferencePipeline.java:197)
	at java.base/java.util.Spliterators$ArraySpliterator.forEachRemaining(Spliterators.java:1024)
	at java.base/java.util.stream.AbstractPipeline.copyInto(AbstractPipeline.java:509)
	at java.base/java.util.stream.AbstractPipeline.wrapAndCopyInto(AbstractPipeline.java:499)
	at java.base/java.util.stream.ReduceOps$ReduceOp.evaluateSequential(ReduceOps.java:921)
	at java.base/java.util.stream.AbstractPipeline.evaluate(AbstractPipeline.java:234)
	at java.base/java.util.stream.ReferencePipeline.collect(ReferencePipeline.java:682)
	at org.openqa.selenium.remote.RemoteWebDriver.executeScript(RemoteWebDriver.java:463)
	at PageObjects.CartPage.checkout(CartPage.java:72)
	at StepDefinitions.UITest.OrderConfirmationPage.FunctionalityStepDefImpl.userLandedOnECommerecePageOrderConfirmationPage(FunctionalityStepDefImpl.java:64)
	at ✽.User landed on ECommerece page order confirmation page(file:///C:/Users/santh/Desktop/Ecommerce%20Automation/Selenium/EcommercePractise/src/test/java/FeatureFiles/UITest/OrderConfirmationPage/Functionality.feature:35)
]]></failure>
    <system-out><![CDATA[
@Functional
Scenario: Logo                                                                                 # src/test/java/FeatureFiles/UITest/OrdersPage/Functionality.feature:28
]]></system-out>
    <system-err><![CDATA[Jan 06, 2025 10:09:25 AM org.openqa.selenium.devtools.CdpVersionFinder findNearestMatch
WARNING: Unable to find an exact match for CDP version 130, returning the closest version; found: 127; Please update to a Selenium version that supports CDP version 130
Jan 06, 2025 10:09:26 AM org.openqa.selenium.remote.http.WebSocket$Listener onError
WARNING: Connection reset
java.net.SocketException: Connection reset
	at java.base/sun.nio.ch.SocketChannelImpl.throwConnectionReset(SocketChannelImpl.java:401)
	at java.base/sun.nio.ch.SocketChannelImpl.read(SocketChannelImpl.java:434)
	at java.net.http/jdk.internal.net.http.SocketTube.readAvailable(SocketTube.java:1178)
	at java.net.http/jdk.internal.net.http.SocketTube$InternalReadPublisher$InternalReadSubscription.read(SocketTube.java:841)
	at java.net.http/jdk.internal.net.http.SocketTube$SocketFlowTask.run(SocketTube.java:181)
	at java.net.http/jdk.internal.net.http.common.SequentialScheduler$SchedulableTask.run(SequentialScheduler.java:207)
	at java.net.http/jdk.internal.net.http.common.SequentialScheduler.runOrSchedule(SequentialScheduler.java:280)
	at java.net.http/jdk.internal.net.http.common.SequentialScheduler.runOrSchedule(SequentialScheduler.java:233)
	at java.net.http/jdk.internal.net.http.SocketTube$InternalReadPublisher$InternalReadSubscription.signalReadable(SocketTube.java:782)
	at java.net.http/jdk.internal.net.http.SocketTube$InternalReadPublisher$ReadEvent.signalEvent(SocketTube.java:965)
	at java.net.http/jdk.internal.net.http.SocketTube$SocketFlowEvent.handle(SocketTube.java:253)
	at java.net.http/jdk.internal.net.http.HttpClientImpl$SelectorManager.handleEvent(HttpClientImpl.java:1469)
	at java.net.http/jdk.internal.net.http.HttpClientImpl$SelectorManager.lambda$run$3(HttpClientImpl.java:1414)
	at java.base/java.util.ArrayList.forEach(ArrayList.java:1596)
	at java.net.http/jdk.internal.net.http.HttpClientImpl$SelectorManager.run(HttpClientImpl.java:1414)

]]></system-err>
  </testcase>
  <testcase name="runScenario[&quot;Download buttons&quot;, &quot;Order confirmation Page functionality&quot;](100)" classname="TestNGTestRunner" time="17.999">
    <system-out><![CDATA[
@Functional
Scenario: Go back to shopping                                                                  # src/test/java/FeatureFiles/UITest/OrdersPage/Functionality.feature:34
  Given User landed on ECommerece page order confirmation page    # StepDefinitions.UITest.OrderConfirmationPage.FunctionalityStepDefImpl.userLandedOnECommerecePageOrderConfirmationPage()
  When User clicks on download buttons in order confirmation page # StepDefinitions.UITest.OrderConfirmationPage.FunctionalityStepDefImpl.userClicksOnDownloadButtonsInOrderConfirmationPage()
]]></system-out>
    <system-err><![CDATA[Jan 06, 2025 10:09:27 AM org.openqa.selenium.devtools.CdpVersionFinder findNearestMatch
WARNING: Unable to find an exact match for CDP version 130, returning the closest version; found: 127; Please update to a Selenium version that supports CDP version 130
Jan 06, 2025 10:09:28 AM org.openqa.selenium.devtools.CdpVersionFinder findNearestMatch
WARNING: Unable to find an exact match for CDP version 130, returning the closest version; found: 127; Please update to a Selenium version that supports CDP version 130
Jan 06, 2025 10:09:28 AM org.openqa.selenium.devtools.CdpVersionFinder findNearestMatch
WARNING: Unable to find an exact match for CDP version 130, returning the closest version; found: 127; Please update to a Selenium version that supports CDP version 130
Jan 06, 2025 10:09:29 AM org.openqa.selenium.devtools.CdpVersionFinder findNearestMatch
WARNING: Unable to find an exact match for CDP version 130, returning the closest version; found: 127; Please update to a Selenium version that supports CDP version 130
Jan 06, 2025 10:09:44 AM org.openqa.selenium.remote.http.WebSocket$Listener onError
WARNING: Connection reset
java.net.SocketException: Connection reset
	at java.base/sun.nio.ch.SocketChannelImpl.throwConnectionReset(SocketChannelImpl.java:401)
	at java.base/sun.nio.ch.SocketChannelImpl.read(SocketChannelImpl.java:434)
	at java.net.http/jdk.internal.net.http.SocketTube.readAvailable(SocketTube.java:1178)
	at java.net.http/jdk.internal.net.http.SocketTube$InternalReadPublisher$InternalReadSubscription.read(SocketTube.java:841)
	at java.net.http/jdk.internal.net.http.SocketTube$SocketFlowTask.run(SocketTube.java:181)
	at java.net.http/jdk.internal.net.http.common.SequentialScheduler$SchedulableTask.run(SequentialScheduler.java:207)
	at java.net.http/jdk.internal.net.http.common.SequentialScheduler.runOrSchedule(SequentialScheduler.java:280)
	at java.net.http/jdk.internal.net.http.common.SequentialScheduler.runOrSchedule(SequentialScheduler.java:233)
	at java.net.http/jdk.internal.net.http.SocketTube$InternalReadPublisher$InternalReadSubscription.signalReadable(SocketTube.java:782)
	at java.net.http/jdk.internal.net.http.SocketTube$InternalReadPublisher$ReadEvent.signalEvent(SocketTube.java:965)
	at java.net.http/jdk.internal.net.http.SocketTube$SocketFlowEvent.handle(SocketTube.java:253)
	at java.net.http/jdk.internal.net.http.HttpClientImpl$SelectorManager.handleEvent(HttpClientImpl.java:1469)
	at java.net.http/jdk.internal.net.http.HttpClientImpl$SelectorManager.lambda$run$3(HttpClientImpl.java:1414)
	at java.base/java.util.ArrayList.forEach(ArrayList.java:1596)
	at java.net.http/jdk.internal.net.http.HttpClientImpl$SelectorManager.run(HttpClientImpl.java:1414)

]]></system-err>
  </testcase>
  <testcase name="runScenario[&quot;Orders api is failed&quot;, &quot;Order confirmation Page error handling&quot;](101)" classname="TestNGTestRunner" time="7.661">
    <system-out><![CDATA[
@Functional
Scenario: Go back to cart                                                                  # src/test/java/FeatureFiles/UITest/OrdersPage/Functionality.feature:40
  Given User landed on ECommerece page orders page when api is down # StepDefinitions.UITest.OrdersPage.ErrorHandlingStepDefImpl.userLandedOnECommerecePageOrdersPageWhenApiIsDown()
  Then Error occurs                                                 # StepDefinitions.UITest.OrdersPage.ErrorHandlingStepDefImpl.errorOccurs()
]]></system-out>
    <system-err><![CDATA[Jan 06, 2025 10:09:46 AM org.openqa.selenium.devtools.CdpVersionFinder findNearestMatch
WARNING: Unable to find an exact match for CDP version 130, returning the closest version; found: 127; Please update to a Selenium version that supports CDP version 130
Jan 06, 2025 10:09:51 AM org.openqa.selenium.remote.http.WebSocket$Listener onError
WARNING: Connection reset
java.net.SocketException: Connection reset
	at java.base/sun.nio.ch.SocketChannelImpl.throwConnectionReset(SocketChannelImpl.java:401)
	at java.base/sun.nio.ch.SocketChannelImpl.read(SocketChannelImpl.java:434)
	at java.net.http/jdk.internal.net.http.SocketTube.readAvailable(SocketTube.java:1178)
	at java.net.http/jdk.internal.net.http.SocketTube$InternalReadPublisher$InternalReadSubscription.read(SocketTube.java:841)
	at java.net.http/jdk.internal.net.http.SocketTube$SocketFlowTask.run(SocketTube.java:181)
	at java.net.http/jdk.internal.net.http.common.SequentialScheduler$SchedulableTask.run(SequentialScheduler.java:207)
	at java.net.http/jdk.internal.net.http.common.SequentialScheduler.runOrSchedule(SequentialScheduler.java:280)
	at java.net.http/jdk.internal.net.http.common.SequentialScheduler.runOrSchedule(SequentialScheduler.java:233)
	at java.net.http/jdk.internal.net.http.SocketTube$InternalReadPublisher$InternalReadSubscription.signalReadable(SocketTube.java:782)
	at java.net.http/jdk.internal.net.http.SocketTube$InternalReadPublisher$ReadEvent.signalEvent(SocketTube.java:965)
	at java.net.http/jdk.internal.net.http.SocketTube$SocketFlowEvent.handle(SocketTube.java:253)
	at java.net.http/jdk.internal.net.http.HttpClientImpl$SelectorManager.handleEvent(HttpClientImpl.java:1469)
	at java.net.http/jdk.internal.net.http.HttpClientImpl$SelectorManager.lambda$run$3(HttpClientImpl.java:1414)
	at java.base/java.util.ArrayList.forEach(ArrayList.java:1596)
	at java.net.http/jdk.internal.net.http.HttpClientImpl$SelectorManager.run(HttpClientImpl.java:1414)

]]></system-err>
  </testcase>
  <testcase name="runScenario[&quot;Delete api is failed&quot;, &quot;Order confirmation Page error handling&quot;](102)" classname="TestNGTestRunner" time="9.088">
    <failure message="no such element: Unable to locate element: {&quot;method&quot;:&quot;css selector&quot;,&quot;selector&quot;:&quot;.totalRow button&quot;}&#10;  (Session info: chrome=130.0.6723.70)&#10;For documentation on this error, please visit: https://www.selenium.dev/documentation/webdriver/troubleshooting/errors#no-such-element-exception&#10;Build info: version: &apos;4.23.0&apos;, revision: &apos;4df0a231af&apos;&#10;System info: os.name: &apos;Windows 11&apos;, os.arch: &apos;amd64&apos;, os.version: &apos;10.0&apos;, java.version: &apos;21.0.5&apos;&#10;Driver info: org.openqa.selenium.chrome.ChromeDriver&#10;Command: [2f25999d1c56cd355fa2a9a7aa52d49e, findElement {value=.totalRow button, using=css selector}]&#10;Capabilities {acceptInsecureCerts: false, browserName: chrome, browserVersion: 130.0.6723.70, chrome: {chromedriverVersion: 130.0.6723.116 (6ac35f94ae3..., userDataDir: C:\Users\santh\AppData\Loca...}, fedcm:accounts: true, goog:chromeOptions: {debuggerAddress: localhost:55580}, networkConnectionEnabled: false, pageLoadStrategy: normal, platformName: windows, proxy: Proxy(), se:cdp: ws://localhost:55580/devtoo..., se:cdpVersion: 130.0.6723.70, setWindowRect: true, strictFileInteractability: false, timeouts: {implicit: 0, pageLoad: 300000, script: 30000}, unhandledPromptBehavior: dismiss and notify, webauthn:extension:credBlob: true, webauthn:extension:largeBlob: true, webauthn:extension:minPinLength: true, webauthn:extension:prf: true, webauthn:virtualAuthenticators: true}&#10;Session ID: 2f25999d1c56cd355fa2a9a7aa52d49e" type="org.openqa.selenium.NoSuchElementException"><![CDATA[org.openqa.selenium.NoSuchElementException: 
no such element: Unable to locate element: {"method":"css selector","selector":".totalRow button"}
  (Session info: chrome=130.0.6723.70)
For documentation on this error, please visit: https://www.selenium.dev/documentation/webdriver/troubleshooting/errors#no-such-element-exception
Build info: version: '4.23.0', revision: '4df0a231af'
System info: os.name: 'Windows 11', os.arch: 'amd64', os.version: '10.0', java.version: '21.0.5'
Driver info: org.openqa.selenium.chrome.ChromeDriver
Command: [2f25999d1c56cd355fa2a9a7aa52d49e, findElement {value=.totalRow button, using=css selector}]
Capabilities {acceptInsecureCerts: false, browserName: chrome, browserVersion: 130.0.6723.70, chrome: {chromedriverVersion: 130.0.6723.116 (6ac35f94ae3..., userDataDir: C:\Users\santh\AppData\Loca...}, fedcm:accounts: true, goog:chromeOptions: {debuggerAddress: localhost:55580}, networkConnectionEnabled: false, pageLoadStrategy: normal, platformName: windows, proxy: Proxy(), se:cdp: ws://localhost:55580/devtoo..., se:cdpVersion: 130.0.6723.70, setWindowRect: true, strictFileInteractability: false, timeouts: {implicit: 0, pageLoad: 300000, script: 30000}, unhandledPromptBehavior: dismiss and notify, webauthn:extension:credBlob: true, webauthn:extension:largeBlob: true, webauthn:extension:minPinLength: true, webauthn:extension:prf: true, webauthn:virtualAuthenticators: true}
Session ID: 2f25999d1c56cd355fa2a9a7aa52d49e
	at java.base/jdk.internal.reflect.DirectConstructorHandleAccessor.newInstance(DirectConstructorHandleAccessor.java:62)
	at java.base/java.lang.reflect.Constructor.newInstanceWithCaller(Constructor.java:502)
	at java.base/java.lang.reflect.Constructor.newInstance(Constructor.java:486)
	at org.openqa.selenium.remote.ErrorCodec.decode(ErrorCodec.java:167)
	at org.openqa.selenium.remote.codec.w3c.W3CHttpResponseCodec.decode(W3CHttpResponseCodec.java:138)
	at org.openqa.selenium.remote.codec.w3c.W3CHttpResponseCodec.decode(W3CHttpResponseCodec.java:50)
	at org.openqa.selenium.remote.HttpCommandExecutor.execute(HttpCommandExecutor.java:190)
	at org.openqa.selenium.remote.service.DriverCommandExecutor.invokeExecute(DriverCommandExecutor.java:216)
	at org.openqa.selenium.remote.service.DriverCommandExecutor.execute(DriverCommandExecutor.java:174)
	at org.openqa.selenium.remote.RemoteWebDriver.execute(RemoteWebDriver.java:527)
	at org.openqa.selenium.remote.ElementLocation$ElementFinder$2.findElement(ElementLocation.java:165)
	at org.openqa.selenium.remote.ElementLocation.findElement(ElementLocation.java:59)
	at org.openqa.selenium.remote.RemoteWebDriver.findElement(RemoteWebDriver.java:357)
	at org.openqa.selenium.remote.RemoteWebDriver.findElement(RemoteWebDriver.java:351)
	at org.openqa.selenium.support.pagefactory.DefaultElementLocator.findElement(DefaultElementLocator.java:68)
	at org.openqa.selenium.support.pagefactory.internal.LocatingElementHandler.invoke(LocatingElementHandler.java:38)
	at jdk.proxy2/jdk.proxy2.$Proxy27.getWrappedElement(Unknown Source)
	at org.openqa.selenium.remote.WebElementToJsonConverter.apply(WebElementToJsonConverter.java:48)
	at java.base/java.util.stream.ReferencePipeline$3$1.accept(ReferencePipeline.java:197)
	at java.base/java.util.Spliterators$ArraySpliterator.forEachRemaining(Spliterators.java:1024)
	at java.base/java.util.stream.AbstractPipeline.copyInto(AbstractPipeline.java:509)
	at java.base/java.util.stream.AbstractPipeline.wrapAndCopyInto(AbstractPipeline.java:499)
	at java.base/java.util.stream.ReduceOps$ReduceOp.evaluateSequential(ReduceOps.java:921)
	at java.base/java.util.stream.AbstractPipeline.evaluate(AbstractPipeline.java:234)
	at java.base/java.util.stream.ReferencePipeline.collect(ReferencePipeline.java:682)
	at org.openqa.selenium.remote.RemoteWebDriver.executeScript(RemoteWebDriver.java:463)
	at PageObjects.CartPage.checkout(CartPage.java:72)
	at StepDefinitions.UITest.OrdersPage.ErrorHandlingStepDefImpl.userLandedOnECommerecePageOrdersPageWhenApiIsDown(ErrorHandlingStepDefImpl.java:63)
	at ✽.User landed on ECommerece page orders page when api is down(file:///C:/Users/santh/Desktop/Ecommerce%20Automation/Selenium/EcommercePractise/src/test/java/FeatureFiles/UITest/OrdersPage/ErrorHandling.feature:10)
]]></failure>
    <system-out><![CDATA[
@Functional
Scenario: No orders                                                                      # src/test/java/FeatureFiles/UITest/OrdersPage/Functionality.feature:46
  Given User landed on ECommerece page orders page                                             # StepDefinitions.UITest.OrdersPage.FunctionalityStepDefImpl.userLandedOnECommerecePageOrdersPage()
  Given User landed on ECommerece page orders page when api is down # StepDefinitions.UITest.OrdersPage.ErrorHandlingStepDefImpl.userLandedOnECommerecePageOrdersPageWhenApiIsDown()
      org.openqa.selenium.NoSuchElementException: no such element: Unable to locate element: {"method":"css selector","selector":".totalRow button"}
  (Session info: chrome=130.0.6723.70)
For documentation on this error, please visit: https://www.selenium.dev/documentation/webdriver/troubleshooting/errors#no-such-element-exception
Build info: version: '4.23.0', revision: '4df0a231af'
System info: os.name: 'Windows 11', os.arch: 'amd64', os.version: '10.0', java.version: '21.0.5'
Driver info: org.openqa.selenium.chrome.ChromeDriver
Command: [2f25999d1c56cd355fa2a9a7aa52d49e, findElement {value=.totalRow button, using=css selector}]
Capabilities {acceptInsecureCerts: false, browserName: chrome, browserVersion: 130.0.6723.70, chrome: {chromedriverVersion: 130.0.6723.116 (6ac35f94ae3..., userDataDir: C:\Users\santh\AppData\Loca...}, fedcm:accounts: true, goog:chromeOptions: {debuggerAddress: localhost:55580}, networkConnectionEnabled: false, pageLoadStrategy: normal, platformName: windows, proxy: Proxy(), se:cdp: ws://localhost:55580/devtoo..., se:cdpVersion: 130.0.6723.70, setWindowRect: true, strictFileInteractability: false, timeouts: {implicit: 0, pageLoad: 300000, script: 30000}, unhandledPromptBehavior: dismiss and notify, webauthn:extension:credBlob: true, webauthn:extension:largeBlob: true, webauthn:extension:minPinLength: true, webauthn:extension:prf: true, webauthn:virtualAuthenticators: true}
Session ID: 2f25999d1c56cd355fa2a9a7aa52d49e
	at java.base/jdk.internal.reflect.DirectConstructorHandleAccessor.newInstance(DirectConstructorHandleAccessor.java:62)
	at java.base/java.lang.reflect.Constructor.newInstanceWithCaller(Constructor.java:502)
	at java.base/java.lang.reflect.Constructor.newInstance(Constructor.java:486)
	at org.openqa.selenium.remote.ErrorCodec.decode(ErrorCodec.java:167)
	at org.openqa.selenium.remote.codec.w3c.W3CHttpResponseCodec.decode(W3CHttpResponseCodec.java:138)
	at org.openqa.selenium.remote.codec.w3c.W3CHttpResponseCodec.decode(W3CHttpResponseCodec.java:50)
	at org.openqa.selenium.remote.HttpCommandExecutor.execute(HttpCommandExecutor.java:190)
	at org.openqa.selenium.remote.service.DriverCommandExecutor.invokeExecute(DriverCommandExecutor.java:216)
	at org.openqa.selenium.remote.service.DriverCommandExecutor.execute(DriverCommandExecutor.java:174)
	at org.openqa.selenium.remote.RemoteWebDriver.execute(RemoteWebDriver.java:527)
	at org.openqa.selenium.remote.ElementLocation$ElementFinder$2.findElement(ElementLocation.java:165)
	at org.openqa.selenium.remote.ElementLocation.findElement(ElementLocation.java:59)
	at org.openqa.selenium.remote.RemoteWebDriver.findElement(RemoteWebDriver.java:357)
	at org.openqa.selenium.remote.RemoteWebDriver.findElement(RemoteWebDriver.java:351)
	at org.openqa.selenium.support.pagefactory.DefaultElementLocator.findElement(DefaultElementLocator.java:68)
	at org.openqa.selenium.support.pagefactory.internal.LocatingElementHandler.invoke(LocatingElementHandler.java:38)
	at jdk.proxy2/jdk.proxy2.$Proxy27.getWrappedElement(Unknown Source)
	at org.openqa.selenium.remote.WebElementToJsonConverter.apply(WebElementToJsonConverter.java:48)
	at java.base/java.util.stream.ReferencePipeline$3$1.accept(ReferencePipeline.java:197)
	at java.base/java.util.Spliterators$ArraySpliterator.forEachRemaining(Spliterators.java:1024)
	at java.base/java.util.stream.AbstractPipeline.copyInto(AbstractPipeline.java:509)
	at java.base/java.util.stream.AbstractPipeline.wrapAndCopyInto(AbstractPipeline.java:499)
	at java.base/java.util.stream.ReduceOps$ReduceOp.evaluateSequential(ReduceOps.java:921)
	at java.base/java.util.stream.AbstractPipeline.evaluate(AbstractPipeline.java:234)
	at java.base/java.util.stream.ReferencePipeline.collect(ReferencePipeline.java:682)
	at org.openqa.selenium.remote.RemoteWebDriver.executeScript(RemoteWebDriver.java:463)
	at PageObjects.CartPage.checkout(CartPage.java:72)
	at StepDefinitions.UITest.OrdersPage.ErrorHandlingStepDefImpl.userLandedOnECommerecePageOrdersPageWhenApiIsDown(ErrorHandlingStepDefImpl.java:63)
	at ✽.User landed on ECommerece page orders page when api is down(file:///C:/Users/santh/Desktop/Ecommerce%20Automation/Selenium/EcommercePractise/src/test/java/FeatureFiles/UITest/OrdersPage/ErrorHandling.feature:10)

  When User clicks on delete button when api is down                # StepDefinitions.UITest.OrdersPage.ErrorHandlingStepDefImpl.userClicksOnDeleteButtonWhenApiIsDown()
  Then "Unknown error occured" Error occurs                         # StepDefinitions.UITest.OrdersPage.ErrorHandlingStepDefImpl.errorOccurs(java.lang.String)
  Given User landed on ECommerece page orders page                                             # StepDefinitions.UITest.OrdersPage.FunctionalityStepDefImpl.userLandedOnECommerecePageOrdersPage()
  When User clicks on home button in orders page                                               # StepDefinitions.UITest.OrdersPage.FunctionalityStepDefImpl.userClicksOnHomeButtonInOrdersPage()
  Then "AUTOMATION" message is displayed and user is redirected Products page from orders page # StepDefinitions.UITest.OrdersPage.FunctionalityStepDefImpl.messageIsDisplayedAndUserIsRedirectedProductsPageFromOrdersPage(java.lang.String)
  Given User landed on ECommerece page orders page when api is down                                     # StepDefinitions.UITest.OrdersPage.ErrorHandlingStepDefImpl.userLandedOnECommerecePageOrdersPageWhenApiIsDown()
  When User clicks on go back to shopping button in orders page                                # StepDefinitions.UITest.OrdersPage.FunctionalityStepDefImpl.userClicksOnGoBackToShoppingButtonInOrdersPage()
  Then "AUTOMATION" message is displayed and user is redirected Products page from orders page # StepDefinitions.UITest.OrdersPage.FunctionalityStepDefImpl.messageIsDisplayedAndUserIsRedirectedProductsPageFromOrdersPage(java.lang.String)
  When User clicks on view button when api is down                                                      # StepDefinitions.UITest.OrdersPage.ErrorHandlingStepDefImpl.userClicksOnViewButtonWhenApiIsDown()
  Then "You are not authorize to view this order" is displayed and "Unknown error occured" Error occurs # StepDefinitions.UITest.OrdersPage.ErrorHandlingStepDefImpl.isDisplayedAndErrorOccurs(java.lang.String,java.lang.String)
]]></system-out>
    <system-err><![CDATA[Jan 06, 2025 10:09:53 AM org.openqa.selenium.devtools.CdpVersionFinder findNearestMatch
WARNING: Unable to find an exact match for CDP version 130, returning the closest version; found: 127; Please update to a Selenium version that supports CDP version 130
Jan 06, 2025 10:10:00 AM org.openqa.selenium.remote.http.WebSocket$Listener onError
WARNING: Connection reset
java.net.SocketException: Connection reset
	at java.base/sun.nio.ch.SocketChannelImpl.throwConnectionReset(SocketChannelImpl.java:401)
	at java.base/sun.nio.ch.SocketChannelImpl.read(SocketChannelImpl.java:434)
	at java.net.http/jdk.internal.net.http.SocketTube.readAvailable(SocketTube.java:1178)
	at java.net.http/jdk.internal.net.http.SocketTube$InternalReadPublisher$InternalReadSubscription.read(SocketTube.java:841)
	at java.net.http/jdk.internal.net.http.SocketTube$SocketFlowTask.run(SocketTube.java:181)
	at java.net.http/jdk.internal.net.http.common.SequentialScheduler$SchedulableTask.run(SequentialScheduler.java:207)
	at java.net.http/jdk.internal.net.http.common.SequentialScheduler.runOrSchedule(SequentialScheduler.java:280)
	at java.net.http/jdk.internal.net.http.common.SequentialScheduler.runOrSchedule(SequentialScheduler.java:233)
	at java.net.http/jdk.internal.net.http.SocketTube$InternalReadPublisher$InternalReadSubscription.signalReadable(SocketTube.java:782)
	at java.net.http/jdk.internal.net.http.SocketTube$InternalReadPublisher$ReadEvent.signalEvent(SocketTube.java:965)
	at java.net.http/jdk.internal.net.http.SocketTube$SocketFlowEvent.handle(SocketTube.java:253)
	at java.net.http/jdk.internal.net.http.HttpClientImpl$SelectorManager.handleEvent(HttpClientImpl.java:1469)
	at java.net.http/jdk.internal.net.http.HttpClientImpl$SelectorManager.lambda$run$3(HttpClientImpl.java:1414)
	at java.base/java.util.ArrayList.forEach(ArrayList.java:1596)
	at java.net.http/jdk.internal.net.http.HttpClientImpl$SelectorManager.run(HttpClientImpl.java:1414)

]]></system-err>
  </testcase>
  <testcase name="runScenario[&quot;Home button&quot;, &quot;Order confirmation Page functionality&quot;](103)" classname="TestNGTestRunner" time="0.336">
    <system-out><![CDATA[
@Functional
Scenario: Orders are displayed                     # src/test/java/FeatureFiles/UITest/OrdersPage/Functionality.feature:51
]]></system-out>
    <system-err><![CDATA[Jan 06, 2025 10:10:01 AM org.openqa.selenium.remote.http.WebSocket$Listener onError
WARNING: Connection reset
java.net.SocketException: Connection reset
	at java.base/sun.nio.ch.SocketChannelImpl.throwConnectionReset(SocketChannelImpl.java:401)
	at java.base/sun.nio.ch.SocketChannelImpl.read(SocketChannelImpl.java:434)
	at java.net.http/jdk.internal.net.http.SocketTube.readAvailable(SocketTube.java:1178)
	at java.net.http/jdk.internal.net.http.SocketTube$InternalReadPublisher$InternalReadSubscription.read(SocketTube.java:841)
	at java.net.http/jdk.internal.net.http.SocketTube$SocketFlowTask.run(SocketTube.java:181)
	at java.net.http/jdk.internal.net.http.common.SequentialScheduler$SchedulableTask.run(SequentialScheduler.java:207)
	at java.net.http/jdk.internal.net.http.common.SequentialScheduler.runOrSchedule(SequentialScheduler.java:280)
	at java.net.http/jdk.internal.net.http.common.SequentialScheduler.runOrSchedule(SequentialScheduler.java:233)
	at java.net.http/jdk.internal.net.http.SocketTube$InternalReadPublisher$InternalReadSubscription.signalReadable(SocketTube.java:782)
	at java.net.http/jdk.internal.net.http.SocketTube$InternalReadPublisher$ReadEvent.signalEvent(SocketTube.java:965)
	at java.net.http/jdk.internal.net.http.SocketTube$SocketFlowEvent.handle(SocketTube.java:253)
	at java.net.http/jdk.internal.net.http.HttpClientImpl$SelectorManager.handleEvent(HttpClientImpl.java:1469)
	at java.net.http/jdk.internal.net.http.HttpClientImpl$SelectorManager.lambda$run$3(HttpClientImpl.java:1414)
	at java.base/java.util.ArrayList.forEach(ArrayList.java:1596)
	at java.net.http/jdk.internal.net.http.HttpClientImpl$SelectorManager.run(HttpClientImpl.java:1414)

]]></system-err>
  </testcase>
  <testcase name="runScenario[&quot;Go back to shopping&quot;, &quot;Order confirmation Page functionality&quot;](104)" classname="TestNGTestRunner" time="0.787">
    <system-out><![CDATA[
@Functional
Scenario: Delete order                             # src/test/java/FeatureFiles/UITest/OrdersPage/Functionality.feature:56
]]></system-out>
    <system-err><![CDATA[Jan 06, 2025 10:10:02 AM org.openqa.selenium.remote.http.WebSocket$Listener onError
WARNING: Connection reset
java.net.SocketException: Connection reset
	at java.base/sun.nio.ch.SocketChannelImpl.throwConnectionReset(SocketChannelImpl.java:401)
	at java.base/sun.nio.ch.SocketChannelImpl.read(SocketChannelImpl.java:434)
	at java.net.http/jdk.internal.net.http.SocketTube.readAvailable(SocketTube.java:1178)
	at java.net.http/jdk.internal.net.http.SocketTube$InternalReadPublisher$InternalReadSubscription.read(SocketTube.java:841)
	at java.net.http/jdk.internal.net.http.SocketTube$SocketFlowTask.run(SocketTube.java:181)
	at java.net.http/jdk.internal.net.http.common.SequentialScheduler$SchedulableTask.run(SequentialScheduler.java:207)
	at java.net.http/jdk.internal.net.http.common.SequentialScheduler.runOrSchedule(SequentialScheduler.java:280)
	at java.net.http/jdk.internal.net.http.common.SequentialScheduler.runOrSchedule(SequentialScheduler.java:233)
	at java.net.http/jdk.internal.net.http.SocketTube$InternalReadPublisher$InternalReadSubscription.signalReadable(SocketTube.java:782)
	at java.net.http/jdk.internal.net.http.SocketTube$InternalReadPublisher$ReadEvent.signalEvent(SocketTube.java:965)
	at java.net.http/jdk.internal.net.http.SocketTube$SocketFlowEvent.handle(SocketTube.java:253)
	at java.net.http/jdk.internal.net.http.HttpClientImpl$SelectorManager.handleEvent(HttpClientImpl.java:1469)
	at java.net.http/jdk.internal.net.http.HttpClientImpl$SelectorManager.lambda$run$3(HttpClientImpl.java:1414)
	at java.base/java.util.ArrayList.forEach(ArrayList.java:1596)
	at java.net.http/jdk.internal.net.http.HttpClientImpl$SelectorManager.run(HttpClientImpl.java:1414)

]]></system-err>
  </testcase>
  <testcase name="runScenario[&quot;View api is failed&quot;, &quot;Order confirmation Page error handling&quot;](105)" classname="TestNGTestRunner" time="0.467">
    <system-out><![CDATA[
@Functional
Scenario: View order                               # src/test/java/FeatureFiles/UITest/OrdersPage/Functionality.feature:61
  Given User landed on ECommerece page orders page                     # StepDefinitions.UITest.OrdersPage.FunctionalityStepDefImpl.userLandedOnECommerecePageOrdersPage()
      org.openqa.selenium.NoSuchElementException: no such element: Unable to locate element: {"method":"css selector","selector":".totalRow button"}
  (Session info: chrome=130.0.6723.70)
For documentation on this error, please visit: https://www.selenium.dev/documentation/webdriver/troubleshooting/errors#no-such-element-exception
Build info: version: '4.23.0', revision: '4df0a231af'
System info: os.name: 'Windows 11', os.arch: 'amd64', os.version: '10.0', java.version: '21.0.5'
Driver info: org.openqa.selenium.chrome.ChromeDriver
Command: [d1d5ddd4548e4658fad2daaa53307a10, findElement {value=.totalRow button, using=css selector}]
Capabilities {acceptInsecureCerts: false, browserName: chrome, browserVersion: 130.0.6723.70, chrome: {chromedriverVersion: 130.0.6723.116 (6ac35f94ae3..., userDataDir: C:\Users\santh\AppData\Loca...}, fedcm:accounts: true, goog:chromeOptions: {debuggerAddress: localhost:55648}, networkConnectionEnabled: false, pageLoadStrategy: normal, platformName: windows, proxy: Proxy(), se:cdp: ws://localhost:55648/devtoo..., se:cdpVersion: 130.0.6723.70, setWindowRect: true, strictFileInteractability: false, timeouts: {implicit: 0, pageLoad: 300000, script: 30000}, unhandledPromptBehavior: dismiss and notify, webauthn:extension:credBlob: true, webauthn:extension:largeBlob: true, webauthn:extension:minPinLength: true, webauthn:extension:prf: true, webauthn:virtualAuthenticators: true}
Session ID: d1d5ddd4548e4658fad2daaa53307a10
	at java.base/jdk.internal.reflect.DirectConstructorHandleAccessor.newInstance(DirectConstructorHandleAccessor.java:62)
	at java.base/java.lang.reflect.Constructor.newInstanceWithCaller(Constructor.java:502)
	at java.base/java.lang.reflect.Constructor.newInstance(Constructor.java:486)
	at org.openqa.selenium.remote.ErrorCodec.decode(ErrorCodec.java:167)
	at org.openqa.selenium.remote.codec.w3c.W3CHttpResponseCodec.decode(W3CHttpResponseCodec.java:138)
	at org.openqa.selenium.remote.codec.w3c.W3CHttpResponseCodec.decode(W3CHttpResponseCodec.java:50)
	at org.openqa.selenium.remote.HttpCommandExecutor.execute(HttpCommandExecutor.java:190)
	at org.openqa.selenium.remote.service.DriverCommandExecutor.invokeExecute(DriverCommandExecutor.java:216)
	at org.openqa.selenium.remote.service.DriverCommandExecutor.execute(DriverCommandExecutor.java:174)
	at org.openqa.selenium.remote.RemoteWebDriver.execute(RemoteWebDriver.java:527)
	at org.openqa.selenium.remote.ElementLocation$ElementFinder$2.findElement(ElementLocation.java:165)
	at org.openqa.selenium.remote.ElementLocation.findElement(ElementLocation.java:59)
	at org.openqa.selenium.remote.RemoteWebDriver.findElement(RemoteWebDriver.java:357)
	at org.openqa.selenium.remote.RemoteWebDriver.findElement(RemoteWebDriver.java:351)
	at org.openqa.selenium.support.pagefactory.DefaultElementLocator.findElement(DefaultElementLocator.java:68)
	at org.openqa.selenium.support.pagefactory.internal.LocatingElementHandler.invoke(LocatingElementHandler.java:38)
	at jdk.proxy2/jdk.proxy2.$Proxy27.getWrappedElement(Unknown Source)
	at org.openqa.selenium.remote.WebElementToJsonConverter.apply(WebElementToJsonConverter.java:48)
	at java.base/java.util.stream.ReferencePipeline$3$1.accept(ReferencePipeline.java:197)
	at java.base/java.util.Spliterators$ArraySpliterator.forEachRemaining(Spliterators.java:1024)
	at java.base/java.util.stream.AbstractPipeline.copyInto(AbstractPipeline.java:509)
	at java.base/java.util.stream.AbstractPipeline.wrapAndCopyInto(AbstractPipeline.java:499)
	at java.base/java.util.stream.ReduceOps$ReduceOp.evaluateSequential(ReduceOps.java:921)
	at java.base/java.util.stream.AbstractPipeline.evaluate(AbstractPipeline.java:234)
	at java.base/java.util.stream.ReferencePipeline.collect(ReferencePipeline.java:682)
	at org.openqa.selenium.remote.RemoteWebDriver.executeScript(RemoteWebDriver.java:463)
	at PageObjects.CartPage.checkout(CartPage.java:72)
	at StepDefinitions.UITest.OrdersPage.FunctionalityStepDefImpl.userLandedOnECommerecePageOrdersPage(FunctionalityStepDefImpl.java:69)
	at ✽.User landed on ECommerece page orders page(file:///C:/Users/santh/Desktop/Ecommerce%20Automation/Selenium/EcommercePractise/src/test/java/FeatureFiles/UITest/OrdersPage/Functionality.feature:11)

  When User clicks on orders button in orders page                     # StepDefinitions.UITest.OrdersPage.FunctionalityStepDefImpl.userClicksOnOrdersButtonInOrdersPage()
  Then user is redirected to Orders page is displayed from orders page # StepDefinitions.UITest.OrdersPage.FunctionalityStepDefImpl.userIsRedirectedToOrdersPageIsDisplayedFromOrdersPage()
]]></system-out>
    <system-err><![CDATA[Jan 06, 2025 10:10:02 AM org.openqa.selenium.devtools.CdpVersionFinder findNearestMatch
WARNING: Unable to find an exact match for CDP version 130, returning the closest version; found: 127; Please update to a Selenium version that supports CDP version 130
Jan 06, 2025 10:10:02 AM org.openqa.selenium.devtools.CdpVersionFinder findNearestMatch
WARNING: Unable to find an exact match for CDP version 130, returning the closest version; found: 127; Please update to a Selenium version that supports CDP version 130
Jan 06, 2025 10:10:02 AM org.openqa.selenium.remote.http.WebSocket$Listener onError
WARNING: Connection reset
java.net.SocketException: Connection reset
	at java.base/sun.nio.ch.SocketChannelImpl.throwConnectionReset(SocketChannelImpl.java:401)
	at java.base/sun.nio.ch.SocketChannelImpl.read(SocketChannelImpl.java:434)
	at java.net.http/jdk.internal.net.http.SocketTube.readAvailable(SocketTube.java:1178)
	at java.net.http/jdk.internal.net.http.SocketTube$InternalReadPublisher$InternalReadSubscription.read(SocketTube.java:841)
	at java.net.http/jdk.internal.net.http.SocketTube$SocketFlowTask.run(SocketTube.java:181)
	at java.net.http/jdk.internal.net.http.common.SequentialScheduler$SchedulableTask.run(SequentialScheduler.java:207)
	at java.net.http/jdk.internal.net.http.common.SequentialScheduler.runOrSchedule(SequentialScheduler.java:280)
	at java.net.http/jdk.internal.net.http.common.SequentialScheduler.runOrSchedule(SequentialScheduler.java:233)
	at java.net.http/jdk.internal.net.http.SocketTube$InternalReadPublisher$InternalReadSubscription.signalReadable(SocketTube.java:782)
	at java.net.http/jdk.internal.net.http.SocketTube$InternalReadPublisher$ReadEvent.signalEvent(SocketTube.java:965)
	at java.net.http/jdk.internal.net.http.SocketTube$SocketFlowEvent.handle(SocketTube.java:253)
	at java.net.http/jdk.internal.net.http.HttpClientImpl$SelectorManager.handleEvent(HttpClientImpl.java:1469)
	at java.net.http/jdk.internal.net.http.HttpClientImpl$SelectorManager.lambda$run$3(HttpClientImpl.java:1414)
	at java.base/java.util.ArrayList.forEach(ArrayList.java:1596)
	at java.net.http/jdk.internal.net.http.HttpClientImpl$SelectorManager.run(HttpClientImpl.java:1414)

]]></system-err>
  </testcase>
  <testcase name="runScenario[&quot;Orders button&quot;, &quot;Order confirmation Page functionality&quot;](106)" classname="TestNGTestRunner" time="1.805">
    <failure message="no such element: Unable to locate element: {&quot;method&quot;:&quot;css selector&quot;,&quot;selector&quot;:&quot;.totalRow button&quot;}&#10;  (Session info: chrome=130.0.6723.70)&#10;For documentation on this error, please visit: https://www.selenium.dev/documentation/webdriver/troubleshooting/errors#no-such-element-exception&#10;Build info: version: &apos;4.23.0&apos;, revision: &apos;4df0a231af&apos;&#10;System info: os.name: &apos;Windows 11&apos;, os.arch: &apos;amd64&apos;, os.version: &apos;10.0&apos;, java.version: &apos;21.0.5&apos;&#10;Driver info: org.openqa.selenium.chrome.ChromeDriver&#10;Command: [d1d5ddd4548e4658fad2daaa53307a10, findElement {value=.totalRow button, using=css selector}]&#10;Capabilities {acceptInsecureCerts: false, browserName: chrome, browserVersion: 130.0.6723.70, chrome: {chromedriverVersion: 130.0.6723.116 (6ac35f94ae3..., userDataDir: C:\Users\santh\AppData\Loca...}, fedcm:accounts: true, goog:chromeOptions: {debuggerAddress: localhost:55648}, networkConnectionEnabled: false, pageLoadStrategy: normal, platformName: windows, proxy: Proxy(), se:cdp: ws://localhost:55648/devtoo..., se:cdpVersion: 130.0.6723.70, setWindowRect: true, strictFileInteractability: false, timeouts: {implicit: 0, pageLoad: 300000, script: 30000}, unhandledPromptBehavior: dismiss and notify, webauthn:extension:credBlob: true, webauthn:extension:largeBlob: true, webauthn:extension:minPinLength: true, webauthn:extension:prf: true, webauthn:virtualAuthenticators: true}&#10;Session ID: d1d5ddd4548e4658fad2daaa53307a10" type="org.openqa.selenium.NoSuchElementException"><![CDATA[org.openqa.selenium.NoSuchElementException: 
no such element: Unable to locate element: {"method":"css selector","selector":".totalRow button"}
  (Session info: chrome=130.0.6723.70)
For documentation on this error, please visit: https://www.selenium.dev/documentation/webdriver/troubleshooting/errors#no-such-element-exception
Build info: version: '4.23.0', revision: '4df0a231af'
System info: os.name: 'Windows 11', os.arch: 'amd64', os.version: '10.0', java.version: '21.0.5'
Driver info: org.openqa.selenium.chrome.ChromeDriver
Command: [d1d5ddd4548e4658fad2daaa53307a10, findElement {value=.totalRow button, using=css selector}]
Capabilities {acceptInsecureCerts: false, browserName: chrome, browserVersion: 130.0.6723.70, chrome: {chromedriverVersion: 130.0.6723.116 (6ac35f94ae3..., userDataDir: C:\Users\santh\AppData\Loca...}, fedcm:accounts: true, goog:chromeOptions: {debuggerAddress: localhost:55648}, networkConnectionEnabled: false, pageLoadStrategy: normal, platformName: windows, proxy: Proxy(), se:cdp: ws://localhost:55648/devtoo..., se:cdpVersion: 130.0.6723.70, setWindowRect: true, strictFileInteractability: false, timeouts: {implicit: 0, pageLoad: 300000, script: 30000}, unhandledPromptBehavior: dismiss and notify, webauthn:extension:credBlob: true, webauthn:extension:largeBlob: true, webauthn:extension:minPinLength: true, webauthn:extension:prf: true, webauthn:virtualAuthenticators: true}
Session ID: d1d5ddd4548e4658fad2daaa53307a10
	at java.base/jdk.internal.reflect.DirectConstructorHandleAccessor.newInstance(DirectConstructorHandleAccessor.java:62)
	at java.base/java.lang.reflect.Constructor.newInstanceWithCaller(Constructor.java:502)
	at java.base/java.lang.reflect.Constructor.newInstance(Constructor.java:486)
	at org.openqa.selenium.remote.ErrorCodec.decode(ErrorCodec.java:167)
	at org.openqa.selenium.remote.codec.w3c.W3CHttpResponseCodec.decode(W3CHttpResponseCodec.java:138)
	at org.openqa.selenium.remote.codec.w3c.W3CHttpResponseCodec.decode(W3CHttpResponseCodec.java:50)
	at org.openqa.selenium.remote.HttpCommandExecutor.execute(HttpCommandExecutor.java:190)
	at org.openqa.selenium.remote.service.DriverCommandExecutor.invokeExecute(DriverCommandExecutor.java:216)
	at org.openqa.selenium.remote.service.DriverCommandExecutor.execute(DriverCommandExecutor.java:174)
	at org.openqa.selenium.remote.RemoteWebDriver.execute(RemoteWebDriver.java:527)
	at org.openqa.selenium.remote.ElementLocation$ElementFinder$2.findElement(ElementLocation.java:165)
	at org.openqa.selenium.remote.ElementLocation.findElement(ElementLocation.java:59)
	at org.openqa.selenium.remote.RemoteWebDriver.findElement(RemoteWebDriver.java:357)
	at org.openqa.selenium.remote.RemoteWebDriver.findElement(RemoteWebDriver.java:351)
	at org.openqa.selenium.support.pagefactory.DefaultElementLocator.findElement(DefaultElementLocator.java:68)
	at org.openqa.selenium.support.pagefactory.internal.LocatingElementHandler.invoke(LocatingElementHandler.java:38)
	at jdk.proxy2/jdk.proxy2.$Proxy27.getWrappedElement(Unknown Source)
	at org.openqa.selenium.remote.WebElementToJsonConverter.apply(WebElementToJsonConverter.java:48)
	at java.base/java.util.stream.ReferencePipeline$3$1.accept(ReferencePipeline.java:197)
	at java.base/java.util.Spliterators$ArraySpliterator.forEachRemaining(Spliterators.java:1024)
	at java.base/java.util.stream.AbstractPipeline.copyInto(AbstractPipeline.java:509)
	at java.base/java.util.stream.AbstractPipeline.wrapAndCopyInto(AbstractPipeline.java:499)
	at java.base/java.util.stream.ReduceOps$ReduceOp.evaluateSequential(ReduceOps.java:921)
	at java.base/java.util.stream.AbstractPipeline.evaluate(AbstractPipeline.java:234)
	at java.base/java.util.stream.ReferencePipeline.collect(ReferencePipeline.java:682)
	at org.openqa.selenium.remote.RemoteWebDriver.executeScript(RemoteWebDriver.java:463)
	at PageObjects.CartPage.checkout(CartPage.java:72)
	at StepDefinitions.UITest.OrdersPage.FunctionalityStepDefImpl.userLandedOnECommerecePageOrdersPage(FunctionalityStepDefImpl.java:69)
	at ✽.User landed on ECommerece page orders page(file:///C:/Users/santh/Desktop/Ecommerce%20Automation/Selenium/EcommercePractise/src/test/java/FeatureFiles/UITest/OrdersPage/Functionality.feature:11)
]]></failure>
    <system-out><![CDATA[
@Functional
Scenario: Logo button is working                                             # src/test/java/FeatureFiles/UITest/ProductPage/Functionality.feature:4
  Given User landed on ECommerece page orders page with no orders                        # StepDefinitions.UITest.OrdersPage.FunctionalityStepDefImpl.userLandedOnECommerecePageOrdersPageWithNoOrders()
  Then If no orders then "You have No Orders to show at this time." message is displayed # StepDefinitions.UITest.OrdersPage.FunctionalityStepDefImpl.ifNoOrdersThenMessageIsDisplayed(java.lang.String)
]]></system-out>
    <system-err><![CDATA[Jan 06, 2025 10:10:03 AM org.openqa.selenium.devtools.CdpVersionFinder findNearestMatch
WARNING: Unable to find an exact match for CDP version 130, returning the closest version; found: 127; Please update to a Selenium version that supports CDP version 130
Jan 06, 2025 10:10:03 AM org.openqa.selenium.devtools.CdpVersionFinder findNearestMatch
WARNING: Unable to find an exact match for CDP version 130, returning the closest version; found: 127; Please update to a Selenium version that supports CDP version 130
Jan 06, 2025 10:10:04 AM org.openqa.selenium.remote.http.WebSocket$Listener onError
WARNING: Connection reset
java.net.SocketException: Connection reset
	at java.base/sun.nio.ch.SocketChannelImpl.throwConnectionReset(SocketChannelImpl.java:401)
	at java.base/sun.nio.ch.SocketChannelImpl.read(SocketChannelImpl.java:434)
	at java.net.http/jdk.internal.net.http.SocketTube.readAvailable(SocketTube.java:1178)
	at java.net.http/jdk.internal.net.http.SocketTube$InternalReadPublisher$InternalReadSubscription.read(SocketTube.java:841)
	at java.net.http/jdk.internal.net.http.SocketTube$SocketFlowTask.run(SocketTube.java:181)
	at java.net.http/jdk.internal.net.http.common.SequentialScheduler$SchedulableTask.run(SequentialScheduler.java:207)
	at java.net.http/jdk.internal.net.http.common.SequentialScheduler.runOrSchedule(SequentialScheduler.java:280)
	at java.net.http/jdk.internal.net.http.common.SequentialScheduler.runOrSchedule(SequentialScheduler.java:233)
	at java.net.http/jdk.internal.net.http.SocketTube$InternalReadPublisher$InternalReadSubscription.signalReadable(SocketTube.java:782)
	at java.net.http/jdk.internal.net.http.SocketTube$InternalReadPublisher$ReadEvent.signalEvent(SocketTube.java:965)
	at java.net.http/jdk.internal.net.http.SocketTube$SocketFlowEvent.handle(SocketTube.java:253)
	at java.net.http/jdk.internal.net.http.HttpClientImpl$SelectorManager.handleEvent(HttpClientImpl.java:1469)
	at java.net.http/jdk.internal.net.http.HttpClientImpl$SelectorManager.lambda$run$3(HttpClientImpl.java:1414)
	at java.base/java.util.ArrayList.forEach(ArrayList.java:1596)
	at java.net.http/jdk.internal.net.http.HttpClientImpl$SelectorManager.run(HttpClientImpl.java:1414)

]]></system-err>
  </testcase>
  <testcase name="runScenario[&quot;No orders&quot;, &quot;Order confirmation Page functionality&quot;](107)" classname="TestNGTestRunner" time="0.633">
    <system-out><![CDATA[
@Functional
Scenario: Cart button                                  # src/test/java/FeatureFiles/UITest/ProductPage/Functionality.feature:10
]]></system-out>
    <system-err><![CDATA[Jan 06, 2025 10:10:04 AM org.openqa.selenium.remote.http.WebSocket$Listener onError
WARNING: Connection reset
java.net.SocketException: Connection reset
	at java.base/sun.nio.ch.SocketChannelImpl.throwConnectionReset(SocketChannelImpl.java:401)
	at java.base/sun.nio.ch.SocketChannelImpl.read(SocketChannelImpl.java:434)
	at java.net.http/jdk.internal.net.http.SocketTube.readAvailable(SocketTube.java:1178)
	at java.net.http/jdk.internal.net.http.SocketTube$InternalReadPublisher$InternalReadSubscription.read(SocketTube.java:841)
	at java.net.http/jdk.internal.net.http.SocketTube$SocketFlowTask.run(SocketTube.java:181)
	at java.net.http/jdk.internal.net.http.common.SequentialScheduler$SchedulableTask.run(SequentialScheduler.java:207)
	at java.net.http/jdk.internal.net.http.common.SequentialScheduler.runOrSchedule(SequentialScheduler.java:280)
	at java.net.http/jdk.internal.net.http.common.SequentialScheduler.runOrSchedule(SequentialScheduler.java:233)
	at java.net.http/jdk.internal.net.http.SocketTube$InternalReadPublisher$InternalReadSubscription.signalReadable(SocketTube.java:782)
	at java.net.http/jdk.internal.net.http.SocketTube$InternalReadPublisher$ReadEvent.signalEvent(SocketTube.java:965)
	at java.net.http/jdk.internal.net.http.SocketTube$SocketFlowEvent.handle(SocketTube.java:253)
	at java.net.http/jdk.internal.net.http.HttpClientImpl$SelectorManager.handleEvent(HttpClientImpl.java:1469)
	at java.net.http/jdk.internal.net.http.HttpClientImpl$SelectorManager.lambda$run$3(HttpClientImpl.java:1414)
	at java.base/java.util.ArrayList.forEach(ArrayList.java:1596)
	at java.net.http/jdk.internal.net.http.HttpClientImpl$SelectorManager.run(HttpClientImpl.java:1414)

]]></system-err>
  </testcase>
  <testcase name="runScenario[&quot;Signout button&quot;, &quot;Order confirmation Page functionality&quot;](108)" classname="TestNGTestRunner" time="4.56">
    <failure message="no such element: Unable to locate element: {&quot;method&quot;:&quot;css selector&quot;,&quot;selector&quot;:&quot;.totalRow button&quot;}&#10;  (Session info: chrome=130.0.6723.70)&#10;For documentation on this error, please visit: https://www.selenium.dev/documentation/webdriver/troubleshooting/errors#no-such-element-exception&#10;Build info: version: &apos;4.23.0&apos;, revision: &apos;4df0a231af&apos;&#10;System info: os.name: &apos;Windows 11&apos;, os.arch: &apos;amd64&apos;, os.version: &apos;10.0&apos;, java.version: &apos;21.0.5&apos;&#10;Driver info: org.openqa.selenium.chrome.ChromeDriver&#10;Command: [04d91f1a895b1df599cb70d5f5308dd1, findElement {value=.totalRow button, using=css selector}]&#10;Capabilities {acceptInsecureCerts: false, browserName: chrome, browserVersion: 130.0.6723.70, chrome: {chromedriverVersion: 130.0.6723.116 (6ac35f94ae3..., userDataDir: C:\Users\santh\AppData\Loca...}, fedcm:accounts: true, goog:chromeOptions: {debuggerAddress: localhost:55676}, networkConnectionEnabled: false, pageLoadStrategy: normal, platformName: windows, proxy: Proxy(), se:cdp: ws://localhost:55676/devtoo..., se:cdpVersion: 130.0.6723.70, setWindowRect: true, strictFileInteractability: false, timeouts: {implicit: 0, pageLoad: 300000, script: 30000}, unhandledPromptBehavior: dismiss and notify, webauthn:extension:credBlob: true, webauthn:extension:largeBlob: true, webauthn:extension:minPinLength: true, webauthn:extension:prf: true, webauthn:virtualAuthenticators: true}&#10;Session ID: 04d91f1a895b1df599cb70d5f5308dd1" type="org.openqa.selenium.NoSuchElementException"><![CDATA[org.openqa.selenium.NoSuchElementException: 
no such element: Unable to locate element: {"method":"css selector","selector":".totalRow button"}
  (Session info: chrome=130.0.6723.70)
For documentation on this error, please visit: https://www.selenium.dev/documentation/webdriver/troubleshooting/errors#no-such-element-exception
Build info: version: '4.23.0', revision: '4df0a231af'
System info: os.name: 'Windows 11', os.arch: 'amd64', os.version: '10.0', java.version: '21.0.5'
Driver info: org.openqa.selenium.chrome.ChromeDriver
Command: [04d91f1a895b1df599cb70d5f5308dd1, findElement {value=.totalRow button, using=css selector}]
Capabilities {acceptInsecureCerts: false, browserName: chrome, browserVersion: 130.0.6723.70, chrome: {chromedriverVersion: 130.0.6723.116 (6ac35f94ae3..., userDataDir: C:\Users\santh\AppData\Loca...}, fedcm:accounts: true, goog:chromeOptions: {debuggerAddress: localhost:55676}, networkConnectionEnabled: false, pageLoadStrategy: normal, platformName: windows, proxy: Proxy(), se:cdp: ws://localhost:55676/devtoo..., se:cdpVersion: 130.0.6723.70, setWindowRect: true, strictFileInteractability: false, timeouts: {implicit: 0, pageLoad: 300000, script: 30000}, unhandledPromptBehavior: dismiss and notify, webauthn:extension:credBlob: true, webauthn:extension:largeBlob: true, webauthn:extension:minPinLength: true, webauthn:extension:prf: true, webauthn:virtualAuthenticators: true}
Session ID: 04d91f1a895b1df599cb70d5f5308dd1
	at java.base/jdk.internal.reflect.DirectConstructorHandleAccessor.newInstance(DirectConstructorHandleAccessor.java:62)
	at java.base/java.lang.reflect.Constructor.newInstanceWithCaller(Constructor.java:502)
	at java.base/java.lang.reflect.Constructor.newInstance(Constructor.java:486)
	at org.openqa.selenium.remote.ErrorCodec.decode(ErrorCodec.java:167)
	at org.openqa.selenium.remote.codec.w3c.W3CHttpResponseCodec.decode(W3CHttpResponseCodec.java:138)
	at org.openqa.selenium.remote.codec.w3c.W3CHttpResponseCodec.decode(W3CHttpResponseCodec.java:50)
	at org.openqa.selenium.remote.HttpCommandExecutor.execute(HttpCommandExecutor.java:190)
	at org.openqa.selenium.remote.service.DriverCommandExecutor.invokeExecute(DriverCommandExecutor.java:216)
	at org.openqa.selenium.remote.service.DriverCommandExecutor.execute(DriverCommandExecutor.java:174)
	at org.openqa.selenium.remote.RemoteWebDriver.execute(RemoteWebDriver.java:527)
	at org.openqa.selenium.remote.ElementLocation$ElementFinder$2.findElement(ElementLocation.java:165)
	at org.openqa.selenium.remote.ElementLocation.findElement(ElementLocation.java:59)
	at org.openqa.selenium.remote.RemoteWebDriver.findElement(RemoteWebDriver.java:357)
	at org.openqa.selenium.remote.RemoteWebDriver.findElement(RemoteWebDriver.java:351)
	at org.openqa.selenium.support.pagefactory.DefaultElementLocator.findElement(DefaultElementLocator.java:68)
	at org.openqa.selenium.support.pagefactory.internal.LocatingElementHandler.invoke(LocatingElementHandler.java:38)
	at jdk.proxy2/jdk.proxy2.$Proxy27.getWrappedElement(Unknown Source)
	at org.openqa.selenium.remote.WebElementToJsonConverter.apply(WebElementToJsonConverter.java:48)
	at java.base/java.util.stream.ReferencePipeline$3$1.accept(ReferencePipeline.java:197)
	at java.base/java.util.Spliterators$ArraySpliterator.forEachRemaining(Spliterators.java:1024)
	at java.base/java.util.stream.AbstractPipeline.copyInto(AbstractPipeline.java:509)
	at java.base/java.util.stream.AbstractPipeline.wrapAndCopyInto(AbstractPipeline.java:499)
	at java.base/java.util.stream.ReduceOps$ReduceOp.evaluateSequential(ReduceOps.java:921)
	at java.base/java.util.stream.AbstractPipeline.evaluate(AbstractPipeline.java:234)
	at java.base/java.util.stream.ReferencePipeline.collect(ReferencePipeline.java:682)
	at org.openqa.selenium.remote.RemoteWebDriver.executeScript(RemoteWebDriver.java:463)
	at PageObjects.CartPage.checkout(CartPage.java:72)
	at StepDefinitions.UITest.OrdersPage.FunctionalityStepDefImpl.userLandedOnECommerecePageOrdersPage(FunctionalityStepDefImpl.java:69)
	at ✽.User landed on ECommerece page orders page(file:///C:/Users/santh/Desktop/Ecommerce%20Automation/Selenium/EcommercePractise/src/test/java/FeatureFiles/UITest/OrdersPage/Functionality.feature:17)
]]></failure>
    <system-out><![CDATA[
@Functional
Scenario: Home button                                                        # src/test/java/FeatureFiles/UITest/ProductPage/Functionality.feature:16
  Given User landed on ECommerece page orders page                                              # StepDefinitions.UITest.OrdersPage.FunctionalityStepDefImpl.userLandedOnECommerecePageOrdersPage()
      org.openqa.selenium.NoSuchElementException: no such element: Unable to locate element: {"method":"css selector","selector":".totalRow button"}
  (Session info: chrome=130.0.6723.70)
For documentation on this error, please visit: https://www.selenium.dev/documentation/webdriver/troubleshooting/errors#no-such-element-exception
Build info: version: '4.23.0', revision: '4df0a231af'
System info: os.name: 'Windows 11', os.arch: 'amd64', os.version: '10.0', java.version: '21.0.5'
Driver info: org.openqa.selenium.chrome.ChromeDriver
Command: [04d91f1a895b1df599cb70d5f5308dd1, findElement {value=.totalRow button, using=css selector}]
Capabilities {acceptInsecureCerts: false, browserName: chrome, browserVersion: 130.0.6723.70, chrome: {chromedriverVersion: 130.0.6723.116 (6ac35f94ae3..., userDataDir: C:\Users\santh\AppData\Loca...}, fedcm:accounts: true, goog:chromeOptions: {debuggerAddress: localhost:55676}, networkConnectionEnabled: false, pageLoadStrategy: normal, platformName: windows, proxy: Proxy(), se:cdp: ws://localhost:55676/devtoo..., se:cdpVersion: 130.0.6723.70, setWindowRect: true, strictFileInteractability: false, timeouts: {implicit: 0, pageLoad: 300000, script: 30000}, unhandledPromptBehavior: dismiss and notify, webauthn:extension:credBlob: true, webauthn:extension:largeBlob: true, webauthn:extension:minPinLength: true, webauthn:extension:prf: true, webauthn:virtualAuthenticators: true}
Session ID: 04d91f1a895b1df599cb70d5f5308dd1
	at java.base/jdk.internal.reflect.DirectConstructorHandleAccessor.newInstance(DirectConstructorHandleAccessor.java:62)
	at java.base/java.lang.reflect.Constructor.newInstanceWithCaller(Constructor.java:502)
	at java.base/java.lang.reflect.Constructor.newInstance(Constructor.java:486)
	at org.openqa.selenium.remote.ErrorCodec.decode(ErrorCodec.java:167)
	at org.openqa.selenium.remote.codec.w3c.W3CHttpResponseCodec.decode(W3CHttpResponseCodec.java:138)
	at org.openqa.selenium.remote.codec.w3c.W3CHttpResponseCodec.decode(W3CHttpResponseCodec.java:50)
	at org.openqa.selenium.remote.HttpCommandExecutor.execute(HttpCommandExecutor.java:190)
	at org.openqa.selenium.remote.service.DriverCommandExecutor.invokeExecute(DriverCommandExecutor.java:216)
	at org.openqa.selenium.remote.service.DriverCommandExecutor.execute(DriverCommandExecutor.java:174)
	at org.openqa.selenium.remote.RemoteWebDriver.execute(RemoteWebDriver.java:527)
	at org.openqa.selenium.remote.ElementLocation$ElementFinder$2.findElement(ElementLocation.java:165)
	at org.openqa.selenium.remote.ElementLocation.findElement(ElementLocation.java:59)
	at org.openqa.selenium.remote.RemoteWebDriver.findElement(RemoteWebDriver.java:357)
	at org.openqa.selenium.remote.RemoteWebDriver.findElement(RemoteWebDriver.java:351)
	at org.openqa.selenium.support.pagefactory.DefaultElementLocator.findElement(DefaultElementLocator.java:68)
	at org.openqa.selenium.support.pagefactory.internal.LocatingElementHandler.invoke(LocatingElementHandler.java:38)
	at jdk.proxy2/jdk.proxy2.$Proxy27.getWrappedElement(Unknown Source)
	at org.openqa.selenium.remote.WebElementToJsonConverter.apply(WebElementToJsonConverter.java:48)
	at java.base/java.util.stream.ReferencePipeline$3$1.accept(ReferencePipeline.java:197)
	at java.base/java.util.Spliterators$ArraySpliterator.forEachRemaining(Spliterators.java:1024)
	at java.base/java.util.stream.AbstractPipeline.copyInto(AbstractPipeline.java:509)
	at java.base/java.util.stream.AbstractPipeline.wrapAndCopyInto(AbstractPipeline.java:499)
	at java.base/java.util.stream.ReduceOps$ReduceOp.evaluateSequential(ReduceOps.java:921)
	at java.base/java.util.stream.AbstractPipeline.evaluate(AbstractPipeline.java:234)
	at java.base/java.util.stream.ReferencePipeline.collect(ReferencePipeline.java:682)
	at org.openqa.selenium.remote.RemoteWebDriver.executeScript(RemoteWebDriver.java:463)
	at PageObjects.CartPage.checkout(CartPage.java:72)
	at StepDefinitions.UITest.OrdersPage.FunctionalityStepDefImpl.userLandedOnECommerecePageOrdersPage(FunctionalityStepDefImpl.java:69)
	at ✽.User landed on ECommerece page orders page(file:///C:/Users/santh/Desktop/Ecommerce%20Automation/Selenium/EcommercePractise/src/test/java/FeatureFiles/UITest/OrdersPage/Functionality.feature:17)

  When User clicks on signout button in orders page                                             # StepDefinitions.UITest.OrdersPage.FunctionalityStepDefImpl.userClicksOnSignoutButtonInOrdersPage()
  Then "Logout Successfully" is displayed and user is redirected to login page from orders page # StepDefinitions.UITest.OrdersPage.FunctionalityStepDefImpl.isDisplayedAndUserIsRedirectedToLoginPageFromOrdersPage(java.lang.String)
  Given User landed on ECommerece page orders page                                         # StepDefinitions.UITest.OrdersPage.FunctionalityStepDefImpl.userLandedOnECommerecePageOrdersPage()
  When User clicks on cart button in orders page                                           # StepDefinitions.UITest.OrdersPage.FunctionalityStepDefImpl.userClicksOnCartButtonInOrdersPage()
  Then "My Cart" message is displayed and user is redirected to cart page from orders page # StepDefinitions.UITest.OrdersPage.FunctionalityStepDefImpl.messageIsDisplayedAndUserIsRedirectedToCartPageFromOrdersPage(java.lang.String)
  Given User landed on ECommerece page orders page                                             # StepDefinitions.UITest.OrdersPage.FunctionalityStepDefImpl.userLandedOnECommerecePageOrdersPage()
      org.openqa.selenium.NoSuchElementException: no such element: Unable to locate element: {"method":"css selector","selector":".totalRow button"}
  (Session info: chrome=130.0.6723.70)
For documentation on this error, please visit: https://www.selenium.dev/documentation/webdriver/troubleshooting/errors#no-such-element-exception
Build info: version: '4.23.0', revision: '4df0a231af'
System info: os.name: 'Windows 11', os.arch: 'amd64', os.version: '10.0', java.version: '21.0.5'
Driver info: org.openqa.selenium.chrome.ChromeDriver
Command: [1bd272459ee5958c6b2c930abc17d064, findElement {value=.totalRow button, using=css selector}]
Capabilities {acceptInsecureCerts: false, browserName: chrome, browserVersion: 130.0.6723.70, chrome: {chromedriverVersion: 130.0.6723.116 (6ac35f94ae3..., userDataDir: C:\Users\santh\AppData\Loca...}, fedcm:accounts: true, goog:chromeOptions: {debuggerAddress: localhost:55707}, networkConnectionEnabled: false, pageLoadStrategy: normal, platformName: windows, proxy: Proxy(), se:cdp: ws://localhost:55707/devtoo..., se:cdpVersion: 130.0.6723.70, setWindowRect: true, strictFileInteractability: false, timeouts: {implicit: 0, pageLoad: 300000, script: 30000}, unhandledPromptBehavior: dismiss and notify, webauthn:extension:credBlob: true, webauthn:extension:largeBlob: true, webauthn:extension:minPinLength: true, webauthn:extension:prf: true, webauthn:virtualAuthenticators: true}
Session ID: 1bd272459ee5958c6b2c930abc17d064
	at java.base/jdk.internal.reflect.DirectConstructorHandleAccessor.newInstance(DirectConstructorHandleAccessor.java:62)
	at java.base/java.lang.reflect.Constructor.newInstanceWithCaller(Constructor.java:502)
	at java.base/java.lang.reflect.Constructor.newInstance(Constructor.java:486)
	at org.openqa.selenium.remote.ErrorCodec.decode(ErrorCodec.java:167)
	at org.openqa.selenium.remote.codec.w3c.W3CHttpResponseCodec.decode(W3CHttpResponseCodec.java:138)
	at org.openqa.selenium.remote.codec.w3c.W3CHttpResponseCodec.decode(W3CHttpResponseCodec.java:50)
	at org.openqa.selenium.remote.HttpCommandExecutor.execute(HttpCommandExecutor.java:190)
	at org.openqa.selenium.remote.service.DriverCommandExecutor.invokeExecute(DriverCommandExecutor.java:216)
	at org.openqa.selenium.remote.service.DriverCommandExecutor.execute(DriverCommandExecutor.java:174)
	at org.openqa.selenium.remote.RemoteWebDriver.execute(RemoteWebDriver.java:527)
	at org.openqa.selenium.remote.ElementLocation$ElementFinder$2.findElement(ElementLocation.java:165)
	at org.openqa.selenium.remote.ElementLocation.findElement(ElementLocation.java:59)
	at org.openqa.selenium.remote.RemoteWebDriver.findElement(RemoteWebDriver.java:357)
	at org.openqa.selenium.remote.RemoteWebDriver.findElement(RemoteWebDriver.java:351)
	at org.openqa.selenium.support.pagefactory.DefaultElementLocator.findElement(DefaultElementLocator.java:68)
	at org.openqa.selenium.support.pagefactory.internal.LocatingElementHandler.invoke(LocatingElementHandler.java:38)
	at jdk.proxy2/jdk.proxy2.$Proxy27.getWrappedElement(Unknown Source)
	at org.openqa.selenium.remote.WebElementToJsonConverter.apply(WebElementToJsonConverter.java:48)
	at java.base/java.util.stream.ReferencePipeline$3$1.accept(ReferencePipeline.java:197)
	at java.base/java.util.Spliterators$ArraySpliterator.forEachRemaining(Spliterators.java:1024)
	at java.base/java.util.stream.AbstractPipeline.copyInto(AbstractPipeline.java:509)
	at java.base/java.util.stream.AbstractPipeline.wrapAndCopyInto(AbstractPipeline.java:499)
	at java.base/java.util.stream.ReduceOps$ReduceOp.evaluateSequential(ReduceOps.java:921)
	at java.base/java.util.stream.AbstractPipeline.evaluate(AbstractPipeline.java:234)
	at java.base/java.util.stream.ReferencePipeline.collect(ReferencePipeline.java:682)
	at org.openqa.selenium.remote.RemoteWebDriver.executeScript(RemoteWebDriver.java:463)
	at PageObjects.CartPage.checkout(CartPage.java:72)
	at StepDefinitions.UITest.OrdersPage.FunctionalityStepDefImpl.userLandedOnECommerecePageOrdersPage(FunctionalityStepDefImpl.java:69)
	at ✽.User landed on ECommerece page orders page(file:///C:/Users/santh/Desktop/Ecommerce%20Automation/Selenium/EcommercePractise/src/test/java/FeatureFiles/UITest/OrdersPage/Functionality.feature:29)

  When User clicks on logo in orders page                                                      # StepDefinitions.UITest.OrdersPage.FunctionalityStepDefImpl.userClicksOnLogoInOrdersPage()
  Then "AUTOMATION" message is displayed and user is redirected Products page from orders page # StepDefinitions.UITest.OrdersPage.FunctionalityStepDefImpl.messageIsDisplayedAndUserIsRedirectedProductsPageFromOrdersPage(java.lang.String)
]]></system-out>
    <system-err><![CDATA[Jan 06, 2025 10:10:05 AM org.openqa.selenium.devtools.CdpVersionFinder findNearestMatch
WARNING: Unable to find an exact match for CDP version 130, returning the closest version; found: 127; Please update to a Selenium version that supports CDP version 130
Jan 06, 2025 10:10:06 AM org.openqa.selenium.devtools.CdpVersionFinder findNearestMatch
WARNING: Unable to find an exact match for CDP version 130, returning the closest version; found: 127; Please update to a Selenium version that supports CDP version 130
Jan 06, 2025 10:10:09 AM org.openqa.selenium.remote.http.WebSocket$Listener onError
WARNING: Connection reset
java.net.SocketException: Connection reset
	at java.base/sun.nio.ch.SocketChannelImpl.throwConnectionReset(SocketChannelImpl.java:401)
	at java.base/sun.nio.ch.SocketChannelImpl.read(SocketChannelImpl.java:434)
	at java.net.http/jdk.internal.net.http.SocketTube.readAvailable(SocketTube.java:1178)
	at java.net.http/jdk.internal.net.http.SocketTube$InternalReadPublisher$InternalReadSubscription.read(SocketTube.java:841)
	at java.net.http/jdk.internal.net.http.SocketTube$SocketFlowTask.run(SocketTube.java:181)
	at java.net.http/jdk.internal.net.http.common.SequentialScheduler$SchedulableTask.run(SequentialScheduler.java:207)
	at java.net.http/jdk.internal.net.http.common.SequentialScheduler.runOrSchedule(SequentialScheduler.java:280)
	at java.net.http/jdk.internal.net.http.common.SequentialScheduler.runOrSchedule(SequentialScheduler.java:233)
	at java.net.http/jdk.internal.net.http.SocketTube$InternalReadPublisher$InternalReadSubscription.signalReadable(SocketTube.java:782)
	at java.net.http/jdk.internal.net.http.SocketTube$InternalReadPublisher$ReadEvent.signalEvent(SocketTube.java:965)
	at java.net.http/jdk.internal.net.http.SocketTube$SocketFlowEvent.handle(SocketTube.java:253)
	at java.net.http/jdk.internal.net.http.HttpClientImpl$SelectorManager.handleEvent(HttpClientImpl.java:1469)
	at java.net.http/jdk.internal.net.http.HttpClientImpl$SelectorManager.lambda$run$3(HttpClientImpl.java:1414)
	at java.base/java.util.ArrayList.forEach(ArrayList.java:1596)
	at java.net.http/jdk.internal.net.http.HttpClientImpl$SelectorManager.run(HttpClientImpl.java:1414)

]]></system-err>
  </testcase>
  <testcase name="runScenario[&quot;Cart button&quot;, &quot;Order confirmation Page functionality&quot;](109)" classname="TestNGTestRunner" time="0.49">
    <system-out><![CDATA[
@Functional
Scenario: Orders button                                # src/test/java/FeatureFiles/UITest/ProductPage/Functionality.feature:22
]]></system-out>
    <system-err><![CDATA[Jan 06, 2025 10:10:09 AM org.openqa.selenium.remote.http.WebSocket$Listener onError
WARNING: Connection reset
java.net.SocketException: Connection reset
	at java.base/sun.nio.ch.SocketChannelImpl.throwConnectionReset(SocketChannelImpl.java:401)
	at java.base/sun.nio.ch.SocketChannelImpl.read(SocketChannelImpl.java:434)
	at java.net.http/jdk.internal.net.http.SocketTube.readAvailable(SocketTube.java:1178)
	at java.net.http/jdk.internal.net.http.SocketTube$InternalReadPublisher$InternalReadSubscription.read(SocketTube.java:841)
	at java.net.http/jdk.internal.net.http.SocketTube$SocketFlowTask.run(SocketTube.java:181)
	at java.net.http/jdk.internal.net.http.common.SequentialScheduler$SchedulableTask.run(SequentialScheduler.java:207)
	at java.net.http/jdk.internal.net.http.common.SequentialScheduler.runOrSchedule(SequentialScheduler.java:280)
	at java.net.http/jdk.internal.net.http.common.SequentialScheduler.runOrSchedule(SequentialScheduler.java:233)
	at java.net.http/jdk.internal.net.http.SocketTube$InternalReadPublisher$InternalReadSubscription.signalReadable(SocketTube.java:782)
	at java.net.http/jdk.internal.net.http.SocketTube$InternalReadPublisher$ReadEvent.signalEvent(SocketTube.java:965)
	at java.net.http/jdk.internal.net.http.SocketTube$SocketFlowEvent.handle(SocketTube.java:253)
	at java.net.http/jdk.internal.net.http.HttpClientImpl$SelectorManager.handleEvent(HttpClientImpl.java:1469)
	at java.net.http/jdk.internal.net.http.HttpClientImpl$SelectorManager.lambda$run$3(HttpClientImpl.java:1414)
	at java.base/java.util.ArrayList.forEach(ArrayList.java:1596)
	at java.net.http/jdk.internal.net.http.HttpClientImpl$SelectorManager.run(HttpClientImpl.java:1414)

]]></system-err>
  </testcase>
  <testcase name="runScenario[&quot;Logo&quot;, &quot;Order confirmation Page functionality&quot;](110)" classname="TestNGTestRunner" time="1.541">
    <failure message="no such element: Unable to locate element: {&quot;method&quot;:&quot;css selector&quot;,&quot;selector&quot;:&quot;.totalRow button&quot;}&#10;  (Session info: chrome=130.0.6723.70)&#10;For documentation on this error, please visit: https://www.selenium.dev/documentation/webdriver/troubleshooting/errors#no-such-element-exception&#10;Build info: version: &apos;4.23.0&apos;, revision: &apos;4df0a231af&apos;&#10;System info: os.name: &apos;Windows 11&apos;, os.arch: &apos;amd64&apos;, os.version: &apos;10.0&apos;, java.version: &apos;21.0.5&apos;&#10;Driver info: org.openqa.selenium.chrome.ChromeDriver&#10;Command: [1bd272459ee5958c6b2c930abc17d064, findElement {value=.totalRow button, using=css selector}]&#10;Capabilities {acceptInsecureCerts: false, browserName: chrome, browserVersion: 130.0.6723.70, chrome: {chromedriverVersion: 130.0.6723.116 (6ac35f94ae3..., userDataDir: C:\Users\santh\AppData\Loca...}, fedcm:accounts: true, goog:chromeOptions: {debuggerAddress: localhost:55707}, networkConnectionEnabled: false, pageLoadStrategy: normal, platformName: windows, proxy: Proxy(), se:cdp: ws://localhost:55707/devtoo..., se:cdpVersion: 130.0.6723.70, setWindowRect: true, strictFileInteractability: false, timeouts: {implicit: 0, pageLoad: 300000, script: 30000}, unhandledPromptBehavior: dismiss and notify, webauthn:extension:credBlob: true, webauthn:extension:largeBlob: true, webauthn:extension:minPinLength: true, webauthn:extension:prf: true, webauthn:virtualAuthenticators: true}&#10;Session ID: 1bd272459ee5958c6b2c930abc17d064" type="org.openqa.selenium.NoSuchElementException"><![CDATA[org.openqa.selenium.NoSuchElementException: 
no such element: Unable to locate element: {"method":"css selector","selector":".totalRow button"}
  (Session info: chrome=130.0.6723.70)
For documentation on this error, please visit: https://www.selenium.dev/documentation/webdriver/troubleshooting/errors#no-such-element-exception
Build info: version: '4.23.0', revision: '4df0a231af'
System info: os.name: 'Windows 11', os.arch: 'amd64', os.version: '10.0', java.version: '21.0.5'
Driver info: org.openqa.selenium.chrome.ChromeDriver
Command: [1bd272459ee5958c6b2c930abc17d064, findElement {value=.totalRow button, using=css selector}]
Capabilities {acceptInsecureCerts: false, browserName: chrome, browserVersion: 130.0.6723.70, chrome: {chromedriverVersion: 130.0.6723.116 (6ac35f94ae3..., userDataDir: C:\Users\santh\AppData\Loca...}, fedcm:accounts: true, goog:chromeOptions: {debuggerAddress: localhost:55707}, networkConnectionEnabled: false, pageLoadStrategy: normal, platformName: windows, proxy: Proxy(), se:cdp: ws://localhost:55707/devtoo..., se:cdpVersion: 130.0.6723.70, setWindowRect: true, strictFileInteractability: false, timeouts: {implicit: 0, pageLoad: 300000, script: 30000}, unhandledPromptBehavior: dismiss and notify, webauthn:extension:credBlob: true, webauthn:extension:largeBlob: true, webauthn:extension:minPinLength: true, webauthn:extension:prf: true, webauthn:virtualAuthenticators: true}
Session ID: 1bd272459ee5958c6b2c930abc17d064
	at java.base/jdk.internal.reflect.DirectConstructorHandleAccessor.newInstance(DirectConstructorHandleAccessor.java:62)
	at java.base/java.lang.reflect.Constructor.newInstanceWithCaller(Constructor.java:502)
	at java.base/java.lang.reflect.Constructor.newInstance(Constructor.java:486)
	at org.openqa.selenium.remote.ErrorCodec.decode(ErrorCodec.java:167)
	at org.openqa.selenium.remote.codec.w3c.W3CHttpResponseCodec.decode(W3CHttpResponseCodec.java:138)
	at org.openqa.selenium.remote.codec.w3c.W3CHttpResponseCodec.decode(W3CHttpResponseCodec.java:50)
	at org.openqa.selenium.remote.HttpCommandExecutor.execute(HttpCommandExecutor.java:190)
	at org.openqa.selenium.remote.service.DriverCommandExecutor.invokeExecute(DriverCommandExecutor.java:216)
	at org.openqa.selenium.remote.service.DriverCommandExecutor.execute(DriverCommandExecutor.java:174)
	at org.openqa.selenium.remote.RemoteWebDriver.execute(RemoteWebDriver.java:527)
	at org.openqa.selenium.remote.ElementLocation$ElementFinder$2.findElement(ElementLocation.java:165)
	at org.openqa.selenium.remote.ElementLocation.findElement(ElementLocation.java:59)
	at org.openqa.selenium.remote.RemoteWebDriver.findElement(RemoteWebDriver.java:357)
	at org.openqa.selenium.remote.RemoteWebDriver.findElement(RemoteWebDriver.java:351)
	at org.openqa.selenium.support.pagefactory.DefaultElementLocator.findElement(DefaultElementLocator.java:68)
	at org.openqa.selenium.support.pagefactory.internal.LocatingElementHandler.invoke(LocatingElementHandler.java:38)
	at jdk.proxy2/jdk.proxy2.$Proxy27.getWrappedElement(Unknown Source)
	at org.openqa.selenium.remote.WebElementToJsonConverter.apply(WebElementToJsonConverter.java:48)
	at java.base/java.util.stream.ReferencePipeline$3$1.accept(ReferencePipeline.java:197)
	at java.base/java.util.Spliterators$ArraySpliterator.forEachRemaining(Spliterators.java:1024)
	at java.base/java.util.stream.AbstractPipeline.copyInto(AbstractPipeline.java:509)
	at java.base/java.util.stream.AbstractPipeline.wrapAndCopyInto(AbstractPipeline.java:499)
	at java.base/java.util.stream.ReduceOps$ReduceOp.evaluateSequential(ReduceOps.java:921)
	at java.base/java.util.stream.AbstractPipeline.evaluate(AbstractPipeline.java:234)
	at java.base/java.util.stream.ReferencePipeline.collect(ReferencePipeline.java:682)
	at org.openqa.selenium.remote.RemoteWebDriver.executeScript(RemoteWebDriver.java:463)
	at PageObjects.CartPage.checkout(CartPage.java:72)
	at StepDefinitions.UITest.OrdersPage.FunctionalityStepDefImpl.userLandedOnECommerecePageOrdersPage(FunctionalityStepDefImpl.java:69)
	at ✽.User landed on ECommerece page orders page(file:///C:/Users/santh/Desktop/Ecommerce%20Automation/Selenium/EcommercePractise/src/test/java/FeatureFiles/UITest/OrdersPage/Functionality.feature:29)
]]></failure>
    <system-out><![CDATA[
@Functional
Scenario: SignOut                                                # src/test/java/FeatureFiles/UITest/ProductPage/Functionality.feature:28
  Given User lands on ECommerece page and product page                       # StepDefinitions.UITest.ProductPage.FunctionalityStepDefImpl.userLandsOnECommerecePageAndProductPage()
  When User clicks on logo button                                            # StepDefinitions.UITest.ProductPage.FunctionalityStepDefImpl.userClicksOnLogoButton()
  Then "AUTOMATION" logo message is displayed and products page is displayed # StepDefinitions.UITest.ProductPage.FunctionalityStepDefImpl.logoMessageIsDisplayedAndProductsPageIsDisplayed(java.lang.String)
]]></system-out>
    <system-err><![CDATA[Jan 06, 2025 10:10:11 AM org.openqa.selenium.remote.http.WebSocket$Listener onError
WARNING: Connection reset
java.net.SocketException: Connection reset
	at java.base/sun.nio.ch.SocketChannelImpl.throwConnectionReset(SocketChannelImpl.java:401)
	at java.base/sun.nio.ch.SocketChannelImpl.read(SocketChannelImpl.java:434)
	at java.net.http/jdk.internal.net.http.SocketTube.readAvailable(SocketTube.java:1178)
	at java.net.http/jdk.internal.net.http.SocketTube$InternalReadPublisher$InternalReadSubscription.read(SocketTube.java:841)
	at java.net.http/jdk.internal.net.http.SocketTube$SocketFlowTask.run(SocketTube.java:181)
	at java.net.http/jdk.internal.net.http.common.SequentialScheduler$SchedulableTask.run(SequentialScheduler.java:207)
	at java.net.http/jdk.internal.net.http.common.SequentialScheduler.runOrSchedule(SequentialScheduler.java:280)
	at java.net.http/jdk.internal.net.http.common.SequentialScheduler.runOrSchedule(SequentialScheduler.java:233)
	at java.net.http/jdk.internal.net.http.SocketTube$InternalReadPublisher$InternalReadSubscription.signalReadable(SocketTube.java:782)
	at java.net.http/jdk.internal.net.http.SocketTube$InternalReadPublisher$ReadEvent.signalEvent(SocketTube.java:965)
	at java.net.http/jdk.internal.net.http.SocketTube$SocketFlowEvent.handle(SocketTube.java:253)
	at java.net.http/jdk.internal.net.http.HttpClientImpl$SelectorManager.handleEvent(HttpClientImpl.java:1469)
	at java.net.http/jdk.internal.net.http.HttpClientImpl$SelectorManager.lambda$run$3(HttpClientImpl.java:1414)
	at java.base/java.util.ArrayList.forEach(ArrayList.java:1596)
	at java.net.http/jdk.internal.net.http.HttpClientImpl$SelectorManager.run(HttpClientImpl.java:1414)

]]></system-err>
  </testcase>
  <testcase name="runScenario[&quot;Logo button is working&quot;, &quot;Product page functionality&quot;](111)" classname="TestNGTestRunner" time="2.158">
    <system-out><![CDATA[
@Functional
Scenario: Continue shopping                                                  # src/test/java/FeatureFiles/UITest/ProductPage/Functionality.feature:34
  Given User lands on ECommerece page and product page # StepDefinitions.UITest.ProductPage.FunctionalityStepDefImpl.userLandsOnECommerecePageAndProductPage()
  When User clciked on cart button                     # StepDefinitions.UITest.ProductPage.FunctionalityStepDefImpl.userClcikedOnCartButton()
  Then "My Cart" message is displayed and cart page    # StepDefinitions.UITest.ProductPage.FunctionalityStepDefImpl.messageIsDisplayedAndCartPage(java.lang.String)
]]></system-out>
    <system-err><![CDATA[Jan 06, 2025 10:10:12 AM org.openqa.selenium.devtools.CdpVersionFinder findNearestMatch
WARNING: Unable to find an exact match for CDP version 130, returning the closest version; found: 127; Please update to a Selenium version that supports CDP version 130
Jan 06, 2025 10:10:12 AM org.openqa.selenium.devtools.CdpVersionFinder findNearestMatch
WARNING: Unable to find an exact match for CDP version 130, returning the closest version; found: 127; Please update to a Selenium version that supports CDP version 130
Jan 06, 2025 10:10:13 AM org.openqa.selenium.remote.http.WebSocket$Listener onError
WARNING: Connection reset
java.net.SocketException: Connection reset
	at java.base/sun.nio.ch.SocketChannelImpl.throwConnectionReset(SocketChannelImpl.java:401)
	at java.base/sun.nio.ch.SocketChannelImpl.read(SocketChannelImpl.java:434)
	at java.net.http/jdk.internal.net.http.SocketTube.readAvailable(SocketTube.java:1178)
	at java.net.http/jdk.internal.net.http.SocketTube$InternalReadPublisher$InternalReadSubscription.read(SocketTube.java:841)
	at java.net.http/jdk.internal.net.http.SocketTube$SocketFlowTask.run(SocketTube.java:181)
	at java.net.http/jdk.internal.net.http.common.SequentialScheduler$SchedulableTask.run(SequentialScheduler.java:207)
	at java.net.http/jdk.internal.net.http.common.SequentialScheduler.runOrSchedule(SequentialScheduler.java:280)
	at java.net.http/jdk.internal.net.http.common.SequentialScheduler.runOrSchedule(SequentialScheduler.java:233)
	at java.net.http/jdk.internal.net.http.SocketTube$InternalReadPublisher$InternalReadSubscription.signalReadable(SocketTube.java:782)
	at java.net.http/jdk.internal.net.http.SocketTube$InternalReadPublisher$ReadEvent.signalEvent(SocketTube.java:965)
	at java.net.http/jdk.internal.net.http.SocketTube$SocketFlowEvent.handle(SocketTube.java:253)
	at java.net.http/jdk.internal.net.http.HttpClientImpl$SelectorManager.handleEvent(HttpClientImpl.java:1469)
	at java.net.http/jdk.internal.net.http.HttpClientImpl$SelectorManager.lambda$run$3(HttpClientImpl.java:1414)
	at java.base/java.util.ArrayList.forEach(ArrayList.java:1596)
	at java.net.http/jdk.internal.net.http.HttpClientImpl$SelectorManager.run(HttpClientImpl.java:1414)

]]></system-err>
  </testcase>
  <testcase name="runScenario[&quot;Cart button&quot;, &quot;Product page functionality&quot;](112)" classname="TestNGTestRunner" time="1.847">
    <system-out><![CDATA[
@Functional
Scenario: Add to cart                                  # src/test/java/FeatureFiles/UITest/ProductPage/Functionality.feature:40
  Given User lands on ECommerece page and product page                       # StepDefinitions.UITest.ProductPage.FunctionalityStepDefImpl.userLandsOnECommerecePageAndProductPage()
  When User clciked on home button                                           # StepDefinitions.UITest.ProductPage.FunctionalityStepDefImpl.userClcikedOnHomeButton()
  Then "AUTOMATION" logo message is displayed and products page is displayed # StepDefinitions.UITest.ProductPage.FunctionalityStepDefImpl.logoMessageIsDisplayedAndProductsPageIsDisplayed(java.lang.String)
]]></system-out>
    <system-err><![CDATA[Jan 06, 2025 10:10:15 AM org.openqa.selenium.devtools.CdpVersionFinder findNearestMatch
WARNING: Unable to find an exact match for CDP version 130, returning the closest version; found: 127; Please update to a Selenium version that supports CDP version 130
Jan 06, 2025 10:10:15 AM org.openqa.selenium.remote.http.WebSocket$Listener onError
WARNING: Connection reset
java.net.SocketException: Connection reset
	at java.base/sun.nio.ch.SocketChannelImpl.throwConnectionReset(SocketChannelImpl.java:401)
	at java.base/sun.nio.ch.SocketChannelImpl.read(SocketChannelImpl.java:434)
	at java.net.http/jdk.internal.net.http.SocketTube.readAvailable(SocketTube.java:1178)
	at java.net.http/jdk.internal.net.http.SocketTube$InternalReadPublisher$InternalReadSubscription.read(SocketTube.java:841)
	at java.net.http/jdk.internal.net.http.SocketTube$SocketFlowTask.run(SocketTube.java:181)
	at java.net.http/jdk.internal.net.http.common.SequentialScheduler$SchedulableTask.run(SequentialScheduler.java:207)
	at java.net.http/jdk.internal.net.http.common.SequentialScheduler.runOrSchedule(SequentialScheduler.java:280)
	at java.net.http/jdk.internal.net.http.common.SequentialScheduler.runOrSchedule(SequentialScheduler.java:233)
	at java.net.http/jdk.internal.net.http.SocketTube$InternalReadPublisher$InternalReadSubscription.signalReadable(SocketTube.java:782)
	at java.net.http/jdk.internal.net.http.SocketTube$InternalReadPublisher$ReadEvent.signalEvent(SocketTube.java:965)
	at java.net.http/jdk.internal.net.http.SocketTube$SocketFlowEvent.handle(SocketTube.java:253)
	at java.net.http/jdk.internal.net.http.HttpClientImpl$SelectorManager.handleEvent(HttpClientImpl.java:1469)
	at java.net.http/jdk.internal.net.http.HttpClientImpl$SelectorManager.lambda$run$3(HttpClientImpl.java:1414)
	at java.base/java.util.ArrayList.forEach(ArrayList.java:1596)
	at java.net.http/jdk.internal.net.http.HttpClientImpl$SelectorManager.run(HttpClientImpl.java:1414)

]]></system-err>
  </testcase>
  <testcase name="runScenario[&quot;Home button&quot;, &quot;Product page functionality&quot;](113)" classname="TestNGTestRunner" time="1.512">
    <system-out><![CDATA[
@ErrorHandling
Scenario: Products page error handling no products are displayed due to api failure # src/test/java/FeatureFiles/UITest/ProductsPage/ErrorHandling.feature:5
  Given User lands on ECommerece page and product page # StepDefinitions.UITest.ProductPage.FunctionalityStepDefImpl.userLandsOnECommerecePageAndProductPage()
  When User clciked on orders button                   # StepDefinitions.UITest.ProductPage.FunctionalityStepDefImpl.userClcikedOnOrdersButton()
  Then orders page is displayed to user                # StepDefinitions.UITest.ProductPage.FunctionalityStepDefImpl.ordersPageIsDisplayedToUser()
]]></system-out>
    <system-err><![CDATA[Jan 06, 2025 10:10:16 AM org.openqa.selenium.devtools.CdpVersionFinder findNearestMatch
WARNING: Unable to find an exact match for CDP version 130, returning the closest version; found: 127; Please update to a Selenium version that supports CDP version 130
Jan 06, 2025 10:10:17 AM org.openqa.selenium.remote.http.WebSocket$Listener onError
WARNING: Connection reset
java.net.SocketException: Connection reset
	at java.base/sun.nio.ch.SocketChannelImpl.throwConnectionReset(SocketChannelImpl.java:401)
	at java.base/sun.nio.ch.SocketChannelImpl.read(SocketChannelImpl.java:434)
	at java.net.http/jdk.internal.net.http.SocketTube.readAvailable(SocketTube.java:1178)
	at java.net.http/jdk.internal.net.http.SocketTube$InternalReadPublisher$InternalReadSubscription.read(SocketTube.java:841)
	at java.net.http/jdk.internal.net.http.SocketTube$SocketFlowTask.run(SocketTube.java:181)
	at java.net.http/jdk.internal.net.http.common.SequentialScheduler$SchedulableTask.run(SequentialScheduler.java:207)
	at java.net.http/jdk.internal.net.http.common.SequentialScheduler.runOrSchedule(SequentialScheduler.java:280)
	at java.net.http/jdk.internal.net.http.common.SequentialScheduler.runOrSchedule(SequentialScheduler.java:233)
	at java.net.http/jdk.internal.net.http.SocketTube$InternalReadPublisher$InternalReadSubscription.signalReadable(SocketTube.java:782)
	at java.net.http/jdk.internal.net.http.SocketTube$InternalReadPublisher$ReadEvent.signalEvent(SocketTube.java:965)
	at java.net.http/jdk.internal.net.http.SocketTube$SocketFlowEvent.handle(SocketTube.java:253)
	at java.net.http/jdk.internal.net.http.HttpClientImpl$SelectorManager.handleEvent(HttpClientImpl.java:1469)
	at java.net.http/jdk.internal.net.http.HttpClientImpl$SelectorManager.lambda$run$3(HttpClientImpl.java:1414)
	at java.base/java.util.ArrayList.forEach(ArrayList.java:1596)
	at java.net.http/jdk.internal.net.http.HttpClientImpl$SelectorManager.run(HttpClientImpl.java:1414)

]]></system-err>
  </testcase>
  <testcase name="runScenario[&quot;Orders button&quot;, &quot;Product page functionality&quot;](114)" classname="TestNGTestRunner" time="2.891">
    <system-out><![CDATA[
@ErrorHandling
Scenario: Products page error handling no products are displayed due to filters # src/test/java/FeatureFiles/UITest/ProductsPage/ErrorHandling.feature:10
  Given User lands on ECommerece page and product page           # StepDefinitions.UITest.ProductPage.FunctionalityStepDefImpl.userLandsOnECommerecePageAndProductPage()
  When User clciked on signout button                            # StepDefinitions.UITest.ProductPage.FunctionalityStepDefImpl.userClcikedOnSignoutButton()
  Then "Logout Successfully" message is displayed and login page # StepDefinitions.UITest.ProductPage.FunctionalityStepDefImpl.messageIsDisplayedAndLoginPage(java.lang.String)
]]></system-out>
    <system-err><![CDATA[Jan 06, 2025 10:10:17 AM org.openqa.selenium.devtools.CdpVersionFinder findNearestMatch
WARNING: Unable to find an exact match for CDP version 130, returning the closest version; found: 127; Please update to a Selenium version that supports CDP version 130
Jan 06, 2025 10:10:19 AM org.openqa.selenium.remote.http.WebSocket$Listener onError
WARNING: Connection reset
java.net.SocketException: Connection reset
	at java.base/sun.nio.ch.SocketChannelImpl.throwConnectionReset(SocketChannelImpl.java:401)
	at java.base/sun.nio.ch.SocketChannelImpl.read(SocketChannelImpl.java:434)
	at java.net.http/jdk.internal.net.http.SocketTube.readAvailable(SocketTube.java:1178)
	at java.net.http/jdk.internal.net.http.SocketTube$InternalReadPublisher$InternalReadSubscription.read(SocketTube.java:841)
	at java.net.http/jdk.internal.net.http.SocketTube$SocketFlowTask.run(SocketTube.java:181)
	at java.net.http/jdk.internal.net.http.common.SequentialScheduler$SchedulableTask.run(SequentialScheduler.java:207)
	at java.net.http/jdk.internal.net.http.common.SequentialScheduler.runOrSchedule(SequentialScheduler.java:280)
	at java.net.http/jdk.internal.net.http.common.SequentialScheduler.runOrSchedule(SequentialScheduler.java:233)
	at java.net.http/jdk.internal.net.http.SocketTube$InternalReadPublisher$InternalReadSubscription.signalReadable(SocketTube.java:782)
	at java.net.http/jdk.internal.net.http.SocketTube$InternalReadPublisher$ReadEvent.signalEvent(SocketTube.java:965)
	at java.net.http/jdk.internal.net.http.SocketTube$SocketFlowEvent.handle(SocketTube.java:253)
	at java.net.http/jdk.internal.net.http.HttpClientImpl$SelectorManager.handleEvent(HttpClientImpl.java:1469)
	at java.net.http/jdk.internal.net.http.HttpClientImpl$SelectorManager.lambda$run$3(HttpClientImpl.java:1414)
	at java.base/java.util.ArrayList.forEach(ArrayList.java:1596)
	at java.net.http/jdk.internal.net.http.HttpClientImpl$SelectorManager.run(HttpClientImpl.java:1414)

Jan 06, 2025 10:10:19 AM org.openqa.selenium.devtools.CdpVersionFinder findNearestMatch
WARNING: Unable to find an exact match for CDP version 130, returning the closest version; found: 127; Please update to a Selenium version that supports CDP version 130
Jan 06, 2025 10:10:19 AM org.openqa.selenium.remote.http.WebSocket$Listener onError
WARNING: Connection reset
java.net.SocketException: Connection reset
	at java.base/sun.nio.ch.SocketChannelImpl.throwConnectionReset(SocketChannelImpl.java:401)
	at java.base/sun.nio.ch.SocketChannelImpl.read(SocketChannelImpl.java:434)
	at java.net.http/jdk.internal.net.http.SocketTube.readAvailable(SocketTube.java:1178)
	at java.net.http/jdk.internal.net.http.SocketTube$InternalReadPublisher$InternalReadSubscription.read(SocketTube.java:841)
	at java.net.http/jdk.internal.net.http.SocketTube$SocketFlowTask.run(SocketTube.java:181)
	at java.net.http/jdk.internal.net.http.common.SequentialScheduler$SchedulableTask.run(SequentialScheduler.java:207)
	at java.net.http/jdk.internal.net.http.common.SequentialScheduler.runOrSchedule(SequentialScheduler.java:280)
	at java.net.http/jdk.internal.net.http.common.SequentialScheduler.runOrSchedule(SequentialScheduler.java:233)
	at java.net.http/jdk.internal.net.http.SocketTube$InternalReadPublisher$InternalReadSubscription.signalReadable(SocketTube.java:782)
	at java.net.http/jdk.internal.net.http.SocketTube$InternalReadPublisher$ReadEvent.signalEvent(SocketTube.java:965)
	at java.net.http/jdk.internal.net.http.SocketTube$SocketFlowEvent.handle(SocketTube.java:253)
	at java.net.http/jdk.internal.net.http.HttpClientImpl$SelectorManager.handleEvent(HttpClientImpl.java:1469)
	at java.net.http/jdk.internal.net.http.HttpClientImpl$SelectorManager.lambda$run$3(HttpClientImpl.java:1414)
	at java.base/java.util.ArrayList.forEach(ArrayList.java:1596)
	at java.net.http/jdk.internal.net.http.HttpClientImpl$SelectorManager.run(HttpClientImpl.java:1414)

]]></system-err>
  </testcase>
  <testcase name="runScenario[&quot;SignOut&quot;, &quot;Product page functionality&quot;](115)" classname="TestNGTestRunner" time="0.128">
    <system-out><![CDATA[
@ErrorHandling
Scenario: Products page error handling add to cart api is failed # src/test/java/FeatureFiles/UITest/ProductsPage/ErrorHandling.feature:16
]]></system-out>
  </testcase>
  <testcase name="runScenario[&quot;Go back to cart&quot;, &quot;Order confirmation Page functionality&quot;](116)" classname="TestNGTestRunner" time="8.817">
    <failure message="no such element: Unable to locate element: {&quot;method&quot;:&quot;css selector&quot;,&quot;selector&quot;:&quot;.totalRow button&quot;}&#10;  (Session info: chrome=130.0.6723.70)&#10;For documentation on this error, please visit: https://www.selenium.dev/documentation/webdriver/troubleshooting/errors#no-such-element-exception&#10;Build info: version: &apos;4.23.0&apos;, revision: &apos;4df0a231af&apos;&#10;System info: os.name: &apos;Windows 11&apos;, os.arch: &apos;amd64&apos;, os.version: &apos;10.0&apos;, java.version: &apos;21.0.5&apos;&#10;Driver info: org.openqa.selenium.chrome.ChromeDriver&#10;Command: [f123f12a6d18326e1bdf16f5af1ee595, findElement {value=.totalRow button, using=css selector}]&#10;Capabilities {acceptInsecureCerts: false, browserName: chrome, browserVersion: 130.0.6723.70, chrome: {chromedriverVersion: 130.0.6723.116 (6ac35f94ae3..., userDataDir: C:\Users\santh\AppData\Loca...}, fedcm:accounts: true, goog:chromeOptions: {debuggerAddress: localhost:55821}, networkConnectionEnabled: false, pageLoadStrategy: normal, platformName: windows, proxy: Proxy(), se:cdp: ws://localhost:55821/devtoo..., se:cdpVersion: 130.0.6723.70, setWindowRect: true, strictFileInteractability: false, timeouts: {implicit: 0, pageLoad: 300000, script: 30000}, unhandledPromptBehavior: dismiss and notify, webauthn:extension:credBlob: true, webauthn:extension:largeBlob: true, webauthn:extension:minPinLength: true, webauthn:extension:prf: true, webauthn:virtualAuthenticators: true}&#10;Session ID: f123f12a6d18326e1bdf16f5af1ee595" type="org.openqa.selenium.NoSuchElementException"><![CDATA[org.openqa.selenium.NoSuchElementException: 
no such element: Unable to locate element: {"method":"css selector","selector":".totalRow button"}
  (Session info: chrome=130.0.6723.70)
For documentation on this error, please visit: https://www.selenium.dev/documentation/webdriver/troubleshooting/errors#no-such-element-exception
Build info: version: '4.23.0', revision: '4df0a231af'
System info: os.name: 'Windows 11', os.arch: 'amd64', os.version: '10.0', java.version: '21.0.5'
Driver info: org.openqa.selenium.chrome.ChromeDriver
Command: [f123f12a6d18326e1bdf16f5af1ee595, findElement {value=.totalRow button, using=css selector}]
Capabilities {acceptInsecureCerts: false, browserName: chrome, browserVersion: 130.0.6723.70, chrome: {chromedriverVersion: 130.0.6723.116 (6ac35f94ae3..., userDataDir: C:\Users\santh\AppData\Loca...}, fedcm:accounts: true, goog:chromeOptions: {debuggerAddress: localhost:55821}, networkConnectionEnabled: false, pageLoadStrategy: normal, platformName: windows, proxy: Proxy(), se:cdp: ws://localhost:55821/devtoo..., se:cdpVersion: 130.0.6723.70, setWindowRect: true, strictFileInteractability: false, timeouts: {implicit: 0, pageLoad: 300000, script: 30000}, unhandledPromptBehavior: dismiss and notify, webauthn:extension:credBlob: true, webauthn:extension:largeBlob: true, webauthn:extension:minPinLength: true, webauthn:extension:prf: true, webauthn:virtualAuthenticators: true}
Session ID: f123f12a6d18326e1bdf16f5af1ee595
	at java.base/jdk.internal.reflect.DirectConstructorHandleAccessor.newInstance(DirectConstructorHandleAccessor.java:62)
	at java.base/java.lang.reflect.Constructor.newInstanceWithCaller(Constructor.java:502)
	at java.base/java.lang.reflect.Constructor.newInstance(Constructor.java:486)
	at org.openqa.selenium.remote.ErrorCodec.decode(ErrorCodec.java:167)
	at org.openqa.selenium.remote.codec.w3c.W3CHttpResponseCodec.decode(W3CHttpResponseCodec.java:138)
	at org.openqa.selenium.remote.codec.w3c.W3CHttpResponseCodec.decode(W3CHttpResponseCodec.java:50)
	at org.openqa.selenium.remote.HttpCommandExecutor.execute(HttpCommandExecutor.java:190)
	at org.openqa.selenium.remote.service.DriverCommandExecutor.invokeExecute(DriverCommandExecutor.java:216)
	at org.openqa.selenium.remote.service.DriverCommandExecutor.execute(DriverCommandExecutor.java:174)
	at org.openqa.selenium.remote.RemoteWebDriver.execute(RemoteWebDriver.java:527)
	at org.openqa.selenium.remote.ElementLocation$ElementFinder$2.findElement(ElementLocation.java:165)
	at org.openqa.selenium.remote.ElementLocation.findElement(ElementLocation.java:59)
	at org.openqa.selenium.remote.RemoteWebDriver.findElement(RemoteWebDriver.java:357)
	at org.openqa.selenium.remote.RemoteWebDriver.findElement(RemoteWebDriver.java:351)
	at org.openqa.selenium.support.pagefactory.DefaultElementLocator.findElement(DefaultElementLocator.java:68)
	at org.openqa.selenium.support.pagefactory.internal.LocatingElementHandler.invoke(LocatingElementHandler.java:38)
	at jdk.proxy2/jdk.proxy2.$Proxy27.getWrappedElement(Unknown Source)
	at org.openqa.selenium.remote.WebElementToJsonConverter.apply(WebElementToJsonConverter.java:48)
	at java.base/java.util.stream.ReferencePipeline$3$1.accept(ReferencePipeline.java:197)
	at java.base/java.util.Spliterators$ArraySpliterator.forEachRemaining(Spliterators.java:1024)
	at java.base/java.util.stream.AbstractPipeline.copyInto(AbstractPipeline.java:509)
	at java.base/java.util.stream.AbstractPipeline.wrapAndCopyInto(AbstractPipeline.java:499)
	at java.base/java.util.stream.ReduceOps$ReduceOp.evaluateSequential(ReduceOps.java:921)
	at java.base/java.util.stream.AbstractPipeline.evaluate(AbstractPipeline.java:234)
	at java.base/java.util.stream.ReferencePipeline.collect(ReferencePipeline.java:682)
	at org.openqa.selenium.remote.RemoteWebDriver.executeScript(RemoteWebDriver.java:463)
	at PageObjects.CartPage.checkout(CartPage.java:72)
	at StepDefinitions.UITest.OrdersPage.FunctionalityStepDefImpl.userLandedOnECommerecePageOrdersPage(FunctionalityStepDefImpl.java:69)
	at ✽.User landed on ECommerece page orders page(file:///C:/Users/santh/Desktop/Ecommerce%20Automation/Selenium/EcommercePractise/src/test/java/FeatureFiles/UITest/OrdersPage/Functionality.feature:41)
]]></failure>
    <system-out><![CDATA[
@Functional
Scenario: Products page functionality             # src/test/java/FeatureFiles/UITest/ProductsPage/Functionality.feature:4
  Given User lands on ECommerece page and product page                       # StepDefinitions.UITest.ProductPage.FunctionalityStepDefImpl.userLandsOnECommerecePageAndProductPage()
  Given I landed on ECommerece page products page after login                       # StepDefinitions.UITest.ProductsPage.ErrorHandlingStepDefImpl.i_landed_on_e_commerece_page_products_page_after_login()
  Given User lands on ECommerece page and product page # StepDefinitions.UITest.ProductPage.FunctionalityStepDefImpl.userLandsOnECommerecePageAndProductPage()
  Given I landed on ECommerece page products page after login                   # StepDefinitions.UITest.ProductsPage.ErrorHandlingStepDefImpl.i_landed_on_e_commerece_page_products_page_after_login()
  When User applies tshirt filter                                               # StepDefinitions.UITest.ProductsPage.ErrorHandlingStepDefImpl.user_applies_tshirt_filter()
  Given I landed on ECommerece page products page after login    # StepDefinitions.UITest.ProductsPage.ErrorHandlingStepDefImpl.i_landed_on_e_commerece_page_products_page_after_login()
  Given User landed on ECommerece page orders page                                         # StepDefinitions.UITest.OrdersPage.FunctionalityStepDefImpl.userLandedOnECommerecePageOrdersPage()
      org.openqa.selenium.NoSuchElementException: no such element: Unable to locate element: {"method":"css selector","selector":".totalRow button"}
  (Session info: chrome=130.0.6723.70)
For documentation on this error, please visit: https://www.selenium.dev/documentation/webdriver/troubleshooting/errors#no-such-element-exception
Build info: version: '4.23.0', revision: '4df0a231af'
System info: os.name: 'Windows 11', os.arch: 'amd64', os.version: '10.0', java.version: '21.0.5'
Driver info: org.openqa.selenium.chrome.ChromeDriver
Command: [f123f12a6d18326e1bdf16f5af1ee595, findElement {value=.totalRow button, using=css selector}]
Capabilities {acceptInsecureCerts: false, browserName: chrome, browserVersion: 130.0.6723.70, chrome: {chromedriverVersion: 130.0.6723.116 (6ac35f94ae3..., userDataDir: C:\Users\santh\AppData\Loca...}, fedcm:accounts: true, goog:chromeOptions: {debuggerAddress: localhost:55821}, networkConnectionEnabled: false, pageLoadStrategy: normal, platformName: windows, proxy: Proxy(), se:cdp: ws://localhost:55821/devtoo..., se:cdpVersion: 130.0.6723.70, setWindowRect: true, strictFileInteractability: false, timeouts: {implicit: 0, pageLoad: 300000, script: 30000}, unhandledPromptBehavior: dismiss and notify, webauthn:extension:credBlob: true, webauthn:extension:largeBlob: true, webauthn:extension:minPinLength: true, webauthn:extension:prf: true, webauthn:virtualAuthenticators: true}
Session ID: f123f12a6d18326e1bdf16f5af1ee595
	at java.base/jdk.internal.reflect.DirectConstructorHandleAccessor.newInstance(DirectConstructorHandleAccessor.java:62)
	at java.base/java.lang.reflect.Constructor.newInstanceWithCaller(Constructor.java:502)
	at java.base/java.lang.reflect.Constructor.newInstance(Constructor.java:486)
	at org.openqa.selenium.remote.ErrorCodec.decode(ErrorCodec.java:167)
	at org.openqa.selenium.remote.codec.w3c.W3CHttpResponseCodec.decode(W3CHttpResponseCodec.java:138)
	at org.openqa.selenium.remote.codec.w3c.W3CHttpResponseCodec.decode(W3CHttpResponseCodec.java:50)
	at org.openqa.selenium.remote.HttpCommandExecutor.execute(HttpCommandExecutor.java:190)
	at org.openqa.selenium.remote.service.DriverCommandExecutor.invokeExecute(DriverCommandExecutor.java:216)
	at org.openqa.selenium.remote.service.DriverCommandExecutor.execute(DriverCommandExecutor.java:174)
	at org.openqa.selenium.remote.RemoteWebDriver.execute(RemoteWebDriver.java:527)
	at org.openqa.selenium.remote.ElementLocation$ElementFinder$2.findElement(ElementLocation.java:165)
	at org.openqa.selenium.remote.ElementLocation.findElement(ElementLocation.java:59)
	at org.openqa.selenium.remote.RemoteWebDriver.findElement(RemoteWebDriver.java:357)
	at org.openqa.selenium.remote.RemoteWebDriver.findElement(RemoteWebDriver.java:351)
	at org.openqa.selenium.support.pagefactory.DefaultElementLocator.findElement(DefaultElementLocator.java:68)
	at org.openqa.selenium.support.pagefactory.internal.LocatingElementHandler.invoke(LocatingElementHandler.java:38)
	at jdk.proxy2/jdk.proxy2.$Proxy27.getWrappedElement(Unknown Source)
	at org.openqa.selenium.remote.WebElementToJsonConverter.apply(WebElementToJsonConverter.java:48)
	at java.base/java.util.stream.ReferencePipeline$3$1.accept(ReferencePipeline.java:197)
	at java.base/java.util.Spliterators$ArraySpliterator.forEachRemaining(Spliterators.java:1024)
	at java.base/java.util.stream.AbstractPipeline.copyInto(AbstractPipeline.java:509)
	at java.base/java.util.stream.AbstractPipeline.wrapAndCopyInto(AbstractPipeline.java:499)
	at java.base/java.util.stream.ReduceOps$ReduceOp.evaluateSequential(ReduceOps.java:921)
	at java.base/java.util.stream.AbstractPipeline.evaluate(AbstractPipeline.java:234)
	at java.base/java.util.stream.ReferencePipeline.collect(ReferencePipeline.java:682)
	at org.openqa.selenium.remote.RemoteWebDriver.executeScript(RemoteWebDriver.java:463)
	at PageObjects.CartPage.checkout(CartPage.java:72)
	at StepDefinitions.UITest.OrdersPage.FunctionalityStepDefImpl.userLandedOnECommerecePageOrdersPage(FunctionalityStepDefImpl.java:69)
	at ✽.User landed on ECommerece page orders page(file:///C:/Users/santh/Desktop/Ecommerce%20Automation/Selenium/EcommercePractise/src/test/java/FeatureFiles/UITest/OrdersPage/Functionality.feature:41)

  When User clicks on go back to cart button in orders page                                # StepDefinitions.UITest.OrdersPage.FunctionalityStepDefImpl.userClicksOnGoBackToCartButtonInOrdersPage()
  Then "My Cart" message is displayed and user is redirected to cart page from orders page # StepDefinitions.UITest.OrdersPage.FunctionalityStepDefImpl.messageIsDisplayedAndUserIsRedirectedToCartPageFromOrdersPage(java.lang.String)
  Given I landed on ECommerece page products page # StepDefinitions.UITest.ProductsPage.FunctionalityStepDefImpl.i_landed_on_e_commerece_page_products_page()
  Then No products are displayed                                                    # StepDefinitions.UITest.ProductsPage.ErrorHandlingStepDefImpl.no_products_are_displayed()
  When User clciked on continue shopping button                              # StepDefinitions.UITest.ProductPage.FunctionalityStepDefImpl.userClcikedOnContinueShoppingButton()
  Then "AUTOMATION" logo message is displayed and products page is displayed # StepDefinitions.UITest.ProductPage.FunctionalityStepDefImpl.logoMessageIsDisplayedAndProductsPageIsDisplayed(java.lang.String)
]]></system-out>
    <system-err><![CDATA[Jan 06, 2025 10:10:22 AM org.openqa.selenium.devtools.CdpVersionFinder findNearestMatch
WARNING: Unable to find an exact match for CDP version 130, returning the closest version; found: 127; Please update to a Selenium version that supports CDP version 130
Jan 06, 2025 10:10:22 AM org.openqa.selenium.devtools.CdpVersionFinder findNearestMatch
WARNING: Unable to find an exact match for CDP version 130, returning the closest version; found: 127; Please update to a Selenium version that supports CDP version 130
Jan 06, 2025 10:10:28 AM org.openqa.selenium.remote.http.WebSocket$Listener onError
WARNING: Connection reset
java.net.SocketException: Connection reset
	at java.base/sun.nio.ch.SocketChannelImpl.throwConnectionReset(SocketChannelImpl.java:401)
	at java.base/sun.nio.ch.SocketChannelImpl.read(SocketChannelImpl.java:434)
	at java.net.http/jdk.internal.net.http.SocketTube.readAvailable(SocketTube.java:1178)
	at java.net.http/jdk.internal.net.http.SocketTube$InternalReadPublisher$InternalReadSubscription.read(SocketTube.java:841)
	at java.net.http/jdk.internal.net.http.SocketTube$SocketFlowTask.run(SocketTube.java:181)
	at java.net.http/jdk.internal.net.http.common.SequentialScheduler$SchedulableTask.run(SequentialScheduler.java:207)
	at java.net.http/jdk.internal.net.http.common.SequentialScheduler.runOrSchedule(SequentialScheduler.java:280)
	at java.net.http/jdk.internal.net.http.common.SequentialScheduler.runOrSchedule(SequentialScheduler.java:233)
	at java.net.http/jdk.internal.net.http.SocketTube$InternalReadPublisher$InternalReadSubscription.signalReadable(SocketTube.java:782)
	at java.net.http/jdk.internal.net.http.SocketTube$InternalReadPublisher$ReadEvent.signalEvent(SocketTube.java:965)
	at java.net.http/jdk.internal.net.http.SocketTube$SocketFlowEvent.handle(SocketTube.java:253)
	at java.net.http/jdk.internal.net.http.HttpClientImpl$SelectorManager.handleEvent(HttpClientImpl.java:1469)
	at java.net.http/jdk.internal.net.http.HttpClientImpl$SelectorManager.lambda$run$3(HttpClientImpl.java:1414)
	at java.base/java.util.ArrayList.forEach(ArrayList.java:1596)
	at java.net.http/jdk.internal.net.http.HttpClientImpl$SelectorManager.run(HttpClientImpl.java:1414)

]]></system-err>
  </testcase>
  <testcase name="runScenario[&quot;Products page error handling no products are displayed due to api failure&quot;, &quot;Products page error handling&quot;](117)" classname="TestNGTestRunner" time="0.113">
    <system-out><![CDATA[
@Functional
Scenario: Cart button                                            # src/test/java/FeatureFiles/UITest/ProductsPage/Functionality.feature:9
]]></system-out>
    <system-err><![CDATA[Jan 06, 2025 10:10:28 AM org.openqa.selenium.remote.http.WebSocket$Listener onError
WARNING: Connection reset
java.net.SocketException: Connection reset
	at java.base/sun.nio.ch.SocketChannelImpl.throwConnectionReset(SocketChannelImpl.java:401)
	at java.base/sun.nio.ch.SocketChannelImpl.read(SocketChannelImpl.java:434)
	at java.net.http/jdk.internal.net.http.SocketTube.readAvailable(SocketTube.java:1178)
	at java.net.http/jdk.internal.net.http.SocketTube$InternalReadPublisher$InternalReadSubscription.read(SocketTube.java:841)
	at java.net.http/jdk.internal.net.http.SocketTube$SocketFlowTask.run(SocketTube.java:181)
	at java.net.http/jdk.internal.net.http.common.SequentialScheduler$SchedulableTask.run(SequentialScheduler.java:207)
	at java.net.http/jdk.internal.net.http.common.SequentialScheduler.runOrSchedule(SequentialScheduler.java:280)
	at java.net.http/jdk.internal.net.http.common.SequentialScheduler.runOrSchedule(SequentialScheduler.java:233)
	at java.net.http/jdk.internal.net.http.SocketTube$InternalReadPublisher$InternalReadSubscription.signalReadable(SocketTube.java:782)
	at java.net.http/jdk.internal.net.http.SocketTube$InternalReadPublisher$ReadEvent.signalEvent(SocketTube.java:965)
	at java.net.http/jdk.internal.net.http.SocketTube$SocketFlowEvent.handle(SocketTube.java:253)
	at java.net.http/jdk.internal.net.http.HttpClientImpl$SelectorManager.handleEvent(HttpClientImpl.java:1469)
	at java.net.http/jdk.internal.net.http.HttpClientImpl$SelectorManager.lambda$run$3(HttpClientImpl.java:1414)
	at java.base/java.util.ArrayList.forEach(ArrayList.java:1596)
	at java.net.http/jdk.internal.net.http.HttpClientImpl$SelectorManager.run(HttpClientImpl.java:1414)

]]></system-err>
  </testcase>
  <testcase name="runScenario[&quot;Continue shopping&quot;, &quot;Product page functionality&quot;](118)" classname="TestNGTestRunner" time="1.094">
    <system-out><![CDATA[
@Functional
Scenario: Home button                                                   # src/test/java/FeatureFiles/UITest/ProductsPage/Functionality.feature:15
  When User clciked on add to cart button              # StepDefinitions.UITest.ProductPage.FunctionalityStepDefImpl.userClcikedOnAddToCartButton()
      java.lang.AssertionError: expected [2] but found []
	at org.testng.Assert.fail(Assert.java:111)
	at org.testng.Assert.failNotEquals(Assert.java:1578)
	at org.testng.Assert.assertEqualsImpl(Assert.java:150)
	at org.testng.Assert.assertEquals(Assert.java:132)
	at org.testng.Assert.assertEquals(Assert.java:656)
	at org.testng.Assert.assertEquals(Assert.java:666)
	at StepDefinitions.UITest.ProductPage.FunctionalityStepDefImpl.userClcikedOnAddToCartButton(FunctionalityStepDefImpl.java:127)
	at ✽.User clciked on add to cart button(file:///C:/Users/santh/Desktop/Ecommerce%20Automation/Selenium/EcommercePractise/src/test/java/FeatureFiles/UITest/ProductPage/Functionality.feature:42)

  Then products are added to cart                      # StepDefinitions.UITest.ProductPage.FunctionalityStepDefImpl.productsAreAddedToCart()
]]></system-out>
    <system-err><![CDATA[Jan 06, 2025 10:10:30 AM org.openqa.selenium.remote.http.WebSocket$Listener onError
WARNING: Connection reset
java.net.SocketException: Connection reset
	at java.base/sun.nio.ch.SocketChannelImpl.throwConnectionReset(SocketChannelImpl.java:401)
	at java.base/sun.nio.ch.SocketChannelImpl.read(SocketChannelImpl.java:434)
	at java.net.http/jdk.internal.net.http.SocketTube.readAvailable(SocketTube.java:1178)
	at java.net.http/jdk.internal.net.http.SocketTube$InternalReadPublisher$InternalReadSubscription.read(SocketTube.java:841)
	at java.net.http/jdk.internal.net.http.SocketTube$SocketFlowTask.run(SocketTube.java:181)
	at java.net.http/jdk.internal.net.http.common.SequentialScheduler$SchedulableTask.run(SequentialScheduler.java:207)
	at java.net.http/jdk.internal.net.http.common.SequentialScheduler.runOrSchedule(SequentialScheduler.java:280)
	at java.net.http/jdk.internal.net.http.common.SequentialScheduler.runOrSchedule(SequentialScheduler.java:233)
	at java.net.http/jdk.internal.net.http.SocketTube$InternalReadPublisher$InternalReadSubscription.signalReadable(SocketTube.java:782)
	at java.net.http/jdk.internal.net.http.SocketTube$InternalReadPublisher$ReadEvent.signalEvent(SocketTube.java:965)
	at java.net.http/jdk.internal.net.http.SocketTube$SocketFlowEvent.handle(SocketTube.java:253)
	at java.net.http/jdk.internal.net.http.HttpClientImpl$SelectorManager.handleEvent(HttpClientImpl.java:1469)
	at java.net.http/jdk.internal.net.http.HttpClientImpl$SelectorManager.lambda$run$3(HttpClientImpl.java:1414)
	at java.base/java.util.ArrayList.forEach(ArrayList.java:1596)
	at java.net.http/jdk.internal.net.http.HttpClientImpl$SelectorManager.run(HttpClientImpl.java:1414)

]]></system-err>
  </testcase>
  <testcase name="runScenario[&quot;Add to cart&quot;, &quot;Product page functionality&quot;](119)" classname="TestNGTestRunner" time="1.263">
    <failure message="expected [2] but found []" type="java.lang.AssertionError"><![CDATA[java.lang.AssertionError: expected [2] but found []
	at org.testng.Assert.fail(Assert.java:111)
	at org.testng.Assert.failNotEquals(Assert.java:1578)
	at org.testng.Assert.assertEqualsImpl(Assert.java:150)
	at org.testng.Assert.assertEquals(Assert.java:132)
	at org.testng.Assert.assertEquals(Assert.java:656)
	at org.testng.Assert.assertEquals(Assert.java:666)
	at StepDefinitions.UITest.ProductPage.FunctionalityStepDefImpl.userClcikedOnAddToCartButton(FunctionalityStepDefImpl.java:127)
	at ✽.User clciked on add to cart button(file:///C:/Users/santh/Desktop/Ecommerce%20Automation/Selenium/EcommercePractise/src/test/java/FeatureFiles/UITest/ProductPage/Functionality.feature:42)
]]></failure>
    <system-out><![CDATA[
@Functional
Scenario: Orders button                           # src/test/java/FeatureFiles/UITest/ProductsPage/Functionality.feature:21
  Then "No Products Found" error toast message is displayed                     # StepDefinitions.UITest.ProductsPage.ErrorHandlingStepDefImpl.error_toast_message_is_displayed(java.lang.String)
]]></system-out>
    <system-err><![CDATA[Jan 06, 2025 10:10:30 AM org.openqa.selenium.devtools.CdpVersionFinder findNearestMatch
WARNING: Unable to find an exact match for CDP version 130, returning the closest version; found: 127; Please update to a Selenium version that supports CDP version 130
Jan 06, 2025 10:10:30 AM org.openqa.selenium.devtools.CdpVersionFinder findNearestMatch
WARNING: Unable to find an exact match for CDP version 130, returning the closest version; found: 127; Please update to a Selenium version that supports CDP version 130
Jan 06, 2025 10:10:31 AM org.openqa.selenium.remote.http.WebSocket$Listener onError
WARNING: Connection reset
java.net.SocketException: Connection reset
	at java.base/sun.nio.ch.SocketChannelImpl.throwConnectionReset(SocketChannelImpl.java:401)
	at java.base/sun.nio.ch.SocketChannelImpl.read(SocketChannelImpl.java:434)
	at java.net.http/jdk.internal.net.http.SocketTube.readAvailable(SocketTube.java:1178)
	at java.net.http/jdk.internal.net.http.SocketTube$InternalReadPublisher$InternalReadSubscription.read(SocketTube.java:841)
	at java.net.http/jdk.internal.net.http.SocketTube$SocketFlowTask.run(SocketTube.java:181)
	at java.net.http/jdk.internal.net.http.common.SequentialScheduler$SchedulableTask.run(SequentialScheduler.java:207)
	at java.net.http/jdk.internal.net.http.common.SequentialScheduler.runOrSchedule(SequentialScheduler.java:280)
	at java.net.http/jdk.internal.net.http.common.SequentialScheduler.runOrSchedule(SequentialScheduler.java:233)
	at java.net.http/jdk.internal.net.http.SocketTube$InternalReadPublisher$InternalReadSubscription.signalReadable(SocketTube.java:782)
	at java.net.http/jdk.internal.net.http.SocketTube$InternalReadPublisher$ReadEvent.signalEvent(SocketTube.java:965)
	at java.net.http/jdk.internal.net.http.SocketTube$SocketFlowEvent.handle(SocketTube.java:253)
	at java.net.http/jdk.internal.net.http.HttpClientImpl$SelectorManager.handleEvent(HttpClientImpl.java:1469)
	at java.net.http/jdk.internal.net.http.HttpClientImpl$SelectorManager.lambda$run$3(HttpClientImpl.java:1414)
	at java.base/java.util.ArrayList.forEach(ArrayList.java:1596)
	at java.net.http/jdk.internal.net.http.HttpClientImpl$SelectorManager.run(HttpClientImpl.java:1414)

]]></system-err>
  </testcase>
  <testcase name="runScenario[&quot;Products page error handling no products are displayed due to filters&quot;, &quot;Products page error handling&quot;](120)" classname="TestNGTestRunner" time="1.089">
    <system-out><![CDATA[
@Functional
Scenario: SignOut                                                             # src/test/java/FeatureFiles/UITest/ProductsPage/Functionality.feature:27
  Given User landed on ECommerece page orders page # StepDefinitions.UITest.OrdersPage.FunctionalityStepDefImpl.userLandedOnECommerecePageOrdersPage()
  When User clicks on add to cart button                         # StepDefinitions.UITest.ProductsPage.ErrorHandlingStepDefImpl.user_clicks_on_add_to_cart_button()
]]></system-out>
    <system-err><![CDATA[Jan 06, 2025 10:10:32 AM org.openqa.selenium.devtools.CdpVersionFinder findNearestMatch
WARNING: Unable to find an exact match for CDP version 130, returning the closest version; found: 127; Please update to a Selenium version that supports CDP version 130
Jan 06, 2025 10:10:32 AM org.openqa.selenium.remote.http.WebSocket$Listener onError
WARNING: Connection reset
java.net.SocketException: Connection reset
	at java.base/sun.nio.ch.SocketChannelImpl.throwConnectionReset(SocketChannelImpl.java:401)
	at java.base/sun.nio.ch.SocketChannelImpl.read(SocketChannelImpl.java:434)
	at java.net.http/jdk.internal.net.http.SocketTube.readAvailable(SocketTube.java:1178)
	at java.net.http/jdk.internal.net.http.SocketTube$InternalReadPublisher$InternalReadSubscription.read(SocketTube.java:841)
	at java.net.http/jdk.internal.net.http.SocketTube$SocketFlowTask.run(SocketTube.java:181)
	at java.net.http/jdk.internal.net.http.common.SequentialScheduler$SchedulableTask.run(SequentialScheduler.java:207)
	at java.net.http/jdk.internal.net.http.common.SequentialScheduler.runOrSchedule(SequentialScheduler.java:280)
	at java.net.http/jdk.internal.net.http.common.SequentialScheduler.runOrSchedule(SequentialScheduler.java:233)
	at java.net.http/jdk.internal.net.http.SocketTube$InternalReadPublisher$InternalReadSubscription.signalReadable(SocketTube.java:782)
	at java.net.http/jdk.internal.net.http.SocketTube$InternalReadPublisher$ReadEvent.signalEvent(SocketTube.java:965)
	at java.net.http/jdk.internal.net.http.SocketTube$SocketFlowEvent.handle(SocketTube.java:253)
	at java.net.http/jdk.internal.net.http.HttpClientImpl$SelectorManager.handleEvent(HttpClientImpl.java:1469)
	at java.net.http/jdk.internal.net.http.HttpClientImpl$SelectorManager.lambda$run$3(HttpClientImpl.java:1414)
	at java.base/java.util.ArrayList.forEach(ArrayList.java:1596)
	at java.net.http/jdk.internal.net.http.HttpClientImpl$SelectorManager.run(HttpClientImpl.java:1414)

]]></system-err>
  </testcase>
  <testcase name="runScenario[&quot;Products page error handling add to cart api is failed&quot;, &quot;Products page error handling&quot;](121)" classname="TestNGTestRunner" time="2.268">
    <system-out><![CDATA[
@Functional
Scenario: Add products to cart                                                   # src/test/java/FeatureFiles/UITest/ProductsPage/Functionality.feature:33
  Then Product is not added to cart                              # StepDefinitions.UITest.ProductsPage.ErrorHandlingStepDefImpl.product_is_not_added_to_cart()
[677b5ec6e2b5443b1f14c33f, 677b5ec6e2b5443b1f14c342]
677b5ec6e2b5443b1f14c342
  Then "AUTOMATION" logo message is displayed     # StepDefinitions.UITest.ProductsPage.FunctionalityStepDefImpl.logo_message_is_displayed(java.lang.String)
  Given I landed on ECommerece page products page                # StepDefinitions.UITest.ProductsPage.FunctionalityStepDefImpl.i_landed_on_e_commerece_page_products_page()
]]></system-out>
    <system-err><![CDATA[Jan 06, 2025 10:10:32 AM org.openqa.selenium.devtools.CdpVersionFinder findNearestMatch
WARNING: Unable to find an exact match for CDP version 130, returning the closest version; found: 127; Please update to a Selenium version that supports CDP version 130
Jan 06, 2025 10:10:33 AM org.openqa.selenium.devtools.Connection$Listener lambda$onText$0
WARNING: Unable to process: {"method":"Network.responseReceived","params":{"requestId":"45720.21","loaderId":"4C4EB18E091D3EC3AC5CE2FAECC74240","timestamp":242590.220073,"type":"XHR","response":{"url":"https://rahulshettyacademy.com/api/ecom/product/get-all-products","status":200,"statusText":"OK","headers":{"Content-Encoding":"gzip","ETag":"W/\"1235-pvPjr06Vm3XxDS3ekVPSMc/+rK8\"","Expect-CT":"max-age=0","X-Permitted-Cross-Domain-Policies":"none","X-Content-Type-Options":"nosniff","Keep-Alive":"timeout=5, max=91","Date":"Mon, 06 Jan 2025 04:40:33 GMT","Content-Type":"application/json; charset=utf-8","Vary":"Accept-Encoding","X-Frame-Options":"SAMEORIGIN","Transfer-Encoding":"chunked","Strict-Transport-Security":"max-age=15552000; includeSubDomains","Content-Security-Policy":"default-src 'self';base-uri 'self';block-all-mixed-content;font-src 'self' https: data:;frame-ancestors 'self';img-src 'self' data:;object-src 'none';script-src 'self';script-src-attr 'none';style-src 'self' https: 'unsafe-inline';upgrade-insecure-requests","X-DNS-Prefetch-Control":"off","Connection":"Keep-Alive","Referrer-Policy":"no-referrer","X-Download-Options":"noopen","Access-Control-Allow-Origin":"*","X-XSS-Protection":"0","Server":"Apache/2.4.52 (Ubuntu)"},"mimeType":"application/json","charset":"utf-8","connectionReused":true,"connectionId":43,"remoteIPAddress":"13.201.9.53","remotePort":443,"fromDiskCache":false,"fromServiceWorker":false,"fromPrefetchCache":false,"encodedDataLength":921,"timing":{"requestTime":242589.924516,"proxyStart":-1,"proxyEnd":-1,"dnsStart":-1,"dnsEnd":-1,"connectStart":-1,"connectEnd":-1,"sslStart":-1,"sslEnd":-1,"workerStart":-1,"workerReady":-1,"workerFetchStart":-1,"workerRespondWithSettled":-1,"sendStart":0.223,"sendEnd":0.399,"pushStart":0,"pushEnd":0,"receiveHeadersStart":293.978,"receiveHeadersEnd":294.162},"responseTime":1.736138427458171e+12,"protocol":"http/1.1","alternateProtocolUsage":"unspecifiedReason","securityState":"secure","securityDetails":{"protocol":"TLS 1.3","keyExchange":"","keyExchangeGroup":"X25519","cipher":"AES_128_GCM","certificateId":0,"subjectName":"rahulshettyacademy.com","sanList":["rahulshettyacademy.com"],"issuer":"E6","validFrom":1731833819,"validTo":1739609818,"signedCertificateTimestampList":[{"status":"Verified","origin":"Embedded in certificate","logDescription":"Google 'Xenon2025h1' log","logId":"CF1156EED52E7CAFF3875BD9692E9BE91A71674AB017ECAC01D25B77CECC3B08","timestamp":1731837329589,"hashAlgorithm":"SHA-256","signatureAlgorithm":"ECDSA","signatureData":"3045022049CA90B2CB95C3A4AECDECF04FECA784EE3C38F667E4444EC363E3896496E161022100A382A6A79A23DB380C6BAE53F0317A7817F487C963769692F01598128068DB66"},{"status":"Verified","origin":"Embedded in certificate","logDescription":"DigiCert Nessie2025 Log","logId":"E6D2316340778CC1104106D771B9CEC1D240F6968486FBBA87321DFD1E378E50","timestamp":1731837329733,"hashAlgorithm":"SHA-256","signatureAlgorithm":"ECDSA","signatureData":"30450220157FD090AF13CC9D704CDB761C669D3050A465792F7063143A29419C5455EE34022100B52F2E04241FBDC492EED0F11D8D4C2FCCA313C5DD1D6CFBD8BE909857B03816"}],"certificateTransparencyCompliance":"unknown","serverSignatureAlgorithm":1027,"encryptedClientHello":false}},"hasExtraInfo":true,"frameId":"C769F48439D6704D816624F7EE0FDF31"},"sessionId":"A046A963E7D6CF970AD85D128CFBF44C"}
org.openqa.selenium.NoSuchElementException: no such element: Unable to locate element: {"method":"css selector","selector":".\.text\-muted"}
  (Session info: chrome=130.0.6723.70)
For documentation on this error, please visit: https://www.selenium.dev/documentation/webdriver/troubleshooting/errors#no-such-element-exception
Build info: version: '4.23.0', revision: '4df0a231af'
System info: os.name: 'Windows 11', os.arch: 'amd64', os.version: '10.0', java.version: '21.0.5'
Driver info: org.openqa.selenium.chrome.ChromeDriver
Command: [a51503d71040120bd3a9a6b8f18f4f67, findChildElement {using=class name, value=.text-muted, id=f.C769F48439D6704D816624F7EE0FDF31.d.4C4EB18E091D3EC3AC5CE2FAECC74240.e.94}]
Capabilities {acceptInsecureCerts: false, browserName: chrome, browserVersion: 130.0.6723.70, chrome: {chromedriverVersion: 130.0.6723.116 (6ac35f94ae3..., userDataDir: C:\Users\santh\AppData\Loca...}, fedcm:accounts: true, goog:chromeOptions: {debuggerAddress: localhost:56226}, networkConnectionEnabled: false, pageLoadStrategy: normal, platformName: windows, proxy: Proxy(), se:cdp: ws://localhost:56226/devtoo..., se:cdpVersion: 130.0.6723.70, setWindowRect: true, strictFileInteractability: false, timeouts: {implicit: 0, pageLoad: 300000, script: 30000}, unhandledPromptBehavior: dismiss and notify, webauthn:extension:credBlob: true, webauthn:extension:largeBlob: true, webauthn:extension:minPinLength: true, webauthn:extension:prf: true, webauthn:virtualAuthenticators: true}
Session ID: a51503d71040120bd3a9a6b8f18f4f67
	at java.base/jdk.internal.reflect.DirectConstructorHandleAccessor.newInstance(DirectConstructorHandleAccessor.java:62)
	at java.base/java.lang.reflect.Constructor.newInstanceWithCaller(Constructor.java:502)
	at java.base/java.lang.reflect.Constructor.newInstance(Constructor.java:486)
	at org.openqa.selenium.remote.ErrorCodec.decode(ErrorCodec.java:167)
	at org.openqa.selenium.remote.codec.w3c.W3CHttpResponseCodec.decode(W3CHttpResponseCodec.java:138)
	at org.openqa.selenium.remote.codec.w3c.W3CHttpResponseCodec.decode(W3CHttpResponseCodec.java:50)
	at org.openqa.selenium.remote.HttpCommandExecutor.execute(HttpCommandExecutor.java:190)
	at org.openqa.selenium.remote.service.DriverCommandExecutor.invokeExecute(DriverCommandExecutor.java:216)
	at org.openqa.selenium.remote.service.DriverCommandExecutor.execute(DriverCommandExecutor.java:174)
	at org.openqa.selenium.remote.RemoteWebDriver.execute(RemoteWebDriver.java:527)
	at org.openqa.selenium.remote.ElementLocation$ElementFinder$2.findElement(ElementLocation.java:165)
	at org.openqa.selenium.remote.ElementLocation.findElement(ElementLocation.java:59)
	at org.openqa.selenium.remote.RemoteWebDriver.findElement(RemoteWebDriver.java:357)
	at org.openqa.selenium.remote.RemoteWebElement.findElement(RemoteWebElement.java:211)
	at StepDefinitions.UITest.ProductsPage.FunctionalityStepDefImpl.lambda$logo_message_is_displayed$1(FunctionalityStepDefImpl.java:103)
	at org.openqa.selenium.devtools.DevTools.lambda$addListener$0(DevTools.java:104)
	at org.openqa.selenium.devtools.Connection.lambda$handle$5(Connection.java:348)
	at java.base/java.util.stream.ForEachOps$ForEachOp$OfRef.accept(ForEachOps.java:184)
	at java.base/java.util.stream.ReferencePipeline$2$1.accept(ReferencePipeline.java:179)
	at java.base/java.util.stream.ReferencePipeline$15$1.accept(ReferencePipeline.java:541)
	at java.base/java.util.HashMap$EntrySpliterator.forEachRemaining(HashMap.java:1858)
	at java.base/java.util.stream.AbstractPipeline.copyInto(AbstractPipeline.java:509)
	at java.base/java.util.stream.AbstractPipeline.wrapAndCopyInto(AbstractPipeline.java:499)
	at java.base/java.util.stream.ForEachOps$ForEachOp.evaluateSequential(ForEachOps.java:151)
	at java.base/java.util.stream.ForEachOps$ForEachOp$OfRef.evaluateSequential(ForEachOps.java:174)
	at java.base/java.util.stream.AbstractPipeline.evaluate(AbstractPipeline.java:234)
	at java.base/java.util.stream.ReferencePipeline.forEach(ReferencePipeline.java:596)
	at org.openqa.selenium.devtools.Connection.handle(Connection.java:311)
	at org.openqa.selenium.devtools.Connection$Listener.lambda$onText$0(Connection.java:239)
	at java.base/java.util.concurrent.ThreadPoolExecutor.runWorker(ThreadPoolExecutor.java:1144)
	at java.base/java.util.concurrent.ThreadPoolExecutor$Worker.run(ThreadPoolExecutor.java:642)
	at java.base/java.lang.Thread.run(Thread.java:1583)

Exception in thread "CDP Connection" org.openqa.selenium.devtools.DevToolsException: no such element: Unable to locate element: {"method":"css selector","selector":".\.text\-muted"}
  (Session info: chrome=130.0.6723.70)
For documentation on this error, please visit: https://www.selenium.dev/documentation/webdriver/troubleshooting/errors#no-such-element-exception
Build info: version: '4.23.0', revision: '4df0a231af'
System info: os.name: 'Windows 11', os.arch: 'amd64', os.version: '10.0', java.version: '21.0.5'
Driver info: org.openqa.selenium.chrome.ChromeDriver
Command: [a51503d71040120bd3a9a6b8f18f4f67, findChildElement {using=class name, value=.text-muted, id=f.C769F48439D6704D816624F7EE0FDF31.d.4C4EB18E091D3EC3AC5CE2FAECC74240.e.94}]
Capabilities {acceptInsecureCerts: false, browserName: chrome, browserVersion: 130.0.6723.70, chrome: {chromedriverVersion: 130.0.6723.116 (6ac35f94ae3..., userDataDir: C:\Users\santh\AppData\Loca...}, fedcm:accounts: true, goog:chromeOptions: {debuggerAddress: localhost:56226}, networkConnectionEnabled: false, pageLoadStrategy: normal, platformName: windows, proxy: Proxy(), se:cdp: ws://localhost:56226/devtoo..., se:cdpVersion: 130.0.6723.70, setWindowRect: true, strictFileInteractability: false, timeouts: {implicit: 0, pageLoad: 300000, script: 30000}, unhandledPromptBehavior: dismiss and notify, webauthn:extension:credBlob: true, webauthn:extension:largeBlob: true, webauthn:extension:minPinLength: true, webauthn:extension:prf: true, webauthn:virtualAuthenticators: true}
Session ID: a51503d71040120bd3a9a6b8f18f4f67
	at org.openqa.selenium.devtools.Connection$Listener.lambda$onText$0(Connection.java:242)
	at java.base/java.util.concurrent.ThreadPoolExecutor.runWorker(ThreadPoolExecutor.java:1144)
	at java.base/java.util.concurrent.ThreadPoolExecutor$Worker.run(ThreadPoolExecutor.java:642)
	at java.base/java.lang.Thread.run(Thread.java:1583)
Caused by: org.openqa.selenium.NoSuchElementException: no such element: Unable to locate element: {"method":"css selector","selector":".\.text\-muted"}
  (Session info: chrome=130.0.6723.70)
For documentation on this error, please visit: https://www.selenium.dev/documentation/webdriver/troubleshooting/errors#no-such-element-exception
Build info: version: '4.23.0', revision: '4df0a231af'
System info: os.name: 'Windows 11', os.arch: 'amd64', os.version: '10.0', java.version: '21.0.5'
Driver info: org.openqa.selenium.chrome.ChromeDriver
Command: [a51503d71040120bd3a9a6b8f18f4f67, findChildElement {using=class name, value=.text-muted, id=f.C769F48439D6704D816624F7EE0FDF31.d.4C4EB18E091D3EC3AC5CE2FAECC74240.e.94}]
Capabilities {acceptInsecureCerts: false, browserName: chrome, browserVersion: 130.0.6723.70, chrome: {chromedriverVersion: 130.0.6723.116 (6ac35f94ae3..., userDataDir: C:\Users\santh\AppData\Loca...}, fedcm:accounts: true, goog:chromeOptions: {debuggerAddress: localhost:56226}, networkConnectionEnabled: false, pageLoadStrategy: normal, platformName: windows, proxy: Proxy(), se:cdp: ws://localhost:56226/devtoo..., se:cdpVersion: 130.0.6723.70, setWindowRect: true, strictFileInteractability: false, timeouts: {implicit: 0, pageLoad: 300000, script: 30000}, unhandledPromptBehavior: dismiss and notify, webauthn:extension:credBlob: true, webauthn:extension:largeBlob: true, webauthn:extension:minPinLength: true, webauthn:extension:prf: true, webauthn:virtualAuthenticators: true}
Session ID: a51503d71040120bd3a9a6b8f18f4f67
	at java.base/jdk.internal.reflect.DirectConstructorHandleAccessor.newInstance(DirectConstructorHandleAccessor.java:62)
	at java.base/java.lang.reflect.Constructor.newInstanceWithCaller(Constructor.java:502)
	at java.base/java.lang.reflect.Constructor.newInstance(Constructor.java:486)
	at org.openqa.selenium.remote.ErrorCodec.decode(ErrorCodec.java:167)
	at org.openqa.selenium.remote.codec.w3c.W3CHttpResponseCodec.decode(W3CHttpResponseCodec.java:138)
	at org.openqa.selenium.remote.codec.w3c.W3CHttpResponseCodec.decode(W3CHttpResponseCodec.java:50)
	at org.openqa.selenium.remote.HttpCommandExecutor.execute(HttpCommandExecutor.java:190)
	at org.openqa.selenium.remote.service.DriverCommandExecutor.invokeExecute(DriverCommandExecutor.java:216)
	at org.openqa.selenium.remote.service.DriverCommandExecutor.execute(DriverCommandExecutor.java:174)
	at org.openqa.selenium.remote.RemoteWebDriver.execute(RemoteWebDriver.java:527)
	at org.openqa.selenium.remote.ElementLocation$ElementFinder$2.findElement(ElementLocation.java:165)
	at org.openqa.selenium.remote.ElementLocation.findElement(ElementLocation.java:59)
	at org.openqa.selenium.remote.RemoteWebDriver.findElement(RemoteWebDriver.java:357)
	at org.openqa.selenium.remote.RemoteWebElement.findElement(RemoteWebElement.java:211)
	at StepDefinitions.UITest.ProductsPage.FunctionalityStepDefImpl.lambda$logo_message_is_displayed$1(FunctionalityStepDefImpl.java:103)
	at org.openqa.selenium.devtools.DevTools.lambda$addListener$0(DevTools.java:104)
	at org.openqa.selenium.devtools.Connection.lambda$handle$5(Connection.java:348)
	at java.base/java.util.stream.ForEachOps$ForEachOp$OfRef.accept(ForEachOps.java:184)
	at java.base/java.util.stream.ReferencePipeline$2$1.accept(ReferencePipeline.java:179)
	at java.base/java.util.stream.ReferencePipeline$15$1.accept(ReferencePipeline.java:541)
	at java.base/java.util.HashMap$EntrySpliterator.forEachRemaining(HashMap.java:1858)
	at java.base/java.util.stream.AbstractPipeline.copyInto(AbstractPipeline.java:509)
	at java.base/java.util.stream.AbstractPipeline.wrapAndCopyInto(AbstractPipeline.java:499)
	at java.base/java.util.stream.ForEachOps$ForEachOp.evaluateSequential(ForEachOps.java:151)
	at java.base/java.util.stream.ForEachOps$ForEachOp$OfRef.evaluateSequential(ForEachOps.java:174)
	at java.base/java.util.stream.AbstractPipeline.evaluate(AbstractPipeline.java:234)
	at java.base/java.util.stream.ReferencePipeline.forEach(ReferencePipeline.java:596)
	at org.openqa.selenium.devtools.Connection.handle(Connection.java:311)
	at org.openqa.selenium.devtools.Connection$Listener.lambda$onText$0(Connection.java:239)
	... 3 more
Jan 06, 2025 10:10:34 AM org.openqa.selenium.remote.http.WebSocket$Listener onError
WARNING: Connection reset
java.net.SocketException: Connection reset
	at java.base/sun.nio.ch.SocketChannelImpl.throwConnectionReset(SocketChannelImpl.java:401)
	at java.base/sun.nio.ch.SocketChannelImpl.read(SocketChannelImpl.java:434)
	at java.net.http/jdk.internal.net.http.SocketTube.readAvailable(SocketTube.java:1178)
	at java.net.http/jdk.internal.net.http.SocketTube$InternalReadPublisher$InternalReadSubscription.read(SocketTube.java:841)
	at java.net.http/jdk.internal.net.http.SocketTube$SocketFlowTask.run(SocketTube.java:181)
	at java.net.http/jdk.internal.net.http.common.SequentialScheduler$SchedulableTask.run(SequentialScheduler.java:207)
	at java.net.http/jdk.internal.net.http.common.SequentialScheduler.runOrSchedule(SequentialScheduler.java:280)
	at java.net.http/jdk.internal.net.http.common.SequentialScheduler.runOrSchedule(SequentialScheduler.java:233)
	at java.net.http/jdk.internal.net.http.SocketTube$InternalReadPublisher$InternalReadSubscription.signalReadable(SocketTube.java:782)
	at java.net.http/jdk.internal.net.http.SocketTube$InternalReadPublisher$ReadEvent.signalEvent(SocketTube.java:965)
	at java.net.http/jdk.internal.net.http.SocketTube$SocketFlowEvent.handle(SocketTube.java:253)
	at java.net.http/jdk.internal.net.http.HttpClientImpl$SelectorManager.handleEvent(HttpClientImpl.java:1469)
	at java.net.http/jdk.internal.net.http.HttpClientImpl$SelectorManager.lambda$run$3(HttpClientImpl.java:1414)
	at java.base/java.util.ArrayList.forEach(ArrayList.java:1596)
	at java.net.http/jdk.internal.net.http.HttpClientImpl$SelectorManager.run(HttpClientImpl.java:1414)

]]></system-err>
  </testcase>
  <testcase name="runScenario[&quot;Products page functionality&quot;, &quot;Products page functionality&quot;](122)" classname="TestNGTestRunner" time="1.185">
    <system-out><![CDATA[
@Functional
Scenario: Search filter                           # src/test/java/FeatureFiles/UITest/ProductsPage/Functionality.feature:39
  When User clciks on cart button                                # StepDefinitions.UITest.ProductsPage.FunctionalityStepDefImpl.user_clciks_on_cart_button()
  Then "My Cart" message is displayed and cart page is displayed # StepDefinitions.UITest.ProductsPage.FunctionalityStepDefImpl.message_is_displayed_and_cart_page_is_displayed(java.lang.String)
  Given I landed on ECommerece page products page                       # StepDefinitions.UITest.ProductsPage.FunctionalityStepDefImpl.i_landed_on_e_commerece_page_products_page()
]]></system-out>
    <system-err><![CDATA[Jan 06, 2025 10:10:35 AM org.openqa.selenium.devtools.CdpVersionFinder findNearestMatch
WARNING: Unable to find an exact match for CDP version 130, returning the closest version; found: 127; Please update to a Selenium version that supports CDP version 130
Jan 06, 2025 10:10:35 AM org.openqa.selenium.remote.http.WebSocket$Listener onError
WARNING: Connection reset
java.net.SocketException: Connection reset
	at java.base/sun.nio.ch.SocketChannelImpl.throwConnectionReset(SocketChannelImpl.java:401)
	at java.base/sun.nio.ch.SocketChannelImpl.read(SocketChannelImpl.java:434)
	at java.net.http/jdk.internal.net.http.SocketTube.readAvailable(SocketTube.java:1178)
	at java.net.http/jdk.internal.net.http.SocketTube$InternalReadPublisher$InternalReadSubscription.read(SocketTube.java:841)
	at java.net.http/jdk.internal.net.http.SocketTube$SocketFlowTask.run(SocketTube.java:181)
	at java.net.http/jdk.internal.net.http.common.SequentialScheduler$SchedulableTask.run(SequentialScheduler.java:207)
	at java.net.http/jdk.internal.net.http.common.SequentialScheduler.runOrSchedule(SequentialScheduler.java:280)
	at java.net.http/jdk.internal.net.http.common.SequentialScheduler.runOrSchedule(SequentialScheduler.java:233)
	at java.net.http/jdk.internal.net.http.SocketTube$InternalReadPublisher$InternalReadSubscription.signalReadable(SocketTube.java:782)
	at java.net.http/jdk.internal.net.http.SocketTube$InternalReadPublisher$ReadEvent.signalEvent(SocketTube.java:965)
	at java.net.http/jdk.internal.net.http.SocketTube$SocketFlowEvent.handle(SocketTube.java:253)
	at java.net.http/jdk.internal.net.http.HttpClientImpl$SelectorManager.handleEvent(HttpClientImpl.java:1469)
	at java.net.http/jdk.internal.net.http.HttpClientImpl$SelectorManager.lambda$run$3(HttpClientImpl.java:1414)
	at java.base/java.util.ArrayList.forEach(ArrayList.java:1596)
	at java.net.http/jdk.internal.net.http.HttpClientImpl$SelectorManager.run(HttpClientImpl.java:1414)

]]></system-err>
  </testcase>
  <testcase name="runScenario[&quot;Cart button&quot;, &quot;Products page functionality&quot;](123)" classname="TestNGTestRunner" time="1.609">
    <system-out><![CDATA[
@Functional
Scenario: Min max price filter                    # src/test/java/FeatureFiles/UITest/ProductsPage/Functionality.feature:44
  When User clciks on home button                                       # StepDefinitions.UITest.ProductsPage.FunctionalityStepDefImpl.user_clciks_on_home_button()
  Then "AUTOMATION" message is displayed and products page is displayed # StepDefinitions.UITest.ProductsPage.FunctionalityStepDefImpl.message_is_displayed_and_products_page_is_displayed(java.lang.String)
  Given I landed on ECommerece page products page # StepDefinitions.UITest.ProductsPage.FunctionalityStepDefImpl.i_landed_on_e_commerece_page_products_page()
  When User clciks on orders button               # StepDefinitions.UITest.ProductsPage.FunctionalityStepDefImpl.user_clciks_on_orders_button()
]]></system-out>
    <system-err><![CDATA[Jan 06, 2025 10:10:37 AM org.openqa.selenium.devtools.CdpVersionFinder findNearestMatch
WARNING: Unable to find an exact match for CDP version 130, returning the closest version; found: 127; Please update to a Selenium version that supports CDP version 130
Jan 06, 2025 10:10:37 AM org.openqa.selenium.remote.http.WebSocket$Listener onError
WARNING: Connection reset
java.net.SocketException: Connection reset
	at java.base/sun.nio.ch.SocketChannelImpl.throwConnectionReset(SocketChannelImpl.java:401)
	at java.base/sun.nio.ch.SocketChannelImpl.read(SocketChannelImpl.java:434)
	at java.net.http/jdk.internal.net.http.SocketTube.readAvailable(SocketTube.java:1178)
	at java.net.http/jdk.internal.net.http.SocketTube$InternalReadPublisher$InternalReadSubscription.read(SocketTube.java:841)
	at java.net.http/jdk.internal.net.http.SocketTube$SocketFlowTask.run(SocketTube.java:181)
	at java.net.http/jdk.internal.net.http.common.SequentialScheduler$SchedulableTask.run(SequentialScheduler.java:207)
	at java.net.http/jdk.internal.net.http.common.SequentialScheduler.runOrSchedule(SequentialScheduler.java:280)
	at java.net.http/jdk.internal.net.http.common.SequentialScheduler.runOrSchedule(SequentialScheduler.java:233)
	at java.net.http/jdk.internal.net.http.SocketTube$InternalReadPublisher$InternalReadSubscription.signalReadable(SocketTube.java:782)
	at java.net.http/jdk.internal.net.http.SocketTube$InternalReadPublisher$ReadEvent.signalEvent(SocketTube.java:965)
	at java.net.http/jdk.internal.net.http.SocketTube$SocketFlowEvent.handle(SocketTube.java:253)
	at java.net.http/jdk.internal.net.http.HttpClientImpl$SelectorManager.handleEvent(HttpClientImpl.java:1469)
	at java.net.http/jdk.internal.net.http.HttpClientImpl$SelectorManager.lambda$run$3(HttpClientImpl.java:1414)
	at java.base/java.util.ArrayList.forEach(ArrayList.java:1596)
	at java.net.http/jdk.internal.net.http.HttpClientImpl$SelectorManager.run(HttpClientImpl.java:1414)

]]></system-err>
  </testcase>
  <testcase name="runScenario[&quot;Home button&quot;, &quot;Products page functionality&quot;](124)" classname="TestNGTestRunner" time="0.967">
    <system-out><![CDATA[
@Functional
Scenario: Categories filter                       # src/test/java/FeatureFiles/UITest/ProductsPage/Functionality.feature:49
[677b5ec6e2b5443b1f14c33f, 677b5ec6e2b5443b1f14c342]
677b5ec6e2b5443b1f14c33f
]]></system-out>
    <system-err><![CDATA[Jan 06, 2025 10:10:38 AM org.openqa.selenium.remote.http.WebSocket$Listener onError
WARNING: Connection reset
java.net.SocketException: Connection reset
	at java.base/sun.nio.ch.SocketChannelImpl.throwConnectionReset(SocketChannelImpl.java:401)
	at java.base/sun.nio.ch.SocketChannelImpl.read(SocketChannelImpl.java:434)
	at java.net.http/jdk.internal.net.http.SocketTube.readAvailable(SocketTube.java:1178)
	at java.net.http/jdk.internal.net.http.SocketTube$InternalReadPublisher$InternalReadSubscription.read(SocketTube.java:841)
	at java.net.http/jdk.internal.net.http.SocketTube$SocketFlowTask.run(SocketTube.java:181)
	at java.net.http/jdk.internal.net.http.common.SequentialScheduler$SchedulableTask.run(SequentialScheduler.java:207)
	at java.net.http/jdk.internal.net.http.common.SequentialScheduler.runOrSchedule(SequentialScheduler.java:280)
	at java.net.http/jdk.internal.net.http.common.SequentialScheduler.runOrSchedule(SequentialScheduler.java:233)
	at java.net.http/jdk.internal.net.http.SocketTube$InternalReadPublisher$InternalReadSubscription.signalReadable(SocketTube.java:782)
	at java.net.http/jdk.internal.net.http.SocketTube$InternalReadPublisher$ReadEvent.signalEvent(SocketTube.java:965)
	at java.net.http/jdk.internal.net.http.SocketTube$SocketFlowEvent.handle(SocketTube.java:253)
	at java.net.http/jdk.internal.net.http.HttpClientImpl$SelectorManager.handleEvent(HttpClientImpl.java:1469)
	at java.net.http/jdk.internal.net.http.HttpClientImpl$SelectorManager.lambda$run$3(HttpClientImpl.java:1414)
	at java.base/java.util.ArrayList.forEach(ArrayList.java:1596)
	at java.net.http/jdk.internal.net.http.HttpClientImpl$SelectorManager.run(HttpClientImpl.java:1414)

]]></system-err>
  </testcase>
  <testcase name="runScenario[&quot;Orders button&quot;, &quot;Products page functionality&quot;](125)" classname="TestNGTestRunner" time="3.213">
    <system-out><![CDATA[
@ErrorHandling
Scenario: User submits empty registration form                                                                                                                                               # src/test/java/FeatureFiles/UITest/RegisterPage/ErrorHandling.feature:5
  Given I landed on ECommerece page products page                             # StepDefinitions.UITest.ProductsPage.FunctionalityStepDefImpl.i_landed_on_e_commerece_page_products_page()
  Then orders page is displayed                   # StepDefinitions.UITest.ProductsPage.FunctionalityStepDefImpl.orders_page_is_displayed()
  When User clciks on signout button                                          # StepDefinitions.UITest.ProductsPage.FunctionalityStepDefImpl.user_clciks_on_signout_button()
  Then "Logout Successfully" message is displayed and login page is displayed # StepDefinitions.UITest.ProductsPage.FunctionalityStepDefImpl.message_is_displayed_and_login_page_is_displayed(java.lang.String)
  Given I landed on ECommerece page products page                                # StepDefinitions.UITest.ProductsPage.FunctionalityStepDefImpl.i_landed_on_e_commerece_page_products_page()
]]></system-out>
    <system-err><![CDATA[Jan 06, 2025 10:10:39 AM org.openqa.selenium.devtools.CdpVersionFinder findNearestMatch
WARNING: Unable to find an exact match for CDP version 130, returning the closest version; found: 127; Please update to a Selenium version that supports CDP version 130
Jan 06, 2025 10:10:39 AM org.openqa.selenium.devtools.CdpVersionFinder findNearestMatch
WARNING: Unable to find an exact match for CDP version 130, returning the closest version; found: 127; Please update to a Selenium version that supports CDP version 130
Jan 06, 2025 10:10:41 AM org.openqa.selenium.devtools.CdpVersionFinder findNearestMatch
WARNING: Unable to find an exact match for CDP version 130, returning the closest version; found: 127; Please update to a Selenium version that supports CDP version 130
Jan 06, 2025 10:10:41 AM org.openqa.selenium.remote.http.WebSocket$Listener onError
WARNING: Connection reset
java.net.SocketException: Connection reset
	at java.base/sun.nio.ch.SocketChannelImpl.throwConnectionReset(SocketChannelImpl.java:401)
	at java.base/sun.nio.ch.SocketChannelImpl.read(SocketChannelImpl.java:434)
	at java.net.http/jdk.internal.net.http.SocketTube.readAvailable(SocketTube.java:1178)
	at java.net.http/jdk.internal.net.http.SocketTube$InternalReadPublisher$InternalReadSubscription.read(SocketTube.java:841)
	at java.net.http/jdk.internal.net.http.SocketTube$SocketFlowTask.run(SocketTube.java:181)
	at java.net.http/jdk.internal.net.http.common.SequentialScheduler$SchedulableTask.run(SequentialScheduler.java:207)
	at java.net.http/jdk.internal.net.http.common.SequentialScheduler.runOrSchedule(SequentialScheduler.java:280)
	at java.net.http/jdk.internal.net.http.common.SequentialScheduler.runOrSchedule(SequentialScheduler.java:233)
	at java.net.http/jdk.internal.net.http.SocketTube$InternalReadPublisher$InternalReadSubscription.signalReadable(SocketTube.java:782)
	at java.net.http/jdk.internal.net.http.SocketTube$InternalReadPublisher$ReadEvent.signalEvent(SocketTube.java:965)
	at java.net.http/jdk.internal.net.http.SocketTube$SocketFlowEvent.handle(SocketTube.java:253)
	at java.net.http/jdk.internal.net.http.HttpClientImpl$SelectorManager.handleEvent(HttpClientImpl.java:1469)
	at java.net.http/jdk.internal.net.http.HttpClientImpl$SelectorManager.lambda$run$3(HttpClientImpl.java:1414)
	at java.base/java.util.ArrayList.forEach(ArrayList.java:1596)
	at java.net.http/jdk.internal.net.http.HttpClientImpl$SelectorManager.run(HttpClientImpl.java:1414)

]]></system-err>
  </testcase>
  <testcase name="runScenario[&quot;SignOut&quot;, &quot;Products page functionality&quot;](126)" classname="TestNGTestRunner" time="0.967">
    <system-out><![CDATA[
@ErrorHandling
Scenario Outline: User provides inalid email and invalid email error is displayed                                        # src/test/java/FeatureFiles/UITest/RegisterPage/ErrorHandling.feature:18
[677b5ec6e2b5443b1f14c33f, 677b5ec6e2b5443b1f14c342]
[677b5ec6e2b5443b1f14c33f, 677b5ec6e2b5443b1f14c342]
[677b5ec6e2b5443b1f14c33f, 677b5ec6e2b5443b1f14c342]
[677b5ec6e2b5443b1f14c33f, 677b5ec6e2b5443b1f14c342]
  Given I landed on ECommerece page products page # StepDefinitions.UITest.ProductsPage.FunctionalityStepDefImpl.i_landed_on_e_commerece_page_products_page()
]]></system-out>
    <system-err><![CDATA[Jan 06, 2025 10:10:42 AM org.openqa.selenium.remote.http.WebSocket$Listener onError
WARNING: Connection reset
java.net.SocketException: Connection reset
	at java.base/sun.nio.ch.SocketChannelImpl.throwConnectionReset(SocketChannelImpl.java:401)
	at java.base/sun.nio.ch.SocketChannelImpl.read(SocketChannelImpl.java:434)
	at java.net.http/jdk.internal.net.http.SocketTube.readAvailable(SocketTube.java:1178)
	at java.net.http/jdk.internal.net.http.SocketTube$InternalReadPublisher$InternalReadSubscription.read(SocketTube.java:841)
	at java.net.http/jdk.internal.net.http.SocketTube$SocketFlowTask.run(SocketTube.java:181)
	at java.net.http/jdk.internal.net.http.common.SequentialScheduler$SchedulableTask.run(SequentialScheduler.java:207)
	at java.net.http/jdk.internal.net.http.common.SequentialScheduler.runOrSchedule(SequentialScheduler.java:280)
	at java.net.http/jdk.internal.net.http.common.SequentialScheduler.runOrSchedule(SequentialScheduler.java:233)
	at java.net.http/jdk.internal.net.http.SocketTube$InternalReadPublisher$InternalReadSubscription.signalReadable(SocketTube.java:782)
	at java.net.http/jdk.internal.net.http.SocketTube$InternalReadPublisher$ReadEvent.signalEvent(SocketTube.java:965)
	at java.net.http/jdk.internal.net.http.SocketTube$SocketFlowEvent.handle(SocketTube.java:253)
	at java.net.http/jdk.internal.net.http.HttpClientImpl$SelectorManager.handleEvent(HttpClientImpl.java:1469)
	at java.net.http/jdk.internal.net.http.HttpClientImpl$SelectorManager.lambda$run$3(HttpClientImpl.java:1414)
	at java.base/java.util.ArrayList.forEach(ArrayList.java:1596)
	at java.net.http/jdk.internal.net.http.HttpClientImpl$SelectorManager.run(HttpClientImpl.java:1414)

]]></system-err>
  </testcase>
  <testcase name="runScenario[&quot;Orders are displayed&quot;, &quot;Order confirmation Page functionality&quot;](127)" classname="TestNGTestRunner" time="2.126">
    <failure message="no such element: Unable to locate element: {&quot;method&quot;:&quot;css selector&quot;,&quot;selector&quot;:&quot;.totalRow button&quot;}&#10;  (Session info: chrome=130.0.6723.70)&#10;For documentation on this error, please visit: https://www.selenium.dev/documentation/webdriver/troubleshooting/errors#no-such-element-exception&#10;Build info: version: &apos;4.23.0&apos;, revision: &apos;4df0a231af&apos;&#10;System info: os.name: &apos;Windows 11&apos;, os.arch: &apos;amd64&apos;, os.version: &apos;10.0&apos;, java.version: &apos;21.0.5&apos;&#10;Driver info: org.openqa.selenium.chrome.ChromeDriver&#10;Command: [16b9df8327ce28bbc11e9b669b84cee5, findElement {value=.totalRow button, using=css selector}]&#10;Capabilities {acceptInsecureCerts: false, browserName: chrome, browserVersion: 130.0.6723.70, chrome: {chromedriverVersion: 130.0.6723.116 (6ac35f94ae3..., userDataDir: C:\Users\santh\AppData\Loca...}, fedcm:accounts: true, goog:chromeOptions: {debuggerAddress: localhost:55910}, networkConnectionEnabled: false, pageLoadStrategy: normal, platformName: windows, proxy: Proxy(), se:cdp: ws://localhost:55910/devtoo..., se:cdpVersion: 130.0.6723.70, setWindowRect: true, strictFileInteractability: false, timeouts: {implicit: 0, pageLoad: 300000, script: 30000}, unhandledPromptBehavior: dismiss and notify, webauthn:extension:credBlob: true, webauthn:extension:largeBlob: true, webauthn:extension:minPinLength: true, webauthn:extension:prf: true, webauthn:virtualAuthenticators: true}&#10;Session ID: 16b9df8327ce28bbc11e9b669b84cee5" type="org.openqa.selenium.NoSuchElementException"><![CDATA[org.openqa.selenium.NoSuchElementException: 
no such element: Unable to locate element: {"method":"css selector","selector":".totalRow button"}
  (Session info: chrome=130.0.6723.70)
For documentation on this error, please visit: https://www.selenium.dev/documentation/webdriver/troubleshooting/errors#no-such-element-exception
Build info: version: '4.23.0', revision: '4df0a231af'
System info: os.name: 'Windows 11', os.arch: 'amd64', os.version: '10.0', java.version: '21.0.5'
Driver info: org.openqa.selenium.chrome.ChromeDriver
Command: [16b9df8327ce28bbc11e9b669b84cee5, findElement {value=.totalRow button, using=css selector}]
Capabilities {acceptInsecureCerts: false, browserName: chrome, browserVersion: 130.0.6723.70, chrome: {chromedriverVersion: 130.0.6723.116 (6ac35f94ae3..., userDataDir: C:\Users\santh\AppData\Loca...}, fedcm:accounts: true, goog:chromeOptions: {debuggerAddress: localhost:55910}, networkConnectionEnabled: false, pageLoadStrategy: normal, platformName: windows, proxy: Proxy(), se:cdp: ws://localhost:55910/devtoo..., se:cdpVersion: 130.0.6723.70, setWindowRect: true, strictFileInteractability: false, timeouts: {implicit: 0, pageLoad: 300000, script: 30000}, unhandledPromptBehavior: dismiss and notify, webauthn:extension:credBlob: true, webauthn:extension:largeBlob: true, webauthn:extension:minPinLength: true, webauthn:extension:prf: true, webauthn:virtualAuthenticators: true}
Session ID: 16b9df8327ce28bbc11e9b669b84cee5
	at java.base/jdk.internal.reflect.DirectConstructorHandleAccessor.newInstance(DirectConstructorHandleAccessor.java:62)
	at java.base/java.lang.reflect.Constructor.newInstanceWithCaller(Constructor.java:502)
	at java.base/java.lang.reflect.Constructor.newInstance(Constructor.java:486)
	at org.openqa.selenium.remote.ErrorCodec.decode(ErrorCodec.java:167)
	at org.openqa.selenium.remote.codec.w3c.W3CHttpResponseCodec.decode(W3CHttpResponseCodec.java:138)
	at org.openqa.selenium.remote.codec.w3c.W3CHttpResponseCodec.decode(W3CHttpResponseCodec.java:50)
	at org.openqa.selenium.remote.HttpCommandExecutor.execute(HttpCommandExecutor.java:190)
	at org.openqa.selenium.remote.service.DriverCommandExecutor.invokeExecute(DriverCommandExecutor.java:216)
	at org.openqa.selenium.remote.service.DriverCommandExecutor.execute(DriverCommandExecutor.java:174)
	at org.openqa.selenium.remote.RemoteWebDriver.execute(RemoteWebDriver.java:527)
	at org.openqa.selenium.remote.ElementLocation$ElementFinder$2.findElement(ElementLocation.java:165)
	at org.openqa.selenium.remote.ElementLocation.findElement(ElementLocation.java:59)
	at org.openqa.selenium.remote.RemoteWebDriver.findElement(RemoteWebDriver.java:357)
	at org.openqa.selenium.remote.RemoteWebDriver.findElement(RemoteWebDriver.java:351)
	at org.openqa.selenium.support.pagefactory.DefaultElementLocator.findElement(DefaultElementLocator.java:68)
	at org.openqa.selenium.support.pagefactory.internal.LocatingElementHandler.invoke(LocatingElementHandler.java:38)
	at jdk.proxy2/jdk.proxy2.$Proxy27.getWrappedElement(Unknown Source)
	at org.openqa.selenium.remote.WebElementToJsonConverter.apply(WebElementToJsonConverter.java:48)
	at java.base/java.util.stream.ReferencePipeline$3$1.accept(ReferencePipeline.java:197)
	at java.base/java.util.Spliterators$ArraySpliterator.forEachRemaining(Spliterators.java:1024)
	at java.base/java.util.stream.AbstractPipeline.copyInto(AbstractPipeline.java:509)
	at java.base/java.util.stream.AbstractPipeline.wrapAndCopyInto(AbstractPipeline.java:499)
	at java.base/java.util.stream.ReduceOps$ReduceOp.evaluateSequential(ReduceOps.java:921)
	at java.base/java.util.stream.AbstractPipeline.evaluate(AbstractPipeline.java:234)
	at java.base/java.util.stream.ReferencePipeline.collect(ReferencePipeline.java:682)
	at org.openqa.selenium.remote.RemoteWebDriver.executeScript(RemoteWebDriver.java:463)
	at PageObjects.CartPage.checkout(CartPage.java:72)
	at StepDefinitions.UITest.OrdersPage.FunctionalityStepDefImpl.userLandedOnECommerecePageOrdersPage(FunctionalityStepDefImpl.java:69)
	at ✽.User landed on ECommerece page orders page(file:///C:/Users/santh/Desktop/Ecommerce%20Automation/Selenium/EcommercePractise/src/test/java/FeatureFiles/UITest/OrdersPage/Functionality.feature:52)
]]></failure>
    <system-out><![CDATA[  Given User landed on ECommerece page orders page # StepDefinitions.UITest.OrdersPage.FunctionalityStepDefImpl.userLandedOnECommerecePageOrdersPage()
      org.openqa.selenium.NoSuchElementException: no such element: Unable to locate element: {"method":"css selector","selector":".totalRow button"}
  (Session info: chrome=130.0.6723.70)
For documentation on this error, please visit: https://www.selenium.dev/documentation/webdriver/troubleshooting/errors#no-such-element-exception
Build info: version: '4.23.0', revision: '4df0a231af'
System info: os.name: 'Windows 11', os.arch: 'amd64', os.version: '10.0', java.version: '21.0.5'
Driver info: org.openqa.selenium.chrome.ChromeDriver
Command: [16b9df8327ce28bbc11e9b669b84cee5, findElement {value=.totalRow button, using=css selector}]
Capabilities {acceptInsecureCerts: false, browserName: chrome, browserVersion: 130.0.6723.70, chrome: {chromedriverVersion: 130.0.6723.116 (6ac35f94ae3..., userDataDir: C:\Users\santh\AppData\Loca...}, fedcm:accounts: true, goog:chromeOptions: {debuggerAddress: localhost:55910}, networkConnectionEnabled: false, pageLoadStrategy: normal, platformName: windows, proxy: Proxy(), se:cdp: ws://localhost:55910/devtoo..., se:cdpVersion: 130.0.6723.70, setWindowRect: true, strictFileInteractability: false, timeouts: {implicit: 0, pageLoad: 300000, script: 30000}, unhandledPromptBehavior: dismiss and notify, webauthn:extension:credBlob: true, webauthn:extension:largeBlob: true, webauthn:extension:minPinLength: true, webauthn:extension:prf: true, webauthn:virtualAuthenticators: true}
Session ID: 16b9df8327ce28bbc11e9b669b84cee5
	at java.base/jdk.internal.reflect.DirectConstructorHandleAccessor.newInstance(DirectConstructorHandleAccessor.java:62)
	at java.base/java.lang.reflect.Constructor.newInstanceWithCaller(Constructor.java:502)
	at java.base/java.lang.reflect.Constructor.newInstance(Constructor.java:486)
	at org.openqa.selenium.remote.ErrorCodec.decode(ErrorCodec.java:167)
	at org.openqa.selenium.remote.codec.w3c.W3CHttpResponseCodec.decode(W3CHttpResponseCodec.java:138)
	at org.openqa.selenium.remote.codec.w3c.W3CHttpResponseCodec.decode(W3CHttpResponseCodec.java:50)
	at org.openqa.selenium.remote.HttpCommandExecutor.execute(HttpCommandExecutor.java:190)
	at org.openqa.selenium.remote.service.DriverCommandExecutor.invokeExecute(DriverCommandExecutor.java:216)
	at org.openqa.selenium.remote.service.DriverCommandExecutor.execute(DriverCommandExecutor.java:174)
	at org.openqa.selenium.remote.RemoteWebDriver.execute(RemoteWebDriver.java:527)
	at org.openqa.selenium.remote.ElementLocation$ElementFinder$2.findElement(ElementLocation.java:165)
	at org.openqa.selenium.remote.ElementLocation.findElement(ElementLocation.java:59)
	at org.openqa.selenium.remote.RemoteWebDriver.findElement(RemoteWebDriver.java:357)
	at org.openqa.selenium.remote.RemoteWebDriver.findElement(RemoteWebDriver.java:351)
	at org.openqa.selenium.support.pagefactory.DefaultElementLocator.findElement(DefaultElementLocator.java:68)
	at org.openqa.selenium.support.pagefactory.internal.LocatingElementHandler.invoke(LocatingElementHandler.java:38)
	at jdk.proxy2/jdk.proxy2.$Proxy27.getWrappedElement(Unknown Source)
	at org.openqa.selenium.remote.WebElementToJsonConverter.apply(WebElementToJsonConverter.java:48)
	at java.base/java.util.stream.ReferencePipeline$3$1.accept(ReferencePipeline.java:197)
	at java.base/java.util.Spliterators$ArraySpliterator.forEachRemaining(Spliterators.java:1024)
	at java.base/java.util.stream.AbstractPipeline.copyInto(AbstractPipeline.java:509)
	at java.base/java.util.stream.AbstractPipeline.wrapAndCopyInto(AbstractPipeline.java:499)
	at java.base/java.util.stream.ReduceOps$ReduceOp.evaluateSequential(ReduceOps.java:921)
	at java.base/java.util.stream.AbstractPipeline.evaluate(AbstractPipeline.java:234)
	at java.base/java.util.stream.ReferencePipeline.collect(ReferencePipeline.java:682)
	at org.openqa.selenium.remote.RemoteWebDriver.executeScript(RemoteWebDriver.java:463)
	at PageObjects.CartPage.checkout(CartPage.java:72)
	at StepDefinitions.UITest.OrdersPage.FunctionalityStepDefImpl.userLandedOnECommerecePageOrdersPage(FunctionalityStepDefImpl.java:69)
	at ✽.User landed on ECommerece page orders page(file:///C:/Users/santh/Desktop/Ecommerce%20Automation/Selenium/EcommercePractise/src/test/java/FeatureFiles/UITest/OrdersPage/Functionality.feature:52)

[677b5ec6e2b5443b1f14c33f, 677b5ec6e2b5443b1f14c342]
  Then Orders are displayed                        # StepDefinitions.UITest.OrdersPage.FunctionalityStepDefImpl.ordersAreDisplayed()
  Given I landed on ECommerece page products page # StepDefinitions.UITest.ProductsPage.FunctionalityStepDefImpl.i_landed_on_e_commerece_page_products_page()

@ErrorHandling
Scenario Outline: User provides mismatch password and password mismatch error is displayed                                                   # src/test/java/FeatureFiles/UITest/RegisterPage/ErrorHandling.feature:28
[677b5ec6e2b5443b1f14c33f, 677b5ec6e2b5443b1f14c342]
[677b5ec6e2b5443b1f14c33f, 677b5ec6e2b5443b1f14c342]
  Given User landed on ECommerece page orders page # StepDefinitions.UITest.OrdersPage.FunctionalityStepDefImpl.userLandedOnECommerecePageOrdersPage()
      org.openqa.selenium.NoSuchElementException: no such element: Unable to locate element: {"method":"css selector","selector":".totalRow button"}
  (Session info: chrome=130.0.6723.70)
For documentation on this error, please visit: https://www.selenium.dev/documentation/webdriver/troubleshooting/errors#no-such-element-exception
Build info: version: '4.23.0', revision: '4df0a231af'
System info: os.name: 'Windows 11', os.arch: 'amd64', os.version: '10.0', java.version: '21.0.5'
Driver info: org.openqa.selenium.chrome.ChromeDriver
Command: [4162874d2b341caee5e61cc9bd5ab8c6, findElement {value=.totalRow button, using=css selector}]
Capabilities {acceptInsecureCerts: false, browserName: chrome, browserVersion: 130.0.6723.70, chrome: {chromedriverVersion: 130.0.6723.116 (6ac35f94ae3..., userDataDir: C:\Users\santh\AppData\Loca...}, fedcm:accounts: true, goog:chromeOptions: {debuggerAddress: localhost:55920}, networkConnectionEnabled: false, pageLoadStrategy: normal, platformName: windows, proxy: Proxy(), se:cdp: ws://localhost:55920/devtoo..., se:cdpVersion: 130.0.6723.70, setWindowRect: true, strictFileInteractability: false, timeouts: {implicit: 0, pageLoad: 300000, script: 30000}, unhandledPromptBehavior: dismiss and notify, webauthn:extension:credBlob: true, webauthn:extension:largeBlob: true, webauthn:extension:minPinLength: true, webauthn:extension:prf: true, webauthn:virtualAuthenticators: true}
Session ID: 4162874d2b341caee5e61cc9bd5ab8c6
	at java.base/jdk.internal.reflect.DirectConstructorHandleAccessor.newInstance(DirectConstructorHandleAccessor.java:62)
	at java.base/java.lang.reflect.Constructor.newInstanceWithCaller(Constructor.java:502)
	at java.base/java.lang.reflect.Constructor.newInstance(Constructor.java:486)
	at org.openqa.selenium.remote.ErrorCodec.decode(ErrorCodec.java:167)
	at org.openqa.selenium.remote.codec.w3c.W3CHttpResponseCodec.decode(W3CHttpResponseCodec.java:138)
	at org.openqa.selenium.remote.codec.w3c.W3CHttpResponseCodec.decode(W3CHttpResponseCodec.java:50)
	at org.openqa.selenium.remote.HttpCommandExecutor.execute(HttpCommandExecutor.java:190)
	at org.openqa.selenium.remote.service.DriverCommandExecutor.invokeExecute(DriverCommandExecutor.java:216)
	at org.openqa.selenium.remote.service.DriverCommandExecutor.execute(DriverCommandExecutor.java:174)
	at org.openqa.selenium.remote.RemoteWebDriver.execute(RemoteWebDriver.java:527)
	at org.openqa.selenium.remote.ElementLocation$ElementFinder$2.findElement(ElementLocation.java:165)
	at org.openqa.selenium.remote.ElementLocation.findElement(ElementLocation.java:59)
	at org.openqa.selenium.remote.RemoteWebDriver.findElement(RemoteWebDriver.java:357)
	at org.openqa.selenium.remote.RemoteWebDriver.findElement(RemoteWebDriver.java:351)
	at org.openqa.selenium.support.pagefactory.DefaultElementLocator.findElement(DefaultElementLocator.java:68)
	at org.openqa.selenium.support.pagefactory.internal.LocatingElementHandler.invoke(LocatingElementHandler.java:38)
	at jdk.proxy2/jdk.proxy2.$Proxy27.getWrappedElement(Unknown Source)
	at org.openqa.selenium.remote.WebElementToJsonConverter.apply(WebElementToJsonConverter.java:48)
	at java.base/java.util.stream.ReferencePipeline$3$1.accept(ReferencePipeline.java:197)
	at java.base/java.util.Spliterators$ArraySpliterator.forEachRemaining(Spliterators.java:1024)
	at java.base/java.util.stream.AbstractPipeline.copyInto(AbstractPipeline.java:509)
	at java.base/java.util.stream.AbstractPipeline.wrapAndCopyInto(AbstractPipeline.java:499)
	at java.base/java.util.stream.ReduceOps$ReduceOp.evaluateSequential(ReduceOps.java:921)
	at java.base/java.util.stream.AbstractPipeline.evaluate(AbstractPipeline.java:234)
	at java.base/java.util.stream.ReferencePipeline.collect(ReferencePipeline.java:682)
	at org.openqa.selenium.remote.RemoteWebDriver.executeScript(RemoteWebDriver.java:463)
	at PageObjects.CartPage.checkout(CartPage.java:72)
	at StepDefinitions.UITest.OrdersPage.FunctionalityStepDefImpl.userLandedOnECommerecePageOrdersPage(FunctionalityStepDefImpl.java:69)
	at ✽.User landed on ECommerece page orders page(file:///C:/Users/santh/Desktop/Ecommerce%20Automation/Selenium/EcommercePractise/src/test/java/FeatureFiles/UITest/OrdersPage/Functionality.feature:57)

  When User clicks on delete button                # StepDefinitions.UITest.OrdersPage.FunctionalityStepDefImpl.userClicksOnDeleteButton()
[677b5ec6e2b5443b1f14c33f, 677b5ec6e2b5443b1f14c342]
[677b5ec6e2b5443b1f14c33f, 677b5ec6e2b5443b1f14c342]
[677b5ec6e2b5443b1f14c33f, 677b5ec6e2b5443b1f14c342]
  When User clicks on view button                  # StepDefinitions.UITest.OrdersPage.FunctionalityStepDefImpl.userClicksOnViewButton()
  Given I landed on ECommerece page products page # StepDefinitions.UITest.ProductsPage.FunctionalityStepDefImpl.i_landed_on_e_commerece_page_products_page()
ADIDAS ORIGINAL
  When User searches for a product                # StepDefinitions.UITest.ProductsPage.FunctionalityStepDefImpl.user_searches_for_a_product()
]]></system-out>
    <system-err><![CDATA[Jan 06, 2025 10:10:44 AM org.openqa.selenium.devtools.CdpVersionFinder findNearestMatch
WARNING: Unable to find an exact match for CDP version 130, returning the closest version; found: 127; Please update to a Selenium version that supports CDP version 130
Jan 06, 2025 10:10:44 AM org.openqa.selenium.remote.http.WebSocket$Listener onError
WARNING: Connection reset
java.net.SocketException: Connection reset
	at java.base/sun.nio.ch.SocketChannelImpl.throwConnectionReset(SocketChannelImpl.java:401)
	at java.base/sun.nio.ch.SocketChannelImpl.read(SocketChannelImpl.java:434)
	at java.net.http/jdk.internal.net.http.SocketTube.readAvailable(SocketTube.java:1178)
	at java.net.http/jdk.internal.net.http.SocketTube$InternalReadPublisher$InternalReadSubscription.read(SocketTube.java:841)
	at java.net.http/jdk.internal.net.http.SocketTube$SocketFlowTask.run(SocketTube.java:181)
	at java.net.http/jdk.internal.net.http.common.SequentialScheduler$SchedulableTask.run(SequentialScheduler.java:207)
	at java.net.http/jdk.internal.net.http.common.SequentialScheduler.runOrSchedule(SequentialScheduler.java:280)
	at java.net.http/jdk.internal.net.http.common.SequentialScheduler.runOrSchedule(SequentialScheduler.java:233)
	at java.net.http/jdk.internal.net.http.SocketTube$InternalReadPublisher$InternalReadSubscription.signalReadable(SocketTube.java:782)
	at java.net.http/jdk.internal.net.http.SocketTube$InternalReadPublisher$ReadEvent.signalEvent(SocketTube.java:965)
	at java.net.http/jdk.internal.net.http.SocketTube$SocketFlowEvent.handle(SocketTube.java:253)
	at java.net.http/jdk.internal.net.http.HttpClientImpl$SelectorManager.handleEvent(HttpClientImpl.java:1469)
	at java.net.http/jdk.internal.net.http.HttpClientImpl$SelectorManager.lambda$run$3(HttpClientImpl.java:1414)
	at java.base/java.util.ArrayList.forEach(ArrayList.java:1596)
	at java.net.http/jdk.internal.net.http.HttpClientImpl$SelectorManager.run(HttpClientImpl.java:1414)

]]></system-err>
  </testcase>
  <testcase name="runScenario[&quot;Delete order&quot;, &quot;Order confirmation Page functionality&quot;](128)" classname="TestNGTestRunner" time="0.24">
    <failure message="no such element: Unable to locate element: {&quot;method&quot;:&quot;css selector&quot;,&quot;selector&quot;:&quot;.totalRow button&quot;}&#10;  (Session info: chrome=130.0.6723.70)&#10;For documentation on this error, please visit: https://www.selenium.dev/documentation/webdriver/troubleshooting/errors#no-such-element-exception&#10;Build info: version: &apos;4.23.0&apos;, revision: &apos;4df0a231af&apos;&#10;System info: os.name: &apos;Windows 11&apos;, os.arch: &apos;amd64&apos;, os.version: &apos;10.0&apos;, java.version: &apos;21.0.5&apos;&#10;Driver info: org.openqa.selenium.chrome.ChromeDriver&#10;Command: [4162874d2b341caee5e61cc9bd5ab8c6, findElement {value=.totalRow button, using=css selector}]&#10;Capabilities {acceptInsecureCerts: false, browserName: chrome, browserVersion: 130.0.6723.70, chrome: {chromedriverVersion: 130.0.6723.116 (6ac35f94ae3..., userDataDir: C:\Users\santh\AppData\Loca...}, fedcm:accounts: true, goog:chromeOptions: {debuggerAddress: localhost:55920}, networkConnectionEnabled: false, pageLoadStrategy: normal, platformName: windows, proxy: Proxy(), se:cdp: ws://localhost:55920/devtoo..., se:cdpVersion: 130.0.6723.70, setWindowRect: true, strictFileInteractability: false, timeouts: {implicit: 0, pageLoad: 300000, script: 30000}, unhandledPromptBehavior: dismiss and notify, webauthn:extension:credBlob: true, webauthn:extension:largeBlob: true, webauthn:extension:minPinLength: true, webauthn:extension:prf: true, webauthn:virtualAuthenticators: true}&#10;Session ID: 4162874d2b341caee5e61cc9bd5ab8c6" type="org.openqa.selenium.NoSuchElementException"><![CDATA[org.openqa.selenium.NoSuchElementException: 
no such element: Unable to locate element: {"method":"css selector","selector":".totalRow button"}
  (Session info: chrome=130.0.6723.70)
For documentation on this error, please visit: https://www.selenium.dev/documentation/webdriver/troubleshooting/errors#no-such-element-exception
Build info: version: '4.23.0', revision: '4df0a231af'
System info: os.name: 'Windows 11', os.arch: 'amd64', os.version: '10.0', java.version: '21.0.5'
Driver info: org.openqa.selenium.chrome.ChromeDriver
Command: [4162874d2b341caee5e61cc9bd5ab8c6, findElement {value=.totalRow button, using=css selector}]
Capabilities {acceptInsecureCerts: false, browserName: chrome, browserVersion: 130.0.6723.70, chrome: {chromedriverVersion: 130.0.6723.116 (6ac35f94ae3..., userDataDir: C:\Users\santh\AppData\Loca...}, fedcm:accounts: true, goog:chromeOptions: {debuggerAddress: localhost:55920}, networkConnectionEnabled: false, pageLoadStrategy: normal, platformName: windows, proxy: Proxy(), se:cdp: ws://localhost:55920/devtoo..., se:cdpVersion: 130.0.6723.70, setWindowRect: true, strictFileInteractability: false, timeouts: {implicit: 0, pageLoad: 300000, script: 30000}, unhandledPromptBehavior: dismiss and notify, webauthn:extension:credBlob: true, webauthn:extension:largeBlob: true, webauthn:extension:minPinLength: true, webauthn:extension:prf: true, webauthn:virtualAuthenticators: true}
Session ID: 4162874d2b341caee5e61cc9bd5ab8c6
	at java.base/jdk.internal.reflect.DirectConstructorHandleAccessor.newInstance(DirectConstructorHandleAccessor.java:62)
	at java.base/java.lang.reflect.Constructor.newInstanceWithCaller(Constructor.java:502)
	at java.base/java.lang.reflect.Constructor.newInstance(Constructor.java:486)
	at org.openqa.selenium.remote.ErrorCodec.decode(ErrorCodec.java:167)
	at org.openqa.selenium.remote.codec.w3c.W3CHttpResponseCodec.decode(W3CHttpResponseCodec.java:138)
	at org.openqa.selenium.remote.codec.w3c.W3CHttpResponseCodec.decode(W3CHttpResponseCodec.java:50)
	at org.openqa.selenium.remote.HttpCommandExecutor.execute(HttpCommandExecutor.java:190)
	at org.openqa.selenium.remote.service.DriverCommandExecutor.invokeExecute(DriverCommandExecutor.java:216)
	at org.openqa.selenium.remote.service.DriverCommandExecutor.execute(DriverCommandExecutor.java:174)
	at org.openqa.selenium.remote.RemoteWebDriver.execute(RemoteWebDriver.java:527)
	at org.openqa.selenium.remote.ElementLocation$ElementFinder$2.findElement(ElementLocation.java:165)
	at org.openqa.selenium.remote.ElementLocation.findElement(ElementLocation.java:59)
	at org.openqa.selenium.remote.RemoteWebDriver.findElement(RemoteWebDriver.java:357)
	at org.openqa.selenium.remote.RemoteWebDriver.findElement(RemoteWebDriver.java:351)
	at org.openqa.selenium.support.pagefactory.DefaultElementLocator.findElement(DefaultElementLocator.java:68)
	at org.openqa.selenium.support.pagefactory.internal.LocatingElementHandler.invoke(LocatingElementHandler.java:38)
	at jdk.proxy2/jdk.proxy2.$Proxy27.getWrappedElement(Unknown Source)
	at org.openqa.selenium.remote.WebElementToJsonConverter.apply(WebElementToJsonConverter.java:48)
	at java.base/java.util.stream.ReferencePipeline$3$1.accept(ReferencePipeline.java:197)
	at java.base/java.util.Spliterators$ArraySpliterator.forEachRemaining(Spliterators.java:1024)
	at java.base/java.util.stream.AbstractPipeline.copyInto(AbstractPipeline.java:509)
	at java.base/java.util.stream.AbstractPipeline.wrapAndCopyInto(AbstractPipeline.java:499)
	at java.base/java.util.stream.ReduceOps$ReduceOp.evaluateSequential(ReduceOps.java:921)
	at java.base/java.util.stream.AbstractPipeline.evaluate(AbstractPipeline.java:234)
	at java.base/java.util.stream.ReferencePipeline.collect(ReferencePipeline.java:682)
	at org.openqa.selenium.remote.RemoteWebDriver.executeScript(RemoteWebDriver.java:463)
	at PageObjects.CartPage.checkout(CartPage.java:72)
	at StepDefinitions.UITest.OrdersPage.FunctionalityStepDefImpl.userLandedOnECommerecePageOrdersPage(FunctionalityStepDefImpl.java:69)
	at ✽.User landed on ECommerece page orders page(file:///C:/Users/santh/Desktop/Ecommerce%20Automation/Selenium/EcommercePractise/src/test/java/FeatureFiles/UITest/OrdersPage/Functionality.feature:57)
]]></failure>
    <system-out><![CDATA[
@ErrorHandling
Scenario Outline: User provides mobile number with chars and mobile error is displayed                                                        # src/test/java/FeatureFiles/UITest/RegisterPage/ErrorHandling.feature:38
{"productName":"","minPrice":30000,"maxPrice":50000,"productCategory":[],"productSubCategory":[],"productFor":[]}

  When User filters using min max price           # StepDefinitions.UITest.ProductsPage.FunctionalityStepDefImpl.user_filters_using_min_max_price()
]]></system-out>
    <system-err><![CDATA[Jan 06, 2025 10:10:44 AM org.openqa.selenium.remote.http.WebSocket$Listener onError
WARNING: Connection reset
java.net.SocketException: Connection reset
	at java.base/sun.nio.ch.SocketChannelImpl.throwConnectionReset(SocketChannelImpl.java:401)
	at java.base/sun.nio.ch.SocketChannelImpl.read(SocketChannelImpl.java:434)
	at java.net.http/jdk.internal.net.http.SocketTube.readAvailable(SocketTube.java:1178)
	at java.net.http/jdk.internal.net.http.SocketTube$InternalReadPublisher$InternalReadSubscription.read(SocketTube.java:841)
	at java.net.http/jdk.internal.net.http.SocketTube$SocketFlowTask.run(SocketTube.java:181)
	at java.net.http/jdk.internal.net.http.common.SequentialScheduler$SchedulableTask.run(SequentialScheduler.java:207)
	at java.net.http/jdk.internal.net.http.common.SequentialScheduler.runOrSchedule(SequentialScheduler.java:280)
	at java.net.http/jdk.internal.net.http.common.SequentialScheduler.runOrSchedule(SequentialScheduler.java:233)
	at java.net.http/jdk.internal.net.http.SocketTube$InternalReadPublisher$InternalReadSubscription.signalReadable(SocketTube.java:782)
	at java.net.http/jdk.internal.net.http.SocketTube$InternalReadPublisher$ReadEvent.signalEvent(SocketTube.java:965)
	at java.net.http/jdk.internal.net.http.SocketTube$SocketFlowEvent.handle(SocketTube.java:253)
	at java.net.http/jdk.internal.net.http.HttpClientImpl$SelectorManager.handleEvent(HttpClientImpl.java:1469)
	at java.net.http/jdk.internal.net.http.HttpClientImpl$SelectorManager.lambda$run$3(HttpClientImpl.java:1414)
	at java.base/java.util.ArrayList.forEach(ArrayList.java:1596)
	at java.net.http/jdk.internal.net.http.HttpClientImpl$SelectorManager.run(HttpClientImpl.java:1414)

]]></system-err>
  </testcase>
  <testcase name="runScenario[&quot;View order&quot;, &quot;Order confirmation Page functionality&quot;](129)" classname="TestNGTestRunner" time="0.359">
    <system-out><![CDATA[
@ErrorHandling
Scenario Outline: User provides mobile number with less than 10 digits and mobile error is displayed                                         # src/test/java/FeatureFiles/UITest/RegisterPage/ErrorHandling.feature:48
]]></system-out>
    <system-err><![CDATA[Jan 06, 2025 10:10:45 AM org.openqa.selenium.remote.http.WebSocket$Listener onError
WARNING: Connection reset
java.net.SocketException: Connection reset
	at java.base/sun.nio.ch.SocketChannelImpl.throwConnectionReset(SocketChannelImpl.java:401)
	at java.base/sun.nio.ch.SocketChannelImpl.read(SocketChannelImpl.java:434)
	at java.net.http/jdk.internal.net.http.SocketTube.readAvailable(SocketTube.java:1178)
	at java.net.http/jdk.internal.net.http.SocketTube$InternalReadPublisher$InternalReadSubscription.read(SocketTube.java:841)
	at java.net.http/jdk.internal.net.http.SocketTube$SocketFlowTask.run(SocketTube.java:181)
	at java.net.http/jdk.internal.net.http.common.SequentialScheduler$SchedulableTask.run(SequentialScheduler.java:207)
	at java.net.http/jdk.internal.net.http.common.SequentialScheduler.runOrSchedule(SequentialScheduler.java:280)
	at java.net.http/jdk.internal.net.http.common.SequentialScheduler.runOrSchedule(SequentialScheduler.java:233)
	at java.net.http/jdk.internal.net.http.SocketTube$InternalReadPublisher$InternalReadSubscription.signalReadable(SocketTube.java:782)
	at java.net.http/jdk.internal.net.http.SocketTube$InternalReadPublisher$ReadEvent.signalEvent(SocketTube.java:965)
	at java.net.http/jdk.internal.net.http.SocketTube$SocketFlowEvent.handle(SocketTube.java:253)
	at java.net.http/jdk.internal.net.http.HttpClientImpl$SelectorManager.handleEvent(HttpClientImpl.java:1469)
	at java.net.http/jdk.internal.net.http.HttpClientImpl$SelectorManager.lambda$run$3(HttpClientImpl.java:1414)
	at java.base/java.util.ArrayList.forEach(ArrayList.java:1596)
	at java.net.http/jdk.internal.net.http.HttpClientImpl$SelectorManager.run(HttpClientImpl.java:1414)

]]></system-err>
  </testcase>
  <testcase name="runScenario[&quot;Search filter&quot;, &quot;Products page functionality&quot;](130)" classname="TestNGTestRunner" time="1.482">
    <system-out><![CDATA[
@ErrorHandling
Scenario Outline: User provides registered email and registerd user is displayed                                                              # src/test/java/FeatureFiles/UITest/RegisterPage/ErrorHandling.feature:58
  When User filters using categories              # StepDefinitions.UITest.ProductsPage.FunctionalityStepDefImpl.user_filters_using_categories()
{"productName":"","minPrice":null,"maxPrice":null,"productCategory":["fashion"],"productSubCategory":[],"productFor":[]}
{"productFor":"women","productStatus":true,"productTotalOrders":"0","productName":"qwerty","productCategory":"fashion","productImage":"https://rahulshettyacademy.com/api/ecom/uploads/productImage_1728132684377.jpg","productSubCategory":"shirts","__v":0,"_id":"6701364cae2afd4c0b90113c","productRating":"0","productPrice":11500,"productDescription":"Addias Originals","productAddedBy":"admin@gmail.com"}
]]></system-out>
    <system-err><![CDATA[Jan 06, 2025 10:10:45 AM org.openqa.selenium.devtools.CdpVersionFinder findNearestMatch
WARNING: Unable to find an exact match for CDP version 130, returning the closest version; found: 127; Please update to a Selenium version that supports CDP version 130
Jan 06, 2025 10:10:45 AM org.openqa.selenium.devtools.Connection$Listener lambda$onText$0
WARNING: Unable to process: {"method":"Network.responseReceived","params":{"requestId":"60012.37","loaderId":"BED895BB52ED5D37C90FE85908D804DC","timestamp":242608.61425,"type":"Other","response":{"url":"https://rahulshettyacademy.com/api/ecom/product/get-all-products","status":200,"statusText":"OK","headers":{"Content-Encoding":"gzip","ETag":"W/\"1235-pvPjr06Vm3XxDS3ekVPSMc/+rK8\"","Expect-CT":"max-age=0","X-Permitted-Cross-Domain-Policies":"none","X-Content-Type-Options":"nosniff","Keep-Alive":"timeout=5, max=99","Date":"Mon, 06 Jan 2025 04:40:52 GMT","Content-Type":"application/json; charset=utf-8","Vary":"Accept-Encoding","X-Frame-Options":"SAMEORIGIN","Transfer-Encoding":"chunked","Strict-Transport-Security":"max-age=15552000; includeSubDomains","Content-Security-Policy":"default-src 'self';base-uri 'self';block-all-mixed-content;font-src 'self' https: data:;frame-ancestors 'self';img-src 'self' data:;object-src 'none';script-src 'self';script-src-attr 'none';style-src 'self' https: 'unsafe-inline';upgrade-insecure-requests","X-DNS-Prefetch-Control":"off","Connection":"Keep-Alive","Referrer-Policy":"no-referrer","X-Download-Options":"noopen","Access-Control-Allow-Origin":"*","X-XSS-Protection":"0","Server":"Apache/2.4.52 (Ubuntu)"},"mimeType":"application/json","charset":"utf-8","connectionReused":true,"connectionId":93,"remoteIPAddress":"13.201.9.53","remotePort":443,"fromDiskCache":false,"fromServiceWorker":false,"fromPrefetchCache":false,"encodedDataLength":921,"timing":{"requestTime":242607.601314,"proxyStart":-1,"proxyEnd":-1,"dnsStart":-1,"dnsEnd":-1,"connectStart":-1,"connectEnd":-1,"sslStart":-1,"sslEnd":-1,"workerStart":-1,"workerReady":-1,"workerFetchStart":-1,"workerRespondWithSettled":-1,"sendStart":837.079,"sendEnd":837.428,"pushStart":0,"pushEnd":0,"receiveHeadersStart":1011.582,"receiveHeadersEnd":1011.663},"responseTime":1.736138445853334e+12,"protocol":"http/1.1","alternateProtocolUsage":"unspecifiedReason","securityState":"unknown"},"hasExtraInfo":false,"frameId":"CBA2C5FA25D486F7EE6BD219693419AA"},"sessionId":"4021963E0931555DDE8FAE19FB44156A"}
org.openqa.selenium.devtools.DevToolsException: {"id":270,"error":{"code":-32000,"message":"No resource with given identifier found"},"sessionId":"4021963E0931555DDE8FAE19FB44156A"}
Build info: version: '4.23.0', revision: '4df0a231af'
System info: os.name: 'Windows 11', os.arch: 'amd64', os.version: '10.0', java.version: '21.0.5'
Driver info: driver.version: unknown
	at org.openqa.selenium.devtools.Connection.sendAndWait(Connection.java:195)
	at org.openqa.selenium.devtools.DevTools.send(DevTools.java:90)
	at StepDefinitions.UITest.ProductsPage.FunctionalityStepDefImpl.lambda$user_filters_using_min_max_price$7(FunctionalityStepDefImpl.java:362)
	at org.openqa.selenium.devtools.DevTools.lambda$addListener$0(DevTools.java:104)
	at org.openqa.selenium.devtools.Connection.lambda$handle$5(Connection.java:348)
	at java.base/java.util.stream.ForEachOps$ForEachOp$OfRef.accept(ForEachOps.java:184)
	at java.base/java.util.stream.ReferencePipeline$2$1.accept(ReferencePipeline.java:179)
	at java.base/java.util.stream.ReferencePipeline$15$1.accept(ReferencePipeline.java:541)
	at java.base/java.util.HashMap$EntrySpliterator.forEachRemaining(HashMap.java:1858)
	at java.base/java.util.stream.AbstractPipeline.copyInto(AbstractPipeline.java:509)
	at java.base/java.util.stream.AbstractPipeline.wrapAndCopyInto(AbstractPipeline.java:499)
	at java.base/java.util.stream.ForEachOps$ForEachOp.evaluateSequential(ForEachOps.java:151)
	at java.base/java.util.stream.ForEachOps$ForEachOp$OfRef.evaluateSequential(ForEachOps.java:174)
	at java.base/java.util.stream.AbstractPipeline.evaluate(AbstractPipeline.java:234)
	at java.base/java.util.stream.ReferencePipeline.forEach(ReferencePipeline.java:596)
	at org.openqa.selenium.devtools.Connection.handle(Connection.java:311)
	at org.openqa.selenium.devtools.Connection$Listener.lambda$onText$0(Connection.java:239)
	at java.base/java.util.concurrent.ThreadPoolExecutor.runWorker(ThreadPoolExecutor.java:1144)
	at java.base/java.util.concurrent.ThreadPoolExecutor$Worker.run(ThreadPoolExecutor.java:642)
	at java.base/java.lang.Thread.run(Thread.java:1583)
Caused by: org.openqa.selenium.WebDriverException: {"id":270,"error":{"code":-32000,"message":"No resource with given identifier found"},"sessionId":"4021963E0931555DDE8FAE19FB44156A"}
Build info: version: '4.23.0', revision: '4df0a231af'
System info: os.name: 'Windows 11', os.arch: 'amd64', os.version: '10.0', java.version: '21.0.5'
Driver info: driver.version: unknown
	at org.openqa.selenium.devtools.Connection.handle(Connection.java:275)
	... 4 more

Exception in thread "CDP Connection" org.openqa.selenium.devtools.DevToolsException: {"id":270,"error":{"code":-32000,"message":"No resource with given identifier found"},"sessionId":"4021963E0931555DDE8FAE19FB44156A"}
Build info: version: '4.23.0', revision: '4df0a231af'
System info: os.name: 'Windows 11', os.arch: 'amd64', os.version: '10.0', java.version: '21.0.5'
Driver info: driver.version: unknown
	at org.openqa.selenium.devtools.Connection$Listener.lambda$onText$0(Connection.java:242)
	at java.base/java.util.concurrent.ThreadPoolExecutor.runWorker(ThreadPoolExecutor.java:1144)
	at java.base/java.util.concurrent.ThreadPoolExecutor$Worker.run(ThreadPoolExecutor.java:642)
	at java.base/java.lang.Thread.run(Thread.java:1583)
Caused by: org.openqa.selenium.devtools.DevToolsException: {"id":270,"error":{"code":-32000,"message":"No resource with given identifier found"},"sessionId":"4021963E0931555DDE8FAE19FB44156A"}
Build info: version: '4.23.0', revision: '4df0a231af'
System info: os.name: 'Windows 11', os.arch: 'amd64', os.version: '10.0', java.version: '21.0.5'
Driver info: driver.version: unknown
	at org.openqa.selenium.devtools.Connection.sendAndWait(Connection.java:195)
	at org.openqa.selenium.devtools.DevTools.send(DevTools.java:90)
	at StepDefinitions.UITest.ProductsPage.FunctionalityStepDefImpl.lambda$user_filters_using_min_max_price$7(FunctionalityStepDefImpl.java:362)
	at org.openqa.selenium.devtools.DevTools.lambda$addListener$0(DevTools.java:104)
	at org.openqa.selenium.devtools.Connection.lambda$handle$5(Connection.java:348)
	at java.base/java.util.stream.ForEachOps$ForEachOp$OfRef.accept(ForEachOps.java:184)
	at java.base/java.util.stream.ReferencePipeline$2$1.accept(ReferencePipeline.java:179)
	at java.base/java.util.stream.ReferencePipeline$15$1.accept(ReferencePipeline.java:541)
	at java.base/java.util.HashMap$EntrySpliterator.forEachRemaining(HashMap.java:1858)
	at java.base/java.util.stream.AbstractPipeline.copyInto(AbstractPipeline.java:509)
	at java.base/java.util.stream.AbstractPipeline.wrapAndCopyInto(AbstractPipeline.java:499)
	at java.base/java.util.stream.ForEachOps$ForEachOp.evaluateSequential(ForEachOps.java:151)
	at java.base/java.util.stream.ForEachOps$ForEachOp$OfRef.evaluateSequential(ForEachOps.java:174)
	at java.base/java.util.stream.AbstractPipeline.evaluate(AbstractPipeline.java:234)
	at java.base/java.util.stream.ReferencePipeline.forEach(ReferencePipeline.java:596)
	at org.openqa.selenium.devtools.Connection.handle(Connection.java:311)
	at org.openqa.selenium.devtools.Connection$Listener.lambda$onText$0(Connection.java:239)
	... 3 more
Caused by: org.openqa.selenium.WebDriverException: {"id":270,"error":{"code":-32000,"message":"No resource with given identifier found"},"sessionId":"4021963E0931555DDE8FAE19FB44156A"}
Build info: version: '4.23.0', revision: '4df0a231af'
System info: os.name: 'Windows 11', os.arch: 'amd64', os.version: '10.0', java.version: '21.0.5'
Driver info: driver.version: unknown
	at org.openqa.selenium.devtools.Connection.handle(Connection.java:275)
	... 4 more
Jan 06, 2025 10:10:46 AM org.openqa.selenium.remote.http.WebSocket$Listener onError
WARNING: Connection reset
java.net.SocketException: Connection reset
	at java.base/sun.nio.ch.SocketChannelImpl.throwConnectionReset(SocketChannelImpl.java:401)
	at java.base/sun.nio.ch.SocketChannelImpl.read(SocketChannelImpl.java:434)
	at java.net.http/jdk.internal.net.http.SocketTube.readAvailable(SocketTube.java:1178)
	at java.net.http/jdk.internal.net.http.SocketTube$InternalReadPublisher$InternalReadSubscription.read(SocketTube.java:841)
	at java.net.http/jdk.internal.net.http.SocketTube$SocketFlowTask.run(SocketTube.java:181)
	at java.net.http/jdk.internal.net.http.common.SequentialScheduler$SchedulableTask.run(SequentialScheduler.java:207)
	at java.net.http/jdk.internal.net.http.common.SequentialScheduler.runOrSchedule(SequentialScheduler.java:280)
	at java.net.http/jdk.internal.net.http.common.SequentialScheduler.runOrSchedule(SequentialScheduler.java:233)
	at java.net.http/jdk.internal.net.http.SocketTube$InternalReadPublisher$InternalReadSubscription.signalReadable(SocketTube.java:782)
	at java.net.http/jdk.internal.net.http.SocketTube$InternalReadPublisher$ReadEvent.signalEvent(SocketTube.java:965)
	at java.net.http/jdk.internal.net.http.SocketTube$SocketFlowEvent.handle(SocketTube.java:253)
	at java.net.http/jdk.internal.net.http.HttpClientImpl$SelectorManager.handleEvent(HttpClientImpl.java:1469)
	at java.net.http/jdk.internal.net.http.HttpClientImpl$SelectorManager.lambda$run$3(HttpClientImpl.java:1414)
	at java.base/java.util.ArrayList.forEach(ArrayList.java:1596)
	at java.net.http/jdk.internal.net.http.HttpClientImpl$SelectorManager.run(HttpClientImpl.java:1414)

]]></system-err>
  </testcase>
  <testcase name="runScenario[&quot;Min max price filter&quot;, &quot;Products page functionality&quot;](131)" classname="TestNGTestRunner" time="0.31">
    <system-out><![CDATA[
@ErrorHandling
Scenario Outline: User provides password length less than 8 and passowrd error is displayed                                       # src/test/java/FeatureFiles/UITest/RegisterPage/ErrorHandling.feature:69
  Given User landed on ECommerece registration page                                                                                                                                          # StepDefinitions.UITest.RegisterPage.ErrorHandlingStepDefImpl.user_landed_on_e_commerece_registration_page()
]]></system-out>
    <system-err><![CDATA[Jan 06, 2025 10:10:46 AM org.openqa.selenium.devtools.CdpVersionFinder findNearestMatch
WARNING: Unable to find an exact match for CDP version 130, returning the closest version; found: 127; Please update to a Selenium version that supports CDP version 130
Jan 06, 2025 10:10:47 AM org.openqa.selenium.remote.http.WebSocket$Listener onError
WARNING: Connection reset
java.net.SocketException: Connection reset
	at java.base/sun.nio.ch.SocketChannelImpl.throwConnectionReset(SocketChannelImpl.java:401)
	at java.base/sun.nio.ch.SocketChannelImpl.read(SocketChannelImpl.java:434)
	at java.net.http/jdk.internal.net.http.SocketTube.readAvailable(SocketTube.java:1178)
	at java.net.http/jdk.internal.net.http.SocketTube$InternalReadPublisher$InternalReadSubscription.read(SocketTube.java:841)
	at java.net.http/jdk.internal.net.http.SocketTube$SocketFlowTask.run(SocketTube.java:181)
	at java.net.http/jdk.internal.net.http.common.SequentialScheduler$SchedulableTask.run(SequentialScheduler.java:207)
	at java.net.http/jdk.internal.net.http.common.SequentialScheduler.runOrSchedule(SequentialScheduler.java:280)
	at java.net.http/jdk.internal.net.http.common.SequentialScheduler.runOrSchedule(SequentialScheduler.java:233)
	at java.net.http/jdk.internal.net.http.SocketTube$InternalReadPublisher$InternalReadSubscription.signalReadable(SocketTube.java:782)
	at java.net.http/jdk.internal.net.http.SocketTube$InternalReadPublisher$ReadEvent.signalEvent(SocketTube.java:965)
	at java.net.http/jdk.internal.net.http.SocketTube$SocketFlowEvent.handle(SocketTube.java:253)
	at java.net.http/jdk.internal.net.http.HttpClientImpl$SelectorManager.handleEvent(HttpClientImpl.java:1469)
	at java.net.http/jdk.internal.net.http.HttpClientImpl$SelectorManager.lambda$run$3(HttpClientImpl.java:1414)
	at java.base/java.util.ArrayList.forEach(ArrayList.java:1596)
	at java.net.http/jdk.internal.net.http.HttpClientImpl$SelectorManager.run(HttpClientImpl.java:1414)

]]></system-err>
  </testcase>
  <testcase name="runScenario[&quot;Categories filter&quot;, &quot;Products page functionality&quot;](132)" classname="TestNGTestRunner" time="1.191">
    <system-out><![CDATA[  When User submits empty registration form                                                                                                                                                  # StepDefinitions.UITest.RegisterPage.ErrorHandlingStepDefImpl.user_submits_empty_registration_form()

@ErrorHandling
Scenario Outline: User provides password length less than 8 and passowrd error is displayed                           # src/test/java/FeatureFiles/UITest/RegisterPage/ErrorHandling.feature:70
  Then "*First Name is required" "*Email is required" "*Phone Number is required" "*Password is required" "Confirm Password is required" "*Please check above checkbox" message is displayed # StepDefinitions.UITest.RegisterPage.ErrorHandlingStepDefImpl.message_is_displayed(java.lang.String,java.lang.String,java.lang.String,java.lang.String,java.lang.String,java.lang.String)
  Given User landed on ECommerece registration page                                                                      # StepDefinitions.UITest.RegisterPage.ErrorHandlingStepDefImpl.user_landed_on_e_commerece_registration_page()
  Given User landed on ECommerece registration page                                                                                          # StepDefinitions.UITest.RegisterPage.ErrorHandlingStepDefImpl.user_landed_on_e_commerece_registration_page()
]]></system-out>
    <system-err><![CDATA[Jan 06, 2025 10:10:47 AM org.openqa.selenium.devtools.CdpVersionFinder findNearestMatch
WARNING: Unable to find an exact match for CDP version 130, returning the closest version; found: 127; Please update to a Selenium version that supports CDP version 130
Jan 06, 2025 10:10:47 AM org.openqa.selenium.devtools.Connection$Listener lambda$onText$0
WARNING: Unable to process: {"method":"Network.responseReceived","params":{"requestId":"63104.37","loaderId":"20F445EE3F088F05A0394FA5843D2C8F","timestamp":242608.314731,"type":"XHR","response":{"url":"https://rahulshettyacademy.com/api/ecom/product/get-all-products","status":200,"statusText":"OK","headers":{"ETag":"W/\"1e1-TUm+HvqAX9TALtoVKR+MOYXKUzY\"","Expect-CT":"max-age=0","X-Permitted-Cross-Domain-Policies":"none","X-Content-Type-Options":"nosniff","Keep-Alive":"timeout=5, max=99","Date":"Mon, 06 Jan 2025 04:40:51 GMT","Content-Type":"application/json; charset=utf-8","Vary":"Accept-Encoding","X-Frame-Options":"SAMEORIGIN","Strict-Transport-Security":"max-age=15552000; includeSubDomains","Content-Security-Policy":"default-src 'self';base-uri 'self';block-all-mixed-content;font-src 'self' https: data:;frame-ancestors 'self';img-src 'self' data:;object-src 'none';script-src 'self';script-src-attr 'none';style-src 'self' https: 'unsafe-inline';upgrade-insecure-requests","X-DNS-Prefetch-Control":"off","Connection":"Keep-Alive","Referrer-Policy":"no-referrer","X-Download-Options":"noopen","Access-Control-Allow-Origin":"*","Content-Length":"481","X-XSS-Protection":"0","Server":"Apache/2.4.52 (Ubuntu)"},"mimeType":"application/json","charset":"utf-8","connectionReused":true,"connectionId":89,"remoteIPAddress":"13.201.9.53","remotePort":443,"fromDiskCache":false,"fromServiceWorker":false,"fromPrefetchCache":false,"encodedDataLength":889,"timing":{"requestTime":242607.469189,"proxyStart":-1,"proxyEnd":-1,"dnsStart":-1,"dnsEnd":-1,"connectStart":-1,"connectEnd":-1,"sslStart":-1,"sslEnd":-1,"workerStart":-1,"workerReady":-1,"workerFetchStart":-1,"workerRespondWithSettled":-1,"sendStart":232.567,"sendEnd":232.715,"pushStart":0,"pushEnd":0,"receiveHeadersStart":844.538,"receiveHeadersEnd":844.67},"responseTime":1.736138445553985e+12,"protocol":"http/1.1","alternateProtocolUsage":"unspecifiedReason","securityState":"secure","securityDetails":{"protocol":"TLS 1.3","keyExchange":"","keyExchangeGroup":"X25519","cipher":"AES_128_GCM","certificateId":0,"subjectName":"rahulshettyacademy.com","sanList":["rahulshettyacademy.com"],"issuer":"E6","validFrom":1731833819,"validTo":1739609818,"signedCertificateTimestampList":[{"status":"Verified","origin":"Embedded in certificate","logDescription":"Google 'Xenon2025h1' log","logId":"CF1156EED52E7CAFF3875BD9692E9BE91A71674AB017ECAC01D25B77CECC3B08","timestamp":1731837329589,"hashAlgorithm":"SHA-256","signatureAlgorithm":"ECDSA","signatureData":"3045022049CA90B2CB95C3A4AECDECF04FECA784EE3C38F667E4444EC363E3896496E161022100A382A6A79A23DB380C6BAE53F0317A7817F487C963769692F01598128068DB66"},{"status":"Verified","origin":"Embedded in certificate","logDescription":"DigiCert Nessie2025 Log","logId":"E6D2316340778CC1104106D771B9CEC1D240F6968486FBBA87321DFD1E378E50","timestamp":1731837329733,"hashAlgorithm":"SHA-256","signatureAlgorithm":"ECDSA","signatureData":"30450220157FD090AF13CC9D704CDB761C669D3050A465792F7063143A29419C5455EE34022100B52F2E04241FBDC492EED0F11D8D4C2FCCA313C5DD1D6CFBD8BE909857B03816"}],"certificateTransparencyCompliance":"unknown","serverSignatureAlgorithm":1027,"encryptedClientHello":false}},"hasExtraInfo":true,"frameId":"843994A702D7C6B7650B360BE3097BF3"},"sessionId":"74D69ECC7FFC56DD0C3A940A1449D738"}
org.openqa.selenium.NoSuchSessionException: invalid session id
Build info: version: '4.23.0', revision: '4df0a231af'
System info: os.name: 'Windows 11', os.arch: 'amd64', os.version: '10.0', java.version: '21.0.5'
Driver info: org.openqa.selenium.chrome.ChromeDriver
Command: [e6583410bfb6215f7171306d773a1081, findElements {value=card, using=class name}]
Capabilities {acceptInsecureCerts: false, browserName: chrome, browserVersion: 130.0.6723.70, chrome: {chromedriverVersion: 130.0.6723.116 (6ac35f94ae3..., userDataDir: C:\Users\santh\AppData\Loca...}, fedcm:accounts: true, goog:chromeOptions: {debuggerAddress: localhost:56397}, networkConnectionEnabled: false, pageLoadStrategy: normal, platformName: windows, proxy: Proxy(), se:cdp: ws://localhost:56397/devtoo..., se:cdpVersion: 130.0.6723.70, setWindowRect: true, strictFileInteractability: false, timeouts: {implicit: 0, pageLoad: 300000, script: 30000}, unhandledPromptBehavior: dismiss and notify, webauthn:extension:credBlob: true, webauthn:extension:largeBlob: true, webauthn:extension:minPinLength: true, webauthn:extension:prf: true, webauthn:virtualAuthenticators: true}
Session ID: e6583410bfb6215f7171306d773a1081
	at java.base/jdk.internal.reflect.DirectConstructorHandleAccessor.newInstance(DirectConstructorHandleAccessor.java:62)
	at java.base/java.lang.reflect.Constructor.newInstanceWithCaller(Constructor.java:502)
	at java.base/java.lang.reflect.Constructor.newInstance(Constructor.java:486)
	at org.openqa.selenium.remote.ErrorCodec.decode(ErrorCodec.java:167)
	at org.openqa.selenium.remote.codec.w3c.W3CHttpResponseCodec.decode(W3CHttpResponseCodec.java:138)
	at org.openqa.selenium.remote.codec.w3c.W3CHttpResponseCodec.decode(W3CHttpResponseCodec.java:50)
	at org.openqa.selenium.remote.HttpCommandExecutor.execute(HttpCommandExecutor.java:190)
	at org.openqa.selenium.remote.service.DriverCommandExecutor.invokeExecute(DriverCommandExecutor.java:216)
	at org.openqa.selenium.remote.service.DriverCommandExecutor.execute(DriverCommandExecutor.java:174)
	at org.openqa.selenium.remote.RemoteWebDriver.execute(RemoteWebDriver.java:527)
	at org.openqa.selenium.remote.ElementLocation$ElementFinder$2.findElements(ElementLocation.java:182)
	at org.openqa.selenium.remote.ElementLocation.findElements(ElementLocation.java:103)
	at org.openqa.selenium.remote.RemoteWebDriver.findElements(RemoteWebDriver.java:370)
	at org.openqa.selenium.remote.RemoteWebDriver.findElements(RemoteWebDriver.java:364)
	at org.openqa.selenium.support.pagefactory.DefaultElementLocator.findElements(DefaultElementLocator.java:83)
	at org.openqa.selenium.support.pagefactory.internal.LocatingElementListHandler.invoke(LocatingElementListHandler.java:36)
	at jdk.proxy2/jdk.proxy2.$Proxy28.stream(Unknown Source)
	at PageObjects.ProductsPage.getProductByName(ProductsPage.java:85)
	at StepDefinitions.UITest.ProductsPage.FunctionalityStepDefImpl.lambda$user_searches_for_a_product$5(FunctionalityStepDefImpl.java:295)
	at org.openqa.selenium.devtools.DevTools.lambda$addListener$0(DevTools.java:104)
	at org.openqa.selenium.devtools.Connection.lambda$handle$5(Connection.java:348)
	at java.base/java.util.stream.ForEachOps$ForEachOp$OfRef.accept(ForEachOps.java:184)
	at java.base/java.util.stream.ReferencePipeline$2$1.accept(ReferencePipeline.java:179)
	at java.base/java.util.stream.ReferencePipeline$15$1.accept(ReferencePipeline.java:541)
	at java.base/java.util.HashMap$EntrySpliterator.forEachRemaining(HashMap.java:1858)
	at java.base/java.util.stream.AbstractPipeline.copyInto(AbstractPipeline.java:509)
	at java.base/java.util.stream.AbstractPipeline.wrapAndCopyInto(AbstractPipeline.java:499)
	at java.base/java.util.stream.ForEachOps$ForEachOp.evaluateSequential(ForEachOps.java:151)
	at java.base/java.util.stream.ForEachOps$ForEachOp$OfRef.evaluateSequential(ForEachOps.java:174)
	at java.base/java.util.stream.AbstractPipeline.evaluate(AbstractPipeline.java:234)
	at java.base/java.util.stream.ReferencePipeline.forEach(ReferencePipeline.java:596)
	at org.openqa.selenium.devtools.Connection.handle(Connection.java:311)
	at org.openqa.selenium.devtools.Connection$Listener.lambda$onText$0(Connection.java:239)
	at java.base/java.util.concurrent.ThreadPoolExecutor.runWorker(ThreadPoolExecutor.java:1144)
	at java.base/java.util.concurrent.ThreadPoolExecutor$Worker.run(ThreadPoolExecutor.java:642)
	at java.base/java.lang.Thread.run(Thread.java:1583)

Exception in thread "CDP Connection" org.openqa.selenium.devtools.DevToolsException: invalid session id
Build info: version: '4.23.0', revision: '4df0a231af'
System info: os.name: 'Windows 11', os.arch: 'amd64', os.version: '10.0', java.version: '21.0.5'
Driver info: org.openqa.selenium.chrome.ChromeDriver
Command: [e6583410bfb6215f7171306d773a1081, findElements {value=card, using=class name}]
Capabilities {acceptInsecureCerts: false, browserName: chrome, browserVersion: 130.0.6723.70, chrome: {chromedriverVersion: 130.0.6723.116 (6ac35f94ae3..., userDataDir: C:\Users\santh\AppData\Loca...}, fedcm:accounts: true, goog:chromeOptions: {debuggerAddress: localhost:56397}, networkConnectionEnabled: false, pageLoadStrategy: normal, platformName: windows, proxy: Proxy(), se:cdp: ws://localhost:56397/devtoo..., se:cdpVersion: 130.0.6723.70, setWindowRect: true, strictFileInteractability: false, timeouts: {implicit: 0, pageLoad: 300000, script: 30000}, unhandledPromptBehavior: dismiss and notify, webauthn:extension:credBlob: true, webauthn:extension:largeBlob: true, webauthn:extension:minPinLength: true, webauthn:extension:prf: true, webauthn:virtualAuthenticators: true}
Session ID: e6583410bfb6215f7171306d773a1081
	at org.openqa.selenium.devtools.Connection$Listener.lambda$onText$0(Connection.java:242)
	at java.base/java.util.concurrent.ThreadPoolExecutor.runWorker(ThreadPoolExecutor.java:1144)
	at java.base/java.util.concurrent.ThreadPoolExecutor$Worker.run(ThreadPoolExecutor.java:642)
	at java.base/java.lang.Thread.run(Thread.java:1583)
Caused by: org.openqa.selenium.NoSuchSessionException: invalid session id
Build info: version: '4.23.0', revision: '4df0a231af'
System info: os.name: 'Windows 11', os.arch: 'amd64', os.version: '10.0', java.version: '21.0.5'
Driver info: org.openqa.selenium.chrome.ChromeDriver
Command: [e6583410bfb6215f7171306d773a1081, findElements {value=card, using=class name}]
Capabilities {acceptInsecureCerts: false, browserName: chrome, browserVersion: 130.0.6723.70, chrome: {chromedriverVersion: 130.0.6723.116 (6ac35f94ae3..., userDataDir: C:\Users\santh\AppData\Loca...}, fedcm:accounts: true, goog:chromeOptions: {debuggerAddress: localhost:56397}, networkConnectionEnabled: false, pageLoadStrategy: normal, platformName: windows, proxy: Proxy(), se:cdp: ws://localhost:56397/devtoo..., se:cdpVersion: 130.0.6723.70, setWindowRect: true, strictFileInteractability: false, timeouts: {implicit: 0, pageLoad: 300000, script: 30000}, unhandledPromptBehavior: dismiss and notify, webauthn:extension:credBlob: true, webauthn:extension:largeBlob: true, webauthn:extension:minPinLength: true, webauthn:extension:prf: true, webauthn:virtualAuthenticators: true}
Session ID: e6583410bfb6215f7171306d773a1081
	at java.base/jdk.internal.reflect.DirectConstructorHandleAccessor.newInstance(DirectConstructorHandleAccessor.java:62)
	at java.base/java.lang.reflect.Constructor.newInstanceWithCaller(Constructor.java:502)
	at java.base/java.lang.reflect.Constructor.newInstance(Constructor.java:486)
	at org.openqa.selenium.remote.ErrorCodec.decode(ErrorCodec.java:167)
	at org.openqa.selenium.remote.codec.w3c.W3CHttpResponseCodec.decode(W3CHttpResponseCodec.java:138)
	at org.openqa.selenium.remote.codec.w3c.W3CHttpResponseCodec.decode(W3CHttpResponseCodec.java:50)
	at org.openqa.selenium.remote.HttpCommandExecutor.execute(HttpCommandExecutor.java:190)
	at org.openqa.selenium.remote.service.DriverCommandExecutor.invokeExecute(DriverCommandExecutor.java:216)
	at org.openqa.selenium.remote.service.DriverCommandExecutor.execute(DriverCommandExecutor.java:174)
	at org.openqa.selenium.remote.RemoteWebDriver.execute(RemoteWebDriver.java:527)
	at org.openqa.selenium.remote.ElementLocation$ElementFinder$2.findElements(ElementLocation.java:182)
	at org.openqa.selenium.remote.ElementLocation.findElements(ElementLocation.java:103)
	at org.openqa.selenium.remote.RemoteWebDriver.findElements(RemoteWebDriver.java:370)
	at org.openqa.selenium.remote.RemoteWebDriver.findElements(RemoteWebDriver.java:364)
	at org.openqa.selenium.support.pagefactory.DefaultElementLocator.findElements(DefaultElementLocator.java:83)
	at org.openqa.selenium.support.pagefactory.internal.LocatingElementListHandler.invoke(LocatingElementListHandler.java:36)
	at jdk.proxy2/jdk.proxy2.$Proxy28.stream(Unknown Source)
	at PageObjects.ProductsPage.getProductByName(ProductsPage.java:85)
	at StepDefinitions.UITest.ProductsPage.FunctionalityStepDefImpl.lambda$user_searches_for_a_product$5(FunctionalityStepDefImpl.java:295)
	at org.openqa.selenium.devtools.DevTools.lambda$addListener$0(DevTools.java:104)
	at org.openqa.selenium.devtools.Connection.lambda$handle$5(Connection.java:348)
	at java.base/java.util.stream.ForEachOps$ForEachOp$OfRef.accept(ForEachOps.java:184)
	at java.base/java.util.stream.ReferencePipeline$2$1.accept(ReferencePipeline.java:179)
	at java.base/java.util.stream.ReferencePipeline$15$1.accept(ReferencePipeline.java:541)
	at java.base/java.util.HashMap$EntrySpliterator.forEachRemaining(HashMap.java:1858)
	at java.base/java.util.stream.AbstractPipeline.copyInto(AbstractPipeline.java:509)
	at java.base/java.util.stream.AbstractPipeline.wrapAndCopyInto(AbstractPipeline.java:499)
	at java.base/java.util.stream.ForEachOps$ForEachOp.evaluateSequential(ForEachOps.java:151)
	at java.base/java.util.stream.ForEachOps$ForEachOp$OfRef.evaluateSequential(ForEachOps.java:174)
	at java.base/java.util.stream.AbstractPipeline.evaluate(AbstractPipeline.java:234)
	at java.base/java.util.stream.ReferencePipeline.forEach(ReferencePipeline.java:596)
	at org.openqa.selenium.devtools.Connection.handle(Connection.java:311)
	at org.openqa.selenium.devtools.Connection$Listener.lambda$onText$0(Connection.java:239)
	... 3 more
Jan 06, 2025 10:10:48 AM org.openqa.selenium.devtools.Connection$Listener lambda$onText$0
WARNING: Unable to process: {"method":"Network.responseReceived","params":{"requestId":"60012.38","loaderId":"BED895BB52ED5D37C90FE85908D804DC","timestamp":242608.613407,"type":"XHR","response":{"url":"https://rahulshettyacademy.com/api/ecom/product/get-all-products","status":200,"statusText":"OK","headers":{"ETag":"W/\"1e1-TUm+HvqAX9TALtoVKR+MOYXKUzY\"","Expect-CT":"max-age=0","X-Permitted-Cross-Domain-Policies":"none","X-Content-Type-Options":"nosniff","Keep-Alive":"timeout=5, max=89","Date":"Mon, 06 Jan 2025 04:40:52 GMT","Content-Type":"application/json; charset=utf-8","Vary":"Accept-Encoding","X-Frame-Options":"SAMEORIGIN","Strict-Transport-Security":"max-age=15552000; includeSubDomains","Content-Security-Policy":"default-src 'self';base-uri 'self';block-all-mixed-content;font-src 'self' https: data:;frame-ancestors 'self';img-src 'self' data:;object-src 'none';script-src 'self';script-src-attr 'none';style-src 'self' https: 'unsafe-inline';upgrade-insecure-requests","X-DNS-Prefetch-Control":"off","Connection":"Keep-Alive","Referrer-Policy":"no-referrer","X-Download-Options":"noopen","Access-Control-Allow-Origin":"*","Content-Length":"481","X-XSS-Protection":"0","Server":"Apache/2.4.52 (Ubuntu)"},"mimeType":"application/json","charset":"utf-8","connectionReused":true,"connectionId":38,"remoteIPAddress":"13.201.9.53","remotePort":443,"fromDiskCache":false,"fromServiceWorker":false,"fromPrefetchCache":false,"encodedDataLength":889,"timing":{"requestTime":242607.709612,"proxyStart":-1,"proxyEnd":-1,"dnsStart":-1,"dnsEnd":-1,"connectStart":-1,"connectEnd":-1,"sslStart":-1,"sslEnd":-1,"workerStart":-1,"workerReady":-1,"workerFetchStart":-1,"workerRespondWithSettled":-1,"sendStart":733.269,"sendEnd":733.507,"pushStart":0,"pushEnd":0,"receiveHeadersStart":902.336,"receiveHeadersEnd":902.52},"responseTime":1.736138445852386e+12,"protocol":"http/1.1","alternateProtocolUsage":"unspecifiedReason","securityState":"secure","securityDetails":{"protocol":"TLS 1.3","keyExchange":"","keyExchangeGroup":"X25519","cipher":"AES_128_GCM","certificateId":0,"subjectName":"rahulshettyacademy.com","sanList":["rahulshettyacademy.com"],"issuer":"E6","validFrom":1731833819,"validTo":1739609818,"signedCertificateTimestampList":[{"status":"Verified","origin":"Embedded in certificate","logDescription":"Google 'Xenon2025h1' log","logId":"CF1156EED52E7CAFF3875BD9692E9BE91A71674AB017ECAC01D25B77CECC3B08","timestamp":1731837329589,"hashAlgorithm":"SHA-256","signatureAlgorithm":"ECDSA","signatureData":"3045022049CA90B2CB95C3A4AECDECF04FECA784EE3C38F667E4444EC363E3896496E161022100A382A6A79A23DB380C6BAE53F0317A7817F487C963769692F01598128068DB66"},{"status":"Verified","origin":"Embedded in certificate","logDescription":"DigiCert Nessie2025 Log","logId":"E6D2316340778CC1104106D771B9CEC1D240F6968486FBBA87321DFD1E378E50","timestamp":1731837329733,"hashAlgorithm":"SHA-256","signatureAlgorithm":"ECDSA","signatureData":"30450220157FD090AF13CC9D704CDB761C669D3050A465792F7063143A29419C5455EE34022100B52F2E04241FBDC492EED0F11D8D4C2FCCA313C5DD1D6CFBD8BE909857B03816"}],"certificateTransparencyCompliance":"unknown","serverSignatureAlgorithm":1027,"encryptedClientHello":false}},"hasExtraInfo":true,"frameId":"CBA2C5FA25D486F7EE6BD219693419AA"},"sessionId":"4021963E0931555DDE8FAE19FB44156A"}
org.openqa.selenium.NoSuchSessionException: invalid session id
Build info: version: '4.23.0', revision: '4df0a231af'
System info: os.name: 'Windows 11', os.arch: 'amd64', os.version: '10.0', java.version: '21.0.5'
Driver info: org.openqa.selenium.chrome.ChromeDriver
Command: [84b4615a9c52e800670f6427f452aa35, findElements {value=card, using=class name}]
Capabilities {acceptInsecureCerts: false, browserName: chrome, browserVersion: 130.0.6723.70, chrome: {chromedriverVersion: 130.0.6723.116 (6ac35f94ae3..., userDataDir: C:\Users\santh\AppData\Loca...}, fedcm:accounts: true, goog:chromeOptions: {debuggerAddress: localhost:56417}, networkConnectionEnabled: false, pageLoadStrategy: normal, platformName: windows, proxy: Proxy(), se:cdp: ws://localhost:56417/devtoo..., se:cdpVersion: 130.0.6723.70, setWindowRect: true, strictFileInteractability: false, timeouts: {implicit: 0, pageLoad: 300000, script: 30000}, unhandledPromptBehavior: dismiss and notify, webauthn:extension:credBlob: true, webauthn:extension:largeBlob: true, webauthn:extension:minPinLength: true, webauthn:extension:prf: true, webauthn:virtualAuthenticators: true}
Session ID: 84b4615a9c52e800670f6427f452aa35
	at java.base/jdk.internal.reflect.DirectConstructorHandleAccessor.newInstance(DirectConstructorHandleAccessor.java:62)
	at java.base/java.lang.reflect.Constructor.newInstanceWithCaller(Constructor.java:502)
	at java.base/java.lang.reflect.Constructor.newInstance(Constructor.java:486)
	at org.openqa.selenium.remote.ErrorCodec.decode(ErrorCodec.java:167)
	at org.openqa.selenium.remote.codec.w3c.W3CHttpResponseCodec.decode(W3CHttpResponseCodec.java:138)
	at org.openqa.selenium.remote.codec.w3c.W3CHttpResponseCodec.decode(W3CHttpResponseCodec.java:50)
	at org.openqa.selenium.remote.HttpCommandExecutor.execute(HttpCommandExecutor.java:190)
	at org.openqa.selenium.remote.service.DriverCommandExecutor.invokeExecute(DriverCommandExecutor.java:216)
	at org.openqa.selenium.remote.service.DriverCommandExecutor.execute(DriverCommandExecutor.java:174)
	at org.openqa.selenium.remote.RemoteWebDriver.execute(RemoteWebDriver.java:527)
	at org.openqa.selenium.remote.ElementLocation$ElementFinder$2.findElements(ElementLocation.java:182)
	at org.openqa.selenium.remote.ElementLocation.findElements(ElementLocation.java:103)
	at org.openqa.selenium.remote.RemoteWebDriver.findElements(RemoteWebDriver.java:370)
	at org.openqa.selenium.remote.RemoteWebDriver.findElements(RemoteWebDriver.java:364)
	at org.openqa.selenium.support.pagefactory.DefaultElementLocator.findElements(DefaultElementLocator.java:83)
	at org.openqa.selenium.support.pagefactory.internal.LocatingElementListHandler.invoke(LocatingElementListHandler.java:36)
	at jdk.proxy2/jdk.proxy2.$Proxy28.stream(Unknown Source)
	at PageObjects.ProductsPage.getProductByName(ProductsPage.java:85)
	at StepDefinitions.UITest.ProductsPage.FunctionalityStepDefImpl.lambda$user_filters_using_min_max_price$7(FunctionalityStepDefImpl.java:375)
	at org.openqa.selenium.devtools.DevTools.lambda$addListener$0(DevTools.java:104)
	at org.openqa.selenium.devtools.Connection.lambda$handle$5(Connection.java:348)
	at java.base/java.util.stream.ForEachOps$ForEachOp$OfRef.accept(ForEachOps.java:184)
	at java.base/java.util.stream.ReferencePipeline$2$1.accept(ReferencePipeline.java:179)
	at java.base/java.util.stream.ReferencePipeline$15$1.accept(ReferencePipeline.java:541)
	at java.base/java.util.HashMap$EntrySpliterator.forEachRemaining(HashMap.java:1858)
	at java.base/java.util.stream.AbstractPipeline.copyInto(AbstractPipeline.java:509)
	at java.base/java.util.stream.AbstractPipeline.wrapAndCopyInto(AbstractPipeline.java:499)
	at java.base/java.util.stream.ForEachOps$ForEachOp.evaluateSequential(ForEachOps.java:151)
	at java.base/java.util.stream.ForEachOps$ForEachOp$OfRef.evaluateSequential(ForEachOps.java:174)
	at java.base/java.util.stream.AbstractPipeline.evaluate(AbstractPipeline.java:234)
	at java.base/java.util.stream.ReferencePipeline.forEach(ReferencePipeline.java:596)
	at org.openqa.selenium.devtools.Connection.handle(Connection.java:311)
	at org.openqa.selenium.devtools.Connection$Listener.lambda$onText$0(Connection.java:239)
	at java.base/java.util.concurrent.ThreadPoolExecutor.runWorker(ThreadPoolExecutor.java:1144)
	at java.base/java.util.concurrent.ThreadPoolExecutor$Worker.run(ThreadPoolExecutor.java:642)
	at java.base/java.lang.Thread.run(Thread.java:1583)

Exception in thread "CDP Connection" org.openqa.selenium.devtools.DevToolsException: invalid session id
Build info: version: '4.23.0', revision: '4df0a231af'
System info: os.name: 'Windows 11', os.arch: 'amd64', os.version: '10.0', java.version: '21.0.5'
Driver info: org.openqa.selenium.chrome.ChromeDriver
Command: [84b4615a9c52e800670f6427f452aa35, findElements {value=card, using=class name}]
Capabilities {acceptInsecureCerts: false, browserName: chrome, browserVersion: 130.0.6723.70, chrome: {chromedriverVersion: 130.0.6723.116 (6ac35f94ae3..., userDataDir: C:\Users\santh\AppData\Loca...}, fedcm:accounts: true, goog:chromeOptions: {debuggerAddress: localhost:56417}, networkConnectionEnabled: false, pageLoadStrategy: normal, platformName: windows, proxy: Proxy(), se:cdp: ws://localhost:56417/devtoo..., se:cdpVersion: 130.0.6723.70, setWindowRect: true, strictFileInteractability: false, timeouts: {implicit: 0, pageLoad: 300000, script: 30000}, unhandledPromptBehavior: dismiss and notify, webauthn:extension:credBlob: true, webauthn:extension:largeBlob: true, webauthn:extension:minPinLength: true, webauthn:extension:prf: true, webauthn:virtualAuthenticators: true}
Session ID: 84b4615a9c52e800670f6427f452aa35
	at org.openqa.selenium.devtools.Connection$Listener.lambda$onText$0(Connection.java:242)
	at java.base/java.util.concurrent.ThreadPoolExecutor.runWorker(ThreadPoolExecutor.java:1144)
	at java.base/java.util.concurrent.ThreadPoolExecutor$Worker.run(ThreadPoolExecutor.java:642)
	at java.base/java.lang.Thread.run(Thread.java:1583)
Caused by: org.openqa.selenium.NoSuchSessionException: invalid session id
Build info: version: '4.23.0', revision: '4df0a231af'
System info: os.name: 'Windows 11', os.arch: 'amd64', os.version: '10.0', java.version: '21.0.5'
Driver info: org.openqa.selenium.chrome.ChromeDriver
Command: [84b4615a9c52e800670f6427f452aa35, findElements {value=card, using=class name}]
Capabilities {acceptInsecureCerts: false, browserName: chrome, browserVersion: 130.0.6723.70, chrome: {chromedriverVersion: 130.0.6723.116 (6ac35f94ae3..., userDataDir: C:\Users\santh\AppData\Loca...}, fedcm:accounts: true, goog:chromeOptions: {debuggerAddress: localhost:56417}, networkConnectionEnabled: false, pageLoadStrategy: normal, platformName: windows, proxy: Proxy(), se:cdp: ws://localhost:56417/devtoo..., se:cdpVersion: 130.0.6723.70, setWindowRect: true, strictFileInteractability: false, timeouts: {implicit: 0, pageLoad: 300000, script: 30000}, unhandledPromptBehavior: dismiss and notify, webauthn:extension:credBlob: true, webauthn:extension:largeBlob: true, webauthn:extension:minPinLength: true, webauthn:extension:prf: true, webauthn:virtualAuthenticators: true}
Session ID: 84b4615a9c52e800670f6427f452aa35
	at java.base/jdk.internal.reflect.DirectConstructorHandleAccessor.newInstance(DirectConstructorHandleAccessor.java:62)
	at java.base/java.lang.reflect.Constructor.newInstanceWithCaller(Constructor.java:502)
	at java.base/java.lang.reflect.Constructor.newInstance(Constructor.java:486)
	at org.openqa.selenium.remote.ErrorCodec.decode(ErrorCodec.java:167)
	at org.openqa.selenium.remote.codec.w3c.W3CHttpResponseCodec.decode(W3CHttpResponseCodec.java:138)
	at org.openqa.selenium.remote.codec.w3c.W3CHttpResponseCodec.decode(W3CHttpResponseCodec.java:50)
	at org.openqa.selenium.remote.HttpCommandExecutor.execute(HttpCommandExecutor.java:190)
	at org.openqa.selenium.remote.service.DriverCommandExecutor.invokeExecute(DriverCommandExecutor.java:216)
	at org.openqa.selenium.remote.service.DriverCommandExecutor.execute(DriverCommandExecutor.java:174)
	at org.openqa.selenium.remote.RemoteWebDriver.execute(RemoteWebDriver.java:527)
	at org.openqa.selenium.remote.ElementLocation$ElementFinder$2.findElements(ElementLocation.java:182)
	at org.openqa.selenium.remote.ElementLocation.findElements(ElementLocation.java:103)
	at org.openqa.selenium.remote.RemoteWebDriver.findElements(RemoteWebDriver.java:370)
	at org.openqa.selenium.remote.RemoteWebDriver.findElements(RemoteWebDriver.java:364)
	at org.openqa.selenium.support.pagefactory.DefaultElementLocator.findElements(DefaultElementLocator.java:83)
	at org.openqa.selenium.support.pagefactory.internal.LocatingElementListHandler.invoke(LocatingElementListHandler.java:36)
	at jdk.proxy2/jdk.proxy2.$Proxy28.stream(Unknown Source)
	at PageObjects.ProductsPage.getProductByName(ProductsPage.java:85)
	at StepDefinitions.UITest.ProductsPage.FunctionalityStepDefImpl.lambda$user_filters_using_min_max_price$7(FunctionalityStepDefImpl.java:375)
	at org.openqa.selenium.devtools.DevTools.lambda$addListener$0(DevTools.java:104)
	at org.openqa.selenium.devtools.Connection.lambda$handle$5(Connection.java:348)
	at java.base/java.util.stream.ForEachOps$ForEachOp$OfRef.accept(ForEachOps.java:184)
	at java.base/java.util.stream.ReferencePipeline$2$1.accept(ReferencePipeline.java:179)
	at java.base/java.util.stream.ReferencePipeline$15$1.accept(ReferencePipeline.java:541)
	at java.base/java.util.HashMap$EntrySpliterator.forEachRemaining(HashMap.java:1858)
	at java.base/java.util.stream.AbstractPipeline.copyInto(AbstractPipeline.java:509)
	at java.base/java.util.stream.AbstractPipeline.wrapAndCopyInto(AbstractPipeline.java:499)
	at java.base/java.util.stream.ForEachOps$ForEachOp.evaluateSequential(ForEachOps.java:151)
	at java.base/java.util.stream.ForEachOps$ForEachOp$OfRef.evaluateSequential(ForEachOps.java:174)
	at java.base/java.util.stream.AbstractPipeline.evaluate(AbstractPipeline.java:234)
	at java.base/java.util.stream.ReferencePipeline.forEach(ReferencePipeline.java:596)
	at org.openqa.selenium.devtools.Connection.handle(Connection.java:311)
	at org.openqa.selenium.devtools.Connection$Listener.lambda$onText$0(Connection.java:239)
	... 3 more
Jan 06, 2025 10:10:48 AM org.openqa.selenium.remote.http.WebSocket$Listener onError
WARNING: Connection reset
java.net.SocketException: Connection reset
	at java.base/sun.nio.ch.SocketChannelImpl.throwConnectionReset(SocketChannelImpl.java:401)
	at java.base/sun.nio.ch.SocketChannelImpl.read(SocketChannelImpl.java:434)
	at java.net.http/jdk.internal.net.http.SocketTube.readAvailable(SocketTube.java:1178)
	at java.net.http/jdk.internal.net.http.SocketTube$InternalReadPublisher$InternalReadSubscription.read(SocketTube.java:841)
	at java.net.http/jdk.internal.net.http.SocketTube$SocketFlowTask.run(SocketTube.java:181)
	at java.net.http/jdk.internal.net.http.common.SequentialScheduler$SchedulableTask.run(SequentialScheduler.java:207)
	at java.net.http/jdk.internal.net.http.common.SequentialScheduler.runOrSchedule(SequentialScheduler.java:280)
	at java.net.http/jdk.internal.net.http.common.SequentialScheduler.runOrSchedule(SequentialScheduler.java:233)
	at java.net.http/jdk.internal.net.http.SocketTube$InternalReadPublisher$InternalReadSubscription.signalReadable(SocketTube.java:782)
	at java.net.http/jdk.internal.net.http.SocketTube$InternalReadPublisher$ReadEvent.signalEvent(SocketTube.java:965)
	at java.net.http/jdk.internal.net.http.SocketTube$SocketFlowEvent.handle(SocketTube.java:253)
	at java.net.http/jdk.internal.net.http.HttpClientImpl$SelectorManager.handleEvent(HttpClientImpl.java:1469)
	at java.net.http/jdk.internal.net.http.HttpClientImpl$SelectorManager.lambda$run$3(HttpClientImpl.java:1414)
	at java.base/java.util.ArrayList.forEach(ArrayList.java:1596)
	at java.net.http/jdk.internal.net.http.HttpClientImpl$SelectorManager.run(HttpClientImpl.java:1414)

Jan 06, 2025 10:10:48 AM org.openqa.selenium.devtools.CdpVersionFinder findNearestMatch
WARNING: Unable to find an exact match for CDP version 130, returning the closest version; found: 127; Please update to a Selenium version that supports CDP version 130
Jan 06, 2025 10:10:48 AM org.openqa.selenium.remote.http.WebSocket$Listener onError
WARNING: Connection reset
java.net.SocketException: Connection reset
	at java.base/sun.nio.ch.SocketChannelImpl.throwConnectionReset(SocketChannelImpl.java:401)
	at java.base/sun.nio.ch.SocketChannelImpl.read(SocketChannelImpl.java:434)
	at java.net.http/jdk.internal.net.http.SocketTube.readAvailable(SocketTube.java:1178)
	at java.net.http/jdk.internal.net.http.SocketTube$InternalReadPublisher$InternalReadSubscription.read(SocketTube.java:841)
	at java.net.http/jdk.internal.net.http.SocketTube$SocketFlowTask.run(SocketTube.java:181)
	at java.net.http/jdk.internal.net.http.common.SequentialScheduler$SchedulableTask.run(SequentialScheduler.java:207)
	at java.net.http/jdk.internal.net.http.common.SequentialScheduler.runOrSchedule(SequentialScheduler.java:280)
	at java.net.http/jdk.internal.net.http.common.SequentialScheduler.runOrSchedule(SequentialScheduler.java:233)
	at java.net.http/jdk.internal.net.http.SocketTube$InternalReadPublisher$InternalReadSubscription.signalReadable(SocketTube.java:782)
	at java.net.http/jdk.internal.net.http.SocketTube$InternalReadPublisher$ReadEvent.signalEvent(SocketTube.java:965)
	at java.net.http/jdk.internal.net.http.SocketTube$SocketFlowEvent.handle(SocketTube.java:253)
	at java.net.http/jdk.internal.net.http.HttpClientImpl$SelectorManager.handleEvent(HttpClientImpl.java:1469)
	at java.net.http/jdk.internal.net.http.HttpClientImpl$SelectorManager.lambda$run$3(HttpClientImpl.java:1414)
	at java.base/java.util.ArrayList.forEach(ArrayList.java:1596)
	at java.net.http/jdk.internal.net.http.HttpClientImpl$SelectorManager.run(HttpClientImpl.java:1414)

]]></system-err>
  </testcase>
  <testcase name="runScenario[&quot;User submits empty registration form&quot;, &quot;Register page error handling&quot;](133)" classname="TestNGTestRunner" time="1.801">
    <system-out><![CDATA[
@ErrorHandling
Scenario Outline: User provides correct details and api is failed and error is displayed                                                                               # src/test/java/FeatureFiles/UITest/RegisterPage/ErrorHandling.feature:80
  Given User landed on ECommerece registration page                                                                                           # StepDefinitions.UITest.RegisterPage.ErrorHandlingStepDefImpl.user_landed_on_e_commerece_registration_page()
  Given User landed on ECommerece registration page                                                                                          # StepDefinitions.UITest.RegisterPage.ErrorHandlingStepDefImpl.user_landed_on_e_commerece_registration_page()
  Given User landed on ECommerece registration page                                                                                           # StepDefinitions.UITest.RegisterPage.ErrorHandlingStepDefImpl.user_landed_on_e_commerece_registration_page()
]]></system-out>
    <system-err><![CDATA[Jan 06, 2025 10:10:49 AM org.openqa.selenium.devtools.Connection$Listener lambda$onText$0
WARNING: Unable to process: {"method":"Network.responseReceived","params":{"requestId":"51740.37","loaderId":"BC3536CD8DB22BD8301068EEF0F152D1","timestamp":242609.475703,"type":"XHR","response":{"url":"https://rahulshettyacademy.com/api/ecom/product/get-all-products","status":200,"statusText":"OK","headers":{"Content-Encoding":"gzip","ETag":"W/\"9e7-EeYk0FQoFN/gpYNxh1xpSeqCEfk\"","Expect-CT":"max-age=0","X-Permitted-Cross-Domain-Policies":"none","X-Content-Type-Options":"nosniff","Keep-Alive":"timeout=5, max=99","Date":"Mon, 06 Jan 2025 04:40:53 GMT","Content-Type":"application/json; charset=utf-8","Vary":"Accept-Encoding","X-Frame-Options":"SAMEORIGIN","Transfer-Encoding":"chunked","Strict-Transport-Security":"max-age=15552000; includeSubDomains","Content-Security-Policy":"default-src 'self';base-uri 'self';block-all-mixed-content;font-src 'self' https: data:;frame-ancestors 'self';img-src 'self' data:;object-src 'none';script-src 'self';script-src-attr 'none';style-src 'self' https: 'unsafe-inline';upgrade-insecure-requests","X-DNS-Prefetch-Control":"off","Connection":"Keep-Alive","Referrer-Policy":"no-referrer","X-Download-Options":"noopen","Access-Control-Allow-Origin":"*","X-XSS-Protection":"0","Server":"Apache/2.4.52 (Ubuntu)"},"mimeType":"application/json","charset":"utf-8","connectionReused":true,"connectionId":87,"remoteIPAddress":"13.201.9.53","remotePort":443,"fromDiskCache":false,"fromServiceWorker":false,"fromPrefetchCache":false,"encodedDataLength":920,"timing":{"requestTime":242608.914042,"proxyStart":-1,"proxyEnd":-1,"dnsStart":-1,"dnsEnd":-1,"connectStart":-1,"connectEnd":-1,"sslStart":-1,"sslEnd":-1,"workerStart":-1,"workerReady":-1,"workerFetchStart":-1,"workerRespondWithSettled":-1,"sendStart":451.755,"sendEnd":452.057,"pushStart":0,"pushEnd":0,"receiveHeadersStart":560.062,"receiveHeadersEnd":560.159},"responseTime":1.736138446714244e+12,"protocol":"http/1.1","alternateProtocolUsage":"unspecifiedReason","securityState":"secure","securityDetails":{"protocol":"TLS 1.3","keyExchange":"","keyExchangeGroup":"X25519","cipher":"AES_128_GCM","certificateId":0,"subjectName":"rahulshettyacademy.com","sanList":["rahulshettyacademy.com"],"issuer":"E6","validFrom":1731833819,"validTo":1739609818,"signedCertificateTimestampList":[{"status":"Verified","origin":"Embedded in certificate","logDescription":"Google 'Xenon2025h1' log","logId":"CF1156EED52E7CAFF3875BD9692E9BE91A71674AB017ECAC01D25B77CECC3B08","timestamp":1731837329589,"hashAlgorithm":"SHA-256","signatureAlgorithm":"ECDSA","signatureData":"3045022049CA90B2CB95C3A4AECDECF04FECA784EE3C38F667E4444EC363E3896496E161022100A382A6A79A23DB380C6BAE53F0317A7817F487C963769692F01598128068DB66"},{"status":"Verified","origin":"Embedded in certificate","logDescription":"DigiCert Nessie2025 Log","logId":"E6D2316340778CC1104106D771B9CEC1D240F6968486FBBA87321DFD1E378E50","timestamp":1731837329733,"hashAlgorithm":"SHA-256","signatureAlgorithm":"ECDSA","signatureData":"30450220157FD090AF13CC9D704CDB761C669D3050A465792F7063143A29419C5455EE34022100B52F2E04241FBDC492EED0F11D8D4C2FCCA313C5DD1D6CFBD8BE909857B03816"}],"certificateTransparencyCompliance":"unknown","serverSignatureAlgorithm":1027,"encryptedClientHello":false}},"hasExtraInfo":true,"frameId":"EFAF94575AB65DFB62ED29B75260D83B"},"sessionId":"5D132872F3EA516D600583AAD322A137"}
org.openqa.selenium.NoSuchSessionException: invalid session id
Build info: version: '4.23.0', revision: '4df0a231af'
System info: os.name: 'Windows 11', os.arch: 'amd64', os.version: '10.0', java.version: '21.0.5'
Driver info: org.openqa.selenium.chrome.ChromeDriver
Command: [e55e33c6514376cfe7fc76acffe9d9ba, findElements {value=card, using=class name}]
Capabilities {acceptInsecureCerts: false, browserName: chrome, browserVersion: 130.0.6723.70, chrome: {chromedriverVersion: 130.0.6723.116 (6ac35f94ae3..., userDataDir: C:\Users\santh\AppData\Loca...}, fedcm:accounts: true, goog:chromeOptions: {debuggerAddress: localhost:56445}, networkConnectionEnabled: false, pageLoadStrategy: normal, platformName: windows, proxy: Proxy(), se:cdp: ws://localhost:56445/devtoo..., se:cdpVersion: 130.0.6723.70, setWindowRect: true, strictFileInteractability: false, timeouts: {implicit: 0, pageLoad: 300000, script: 30000}, unhandledPromptBehavior: dismiss and notify, webauthn:extension:credBlob: true, webauthn:extension:largeBlob: true, webauthn:extension:minPinLength: true, webauthn:extension:prf: true, webauthn:virtualAuthenticators: true}
Session ID: e55e33c6514376cfe7fc76acffe9d9ba
	at java.base/jdk.internal.reflect.DirectConstructorHandleAccessor.newInstance(DirectConstructorHandleAccessor.java:62)
	at java.base/java.lang.reflect.Constructor.newInstanceWithCaller(Constructor.java:502)
	at java.base/java.lang.reflect.Constructor.newInstance(Constructor.java:486)
	at org.openqa.selenium.remote.ErrorCodec.decode(ErrorCodec.java:167)
	at org.openqa.selenium.remote.codec.w3c.W3CHttpResponseCodec.decode(W3CHttpResponseCodec.java:138)
	at org.openqa.selenium.remote.codec.w3c.W3CHttpResponseCodec.decode(W3CHttpResponseCodec.java:50)
	at org.openqa.selenium.remote.HttpCommandExecutor.execute(HttpCommandExecutor.java:190)
	at org.openqa.selenium.remote.service.DriverCommandExecutor.invokeExecute(DriverCommandExecutor.java:216)
	at org.openqa.selenium.remote.service.DriverCommandExecutor.execute(DriverCommandExecutor.java:174)
	at org.openqa.selenium.remote.RemoteWebDriver.execute(RemoteWebDriver.java:527)
	at org.openqa.selenium.remote.ElementLocation$ElementFinder$2.findElements(ElementLocation.java:182)
	at org.openqa.selenium.remote.ElementLocation.findElements(ElementLocation.java:103)
	at org.openqa.selenium.remote.RemoteWebDriver.findElements(RemoteWebDriver.java:370)
	at org.openqa.selenium.remote.RemoteWebDriver.findElements(RemoteWebDriver.java:364)
	at org.openqa.selenium.support.pagefactory.DefaultElementLocator.findElements(DefaultElementLocator.java:83)
	at org.openqa.selenium.support.pagefactory.internal.LocatingElementListHandler.invoke(LocatingElementListHandler.java:36)
	at jdk.proxy2/jdk.proxy2.$Proxy28.stream(Unknown Source)
	at PageObjects.ProductsPage.getProductByName(ProductsPage.java:85)
	at StepDefinitions.UITest.ProductsPage.FunctionalityStepDefImpl.lambda$user_filters_using_categories$9(FunctionalityStepDefImpl.java:458)
	at org.openqa.selenium.devtools.DevTools.lambda$addListener$0(DevTools.java:104)
	at org.openqa.selenium.devtools.Connection.lambda$handle$5(Connection.java:348)
	at java.base/java.util.stream.ForEachOps$ForEachOp$OfRef.accept(ForEachOps.java:184)
	at java.base/java.util.stream.ReferencePipeline$2$1.accept(ReferencePipeline.java:179)
	at java.base/java.util.stream.ReferencePipeline$15$1.accept(ReferencePipeline.java:541)
	at java.base/java.util.HashMap$EntrySpliterator.forEachRemaining(HashMap.java:1858)
	at java.base/java.util.stream.AbstractPipeline.copyInto(AbstractPipeline.java:509)
	at java.base/java.util.stream.AbstractPipeline.wrapAndCopyInto(AbstractPipeline.java:499)
	at java.base/java.util.stream.ForEachOps$ForEachOp.evaluateSequential(ForEachOps.java:151)
	at java.base/java.util.stream.ForEachOps$ForEachOp$OfRef.evaluateSequential(ForEachOps.java:174)
	at java.base/java.util.stream.AbstractPipeline.evaluate(AbstractPipeline.java:234)
	at java.base/java.util.stream.ReferencePipeline.forEach(ReferencePipeline.java:596)
	at org.openqa.selenium.devtools.Connection.handle(Connection.java:311)
	at org.openqa.selenium.devtools.Connection$Listener.lambda$onText$0(Connection.java:239)
	at java.base/java.util.concurrent.ThreadPoolExecutor.runWorker(ThreadPoolExecutor.java:1144)
	at java.base/java.util.concurrent.ThreadPoolExecutor$Worker.run(ThreadPoolExecutor.java:642)
	at java.base/java.lang.Thread.run(Thread.java:1583)

Exception in thread "CDP Connection" org.openqa.selenium.devtools.DevToolsException: invalid session id
Build info: version: '4.23.0', revision: '4df0a231af'
System info: os.name: 'Windows 11', os.arch: 'amd64', os.version: '10.0', java.version: '21.0.5'
Driver info: org.openqa.selenium.chrome.ChromeDriver
Command: [e55e33c6514376cfe7fc76acffe9d9ba, findElements {value=card, using=class name}]
Capabilities {acceptInsecureCerts: false, browserName: chrome, browserVersion: 130.0.6723.70, chrome: {chromedriverVersion: 130.0.6723.116 (6ac35f94ae3..., userDataDir: C:\Users\santh\AppData\Loca...}, fedcm:accounts: true, goog:chromeOptions: {debuggerAddress: localhost:56445}, networkConnectionEnabled: false, pageLoadStrategy: normal, platformName: windows, proxy: Proxy(), se:cdp: ws://localhost:56445/devtoo..., se:cdpVersion: 130.0.6723.70, setWindowRect: true, strictFileInteractability: false, timeouts: {implicit: 0, pageLoad: 300000, script: 30000}, unhandledPromptBehavior: dismiss and notify, webauthn:extension:credBlob: true, webauthn:extension:largeBlob: true, webauthn:extension:minPinLength: true, webauthn:extension:prf: true, webauthn:virtualAuthenticators: true}
Session ID: e55e33c6514376cfe7fc76acffe9d9ba
	at org.openqa.selenium.devtools.Connection$Listener.lambda$onText$0(Connection.java:242)
	at java.base/java.util.concurrent.ThreadPoolExecutor.runWorker(ThreadPoolExecutor.java:1144)
	at java.base/java.util.concurrent.ThreadPoolExecutor$Worker.run(ThreadPoolExecutor.java:642)
	at java.base/java.lang.Thread.run(Thread.java:1583)
Caused by: org.openqa.selenium.NoSuchSessionException: invalid session id
Build info: version: '4.23.0', revision: '4df0a231af'
System info: os.name: 'Windows 11', os.arch: 'amd64', os.version: '10.0', java.version: '21.0.5'
Driver info: org.openqa.selenium.chrome.ChromeDriver
Command: [e55e33c6514376cfe7fc76acffe9d9ba, findElements {value=card, using=class name}]
Capabilities {acceptInsecureCerts: false, browserName: chrome, browserVersion: 130.0.6723.70, chrome: {chromedriverVersion: 130.0.6723.116 (6ac35f94ae3..., userDataDir: C:\Users\santh\AppData\Loca...}, fedcm:accounts: true, goog:chromeOptions: {debuggerAddress: localhost:56445}, networkConnectionEnabled: false, pageLoadStrategy: normal, platformName: windows, proxy: Proxy(), se:cdp: ws://localhost:56445/devtoo..., se:cdpVersion: 130.0.6723.70, setWindowRect: true, strictFileInteractability: false, timeouts: {implicit: 0, pageLoad: 300000, script: 30000}, unhandledPromptBehavior: dismiss and notify, webauthn:extension:credBlob: true, webauthn:extension:largeBlob: true, webauthn:extension:minPinLength: true, webauthn:extension:prf: true, webauthn:virtualAuthenticators: true}
Session ID: e55e33c6514376cfe7fc76acffe9d9ba
	at java.base/jdk.internal.reflect.DirectConstructorHandleAccessor.newInstance(DirectConstructorHandleAccessor.java:62)
	at java.base/java.lang.reflect.Constructor.newInstanceWithCaller(Constructor.java:502)
	at java.base/java.lang.reflect.Constructor.newInstance(Constructor.java:486)
	at org.openqa.selenium.remote.ErrorCodec.decode(ErrorCodec.java:167)
	at org.openqa.selenium.remote.codec.w3c.W3CHttpResponseCodec.decode(W3CHttpResponseCodec.java:138)
	at org.openqa.selenium.remote.codec.w3c.W3CHttpResponseCodec.decode(W3CHttpResponseCodec.java:50)
	at org.openqa.selenium.remote.HttpCommandExecutor.execute(HttpCommandExecutor.java:190)
	at org.openqa.selenium.remote.service.DriverCommandExecutor.invokeExecute(DriverCommandExecutor.java:216)
	at org.openqa.selenium.remote.service.DriverCommandExecutor.execute(DriverCommandExecutor.java:174)
	at org.openqa.selenium.remote.RemoteWebDriver.execute(RemoteWebDriver.java:527)
	at org.openqa.selenium.remote.ElementLocation$ElementFinder$2.findElements(ElementLocation.java:182)
	at org.openqa.selenium.remote.ElementLocation.findElements(ElementLocation.java:103)
	at org.openqa.selenium.remote.RemoteWebDriver.findElements(RemoteWebDriver.java:370)
	at org.openqa.selenium.remote.RemoteWebDriver.findElements(RemoteWebDriver.java:364)
	at org.openqa.selenium.support.pagefactory.DefaultElementLocator.findElements(DefaultElementLocator.java:83)
	at org.openqa.selenium.support.pagefactory.internal.LocatingElementListHandler.invoke(LocatingElementListHandler.java:36)
	at jdk.proxy2/jdk.proxy2.$Proxy28.stream(Unknown Source)
	at PageObjects.ProductsPage.getProductByName(ProductsPage.java:85)
	at StepDefinitions.UITest.ProductsPage.FunctionalityStepDefImpl.lambda$user_filters_using_categories$9(FunctionalityStepDefImpl.java:458)
	at org.openqa.selenium.devtools.DevTools.lambda$addListener$0(DevTools.java:104)
	at org.openqa.selenium.devtools.Connection.lambda$handle$5(Connection.java:348)
	at java.base/java.util.stream.ForEachOps$ForEachOp$OfRef.accept(ForEachOps.java:184)
	at java.base/java.util.stream.ReferencePipeline$2$1.accept(ReferencePipeline.java:179)
	at java.base/java.util.stream.ReferencePipeline$15$1.accept(ReferencePipeline.java:541)
	at java.base/java.util.HashMap$EntrySpliterator.forEachRemaining(HashMap.java:1858)
	at java.base/java.util.stream.AbstractPipeline.copyInto(AbstractPipeline.java:509)
	at java.base/java.util.stream.AbstractPipeline.wrapAndCopyInto(AbstractPipeline.java:499)
	at java.base/java.util.stream.ForEachOps$ForEachOp.evaluateSequential(ForEachOps.java:151)
	at java.base/java.util.stream.ForEachOps$ForEachOp$OfRef.evaluateSequential(ForEachOps.java:174)
	at java.base/java.util.stream.AbstractPipeline.evaluate(AbstractPipeline.java:234)
	at java.base/java.util.stream.ReferencePipeline.forEach(ReferencePipeline.java:596)
	at org.openqa.selenium.devtools.Connection.handle(Connection.java:311)
	at org.openqa.selenium.devtools.Connection$Listener.lambda$onText$0(Connection.java:239)
	... 3 more
]]></system-err>
  </testcase>
  <testcase name="runScenario[&quot;User provides mismatch password and password mismatch error is displayed&quot;, &quot;Register page error handling&quot;](134)" classname="TestNGTestRunner" time="3.124">
    <system-out><![CDATA[
@ErrorHandling
Scenario Outline: User provides registered email and registerd user is displayed                                                                                                               # src/test/java/FeatureFiles/UITest/RegisterPage/ErrorHandling.feature:89
  When Incorrect details santhosh sai santhoshsai4517@gmail.com 1234567890 Student Male 151Fa0124@4517 151Fa04124@4517 true and error occurs # StepDefinitions.UITest.RegisterPage.ErrorHandlingStepDefImpl.incorrect_details_and_error_occurs(java.lang.String,java.lang.String,java.lang.String,java.lang.String,java.lang.String,java.lang.String,java.lang.String,java.lang.String,boolean)
  When Incorrect details santhosh sai vteg 1234567890 Student Male 151Fa04124@4517 151Fa04124@4517 true and error occurs # StepDefinitions.UITest.RegisterPage.ErrorHandlingStepDefImpl.incorrect_details_and_error_occurs(java.lang.String,java.lang.String,java.lang.String,java.lang.String,java.lang.String,java.lang.String,java.lang.String,java.lang.String,boolean)
  Then "Password and Confirm Password must match with each other." password mismatch error message is displayed                              # StepDefinitions.UITest.RegisterPage.ErrorHandlingStepDefImpl.password_mismatch_error_message_is_displayed(java.lang.String)
  Then "*Enter Valid Email" invalid email error message is displayed                                                     # StepDefinitions.UITest.RegisterPage.ErrorHandlingStepDefImpl.invalid_email_error_message_is_displayed(java.lang.String)
  When Incorrect details santhosh sai santhoshsai4517@gmail.com 123456789w Student Male 151Fa04124@4517 151Fa04124@4517 true and error occurs # StepDefinitions.UITest.RegisterPage.ErrorHandlingStepDefImpl.incorrect_details_and_error_occurs(java.lang.String,java.lang.String,java.lang.String,java.lang.String,java.lang.String,java.lang.String,java.lang.String,java.lang.String,boolean)
  Then "*only numbers is allowed" mobile error message is displayed                                                                           # StepDefinitions.UITest.RegisterPage.ErrorHandlingStepDefImpl.mobile_error_message_is_displayed(java.lang.String)
  When Incorrect details santhosh sai santhoshsai4517@gmail.com 123456789 Student Male 151Fa04124@4517 151Fa04124@4517 true and error occurs # StepDefinitions.UITest.RegisterPage.ErrorHandlingStepDefImpl.incorrect_details_and_error_occurs(java.lang.String,java.lang.String,java.lang.String,java.lang.String,java.lang.String,java.lang.String,java.lang.String,java.lang.String,boolean)
  Then "*Phone Number must be 10 digit" 1o digit mobile error message is displayed                                                           # StepDefinitions.UITest.RegisterPage.ErrorHandlingStepDefImpl.digit_mobile_error_message_is_displayed(java.lang.String)
  Given User landed on ECommerece registration page                                                                               # StepDefinitions.UITest.RegisterPage.ErrorHandlingStepDefImpl.user_landed_on_e_commerece_registration_page()
  When Incorrect details santhosh sai santhoshsai4517@gmail.com 1234567890 Student Male 151Fa04124@4517 151Fa04124@4517 true and error occurs # StepDefinitions.UITest.RegisterPage.ErrorHandlingStepDefImpl.incorrect_details_and_error_occurs(java.lang.String,java.lang.String,java.lang.String,java.lang.String,java.lang.String,java.lang.String,java.lang.String,java.lang.String,boolean)
  Given User landed on ECommerece registration page                                                                   # StepDefinitions.UITest.RegisterPage.ErrorHandlingStepDefImpl.user_landed_on_e_commerece_registration_page()
  Then "User already exisits with this Email Id!" USER EXIST error message is displayed                                                       # StepDefinitions.UITest.RegisterPage.ErrorHandlingStepDefImpl.user_exist_error_message_is_displayed(java.lang.String)
]]></system-out>
    <system-err><![CDATA[Jan 06, 2025 10:10:50 AM org.openqa.selenium.devtools.CdpVersionFinder findNearestMatch
WARNING: Unable to find an exact match for CDP version 130, returning the closest version; found: 127; Please update to a Selenium version that supports CDP version 130
Jan 06, 2025 10:10:50 AM org.openqa.selenium.devtools.CdpVersionFinder findNearestMatch
WARNING: Unable to find an exact match for CDP version 130, returning the closest version; found: 127; Please update to a Selenium version that supports CDP version 130
Jan 06, 2025 10:10:51 AM org.openqa.selenium.remote.http.WebSocket$Listener onError
WARNING: Connection reset
java.net.SocketException: Connection reset
	at java.base/sun.nio.ch.SocketChannelImpl.throwConnectionReset(SocketChannelImpl.java:401)
	at java.base/sun.nio.ch.SocketChannelImpl.read(SocketChannelImpl.java:434)
	at java.net.http/jdk.internal.net.http.SocketTube.readAvailable(SocketTube.java:1178)
	at java.net.http/jdk.internal.net.http.SocketTube$InternalReadPublisher$InternalReadSubscription.read(SocketTube.java:841)
	at java.net.http/jdk.internal.net.http.SocketTube$SocketFlowTask.run(SocketTube.java:181)
	at java.net.http/jdk.internal.net.http.common.SequentialScheduler$SchedulableTask.run(SequentialScheduler.java:207)
	at java.net.http/jdk.internal.net.http.common.SequentialScheduler.runOrSchedule(SequentialScheduler.java:280)
	at java.net.http/jdk.internal.net.http.common.SequentialScheduler.runOrSchedule(SequentialScheduler.java:233)
	at java.net.http/jdk.internal.net.http.SocketTube$InternalReadPublisher$InternalReadSubscription.signalReadable(SocketTube.java:782)
	at java.net.http/jdk.internal.net.http.SocketTube$InternalReadPublisher$ReadEvent.signalEvent(SocketTube.java:965)
	at java.net.http/jdk.internal.net.http.SocketTube$SocketFlowEvent.handle(SocketTube.java:253)
	at java.net.http/jdk.internal.net.http.HttpClientImpl$SelectorManager.handleEvent(HttpClientImpl.java:1469)
	at java.net.http/jdk.internal.net.http.HttpClientImpl$SelectorManager.lambda$run$3(HttpClientImpl.java:1414)
	at java.base/java.util.ArrayList.forEach(ArrayList.java:1596)
	at java.net.http/jdk.internal.net.http.HttpClientImpl$SelectorManager.run(HttpClientImpl.java:1414)

Jan 06, 2025 10:10:51 AM org.openqa.selenium.remote.http.WebSocket$Listener onError
WARNING: Connection reset
java.net.SocketException: Connection reset
	at java.base/sun.nio.ch.SocketChannelImpl.throwConnectionReset(SocketChannelImpl.java:401)
	at java.base/sun.nio.ch.SocketChannelImpl.read(SocketChannelImpl.java:434)
	at java.net.http/jdk.internal.net.http.SocketTube.readAvailable(SocketTube.java:1178)
	at java.net.http/jdk.internal.net.http.SocketTube$InternalReadPublisher$InternalReadSubscription.read(SocketTube.java:841)
	at java.net.http/jdk.internal.net.http.SocketTube$SocketFlowTask.run(SocketTube.java:181)
	at java.net.http/jdk.internal.net.http.common.SequentialScheduler$SchedulableTask.run(SequentialScheduler.java:207)
	at java.net.http/jdk.internal.net.http.common.SequentialScheduler.runOrSchedule(SequentialScheduler.java:280)
	at java.net.http/jdk.internal.net.http.common.SequentialScheduler.runOrSchedule(SequentialScheduler.java:233)
	at java.net.http/jdk.internal.net.http.SocketTube$InternalReadPublisher$InternalReadSubscription.signalReadable(SocketTube.java:782)
	at java.net.http/jdk.internal.net.http.SocketTube$InternalReadPublisher$ReadEvent.signalEvent(SocketTube.java:965)
	at java.net.http/jdk.internal.net.http.SocketTube$SocketFlowEvent.handle(SocketTube.java:253)
	at java.net.http/jdk.internal.net.http.HttpClientImpl$SelectorManager.handleEvent(HttpClientImpl.java:1469)
	at java.net.http/jdk.internal.net.http.HttpClientImpl$SelectorManager.lambda$run$3(HttpClientImpl.java:1414)
	at java.base/java.util.ArrayList.forEach(ArrayList.java:1596)
	at java.net.http/jdk.internal.net.http.HttpClientImpl$SelectorManager.run(HttpClientImpl.java:1414)

Jan 06, 2025 10:10:51 AM org.openqa.selenium.remote.http.WebSocket$Listener onError
WARNING: Connection reset
java.net.SocketException: Connection reset
	at java.base/sun.nio.ch.SocketChannelImpl.throwConnectionReset(SocketChannelImpl.java:401)
	at java.base/sun.nio.ch.SocketChannelImpl.read(SocketChannelImpl.java:434)
	at java.net.http/jdk.internal.net.http.SocketTube.readAvailable(SocketTube.java:1178)
	at java.net.http/jdk.internal.net.http.SocketTube$InternalReadPublisher$InternalReadSubscription.read(SocketTube.java:841)
	at java.net.http/jdk.internal.net.http.SocketTube$SocketFlowTask.run(SocketTube.java:181)
	at java.net.http/jdk.internal.net.http.common.SequentialScheduler$SchedulableTask.run(SequentialScheduler.java:207)
	at java.net.http/jdk.internal.net.http.common.SequentialScheduler.runOrSchedule(SequentialScheduler.java:280)
	at java.net.http/jdk.internal.net.http.common.SequentialScheduler.runOrSchedule(SequentialScheduler.java:233)
	at java.net.http/jdk.internal.net.http.SocketTube$InternalReadPublisher$InternalReadSubscription.signalReadable(SocketTube.java:782)
	at java.net.http/jdk.internal.net.http.SocketTube$InternalReadPublisher$ReadEvent.signalEvent(SocketTube.java:965)
	at java.net.http/jdk.internal.net.http.SocketTube$SocketFlowEvent.handle(SocketTube.java:253)
	at java.net.http/jdk.internal.net.http.HttpClientImpl$SelectorManager.handleEvent(HttpClientImpl.java:1469)
	at java.net.http/jdk.internal.net.http.HttpClientImpl$SelectorManager.lambda$run$3(HttpClientImpl.java:1414)
	at java.base/java.util.ArrayList.forEach(ArrayList.java:1596)
	at java.net.http/jdk.internal.net.http.HttpClientImpl$SelectorManager.run(HttpClientImpl.java:1414)

Jan 06, 2025 10:10:52 AM org.openqa.selenium.devtools.CdpVersionFinder findNearestMatch
WARNING: Unable to find an exact match for CDP version 130, returning the closest version; found: 127; Please update to a Selenium version that supports CDP version 130
Jan 06, 2025 10:10:52 AM org.openqa.selenium.remote.http.WebSocket$Listener onError
WARNING: Connection reset
java.net.SocketException: Connection reset
	at java.base/sun.nio.ch.SocketChannelImpl.throwConnectionReset(SocketChannelImpl.java:401)
	at java.base/sun.nio.ch.SocketChannelImpl.read(SocketChannelImpl.java:434)
	at java.net.http/jdk.internal.net.http.SocketTube.readAvailable(SocketTube.java:1178)
	at java.net.http/jdk.internal.net.http.SocketTube$InternalReadPublisher$InternalReadSubscription.read(SocketTube.java:841)
	at java.net.http/jdk.internal.net.http.SocketTube$SocketFlowTask.run(SocketTube.java:181)
	at java.net.http/jdk.internal.net.http.common.SequentialScheduler$SchedulableTask.run(SequentialScheduler.java:207)
	at java.net.http/jdk.internal.net.http.common.SequentialScheduler.runOrSchedule(SequentialScheduler.java:280)
	at java.net.http/jdk.internal.net.http.common.SequentialScheduler.runOrSchedule(SequentialScheduler.java:233)
	at java.net.http/jdk.internal.net.http.SocketTube$InternalReadPublisher$InternalReadSubscription.signalReadable(SocketTube.java:782)
	at java.net.http/jdk.internal.net.http.SocketTube$InternalReadPublisher$ReadEvent.signalEvent(SocketTube.java:965)
	at java.net.http/jdk.internal.net.http.SocketTube$SocketFlowEvent.handle(SocketTube.java:253)
	at java.net.http/jdk.internal.net.http.HttpClientImpl$SelectorManager.handleEvent(HttpClientImpl.java:1469)
	at java.net.http/jdk.internal.net.http.HttpClientImpl$SelectorManager.lambda$run$3(HttpClientImpl.java:1414)
	at java.base/java.util.ArrayList.forEach(ArrayList.java:1596)
	at java.net.http/jdk.internal.net.http.HttpClientImpl$SelectorManager.run(HttpClientImpl.java:1414)

Jan 06, 2025 10:10:52 AM org.openqa.selenium.devtools.Connection$Listener lambda$onText$0
WARNING: Unable to process: {"method":"Network.responseReceived","params":{"requestId":"63104.21","loaderId":"9E469AC8CE4CB70FA4A5684C0070D806","timestamp":242615.459824,"type":"XHR","response":{"url":"https://rahulshettyacademy.com/api/ecom/auth/register","status":400,"statusText":"Bad Request","headers":{"ETag":"W/\"36-P1IkbAVinPZnsnsl+gSlDYl9r30\"","Expect-CT":"max-age=0","X-Permitted-Cross-Domain-Policies":"none","X-Content-Type-Options":"nosniff","Date":"Mon, 06 Jan 2025 04:40:59 GMT","Content-Type":"application/json; charset=utf-8","Vary":"Accept-Encoding","X-Frame-Options":"SAMEORIGIN","Strict-Transport-Security":"max-age=15552000; includeSubDomains","Content-Security-Policy":"default-src 'self';base-uri 'self';block-all-mixed-content;font-src 'self' https: data:;frame-ancestors 'self';img-src 'self' data:;object-src 'none';script-src 'self';script-src-attr 'none';style-src 'self' https: 'unsafe-inline';upgrade-insecure-requests","X-DNS-Prefetch-Control":"off","Connection":"close","Referrer-Policy":"no-referrer","X-Download-Options":"noopen","Access-Control-Allow-Origin":"*","Content-Length":"54","X-XSS-Protection":"0","Server":"Apache/2.4.52 (Ubuntu)"},"mimeType":"application/json","charset":"utf-8","connectionReused":true,"connectionId":35,"remoteIPAddress":"13.201.9.53","remotePort":443,"fromDiskCache":false,"fromServiceWorker":false,"fromPrefetchCache":false,"encodedDataLength":860,"timing":{"requestTime":242615.421424,"proxyStart":-1,"proxyEnd":-1,"dnsStart":-1,"dnsEnd":-1,"connectStart":-1,"connectEnd":-1,"sslStart":-1,"sslEnd":-1,"workerStart":-1,"workerReady":-1,"workerFetchStart":-1,"workerRespondWithSettled":-1,"sendStart":1.696,"sendEnd":2.104,"pushStart":0,"pushEnd":0,"receiveHeadersStart":37.132,"receiveHeadersEnd":37.21},"responseTime":1.73613845269887e+12,"protocol":"http/1.1","alternateProtocolUsage":"unspecifiedReason","securityState":"secure","securityDetails":{"protocol":"TLS 1.3","keyExchange":"","keyExchangeGroup":"X25519","cipher":"AES_128_GCM","certificateId":0,"subjectName":"rahulshettyacademy.com","sanList":["rahulshettyacademy.com"],"issuer":"E6","validFrom":1731833819,"validTo":1739609818,"signedCertificateTimestampList":[{"status":"Verified","origin":"Embedded in certificate","logDescription":"Google 'Xenon2025h1' log","logId":"CF1156EED52E7CAFF3875BD9692E9BE91A71674AB017ECAC01D25B77CECC3B08","timestamp":1731837329589,"hashAlgorithm":"SHA-256","signatureAlgorithm":"ECDSA","signatureData":"3045022049CA90B2CB95C3A4AECDECF04FECA784EE3C38F667E4444EC363E3896496E161022100A382A6A79A23DB380C6BAE53F0317A7817F487C963769692F01598128068DB66"},{"status":"Verified","origin":"Embedded in certificate","logDescription":"DigiCert Nessie2025 Log","logId":"E6D2316340778CC1104106D771B9CEC1D240F6968486FBBA87321DFD1E378E50","timestamp":1731837329733,"hashAlgorithm":"SHA-256","signatureAlgorithm":"ECDSA","signatureData":"30450220157FD090AF13CC9D704CDB761C669D3050A465792F7063143A29419C5455EE34022100B52F2E04241FBDC492EED0F11D8D4C2FCCA313C5DD1D6CFBD8BE909857B03816"}],"certificateTransparencyCompliance":"unknown","serverSignatureAlgorithm":1027,"encryptedClientHello":false}},"hasExtraInfo":true,"frameId":"16614FCF1126FDE21C291273966BF4EA"},"sessionId":"E1E15F314B1842580DB39147FCB8609E"}
org.openqa.selenium.devtools.DevToolsException: {"id":339,"error":{"code":-32000,"message":"No resource with given identifier found"},"sessionId":"5DA1556383133425503490B363134DC0"}
Build info: version: '4.23.0', revision: '4df0a231af'
System info: os.name: 'Windows 11', os.arch: 'amd64', os.version: '10.0', java.version: '21.0.5'
Driver info: driver.version: unknown
	at org.openqa.selenium.devtools.Connection.sendAndWait(Connection.java:195)
	at org.openqa.selenium.devtools.DevTools.send(DevTools.java:90)
	at StepDefinitions.UITest.RegisterPage.ErrorHandlingStepDefImpl.lambda$user_exist_error_message_is_displayed$1(ErrorHandlingStepDefImpl.java:115)
	at org.openqa.selenium.devtools.DevTools.lambda$addListener$0(DevTools.java:104)
	at org.openqa.selenium.devtools.Connection.lambda$handle$5(Connection.java:348)
	at java.base/java.util.stream.ForEachOps$ForEachOp$OfRef.accept(ForEachOps.java:184)
	at java.base/java.util.stream.ReferencePipeline$2$1.accept(ReferencePipeline.java:179)
	at java.base/java.util.stream.ReferencePipeline$15$1.accept(ReferencePipeline.java:541)
	at java.base/java.util.HashMap$EntrySpliterator.forEachRemaining(HashMap.java:1858)
	at java.base/java.util.stream.AbstractPipeline.copyInto(AbstractPipeline.java:509)
	at java.base/java.util.stream.AbstractPipeline.wrapAndCopyInto(AbstractPipeline.java:499)
	at java.base/java.util.stream.ForEachOps$ForEachOp.evaluateSequential(ForEachOps.java:151)
	at java.base/java.util.stream.ForEachOps$ForEachOp$OfRef.evaluateSequential(ForEachOps.java:174)
	at java.base/java.util.stream.AbstractPipeline.evaluate(AbstractPipeline.java:234)
	at java.base/java.util.stream.ReferencePipeline.forEach(ReferencePipeline.java:596)
	at org.openqa.selenium.devtools.Connection.handle(Connection.java:311)
	at org.openqa.selenium.devtools.Connection$Listener.lambda$onText$0(Connection.java:239)
	at java.base/java.util.concurrent.ThreadPoolExecutor.runWorker(ThreadPoolExecutor.java:1144)
	at java.base/java.util.concurrent.ThreadPoolExecutor$Worker.run(ThreadPoolExecutor.java:642)
	at java.base/java.lang.Thread.run(Thread.java:1583)
Caused by: org.openqa.selenium.WebDriverException: {"id":339,"error":{"code":-32000,"message":"No resource with given identifier found"},"sessionId":"5DA1556383133425503490B363134DC0"}
Build info: version: '4.23.0', revision: '4df0a231af'
System info: os.name: 'Windows 11', os.arch: 'amd64', os.version: '10.0', java.version: '21.0.5'
Driver info: driver.version: unknown
	at org.openqa.selenium.devtools.Connection.handle(Connection.java:275)
	... 4 more

Exception in thread "CDP Connection" org.openqa.selenium.devtools.DevToolsException: {"id":339,"error":{"code":-32000,"message":"No resource with given identifier found"},"sessionId":"5DA1556383133425503490B363134DC0"}
Build info: version: '4.23.0', revision: '4df0a231af'
System info: os.name: 'Windows 11', os.arch: 'amd64', os.version: '10.0', java.version: '21.0.5'
Driver info: driver.version: unknown
	at org.openqa.selenium.devtools.Connection$Listener.lambda$onText$0(Connection.java:242)
	at java.base/java.util.concurrent.ThreadPoolExecutor.runWorker(ThreadPoolExecutor.java:1144)
	at java.base/java.util.concurrent.ThreadPoolExecutor$Worker.run(ThreadPoolExecutor.java:642)
	at java.base/java.lang.Thread.run(Thread.java:1583)
Caused by: org.openqa.selenium.devtools.DevToolsException: {"id":339,"error":{"code":-32000,"message":"No resource with given identifier found"},"sessionId":"5DA1556383133425503490B363134DC0"}
Build info: version: '4.23.0', revision: '4df0a231af'
System info: os.name: 'Windows 11', os.arch: 'amd64', os.version: '10.0', java.version: '21.0.5'
Driver info: driver.version: unknown
	at org.openqa.selenium.devtools.Connection.sendAndWait(Connection.java:195)
	at org.openqa.selenium.devtools.DevTools.send(DevTools.java:90)
	at StepDefinitions.UITest.RegisterPage.ErrorHandlingStepDefImpl.lambda$user_exist_error_message_is_displayed$1(ErrorHandlingStepDefImpl.java:115)
	at org.openqa.selenium.devtools.DevTools.lambda$addListener$0(DevTools.java:104)
	at org.openqa.selenium.devtools.Connection.lambda$handle$5(Connection.java:348)
	at java.base/java.util.stream.ForEachOps$ForEachOp$OfRef.accept(ForEachOps.java:184)
	at java.base/java.util.stream.ReferencePipeline$2$1.accept(ReferencePipeline.java:179)
Jan 06, 2025 10:10:52 AM org.openqa.selenium.devtools.Connection$Listener lambda$onText$0
WARNING: Unable to process: {"method":"Network.responseReceived","params":{"requestId":"63104.21","loaderId":"9E469AC8CE4CB70FA4A5684C0070D806","timestamp":242615.459901,"type":"Other","response":{"url":"https://rahulshettyacademy.com/api/ecom/auth/register","status":400,"statusText":"Bad Request","headers":{"ETag":"W/\"36-P1IkbAVinPZnsnsl+gSlDYl9r30\"","Expect-CT":"max-age=0","X-Permitted-Cross-Domain-Policies":"none","X-Content-Type-Options":"nosniff","Date":"Mon, 06 Jan 2025 04:40:59 GMT","Content-Type":"application/json; charset=utf-8","Vary":"Accept-Encoding","X-Frame-Options":"SAMEORIGIN","Strict-Transport-Security":"max-age=15552000; includeSubDomains","Content-Security-Policy":"default-src 'self';base-uri 'self';block-all-mixed-content;font-src 'self' https: data:;frame-ancestors 'self';img-src 'self' data:;object-src 'none';script-src 'self';script-src-attr 'none';style-src 'self' https: 'unsafe-inline';upgrade-insecure-requests","X-DNS-Prefetch-Control":"off","Connection":"close","Referrer-Policy":"no-referrer","X-Download-Options":"noopen","Access-Control-Allow-Origin":"*","Content-Length":"54","X-XSS-Protection":"0","Server":"Apache/2.4.52 (Ubuntu)"},"mimeType":"application/json","charset":"utf-8","connectionReused":true,"connectionId":35,"remoteIPAddress":"13.201.9.53","remotePort":443,"fromDiskCache":false,"fromServiceWorker":false,"fromPrefetchCache":false,"encodedDataLength":860,"timing":{"requestTime":242615.421424,"proxyStart":-1,"proxyEnd":-1,"dnsStart":-1,"dnsEnd":-1,"connectStart":-1,"connectEnd":-1,"sslStart":-1,"sslEnd":-1,"workerStart":-1,"workerReady":-1,"workerFetchStart":-1,"workerRespondWithSettled":-1,"sendStart":1.696,"sendEnd":2.104,"pushStart":0,"pushEnd":0,"receiveHeadersStart":37.132,"receiveHeadersEnd":37.21},"responseTime":1.73613845269887e+12,"protocol":"http/1.1","alternateProtocolUsage":"unspecifiedReason","securityState":"secure","securityDetails":{"protocol":"TLS 1.3","keyExchange":"","keyExchangeGroup":"X25519","cipher":"AES_128_GCM","certificateId":0,"subjectName":"rahulshettyacademy.com","sanList":["rahulshettyacademy.com"],"issuer":"E6","validFrom":1731833819,"validTo":1739609818,"signedCertificateTimestampList":[{"status":"Verified","origin":"Embedded in certificate","logDescription":"Google 'Xenon2025h1' log","logId":"CF1156EED52E7CAFF3875BD9692E9BE91A71674AB017ECAC01D25B77CECC3B08","timestamp":1731837329589,"hashAlgorithm":"SHA-256","signatureAlgorithm":"ECDSA","signatureData":"3045022049CA90B2CB95C3A4AECDECF04FECA784EE3C38F667E4444EC363E3896496E161022100A382A6A79A23DB380C6BAE53F0317A7817F487C963769692F01598128068DB66"},{"status":"Verified","origin":"Embedded in certificate","logDescription":"DigiCert Nessie2025 Log","logId":"E6D2316340778CC1104106D771B9CEC1D240F6968486FBBA87321DFD1E378E50","timestamp":1731837329733,"hashAlgorithm":"SHA-256","signatureAlgorithm":"ECDSA","signatureData":"30450220157FD090AF13CC9D704CDB761C669D3050A465792F7063143A29419C5455EE34022100B52F2E04241FBDC492EED0F11D8D4C2FCCA313C5DD1D6CFBD8BE909857B03816"}],"certificateTransparencyCompliance":"unknown","serverSignatureAlgorithm":1027,"encryptedClientHello":false}},"hasExtraInfo":true,"frameId":"16614FCF1126FDE21C291273966BF4EA"},"sessionId":"5DA1556383133425503490B363134DC0"}
org.openqa.selenium.devtools.DevToolsException: {"id":338,"error":{"code":-32000,"message":"No resource with given identifier found"},"sessionId":"5DA1556383133425503490B363134DC0"}
Build info: version: '4.23.0', revision: '4df0a231af'
System info: os.name: 'Windows 11', os.arch: 'amd64', os.version: '10.0', java.version: '21.0.5'
Driver info: driver.version: unknown
	at org.openqa.selenium.devtools.Connection.sendAndWait(Connection.java:195)
	at org.openqa.selenium.devtools.DevTools.send(DevTools.java:90)
	at StepDefinitions.UITest.RegisterPage.ErrorHandlingStepDefImpl.lambda$user_exist_error_message_is_displayed$1(ErrorHandlingStepDefImpl.java:115)
	at org.openqa.selenium.devtools.DevTools.lambda$addListener$0(DevTools.java:104)
	at org.openqa.selenium.devtools.Connection.lambda$handle$5(Connection.java:348)
	at java.base/java.util.stream.ForEachOps$ForEachOp$OfRef.accept(ForEachOps.java:184)
	at java.base/java.util.stream.ReferencePipeline$2$1.accept(ReferencePipeline.java:179)
	at java.base/java.util.stream.ReferencePipeline$15$1.accept(ReferencePipeline.java:541)
	at java.base/java.util.HashMap$EntrySpliterator.forEachRemaining(HashMap.java:1858)
	at java.base/java.util.stream.AbstractPipeline.copyInto(AbstractPipeline.java:509)
	at java.base/java.util.stream.AbstractPipeline.wrapAndCopyInto(AbstractPipeline.java:499)
	at java.base/java.util.stream.ForEachOps$ForEachOp.evaluateSequential(ForEachOps.java:151)
	at java.base/java.util.stream.ForEachOps$ForEachOp$OfRef.evaluateSequential(ForEachOps.java:174)
	at java.base/java.util.stream.AbstractPipeline.evaluate(AbstractPipeline.java:234)
	at java.base/java.util.stream.ReferencePipeline.forEach(ReferencePipeline.java:596)
	at org.openqa.selenium.devtools.Connection.handle(Connection.java:311)
	at org.openqa.selenium.devtools.Connection$Listener.lambda$onText$0(Connection.java:239)
	at java.base/java.util.concurrent.ThreadPoolExecutor.runWorker(ThreadPoolExecutor.java:1144)
	at java.base/java.util.concurrent.ThreadPoolExecutor$Worker.run(ThreadPoolExecutor.java:642)
	at java.base/java.lang.Thread.run(Thread.java:1583)
Caused by: org.openqa.selenium.WebDriverException: {"id":338,"error":{"code":-32000,"message":"No resource with given identifier found"},"sessionId":"5DA1556383133425503490B363134DC0"}
Build info: version: '4.23.0', revision: '4df0a231af'
System info: os.name: 'Windows 11', os.arch: 'amd64', os.version: '10.0', java.version: '21.0.5'
Driver info: driver.version: unknown
	at org.openqa.selenium.devtools.Connection.handle(Connection.java:275)
	... 4 more

	at java.base/java.util.stream.ReferencePipeline$15$1.accept(ReferencePipeline.java:541)
	at java.base/java.util.HashMap$EntrySpliterator.forEachRemaining(HashMap.java:1858)
	at java.base/java.util.stream.AbstractPipeline.copyInto(AbstractPipeline.java:509)
	at java.base/java.util.stream.AbstractPipeline.wrapAndCopyInto(AbstractPipeline.java:499)
	at java.base/java.util.stream.ForEachOps$ForEachOp.evaluateSequential(ForEachOps.java:151)
	at java.base/java.util.stream.ForEachOps$ForEachOp$OfRef.evaluateSequential(ForEachOps.java:174)
	at java.base/java.util.stream.AbstractPipeline.evaluate(AbstractPipeline.java:234)
	at java.base/java.util.stream.ReferencePipeline.forEach(ReferencePipeline.java:596)
	at org.openqa.selenium.devtools.Connection.handle(Connection.java:311)
	at org.openqa.selenium.devtools.Connection$Listener.lambda$onText$0(Connection.java:239)
	... 3 more
Caused by: org.openqa.selenium.WebDriverException: {"id":339,"error":{"code":-32000,"message":"No resource with given identifier found"},"sessionId":"5DA1556383133425503490B363134DC0"}
Build info: version: '4.23.0', revision: '4df0a231af'
System info: os.name: 'Windows 11', os.arch: 'amd64', os.version: '10.0', java.version: '21.0.5'
Driver info: driver.version: unknown
	at org.openqa.selenium.devtools.Connection.handle(Connection.java:275)
	... 4 more
Exception in thread "CDP Connection" org.openqa.selenium.devtools.DevToolsException: {"id":338,"error":{"code":-32000,"message":"No resource with given identifier found"},"sessionId":"5DA1556383133425503490B363134DC0"}
Build info: version: '4.23.0', revision: '4df0a231af'
System info: os.name: 'Windows 11', os.arch: 'amd64', os.version: '10.0', java.version: '21.0.5'
Driver info: driver.version: unknown
	at org.openqa.selenium.devtools.Connection$Listener.lambda$onText$0(Connection.java:242)
	at java.base/java.util.concurrent.ThreadPoolExecutor.runWorker(ThreadPoolExecutor.java:1144)
	at java.base/java.util.concurrent.ThreadPoolExecutor$Worker.run(ThreadPoolExecutor.java:642)
	at java.base/java.lang.Thread.run(Thread.java:1583)
Caused by: org.openqa.selenium.devtools.DevToolsException: {"id":338,"error":{"code":-32000,"message":"No resource with given identifier found"},"sessionId":"5DA1556383133425503490B363134DC0"}
Build info: version: '4.23.0', revision: '4df0a231af'
System info: os.name: 'Windows 11', os.arch: 'amd64', os.version: '10.0', java.version: '21.0.5'
Driver info: driver.version: unknown
	at org.openqa.selenium.devtools.Connection.sendAndWait(Connection.java:195)
	at org.openqa.selenium.devtools.DevTools.send(DevTools.java:90)
	at StepDefinitions.UITest.RegisterPage.ErrorHandlingStepDefImpl.lambda$user_exist_error_message_is_displayed$1(ErrorHandlingStepDefImpl.java:115)
	at org.openqa.selenium.devtools.DevTools.lambda$addListener$0(DevTools.java:104)
	at org.openqa.selenium.devtools.Connection.lambda$handle$5(Connection.java:348)
	at java.base/java.util.stream.ForEachOps$ForEachOp$OfRef.accept(ForEachOps.java:184)
	at java.base/java.util.stream.ReferencePipeline$2$1.accept(ReferencePipeline.java:179)
	at java.base/java.util.stream.ReferencePipeline$15$1.accept(ReferencePipeline.java:541)
	at java.base/java.util.HashMap$EntrySpliterator.forEachRemaining(HashMap.java:1858)
	at java.base/java.util.stream.AbstractPipeline.copyInto(AbstractPipeline.java:509)
	at java.base/java.util.stream.AbstractPipeline.wrapAndCopyInto(AbstractPipeline.java:499)
	at java.base/java.util.stream.ForEachOps$ForEachOp.evaluateSequential(ForEachOps.java:151)
	at java.base/java.util.stream.ForEachOps$ForEachOp$OfRef.evaluateSequential(ForEachOps.java:174)
	at java.base/java.util.stream.AbstractPipeline.evaluate(AbstractPipeline.java:234)
	at java.base/java.util.stream.ReferencePipeline.forEach(ReferencePipeline.java:596)
	at org.openqa.selenium.devtools.Connection.handle(Connection.java:311)
	at org.openqa.selenium.devtools.Connection$Listener.lambda$onText$0(Connection.java:239)
	... 3 more
Caused by: org.openqa.selenium.WebDriverException: {"id":338,"error":{"code":-32000,"message":"No resource with given identifier found"},"sessionId":"5DA1556383133425503490B363134DC0"}
Build info: version: '4.23.0', revision: '4df0a231af'
System info: os.name: 'Windows 11', os.arch: 'amd64', os.version: '10.0', java.version: '21.0.5'
Driver info: driver.version: unknown
	at org.openqa.selenium.devtools.Connection.handle(Connection.java:275)
	... 4 more
Jan 06, 2025 10:10:52 AM org.openqa.selenium.remote.http.WebSocket$Listener onError
WARNING: Connection reset
java.net.SocketException: Connection reset
	at java.base/sun.nio.ch.SocketChannelImpl.throwConnectionReset(SocketChannelImpl.java:401)
	at java.base/sun.nio.ch.SocketChannelImpl.read(SocketChannelImpl.java:434)
	at java.net.http/jdk.internal.net.http.SocketTube.readAvailable(SocketTube.java:1178)
	at java.net.http/jdk.internal.net.http.SocketTube$InternalReadPublisher$InternalReadSubscription.read(SocketTube.java:841)
	at java.net.http/jdk.internal.net.http.SocketTube$SocketFlowTask.run(SocketTube.java:181)
	at java.net.http/jdk.internal.net.http.common.SequentialScheduler$SchedulableTask.run(SequentialScheduler.java:207)
	at java.net.http/jdk.internal.net.http.common.SequentialScheduler.runOrSchedule(SequentialScheduler.java:280)
	at java.net.http/jdk.internal.net.http.common.SequentialScheduler.runOrSchedule(SequentialScheduler.java:233)
	at java.net.http/jdk.internal.net.http.SocketTube$InternalReadPublisher$InternalReadSubscription.signalReadable(SocketTube.java:782)
	at java.net.http/jdk.internal.net.http.SocketTube$InternalReadPublisher$ReadEvent.signalEvent(SocketTube.java:965)
	at java.net.http/jdk.internal.net.http.SocketTube$SocketFlowEvent.handle(SocketTube.java:253)
	at java.net.http/jdk.internal.net.http.HttpClientImpl$SelectorManager.handleEvent(HttpClientImpl.java:1469)
	at java.net.http/jdk.internal.net.http.HttpClientImpl$SelectorManager.lambda$run$3(HttpClientImpl.java:1414)
	at java.base/java.util.ArrayList.forEach(ArrayList.java:1596)
	at java.net.http/jdk.internal.net.http.HttpClientImpl$SelectorManager.run(HttpClientImpl.java:1414)

]]></system-err>
  </testcase>
  <testcase name="runScenario[&quot;User provides inalid email and invalid email error is displayed&quot;, &quot;Register page error handling&quot;](135)" classname="TestNGTestRunner" time="0.049">
    <system-out><![CDATA[
@Functional
Scenario: User clicks on login page link in register page        # src/test/java/FeatureFiles/UITest/RegisterPage/Functionality.feature:4
]]></system-out>
  </testcase>
  <testcase name="runScenario[&quot;User provides mobile number with chars and mobile error is displayed&quot;, &quot;Register page error handling&quot;](136)" classname="TestNGTestRunner" time="0.537">
    <system-out><![CDATA[
@Functional
Scenario Outline: User provides all correct details and user is registered successfully                                                                       # src/test/java/FeatureFiles/UITest/RegisterPage/Functionality.feature:17
]]></system-out>
    <system-err><![CDATA[Jan 06, 2025 10:10:53 AM org.openqa.selenium.devtools.CdpVersionFinder findNearestMatch
WARNING: Unable to find an exact match for CDP version 130, returning the closest version; found: 127; Please update to a Selenium version that supports CDP version 130
]]></system-err>
  </testcase>
  <testcase name="runScenario[&quot;User provides mobile number with less than 10 digits and mobile error is displayed&quot;, &quot;Register page error handling&quot;](137)" classname="TestNGTestRunner" time="1.283">
    <system-out><![CDATA[  When Incorrect details santhosh sai sarteljnsai4517@gmail.com 1234567890 Student Male 123456789 123456789 true and error occurs # StepDefinitions.UITest.RegisterPage.ErrorHandlingStepDefImpl.incorrect_details_and_error_occurs(java.lang.String,java.lang.String,java.lang.String,java.lang.String,java.lang.String,java.lang.String,java.lang.String,java.lang.String,boolean)
  Then Please enter 1 Special Character, 1 Capital 1, Numeric 1 Small password length error message is displayed                  # StepDefinitions.UITest.RegisterPage.ErrorHandlingStepDefImpl.password_length_error_message_is_displayed(java.lang.String)
  Given User landed on ECommerece registration page                                                                                                                    # StepDefinitions.UITest.RegisterPage.ErrorHandlingStepDefImpl.user_landed_on_e_commerece_registration_page()
  When Incorrect details santhosh sai sarteljnsai4517@gmail.com 1234567890 Student Male 123 123 true and error occurs # StepDefinitions.UITest.RegisterPage.ErrorHandlingStepDefImpl.incorrect_details_and_error_occurs(java.lang.String,java.lang.String,java.lang.String,java.lang.String,java.lang.String,java.lang.String,java.lang.String,java.lang.String,boolean)
  Then Password must be 8 Character Long! password length error message is displayed                                  # StepDefinitions.UITest.RegisterPage.ErrorHandlingStepDefImpl.password_length_error_message_is_displayed(java.lang.String)
]]></system-out>
    <system-err><![CDATA[Jan 06, 2025 10:10:54 AM org.openqa.selenium.devtools.Connection$Listener lambda$onText$0
WARNING: Unable to process: {"method":"Network.responseReceived","params":{"requestId":"52504.21","loaderId":"AC4B9DE090F7AB84573EC760748417BB","timestamp":242617.093161,"type":"Other","response":{"url":"https://rahulshettyacademy.com/api/ecom/auth/register","status":422,"statusText":"Unprocessable Entity","headers":{"ETag":"W/\"5a-mSZORuFKHjKkqEMdomcB1IpMT0w\"","Expect-CT":"max-age=0","X-Permitted-Cross-Domain-Policies":"none","X-Content-Type-Options":"nosniff","Keep-Alive":"timeout=5, max=95","Date":"Mon, 06 Jan 2025 04:41:00 GMT","Content-Type":"application/json; charset=utf-8","Vary":"Accept-Encoding","X-Frame-Options":"SAMEORIGIN","Strict-Transport-Security":"max-age=15552000; includeSubDomains","Content-Security-Policy":"default-src 'self';base-uri 'self';block-all-mixed-content;font-src 'self' https: data:;frame-ancestors 'self';img-src 'self' data:;object-src 'none';script-src 'self';script-src-attr 'none';style-src 'self' https: 'unsafe-inline';upgrade-insecure-requests","X-DNS-Prefetch-Control":"off","Connection":"Keep-Alive","Referrer-Policy":"no-referrer","X-Download-Options":"noopen","Access-Control-Allow-Origin":"*","Content-Length":"90","X-XSS-Protection":"0","Server":"Apache/2.4.52 (Ubuntu)"},"mimeType":"application/json","charset":"utf-8","connectionReused":true,"connectionId":87,"remoteIPAddress":"13.201.9.53","remotePort":443,"fromDiskCache":false,"fromServiceWorker":false,"fromPrefetchCache":false,"encodedDataLength":905,"timing":{"requestTime":242617.057628,"proxyStart":-1,"proxyEnd":-1,"dnsStart":-1,"dnsEnd":-1,"connectStart":-1,"connectEnd":-1,"sslStart":-1,"sslEnd":-1,"workerStart":-1,"workerReady":-1,"workerFetchStart":-1,"workerRespondWithSettled":-1,"sendStart":1.648,"sendEnd":1.958,"pushStart":0,"pushEnd":0,"receiveHeadersStart":33.641,"receiveHeadersEnd":33.866},"responseTime":1.736138454330868e+12,"protocol":"http/1.1","alternateProtocolUsage":"unspecifiedReason","securityState":"secure","securityDetails":{"protocol":"TLS 1.3","keyExchange":"","keyExchangeGroup":"X25519","cipher":"AES_128_GCM","certificateId":0,"subjectName":"rahulshettyacademy.com","sanList":["rahulshettyacademy.com"],"issuer":"E6","validFrom":1731833819,"validTo":1739609818,"signedCertificateTimestampList":[{"status":"Verified","origin":"Embedded in certificate","logDescription":"Google 'Xenon2025h1' log","logId":"CF1156EED52E7CAFF3875BD9692E9BE91A71674AB017ECAC01D25B77CECC3B08","timestamp":1731837329589,"hashAlgorithm":"SHA-256","signatureAlgorithm":"ECDSA","signatureData":"3045022049CA90B2CB95C3A4AECDECF04FECA784EE3C38F667E4444EC363E3896496E161022100A382A6A79A23DB380C6BAE53F0317A7817F487C963769692F01598128068DB66"},{"status":"Verified","origin":"Embedded in certificate","logDescription":"DigiCert Nessie2025 Log","logId":"E6D2316340778CC1104106D771B9CEC1D240F6968486FBBA87321DFD1E378E50","timestamp":1731837329733,"hashAlgorithm":"SHA-256","signatureAlgorithm":"ECDSA","signatureData":"30450220157FD090AF13CC9D704CDB761C669D3050A465792F7063143A29419C5455EE34022100B52F2E04241FBDC492EED0F11D8D4C2FCCA313C5DD1D6CFBD8BE909857B03816"}],"certificateTransparencyCompliance":"unknown","serverSignatureAlgorithm":1027,"encryptedClientHello":false}},"hasExtraInfo":true,"frameId":"071CF89B25D2311BE07350EB00794E6A"},"sessionId":"B49F42226C30838C1960B6FB23D4056C"}
org.openqa.selenium.devtools.DevToolsException: {"id":355,"error":{"code":-32000,"message":"No resource with given identifier found"},"sessionId":"B49F42226C30838C1960B6FB23D4056C"}
Build info: version: '4.23.0', revision: '4df0a231af'
System info: os.name: 'Windows 11', os.arch: 'amd64', os.version: '10.0', java.version: '21.0.5'
Driver info: driver.version: unknown
	at org.openqa.selenium.devtools.Connection.sendAndWait(Connection.java:195)
	at org.openqa.selenium.devtools.DevTools.send(DevTools.java:90)
	at StepDefinitions.UITest.RegisterPage.ErrorHandlingStepDefImpl.lambda$password_length_error_message_is_displayed$2(ErrorHandlingStepDefImpl.java:133)
	at org.openqa.selenium.devtools.DevTools.lambda$addListener$0(DevTools.java:104)
	at org.openqa.selenium.devtools.Connection.lambda$handle$5(Connection.java:348)
	at java.base/java.util.stream.ForEachOps$ForEachOp$OfRef.accept(ForEachOps.java:184)
	at java.base/java.util.stream.ReferencePipeline$2$1.accept(ReferencePipeline.java:179)
	at java.base/java.util.stream.ReferencePipeline$15$1.accept(ReferencePipeline.java:541)
	at java.base/java.util.HashMap$EntrySpliterator.forEachRemaining(HashMap.java:1858)
	at java.base/java.util.stream.AbstractPipeline.copyInto(AbstractPipeline.java:509)
	at java.base/java.util.stream.AbstractPipeline.wrapAndCopyInto(AbstractPipeline.java:499)
	at java.base/java.util.stream.ForEachOps$ForEachOp.evaluateSequential(ForEachOps.java:151)
	at java.base/java.util.stream.ForEachOps$ForEachOp$OfRef.evaluateSequential(ForEachOps.java:174)
	at java.base/java.util.stream.AbstractPipeline.evaluate(AbstractPipeline.java:234)
	at java.base/java.util.stream.ReferencePipeline.forEach(ReferencePipeline.java:596)
	at org.openqa.selenium.devtools.Connection.handle(Connection.java:311)
	at org.openqa.selenium.devtools.Connection$Listener.lambda$onText$0(Connection.java:239)
	at java.base/java.util.concurrent.ThreadPoolExecutor.runWorker(ThreadPoolExecutor.java:1144)
	at java.base/java.util.concurrent.ThreadPoolExecutor$Worker.run(ThreadPoolExecutor.java:642)
	at java.base/java.lang.Thread.run(Thread.java:1583)
Caused by: org.openqa.selenium.WebDriverException: {"id":355,"error":{"code":-32000,"message":"No resource with given identifier found"},"sessionId":"B49F42226C30838C1960B6FB23D4056C"}
Build info: version: '4.23.0', revision: '4df0a231af'
System info: os.name: 'Windows 11', os.arch: 'amd64', os.version: '10.0', java.version: '21.0.5'
Driver info: driver.version: unknown
	at org.openqa.selenium.devtools.Connection.handle(Connection.java:275)
	... 4 more

Exception in thread "CDP Connection" org.openqa.selenium.devtools.DevToolsException: {"id":355,"error":{"code":-32000,"message":"No resource with given identifier found"},"sessionId":"B49F42226C30838C1960B6FB23D4056C"}
Build info: version: '4.23.0', revision: '4df0a231af'
System info: os.name: 'Windows 11', os.arch: 'amd64', os.version: '10.0', java.version: '21.0.5'
Driver info: driver.version: unknown
	at org.openqa.selenium.devtools.Connection$Listener.lambda$onText$0(Connection.java:242)
	at java.base/java.util.concurrent.ThreadPoolExecutor.runWorker(ThreadPoolExecutor.java:1144)
	at java.base/java.util.concurrent.ThreadPoolExecutor$Worker.run(ThreadPoolExecutor.java:642)
	at java.base/java.lang.Thread.run(Thread.java:1583)
Caused by: org.openqa.selenium.devtools.DevToolsException: {"id":355,"error":{"code":-32000,"message":"No resource with given identifier found"},"sessionId":"B49F42226C30838C1960B6FB23D4056C"}
Build info: version: '4.23.0', revision: '4df0a231af'
System info: os.name: 'Windows 11', os.arch: 'amd64', os.version: '10.0', java.version: '21.0.5'
Driver info: driver.version: unknown
	at org.openqa.selenium.devtools.Connection.sendAndWait(Connection.java:195)
	at org.openqa.selenium.devtools.DevTools.send(DevTools.java:90)
	at StepDefinitions.UITest.RegisterPage.ErrorHandlingStepDefImpl.lambda$password_length_error_message_is_displayed$2(ErrorHandlingStepDefImpl.java:133)
	at org.openqa.selenium.devtools.DevTools.lambda$addListener$0(DevTools.java:104)
	at org.openqa.selenium.devtools.Connection.lambda$handle$5(Connection.java:348)
	at java.base/java.util.stream.ForEachOps$ForEachOp$OfRef.accept(ForEachOps.java:184)
	at java.base/java.util.stream.ReferencePipeline$2$1.accept(ReferencePipeline.java:179)
	at java.base/java.util.stream.ReferencePipeline$15$1.accept(ReferencePipeline.java:541)
	at java.base/java.util.HashMap$EntrySpliterator.forEachRemaining(HashMap.java:1858)
	at java.base/java.util.stream.AbstractPipeline.copyInto(AbstractPipeline.java:509)
	at java.base/java.util.stream.AbstractPipeline.wrapAndCopyInto(AbstractPipeline.java:499)
	at java.base/java.util.stream.ForEachOps$ForEachOp.evaluateSequential(ForEachOps.java:151)
	at java.base/java.util.stream.ForEachOps$ForEachOp$OfRef.evaluateSequential(ForEachOps.java:174)
	at java.base/java.util.stream.AbstractPipeline.evaluate(AbstractPipeline.java:234)
	at java.base/java.util.stream.ReferencePipeline.forEach(ReferencePipeline.java:596)
	at org.openqa.selenium.devtools.Connection.handle(Connection.java:311)
	at org.openqa.selenium.devtools.Connection$Listener.lambda$onText$0(Connection.java:239)
	... 3 more
Caused by: org.openqa.selenium.WebDriverException: {"id":355,"error":{"code":-32000,"message":"No resource with given identifier found"},"sessionId":"B49F42226C30838C1960B6FB23D4056C"}
Build info: version: '4.23.0', revision: '4df0a231af'
System info: os.name: 'Windows 11', os.arch: 'amd64', os.version: '10.0', java.version: '21.0.5'
Driver info: driver.version: unknown
	at org.openqa.selenium.devtools.Connection.handle(Connection.java:275)
	... 4 more
Jan 06, 2025 10:10:54 AM org.openqa.selenium.devtools.Connection$Listener lambda$onText$0
WARNING: Unable to process: {"method":"Network.responseReceived","params":{"requestId":"52504.21","loaderId":"AC4B9DE090F7AB84573EC760748417BB","timestamp":242617.093095,"type":"XHR","response":{"url":"https://rahulshettyacademy.com/api/ecom/auth/register","status":422,"statusText":"Unprocessable Entity","headers":{"ETag":"W/\"5a-mSZORuFKHjKkqEMdomcB1IpMT0w\"","Expect-CT":"max-age=0","X-Permitted-Cross-Domain-Policies":"none","X-Content-Type-Options":"nosniff","Keep-Alive":"timeout=5, max=95","Date":"Mon, 06 Jan 2025 04:41:00 GMT","Content-Type":"application/json; charset=utf-8","Vary":"Accept-Encoding","X-Frame-Options":"SAMEORIGIN","Strict-Transport-Security":"max-age=15552000; includeSubDomains","Content-Security-Policy":"default-src 'self';base-uri 'self';block-all-mixed-content;font-src 'self' https: data:;frame-ancestors 'self';img-src 'self' data:;object-src 'none';script-src 'self';script-src-attr 'none';style-src 'self' https: 'unsafe-inline';upgrade-insecure-requests","X-DNS-Prefetch-Control":"off","Connection":"Keep-Alive","Referrer-Policy":"no-referrer","X-Download-Options":"noopen","Access-Control-Allow-Origin":"*","Content-Length":"90","X-XSS-Protection":"0","Server":"Apache/2.4.52 (Ubuntu)"},"mimeType":"application/json","charset":"utf-8","connectionReused":true,"connectionId":87,"remoteIPAddress":"13.201.9.53","remotePort":443,"fromDiskCache":false,"fromServiceWorker":false,"fromPrefetchCache":false,"encodedDataLength":905,"timing":{"requestTime":242617.057628,"proxyStart":-1,"proxyEnd":-1,"dnsStart":-1,"dnsEnd":-1,"connectStart":-1,"connectEnd":-1,"sslStart":-1,"sslEnd":-1,"workerStart":-1,"workerReady":-1,"workerFetchStart":-1,"workerRespondWithSettled":-1,"sendStart":1.648,"sendEnd":1.958,"pushStart":0,"pushEnd":0,"receiveHeadersStart":33.641,"receiveHeadersEnd":33.866},"responseTime":1.736138454330868e+12,"protocol":"http/1.1","alternateProtocolUsage":"unspecifiedReason","securityState":"secure","securityDetails":{"protocol":"TLS 1.3","keyExchange":"","keyExchangeGroup":"X25519","cipher":"AES_128_GCM","certificateId":0,"subjectName":"rahulshettyacademy.com","sanList":["rahulshettyacademy.com"],"issuer":"E6","validFrom":1731833819,"validTo":1739609818,"signedCertificateTimestampList":[{"status":"Verified","origin":"Embedded in certificate","logDescription":"Google 'Xenon2025h1' log","logId":"CF1156EED52E7CAFF3875BD9692E9BE91A71674AB017ECAC01D25B77CECC3B08","timestamp":1731837329589,"hashAlgorithm":"SHA-256","signatureAlgorithm":"ECDSA","signatureData":"3045022049CA90B2CB95C3A4AECDECF04FECA784EE3C38F667E4444EC363E3896496E161022100A382A6A79A23DB380C6BAE53F0317A7817F487C963769692F01598128068DB66"},{"status":"Verified","origin":"Embedded in certificate","logDescription":"DigiCert Nessie2025 Log","logId":"E6D2316340778CC1104106D771B9CEC1D240F6968486FBBA87321DFD1E378E50","timestamp":1731837329733,"hashAlgorithm":"SHA-256","signatureAlgorithm":"ECDSA","signatureData":"30450220157FD090AF13CC9D704CDB761C669D3050A465792F7063143A29419C5455EE34022100B52F2E04241FBDC492EED0F11D8D4C2FCCA313C5DD1D6CFBD8BE909857B03816"}],"certificateTransparencyCompliance":"unknown","serverSignatureAlgorithm":1027,"encryptedClientHello":false}},"hasExtraInfo":true,"frameId":"071CF89B25D2311BE07350EB00794E6A"},"sessionId":"76057776D3559E57AEB11DA65DCEBC7E"}
org.openqa.selenium.devtools.DevToolsException: {"id":354,"error":{"code":-32000,"message":"No resource with given identifier found"},"sessionId":"B49F42226C30838C1960B6FB23D4056C"}
Build info: version: '4.23.0', revision: '4df0a231af'
System info: os.name: 'Windows 11', os.arch: 'amd64', os.version: '10.0', java.version: '21.0.5'
Driver info: driver.version: unknown
	at org.openqa.selenium.devtools.Connection.sendAndWait(Connection.java:195)
	at org.openqa.selenium.devtools.DevTools.send(DevTools.java:90)
	at StepDefinitions.UITest.RegisterPage.ErrorHandlingStepDefImpl.lambda$password_length_error_message_is_displayed$2(ErrorHandlingStepDefImpl.java:133)
	at org.openqa.selenium.devtools.DevTools.lambda$addListener$0(DevTools.java:104)
	at org.openqa.selenium.devtools.Connection.lambda$handle$5(Connection.java:348)
	at java.base/java.util.stream.ForEachOps$ForEachOp$OfRef.accept(ForEachOps.java:184)
	at java.base/java.util.stream.ReferencePipeline$2$1.accept(ReferencePipeline.java:179)
	at java.base/java.util.stream.ReferencePipeline$15$1.accept(ReferencePipeline.java:541)
	at java.base/java.util.HashMap$EntrySpliterator.forEachRemaining(HashMap.java:1858)
	at java.base/java.util.stream.AbstractPipeline.copyInto(AbstractPipeline.java:509)
	at java.base/java.util.stream.AbstractPipeline.wrapAndCopyInto(AbstractPipeline.java:499)
	at java.base/java.util.stream.ForEachOps$ForEachOp.evaluateSequential(ForEachOps.java:151)
	at java.base/java.util.stream.ForEachOps$ForEachOp$OfRef.evaluateSequential(ForEachOps.java:174)
	at java.base/java.util.stream.AbstractPipeline.evaluate(AbstractPipeline.java:234)
	at java.base/java.util.stream.ReferencePipeline.forEach(ReferencePipeline.java:596)
	at org.openqa.selenium.devtools.Connection.handle(Connection.java:311)
	at org.openqa.selenium.devtools.Connection$Listener.lambda$onText$0(Connection.java:239)
	at java.base/java.util.concurrent.ThreadPoolExecutor.runWorker(ThreadPoolExecutor.java:1144)
	at java.base/java.util.concurrent.ThreadPoolExecutor$Worker.run(ThreadPoolExecutor.java:642)
	at java.base/java.lang.Thread.run(Thread.java:1583)
Caused by: org.openqa.selenium.WebDriverException: {"id":354,"error":{"code":-32000,"message":"No resource with given identifier found"},"sessionId":"B49F42226C30838C1960B6FB23D4056C"}
Build info: version: '4.23.0', revision: '4df0a231af'
System info: os.name: 'Windows 11', os.arch: 'amd64', os.version: '10.0', java.version: '21.0.5'
Driver info: driver.version: unknown
	at org.openqa.selenium.devtools.Connection.handle(Connection.java:275)
	... 4 more

Exception in thread "CDP Connection" org.openqa.selenium.devtools.DevToolsException: {"id":354,"error":{"code":-32000,"message":"No resource with given identifier found"},"sessionId":"B49F42226C30838C1960B6FB23D4056C"}
Build info: version: '4.23.0', revision: '4df0a231af'
System info: os.name: 'Windows 11', os.arch: 'amd64', os.version: '10.0', java.version: '21.0.5'
Driver info: driver.version: unknown
	at org.openqa.selenium.devtools.Connection$Listener.lambda$onText$0(Connection.java:242)
	at java.base/java.util.concurrent.ThreadPoolExecutor.runWorker(ThreadPoolExecutor.java:1144)
	at java.base/java.util.concurrent.ThreadPoolExecutor$Worker.run(ThreadPoolExecutor.java:642)
	at java.base/java.lang.Thread.run(Thread.java:1583)
Caused by: org.openqa.selenium.devtools.DevToolsException: {"id":354,"error":{"code":-32000,"message":"No resource with given identifier found"},"sessionId":"B49F42226C30838C1960B6FB23D4056C"}
Build info: version: '4.23.0', revision: '4df0a231af'
System info: os.name: 'Windows 11', os.arch: 'amd64', os.version: '10.0', java.version: '21.0.5'
Driver info: driver.version: unknown
	at org.openqa.selenium.devtools.Connection.sendAndWait(Connection.java:195)
	at org.openqa.selenium.devtools.DevTools.send(DevTools.java:90)
	at StepDefinitions.UITest.RegisterPage.ErrorHandlingStepDefImpl.lambda$password_length_error_message_is_displayed$2(ErrorHandlingStepDefImpl.java:133)
	at org.openqa.selenium.devtools.DevTools.lambda$addListener$0(DevTools.java:104)
	at org.openqa.selenium.devtools.Connection.lambda$handle$5(Connection.java:348)
	at java.base/java.util.stream.ForEachOps$ForEachOp$OfRef.accept(ForEachOps.java:184)
	at java.base/java.util.stream.ReferencePipeline$2$1.accept(ReferencePipeline.java:179)
	at java.base/java.util.stream.ReferencePipeline$15$1.accept(ReferencePipeline.java:541)
	at java.base/java.util.HashMap$EntrySpliterator.forEachRemaining(HashMap.java:1858)
	at java.base/java.util.stream.AbstractPipeline.copyInto(AbstractPipeline.java:509)
	at java.base/java.util.stream.AbstractPipeline.wrapAndCopyInto(AbstractPipeline.java:499)
	at java.base/java.util.stream.ForEachOps$ForEachOp.evaluateSequential(ForEachOps.java:151)
	at java.base/java.util.stream.ForEachOps$ForEachOp$OfRef.evaluateSequential(ForEachOps.java:174)
	at java.base/java.util.stream.AbstractPipeline.evaluate(AbstractPipeline.java:234)
	at java.base/java.util.stream.ReferencePipeline.forEach(ReferencePipeline.java:596)
	at org.openqa.selenium.devtools.Connection.handle(Connection.java:311)
	at org.openqa.selenium.devtools.Connection$Listener.lambda$onText$0(Connection.java:239)
	... 3 more
Caused by: org.openqa.selenium.WebDriverException: {"id":354,"error":{"code":-32000,"message":"No resource with given identifier found"},"sessionId":"B49F42226C30838C1960B6FB23D4056C"}
Build info: version: '4.23.0', revision: '4df0a231af'
System info: os.name: 'Windows 11', os.arch: 'amd64', os.version: '10.0', java.version: '21.0.5'
Driver info: driver.version: unknown
	at org.openqa.selenium.devtools.Connection.handle(Connection.java:275)
	... 4 more
Jan 06, 2025 10:10:54 AM org.openqa.selenium.remote.http.WebSocket$Listener onError
WARNING: Connection reset
java.net.SocketException: Connection reset
	at java.base/sun.nio.ch.SocketChannelImpl.throwConnectionReset(SocketChannelImpl.java:401)
	at java.base/sun.nio.ch.SocketChannelImpl.read(SocketChannelImpl.java:434)
	at java.net.http/jdk.internal.net.http.SocketTube.readAvailable(SocketTube.java:1178)
	at java.net.http/jdk.internal.net.http.SocketTube$InternalReadPublisher$InternalReadSubscription.read(SocketTube.java:841)
	at java.net.http/jdk.internal.net.http.SocketTube$SocketFlowTask.run(SocketTube.java:181)
	at java.net.http/jdk.internal.net.http.common.SequentialScheduler$SchedulableTask.run(SequentialScheduler.java:207)
	at java.net.http/jdk.internal.net.http.common.SequentialScheduler.runOrSchedule(SequentialScheduler.java:280)
	at java.net.http/jdk.internal.net.http.common.SequentialScheduler.runOrSchedule(SequentialScheduler.java:233)
	at java.net.http/jdk.internal.net.http.SocketTube$InternalReadPublisher$InternalReadSubscription.signalReadable(SocketTube.java:782)
	at java.net.http/jdk.internal.net.http.SocketTube$InternalReadPublisher$ReadEvent.signalEvent(SocketTube.java:965)
	at java.net.http/jdk.internal.net.http.SocketTube$SocketFlowEvent.handle(SocketTube.java:253)
	at java.net.http/jdk.internal.net.http.HttpClientImpl$SelectorManager.handleEvent(HttpClientImpl.java:1469)
	at java.net.http/jdk.internal.net.http.HttpClientImpl$SelectorManager.lambda$run$3(HttpClientImpl.java:1414)
	at java.base/java.util.ArrayList.forEach(ArrayList.java:1596)
	at java.net.http/jdk.internal.net.http.HttpClientImpl$SelectorManager.run(HttpClientImpl.java:1414)

Jan 06, 2025 10:10:54 AM org.openqa.selenium.devtools.Connection$Listener lambda$onText$0
WARNING: Unable to process: {"method":"Network.responseReceived","params":{"requestId":"48768.21","loaderId":"FC3CCAFD1F6365A0DB2F7C94CE76CAC1","timestamp":242617.313627,"type":"XHR","response":{"url":"https://rahulshettyacademy.com/api/ecom/auth/register","status":422,"statusText":"Unprocessable Entity","headers":{"ETag":"W/\"3e-OmujLQqQR2EiBppCB1shGOh9ahM\"","Expect-CT":"max-age=0","X-Permitted-Cross-Domain-Policies":"none","X-Content-Type-Options":"nosniff","Keep-Alive":"timeout=5, max=95","Date":"Mon, 06 Jan 2025 04:41:01 GMT","Content-Type":"application/json; charset=utf-8","Vary":"Accept-Encoding","X-Frame-Options":"SAMEORIGIN","Strict-Transport-Security":"max-age=15552000; includeSubDomains","Content-Security-Policy":"default-src 'self';base-uri 'self';block-all-mixed-content;font-src 'self' https: data:;frame-ancestors 'self';img-src 'self' data:;object-src 'none';script-src 'self';script-src-attr 'none';style-src 'self' https: 'unsafe-inline';upgrade-insecure-requests","X-DNS-Prefetch-Control":"off","Connection":"Keep-Alive","Referrer-Policy":"no-referrer","X-Download-Options":"noopen","Access-Control-Allow-Origin":"*","Content-Length":"62","X-XSS-Protection":"0","Server":"Apache/2.4.52 (Ubuntu)"},"mimeType":"application/json","charset":"utf-8","connectionReused":true,"connectionId":87,"remoteIPAddress":"13.201.9.53","remotePort":443,"fromDiskCache":false,"fromServiceWorker":false,"fromPrefetchCache":false,"encodedDataLength":905,"timing":{"requestTime":242617.279986,"proxyStart":-1,"proxyEnd":-1,"dnsStart":-1,"dnsEnd":-1,"connectStart":-1,"connectEnd":-1,"sslStart":-1,"sslEnd":-1,"workerStart":-1,"workerReady":-1,"workerFetchStart":-1,"workerRespondWithSettled":-1,"sendStart":1.695,"sendEnd":2.173,"pushStart":0,"pushEnd":0,"receiveHeadersStart":31.751,"receiveHeadersEnd":31.943},"responseTime":1.736138454551504e+12,"protocol":"http/1.1","alternateProtocolUsage":"unspecifiedReason","securityState":"secure","securityDetails":{"protocol":"TLS 1.3","keyExchange":"","keyExchangeGroup":"X25519","cipher":"AES_128_GCM","certificateId":0,"subjectName":"rahulshettyacademy.com","sanList":["rahulshettyacademy.com"],"issuer":"E6","validFrom":1731833819,"validTo":1739609818,"signedCertificateTimestampList":[{"status":"Verified","origin":"Embedded in certificate","logDescription":"Google 'Xenon2025h1' log","logId":"CF1156EED52E7CAFF3875BD9692E9BE91A71674AB017ECAC01D25B77CECC3B08","timestamp":1731837329589,"hashAlgorithm":"SHA-256","signatureAlgorithm":"ECDSA","signatureData":"3045022049CA90B2CB95C3A4AECDECF04FECA784EE3C38F667E4444EC363E3896496E161022100A382A6A79A23DB380C6BAE53F0317A7817F487C963769692F01598128068DB66"},{"status":"Verified","origin":"Embedded in certificate","logDescription":"DigiCert Nessie2025 Log","logId":"E6D2316340778CC1104106D771B9CEC1D240F6968486FBBA87321DFD1E378E50","timestamp":1731837329733,"hashAlgorithm":"SHA-256","signatureAlgorithm":"ECDSA","signatureData":"30450220157FD090AF13CC9D704CDB761C669D3050A465792F7063143A29419C5455EE34022100B52F2E04241FBDC492EED0F11D8D4C2FCCA313C5DD1D6CFBD8BE909857B03816"}],"certificateTransparencyCompliance":"unknown","serverSignatureAlgorithm":1027,"encryptedClientHello":false}},"hasExtraInfo":true,"frameId":"66FAA35EA6EADA7D4B65917FD5FD75CD"},"sessionId":"D198F8289A48BB48B0BF9BF5FC6A2992"}
org.openqa.selenium.devtools.DevToolsException: {"id":370,"error":{"code":-32000,"message":"No resource with given identifier found"},"sessionId":"B5A169D9717330F4C66F88A1DC22CE0B"}
Build info: version: '4.23.0', revision: '4df0a231af'
System info: os.name: 'Windows 11', os.arch: 'amd64', os.version: '10.0', java.version: '21.0.5'
Driver info: driver.version: unknown
	at org.openqa.selenium.devtools.Connection.sendAndWait(Connection.java:195)
	at org.openqa.selenium.devtools.DevTools.send(DevTools.java:90)
	at StepDefinitions.UITest.RegisterPage.ErrorHandlingStepDefImpl.lambda$password_length_error_message_is_displayed$2(ErrorHandlingStepDefImpl.java:133)
	at org.openqa.selenium.devtools.DevTools.lambda$addListener$0(DevTools.java:104)
	at org.openqa.selenium.devtools.Connection.lambda$handle$5(Connection.java:348)
	at java.base/java.util.stream.ForEachOps$ForEachOp$OfRef.accept(ForEachOps.java:184)
	at java.base/java.util.stream.ReferencePipeline$2$1.accept(ReferencePipeline.java:179)
	at java.base/java.util.stream.ReferencePipeline$15$1.accept(ReferencePipeline.java:541)
	at java.base/java.util.HashMap$EntrySpliterator.forEachRemaining(HashMap.java:1858)
	at java.base/java.util.stream.AbstractPipeline.copyInto(AbstractPipeline.java:509)
	at java.base/java.util.stream.AbstractPipeline.wrapAndCopyInto(AbstractPipeline.java:499)
	at java.base/java.util.stream.ForEachOps$ForEachOp.evaluateSequential(ForEachOps.java:151)
	at java.base/java.util.stream.ForEachOps$ForEachOp$OfRef.evaluateSequential(ForEachOps.java:174)
	at java.base/java.util.stream.AbstractPipeline.evaluate(AbstractPipeline.java:234)
	at java.base/java.util.stream.ReferencePipeline.forEach(ReferencePipeline.java:596)
	at org.openqa.selenium.devtools.Connection.handle(Connection.java:311)
	at org.openqa.selenium.devtools.Connection$Listener.lambda$onText$0(Connection.java:239)
	at java.base/java.util.concurrent.ThreadPoolExecutor.runWorker(ThreadPoolExecutor.java:1144)
	at java.base/java.util.concurrent.ThreadPoolExecutor$Worker.run(ThreadPoolExecutor.java:642)
	at java.base/java.lang.Thread.run(Thread.java:1583)
Caused by: org.openqa.selenium.WebDriverException: {"id":370,"error":{"code":-32000,"message":"No resource with given identifier found"},"sessionId":"B5A169D9717330F4C66F88A1DC22CE0B"}
Build info: version: '4.23.0', revision: '4df0a231af'
System info: os.name: 'Windows 11', os.arch: 'amd64', os.version: '10.0', java.version: '21.0.5'
Driver info: driver.version: unknown
	at org.openqa.selenium.devtools.Connection.handle(Connection.java:275)
	... 4 more

Exception in thread "CDP Connection" org.openqa.selenium.devtools.DevToolsException: {"id":370,"error":{"code":-32000,"message":"No resource with given identifier found"},"sessionId":"B5A169D9717330F4C66F88A1DC22CE0B"}
Build info: version: '4.23.0', revision: '4df0a231af'
System info: os.name: 'Windows 11', os.arch: 'amd64', os.version: '10.0', java.version: '21.0.5'
Driver info: driver.version: unknown
	at org.openqa.selenium.devtools.Connection$Listener.lambda$onText$0(Connection.java:242)
	at java.base/java.util.concurrent.ThreadPoolExecutor.runWorker(ThreadPoolExecutor.java:1144)
	at java.base/java.util.concurrent.ThreadPoolExecutor$Worker.run(ThreadPoolExecutor.java:642)
	at java.base/java.lang.Thread.run(Thread.java:1583)
Caused by: org.openqa.selenium.devtools.DevToolsException: {"id":370,"error":{"code":-32000,"message":"No resource with given identifier found"},"sessionId":"B5A169D9717330F4C66F88A1DC22CE0B"}
Build info: version: '4.23.0', revision: '4df0a231af'
System info: os.name: 'Windows 11', os.arch: 'amd64', os.version: '10.0', java.version: '21.0.5'
Driver info: driver.version: unknown
	at org.openqa.selenium.devtools.Connection.sendAndWait(Connection.java:195)
	at org.openqa.selenium.devtools.DevTools.send(DevTools.java:90)
	at StepDefinitions.UITest.RegisterPage.ErrorHandlingStepDefImpl.lambda$password_length_error_message_is_displayed$2(ErrorHandlingStepDefImpl.java:133)
	at org.openqa.selenium.devtools.DevTools.lambda$addListener$0(DevTools.java:104)
	at org.openqa.selenium.devtools.Connection.lambda$handle$5(Connection.java:348)
	at java.base/java.util.stream.ForEachOps$ForEachOp$OfRef.accept(ForEachOps.java:184)
	at java.base/java.util.stream.ReferencePipeline$2$1.accept(ReferencePipeline.java:179)
	at java.base/java.util.stream.ReferencePipeline$15$1.accept(ReferencePipeline.java:541)
	at java.base/java.util.HashMap$EntrySpliterator.forEachRemaining(HashMap.java:1858)
	at java.base/java.util.stream.AbstractPipeline.copyInto(AbstractPipeline.java:509)
	at java.base/java.util.stream.AbstractPipeline.wrapAndCopyInto(AbstractPipeline.java:499)
	at java.base/java.util.stream.ForEachOps$ForEachOp.evaluateSequential(ForEachOps.java:151)
	at java.base/java.util.stream.ForEachOps$ForEachOp$OfRef.evaluateSequential(ForEachOps.java:174)
	at java.base/java.util.stream.AbstractPipeline.evaluate(AbstractPipeline.java:234)
	at java.base/java.util.stream.ReferencePipeline.forEach(ReferencePipeline.java:596)
	at org.openqa.selenium.devtools.Connection.handle(Connection.java:311)
	at org.openqa.selenium.devtools.Connection$Listener.lambda$onText$0(Connection.java:239)
	... 3 more
Caused by: org.openqa.selenium.WebDriverException: {"id":370,"error":{"code":-32000,"message":"No resource with given identifier found"},"sessionId":"B5A169D9717330F4C66F88A1DC22CE0B"}
Build info: version: '4.23.0', revision: '4df0a231af'
System info: os.name: 'Windows 11', os.arch: 'amd64', os.version: '10.0', java.version: '21.0.5'
Driver info: driver.version: unknown
	at org.openqa.selenium.devtools.Connection.handle(Connection.java:275)
	... 4 more
Jan 06, 2025 10:10:54 AM org.openqa.selenium.devtools.Connection$Listener lambda$onText$0
WARNING: Unable to process: {"method":"Network.responseReceived","params":{"requestId":"48768.21","loaderId":"FC3CCAFD1F6365A0DB2F7C94CE76CAC1","timestamp":242617.313678,"type":"Other","response":{"url":"https://rahulshettyacademy.com/api/ecom/auth/register","status":422,"statusText":"Unprocessable Entity","headers":{"ETag":"W/\"3e-OmujLQqQR2EiBppCB1shGOh9ahM\"","Expect-CT":"max-age=0","X-Permitted-Cross-Domain-Policies":"none","X-Content-Type-Options":"nosniff","Keep-Alive":"timeout=5, max=95","Date":"Mon, 06 Jan 2025 04:41:01 GMT","Content-Type":"application/json; charset=utf-8","Vary":"Accept-Encoding","X-Frame-Options":"SAMEORIGIN","Strict-Transport-Security":"max-age=15552000; includeSubDomains","Content-Security-Policy":"default-src 'self';base-uri 'self';block-all-mixed-content;font-src 'self' https: data:;frame-ancestors 'self';img-src 'self' data:;object-src 'none';script-src 'self';script-src-attr 'none';style-src 'self' https: 'unsafe-inline';upgrade-insecure-requests","X-DNS-Prefetch-Control":"off","Connection":"Keep-Alive","Referrer-Policy":"no-referrer","X-Download-Options":"noopen","Access-Control-Allow-Origin":"*","Content-Length":"62","X-XSS-Protection":"0","Server":"Apache/2.4.52 (Ubuntu)"},"mimeType":"application/json","charset":"utf-8","connectionReused":true,"connectionId":87,"remoteIPAddress":"13.201.9.53","remotePort":443,"fromDiskCache":false,"fromServiceWorker":false,"fromPrefetchCache":false,"encodedDataLength":905,"timing":{"requestTime":242617.279986,"proxyStart":-1,"proxyEnd":-1,"dnsStart":-1,"dnsEnd":-1,"connectStart":-1,"connectEnd":-1,"sslStart":-1,"sslEnd":-1,"workerStart":-1,"workerReady":-1,"workerFetchStart":-1,"workerRespondWithSettled":-1,"sendStart":1.695,"sendEnd":2.173,"pushStart":0,"pushEnd":0,"receiveHeadersStart":31.751,"receiveHeadersEnd":31.943},"responseTime":1.736138454551504e+12,"protocol":"http/1.1","alternateProtocolUsage":"unspecifiedReason","securityState":"secure","securityDetails":{"protocol":"TLS 1.3","keyExchange":"","keyExchangeGroup":"X25519","cipher":"AES_128_GCM","certificateId":0,"subjectName":"rahulshettyacademy.com","sanList":["rahulshettyacademy.com"],"issuer":"E6","validFrom":1731833819,"validTo":1739609818,"signedCertificateTimestampList":[{"status":"Verified","origin":"Embedded in certificate","logDescription":"Google 'Xenon2025h1' log","logId":"CF1156EED52E7CAFF3875BD9692E9BE91A71674AB017ECAC01D25B77CECC3B08","timestamp":1731837329589,"hashAlgorithm":"SHA-256","signatureAlgorithm":"ECDSA","signatureData":"3045022049CA90B2CB95C3A4AECDECF04FECA784EE3C38F667E4444EC363E3896496E161022100A382A6A79A23DB380C6BAE53F0317A7817F487C963769692F01598128068DB66"},{"status":"Verified","origin":"Embedded in certificate","logDescription":"DigiCert Nessie2025 Log","logId":"E6D2316340778CC1104106D771B9CEC1D240F6968486FBBA87321DFD1E378E50","timestamp":1731837329733,"hashAlgorithm":"SHA-256","signatureAlgorithm":"ECDSA","signatureData":"30450220157FD090AF13CC9D704CDB761C669D3050A465792F7063143A29419C5455EE34022100B52F2E04241FBDC492EED0F11D8D4C2FCCA313C5DD1D6CFBD8BE909857B03816"}],"certificateTransparencyCompliance":"unknown","serverSignatureAlgorithm":1027,"encryptedClientHello":false}},"hasExtraInfo":true,"frameId":"66FAA35EA6EADA7D4B65917FD5FD75CD"},"sessionId":"B5A169D9717330F4C66F88A1DC22CE0B"}
org.openqa.selenium.devtools.DevToolsException: {"id":371,"error":{"code":-32000,"message":"No resource with given identifier found"},"sessionId":"B5A169D9717330F4C66F88A1DC22CE0B"}
Build info: version: '4.23.0', revision: '4df0a231af'
System info: os.name: 'Windows 11', os.arch: 'amd64', os.version: '10.0', java.version: '21.0.5'
Driver info: driver.version: unknown
	at org.openqa.selenium.devtools.Connection.sendAndWait(Connection.java:195)
	at org.openqa.selenium.devtools.DevTools.send(DevTools.java:90)
	at StepDefinitions.UITest.RegisterPage.ErrorHandlingStepDefImpl.lambda$password_length_error_message_is_displayed$2(ErrorHandlingStepDefImpl.java:133)
	at org.openqa.selenium.devtools.DevTools.lambda$addListener$0(DevTools.java:104)
	at org.openqa.selenium.devtools.Connection.lambda$handle$5(Connection.java:348)
	at java.base/java.util.stream.ForEachOps$ForEachOp$OfRef.accept(ForEachOps.java:184)
	at java.base/java.util.stream.ReferencePipeline$2$1.accept(ReferencePipeline.java:179)
	at java.base/java.util.stream.ReferencePipeline$15$1.accept(ReferencePipeline.java:541)
	at java.base/java.util.HashMap$EntrySpliterator.forEachRemaining(HashMap.java:1858)
	at java.base/java.util.stream.AbstractPipeline.copyInto(AbstractPipeline.java:509)
	at java.base/java.util.stream.AbstractPipeline.wrapAndCopyInto(AbstractPipeline.java:499)
	at java.base/java.util.stream.ForEachOps$ForEachOp.evaluateSequential(ForEachOps.java:151)
	at java.base/java.util.stream.ForEachOps$ForEachOp$OfRef.evaluateSequential(ForEachOps.java:174)
	at java.base/java.util.stream.AbstractPipeline.evaluate(AbstractPipeline.java:234)
	at java.base/java.util.stream.ReferencePipeline.forEach(ReferencePipeline.java:596)
	at org.openqa.selenium.devtools.Connection.handle(Connection.java:311)
	at org.openqa.selenium.devtools.Connection$Listener.lambda$onText$0(Connection.java:239)
	at java.base/java.util.concurrent.ThreadPoolExecutor.runWorker(ThreadPoolExecutor.java:1144)
	at java.base/java.util.concurrent.ThreadPoolExecutor$Worker.run(ThreadPoolExecutor.java:642)
	at java.base/java.lang.Thread.run(Thread.java:1583)
Caused by: org.openqa.selenium.WebDriverException: {"id":371,"error":{"code":-32000,"message":"No resource with given identifier found"},"sessionId":"B5A169D9717330F4C66F88A1DC22CE0B"}
Build info: version: '4.23.0', revision: '4df0a231af'
System info: os.name: 'Windows 11', os.arch: 'amd64', os.version: '10.0', java.version: '21.0.5'
Driver info: driver.version: unknown
	at org.openqa.selenium.devtools.Connection.handle(Connection.java:275)
	... 4 more

Exception in thread "CDP Connection" org.openqa.selenium.devtools.DevToolsException: {"id":371,"error":{"code":-32000,"message":"No resource with given identifier found"},"sessionId":"B5A169D9717330F4C66F88A1DC22CE0B"}
Build info: version: '4.23.0', revision: '4df0a231af'
System info: os.name: 'Windows 11', os.arch: 'amd64', os.version: '10.0', java.version: '21.0.5'
Driver info: driver.version: unknown
	at org.openqa.selenium.devtools.Connection$Listener.lambda$onText$0(Connection.java:242)
	at java.base/java.util.concurrent.ThreadPoolExecutor.runWorker(ThreadPoolExecutor.java:1144)
	at java.base/java.util.concurrent.ThreadPoolExecutor$Worker.run(ThreadPoolExecutor.java:642)
	at java.base/java.lang.Thread.run(Thread.java:1583)
Caused by: org.openqa.selenium.devtools.DevToolsException: {"id":371,"error":{"code":-32000,"message":"No resource with given identifier found"},"sessionId":"B5A169D9717330F4C66F88A1DC22CE0B"}
Build info: version: '4.23.0', revision: '4df0a231af'
System info: os.name: 'Windows 11', os.arch: 'amd64', os.version: '10.0', java.version: '21.0.5'
Driver info: driver.version: unknown
	at org.openqa.selenium.devtools.Connection.sendAndWait(Connection.java:195)
	at org.openqa.selenium.devtools.DevTools.send(DevTools.java:90)
	at StepDefinitions.UITest.RegisterPage.ErrorHandlingStepDefImpl.lambda$password_length_error_message_is_displayed$2(ErrorHandlingStepDefImpl.java:133)
	at org.openqa.selenium.devtools.DevTools.lambda$addListener$0(DevTools.java:104)
	at org.openqa.selenium.devtools.Connection.lambda$handle$5(Connection.java:348)
	at java.base/java.util.stream.ForEachOps$ForEachOp$OfRef.accept(ForEachOps.java:184)
	at java.base/java.util.stream.ReferencePipeline$2$1.accept(ReferencePipeline.java:179)
	at java.base/java.util.stream.ReferencePipeline$15$1.accept(ReferencePipeline.java:541)
	at java.base/java.util.HashMap$EntrySpliterator.forEachRemaining(HashMap.java:1858)
	at java.base/java.util.stream.AbstractPipeline.copyInto(AbstractPipeline.java:509)
	at java.base/java.util.stream.AbstractPipeline.wrapAndCopyInto(AbstractPipeline.java:499)
	at java.base/java.util.stream.ForEachOps$ForEachOp.evaluateSequential(ForEachOps.java:151)
	at java.base/java.util.stream.ForEachOps$ForEachOp$OfRef.evaluateSequential(ForEachOps.java:174)
	at java.base/java.util.stream.AbstractPipeline.evaluate(AbstractPipeline.java:234)
	at java.base/java.util.stream.ReferencePipeline.forEach(ReferencePipeline.java:596)
	at org.openqa.selenium.devtools.Connection.handle(Connection.java:311)
	at org.openqa.selenium.devtools.Connection$Listener.lambda$onText$0(Connection.java:239)
	... 3 more
Caused by: org.openqa.selenium.WebDriverException: {"id":371,"error":{"code":-32000,"message":"No resource with given identifier found"},"sessionId":"B5A169D9717330F4C66F88A1DC22CE0B"}
Build info: version: '4.23.0', revision: '4df0a231af'
System info: os.name: 'Windows 11', os.arch: 'amd64', os.version: '10.0', java.version: '21.0.5'
Driver info: driver.version: unknown
	at org.openqa.selenium.devtools.Connection.handle(Connection.java:275)
	... 4 more
]]></system-err>
  </testcase>
  <testcase name="runScenario[&quot;User provides registered email and registerd user is displayed&quot;, &quot;Register page error handling&quot;](138)" classname="TestNGTestRunner" time="1.619">
    <system-err><![CDATA[Jan 06, 2025 10:10:54 AM org.openqa.selenium.remote.http.WebSocket$Listener onError
WARNING: Connection reset
java.net.SocketException: Connection reset
	at java.base/sun.nio.ch.SocketChannelImpl.throwConnectionReset(SocketChannelImpl.java:401)
	at java.base/sun.nio.ch.SocketChannelImpl.read(SocketChannelImpl.java:434)
	at java.net.http/jdk.internal.net.http.SocketTube.readAvailable(SocketTube.java:1178)
	at java.net.http/jdk.internal.net.http.SocketTube$InternalReadPublisher$InternalReadSubscription.read(SocketTube.java:841)
	at java.net.http/jdk.internal.net.http.SocketTube$SocketFlowTask.run(SocketTube.java:181)
	at java.net.http/jdk.internal.net.http.common.SequentialScheduler$SchedulableTask.run(SequentialScheduler.java:207)
	at java.net.http/jdk.internal.net.http.common.SequentialScheduler.runOrSchedule(SequentialScheduler.java:280)
	at java.net.http/jdk.internal.net.http.common.SequentialScheduler.runOrSchedule(SequentialScheduler.java:233)
	at java.net.http/jdk.internal.net.http.SocketTube$InternalReadPublisher$InternalReadSubscription.signalReadable(SocketTube.java:782)
	at java.net.http/jdk.internal.net.http.SocketTube$InternalReadPublisher$ReadEvent.signalEvent(SocketTube.java:965)
	at java.net.http/jdk.internal.net.http.SocketTube$SocketFlowEvent.handle(SocketTube.java:253)
	at java.net.http/jdk.internal.net.http.HttpClientImpl$SelectorManager.handleEvent(HttpClientImpl.java:1469)
	at java.net.http/jdk.internal.net.http.HttpClientImpl$SelectorManager.lambda$run$3(HttpClientImpl.java:1414)
	at java.base/java.util.ArrayList.forEach(ArrayList.java:1596)
	at java.net.http/jdk.internal.net.http.HttpClientImpl$SelectorManager.run(HttpClientImpl.java:1414)

]]></system-err>
  </testcase>
  <testcase name="runScenario[&quot;User provides password length less than 8 and passowrd error is displayed&quot;, &quot;Register page error handling&quot;](139)" classname="TestNGTestRunner" time="3.189">
    <system-out><![CDATA[  Given User landed on ECommerece registration page                                                                                                                                            # StepDefinitions.UITest.RegisterPage.ErrorHandlingStepDefImpl.user_landed_on_e_commerece_registration_page()
dd
  When API Intercepted and failed currect details santhosh sai sarteljnsai4517@gmail.com 1234567890 Student Male 151Fa04124@4517 151Fa04124@4517 true and error occurs # StepDefinitions.UITest.RegisterPage.ErrorHandlingStepDefImpl.api_intercepted_and_failed_currect_details_and_error_occurs(java.lang.String,java.lang.String,java.lang.String,java.lang.String,java.lang.String,java.lang.String,java.lang.String,java.lang.String,boolean)
]]></system-out>
    <system-err><![CDATA[Jan 06, 2025 10:10:56 AM org.openqa.selenium.devtools.CdpVersionFinder findNearestMatch
WARNING: Unable to find an exact match for CDP version 130, returning the closest version; found: 127; Please update to a Selenium version that supports CDP version 130
Jan 06, 2025 10:10:56 AM org.openqa.selenium.devtools.CdpVersionFinder findNearestMatch
WARNING: Unable to find an exact match for CDP version 130, returning the closest version; found: 127; Please update to a Selenium version that supports CDP version 130
Jan 06, 2025 10:10:56 AM org.openqa.selenium.remote.http.WebSocket$Listener onError
WARNING: Connection reset
java.net.SocketException: Connection reset
	at java.base/sun.nio.ch.SocketChannelImpl.throwConnectionReset(SocketChannelImpl.java:401)
	at java.base/sun.nio.ch.SocketChannelImpl.read(SocketChannelImpl.java:434)
	at java.net.http/jdk.internal.net.http.SocketTube.readAvailable(SocketTube.java:1178)
	at java.net.http/jdk.internal.net.http.SocketTube$InternalReadPublisher$InternalReadSubscription.read(SocketTube.java:841)
	at java.net.http/jdk.internal.net.http.SocketTube$SocketFlowTask.run(SocketTube.java:181)
	at java.net.http/jdk.internal.net.http.common.SequentialScheduler$SchedulableTask.run(SequentialScheduler.java:207)
	at java.net.http/jdk.internal.net.http.common.SequentialScheduler.runOrSchedule(SequentialScheduler.java:280)
	at java.net.http/jdk.internal.net.http.common.SequentialScheduler.runOrSchedule(SequentialScheduler.java:233)
	at java.net.http/jdk.internal.net.http.SocketTube$InternalReadPublisher$InternalReadSubscription.signalReadable(SocketTube.java:782)
	at java.net.http/jdk.internal.net.http.SocketTube$InternalReadPublisher$ReadEvent.signalEvent(SocketTube.java:965)
	at java.net.http/jdk.internal.net.http.SocketTube$SocketFlowEvent.handle(SocketTube.java:253)
	at java.net.http/jdk.internal.net.http.HttpClientImpl$SelectorManager.handleEvent(HttpClientImpl.java:1469)
	at java.net.http/jdk.internal.net.http.HttpClientImpl$SelectorManager.lambda$run$3(HttpClientImpl.java:1414)
	at java.base/java.util.ArrayList.forEach(ArrayList.java:1596)
	at java.net.http/jdk.internal.net.http.HttpClientImpl$SelectorManager.run(HttpClientImpl.java:1414)

]]></system-err>
  </testcase>
  <testcase name="runScenario[&quot;User provides password length less than 8 and passowrd error is displayed&quot;, &quot;Register page error handling&quot;](140)" classname="TestNGTestRunner" time="3.363">
    <system-out><![CDATA[interception-job-1.0
{"firstName":"santhosh","lastName":"sai","userEmail":"santhoshsai4517@gmail.com","userRole":"customer","occupation":"Student","gender":"Male","userMobile":"1234567890","userPassword":"151Fa04124@4517","confirmPassword":"151Fa04124@4517","required":true}
  When API is intercepted and payload is modified and correct details santhosh sai santhoshcergsai4517@gmail.com 1234567890 Student Male 151Fa04124@4517 151Fa04124@4517 true and error occurs # StepDefinitions.UITest.RegisterPage.ErrorHandlingStepDefImpl.API_is_intercepted_and_payload_is_modified_and_correct_details_and_error_occurs(java.lang.String,java.lang.String,java.lang.String,java.lang.String,java.lang.String,java.lang.String,java.lang.String,java.lang.String,boolean)
]]></system-out>
    <system-err><![CDATA[Jan 06, 2025 10:10:56 AM org.openqa.selenium.devtools.Connection$Listener lambda$onText$0
WARNING: Unable to process: {"method":"Fetch.requestPaused","params":{"requestId":"interception-job-1.0","request":{"url":"https://rahulshettyacademy.com/api/ecom/auth/register","method":"POST","headers":{"Accept":"application/json, text/plain, */*","Content-Type":"application/json","Origin":"https://rahulshettyacademy.com","Referer":"https://rahulshettyacademy.com/client/auth/register","User-Agent":"Mozilla/5.0 (Windows NT 10.0; Win64; x64) AppleWebKit/537.36 (KHTML, like Gecko) HeadlessChrome/130.0.0.0 Safari/537.36","sec-ch-ua":"\"Chromium\";v=\"130\", \"Google Chrome\";v=\"130\", \"Not?A_Brand\";v=\"99\"","sec-ch-ua-mobile":"?0","sec-ch-ua-platform":"\"Windows\""},"postData":"{\"firstName\":\"santhosh\",\"lastName\":\"sai\",\"userEmail\":\"santhoshcergsai4517@gmail.com\",\"userRole\":\"customer\",\"occupation\":\"Student\",\"gender\":\"Male\",\"userMobile\":\"1234567890\",\"userPassword\":\"151Fa04124@4517\",\"confirmPassword\":\"151Fa04124@4517\",\"required\":true}","hasPostData":true,"postDataEntries":[{"bytes":"eyJmaXJzdE5hbWUiOiJzYW50aG9zaCIsImxhc3ROYW1lIjoic2FpIiwidXNlckVtYWlsIjoic2FudGhvc2hjZXJnc2FpNDUxN0BnbWFpbC5jb20iLCJ1c2VyUm9sZSI6ImN1c3RvbWVyIiwib2NjdXBhdGlvbiI6IlN0dWRlbnQiLCJnZW5kZXIiOiJNYWxlIiwidXNlck1vYmlsZSI6IjEyMzQ1Njc4OTAiLCJ1c2VyUGFzc3dvcmQiOiIxNTFGYTA0MTI0QDQ1MTciLCJjb25maXJtUGFzc3dvcmQiOiIxNTFGYTA0MTI0QDQ1MTciLCJyZXF1aXJlZCI6dHJ1ZX0="}],"initialPriority":"High","referrerPolicy":"strict-origin-when-cross-origin"},"frameId":"A5D7DC2BAB10480E721F510CC6420ADC","resourceType":"XHR"},"sessionId":"FD6F7872273CA6C5113A55F364BFE536"}
org.openqa.selenium.devtools.DevToolsException: {"id":384,"error":{"code":-32602,"message":"Invalid parameters","data":"Failed to deserialize params.postData - BINDINGS: invalid base64 string at position 48"},"sessionId":"FD6F7872273CA6C5113A55F364BFE536"}
Build info: version: '4.23.0', revision: '4df0a231af'
System info: os.name: 'Windows 11', os.arch: 'amd64', os.version: '10.0', java.version: '21.0.5'
Driver info: driver.version: unknown
	at org.openqa.selenium.devtools.Connection.sendAndWait(Connection.java:195)
	at org.openqa.selenium.devtools.DevTools.send(DevTools.java:90)
	at StepDefinitions.UITest.RegisterPage.ErrorHandlingStepDefImpl.lambda$API_is_intercepted_and_payload_is_modified_and_correct_details_and_error_occurs$4(ErrorHandlingStepDefImpl.java:180)
	at org.openqa.selenium.devtools.DevTools.lambda$addListener$0(DevTools.java:104)
	at org.openqa.selenium.devtools.Connection.lambda$handle$5(Connection.java:348)
	at java.base/java.util.stream.ForEachOps$ForEachOp$OfRef.accept(ForEachOps.java:184)
	at java.base/java.util.stream.ReferencePipeline$2$1.accept(ReferencePipeline.java:179)
	at java.base/java.util.stream.ReferencePipeline$15$1.accept(ReferencePipeline.java:541)
	at java.base/java.util.HashMap$EntrySpliterator.forEachRemaining(HashMap.java:1858)
	at java.base/java.util.stream.AbstractPipeline.copyInto(AbstractPipeline.java:509)
	at java.base/java.util.stream.AbstractPipeline.wrapAndCopyInto(AbstractPipeline.java:499)
	at java.base/java.util.stream.ForEachOps$ForEachOp.evaluateSequential(ForEachOps.java:151)
	at java.base/java.util.stream.ForEachOps$ForEachOp$OfRef.evaluateSequential(ForEachOps.java:174)
	at java.base/java.util.stream.AbstractPipeline.evaluate(AbstractPipeline.java:234)
	at java.base/java.util.stream.ReferencePipeline.forEach(ReferencePipeline.java:596)
	at org.openqa.selenium.devtools.Connection.handle(Connection.java:311)
	at org.openqa.selenium.devtools.Connection$Listener.lambda$onText$0(Connection.java:239)
	at java.base/java.util.concurrent.ThreadPoolExecutor.runWorker(ThreadPoolExecutor.java:1144)
	at java.base/java.util.concurrent.ThreadPoolExecutor$Worker.run(ThreadPoolExecutor.java:642)
	at java.base/java.lang.Thread.run(Thread.java:1583)
Caused by: org.openqa.selenium.WebDriverException: {"id":384,"error":{"code":-32602,"message":"Invalid parameters","data":"Failed to deserialize params.postData - BINDINGS: invalid base64 string at position 48"},"sessionId":"FD6F7872273CA6C5113A55F364BFE536"}
Build info: version: '4.23.0', revision: '4df0a231af'
System info: os.name: 'Windows 11', os.arch: 'amd64', os.version: '10.0', java.version: '21.0.5'
Driver info: driver.version: unknown
	at org.openqa.selenium.devtools.Connection.handle(Connection.java:275)
	... 4 more

Exception in thread "CDP Connection" org.openqa.selenium.devtools.DevToolsException: {"id":384,"error":{"code":-32602,"message":"Invalid parameters","data":"Failed to deserialize params.postData - BINDINGS: invalid base64 string at position 48"},"sessionId":"FD6F7872273CA6C5113A55F364BFE536"}
Build info: version: '4.23.0', revision: '4df0a231af'
System info: os.name: 'Windows 11', os.arch: 'amd64', os.version: '10.0', java.version: '21.0.5'
Driver info: driver.version: unknown
	at org.openqa.selenium.devtools.Connection$Listener.lambda$onText$0(Connection.java:242)
	at java.base/java.util.concurrent.ThreadPoolExecutor.runWorker(ThreadPoolExecutor.java:1144)
	at java.base/java.util.concurrent.ThreadPoolExecutor$Worker.run(ThreadPoolExecutor.java:642)
	at java.base/java.lang.Thread.run(Thread.java:1583)
Caused by: org.openqa.selenium.devtools.DevToolsException: {"id":384,"error":{"code":-32602,"message":"Invalid parameters","data":"Failed to deserialize params.postData - BINDINGS: invalid base64 string at position 48"},"sessionId":"FD6F7872273CA6C5113A55F364BFE536"}
Build info: version: '4.23.0', revision: '4df0a231af'
System info: os.name: 'Windows 11', os.arch: 'amd64', os.version: '10.0', java.version: '21.0.5'
Driver info: driver.version: unknown
	at org.openqa.selenium.devtools.Connection.sendAndWait(Connection.java:195)
	at org.openqa.selenium.devtools.DevTools.send(DevTools.java:90)
	at StepDefinitions.UITest.RegisterPage.ErrorHandlingStepDefImpl.lambda$API_is_intercepted_and_payload_is_modified_and_correct_details_and_error_occurs$4(ErrorHandlingStepDefImpl.java:180)
	at org.openqa.selenium.devtools.DevTools.lambda$addListener$0(DevTools.java:104)
	at org.openqa.selenium.devtools.Connection.lambda$handle$5(Connection.java:348)
	at java.base/java.util.stream.ForEachOps$ForEachOp$OfRef.accept(ForEachOps.java:184)
	at java.base/java.util.stream.ReferencePipeline$2$1.accept(ReferencePipeline.java:179)
	at java.base/java.util.stream.ReferencePipeline$15$1.accept(ReferencePipeline.java:541)
	at java.base/java.util.HashMap$EntrySpliterator.forEachRemaining(HashMap.java:1858)
	at java.base/java.util.stream.AbstractPipeline.copyInto(AbstractPipeline.java:509)
	at java.base/java.util.stream.AbstractPipeline.wrapAndCopyInto(AbstractPipeline.java:499)
	at java.base/java.util.stream.ForEachOps$ForEachOp.evaluateSequential(ForEachOps.java:151)
	at java.base/java.util.stream.ForEachOps$ForEachOp$OfRef.evaluateSequential(ForEachOps.java:174)
	at java.base/java.util.stream.AbstractPipeline.evaluate(AbstractPipeline.java:234)
	at java.base/java.util.stream.ReferencePipeline.forEach(ReferencePipeline.java:596)
	at org.openqa.selenium.devtools.Connection.handle(Connection.java:311)
	at org.openqa.selenium.devtools.Connection$Listener.lambda$onText$0(Connection.java:239)
	... 3 more
Caused by: org.openqa.selenium.WebDriverException: {"id":384,"error":{"code":-32602,"message":"Invalid parameters","data":"Failed to deserialize params.postData - BINDINGS: invalid base64 string at position 48"},"sessionId":"FD6F7872273CA6C5113A55F364BFE536"}
Build info: version: '4.23.0', revision: '4df0a231af'
System info: os.name: 'Windows 11', os.arch: 'amd64', os.version: '10.0', java.version: '21.0.5'
Driver info: driver.version: unknown
	at org.openqa.selenium.devtools.Connection.handle(Connection.java:275)
	... 4 more
]]></system-err>
  </testcase>
  <testcase name="runScenario[&quot;User provides correct details and api is failed and error is displayed&quot;, &quot;Register page error handling&quot;](141)" classname="TestNGTestRunner" time="4.967">
    <system-err><![CDATA[Jan 06, 2025 10:10:56 AM org.openqa.selenium.remote.http.WebSocket$Listener onError
WARNING: Connection reset
java.net.SocketException: Connection reset
	at java.base/sun.nio.ch.SocketChannelImpl.throwConnectionReset(SocketChannelImpl.java:401)
	at java.base/sun.nio.ch.SocketChannelImpl.read(SocketChannelImpl.java:434)
	at java.net.http/jdk.internal.net.http.SocketTube.readAvailable(SocketTube.java:1178)
	at java.net.http/jdk.internal.net.http.SocketTube$InternalReadPublisher$InternalReadSubscription.read(SocketTube.java:841)
	at java.net.http/jdk.internal.net.http.SocketTube$SocketFlowTask.run(SocketTube.java:181)
	at java.net.http/jdk.internal.net.http.common.SequentialScheduler$SchedulableTask.run(SequentialScheduler.java:207)
	at java.net.http/jdk.internal.net.http.common.SequentialScheduler.runOrSchedule(SequentialScheduler.java:280)
	at java.net.http/jdk.internal.net.http.common.SequentialScheduler.runOrSchedule(SequentialScheduler.java:233)
	at java.net.http/jdk.internal.net.http.SocketTube$InternalReadPublisher$InternalReadSubscription.signalReadable(SocketTube.java:782)
	at java.net.http/jdk.internal.net.http.SocketTube$InternalReadPublisher$ReadEvent.signalEvent(SocketTube.java:965)
	at java.net.http/jdk.internal.net.http.SocketTube$SocketFlowEvent.handle(SocketTube.java:253)
	at java.net.http/jdk.internal.net.http.HttpClientImpl$SelectorManager.handleEvent(HttpClientImpl.java:1469)
	at java.net.http/jdk.internal.net.http.HttpClientImpl$SelectorManager.lambda$run$3(HttpClientImpl.java:1414)
	at java.base/java.util.ArrayList.forEach(ArrayList.java:1596)
	at java.net.http/jdk.internal.net.http.HttpClientImpl$SelectorManager.run(HttpClientImpl.java:1414)

]]></system-err>
  </testcase>
  <testcase name="runScenario[&quot;User provides registered email and registerd user is displayed&quot;, &quot;Register page error handling&quot;](142)" classname="TestNGTestRunner" time="5.434"/>
  <testcase name="runScenario[&quot;User clicks on login page link in register page&quot;, &quot;Register page functionality&quot;](143)" classname="TestNGTestRunner" time="8.478">
    <system-out><![CDATA[  Given User landed on ECommerece register page                                                                                                               # StepDefinitions.UITest.RegisterPage.FunctionalityStepDefImpl.user_landed_on_e_commerece_register_page()
  Given User landed on ECommerece register page                  # StepDefinitions.UITest.RegisterPage.FunctionalityStepDefImpl.user_landed_on_e_commerece_register_page()
  When User click on login link                                  # StepDefinitions.UITest.RegisterPage.FunctionalityStepDefImpl.user_click_on_login_link()
  Then "We Make Your Shopping Simple" login message is displayed # StepDefinitions.UITest.RegisterPage.FunctionalityStepDefImpl.message_is_displayed(java.lang.String)
  When User clciks on add cart button on a product                               # StepDefinitions.UITest.ProductsPage.FunctionalityStepDefImpl.user_clciks_on_add_cart_button_on_a_product()
  Then "Product Added To Cart" message is displayed and product is added to cart # StepDefinitions.UITest.ProductsPage.FunctionalityStepDefImpl.message_is_displayed_and_product_is_added_to_cart(java.lang.String)
      java.lang.AssertionError: expected [2] but found [1]
	at org.testng.Assert.fail(Assert.java:111)
	at org.testng.Assert.failNotEquals(Assert.java:1578)
	at org.testng.Assert.assertEqualsImpl(Assert.java:150)
	at org.testng.Assert.assertEquals(Assert.java:132)
	at org.testng.Assert.assertEquals(Assert.java:656)
	at org.testng.Assert.assertEquals(Assert.java:666)
	at StepDefinitions.UITest.ProductsPage.FunctionalityStepDefImpl.message_is_displayed_and_product_is_added_to_cart(FunctionalityStepDefImpl.java:232)
	at ✽."Product Added To Cart" message is displayed and product is added to cart(file:///C:/Users/santh/Desktop/Ecommerce%20Automation/Selenium/EcommercePractise/src/test/java/FeatureFiles/UITest/ProductsPage/Functionality.feature:36)

{"firstName":"santhosh","lastName":"sai","userEmail":"wstfvfmvbhbjhfg@gmail.com","userRole":"customer","occupation":"Student","gender":"Male","userMobile":"1234567890","userPassword":"151Fa04124@4517","confirmPassword":"151Fa04124@4517","required":true}
]]></system-out>
    <system-err><![CDATA[Jan 06, 2025 10:10:59 AM org.openqa.selenium.remote.http.WebSocket$Listener onError
WARNING: Connection reset
java.net.SocketException: Connection reset
	at java.base/sun.nio.ch.SocketChannelImpl.throwConnectionReset(SocketChannelImpl.java:401)
	at java.base/sun.nio.ch.SocketChannelImpl.read(SocketChannelImpl.java:434)
	at java.net.http/jdk.internal.net.http.SocketTube.readAvailable(SocketTube.java:1178)
	at java.net.http/jdk.internal.net.http.SocketTube$InternalReadPublisher$InternalReadSubscription.read(SocketTube.java:841)
	at java.net.http/jdk.internal.net.http.SocketTube$SocketFlowTask.run(SocketTube.java:181)
	at java.net.http/jdk.internal.net.http.common.SequentialScheduler$SchedulableTask.run(SequentialScheduler.java:207)
	at java.net.http/jdk.internal.net.http.common.SequentialScheduler.runOrSchedule(SequentialScheduler.java:280)
	at java.net.http/jdk.internal.net.http.common.SequentialScheduler.runOrSchedule(SequentialScheduler.java:233)
	at java.net.http/jdk.internal.net.http.SocketTube$InternalReadPublisher$InternalReadSubscription.signalReadable(SocketTube.java:782)
	at java.net.http/jdk.internal.net.http.SocketTube$InternalReadPublisher$ReadEvent.signalEvent(SocketTube.java:965)
	at java.net.http/jdk.internal.net.http.SocketTube$SocketFlowEvent.handle(SocketTube.java:253)
	at java.net.http/jdk.internal.net.http.HttpClientImpl$SelectorManager.handleEvent(HttpClientImpl.java:1469)
	at java.net.http/jdk.internal.net.http.HttpClientImpl$SelectorManager.lambda$run$3(HttpClientImpl.java:1414)
	at java.base/java.util.ArrayList.forEach(ArrayList.java:1596)
	at java.net.http/jdk.internal.net.http.HttpClientImpl$SelectorManager.run(HttpClientImpl.java:1414)

]]></system-err>
  </testcase>
  <testcase name="runScenario[&quot;Add products to cart&quot;, &quot;Products page functionality&quot;](144)" classname="TestNGTestRunner" time="8.596">
    <failure message="expected [2] but found [1]" type="java.lang.AssertionError"><![CDATA[java.lang.AssertionError: expected [2] but found [1]
	at org.testng.Assert.fail(Assert.java:111)
	at org.testng.Assert.failNotEquals(Assert.java:1578)
	at org.testng.Assert.assertEqualsImpl(Assert.java:150)
	at org.testng.Assert.assertEquals(Assert.java:132)
	at org.testng.Assert.assertEquals(Assert.java:656)
	at org.testng.Assert.assertEquals(Assert.java:666)
	at StepDefinitions.UITest.ProductsPage.FunctionalityStepDefImpl.message_is_displayed_and_product_is_added_to_cart(FunctionalityStepDefImpl.java:232)
	at ✽."Product Added To Cart" message is displayed and product is added to cart(file:///C:/Users/santh/Desktop/Ecommerce%20Automation/Selenium/EcommercePractise/src/test/java/FeatureFiles/UITest/ProductsPage/Functionality.feature:36)
]]></failure>
    <system-err><![CDATA[Jan 06, 2025 10:11:01 AM org.openqa.selenium.remote.http.WebSocket$Listener onError
WARNING: Connection reset
java.net.SocketException: Connection reset
	at java.base/sun.nio.ch.SocketChannelImpl.throwConnectionReset(SocketChannelImpl.java:401)
	at java.base/sun.nio.ch.SocketChannelImpl.read(SocketChannelImpl.java:434)
	at java.net.http/jdk.internal.net.http.SocketTube.readAvailable(SocketTube.java:1178)
	at java.net.http/jdk.internal.net.http.SocketTube$InternalReadPublisher$InternalReadSubscription.read(SocketTube.java:841)
	at java.net.http/jdk.internal.net.http.SocketTube$SocketFlowTask.run(SocketTube.java:181)
	at java.net.http/jdk.internal.net.http.common.SequentialScheduler$SchedulableTask.run(SequentialScheduler.java:207)
	at java.net.http/jdk.internal.net.http.common.SequentialScheduler.runOrSchedule(SequentialScheduler.java:280)
	at java.net.http/jdk.internal.net.http.common.SequentialScheduler.runOrSchedule(SequentialScheduler.java:233)
	at java.net.http/jdk.internal.net.http.SocketTube$InternalReadPublisher$InternalReadSubscription.signalReadable(SocketTube.java:782)
	at java.net.http/jdk.internal.net.http.SocketTube$InternalReadPublisher$ReadEvent.signalEvent(SocketTube.java:965)
	at java.net.http/jdk.internal.net.http.SocketTube$SocketFlowEvent.handle(SocketTube.java:253)
	at java.net.http/jdk.internal.net.http.HttpClientImpl$SelectorManager.handleEvent(HttpClientImpl.java:1469)
	at java.net.http/jdk.internal.net.http.HttpClientImpl$SelectorManager.lambda$run$3(HttpClientImpl.java:1414)
	at java.base/java.util.ArrayList.forEach(ArrayList.java:1596)
	at java.net.http/jdk.internal.net.http.HttpClientImpl$SelectorManager.run(HttpClientImpl.java:1414)

]]></system-err>
  </testcase>
  <testcase name="runScenario[&quot;User provides all correct details and user is registered successfully&quot;, &quot;Register page functionality&quot;](145)" classname="TestNGTestRunner" time="18.953">
    <failure message="Expected condition failed: waiting for visibility of Proxy element for: DefaultElementLocator &apos;By.xpath: //h1[normalize-space()=&apos;Account Created Successfully&apos;]&apos; (tried for 5 second(s) with 500 milliseconds interval)" type="org.openqa.selenium.TimeoutException"><![CDATA[org.openqa.selenium.TimeoutException: Expected condition failed: waiting for visibility of Proxy element for: DefaultElementLocator 'By.xpath: //h1[normalize-space()='Account Created Successfully']' (tried for 5 second(s) with 500 milliseconds interval)
	at org.openqa.selenium.support.ui.WebDriverWait.timeoutException(WebDriverWait.java:84)
	at org.openqa.selenium.support.ui.FluentWait.until(FluentWait.java:228)
	at Util.Utility.waitForWebElementToAppear(Utility.java:32)
	at PageObjects.RegisterPage.getSuccessMessage(RegisterPage.java:174)
	at StepDefinitions.UITest.RegisterPage.FunctionalityStepDefImpl.user_provied_correct_details(FunctionalityStepDefImpl.java:78)
	at ✽.User provied santhosh sai wstfvfmvbhbjhfg@gmail.com 1234567890 Student Male 151Fa04124@4517 151Fa04124@4517 true and submits form with correct details(file:///C:/Users/santh/Desktop/Ecommerce%20Automation/Selenium/EcommercePractise/src/test/java/FeatureFiles/UITest/RegisterPage/Functionality.feature:12)
Caused by: org.openqa.selenium.NoSuchElementException: no such element: Unable to locate element: {"method":"xpath","selector":"//h1[normalize-space()='Account Created Successfully']"}
  (Session info: chrome=130.0.6723.70)
For documentation on this error, please visit: https://www.selenium.dev/documentation/webdriver/troubleshooting/errors#no-such-element-exception
Build info: version: '4.23.0', revision: '4df0a231af'
System info: os.name: 'Windows 11', os.arch: 'amd64', os.version: '10.0', java.version: '21.0.5'
Driver info: org.openqa.selenium.chrome.ChromeDriver
Command: [598740e4a115c001310671722b0e7683, findElement {value=//h1[normalize-space()='Account Created Successfully'], using=xpath}]
Capabilities {acceptInsecureCerts: false, browserName: chrome, browserVersion: 130.0.6723.70, chrome: {chromedriverVersion: 130.0.6723.116 (6ac35f94ae3..., userDataDir: C:\Users\santh\AppData\Loca...}, fedcm:accounts: true, goog:chromeOptions: {debuggerAddress: localhost:56710}, networkConnectionEnabled: false, pageLoadStrategy: normal, platformName: windows, proxy: Proxy(), se:cdp: ws://localhost:56710/devtoo..., se:cdpVersion: 130.0.6723.70, setWindowRect: true, strictFileInteractability: false, timeouts: {implicit: 0, pageLoad: 300000, script: 30000}, unhandledPromptBehavior: dismiss and notify, webauthn:extension:credBlob: true, webauthn:extension:largeBlob: true, webauthn:extension:minPinLength: true, webauthn:extension:prf: true, webauthn:virtualAuthenticators: true}
Session ID: 598740e4a115c001310671722b0e7683
	at java.base/jdk.internal.reflect.DirectConstructorHandleAccessor.newInstance(DirectConstructorHandleAccessor.java:62)
	at java.base/java.lang.reflect.Constructor.newInstanceWithCaller(Constructor.java:502)
	at java.base/java.lang.reflect.Constructor.newInstance(Constructor.java:486)
	at org.openqa.selenium.remote.ErrorCodec.decode(ErrorCodec.java:167)
	at org.openqa.selenium.remote.codec.w3c.W3CHttpResponseCodec.decode(W3CHttpResponseCodec.java:138)
	at org.openqa.selenium.remote.codec.w3c.W3CHttpResponseCodec.decode(W3CHttpResponseCodec.java:50)
	at org.openqa.selenium.remote.HttpCommandExecutor.execute(HttpCommandExecutor.java:190)
	at org.openqa.selenium.remote.service.DriverCommandExecutor.invokeExecute(DriverCommandExecutor.java:216)
	at org.openqa.selenium.remote.service.DriverCommandExecutor.execute(DriverCommandExecutor.java:174)
	at org.openqa.selenium.remote.RemoteWebDriver.execute(RemoteWebDriver.java:527)
	at org.openqa.selenium.remote.ElementLocation$ElementFinder$2.findElement(ElementLocation.java:165)
	at org.openqa.selenium.remote.ElementLocation.findElement(ElementLocation.java:59)
	at org.openqa.selenium.remote.RemoteWebDriver.findElement(RemoteWebDriver.java:357)
	at org.openqa.selenium.remote.RemoteWebDriver.findElement(RemoteWebDriver.java:351)
	at org.openqa.selenium.support.pagefactory.DefaultElementLocator.findElement(DefaultElementLocator.java:68)
	at org.openqa.selenium.support.pagefactory.internal.LocatingElementHandler.invoke(LocatingElementHandler.java:38)
	at jdk.proxy2/jdk.proxy2.$Proxy27.isDisplayed(Unknown Source)
	at org.openqa.selenium.support.ui.ExpectedConditions.elementIfVisible(ExpectedConditions.java:304)
	at org.openqa.selenium.support.ui.ExpectedConditions$10.apply(ExpectedConditions.java:290)
	at org.openqa.selenium.support.ui.ExpectedConditions$10.apply(ExpectedConditions.java:287)
	at org.openqa.selenium.support.ui.FluentWait.until(FluentWait.java:203)
	at Util.Utility.waitForWebElementToAppear(Utility.java:32)
	at PageObjects.RegisterPage.getSuccessMessage(RegisterPage.java:174)
	at StepDefinitions.UITest.RegisterPage.FunctionalityStepDefImpl.user_provied_correct_details(FunctionalityStepDefImpl.java:78)
	at java.base/jdk.internal.reflect.DirectMethodHandleAccessor.invoke(DirectMethodHandleAccessor.java:103)
	at java.base/java.lang.reflect.Method.invoke(Method.java:580)
	at io.cucumber.java.Invoker.doInvoke(Invoker.java:66)
	at io.cucumber.java.Invoker.invoke(Invoker.java:24)
	at io.cucumber.java.AbstractGlueDefinition.invokeMethod(AbstractGlueDefinition.java:47)
	at io.cucumber.java.JavaStepDefinition.execute(JavaStepDefinition.java:29)
	at io.cucumber.core.runner.CoreStepDefinition.execute(CoreStepDefinition.java:66)
	at io.cucumber.core.runner.PickleStepDefinitionMatch.runStep(PickleStepDefinitionMatch.java:63)
	at io.cucumber.core.runner.ExecutionMode$1.execute(ExecutionMode.java:10)
	at io.cucumber.core.runner.TestStep.executeStep(TestStep.java:81)
	at io.cucumber.core.runner.TestStep.run(TestStep.java:53)
	at io.cucumber.core.runner.PickleStepTestStep.run(PickleStepTestStep.java:51)
	at io.cucumber.core.runner.TestCase.run(TestCase.java:84)
	at io.cucumber.core.runner.Runner.runPickle(Runner.java:75)
	at io.cucumber.testng.TestNGCucumberRunner.lambda$runScenario$1(TestNGCucumberRunner.java:132)
	at io.cucumber.core.runtime.CucumberExecutionContext.lambda$runTestCase$5(CucumberExecutionContext.java:136)
	at io.cucumber.core.runtime.RethrowingThrowableCollector.executeAndThrow(RethrowingThrowableCollector.java:23)
	at io.cucumber.core.runtime.CucumberExecutionContext.runTestCase(CucumberExecutionContext.java:136)
	at io.cucumber.testng.TestNGCucumberRunner.runScenario(TestNGCucumberRunner.java:129)
	at io.cucumber.testng.AbstractTestNGCucumberTests.runScenario(AbstractTestNGCucumberTests.java:35)
	at java.base/jdk.internal.reflect.DirectMethodHandleAccessor.invoke(DirectMethodHandleAccessor.java:103)
	at java.base/java.lang.reflect.Method.invoke(Method.java:580)
	at org.testng.internal.invokers.MethodInvocationHelper.invokeMethod(MethodInvocationHelper.java:141)
	at org.testng.internal.invokers.TestInvoker.invokeMethod(TestInvoker.java:686)
	at org.testng.internal.invokers.TestInvoker.invokeTestMethod(TestInvoker.java:230)
	at org.testng.internal.invokers.TestMethodWithDataProviderMethodWorker.call(TestMethodWithDataProviderMethodWorker.java:81)
	at org.testng.internal.thread.Async$AsyncTask.run(Async.java:34)
	at java.base/java.util.concurrent.ThreadPoolExecutor.runWorker(ThreadPoolExecutor.java:1144)
	at java.base/java.util.concurrent.ThreadPoolExecutor$Worker.run(ThreadPoolExecutor.java:642)
	at java.base/java.lang.Thread.run(Thread.java:1583)
]]></failure>
    <system-out><![CDATA[  When User provied santhosh sai wstfvfmvbhbjhfg@gmail.com 1234567890 Student Male 151Fa04124@4517 151Fa04124@4517 true and submits form with correct details # StepDefinitions.UITest.RegisterPage.FunctionalityStepDefImpl.user_provied_correct_details(java.lang.String,java.lang.String,java.lang.String,java.lang.String,java.lang.String,java.lang.String,java.lang.String,java.lang.String,boolean)
      org.openqa.selenium.TimeoutException: Expected condition failed: waiting for visibility of Proxy element for: DefaultElementLocator 'By.xpath: //h1[normalize-space()='Account Created Successfully']' (tried for 5 second(s) with 500 milliseconds interval)
	at org.openqa.selenium.support.ui.WebDriverWait.timeoutException(WebDriverWait.java:84)
	at org.openqa.selenium.support.ui.FluentWait.until(FluentWait.java:228)
	at Util.Utility.waitForWebElementToAppear(Utility.java:32)
	at PageObjects.RegisterPage.getSuccessMessage(RegisterPage.java:174)
	at StepDefinitions.UITest.RegisterPage.FunctionalityStepDefImpl.user_provied_correct_details(FunctionalityStepDefImpl.java:78)
	at ✽.User provied santhosh sai wstfvfmvbhbjhfg@gmail.com 1234567890 Student Male 151Fa04124@4517 151Fa04124@4517 true and submits form with correct details(file:///C:/Users/santh/Desktop/Ecommerce%20Automation/Selenium/EcommercePractise/src/test/java/FeatureFiles/UITest/RegisterPage/Functionality.feature:12)
Caused by: org.openqa.selenium.NoSuchElementException: no such element: Unable to locate element: {"method":"xpath","selector":"//h1[normalize-space()='Account Created Successfully']"}
  (Session info: chrome=130.0.6723.70)
For documentation on this error, please visit: https://www.selenium.dev/documentation/webdriver/troubleshooting/errors#no-such-element-exception
Build info: version: '4.23.0', revision: '4df0a231af'
System info: os.name: 'Windows 11', os.arch: 'amd64', os.version: '10.0', java.version: '21.0.5'
Driver info: org.openqa.selenium.chrome.ChromeDriver
Command: [598740e4a115c001310671722b0e7683, findElement {value=//h1[normalize-space()='Account Created Successfully'], using=xpath}]
Capabilities {acceptInsecureCerts: false, browserName: chrome, browserVersion: 130.0.6723.70, chrome: {chromedriverVersion: 130.0.6723.116 (6ac35f94ae3..., userDataDir: C:\Users\santh\AppData\Loca...}, fedcm:accounts: true, goog:chromeOptions: {debuggerAddress: localhost:56710}, networkConnectionEnabled: false, pageLoadStrategy: normal, platformName: windows, proxy: Proxy(), se:cdp: ws://localhost:56710/devtoo..., se:cdpVersion: 130.0.6723.70, setWindowRect: true, strictFileInteractability: false, timeouts: {implicit: 0, pageLoad: 300000, script: 30000}, unhandledPromptBehavior: dismiss and notify, webauthn:extension:credBlob: true, webauthn:extension:largeBlob: true, webauthn:extension:minPinLength: true, webauthn:extension:prf: true, webauthn:virtualAuthenticators: true}
Session ID: 598740e4a115c001310671722b0e7683
	at java.base/jdk.internal.reflect.DirectConstructorHandleAccessor.newInstance(DirectConstructorHandleAccessor.java:62)
	at java.base/java.lang.reflect.Constructor.newInstanceWithCaller(Constructor.java:502)
	at java.base/java.lang.reflect.Constructor.newInstance(Constructor.java:486)
	at org.openqa.selenium.remote.ErrorCodec.decode(ErrorCodec.java:167)
	at org.openqa.selenium.remote.codec.w3c.W3CHttpResponseCodec.decode(W3CHttpResponseCodec.java:138)
	at org.openqa.selenium.remote.codec.w3c.W3CHttpResponseCodec.decode(W3CHttpResponseCodec.java:50)
	at org.openqa.selenium.remote.HttpCommandExecutor.execute(HttpCommandExecutor.java:190)
	at org.openqa.selenium.remote.service.DriverCommandExecutor.invokeExecute(DriverCommandExecutor.java:216)
	at org.openqa.selenium.remote.service.DriverCommandExecutor.execute(DriverCommandExecutor.java:174)
	at org.openqa.selenium.remote.RemoteWebDriver.execute(RemoteWebDriver.java:527)
	at org.openqa.selenium.remote.ElementLocation$ElementFinder$2.findElement(ElementLocation.java:165)
	at org.openqa.selenium.remote.ElementLocation.findElement(ElementLocation.java:59)
	at org.openqa.selenium.remote.RemoteWebDriver.findElement(RemoteWebDriver.java:357)
	at org.openqa.selenium.remote.RemoteWebDriver.findElement(RemoteWebDriver.java:351)
	at org.openqa.selenium.support.pagefactory.DefaultElementLocator.findElement(DefaultElementLocator.java:68)
	at org.openqa.selenium.support.pagefactory.internal.LocatingElementHandler.invoke(LocatingElementHandler.java:38)
	at jdk.proxy2/jdk.proxy2.$Proxy27.isDisplayed(Unknown Source)
	at org.openqa.selenium.support.ui.ExpectedConditions.elementIfVisible(ExpectedConditions.java:304)
	at org.openqa.selenium.support.ui.ExpectedConditions$10.apply(ExpectedConditions.java:290)
	at org.openqa.selenium.support.ui.ExpectedConditions$10.apply(ExpectedConditions.java:287)
	at org.openqa.selenium.support.ui.FluentWait.until(FluentWait.java:203)
	at Util.Utility.waitForWebElementToAppear(Utility.java:32)
	at PageObjects.RegisterPage.getSuccessMessage(RegisterPage.java:174)
	at StepDefinitions.UITest.RegisterPage.FunctionalityStepDefImpl.user_provied_correct_details(FunctionalityStepDefImpl.java:78)
	at java.base/jdk.internal.reflect.DirectMethodHandleAccessor.invoke(DirectMethodHandleAccessor.java:103)
	at java.base/java.lang.reflect.Method.invoke(Method.java:580)
	at io.cucumber.java.Invoker.doInvoke(Invoker.java:66)
	at io.cucumber.java.Invoker.invoke(Invoker.java:24)
	at io.cucumber.java.AbstractGlueDefinition.invokeMethod(AbstractGlueDefinition.java:47)
	at io.cucumber.java.JavaStepDefinition.execute(JavaStepDefinition.java:29)
	at io.cucumber.core.runner.CoreStepDefinition.execute(CoreStepDefinition.java:66)
	at io.cucumber.core.runner.PickleStepDefinitionMatch.runStep(PickleStepDefinitionMatch.java:63)
	at io.cucumber.core.runner.ExecutionMode$1.execute(ExecutionMode.java:10)
	at io.cucumber.core.runner.TestStep.executeStep(TestStep.java:81)
	at io.cucumber.core.runner.TestStep.run(TestStep.java:53)
	at io.cucumber.core.runner.PickleStepTestStep.run(PickleStepTestStep.java:51)
	at io.cucumber.core.runner.TestCase.run(TestCase.java:84)
	at io.cucumber.core.runner.Runner.runPickle(Runner.java:75)
	at io.cucumber.testng.TestNGCucumberRunner.lambda$runScenario$1(TestNGCucumberRunner.java:132)
	at io.cucumber.core.runtime.CucumberExecutionContext.lambda$runTestCase$5(CucumberExecutionContext.java:136)
	at io.cucumber.core.runtime.RethrowingThrowableCollector.executeAndThrow(RethrowingThrowableCollector.java:23)
	at io.cucumber.core.runtime.CucumberExecutionContext.runTestCase(CucumberExecutionContext.java:136)
	at io.cucumber.testng.TestNGCucumberRunner.runScenario(TestNGCucumberRunner.java:129)
	at io.cucumber.testng.AbstractTestNGCucumberTests.runScenario(AbstractTestNGCucumberTests.java:35)
	at java.base/jdk.internal.reflect.DirectMethodHandleAccessor.invoke(DirectMethodHandleAccessor.java:103)
	at java.base/java.lang.reflect.Method.invoke(Method.java:580)
	at org.testng.internal.invokers.MethodInvocationHelper.invokeMethod(MethodInvocationHelper.java:141)
	at org.testng.internal.invokers.TestInvoker.invokeMethod(TestInvoker.java:686)
	at org.testng.internal.invokers.TestInvoker.invokeTestMethod(TestInvoker.java:230)
	at org.testng.internal.invokers.TestMethodWithDataProviderMethodWorker.call(TestMethodWithDataProviderMethodWorker.java:81)
	at org.testng.internal.thread.Async$AsyncTask.run(Async.java:34)
	at java.base/java.util.concurrent.ThreadPoolExecutor.runWorker(ThreadPoolExecutor.java:1144)
	at java.base/java.util.concurrent.ThreadPoolExecutor$Worker.run(ThreadPoolExecutor.java:642)
	at java.base/java.lang.Thread.run(Thread.java:1583)

  Then "Account Created Successfully" accoun created message is displayed                                                                                     # StepDefinitions.UITest.RegisterPage.FunctionalityStepDefImpl.accoun_created_message_is_displayed(java.lang.String)
]]></system-out>
    <system-err><![CDATA[Jan 06, 2025 10:11:10 AM org.openqa.selenium.remote.http.WebSocket$Listener onError
WARNING: Connection reset
java.net.SocketException: Connection reset
	at java.base/sun.nio.ch.SocketChannelImpl.throwConnectionReset(SocketChannelImpl.java:401)
	at java.base/sun.nio.ch.SocketChannelImpl.read(SocketChannelImpl.java:434)
	at java.net.http/jdk.internal.net.http.SocketTube.readAvailable(SocketTube.java:1178)
	at java.net.http/jdk.internal.net.http.SocketTube$InternalReadPublisher$InternalReadSubscription.read(SocketTube.java:841)
	at java.net.http/jdk.internal.net.http.SocketTube$SocketFlowTask.run(SocketTube.java:181)
	at java.net.http/jdk.internal.net.http.common.SequentialScheduler$SchedulableTask.run(SequentialScheduler.java:207)
	at java.net.http/jdk.internal.net.http.common.SequentialScheduler.runOrSchedule(SequentialScheduler.java:280)
	at java.net.http/jdk.internal.net.http.common.SequentialScheduler.runOrSchedule(SequentialScheduler.java:233)
	at java.net.http/jdk.internal.net.http.SocketTube$InternalReadPublisher$InternalReadSubscription.signalReadable(SocketTube.java:782)
	at java.net.http/jdk.internal.net.http.SocketTube$InternalReadPublisher$ReadEvent.signalEvent(SocketTube.java:965)
	at java.net.http/jdk.internal.net.http.SocketTube$SocketFlowEvent.handle(SocketTube.java:253)
	at java.net.http/jdk.internal.net.http.HttpClientImpl$SelectorManager.handleEvent(HttpClientImpl.java:1469)
	at java.net.http/jdk.internal.net.http.HttpClientImpl$SelectorManager.lambda$run$3(HttpClientImpl.java:1414)
	at java.base/java.util.ArrayList.forEach(ArrayList.java:1596)
	at java.net.http/jdk.internal.net.http.HttpClientImpl$SelectorManager.run(HttpClientImpl.java:1414)

]]></system-err>
  </testcase>
</testsuite>