<?xml version="1.0" encoding="UTF-8"?>
<testsuite xmlns:xsi="http://www.w3.org/2001/XMLSchema-instance" xsi:noNamespaceSchemaLocation="https://maven.apache.org/surefire/maven-surefire-plugin/xsd/surefire-test-report.xsd" version="3.0.1" name="TestSuite" time="403.335" tests="45" errors="0" skipped="0" failures="3">
  <properties>
    <property name="java.specification.version" value="21"/>
    <property name="sun.cpu.isalist" value="amd64"/>
    <property name="sun.jnu.encoding" value="Cp1252"/>
    <property name="java.class.path" value="C:\Users\santh\Desktop\Ecommerce Automation\Selenium\EcommercePractise\target\test-classes;C:\Users\santh\Desktop\Ecommerce Automation\Selenium\EcommercePractise\target\classes;C:\Users\santh\.m2\repository\org\json\json\20230618\json-20230618.jar;C:\Users\santh\.m2\repository\org\seleniumhq\selenium\selenium-java\4.23.0\selenium-java-4.23.0.jar;C:\Users\santh\.m2\repository\org\seleniumhq\selenium\selenium-api\4.23.0\selenium-api-4.23.0.jar;C:\Users\santh\.m2\repository\org\seleniumhq\selenium\selenium-chrome-driver\4.23.0\selenium-chrome-driver-4.23.0.jar;C:\Users\santh\.m2\repository\com\google\auto\service\auto-service-annotations\1.1.1\auto-service-annotations-1.1.1.jar;C:\Users\santh\.m2\repository\org\seleniumhq\selenium\selenium-chromium-driver\4.23.0\selenium-chromium-driver-4.23.0.jar;C:\Users\santh\.m2\repository\org\seleniumhq\selenium\selenium-json\4.23.0\selenium-json-4.23.0.jar;C:\Users\santh\.m2\repository\org\seleniumhq\selenium\selenium-manager\4.23.0\selenium-manager-4.23.0.jar;C:\Users\santh\.m2\repository\org\seleniumhq\selenium\selenium-devtools-v125\4.23.0\selenium-devtools-v125-4.23.0.jar;C:\Users\santh\.m2\repository\org\seleniumhq\selenium\selenium-devtools-v126\4.23.0\selenium-devtools-v126-4.23.0.jar;C:\Users\santh\.m2\repository\org\seleniumhq\selenium\selenium-devtools-v127\4.23.0\selenium-devtools-v127-4.23.0.jar;C:\Users\santh\.m2\repository\org\seleniumhq\selenium\selenium-devtools-v85\4.23.0\selenium-devtools-v85-4.23.0.jar;C:\Users\santh\.m2\repository\org\seleniumhq\selenium\selenium-edge-driver\4.23.0\selenium-edge-driver-4.23.0.jar;C:\Users\santh\.m2\repository\org\seleniumhq\selenium\selenium-firefox-driver\4.23.0\selenium-firefox-driver-4.23.0.jar;C:\Users\santh\.m2\repository\org\seleniumhq\selenium\selenium-http\4.23.0\selenium-http-4.23.0.jar;C:\Users\santh\.m2\repository\dev\failsafe\failsafe\3.3.2\failsafe-3.3.2.jar;C:\Users\santh\.m2\repository\org\seleniumhq\selenium\selenium-ie-driver\4.23.0\selenium-ie-driver-4.23.0.jar;C:\Users\santh\.m2\repository\org\seleniumhq\selenium\selenium-remote-driver\4.23.0\selenium-remote-driver-4.23.0.jar;C:\Users\santh\.m2\repository\com\google\guava\guava\33.2.1-jre\guava-33.2.1-jre.jar;C:\Users\santh\.m2\repository\com\google\guava\failureaccess\1.0.2\failureaccess-1.0.2.jar;C:\Users\santh\.m2\repository\com\google\guava\listenablefuture\9999.0-empty-to-avoid-conflict-with-guava\listenablefuture-9999.0-empty-to-avoid-conflict-with-guava.jar;C:\Users\santh\.m2\repository\com\google\code\findbugs\jsr305\3.0.2\jsr305-3.0.2.jar;C:\Users\santh\.m2\repository\org\checkerframework\checker-qual\3.42.0\checker-qual-3.42.0.jar;C:\Users\santh\.m2\repository\com\google\errorprone\error_prone_annotations\2.26.1\error_prone_annotations-2.26.1.jar;C:\Users\santh\.m2\repository\com\google\j2objc\j2objc-annotations\3.0.0\j2objc-annotations-3.0.0.jar;C:\Users\santh\.m2\repository\io\opentelemetry\semconv\opentelemetry-semconv\1.25.0-alpha\opentelemetry-semconv-1.25.0-alpha.jar;C:\Users\santh\.m2\repository\io\opentelemetry\opentelemetry-api\1.40.0\opentelemetry-api-1.40.0.jar;C:\Users\santh\.m2\repository\io\opentelemetry\opentelemetry-context\1.40.0\opentelemetry-context-1.40.0.jar;C:\Users\santh\.m2\repository\io\opentelemetry\opentelemetry-exporter-logging\1.40.0\opentelemetry-exporter-logging-1.40.0.jar;C:\Users\santh\.m2\repository\io\opentelemetry\opentelemetry-sdk-common\1.40.0\opentelemetry-sdk-common-1.40.0.jar;C:\Users\santh\.m2\repository\io\opentelemetry\opentelemetry-sdk-extension-autoconfigure-spi\1.40.0\opentelemetry-sdk-extension-autoconfigure-spi-1.40.0.jar;C:\Users\santh\.m2\repository\io\opentelemetry\opentelemetry-sdk-extension-autoconfigure\1.40.0\opentelemetry-sdk-extension-autoconfigure-1.40.0.jar;C:\Users\santh\.m2\repository\io\opentelemetry\opentelemetry-api-incubator\1.40.0-alpha\opentelemetry-api-incubator-1.40.0-alpha.jar;C:\Users\santh\.m2\repository\io\opentelemetry\opentelemetry-sdk-trace\1.40.0\opentelemetry-sdk-trace-1.40.0.jar;C:\Users\santh\.m2\repository\io\opentelemetry\opentelemetry-sdk\1.40.0\opentelemetry-sdk-1.40.0.jar;C:\Users\santh\.m2\repository\io\opentelemetry\opentelemetry-sdk-metrics\1.40.0\opentelemetry-sdk-metrics-1.40.0.jar;C:\Users\santh\.m2\repository\io\opentelemetry\opentelemetry-sdk-logs\1.40.0\opentelemetry-sdk-logs-1.40.0.jar;C:\Users\santh\.m2\repository\net\bytebuddy\byte-buddy\1.14.18\byte-buddy-1.14.18.jar;C:\Users\santh\.m2\repository\org\seleniumhq\selenium\selenium-os\4.23.0\selenium-os-4.23.0.jar;C:\Users\santh\.m2\repository\org\apache\commons\commons-exec\1.4.0\commons-exec-1.4.0.jar;C:\Users\santh\.m2\repository\org\seleniumhq\selenium\selenium-safari-driver\4.23.0\selenium-safari-driver-4.23.0.jar;C:\Users\santh\.m2\repository\org\seleniumhq\selenium\selenium-support\4.23.0\selenium-support-4.23.0.jar;C:\Users\santh\.m2\repository\commons-io\commons-io\2.16.1\commons-io-2.16.1.jar;C:\Users\santh\.m2\repository\io\cucumber\cucumber-java\7.18.1\cucumber-java-7.18.1.jar;C:\Users\santh\.m2\repository\io\cucumber\cucumber-core\7.18.1\cucumber-core-7.18.1.jar;C:\Users\santh\.m2\repository\io\cucumber\cucumber-gherkin\7.18.1\cucumber-gherkin-7.18.1.jar;C:\Users\santh\.m2\repository\io\cucumber\cucumber-gherkin-messages\7.18.1\cucumber-gherkin-messages-7.18.1.jar;C:\Users\santh\.m2\repository\io\cucumber\gherkin\28.0.0\gherkin-28.0.0.jar;C:\Users\santh\.m2\repository\io\cucumber\messages\24.1.0\messages-24.1.0.jar;C:\Users\santh\.m2\repository\io\cucumber\testng-xml-formatter\0.2.0\testng-xml-formatter-0.2.0.jar;C:\Users\santh\.m2\repository\io\cucumber\query\12.2.0\query-12.2.0.jar;C:\Users\santh\.m2\repository\io\cucumber\tag-expressions\6.1.0\tag-expressions-6.1.0.jar;C:\Users\santh\.m2\repository\io\cucumber\cucumber-expressions\17.1.0\cucumber-expressions-17.1.0.jar;C:\Users\santh\.m2\repository\io\cucumber\datatable\7.18.1\datatable-7.18.1.jar;C:\Users\santh\.m2\repository\io\cucumber\cucumber-plugin\7.18.1\cucumber-plugin-7.18.1.jar;C:\Users\santh\.m2\repository\io\cucumber\docstring\7.18.1\docstring-7.18.1.jar;C:\Users\santh\.m2\repository\io\cucumber\html-formatter\21.4.1\html-formatter-21.4.1.jar;C:\Users\santh\.m2\repository\io\cucumber\junit-xml-formatter\0.5.0\junit-xml-formatter-0.5.0.jar;C:\Users\santh\.m2\repository\io\cucumber\ci-environment\10.0.1\ci-environment-10.0.1.jar;C:\Users\santh\.m2\repository\org\apiguardian\apiguardian-api\1.1.2\apiguardian-api-1.1.2.jar;C:\Users\santh\.m2\repository\io\cucumber\cucumber-testng\7.18.1\cucumber-testng-7.18.1.jar;C:\Users\santh\.m2\repository\org\testng\testng\7.10.2\testng-7.10.2.jar;C:\Users\santh\.m2\repository\org\slf4j\slf4j-api\1.7.36\slf4j-api-1.7.36.jar;C:\Users\santh\.m2\repository\com\beust\jcommander\1.82\jcommander-1.82.jar;C:\Users\santh\.m2\repository\org\webjars\jquery\3.7.1\jquery-3.7.1.jar;"/>
    <property name="java.vm.vendor" value="Oracle Corporation"/>
    <property name="sun.arch.data.model" value="64"/>
    <property name="user.variant" value=""/>
    <property name="java.vendor.url" value="https://java.oracle.com/"/>
    <property name="user.timezone" value="Asia/Calcutta"/>
    <property name="os.name" value="Windows 11"/>
    <property name="java.vm.specification.version" value="21"/>
    <property name="sun.java.launcher" value="SUN_STANDARD"/>
    <property name="user.country" value="US"/>
    <property name="sun.boot.library.path" value="C:\Program Files\Java\jdk-21\bin"/>
    <property name="sun.java.command" value="C:\Users\santh\AppData\Local\Temp\surefire9310658604016802761\surefirebooter-20241105150400887_3.jar C:\Users\santh\AppData\Local\Temp\surefire9310658604016802761 2024-11-05T15-04-00_646-jvmRun1 surefire-20241105150400887_1tmp surefire_0-20241105150400887_2tmp"/>
    <property name="jdk.debug" value="release"/>
    <property name="surefire.test.class.path" value="C:\Users\santh\Desktop\Ecommerce Automation\Selenium\EcommercePractise\target\test-classes;C:\Users\santh\Desktop\Ecommerce Automation\Selenium\EcommercePractise\target\classes;C:\Users\santh\.m2\repository\org\json\json\20230618\json-20230618.jar;C:\Users\santh\.m2\repository\org\seleniumhq\selenium\selenium-java\4.23.0\selenium-java-4.23.0.jar;C:\Users\santh\.m2\repository\org\seleniumhq\selenium\selenium-api\4.23.0\selenium-api-4.23.0.jar;C:\Users\santh\.m2\repository\org\seleniumhq\selenium\selenium-chrome-driver\4.23.0\selenium-chrome-driver-4.23.0.jar;C:\Users\santh\.m2\repository\com\google\auto\service\auto-service-annotations\1.1.1\auto-service-annotations-1.1.1.jar;C:\Users\santh\.m2\repository\org\seleniumhq\selenium\selenium-chromium-driver\4.23.0\selenium-chromium-driver-4.23.0.jar;C:\Users\santh\.m2\repository\org\seleniumhq\selenium\selenium-json\4.23.0\selenium-json-4.23.0.jar;C:\Users\santh\.m2\repository\org\seleniumhq\selenium\selenium-manager\4.23.0\selenium-manager-4.23.0.jar;C:\Users\santh\.m2\repository\org\seleniumhq\selenium\selenium-devtools-v125\4.23.0\selenium-devtools-v125-4.23.0.jar;C:\Users\santh\.m2\repository\org\seleniumhq\selenium\selenium-devtools-v126\4.23.0\selenium-devtools-v126-4.23.0.jar;C:\Users\santh\.m2\repository\org\seleniumhq\selenium\selenium-devtools-v127\4.23.0\selenium-devtools-v127-4.23.0.jar;C:\Users\santh\.m2\repository\org\seleniumhq\selenium\selenium-devtools-v85\4.23.0\selenium-devtools-v85-4.23.0.jar;C:\Users\santh\.m2\repository\org\seleniumhq\selenium\selenium-edge-driver\4.23.0\selenium-edge-driver-4.23.0.jar;C:\Users\santh\.m2\repository\org\seleniumhq\selenium\selenium-firefox-driver\4.23.0\selenium-firefox-driver-4.23.0.jar;C:\Users\santh\.m2\repository\org\seleniumhq\selenium\selenium-http\4.23.0\selenium-http-4.23.0.jar;C:\Users\santh\.m2\repository\dev\failsafe\failsafe\3.3.2\failsafe-3.3.2.jar;C:\Users\santh\.m2\repository\org\seleniumhq\selenium\selenium-ie-driver\4.23.0\selenium-ie-driver-4.23.0.jar;C:\Users\santh\.m2\repository\org\seleniumhq\selenium\selenium-remote-driver\4.23.0\selenium-remote-driver-4.23.0.jar;C:\Users\santh\.m2\repository\com\google\guava\guava\33.2.1-jre\guava-33.2.1-jre.jar;C:\Users\santh\.m2\repository\com\google\guava\failureaccess\1.0.2\failureaccess-1.0.2.jar;C:\Users\santh\.m2\repository\com\google\guava\listenablefuture\9999.0-empty-to-avoid-conflict-with-guava\listenablefuture-9999.0-empty-to-avoid-conflict-with-guava.jar;C:\Users\santh\.m2\repository\com\google\code\findbugs\jsr305\3.0.2\jsr305-3.0.2.jar;C:\Users\santh\.m2\repository\org\checkerframework\checker-qual\3.42.0\checker-qual-3.42.0.jar;C:\Users\santh\.m2\repository\com\google\errorprone\error_prone_annotations\2.26.1\error_prone_annotations-2.26.1.jar;C:\Users\santh\.m2\repository\com\google\j2objc\j2objc-annotations\3.0.0\j2objc-annotations-3.0.0.jar;C:\Users\santh\.m2\repository\io\opentelemetry\semconv\opentelemetry-semconv\1.25.0-alpha\opentelemetry-semconv-1.25.0-alpha.jar;C:\Users\santh\.m2\repository\io\opentelemetry\opentelemetry-api\1.40.0\opentelemetry-api-1.40.0.jar;C:\Users\santh\.m2\repository\io\opentelemetry\opentelemetry-context\1.40.0\opentelemetry-context-1.40.0.jar;C:\Users\santh\.m2\repository\io\opentelemetry\opentelemetry-exporter-logging\1.40.0\opentelemetry-exporter-logging-1.40.0.jar;C:\Users\santh\.m2\repository\io\opentelemetry\opentelemetry-sdk-common\1.40.0\opentelemetry-sdk-common-1.40.0.jar;C:\Users\santh\.m2\repository\io\opentelemetry\opentelemetry-sdk-extension-autoconfigure-spi\1.40.0\opentelemetry-sdk-extension-autoconfigure-spi-1.40.0.jar;C:\Users\santh\.m2\repository\io\opentelemetry\opentelemetry-sdk-extension-autoconfigure\1.40.0\opentelemetry-sdk-extension-autoconfigure-1.40.0.jar;C:\Users\santh\.m2\repository\io\opentelemetry\opentelemetry-api-incubator\1.40.0-alpha\opentelemetry-api-incubator-1.40.0-alpha.jar;C:\Users\santh\.m2\repository\io\opentelemetry\opentelemetry-sdk-trace\1.40.0\opentelemetry-sdk-trace-1.40.0.jar;C:\Users\santh\.m2\repository\io\opentelemetry\opentelemetry-sdk\1.40.0\opentelemetry-sdk-1.40.0.jar;C:\Users\santh\.m2\repository\io\opentelemetry\opentelemetry-sdk-metrics\1.40.0\opentelemetry-sdk-metrics-1.40.0.jar;C:\Users\santh\.m2\repository\io\opentelemetry\opentelemetry-sdk-logs\1.40.0\opentelemetry-sdk-logs-1.40.0.jar;C:\Users\santh\.m2\repository\net\bytebuddy\byte-buddy\1.14.18\byte-buddy-1.14.18.jar;C:\Users\santh\.m2\repository\org\seleniumhq\selenium\selenium-os\4.23.0\selenium-os-4.23.0.jar;C:\Users\santh\.m2\repository\org\apache\commons\commons-exec\1.4.0\commons-exec-1.4.0.jar;C:\Users\santh\.m2\repository\org\seleniumhq\selenium\selenium-safari-driver\4.23.0\selenium-safari-driver-4.23.0.jar;C:\Users\santh\.m2\repository\org\seleniumhq\selenium\selenium-support\4.23.0\selenium-support-4.23.0.jar;C:\Users\santh\.m2\repository\commons-io\commons-io\2.16.1\commons-io-2.16.1.jar;C:\Users\santh\.m2\repository\io\cucumber\cucumber-java\7.18.1\cucumber-java-7.18.1.jar;C:\Users\santh\.m2\repository\io\cucumber\cucumber-core\7.18.1\cucumber-core-7.18.1.jar;C:\Users\santh\.m2\repository\io\cucumber\cucumber-gherkin\7.18.1\cucumber-gherkin-7.18.1.jar;C:\Users\santh\.m2\repository\io\cucumber\cucumber-gherkin-messages\7.18.1\cucumber-gherkin-messages-7.18.1.jar;C:\Users\santh\.m2\repository\io\cucumber\gherkin\28.0.0\gherkin-28.0.0.jar;C:\Users\santh\.m2\repository\io\cucumber\messages\24.1.0\messages-24.1.0.jar;C:\Users\santh\.m2\repository\io\cucumber\testng-xml-formatter\0.2.0\testng-xml-formatter-0.2.0.jar;C:\Users\santh\.m2\repository\io\cucumber\query\12.2.0\query-12.2.0.jar;C:\Users\santh\.m2\repository\io\cucumber\tag-expressions\6.1.0\tag-expressions-6.1.0.jar;C:\Users\santh\.m2\repository\io\cucumber\cucumber-expressions\17.1.0\cucumber-expressions-17.1.0.jar;C:\Users\santh\.m2\repository\io\cucumber\datatable\7.18.1\datatable-7.18.1.jar;C:\Users\santh\.m2\repository\io\cucumber\cucumber-plugin\7.18.1\cucumber-plugin-7.18.1.jar;C:\Users\santh\.m2\repository\io\cucumber\docstring\7.18.1\docstring-7.18.1.jar;C:\Users\santh\.m2\repository\io\cucumber\html-formatter\21.4.1\html-formatter-21.4.1.jar;C:\Users\santh\.m2\repository\io\cucumber\junit-xml-formatter\0.5.0\junit-xml-formatter-0.5.0.jar;C:\Users\santh\.m2\repository\io\cucumber\ci-environment\10.0.1\ci-environment-10.0.1.jar;C:\Users\santh\.m2\repository\org\apiguardian\apiguardian-api\1.1.2\apiguardian-api-1.1.2.jar;C:\Users\santh\.m2\repository\io\cucumber\cucumber-testng\7.18.1\cucumber-testng-7.18.1.jar;C:\Users\santh\.m2\repository\org\testng\testng\7.10.2\testng-7.10.2.jar;C:\Users\santh\.m2\repository\org\slf4j\slf4j-api\1.7.36\slf4j-api-1.7.36.jar;C:\Users\santh\.m2\repository\com\beust\jcommander\1.82\jcommander-1.82.jar;C:\Users\santh\.m2\repository\org\webjars\jquery\3.7.1\jquery-3.7.1.jar;"/>
    <property name="sun.cpu.endian" value="little"/>
    <property name="user.home" value="C:\Users\santh"/>
    <property name="user.language" value="en"/>
    <property name="java.specification.vendor" value="Oracle Corporation"/>
    <property name="java.version.date" value="2024-10-15"/>
    <property name="java.home" value="C:\Program Files\Java\jdk-21"/>
    <property name="file.separator" value="\"/>
    <property name="basedir" value="C:\Users\santh\Desktop\Ecommerce Automation\Selenium\EcommercePractise"/>
    <property name="java.vm.compressedOopsMode" value="Zero based"/>
    <property name="line.separator" value="&#10;"/>
    <property name="java.vm.specification.vendor" value="Oracle Corporation"/>
    <property name="java.specification.name" value="Java Platform API Specification"/>
    <property name="surefire.real.class.path" value="C:\Users\santh\AppData\Local\Temp\surefire9310658604016802761\surefirebooter-20241105150400887_3.jar"/>
    <property name="user.script" value=""/>
    <property name="sun.management.compiler" value="HotSpot 64-Bit Tiered Compilers"/>
    <property name="java.runtime.version" value="21.0.5+9-LTS-239"/>
    <property name="user.name" value="santh"/>
    <property name="stdout.encoding" value="Cp1252"/>
    <property name="path.separator" value=";"/>
    <property name="os.version" value="10.0"/>
    <property name="java.runtime.name" value="Java(TM) SE Runtime Environment"/>
    <property name="file.encoding" value="UTF-8"/>
    <property name="java.vm.name" value="Java HotSpot(TM) 64-Bit Server VM"/>
    <property name="localRepository" value="C:\Users\santh\.m2\repository"/>
    <property name="java.vendor.url.bug" value="https://bugreport.java.com/bugreport/"/>
    <property name="java.io.tmpdir" value="C:\Users\santh\AppData\Local\Temp\"/>
    <property name="java.version" value="21.0.5"/>
    <property name="user.dir" value="C:\Users\santh\Desktop\Ecommerce Automation\Selenium\EcommercePractise"/>
    <property name="os.arch" value="amd64"/>
    <property name="java.vm.specification.name" value="Java Virtual Machine Specification"/>
    <property name="sun.os.patch.level" value=""/>
    <property name="native.encoding" value="Cp1252"/>
    <property name="java.library.path" value="C:\Program Files\Java\jdk-21\bin;C:\Windows\Sun\Java\bin;C:\Windows\system32;C:\Windows;C:\Program Files\Common Files\Oracle\Java\javapath;C:\Windows\system32;C:\Windows;C:\Windows\System32\Wbem;C:\Windows\System32\WindowsPowerShell\v1.0\;C:\Windows\System32\OpenSSH\;C:\Program Files\dotnet\;C:\Program Files\NVIDIA Corporation\NVIDIA NvDLISR;C:\Program Files (x86)\NVIDIA Corporation\PhysX\Common;C:\Program Files (x86)\Windows Kits\10\Windows Performance Toolkit\;C:\apache-maven-3.9.8\bin;C:\Program Files\Git\cmd;C:\Program Files\Amazon\AWSCLIV2\;C:\Program Files\nodejs\;C:\Users\santh\AppData\Local\Microsoft\WindowsApps;C:\Users\santh\AppData\Local\Programs\Microsoft VS Code\bin;C:\Program Files\MongoDB\Server\7.0\bin;C:\Users\santh\Downloads\Compressed\mongosh-2.0.2-win32-x64\mongosh-2.0.2-win32-x64\bin;C:\src\flutter\bin;C:\apache-maven-3.9.8;C:\Users\santh\AppData\Roaming\npm;."/>
    <property name="java.vm.info" value="mixed mode, sharing"/>
    <property name="stderr.encoding" value="Cp1252"/>
    <property name="java.vendor" value="Oracle Corporation"/>
    <property name="java.vm.version" value="21.0.5+9-LTS-239"/>
    <property name="sun.io.unicode.encoding" value="UnicodeLittle"/>
    <property name="java.class.version" value="65.0"/>
  </properties>
  <testcase name="runScenario[&quot;Empty form&quot;, &quot;Forgot Password Page error handling&quot;](1)" classname="TestNGTestRunner" time="13.617">
    <system-err><![CDATA[SLF4J: Failed to load class "org.slf4j.impl.StaticLoggerBinder".
SLF4J: Defaulting to no-operation (NOP) logger implementation
SLF4J: See http://www.slf4j.org/codes.html#StaticLoggerBinder for further details.
Nov 05, 2024 3:04:09 PM org.openqa.selenium.devtools.CdpVersionFinder findNearestMatch
WARNING: Unable to find an exact match for CDP version 130, returning the closest version; found: 127; Please update to a Selenium version that supports CDP version 130
Nov 05, 2024 3:04:15 PM org.openqa.selenium.remote.http.WebSocket$Listener onError
WARNING: Connection reset
java.net.SocketException: Connection reset
	at java.base/sun.nio.ch.SocketChannelImpl.throwConnectionReset(SocketChannelImpl.java:401)
	at java.base/sun.nio.ch.SocketChannelImpl.read(SocketChannelImpl.java:434)
	at java.net.http/jdk.internal.net.http.SocketTube.readAvailable(SocketTube.java:1178)
	at java.net.http/jdk.internal.net.http.SocketTube$InternalReadPublisher$InternalReadSubscription.read(SocketTube.java:841)
	at java.net.http/jdk.internal.net.http.SocketTube$SocketFlowTask.run(SocketTube.java:181)
	at java.net.http/jdk.internal.net.http.common.SequentialScheduler$SchedulableTask.run(SequentialScheduler.java:207)
	at java.net.http/jdk.internal.net.http.common.SequentialScheduler.runOrSchedule(SequentialScheduler.java:280)
	at java.net.http/jdk.internal.net.http.common.SequentialScheduler.runOrSchedule(SequentialScheduler.java:233)
	at java.net.http/jdk.internal.net.http.SocketTube$InternalReadPublisher$InternalReadSubscription.signalReadable(SocketTube.java:782)
	at java.net.http/jdk.internal.net.http.SocketTube$InternalReadPublisher$ReadEvent.signalEvent(SocketTube.java:965)
	at java.net.http/jdk.internal.net.http.SocketTube$SocketFlowEvent.handle(SocketTube.java:253)
	at java.net.http/jdk.internal.net.http.HttpClientImpl$SelectorManager.handleEvent(HttpClientImpl.java:1469)
	at java.net.http/jdk.internal.net.http.HttpClientImpl$SelectorManager.lambda$run$3(HttpClientImpl.java:1414)
	at java.base/java.util.ArrayList.forEach(ArrayList.java:1596)
	at java.net.http/jdk.internal.net.http.HttpClientImpl$SelectorManager.run(HttpClientImpl.java:1414)

]]></system-err>
  </testcase>
  <testcase name="runScenario[&quot;Invalid email&quot;, &quot;Forgot Password Page error handling&quot;](2)" classname="TestNGTestRunner" time="6.824">
    <system-err><![CDATA[Nov 05, 2024 3:04:16 PM org.openqa.selenium.devtools.CdpVersionFinder findNearestMatch
WARNING: Unable to find an exact match for CDP version 130, returning the closest version; found: 127; Please update to a Selenium version that supports CDP version 130
Nov 05, 2024 3:04:22 PM org.openqa.selenium.remote.http.WebSocket$Listener onError
WARNING: Connection reset
java.net.SocketException: Connection reset
	at java.base/sun.nio.ch.SocketChannelImpl.throwConnectionReset(SocketChannelImpl.java:401)
	at java.base/sun.nio.ch.SocketChannelImpl.read(SocketChannelImpl.java:434)
	at java.net.http/jdk.internal.net.http.SocketTube.readAvailable(SocketTube.java:1178)
	at java.net.http/jdk.internal.net.http.SocketTube$InternalReadPublisher$InternalReadSubscription.read(SocketTube.java:841)
	at java.net.http/jdk.internal.net.http.SocketTube$SocketFlowTask.run(SocketTube.java:181)
	at java.net.http/jdk.internal.net.http.common.SequentialScheduler$SchedulableTask.run(SequentialScheduler.java:207)
	at java.net.http/jdk.internal.net.http.common.SequentialScheduler.runOrSchedule(SequentialScheduler.java:280)
	at java.net.http/jdk.internal.net.http.common.SequentialScheduler.runOrSchedule(SequentialScheduler.java:233)
	at java.net.http/jdk.internal.net.http.SocketTube$InternalReadPublisher$InternalReadSubscription.signalReadable(SocketTube.java:782)
	at java.net.http/jdk.internal.net.http.SocketTube$InternalReadPublisher$ReadEvent.signalEvent(SocketTube.java:965)
	at java.net.http/jdk.internal.net.http.SocketTube$SocketFlowEvent.handle(SocketTube.java:253)
	at java.net.http/jdk.internal.net.http.HttpClientImpl$SelectorManager.handleEvent(HttpClientImpl.java:1469)
	at java.net.http/jdk.internal.net.http.HttpClientImpl$SelectorManager.lambda$run$3(HttpClientImpl.java:1414)
	at java.base/java.util.ArrayList.forEach(ArrayList.java:1596)
	at java.net.http/jdk.internal.net.http.HttpClientImpl$SelectorManager.run(HttpClientImpl.java:1414)

]]></system-err>
  </testcase>
  <testcase name="runScenario[&quot;Password mismatch&quot;, &quot;Forgot Password Page error handling&quot;](3)" classname="TestNGTestRunner" time="7.2">
    <system-err><![CDATA[Nov 05, 2024 3:04:24 PM org.openqa.selenium.devtools.CdpVersionFinder findNearestMatch
WARNING: Unable to find an exact match for CDP version 130, returning the closest version; found: 127; Please update to a Selenium version that supports CDP version 130
Nov 05, 2024 3:04:29 PM org.openqa.selenium.remote.http.WebSocket$Listener onError
WARNING: Connection reset
java.net.SocketException: Connection reset
	at java.base/sun.nio.ch.SocketChannelImpl.throwConnectionReset(SocketChannelImpl.java:401)
	at java.base/sun.nio.ch.SocketChannelImpl.read(SocketChannelImpl.java:434)
	at java.net.http/jdk.internal.net.http.SocketTube.readAvailable(SocketTube.java:1178)
	at java.net.http/jdk.internal.net.http.SocketTube$InternalReadPublisher$InternalReadSubscription.read(SocketTube.java:841)
	at java.net.http/jdk.internal.net.http.SocketTube$SocketFlowTask.run(SocketTube.java:181)
	at java.net.http/jdk.internal.net.http.common.SequentialScheduler$SchedulableTask.run(SequentialScheduler.java:207)
	at java.net.http/jdk.internal.net.http.common.SequentialScheduler.runOrSchedule(SequentialScheduler.java:280)
	at java.net.http/jdk.internal.net.http.common.SequentialScheduler.runOrSchedule(SequentialScheduler.java:233)
	at java.net.http/jdk.internal.net.http.SocketTube$InternalReadPublisher$InternalReadSubscription.signalReadable(SocketTube.java:782)
	at java.net.http/jdk.internal.net.http.SocketTube$InternalReadPublisher$ReadEvent.signalEvent(SocketTube.java:965)
	at java.net.http/jdk.internal.net.http.SocketTube$SocketFlowEvent.handle(SocketTube.java:253)
	at java.net.http/jdk.internal.net.http.HttpClientImpl$SelectorManager.handleEvent(HttpClientImpl.java:1469)
	at java.net.http/jdk.internal.net.http.HttpClientImpl$SelectorManager.lambda$run$3(HttpClientImpl.java:1414)
	at java.base/java.util.ArrayList.forEach(ArrayList.java:1596)
	at java.net.http/jdk.internal.net.http.HttpClientImpl$SelectorManager.run(HttpClientImpl.java:1414)

]]></system-err>
  </testcase>
  <testcase name="runScenario[&quot;User Not found&quot;, &quot;Forgot Password Page error handling&quot;](4)" classname="TestNGTestRunner" time="7.533">
    <system-out><![CDATA[{"userEmail":"s123vreveg4@gmail.com","userPassword":"123456","confirmPassword":"123456"}
]]></system-out>
    <system-err><![CDATA[Nov 05, 2024 3:04:31 PM org.openqa.selenium.devtools.CdpVersionFinder findNearestMatch
WARNING: Unable to find an exact match for CDP version 130, returning the closest version; found: 127; Please update to a Selenium version that supports CDP version 130
Nov 05, 2024 3:04:34 PM org.openqa.selenium.devtools.Connection$Listener lambda$onText$0
WARNING: Unable to process: {"method":"Network.requestWillBeSent","params":{"requestId":"31956.20","loaderId":"E0E01BCEDD46D8E7388A7B08FF8EFD03","documentURL":"https://rahulshettyacademy.com/client/auth/password-new","request":{"url":"https://rahulshettyacademy.com/api/ecom/auth/new-password","method":"POST","headers":{"sec-ch-ua-platform":"\"Windows\"","Referer":"https://rahulshettyacademy.com/client/auth/password-new","User-Agent":"Mozilla/5.0 (Windows NT 10.0; Win64; x64) AppleWebKit/537.36 (KHTML, like Gecko) Chrome/130.0.0.0 Safari/537.36","Accept":"application/json, text/plain, */*","sec-ch-ua":"\"Chromium\";v=\"130\", \"Google Chrome\";v=\"130\", \"Not?A_Brand\";v=\"99\"","Content-Type":"application/json","sec-ch-ua-mobile":"?0"},"postData":"{\"userEmail\":\"s123vreveg4@gmail.com\",\"userPassword\":\"123456\",\"confirmPassword\":\"123456\"}","hasPostData":true,"postDataEntries":[{"bytes":"eyJ1c2VyRW1haWwiOiJzMTIzdnJldmVnNEBnbWFpbC5jb20iLCJ1c2VyUGFzc3dvcmQiOiIxMjM0NTYiLCJjb25maXJtUGFzc3dvcmQiOiIxMjM0NTYifQ=="}],"mixedContentType":"none","initialPriority":"High","referrerPolicy":"strict-origin-when-cross-origin","isSameSite":true},"timestamp":4184.73635,"wallTime":1730799274.792096,"initiator":{"type":"script","stack":{"callFrames":[{"functionName":"q","scriptId":"8","url":"https://rahulshettyacademy.com/client/polyfills.bd0c6ffd915d0ed70d31.js","lineNumber":0,"columnNumber":32300},{"functionName":"scheduleTask","scriptId":"8","url":"https://rahulshettyacademy.com/client/polyfills.bd0c6ffd915d0ed70d31.js","lineNumber":0,"columnNumber":6899},{"functionName":"onScheduleTask","scriptId":"8","url":"https://rahulshettyacademy.com/client/polyfills.bd0c6ffd915d0ed70d31.js","lineNumber":0,"columnNumber":4124},{"functionName":"scheduleTask","scriptId":"8","url":"https://rahulshettyacademy.com/client/polyfills.bd0c6ffd915d0ed70d31.js","lineNumber":0,"columnNumber":6797},{"functionName":"scheduleTask","scriptId":"8","url":"https://rahulshettyacademy.com/client/polyfills.bd0c6ffd915d0ed70d31.js","lineNumber":0,"columnNumber":3086},{"functionName":"scheduleMacroTask","scriptId":"8","url":"https://rahulshettyacademy.com/client/polyfills.bd0c6ffd915d0ed70d31.js","lineNumber":0,"columnNumber":3395},{"functionName":"Me","scriptId":"8","url":"https://rahulshettyacademy.com/client/polyfills.bd0c6ffd915d0ed70d31.js","lineNumber":0,"columnNumber":10539},{"functionName":"","scriptId":"8","url":"https://rahulshettyacademy.com/client/polyfills.bd0c6ffd915d0ed70d31.js","lineNumber":0,"columnNumber":32691},{"functionName":"o.<computed>","scriptId":"8","url":"https://rahulshettyacademy.com/client/polyfills.bd0c6ffd915d0ed70d31.js","lineNumber":0,"columnNumber":13452},{"functionName":"","scriptId":"10","url":"https://rahulshettyacademy.com/client/main.9c44d72685822eee0a0f.js","lineNumber":0,"columnNumber":40276},{"functionName":"_trySubscribe","scriptId":"10","url":"https://rahulshettyacademy.com/client/main.9c44d72685822eee0a0f.js","lineNumber":0,"columnNumber":247222},{"functionName":"subscribe","scriptId":"10","url":"https://rahulshettyacademy.com/client/main.9c44d72685822eee0a0f.js","lineNumber":0,"columnNumber":247023},{"functionName":"call","scriptId":"10","url":"https://rahulshettyacademy.com/client/main.9c44d72685822eee0a0f.js","lineNumber":0,"columnNumber":347614},{"functionName":"subscribe","scriptId":"10","url":"https://rahulshettyacademy.com/client/main.9c44d72685822eee0a0f.js","lineNumber":0,"columnNumber":246898},{"functionName":"call","scriptId":"10","url":"https://rahulshettyacademy.com/client/main.9c44d72685822eee0a0f.js","lineNumber":0,"columnNumber":260024},{"functionName":"subscribe","scriptId":"10","url":"https://rahulshettyacademy.com/client/main.9c44d72685822eee0a0f.js","lineNumber":0,"columnNumber":246898},{"functionName":"call","scriptId":"10","url":"https://rahulshettyacademy.com/client/main.9c44d72685822eee0a0f.js","lineNumber":0,"columnNumber":261641},{"functionName":"subscribe","scriptId":"10","url":"https://rahulshettyacademy.com/client/main.9c44d72685822eee0a0f.js","lineNumber":0,"columnNumber":246898},{"functionName":"X","scriptId":"10","url":"https://rahulshettyacademy.com/client/main.9c44d72685822eee0a0f.js","lineNumber":0,"columnNumber":256272},{"functionName":"_innerSub","scriptId":"10","url":"https://rahulshettyacademy.com/client/main.9c44d72685822eee0a0f.js","lineNumber":0,"columnNumber":263677},{"functionName":"_tryNext","scriptId":"10","url":"https://rahulshettyacademy.com/client/main.9c44d72685822eee0a0f.js","lineNumber":0,"columnNumber":263582},{"functionName":"_next","scriptId":"10","url":"https://rahulshettyacademy.com/client/main.9c44d72685822eee0a0f.js","lineNumber":0,"columnNumber":263421},{"functionName":"next","scriptId":"10","url":"https://rahulshettyacademy.com/client/main.9c44d72685822eee0a0f.js","lineNumber":0,"columnNumber":251086},{"functionName":"","scriptId":"10","url":"https://rahulshettyacademy.com/client/main.9c44d72685822eee0a0f.js","lineNumber":0,"columnNumber":270945},{"functionName":"_trySubscribe","scriptId":"10","url":"https://rahulshettyacademy.com/client/main.9c44d72685822eee0a0f.js","lineNumber":0,"columnNumber":247222},{"functionName":"subscribe","scriptId":"10","url":"https://rahulshettyacademy.com/client/main.9c44d72685822eee0a0f.js","lineNumber":0,"columnNumber":247023},{"functionName":"call","scriptId":"10","url":"https://rahulshettyacademy.com/client/main.9c44d72685822eee0a0f.js","lineNumber":0,"columnNumber":263156},{"functionName":"subscribe","scriptId":"10","url":"https://rahulshettyacademy.com/client/main.9c44d72685822eee0a0f.js","lineNumber":0,"columnNumber":246898},{"functionName":"call","scriptId":"10","url":"https://rahulshettyacademy.com/client/main.9c44d72685822eee0a0f.js","lineNumber":0,"columnNumber":261156},{"functionName":"subscribe","scriptId":"10","url":"https://rahulshettyacademy.com/client/main.9c44d72685822eee0a0f.js","lineNumber":0,"columnNumber":246898},{"functionName":"call","scriptId":"10","url":"https://rahulshettyacademy.com/client/main.9c44d72685822eee0a0f.js","lineNumber":0,"columnNumber":262331},{"functionName":"subscribe","scriptId":"10","url":"https://rahulshettyacademy.com/client/main.9c44d72685822eee0a0f.js","lineNumber":0,"columnNumber":246898},{"functionName":"call","scriptId":"10","url":"https://rahulshettyacademy.com/client/main.9c44d72685822eee0a0f.js","lineNumber":0,"columnNumber":262331},{"functionName":"subscribe","scriptId":"10","url":"https://rahulshettyacademy.com/client/main.9c44d72685822eee0a0f.js","lineNumber":0,"columnNumber":246898},{"functionName":"call","scriptId":"10","url":"https://rahulshettyacademy.com/client/main.9c44d72685822eee0a0f.js","lineNumber":0,"columnNumber":265941},{"functionName":"subscribe","scriptId":"10","url":"https://rahulshettyacademy.com/client/main.9c44d72685822eee0a0f.js","lineNumber":0,"columnNumber":246898},{"functionName":"call","scriptId":"10","url":"https://rahulshettyacademy.com/client/main.9c44d72685822eee0a0f.js","lineNumber":0,"columnNumber":267376},{"functionName":"subscribe","scriptId":"10","url":"https://rahulshettyacademy.com/client/main.9c44d72685822eee0a0f.js","lineNumber":0,"columnNumber":246898},{"functionName":"forgotPassword","scriptId":"14","url":"https://rahulshettyacademy.com/client/674.c8a6d45922fab3876c70.js","lineNumber":0,"columnNumber":56288},{"functionName":"","scriptId":"14","url":"https://rahulshettyacademy.com/client/674.c8a6d45922fab3876c70.js","lineNumber":0,"columnNumber":57832},{"functionName":"Bp","scriptId":"10","url":"https://rahulshettyacademy.com/client/main.9c44d72685822eee0a0f.js","lineNumber":0,"columnNumber":101233},{"functionName":"i","scriptId":"10","url":"https://rahulshettyacademy.com/client/main.9c44d72685822eee0a0f.js","lineNumber":0,"columnNumber":101395},{"functionName":"__tryOrUnsub","scriptId":"10","url":"https://rahulshettyacademy.com/client/main.9c44d72685822eee0a0f.js","lineNumber":0,"columnNumber":252917},{"functionName":"next","scriptId":"10","url":"https://rahulshettyacademy.com/client/main.9c44d72685822eee0a0f.js","lineNumber":0,"columnNumber":252142},{"functionName":"_next","scriptId":"10","url":"https://rahulshettyacademy.com/client/main.9c44d72685822eee0a0f.js","lineNumber":0,"columnNumber":251312},{"functionName":"next","scriptId":"10","url":"https://rahulshettyacademy.com/client/main.9c44d72685822eee0a0f.js","lineNumber":0,"columnNumber":251086},{"functionName":"next","scriptId":"10","url":"https://rahulshettyacademy.com/client/main.9c44d72685822eee0a0f.js","lineNumber":0,"columnNumber":249168},{"functionName":"emit","scriptId":"10","url":"https://rahulshettyacademy.com/client/main.9c44d72685822eee0a0f.js","lineNumber":0,"columnNumber":136306},{"functionName":"onSubmit","scriptId":"12","url":"https://rahulshettyacademy.com/client/480.f1614ecd961bd8e3dfd9.js","lineNumber":0,"columnNumber":33303},{"functionName":"","scriptId":"12","url":"https://rahulshettyacademy.com/client/480.f1614ecd961bd8e3dfd9.js","lineNumber":0,"columnNumber":34287},{"functionName":"Bp","scriptId":"10","url":"https://rahulshettyacademy.com/client/main.9c44d72685822eee0a0f.js","lineNumber":0,"columnNumber":101233},{"functionName":"i","scriptId":"10","url":"https://rahulshettyacademy.com/client/main.9c44d72685822eee0a0f.js","lineNumber":0,"columnNumber":101395},{"functionName":"","scriptId":"10","url":"https://rahulshettyacademy.com/client/main.9c44d72685822eee0a0f.js","lineNumber":0,"columnNumber":164144},{"functionName":"invokeTask","scriptId":"8","url":"https://rahulshettyacademy.com/client/polyfills.bd0c6ffd915d0ed70d31.js","lineNumber":0,"columnNumber":7136},{"functionName":"onInvokeTask","scriptId":"10","url":"https://rahulshettyacademy.com/client/main.9c44d72685822eee0a0f.js","lineNumber":0,"columnNumber":146363},{"functionName":"invokeTask","scriptId":"8","url":"https://rahulshettyacademy.com/client/polyfills.bd0c6ffd915d0ed70d31.js","lineNumber":0,"columnNumber":7057},{"functionName":"runTask","scriptId":"8","url":"https://rahulshettyacademy.com/client/polyfills.bd0c6ffd915d0ed70d31.js","lineNumber":0,"columnNumber":2531},{"functionName":"invokeTask","scriptId":"8","url":"https://rahulshettyacademy.com/client/polyfills.bd0c6ffd915d0ed70d31.js","lineNumber":0,"columnNumber":8187},{"functionName":"Z","scriptId":"8","url":"https://rahulshettyacademy.com/client/polyfills.bd0c6ffd915d0ed70d31.js","lineNumber":0,"columnNumber":20798},{"functionName":"N","scriptId":"8","url":"https://rahulshettyacademy.com/client/polyfills.bd0c6ffd915d0ed70d31.js","lineNumber":0,"columnNumber":21091},{"functionName":"B","scriptId":"8","url":"https://rahulshettyacademy.com/client/polyfills.bd0c6ffd915d0ed70d31.js","lineNumber":0,"columnNumber":21357}]}},"redirectHasExtraInfo":false,"type":"XHR","frameId":"B5FD22EF9A07E033B7DC95CBB3CE3642","hasUserGesture":true},"sessionId":"CF52D0DC8E671D76A22A20D00B2009A7"}
org.json.JSONException: JSONObject["userPaassword"] not found.
	at org.json.JSONObject.get(JSONObject.java:570)
	at org.json.JSONObject.getString(JSONObject.java:857)
	at StepDefinitions.ForgotPasswordPage.ErrorHandlingStepDefImpl.lambda$user_provied_not_recognised_mail_and_submits_the_form$0(ErrorHandlingStepDefImpl.java:93)
	at org.openqa.selenium.devtools.DevTools.lambda$addListener$0(DevTools.java:104)
	at org.openqa.selenium.devtools.Connection.lambda$handle$5(Connection.java:348)
	at java.base/java.util.stream.ForEachOps$ForEachOp$OfRef.accept(ForEachOps.java:184)
	at java.base/java.util.stream.ReferencePipeline$2$1.accept(ReferencePipeline.java:179)
	at java.base/java.util.stream.ReferencePipeline$15$1.accept(ReferencePipeline.java:541)
	at java.base/java.util.HashMap$EntrySpliterator.forEachRemaining(HashMap.java:1858)
	at java.base/java.util.stream.AbstractPipeline.copyInto(AbstractPipeline.java:509)
	at java.base/java.util.stream.AbstractPipeline.wrapAndCopyInto(AbstractPipeline.java:499)
	at java.base/java.util.stream.ForEachOps$ForEachOp.evaluateSequential(ForEachOps.java:151)
	at java.base/java.util.stream.ForEachOps$ForEachOp$OfRef.evaluateSequential(ForEachOps.java:174)
	at java.base/java.util.stream.AbstractPipeline.evaluate(AbstractPipeline.java:234)
	at java.base/java.util.stream.ReferencePipeline.forEach(ReferencePipeline.java:596)
	at org.openqa.selenium.devtools.Connection.handle(Connection.java:311)
	at org.openqa.selenium.devtools.Connection$Listener.lambda$onText$0(Connection.java:239)
	at java.base/java.util.concurrent.ThreadPoolExecutor.runWorker(ThreadPoolExecutor.java:1144)
	at java.base/java.util.concurrent.ThreadPoolExecutor$Worker.run(ThreadPoolExecutor.java:642)
	at java.base/java.lang.Thread.run(Thread.java:1583)

Exception in thread "CDP Connection" org.openqa.selenium.devtools.DevToolsException: JSONObject["userPaassword"] not found.
Build info: version: '4.23.0', revision: '4df0a231af'
System info: os.name: 'Windows 11', os.arch: 'amd64', os.version: '10.0', java.version: '21.0.5'
Driver info: DevTools Connection
	at org.openqa.selenium.devtools.Connection$Listener.lambda$onText$0(Connection.java:242)
	at java.base/java.util.concurrent.ThreadPoolExecutor.runWorker(ThreadPoolExecutor.java:1144)
	at java.base/java.util.concurrent.ThreadPoolExecutor$Worker.run(ThreadPoolExecutor.java:642)
	at java.base/java.lang.Thread.run(Thread.java:1583)
Caused by: org.json.JSONException: JSONObject["userPaassword"] not found.
	at org.json.JSONObject.get(JSONObject.java:570)
	at org.json.JSONObject.getString(JSONObject.java:857)
	at StepDefinitions.ForgotPasswordPage.ErrorHandlingStepDefImpl.lambda$user_provied_not_recognised_mail_and_submits_the_form$0(ErrorHandlingStepDefImpl.java:93)
	at org.openqa.selenium.devtools.DevTools.lambda$addListener$0(DevTools.java:104)
	at org.openqa.selenium.devtools.Connection.lambda$handle$5(Connection.java:348)
	at java.base/java.util.stream.ForEachOps$ForEachOp$OfRef.accept(ForEachOps.java:184)
	at java.base/java.util.stream.ReferencePipeline$2$1.accept(ReferencePipeline.java:179)
	at java.base/java.util.stream.ReferencePipeline$15$1.accept(ReferencePipeline.java:541)
	at java.base/java.util.HashMap$EntrySpliterator.forEachRemaining(HashMap.java:1858)
	at java.base/java.util.stream.AbstractPipeline.copyInto(AbstractPipeline.java:509)
	at java.base/java.util.stream.AbstractPipeline.wrapAndCopyInto(AbstractPipeline.java:499)
	at java.base/java.util.stream.ForEachOps$ForEachOp.evaluateSequential(ForEachOps.java:151)
	at java.base/java.util.stream.ForEachOps$ForEachOp$OfRef.evaluateSequential(ForEachOps.java:174)
	at java.base/java.util.stream.AbstractPipeline.evaluate(AbstractPipeline.java:234)
	at java.base/java.util.stream.ReferencePipeline.forEach(ReferencePipeline.java:596)
	at org.openqa.selenium.devtools.Connection.handle(Connection.java:311)
	at org.openqa.selenium.devtools.Connection$Listener.lambda$onText$0(Connection.java:239)
	... 3 more
Nov 05, 2024 3:04:34 PM org.openqa.selenium.devtools.Connection$Listener lambda$onText$0
WARNING: Unable to process: {"method":"Network.responseReceived","params":{"requestId":"31956.20","loaderId":"E0E01BCEDD46D8E7388A7B08FF8EFD03","timestamp":4184.913913,"type":"XHR","response":{"url":"https://rahulshettyacademy.com/api/ecom/auth/new-password","status":404,"statusText":"Not Found","headers":{"ETag":"W/\"1d-PuFZGbFdVksd6DA+Q6gxJfihjNc\"","Expect-CT":"max-age=0","X-Permitted-Cross-Domain-Policies":"none","X-Content-Type-Options":"nosniff","Keep-Alive":"timeout=5, max=92","Date":"Tue, 05 Nov 2024 09:34:55 GMT","Content-Type":"application/json; charset=utf-8","Vary":"Accept-Encoding","X-Frame-Options":"SAMEORIGIN","Strict-Transport-Security":"max-age=15552000; includeSubDomains","Content-Security-Policy":"default-src 'self';base-uri 'self';block-all-mixed-content;font-src 'self' https: data:;frame-ancestors 'self';img-src 'self' data:;object-src 'none';script-src 'self';script-src-attr 'none';style-src 'self' https: 'unsafe-inline';upgrade-insecure-requests","X-DNS-Prefetch-Control":"off","Connection":"Keep-Alive","Referrer-Policy":"no-referrer","X-Download-Options":"noopen","Access-Control-Allow-Origin":"*","Content-Length":"29","X-XSS-Protection":"0","Server":"Apache/2.4.52 (Ubuntu)"},"mimeType":"application/json","charset":"utf-8","connectionReused":true,"connectionId":68,"remoteIPAddress":"13.201.9.53","remotePort":443,"fromDiskCache":false,"fromServiceWorker":false,"fromPrefetchCache":false,"encodedDataLength":894,"timing":{"requestTime":4184.740416,"proxyStart":-1,"proxyEnd":-1,"dnsStart":-1,"dnsEnd":-1,"connectStart":-1,"connectEnd":-1,"sslStart":-1,"sslEnd":-1,"workerStart":-1,"workerReady":-1,"workerFetchStart":-1,"workerRespondWithSettled":-1,"sendStart":0.616,"sendEnd":0.972,"pushStart":0,"pushEnd":0,"receiveHeadersStart":171.898,"receiveHeadersEnd":171.992},"responseTime":1.730799274964362e+12,"protocol":"http/1.1","alternateProtocolUsage":"unspecifiedReason","securityState":"secure","securityDetails":{"protocol":"TLS 1.3","keyExchange":"","keyExchangeGroup":"X25519","cipher":"AES_128_GCM","certificateId":0,"subjectName":"rahulshettyacademy.com","sanList":["rahulshettyacademy.com"],"issuer":"E5","validFrom":1726599902,"validTo":1734375901,"signedCertificateTimestampList":[{"status":"Verified","origin":"Embedded in certificate","logDescription":"Let's Encrypt 'Oak2024H2' log","logId":"3F174B4FD7224758941D651C84BE0D12ED90377F1F856AEBC1BF2885ECF8646E","timestamp":1726603412928,"hashAlgorithm":"SHA-256","signatureAlgorithm":"ECDSA","signatureData":"304402206136B9F484BEEF5DAFCCB5A3B9EF18E5E86B48EC5F433A8587B7E2E83463C07802204A2BC563A728DD183CF2024CFCDF23D0C94F3532C459D072A1D94FF227C1F065"},{"status":"Verified","origin":"Embedded in certificate","logDescription":"Google 'Xenon2024' log","logId":"76FF883F0AB6FB9551C261CCF587BA34B4A4CDBB29DC68420A9FE6674C5A3A74","timestamp":1726603412963,"hashAlgorithm":"SHA-256","signatureAlgorithm":"ECDSA","signatureData":"304402200797C0A0A1CC2F171B9D023D76705C0EC9A6D4B6D7A41474DD3833B7A44BAEAC022011B38832F474A19C0940A1398B2D309F476D435701518D1BAAFB1E2FE81F26FF"}],"certificateTransparencyCompliance":"compliant","serverSignatureAlgorithm":1027,"encryptedClientHello":false}},"hasExtraInfo":true,"frameId":"B5FD22EF9A07E033B7DC95CBB3CE3642"},"sessionId":"CF52D0DC8E671D76A22A20D00B2009A7"}
org.json.JSONException: A JSONObject text must begin with '{' at 1 [character 2 line 1]
	at org.json.JSONTokener.syntaxError(JSONTokener.java:497)
	at org.json.JSONObject.<init>(JSONObject.java:208)
	at org.json.JSONObject.<init>(JSONObject.java:404)
	at StepDefinitions.ForgotPasswordPage.ErrorHandlingStepDefImpl.lambda$user_provied_not_recognised_mail_and_submits_the_form$1(ErrorHandlingStepDefImpl.java:104)
	at org.openqa.selenium.devtools.DevTools.lambda$addListener$0(DevTools.java:104)
	at org.openqa.selenium.devtools.Connection.lambda$handle$5(Connection.java:348)
	at java.base/java.util.stream.ForEachOps$ForEachOp$OfRef.accept(ForEachOps.java:184)
	at java.base/java.util.stream.ReferencePipeline$2$1.accept(ReferencePipeline.java:179)
	at java.base/java.util.stream.ReferencePipeline$15$1.accept(ReferencePipeline.java:541)
	at java.base/java.util.HashMap$EntrySpliterator.forEachRemaining(HashMap.java:1858)
	at java.base/java.util.stream.AbstractPipeline.copyInto(AbstractPipeline.java:509)
	at java.base/java.util.stream.AbstractPipeline.wrapAndCopyInto(AbstractPipeline.java:499)
	at java.base/java.util.stream.ForEachOps$ForEachOp.evaluateSequential(ForEachOps.java:151)
	at java.base/java.util.stream.ForEachOps$ForEachOp$OfRef.evaluateSequential(ForEachOps.java:174)
	at java.base/java.util.stream.AbstractPipeline.evaluate(AbstractPipeline.java:234)
	at java.base/java.util.stream.ReferencePipeline.forEach(ReferencePipeline.java:596)
	at org.openqa.selenium.devtools.Connection.handle(Connection.java:311)
	at org.openqa.selenium.devtools.Connection$Listener.lambda$onText$0(Connection.java:239)
	at java.base/java.util.concurrent.ThreadPoolExecutor.runWorker(ThreadPoolExecutor.java:1144)
	at java.base/java.util.concurrent.ThreadPoolExecutor$Worker.run(ThreadPoolExecutor.java:642)
	at java.base/java.lang.Thread.run(Thread.java:1583)

Exception in thread "CDP Connection" org.openqa.selenium.devtools.DevToolsException: A JSONObject text must begin with '{' at 1 [character 2 line 1]
Build info: version: '4.23.0', revision: '4df0a231af'
System info: os.name: 'Windows 11', os.arch: 'amd64', os.version: '10.0', java.version: '21.0.5'
Driver info: DevTools Connection
	at org.openqa.selenium.devtools.Connection$Listener.lambda$onText$0(Connection.java:242)
	at java.base/java.util.concurrent.ThreadPoolExecutor.runWorker(ThreadPoolExecutor.java:1144)
	at java.base/java.util.concurrent.ThreadPoolExecutor$Worker.run(ThreadPoolExecutor.java:642)
	at java.base/java.lang.Thread.run(Thread.java:1583)
Caused by: org.json.JSONException: A JSONObject text must begin with '{' at 1 [character 2 line 1]
	at org.json.JSONTokener.syntaxError(JSONTokener.java:497)
	at org.json.JSONObject.<init>(JSONObject.java:208)
	at org.json.JSONObject.<init>(JSONObject.java:404)
	at StepDefinitions.ForgotPasswordPage.ErrorHandlingStepDefImpl.lambda$user_provied_not_recognised_mail_and_submits_the_form$1(ErrorHandlingStepDefImpl.java:104)
	at org.openqa.selenium.devtools.DevTools.lambda$addListener$0(DevTools.java:104)
	at org.openqa.selenium.devtools.Connection.lambda$handle$5(Connection.java:348)
	at java.base/java.util.stream.ForEachOps$ForEachOp$OfRef.accept(ForEachOps.java:184)
	at java.base/java.util.stream.ReferencePipeline$2$1.accept(ReferencePipeline.java:179)
	at java.base/java.util.stream.ReferencePipeline$15$1.accept(ReferencePipeline.java:541)
	at java.base/java.util.HashMap$EntrySpliterator.forEachRemaining(HashMap.java:1858)
	at java.base/java.util.stream.AbstractPipeline.copyInto(AbstractPipeline.java:509)
	at java.base/java.util.stream.AbstractPipeline.wrapAndCopyInto(AbstractPipeline.java:499)
	at java.base/java.util.stream.ForEachOps$ForEachOp.evaluateSequential(ForEachOps.java:151)
	at java.base/java.util.stream.ForEachOps$ForEachOp$OfRef.evaluateSequential(ForEachOps.java:174)
	at java.base/java.util.stream.AbstractPipeline.evaluate(AbstractPipeline.java:234)
	at java.base/java.util.stream.ReferencePipeline.forEach(ReferencePipeline.java:596)
	at org.openqa.selenium.devtools.Connection.handle(Connection.java:311)
	at org.openqa.selenium.devtools.Connection$Listener.lambda$onText$0(Connection.java:239)
	... 3 more
Nov 05, 2024 3:04:37 PM org.openqa.selenium.remote.http.WebSocket$Listener onError
WARNING: Connection reset
java.net.SocketException: Connection reset
	at java.base/sun.nio.ch.SocketChannelImpl.throwConnectionReset(SocketChannelImpl.java:401)
	at java.base/sun.nio.ch.SocketChannelImpl.read(SocketChannelImpl.java:434)
	at java.net.http/jdk.internal.net.http.SocketTube.readAvailable(SocketTube.java:1178)
	at java.net.http/jdk.internal.net.http.SocketTube$InternalReadPublisher$InternalReadSubscription.read(SocketTube.java:841)
	at java.net.http/jdk.internal.net.http.SocketTube$SocketFlowTask.run(SocketTube.java:181)
	at java.net.http/jdk.internal.net.http.common.SequentialScheduler$SchedulableTask.run(SequentialScheduler.java:207)
	at java.net.http/jdk.internal.net.http.common.SequentialScheduler.runOrSchedule(SequentialScheduler.java:280)
	at java.net.http/jdk.internal.net.http.common.SequentialScheduler.runOrSchedule(SequentialScheduler.java:233)
	at java.net.http/jdk.internal.net.http.SocketTube$InternalReadPublisher$InternalReadSubscription.signalReadable(SocketTube.java:782)
	at java.net.http/jdk.internal.net.http.SocketTube$InternalReadPublisher$ReadEvent.signalEvent(SocketTube.java:965)
	at java.net.http/jdk.internal.net.http.SocketTube$SocketFlowEvent.handle(SocketTube.java:253)
	at java.net.http/jdk.internal.net.http.HttpClientImpl$SelectorManager.handleEvent(HttpClientImpl.java:1469)
	at java.net.http/jdk.internal.net.http.HttpClientImpl$SelectorManager.lambda$run$3(HttpClientImpl.java:1414)
	at java.base/java.util.ArrayList.forEach(ArrayList.java:1596)
	at java.net.http/jdk.internal.net.http.HttpClientImpl$SelectorManager.run(HttpClientImpl.java:1414)

]]></system-err>
  </testcase>
  <testcase name="runScenario[&quot;API intercept failed&quot;, &quot;Forgot Password Page error handling&quot;](5)" classname="TestNGTestRunner" time="8.169">
    <system-out><![CDATA[dd
]]></system-out>
    <system-err><![CDATA[Nov 05, 2024 3:04:39 PM org.openqa.selenium.devtools.CdpVersionFinder findNearestMatch
WARNING: Unable to find an exact match for CDP version 130, returning the closest version; found: 127; Please update to a Selenium version that supports CDP version 130
Nov 05, 2024 3:04:45 PM org.openqa.selenium.remote.http.WebSocket$Listener onError
WARNING: Connection reset
java.net.SocketException: Connection reset
	at java.base/sun.nio.ch.SocketChannelImpl.throwConnectionReset(SocketChannelImpl.java:401)
	at java.base/sun.nio.ch.SocketChannelImpl.read(SocketChannelImpl.java:434)
	at java.net.http/jdk.internal.net.http.SocketTube.readAvailable(SocketTube.java:1178)
	at java.net.http/jdk.internal.net.http.SocketTube$InternalReadPublisher$InternalReadSubscription.read(SocketTube.java:841)
	at java.net.http/jdk.internal.net.http.SocketTube$SocketFlowTask.run(SocketTube.java:181)
	at java.net.http/jdk.internal.net.http.common.SequentialScheduler$SchedulableTask.run(SequentialScheduler.java:207)
	at java.net.http/jdk.internal.net.http.common.SequentialScheduler.runOrSchedule(SequentialScheduler.java:280)
	at java.net.http/jdk.internal.net.http.common.SequentialScheduler.runOrSchedule(SequentialScheduler.java:233)
	at java.net.http/jdk.internal.net.http.SocketTube$InternalReadPublisher$InternalReadSubscription.signalReadable(SocketTube.java:782)
	at java.net.http/jdk.internal.net.http.SocketTube$InternalReadPublisher$ReadEvent.signalEvent(SocketTube.java:965)
	at java.net.http/jdk.internal.net.http.SocketTube$SocketFlowEvent.handle(SocketTube.java:253)
	at java.net.http/jdk.internal.net.http.HttpClientImpl$SelectorManager.handleEvent(HttpClientImpl.java:1469)
	at java.net.http/jdk.internal.net.http.HttpClientImpl$SelectorManager.lambda$run$3(HttpClientImpl.java:1414)
	at java.base/java.util.ArrayList.forEach(ArrayList.java:1596)
	at java.net.http/jdk.internal.net.http.HttpClientImpl$SelectorManager.run(HttpClientImpl.java:1414)

]]></system-err>
  </testcase>
  <testcase name="runScenario[&quot;API Payload changedInvalid email&quot;, &quot;Forgot Password Page error handling&quot;](6)" classname="TestNGTestRunner" time="6.607">
    <system-out><![CDATA[interception-job-1.0
{"userEmail":"123456","userPassword":"123456","confirmPassword":"123456"}
]]></system-out>
    <system-err><![CDATA[Nov 05, 2024 3:04:46 PM org.openqa.selenium.devtools.CdpVersionFinder findNearestMatch
WARNING: Unable to find an exact match for CDP version 130, returning the closest version; found: 127; Please update to a Selenium version that supports CDP version 130
Nov 05, 2024 3:04:49 PM org.openqa.selenium.devtools.Connection$Listener lambda$onText$0
WARNING: Unable to process: {"method":"Fetch.requestPaused","params":{"requestId":"interception-job-1.0","request":{"url":"https://rahulshettyacademy.com/api/ecom/auth/new-password","method":"POST","headers":{"Accept":"application/json, text/plain, */*","Content-Type":"application/json","Origin":"https://rahulshettyacademy.com","Referer":"https://rahulshettyacademy.com/client/auth/password-new","User-Agent":"Mozilla/5.0 (Windows NT 10.0; Win64; x64) AppleWebKit/537.36 (KHTML, like Gecko) Chrome/130.0.0.0 Safari/537.36","sec-ch-ua":"\"Chromium\";v=\"130\", \"Google Chrome\";v=\"130\", \"Not?A_Brand\";v=\"99\"","sec-ch-ua-mobile":"?0","sec-ch-ua-platform":"\"Windows\""},"postData":"{\"userEmail\":\"s1234@gmail.com\",\"userPassword\":\"123456\",\"confirmPassword\":\"123456\"}","hasPostData":true,"postDataEntries":[{"bytes":"eyJ1c2VyRW1haWwiOiJzMTIzNEBnbWFpbC5jb20iLCJ1c2VyUGFzc3dvcmQiOiIxMjM0NTYiLCJjb25maXJtUGFzc3dvcmQiOiIxMjM0NTYifQ=="}],"initialPriority":"High","referrerPolicy":"strict-origin-when-cross-origin"},"frameId":"FD522FCD29C50A5F424424F09A9BF829","resourceType":"XHR"},"sessionId":"200BAA200081D161349B61CD011BCDC2"}
org.openqa.selenium.devtools.DevToolsException: {"id":25,"error":{"code":-32602,"message":"Invalid parameters","data":"Failed to deserialize params.postData - BINDINGS: invalid base64 string at position 17"},"sessionId":"200BAA200081D161349B61CD011BCDC2"}
Build info: version: '4.23.0', revision: '4df0a231af'
System info: os.name: 'Windows 11', os.arch: 'amd64', os.version: '10.0', java.version: '21.0.5'
Driver info: driver.version: unknown
	at org.openqa.selenium.devtools.Connection.sendAndWait(Connection.java:195)
	at org.openqa.selenium.devtools.DevTools.send(DevTools.java:90)
	at StepDefinitions.ForgotPasswordPage.ErrorHandlingStepDefImpl.lambda$user_provied_correct_details_and_submits_the_form$3(ErrorHandlingStepDefImpl.java:161)
	at org.openqa.selenium.devtools.DevTools.lambda$addListener$0(DevTools.java:104)
	at org.openqa.selenium.devtools.Connection.lambda$handle$5(Connection.java:348)
	at java.base/java.util.stream.ForEachOps$ForEachOp$OfRef.accept(ForEachOps.java:184)
	at java.base/java.util.stream.ReferencePipeline$2$1.accept(ReferencePipeline.java:179)
	at java.base/java.util.stream.ReferencePipeline$15$1.accept(ReferencePipeline.java:541)
	at java.base/java.util.HashMap$EntrySpliterator.forEachRemaining(HashMap.java:1858)
	at java.base/java.util.stream.AbstractPipeline.copyInto(AbstractPipeline.java:509)
	at java.base/java.util.stream.AbstractPipeline.wrapAndCopyInto(AbstractPipeline.java:499)
	at java.base/java.util.stream.ForEachOps$ForEachOp.evaluateSequential(ForEachOps.java:151)
	at java.base/java.util.stream.ForEachOps$ForEachOp$OfRef.evaluateSequential(ForEachOps.java:174)
	at java.base/java.util.stream.AbstractPipeline.evaluate(AbstractPipeline.java:234)
	at java.base/java.util.stream.ReferencePipeline.forEach(ReferencePipeline.java:596)
	at org.openqa.selenium.devtools.Connection.handle(Connection.java:311)
	at org.openqa.selenium.devtools.Connection$Listener.lambda$onText$0(Connection.java:239)
	at java.base/java.util.concurrent.ThreadPoolExecutor.runWorker(ThreadPoolExecutor.java:1144)
	at java.base/java.util.concurrent.ThreadPoolExecutor$Worker.run(ThreadPoolExecutor.java:642)
	at java.base/java.lang.Thread.run(Thread.java:1583)
Caused by: org.openqa.selenium.WebDriverException: {"id":25,"error":{"code":-32602,"message":"Invalid parameters","data":"Failed to deserialize params.postData - BINDINGS: invalid base64 string at position 17"},"sessionId":"200BAA200081D161349B61CD011BCDC2"}
Build info: version: '4.23.0', revision: '4df0a231af'
System info: os.name: 'Windows 11', os.arch: 'amd64', os.version: '10.0', java.version: '21.0.5'
Driver info: driver.version: unknown
	at org.openqa.selenium.devtools.Connection.handle(Connection.java:275)
	... 4 more

Exception in thread "CDP Connection" org.openqa.selenium.devtools.DevToolsException: {"id":25,"error":{"code":-32602,"message":"Invalid parameters","data":"Failed to deserialize params.postData - BINDINGS: invalid base64 string at position 17"},"sessionId":"200BAA200081D161349B61CD011BCDC2"}
Build info: version: '4.23.0', revision: '4df0a231af'
System info: os.name: 'Windows 11', os.arch: 'amd64', os.version: '10.0', java.version: '21.0.5'
Driver info: driver.version: unknown
	at org.openqa.selenium.devtools.Connection$Listener.lambda$onText$0(Connection.java:242)
	at java.base/java.util.concurrent.ThreadPoolExecutor.runWorker(ThreadPoolExecutor.java:1144)
	at java.base/java.util.concurrent.ThreadPoolExecutor$Worker.run(ThreadPoolExecutor.java:642)
	at java.base/java.lang.Thread.run(Thread.java:1583)
Caused by: org.openqa.selenium.devtools.DevToolsException: {"id":25,"error":{"code":-32602,"message":"Invalid parameters","data":"Failed to deserialize params.postData - BINDINGS: invalid base64 string at position 17"},"sessionId":"200BAA200081D161349B61CD011BCDC2"}
Build info: version: '4.23.0', revision: '4df0a231af'
System info: os.name: 'Windows 11', os.arch: 'amd64', os.version: '10.0', java.version: '21.0.5'
Driver info: driver.version: unknown
	at org.openqa.selenium.devtools.Connection.sendAndWait(Connection.java:195)
	at org.openqa.selenium.devtools.DevTools.send(DevTools.java:90)
	at StepDefinitions.ForgotPasswordPage.ErrorHandlingStepDefImpl.lambda$user_provied_correct_details_and_submits_the_form$3(ErrorHandlingStepDefImpl.java:161)
	at org.openqa.selenium.devtools.DevTools.lambda$addListener$0(DevTools.java:104)
	at org.openqa.selenium.devtools.Connection.lambda$handle$5(Connection.java:348)
	at java.base/java.util.stream.ForEachOps$ForEachOp$OfRef.accept(ForEachOps.java:184)
	at java.base/java.util.stream.ReferencePipeline$2$1.accept(ReferencePipeline.java:179)
	at java.base/java.util.stream.ReferencePipeline$15$1.accept(ReferencePipeline.java:541)
	at java.base/java.util.HashMap$EntrySpliterator.forEachRemaining(HashMap.java:1858)
	at java.base/java.util.stream.AbstractPipeline.copyInto(AbstractPipeline.java:509)
	at java.base/java.util.stream.AbstractPipeline.wrapAndCopyInto(AbstractPipeline.java:499)
	at java.base/java.util.stream.ForEachOps$ForEachOp.evaluateSequential(ForEachOps.java:151)
	at java.base/java.util.stream.ForEachOps$ForEachOp$OfRef.evaluateSequential(ForEachOps.java:174)
	at java.base/java.util.stream.AbstractPipeline.evaluate(AbstractPipeline.java:234)
	at java.base/java.util.stream.ReferencePipeline.forEach(ReferencePipeline.java:596)
	at org.openqa.selenium.devtools.Connection.handle(Connection.java:311)
	at org.openqa.selenium.devtools.Connection$Listener.lambda$onText$0(Connection.java:239)
	... 3 more
Caused by: org.openqa.selenium.WebDriverException: {"id":25,"error":{"code":-32602,"message":"Invalid parameters","data":"Failed to deserialize params.postData - BINDINGS: invalid base64 string at position 17"},"sessionId":"200BAA200081D161349B61CD011BCDC2"}
Build info: version: '4.23.0', revision: '4df0a231af'
System info: os.name: 'Windows 11', os.arch: 'amd64', os.version: '10.0', java.version: '21.0.5'
Driver info: driver.version: unknown
	at org.openqa.selenium.devtools.Connection.handle(Connection.java:275)
	... 4 more
Nov 05, 2024 3:04:51 PM org.openqa.selenium.remote.http.WebSocket$Listener onError
WARNING: Connection reset
java.net.SocketException: Connection reset
	at java.base/sun.nio.ch.SocketChannelImpl.throwConnectionReset(SocketChannelImpl.java:401)
	at java.base/sun.nio.ch.SocketChannelImpl.read(SocketChannelImpl.java:434)
	at java.net.http/jdk.internal.net.http.SocketTube.readAvailable(SocketTube.java:1178)
	at java.net.http/jdk.internal.net.http.SocketTube$InternalReadPublisher$InternalReadSubscription.read(SocketTube.java:841)
	at java.net.http/jdk.internal.net.http.SocketTube$SocketFlowTask.run(SocketTube.java:181)
	at java.net.http/jdk.internal.net.http.common.SequentialScheduler$SchedulableTask.run(SequentialScheduler.java:207)
	at java.net.http/jdk.internal.net.http.common.SequentialScheduler.runOrSchedule(SequentialScheduler.java:280)
	at java.net.http/jdk.internal.net.http.common.SequentialScheduler.runOrSchedule(SequentialScheduler.java:233)
	at java.net.http/jdk.internal.net.http.SocketTube$InternalReadPublisher$InternalReadSubscription.signalReadable(SocketTube.java:782)
	at java.net.http/jdk.internal.net.http.SocketTube$InternalReadPublisher$ReadEvent.signalEvent(SocketTube.java:965)
	at java.net.http/jdk.internal.net.http.SocketTube$SocketFlowEvent.handle(SocketTube.java:253)
	at java.net.http/jdk.internal.net.http.HttpClientImpl$SelectorManager.handleEvent(HttpClientImpl.java:1469)
	at java.net.http/jdk.internal.net.http.HttpClientImpl$SelectorManager.lambda$run$3(HttpClientImpl.java:1414)
	at java.base/java.util.ArrayList.forEach(ArrayList.java:1596)
	at java.net.http/jdk.internal.net.http.HttpClientImpl$SelectorManager.run(HttpClientImpl.java:1414)

]]></system-err>
  </testcase>
  <testcase name="runScenario[&quot;Forgot Password Page functionality&quot;, &quot;Forgot Password Page functionality&quot;](7)" classname="TestNGTestRunner" time="6.767">
    <system-err><![CDATA[Nov 05, 2024 3:04:53 PM org.openqa.selenium.devtools.CdpVersionFinder findNearestMatch
WARNING: Unable to find an exact match for CDP version 130, returning the closest version; found: 127; Please update to a Selenium version that supports CDP version 130
Nov 05, 2024 3:04:58 PM org.openqa.selenium.remote.http.WebSocket$Listener onError
WARNING: Connection reset
java.net.SocketException: Connection reset
	at java.base/sun.nio.ch.SocketChannelImpl.throwConnectionReset(SocketChannelImpl.java:401)
	at java.base/sun.nio.ch.SocketChannelImpl.read(SocketChannelImpl.java:434)
	at java.net.http/jdk.internal.net.http.SocketTube.readAvailable(SocketTube.java:1178)
	at java.net.http/jdk.internal.net.http.SocketTube$InternalReadPublisher$InternalReadSubscription.read(SocketTube.java:841)
	at java.net.http/jdk.internal.net.http.SocketTube$SocketFlowTask.run(SocketTube.java:181)
	at java.net.http/jdk.internal.net.http.common.SequentialScheduler$SchedulableTask.run(SequentialScheduler.java:207)
	at java.net.http/jdk.internal.net.http.common.SequentialScheduler.runOrSchedule(SequentialScheduler.java:280)
	at java.net.http/jdk.internal.net.http.common.SequentialScheduler.runOrSchedule(SequentialScheduler.java:233)
	at java.net.http/jdk.internal.net.http.SocketTube$InternalReadPublisher$InternalReadSubscription.signalReadable(SocketTube.java:782)
	at java.net.http/jdk.internal.net.http.SocketTube$InternalReadPublisher$ReadEvent.signalEvent(SocketTube.java:965)
	at java.net.http/jdk.internal.net.http.SocketTube$SocketFlowEvent.handle(SocketTube.java:253)
	at java.net.http/jdk.internal.net.http.HttpClientImpl$SelectorManager.handleEvent(HttpClientImpl.java:1469)
	at java.net.http/jdk.internal.net.http.HttpClientImpl$SelectorManager.lambda$run$3(HttpClientImpl.java:1414)
	at java.base/java.util.ArrayList.forEach(ArrayList.java:1596)
	at java.net.http/jdk.internal.net.http.HttpClientImpl$SelectorManager.run(HttpClientImpl.java:1414)

]]></system-err>
  </testcase>
  <testcase name="runScenario[&quot;Forgot Password Page functionality&quot;, &quot;Forgot Password Page functionality&quot;](8)" classname="TestNGTestRunner" time="6.356">
    <system-err><![CDATA[Nov 05, 2024 3:05:00 PM org.openqa.selenium.devtools.CdpVersionFinder findNearestMatch
WARNING: Unable to find an exact match for CDP version 130, returning the closest version; found: 127; Please update to a Selenium version that supports CDP version 130
Nov 05, 2024 3:05:05 PM org.openqa.selenium.remote.http.WebSocket$Listener onError
WARNING: Connection reset
java.net.SocketException: Connection reset
	at java.base/sun.nio.ch.SocketChannelImpl.throwConnectionReset(SocketChannelImpl.java:401)
	at java.base/sun.nio.ch.SocketChannelImpl.read(SocketChannelImpl.java:434)
	at java.net.http/jdk.internal.net.http.SocketTube.readAvailable(SocketTube.java:1178)
	at java.net.http/jdk.internal.net.http.SocketTube$InternalReadPublisher$InternalReadSubscription.read(SocketTube.java:841)
	at java.net.http/jdk.internal.net.http.SocketTube$SocketFlowTask.run(SocketTube.java:181)
	at java.net.http/jdk.internal.net.http.common.SequentialScheduler$SchedulableTask.run(SequentialScheduler.java:207)
	at java.net.http/jdk.internal.net.http.common.SequentialScheduler.runOrSchedule(SequentialScheduler.java:280)
	at java.net.http/jdk.internal.net.http.common.SequentialScheduler.runOrSchedule(SequentialScheduler.java:233)
	at java.net.http/jdk.internal.net.http.SocketTube$InternalReadPublisher$InternalReadSubscription.signalReadable(SocketTube.java:782)
	at java.net.http/jdk.internal.net.http.SocketTube$InternalReadPublisher$ReadEvent.signalEvent(SocketTube.java:965)
	at java.net.http/jdk.internal.net.http.SocketTube$SocketFlowEvent.handle(SocketTube.java:253)
	at java.net.http/jdk.internal.net.http.HttpClientImpl$SelectorManager.handleEvent(HttpClientImpl.java:1469)
	at java.net.http/jdk.internal.net.http.HttpClientImpl$SelectorManager.lambda$run$3(HttpClientImpl.java:1414)
	at java.base/java.util.ArrayList.forEach(ArrayList.java:1596)
	at java.net.http/jdk.internal.net.http.HttpClientImpl$SelectorManager.run(HttpClientImpl.java:1414)

]]></system-err>
  </testcase>
  <testcase name="runScenario[&quot;Forgot Password Page functionality&quot;, &quot;Forgot Password Page functionality&quot;](9)" classname="TestNGTestRunner" time="10.706">
    <system-out><![CDATA[{"userEmail":"s1234@gmail.com","userPassword":"123456","confirmPassword":"123456"}
]]></system-out>
    <system-err><![CDATA[Nov 05, 2024 3:05:06 PM org.openqa.selenium.devtools.CdpVersionFinder findNearestMatch
WARNING: Unable to find an exact match for CDP version 130, returning the closest version; found: 127; Please update to a Selenium version that supports CDP version 130
Nov 05, 2024 3:05:09 PM org.openqa.selenium.devtools.Connection$Listener lambda$onText$0
WARNING: Unable to process: {"method":"Network.requestWillBeSent","params":{"requestId":"26820.20","loaderId":"ABDEF81D2F36DD8A2FFB5E2F4F3105BE","documentURL":"https://rahulshettyacademy.com/client/auth/password-new","request":{"url":"https://rahulshettyacademy.com/api/ecom/auth/new-password","method":"POST","headers":{"sec-ch-ua-platform":"\"Windows\"","Referer":"https://rahulshettyacademy.com/client/auth/password-new","User-Agent":"Mozilla/5.0 (Windows NT 10.0; Win64; x64) AppleWebKit/537.36 (KHTML, like Gecko) Chrome/130.0.0.0 Safari/537.36","Accept":"application/json, text/plain, */*","sec-ch-ua":"\"Chromium\";v=\"130\", \"Google Chrome\";v=\"130\", \"Not?A_Brand\";v=\"99\"","Content-Type":"application/json","sec-ch-ua-mobile":"?0"},"postData":"{\"userEmail\":\"s1234@gmail.com\",\"userPassword\":\"123456\",\"confirmPassword\":\"123456\"}","hasPostData":true,"postDataEntries":[{"bytes":"eyJ1c2VyRW1haWwiOiJzMTIzNEBnbWFpbC5jb20iLCJ1c2VyUGFzc3dvcmQiOiIxMjM0NTYiLCJjb25maXJtUGFzc3dvcmQiOiIxMjM0NTYifQ=="}],"mixedContentType":"none","initialPriority":"High","referrerPolicy":"strict-origin-when-cross-origin","isSameSite":true},"timestamp":4219.605967,"wallTime":1730799309.659905,"initiator":{"type":"script","stack":{"callFrames":[{"functionName":"q","scriptId":"8","url":"https://rahulshettyacademy.com/client/polyfills.bd0c6ffd915d0ed70d31.js","lineNumber":0,"columnNumber":32300},{"functionName":"scheduleTask","scriptId":"8","url":"https://rahulshettyacademy.com/client/polyfills.bd0c6ffd915d0ed70d31.js","lineNumber":0,"columnNumber":6899},{"functionName":"onScheduleTask","scriptId":"8","url":"https://rahulshettyacademy.com/client/polyfills.bd0c6ffd915d0ed70d31.js","lineNumber":0,"columnNumber":4124},{"functionName":"scheduleTask","scriptId":"8","url":"https://rahulshettyacademy.com/client/polyfills.bd0c6ffd915d0ed70d31.js","lineNumber":0,"columnNumber":6797},{"functionName":"scheduleTask","scriptId":"8","url":"https://rahulshettyacademy.com/client/polyfills.bd0c6ffd915d0ed70d31.js","lineNumber":0,"columnNumber":3086},{"functionName":"scheduleMacroTask","scriptId":"8","url":"https://rahulshettyacademy.com/client/polyfills.bd0c6ffd915d0ed70d31.js","lineNumber":0,"columnNumber":3395},{"functionName":"Me","scriptId":"8","url":"https://rahulshettyacademy.com/client/polyfills.bd0c6ffd915d0ed70d31.js","lineNumber":0,"columnNumber":10539},{"functionName":"","scriptId":"8","url":"https://rahulshettyacademy.com/client/polyfills.bd0c6ffd915d0ed70d31.js","lineNumber":0,"columnNumber":32691},{"functionName":"o.<computed>","scriptId":"8","url":"https://rahulshettyacademy.com/client/polyfills.bd0c6ffd915d0ed70d31.js","lineNumber":0,"columnNumber":13452},{"functionName":"","scriptId":"10","url":"https://rahulshettyacademy.com/client/main.9c44d72685822eee0a0f.js","lineNumber":0,"columnNumber":40276},{"functionName":"_trySubscribe","scriptId":"10","url":"https://rahulshettyacademy.com/client/main.9c44d72685822eee0a0f.js","lineNumber":0,"columnNumber":247222},{"functionName":"subscribe","scriptId":"10","url":"https://rahulshettyacademy.com/client/main.9c44d72685822eee0a0f.js","lineNumber":0,"columnNumber":247023},{"functionName":"call","scriptId":"10","url":"https://rahulshettyacademy.com/client/main.9c44d72685822eee0a0f.js","lineNumber":0,"columnNumber":347614},{"functionName":"subscribe","scriptId":"10","url":"https://rahulshettyacademy.com/client/main.9c44d72685822eee0a0f.js","lineNumber":0,"columnNumber":246898},{"functionName":"call","scriptId":"10","url":"https://rahulshettyacademy.com/client/main.9c44d72685822eee0a0f.js","lineNumber":0,"columnNumber":260024},{"functionName":"subscribe","scriptId":"10","url":"https://rahulshettyacademy.com/client/main.9c44d72685822eee0a0f.js","lineNumber":0,"columnNumber":246898},{"functionName":"call","scriptId":"10","url":"https://rahulshettyacademy.com/client/main.9c44d72685822eee0a0f.js","lineNumber":0,"columnNumber":261641},{"functionName":"subscribe","scriptId":"10","url":"https://rahulshettyacademy.com/client/main.9c44d72685822eee0a0f.js","lineNumber":0,"columnNumber":246898},{"functionName":"X","scriptId":"10","url":"https://rahulshettyacademy.com/client/main.9c44d72685822eee0a0f.js","lineNumber":0,"columnNumber":256272},{"functionName":"_innerSub","scriptId":"10","url":"https://rahulshettyacademy.com/client/main.9c44d72685822eee0a0f.js","lineNumber":0,"columnNumber":263677},{"functionName":"_tryNext","scriptId":"10","url":"https://rahulshettyacademy.com/client/main.9c44d72685822eee0a0f.js","lineNumber":0,"columnNumber":263582},{"functionName":"_next","scriptId":"10","url":"https://rahulshettyacademy.com/client/main.9c44d72685822eee0a0f.js","lineNumber":0,"columnNumber":263421},{"functionName":"next","scriptId":"10","url":"https://rahulshettyacademy.com/client/main.9c44d72685822eee0a0f.js","lineNumber":0,"columnNumber":251086},{"functionName":"","scriptId":"10","url":"https://rahulshettyacademy.com/client/main.9c44d72685822eee0a0f.js","lineNumber":0,"columnNumber":270945},{"functionName":"_trySubscribe","scriptId":"10","url":"https://rahulshettyacademy.com/client/main.9c44d72685822eee0a0f.js","lineNumber":0,"columnNumber":247222},{"functionName":"subscribe","scriptId":"10","url":"https://rahulshettyacademy.com/client/main.9c44d72685822eee0a0f.js","lineNumber":0,"columnNumber":247023},{"functionName":"call","scriptId":"10","url":"https://rahulshettyacademy.com/client/main.9c44d72685822eee0a0f.js","lineNumber":0,"columnNumber":263156},{"functionName":"subscribe","scriptId":"10","url":"https://rahulshettyacademy.com/client/main.9c44d72685822eee0a0f.js","lineNumber":0,"columnNumber":246898},{"functionName":"call","scriptId":"10","url":"https://rahulshettyacademy.com/client/main.9c44d72685822eee0a0f.js","lineNumber":0,"columnNumber":261156},{"functionName":"subscribe","scriptId":"10","url":"https://rahulshettyacademy.com/client/main.9c44d72685822eee0a0f.js","lineNumber":0,"columnNumber":246898},{"functionName":"call","scriptId":"10","url":"https://rahulshettyacademy.com/client/main.9c44d72685822eee0a0f.js","lineNumber":0,"columnNumber":262331},{"functionName":"subscribe","scriptId":"10","url":"https://rahulshettyacademy.com/client/main.9c44d72685822eee0a0f.js","lineNumber":0,"columnNumber":246898},{"functionName":"call","scriptId":"10","url":"https://rahulshettyacademy.com/client/main.9c44d72685822eee0a0f.js","lineNumber":0,"columnNumber":262331},{"functionName":"subscribe","scriptId":"10","url":"https://rahulshettyacademy.com/client/main.9c44d72685822eee0a0f.js","lineNumber":0,"columnNumber":246898},{"functionName":"call","scriptId":"10","url":"https://rahulshettyacademy.com/client/main.9c44d72685822eee0a0f.js","lineNumber":0,"columnNumber":265941},{"functionName":"subscribe","scriptId":"10","url":"https://rahulshettyacademy.com/client/main.9c44d72685822eee0a0f.js","lineNumber":0,"columnNumber":246898},{"functionName":"call","scriptId":"10","url":"https://rahulshettyacademy.com/client/main.9c44d72685822eee0a0f.js","lineNumber":0,"columnNumber":267376},{"functionName":"subscribe","scriptId":"10","url":"https://rahulshettyacademy.com/client/main.9c44d72685822eee0a0f.js","lineNumber":0,"columnNumber":246898},{"functionName":"forgotPassword","scriptId":"14","url":"https://rahulshettyacademy.com/client/674.c8a6d45922fab3876c70.js","lineNumber":0,"columnNumber":56288},{"functionName":"","scriptId":"14","url":"https://rahulshettyacademy.com/client/674.c8a6d45922fab3876c70.js","lineNumber":0,"columnNumber":57832},{"functionName":"Bp","scriptId":"10","url":"https://rahulshettyacademy.com/client/main.9c44d72685822eee0a0f.js","lineNumber":0,"columnNumber":101233},{"functionName":"i","scriptId":"10","url":"https://rahulshettyacademy.com/client/main.9c44d72685822eee0a0f.js","lineNumber":0,"columnNumber":101395},{"functionName":"__tryOrUnsub","scriptId":"10","url":"https://rahulshettyacademy.com/client/main.9c44d72685822eee0a0f.js","lineNumber":0,"columnNumber":252917},{"functionName":"next","scriptId":"10","url":"https://rahulshettyacademy.com/client/main.9c44d72685822eee0a0f.js","lineNumber":0,"columnNumber":252142},{"functionName":"_next","scriptId":"10","url":"https://rahulshettyacademy.com/client/main.9c44d72685822eee0a0f.js","lineNumber":0,"columnNumber":251312},{"functionName":"next","scriptId":"10","url":"https://rahulshettyacademy.com/client/main.9c44d72685822eee0a0f.js","lineNumber":0,"columnNumber":251086},{"functionName":"next","scriptId":"10","url":"https://rahulshettyacademy.com/client/main.9c44d72685822eee0a0f.js","lineNumber":0,"columnNumber":249168},{"functionName":"emit","scriptId":"10","url":"https://rahulshettyacademy.com/client/main.9c44d72685822eee0a0f.js","lineNumber":0,"columnNumber":136306},{"functionName":"onSubmit","scriptId":"12","url":"https://rahulshettyacademy.com/client/480.f1614ecd961bd8e3dfd9.js","lineNumber":0,"columnNumber":33303},{"functionName":"","scriptId":"12","url":"https://rahulshettyacademy.com/client/480.f1614ecd961bd8e3dfd9.js","lineNumber":0,"columnNumber":34287},{"functionName":"Bp","scriptId":"10","url":"https://rahulshettyacademy.com/client/main.9c44d72685822eee0a0f.js","lineNumber":0,"columnNumber":101233},{"functionName":"i","scriptId":"10","url":"https://rahulshettyacademy.com/client/main.9c44d72685822eee0a0f.js","lineNumber":0,"columnNumber":101395},{"functionName":"","scriptId":"10","url":"https://rahulshettyacademy.com/client/main.9c44d72685822eee0a0f.js","lineNumber":0,"columnNumber":164144},{"functionName":"invokeTask","scriptId":"8","url":"https://rahulshettyacademy.com/client/polyfills.bd0c6ffd915d0ed70d31.js","lineNumber":0,"columnNumber":7136},{"functionName":"onInvokeTask","scriptId":"10","url":"https://rahulshettyacademy.com/client/main.9c44d72685822eee0a0f.js","lineNumber":0,"columnNumber":146363},{"functionName":"invokeTask","scriptId":"8","url":"https://rahulshettyacademy.com/client/polyfills.bd0c6ffd915d0ed70d31.js","lineNumber":0,"columnNumber":7057},{"functionName":"runTask","scriptId":"8","url":"https://rahulshettyacademy.com/client/polyfills.bd0c6ffd915d0ed70d31.js","lineNumber":0,"columnNumber":2531},{"functionName":"invokeTask","scriptId":"8","url":"https://rahulshettyacademy.com/client/polyfills.bd0c6ffd915d0ed70d31.js","lineNumber":0,"columnNumber":8187},{"functionName":"Z","scriptId":"8","url":"https://rahulshettyacademy.com/client/polyfills.bd0c6ffd915d0ed70d31.js","lineNumber":0,"columnNumber":20798},{"functionName":"N","scriptId":"8","url":"https://rahulshettyacademy.com/client/polyfills.bd0c6ffd915d0ed70d31.js","lineNumber":0,"columnNumber":21091},{"functionName":"B","scriptId":"8","url":"https://rahulshettyacademy.com/client/polyfills.bd0c6ffd915d0ed70d31.js","lineNumber":0,"columnNumber":21357}]}},"redirectHasExtraInfo":false,"type":"XHR","frameId":"D5DA24C4E89BFFFCC00203B6105BC175","hasUserGesture":true},"sessionId":"CAA2D8D7FB0167A3A1B974D52629E664"}
org.json.JSONException: JSONObject["userPaassword"] not found.
	at org.json.JSONObject.get(JSONObject.java:570)
	at org.json.JSONObject.getString(JSONObject.java:857)
	at StepDefinitions.ForgotPasswordPage.FunctionalityStepDefImpl.lambda$user_provied_details_and_submits_the_form$0(FunctionalityStepDefImpl.java:73)
	at org.openqa.selenium.devtools.DevTools.lambda$addListener$0(DevTools.java:104)
	at org.openqa.selenium.devtools.Connection.lambda$handle$5(Connection.java:348)
	at java.base/java.util.stream.ForEachOps$ForEachOp$OfRef.accept(ForEachOps.java:184)
	at java.base/java.util.stream.ReferencePipeline$2$1.accept(ReferencePipeline.java:179)
	at java.base/java.util.stream.ReferencePipeline$15$1.accept(ReferencePipeline.java:541)
	at java.base/java.util.HashMap$EntrySpliterator.forEachRemaining(HashMap.java:1858)
	at java.base/java.util.stream.AbstractPipeline.copyInto(AbstractPipeline.java:509)
	at java.base/java.util.stream.AbstractPipeline.wrapAndCopyInto(AbstractPipeline.java:499)
	at java.base/java.util.stream.ForEachOps$ForEachOp.evaluateSequential(ForEachOps.java:151)
	at java.base/java.util.stream.ForEachOps$ForEachOp$OfRef.evaluateSequential(ForEachOps.java:174)
	at java.base/java.util.stream.AbstractPipeline.evaluate(AbstractPipeline.java:234)
	at java.base/java.util.stream.ReferencePipeline.forEach(ReferencePipeline.java:596)
	at org.openqa.selenium.devtools.Connection.handle(Connection.java:311)
	at org.openqa.selenium.devtools.Connection$Listener.lambda$onText$0(Connection.java:239)
	at java.base/java.util.concurrent.ThreadPoolExecutor.runWorker(ThreadPoolExecutor.java:1144)
	at java.base/java.util.concurrent.ThreadPoolExecutor$Worker.run(ThreadPoolExecutor.java:642)
	at java.base/java.lang.Thread.run(Thread.java:1583)

Exception in thread "CDP Connection" org.openqa.selenium.devtools.DevToolsException: JSONObject["userPaassword"] not found.
Build info: version: '4.23.0', revision: '4df0a231af'
System info: os.name: 'Windows 11', os.arch: 'amd64', os.version: '10.0', java.version: '21.0.5'
Driver info: DevTools Connection
	at org.openqa.selenium.devtools.Connection$Listener.lambda$onText$0(Connection.java:242)
	at java.base/java.util.concurrent.ThreadPoolExecutor.runWorker(ThreadPoolExecutor.java:1144)
	at java.base/java.util.concurrent.ThreadPoolExecutor$Worker.run(ThreadPoolExecutor.java:642)
	at java.base/java.lang.Thread.run(Thread.java:1583)
Caused by: org.json.JSONException: JSONObject["userPaassword"] not found.
	at org.json.JSONObject.get(JSONObject.java:570)
	at org.json.JSONObject.getString(JSONObject.java:857)
	at StepDefinitions.ForgotPasswordPage.FunctionalityStepDefImpl.lambda$user_provied_details_and_submits_the_form$0(FunctionalityStepDefImpl.java:73)
	at org.openqa.selenium.devtools.DevTools.lambda$addListener$0(DevTools.java:104)
	at org.openqa.selenium.devtools.Connection.lambda$handle$5(Connection.java:348)
	at java.base/java.util.stream.ForEachOps$ForEachOp$OfRef.accept(ForEachOps.java:184)
	at java.base/java.util.stream.ReferencePipeline$2$1.accept(ReferencePipeline.java:179)
	at java.base/java.util.stream.ReferencePipeline$15$1.accept(ReferencePipeline.java:541)
	at java.base/java.util.HashMap$EntrySpliterator.forEachRemaining(HashMap.java:1858)
	at java.base/java.util.stream.AbstractPipeline.copyInto(AbstractPipeline.java:509)
	at java.base/java.util.stream.AbstractPipeline.wrapAndCopyInto(AbstractPipeline.java:499)
	at java.base/java.util.stream.ForEachOps$ForEachOp.evaluateSequential(ForEachOps.java:151)
	at java.base/java.util.stream.ForEachOps$ForEachOp$OfRef.evaluateSequential(ForEachOps.java:174)
	at java.base/java.util.stream.AbstractPipeline.evaluate(AbstractPipeline.java:234)
	at java.base/java.util.stream.ReferencePipeline.forEach(ReferencePipeline.java:596)
	at org.openqa.selenium.devtools.Connection.handle(Connection.java:311)
	at org.openqa.selenium.devtools.Connection$Listener.lambda$onText$0(Connection.java:239)
	... 3 more
Nov 05, 2024 3:05:15 PM org.openqa.selenium.remote.http.WebSocket$Listener onError
WARNING: Connection reset
java.net.SocketException: Connection reset
	at java.base/sun.nio.ch.SocketChannelImpl.throwConnectionReset(SocketChannelImpl.java:401)
	at java.base/sun.nio.ch.SocketChannelImpl.read(SocketChannelImpl.java:434)
	at java.net.http/jdk.internal.net.http.SocketTube.readAvailable(SocketTube.java:1178)
	at java.net.http/jdk.internal.net.http.SocketTube$InternalReadPublisher$InternalReadSubscription.read(SocketTube.java:841)
	at java.net.http/jdk.internal.net.http.SocketTube$SocketFlowTask.run(SocketTube.java:181)
	at java.net.http/jdk.internal.net.http.common.SequentialScheduler$SchedulableTask.run(SequentialScheduler.java:207)
	at java.net.http/jdk.internal.net.http.common.SequentialScheduler.runOrSchedule(SequentialScheduler.java:280)
	at java.net.http/jdk.internal.net.http.common.SequentialScheduler.runOrSchedule(SequentialScheduler.java:233)
	at java.net.http/jdk.internal.net.http.SocketTube$InternalReadPublisher$InternalReadSubscription.signalReadable(SocketTube.java:782)
	at java.net.http/jdk.internal.net.http.SocketTube$InternalReadPublisher$ReadEvent.signalEvent(SocketTube.java:965)
	at java.net.http/jdk.internal.net.http.SocketTube$SocketFlowEvent.handle(SocketTube.java:253)
	at java.net.http/jdk.internal.net.http.HttpClientImpl$SelectorManager.handleEvent(HttpClientImpl.java:1469)
	at java.net.http/jdk.internal.net.http.HttpClientImpl$SelectorManager.lambda$run$3(HttpClientImpl.java:1414)
	at java.base/java.util.ArrayList.forEach(ArrayList.java:1596)
	at java.net.http/jdk.internal.net.http.HttpClientImpl$SelectorManager.run(HttpClientImpl.java:1414)

]]></system-err>
  </testcase>
  <testcase name="runScenario[&quot;Login page functionality&quot;, &quot;Login error handling&quot;](10)" classname="TestNGTestRunner" time="6.576">
    <system-err><![CDATA[Nov 05, 2024 3:05:17 PM org.openqa.selenium.devtools.CdpVersionFinder findNearestMatch
WARNING: Unable to find an exact match for CDP version 130, returning the closest version; found: 127; Please update to a Selenium version that supports CDP version 130
Nov 05, 2024 3:05:22 PM org.openqa.selenium.remote.http.WebSocket$Listener onError
WARNING: Connection reset
java.net.SocketException: Connection reset
	at java.base/sun.nio.ch.SocketChannelImpl.throwConnectionReset(SocketChannelImpl.java:401)
	at java.base/sun.nio.ch.SocketChannelImpl.read(SocketChannelImpl.java:434)
	at java.net.http/jdk.internal.net.http.SocketTube.readAvailable(SocketTube.java:1178)
	at java.net.http/jdk.internal.net.http.SocketTube$InternalReadPublisher$InternalReadSubscription.read(SocketTube.java:841)
	at java.net.http/jdk.internal.net.http.SocketTube$SocketFlowTask.run(SocketTube.java:181)
	at java.net.http/jdk.internal.net.http.common.SequentialScheduler$SchedulableTask.run(SequentialScheduler.java:207)
	at java.net.http/jdk.internal.net.http.common.SequentialScheduler.runOrSchedule(SequentialScheduler.java:280)
	at java.net.http/jdk.internal.net.http.common.SequentialScheduler.runOrSchedule(SequentialScheduler.java:233)
	at java.net.http/jdk.internal.net.http.SocketTube$InternalReadPublisher$InternalReadSubscription.signalReadable(SocketTube.java:782)
	at java.net.http/jdk.internal.net.http.SocketTube$InternalReadPublisher$ReadEvent.signalEvent(SocketTube.java:965)
	at java.net.http/jdk.internal.net.http.SocketTube$SocketFlowEvent.handle(SocketTube.java:253)
	at java.net.http/jdk.internal.net.http.HttpClientImpl$SelectorManager.handleEvent(HttpClientImpl.java:1469)
	at java.net.http/jdk.internal.net.http.HttpClientImpl$SelectorManager.lambda$run$3(HttpClientImpl.java:1414)
	at java.base/java.util.ArrayList.forEach(ArrayList.java:1596)
	at java.net.http/jdk.internal.net.http.HttpClientImpl$SelectorManager.run(HttpClientImpl.java:1414)

]]></system-err>
  </testcase>
  <testcase name="runScenario[&quot;Login page functionality&quot;, &quot;Login error handling&quot;](11)" classname="TestNGTestRunner" time="7.363">
    <system-err><![CDATA[Nov 05, 2024 3:05:23 PM org.openqa.selenium.devtools.CdpVersionFinder findNearestMatch
WARNING: Unable to find an exact match for CDP version 130, returning the closest version; found: 127; Please update to a Selenium version that supports CDP version 130
Nov 05, 2024 3:05:29 PM org.openqa.selenium.remote.http.WebSocket$Listener onError
WARNING: Connection reset
java.net.SocketException: Connection reset
	at java.base/sun.nio.ch.SocketChannelImpl.throwConnectionReset(SocketChannelImpl.java:401)
	at java.base/sun.nio.ch.SocketChannelImpl.read(SocketChannelImpl.java:434)
	at java.net.http/jdk.internal.net.http.SocketTube.readAvailable(SocketTube.java:1178)
	at java.net.http/jdk.internal.net.http.SocketTube$InternalReadPublisher$InternalReadSubscription.read(SocketTube.java:841)
	at java.net.http/jdk.internal.net.http.SocketTube$SocketFlowTask.run(SocketTube.java:181)
	at java.net.http/jdk.internal.net.http.common.SequentialScheduler$SchedulableTask.run(SequentialScheduler.java:207)
	at java.net.http/jdk.internal.net.http.common.SequentialScheduler.runOrSchedule(SequentialScheduler.java:280)
	at java.net.http/jdk.internal.net.http.common.SequentialScheduler.runOrSchedule(SequentialScheduler.java:233)
	at java.net.http/jdk.internal.net.http.SocketTube$InternalReadPublisher$InternalReadSubscription.signalReadable(SocketTube.java:782)
	at java.net.http/jdk.internal.net.http.SocketTube$InternalReadPublisher$ReadEvent.signalEvent(SocketTube.java:965)
	at java.net.http/jdk.internal.net.http.SocketTube$SocketFlowEvent.handle(SocketTube.java:253)
	at java.net.http/jdk.internal.net.http.HttpClientImpl$SelectorManager.handleEvent(HttpClientImpl.java:1469)
	at java.net.http/jdk.internal.net.http.HttpClientImpl$SelectorManager.lambda$run$3(HttpClientImpl.java:1414)
	at java.base/java.util.ArrayList.forEach(ArrayList.java:1596)
	at java.net.http/jdk.internal.net.http.HttpClientImpl$SelectorManager.run(HttpClientImpl.java:1414)

]]></system-err>
  </testcase>
  <testcase name="runScenario[&quot;Login page functionality&quot;, &quot;Login error handling&quot;](12)" classname="TestNGTestRunner" time="12.175">
    <system-out><![CDATA[interception-job-1.0
{"userEmail":"santhoshsai4517@gmail.com","userPassword":"123456"}
]]></system-out>
    <system-err><![CDATA[Nov 05, 2024 3:05:31 PM org.openqa.selenium.devtools.CdpVersionFinder findNearestMatch
WARNING: Unable to find an exact match for CDP version 130, returning the closest version; found: 127; Please update to a Selenium version that supports CDP version 130
Nov 05, 2024 3:05:34 PM org.openqa.selenium.devtools.Connection$Listener lambda$onText$0
WARNING: Unable to process: {"method":"Fetch.requestPaused","params":{"requestId":"interception-job-1.0","request":{"url":"https://rahulshettyacademy.com/api/ecom/auth/login","method":"POST","headers":{"Accept":"application/json, text/plain, */*","Content-Type":"application/json","Origin":"https://rahulshettyacademy.com","Referer":"https://rahulshettyacademy.com/client/auth/login","User-Agent":"Mozilla/5.0 (Windows NT 10.0; Win64; x64) AppleWebKit/537.36 (KHTML, like Gecko) Chrome/130.0.0.0 Safari/537.36","sec-ch-ua":"\"Chromium\";v=\"130\", \"Google Chrome\";v=\"130\", \"Not?A_Brand\";v=\"99\"","sec-ch-ua-mobile":"?0","sec-ch-ua-platform":"\"Windows\""},"postData":"{\"userEmail\":\"santhoshsai4517@gmail.com\",\"userPassword\":\"151Fa04124@4517\"}","hasPostData":true,"postDataEntries":[{"bytes":"eyJ1c2VyRW1haWwiOiJzYW50aG9zaHNhaTQ1MTdAZ21haWwuY29tIiwidXNlclBhc3N3b3JkIjoiMTUxRmEwNDEyNEA0NTE3In0="}],"initialPriority":"High","referrerPolicy":"strict-origin-when-cross-origin"},"frameId":"D0E19ABB45E72DF5862483C8B6362F5E","resourceType":"XHR"},"sessionId":"DC999E327D743C013FFBE4D105F70473"}
org.openqa.selenium.devtools.DevToolsException: {"id":43,"error":{"code":-32602,"message":"Invalid parameters","data":"Failed to deserialize params.postData - BINDINGS: invalid base64 string at position 17"},"sessionId":"DC999E327D743C013FFBE4D105F70473"}
Build info: version: '4.23.0', revision: '4df0a231af'
System info: os.name: 'Windows 11', os.arch: 'amd64', os.version: '10.0', java.version: '21.0.5'
Driver info: driver.version: unknown
	at org.openqa.selenium.devtools.Connection.sendAndWait(Connection.java:195)
	at org.openqa.selenium.devtools.DevTools.send(DevTools.java:90)
	at StepDefinitions.LoginPage.ErrorHandlingStepDefImpl.lambda$api_payload_changed_logged_in_with_wrong_username_and_password$1(ErrorHandlingStepDefImpl.java:68)
	at org.openqa.selenium.devtools.DevTools.lambda$addListener$0(DevTools.java:104)
	at org.openqa.selenium.devtools.Connection.lambda$handle$5(Connection.java:348)
	at java.base/java.util.stream.ForEachOps$ForEachOp$OfRef.accept(ForEachOps.java:184)
	at java.base/java.util.stream.ReferencePipeline$2$1.accept(ReferencePipeline.java:179)
	at java.base/java.util.stream.ReferencePipeline$15$1.accept(ReferencePipeline.java:541)
	at java.base/java.util.HashMap$EntrySpliterator.forEachRemaining(HashMap.java:1858)
	at java.base/java.util.stream.AbstractPipeline.copyInto(AbstractPipeline.java:509)
	at java.base/java.util.stream.AbstractPipeline.wrapAndCopyInto(AbstractPipeline.java:499)
	at java.base/java.util.stream.ForEachOps$ForEachOp.evaluateSequential(ForEachOps.java:151)
	at java.base/java.util.stream.ForEachOps$ForEachOp$OfRef.evaluateSequential(ForEachOps.java:174)
	at java.base/java.util.stream.AbstractPipeline.evaluate(AbstractPipeline.java:234)
	at java.base/java.util.stream.ReferencePipeline.forEach(ReferencePipeline.java:596)
	at org.openqa.selenium.devtools.Connection.handle(Connection.java:311)
	at org.openqa.selenium.devtools.Connection$Listener.lambda$onText$0(Connection.java:239)
	at java.base/java.util.concurrent.ThreadPoolExecutor.runWorker(ThreadPoolExecutor.java:1144)
	at java.base/java.util.concurrent.ThreadPoolExecutor$Worker.run(ThreadPoolExecutor.java:642)
	at java.base/java.lang.Thread.run(Thread.java:1583)
Caused by: org.openqa.selenium.WebDriverException: {"id":43,"error":{"code":-32602,"message":"Invalid parameters","data":"Failed to deserialize params.postData - BINDINGS: invalid base64 string at position 17"},"sessionId":"DC999E327D743C013FFBE4D105F70473"}
Build info: version: '4.23.0', revision: '4df0a231af'
System info: os.name: 'Windows 11', os.arch: 'amd64', os.version: '10.0', java.version: '21.0.5'
Driver info: driver.version: unknown
	at org.openqa.selenium.devtools.Connection.handle(Connection.java:275)
	... 4 more

Exception in thread "CDP Connection" org.openqa.selenium.devtools.DevToolsException: {"id":43,"error":{"code":-32602,"message":"Invalid parameters","data":"Failed to deserialize params.postData - BINDINGS: invalid base64 string at position 17"},"sessionId":"DC999E327D743C013FFBE4D105F70473"}
Build info: version: '4.23.0', revision: '4df0a231af'
System info: os.name: 'Windows 11', os.arch: 'amd64', os.version: '10.0', java.version: '21.0.5'
Driver info: driver.version: unknown
	at org.openqa.selenium.devtools.Connection$Listener.lambda$onText$0(Connection.java:242)
	at java.base/java.util.concurrent.ThreadPoolExecutor.runWorker(ThreadPoolExecutor.java:1144)
	at java.base/java.util.concurrent.ThreadPoolExecutor$Worker.run(ThreadPoolExecutor.java:642)
	at java.base/java.lang.Thread.run(Thread.java:1583)
Caused by: org.openqa.selenium.devtools.DevToolsException: {"id":43,"error":{"code":-32602,"message":"Invalid parameters","data":"Failed to deserialize params.postData - BINDINGS: invalid base64 string at position 17"},"sessionId":"DC999E327D743C013FFBE4D105F70473"}
Build info: version: '4.23.0', revision: '4df0a231af'
System info: os.name: 'Windows 11', os.arch: 'amd64', os.version: '10.0', java.version: '21.0.5'
Driver info: driver.version: unknown
	at org.openqa.selenium.devtools.Connection.sendAndWait(Connection.java:195)
	at org.openqa.selenium.devtools.DevTools.send(DevTools.java:90)
	at StepDefinitions.LoginPage.ErrorHandlingStepDefImpl.lambda$api_payload_changed_logged_in_with_wrong_username_and_password$1(ErrorHandlingStepDefImpl.java:68)
	at org.openqa.selenium.devtools.DevTools.lambda$addListener$0(DevTools.java:104)
	at org.openqa.selenium.devtools.Connection.lambda$handle$5(Connection.java:348)
	at java.base/java.util.stream.ForEachOps$ForEachOp$OfRef.accept(ForEachOps.java:184)
	at java.base/java.util.stream.ReferencePipeline$2$1.accept(ReferencePipeline.java:179)
	at java.base/java.util.stream.ReferencePipeline$15$1.accept(ReferencePipeline.java:541)
	at java.base/java.util.HashMap$EntrySpliterator.forEachRemaining(HashMap.java:1858)
	at java.base/java.util.stream.AbstractPipeline.copyInto(AbstractPipeline.java:509)
	at java.base/java.util.stream.AbstractPipeline.wrapAndCopyInto(AbstractPipeline.java:499)
	at java.base/java.util.stream.ForEachOps$ForEachOp.evaluateSequential(ForEachOps.java:151)
	at java.base/java.util.stream.ForEachOps$ForEachOp$OfRef.evaluateSequential(ForEachOps.java:174)
	at java.base/java.util.stream.AbstractPipeline.evaluate(AbstractPipeline.java:234)
	at java.base/java.util.stream.ReferencePipeline.forEach(ReferencePipeline.java:596)
	at org.openqa.selenium.devtools.Connection.handle(Connection.java:311)
	at org.openqa.selenium.devtools.Connection$Listener.lambda$onText$0(Connection.java:239)
	... 3 more
Caused by: org.openqa.selenium.WebDriverException: {"id":43,"error":{"code":-32602,"message":"Invalid parameters","data":"Failed to deserialize params.postData - BINDINGS: invalid base64 string at position 17"},"sessionId":"DC999E327D743C013FFBE4D105F70473"}
Build info: version: '4.23.0', revision: '4df0a231af'
System info: os.name: 'Windows 11', os.arch: 'amd64', os.version: '10.0', java.version: '21.0.5'
Driver info: driver.version: unknown
	at org.openqa.selenium.devtools.Connection.handle(Connection.java:275)
	... 4 more
]]></system-err>
  </testcase>
  <testcase name="runScenario[&quot;Login page functionality&quot;, &quot;Login error handling&quot;](13)" classname="TestNGTestRunner" time="7.671">
    <system-err><![CDATA[Nov 05, 2024 3:05:43 PM org.openqa.selenium.devtools.CdpVersionFinder findNearestMatch
WARNING: Unable to find an exact match for CDP version 130, returning the closest version; found: 127; Please update to a Selenium version that supports CDP version 130
Nov 05, 2024 3:05:49 PM org.openqa.selenium.remote.http.WebSocket$Listener onError
WARNING: Connection reset
java.net.SocketException: Connection reset
	at java.base/sun.nio.ch.SocketChannelImpl.throwConnectionReset(SocketChannelImpl.java:401)
	at java.base/sun.nio.ch.SocketChannelImpl.read(SocketChannelImpl.java:434)
	at java.net.http/jdk.internal.net.http.SocketTube.readAvailable(SocketTube.java:1178)
	at java.net.http/jdk.internal.net.http.SocketTube$InternalReadPublisher$InternalReadSubscription.read(SocketTube.java:841)
	at java.net.http/jdk.internal.net.http.SocketTube$SocketFlowTask.run(SocketTube.java:181)
	at java.net.http/jdk.internal.net.http.common.SequentialScheduler$SchedulableTask.run(SequentialScheduler.java:207)
	at java.net.http/jdk.internal.net.http.common.SequentialScheduler.runOrSchedule(SequentialScheduler.java:280)
	at java.net.http/jdk.internal.net.http.common.SequentialScheduler.runOrSchedule(SequentialScheduler.java:233)
	at java.net.http/jdk.internal.net.http.SocketTube$InternalReadPublisher$InternalReadSubscription.signalReadable(SocketTube.java:782)
	at java.net.http/jdk.internal.net.http.SocketTube$InternalReadPublisher$ReadEvent.signalEvent(SocketTube.java:965)
	at java.net.http/jdk.internal.net.http.SocketTube$SocketFlowEvent.handle(SocketTube.java:253)
	at java.net.http/jdk.internal.net.http.HttpClientImpl$SelectorManager.handleEvent(HttpClientImpl.java:1469)
	at java.net.http/jdk.internal.net.http.HttpClientImpl$SelectorManager.lambda$run$3(HttpClientImpl.java:1414)
	at java.base/java.util.ArrayList.forEach(ArrayList.java:1596)
	at java.net.http/jdk.internal.net.http.HttpClientImpl$SelectorManager.run(HttpClientImpl.java:1414)

]]></system-err>
  </testcase>
  <testcase name="runScenario[&quot;Login page functionality&quot;, &quot;Login error handling&quot;](14)" classname="TestNGTestRunner" time="7.83">
    <system-err><![CDATA[Nov 05, 2024 3:05:51 PM org.openqa.selenium.devtools.CdpVersionFinder findNearestMatch
WARNING: Unable to find an exact match for CDP version 130, returning the closest version; found: 127; Please update to a Selenium version that supports CDP version 130
Nov 05, 2024 3:05:57 PM org.openqa.selenium.remote.http.WebSocket$Listener onError
WARNING: Connection reset
java.net.SocketException: Connection reset
	at java.base/sun.nio.ch.SocketChannelImpl.throwConnectionReset(SocketChannelImpl.java:401)
	at java.base/sun.nio.ch.SocketChannelImpl.read(SocketChannelImpl.java:434)
	at java.net.http/jdk.internal.net.http.SocketTube.readAvailable(SocketTube.java:1178)
	at java.net.http/jdk.internal.net.http.SocketTube$InternalReadPublisher$InternalReadSubscription.read(SocketTube.java:841)
	at java.net.http/jdk.internal.net.http.SocketTube$SocketFlowTask.run(SocketTube.java:181)
	at java.net.http/jdk.internal.net.http.common.SequentialScheduler$SchedulableTask.run(SequentialScheduler.java:207)
	at java.net.http/jdk.internal.net.http.common.SequentialScheduler.runOrSchedule(SequentialScheduler.java:280)
	at java.net.http/jdk.internal.net.http.common.SequentialScheduler.runOrSchedule(SequentialScheduler.java:233)
	at java.net.http/jdk.internal.net.http.SocketTube$InternalReadPublisher$InternalReadSubscription.signalReadable(SocketTube.java:782)
	at java.net.http/jdk.internal.net.http.SocketTube$InternalReadPublisher$ReadEvent.signalEvent(SocketTube.java:965)
	at java.net.http/jdk.internal.net.http.SocketTube$SocketFlowEvent.handle(SocketTube.java:253)
	at java.net.http/jdk.internal.net.http.HttpClientImpl$SelectorManager.handleEvent(HttpClientImpl.java:1469)
	at java.net.http/jdk.internal.net.http.HttpClientImpl$SelectorManager.lambda$run$3(HttpClientImpl.java:1414)
	at java.base/java.util.ArrayList.forEach(ArrayList.java:1596)
	at java.net.http/jdk.internal.net.http.HttpClientImpl$SelectorManager.run(HttpClientImpl.java:1414)

]]></system-err>
  </testcase>
  <testcase name="runScenario[&quot;Login page functionality&quot;, &quot;Login error handling&quot;](15)" classname="TestNGTestRunner" time="6.578">
    <system-err><![CDATA[Nov 05, 2024 3:05:58 PM org.openqa.selenium.devtools.CdpVersionFinder findNearestMatch
WARNING: Unable to find an exact match for CDP version 130, returning the closest version; found: 127; Please update to a Selenium version that supports CDP version 130
Nov 05, 2024 3:06:04 PM org.openqa.selenium.remote.http.WebSocket$Listener onError
WARNING: Connection reset
java.net.SocketException: Connection reset
	at java.base/sun.nio.ch.SocketChannelImpl.throwConnectionReset(SocketChannelImpl.java:401)
	at java.base/sun.nio.ch.SocketChannelImpl.read(SocketChannelImpl.java:434)
	at java.net.http/jdk.internal.net.http.SocketTube.readAvailable(SocketTube.java:1178)
	at java.net.http/jdk.internal.net.http.SocketTube$InternalReadPublisher$InternalReadSubscription.read(SocketTube.java:841)
	at java.net.http/jdk.internal.net.http.SocketTube$SocketFlowTask.run(SocketTube.java:181)
	at java.net.http/jdk.internal.net.http.common.SequentialScheduler$SchedulableTask.run(SequentialScheduler.java:207)
	at java.net.http/jdk.internal.net.http.common.SequentialScheduler.runOrSchedule(SequentialScheduler.java:280)
	at java.net.http/jdk.internal.net.http.common.SequentialScheduler.runOrSchedule(SequentialScheduler.java:233)
	at java.net.http/jdk.internal.net.http.SocketTube$InternalReadPublisher$InternalReadSubscription.signalReadable(SocketTube.java:782)
	at java.net.http/jdk.internal.net.http.SocketTube$InternalReadPublisher$ReadEvent.signalEvent(SocketTube.java:965)
	at java.net.http/jdk.internal.net.http.SocketTube$SocketFlowEvent.handle(SocketTube.java:253)
	at java.net.http/jdk.internal.net.http.HttpClientImpl$SelectorManager.handleEvent(HttpClientImpl.java:1469)
	at java.net.http/jdk.internal.net.http.HttpClientImpl$SelectorManager.lambda$run$3(HttpClientImpl.java:1414)
	at java.base/java.util.ArrayList.forEach(ArrayList.java:1596)
	at java.net.http/jdk.internal.net.http.HttpClientImpl$SelectorManager.run(HttpClientImpl.java:1414)

]]></system-err>
  </testcase>
  <testcase name="runScenario[&quot;Login page functionality&quot;, &quot;Login error handling&quot;](16)" classname="TestNGTestRunner" time="7.077">
    <system-err><![CDATA[Nov 05, 2024 3:06:05 PM org.openqa.selenium.devtools.CdpVersionFinder findNearestMatch
WARNING: Unable to find an exact match for CDP version 130, returning the closest version; found: 127; Please update to a Selenium version that supports CDP version 130
Nov 05, 2024 3:06:11 PM org.openqa.selenium.remote.http.WebSocket$Listener onError
WARNING: Connection reset
java.net.SocketException: Connection reset
	at java.base/sun.nio.ch.SocketChannelImpl.throwConnectionReset(SocketChannelImpl.java:401)
	at java.base/sun.nio.ch.SocketChannelImpl.read(SocketChannelImpl.java:434)
	at java.net.http/jdk.internal.net.http.SocketTube.readAvailable(SocketTube.java:1178)
	at java.net.http/jdk.internal.net.http.SocketTube$InternalReadPublisher$InternalReadSubscription.read(SocketTube.java:841)
	at java.net.http/jdk.internal.net.http.SocketTube$SocketFlowTask.run(SocketTube.java:181)
	at java.net.http/jdk.internal.net.http.common.SequentialScheduler$SchedulableTask.run(SequentialScheduler.java:207)
	at java.net.http/jdk.internal.net.http.common.SequentialScheduler.runOrSchedule(SequentialScheduler.java:280)
	at java.net.http/jdk.internal.net.http.common.SequentialScheduler.runOrSchedule(SequentialScheduler.java:233)
	at java.net.http/jdk.internal.net.http.SocketTube$InternalReadPublisher$InternalReadSubscription.signalReadable(SocketTube.java:782)
	at java.net.http/jdk.internal.net.http.SocketTube$InternalReadPublisher$ReadEvent.signalEvent(SocketTube.java:965)
	at java.net.http/jdk.internal.net.http.SocketTube$SocketFlowEvent.handle(SocketTube.java:253)
	at java.net.http/jdk.internal.net.http.HttpClientImpl$SelectorManager.handleEvent(HttpClientImpl.java:1469)
	at java.net.http/jdk.internal.net.http.HttpClientImpl$SelectorManager.lambda$run$3(HttpClientImpl.java:1414)
	at java.base/java.util.ArrayList.forEach(ArrayList.java:1596)
	at java.net.http/jdk.internal.net.http.HttpClientImpl$SelectorManager.run(HttpClientImpl.java:1414)

]]></system-err>
  </testcase>
  <testcase name="runScenario[&quot;Login page functionality&quot;, &quot;Login functionality&quot;](17)" classname="TestNGTestRunner" time="6.582">
    <system-err><![CDATA[Nov 05, 2024 3:06:12 PM org.openqa.selenium.devtools.CdpVersionFinder findNearestMatch
WARNING: Unable to find an exact match for CDP version 130, returning the closest version; found: 127; Please update to a Selenium version that supports CDP version 130
Nov 05, 2024 3:06:17 PM org.openqa.selenium.remote.http.WebSocket$Listener onError
WARNING: Connection reset
java.net.SocketException: Connection reset
	at java.base/sun.nio.ch.SocketChannelImpl.throwConnectionReset(SocketChannelImpl.java:401)
	at java.base/sun.nio.ch.SocketChannelImpl.read(SocketChannelImpl.java:434)
	at java.net.http/jdk.internal.net.http.SocketTube.readAvailable(SocketTube.java:1178)
	at java.net.http/jdk.internal.net.http.SocketTube$InternalReadPublisher$InternalReadSubscription.read(SocketTube.java:841)
	at java.net.http/jdk.internal.net.http.SocketTube$SocketFlowTask.run(SocketTube.java:181)
	at java.net.http/jdk.internal.net.http.common.SequentialScheduler$SchedulableTask.run(SequentialScheduler.java:207)
	at java.net.http/jdk.internal.net.http.common.SequentialScheduler.runOrSchedule(SequentialScheduler.java:280)
	at java.net.http/jdk.internal.net.http.common.SequentialScheduler.runOrSchedule(SequentialScheduler.java:233)
	at java.net.http/jdk.internal.net.http.SocketTube$InternalReadPublisher$InternalReadSubscription.signalReadable(SocketTube.java:782)
	at java.net.http/jdk.internal.net.http.SocketTube$InternalReadPublisher$ReadEvent.signalEvent(SocketTube.java:965)
	at java.net.http/jdk.internal.net.http.SocketTube$SocketFlowEvent.handle(SocketTube.java:253)
	at java.net.http/jdk.internal.net.http.HttpClientImpl$SelectorManager.handleEvent(HttpClientImpl.java:1469)
	at java.net.http/jdk.internal.net.http.HttpClientImpl$SelectorManager.lambda$run$3(HttpClientImpl.java:1414)
	at java.base/java.util.ArrayList.forEach(ArrayList.java:1596)
	at java.net.http/jdk.internal.net.http.HttpClientImpl$SelectorManager.run(HttpClientImpl.java:1414)

]]></system-err>
  </testcase>
  <testcase name="runScenario[&quot;Login page functionality&quot;, &quot;Login functionality&quot;](18)" classname="TestNGTestRunner" time="8.465">
    <system-err><![CDATA[Nov 05, 2024 3:06:19 PM org.openqa.selenium.devtools.CdpVersionFinder findNearestMatch
WARNING: Unable to find an exact match for CDP version 130, returning the closest version; found: 127; Please update to a Selenium version that supports CDP version 130
Nov 05, 2024 3:06:26 PM org.openqa.selenium.remote.http.WebSocket$Listener onError
WARNING: Connection reset
java.net.SocketException: Connection reset
	at java.base/sun.nio.ch.SocketChannelImpl.throwConnectionReset(SocketChannelImpl.java:401)
	at java.base/sun.nio.ch.SocketChannelImpl.read(SocketChannelImpl.java:434)
	at java.net.http/jdk.internal.net.http.SocketTube.readAvailable(SocketTube.java:1178)
	at java.net.http/jdk.internal.net.http.SocketTube$InternalReadPublisher$InternalReadSubscription.read(SocketTube.java:841)
	at java.net.http/jdk.internal.net.http.SocketTube$SocketFlowTask.run(SocketTube.java:181)
	at java.net.http/jdk.internal.net.http.common.SequentialScheduler$SchedulableTask.run(SequentialScheduler.java:207)
	at java.net.http/jdk.internal.net.http.common.SequentialScheduler.runOrSchedule(SequentialScheduler.java:280)
	at java.net.http/jdk.internal.net.http.common.SequentialScheduler.runOrSchedule(SequentialScheduler.java:233)
	at java.net.http/jdk.internal.net.http.SocketTube$InternalReadPublisher$InternalReadSubscription.signalReadable(SocketTube.java:782)
	at java.net.http/jdk.internal.net.http.SocketTube$InternalReadPublisher$ReadEvent.signalEvent(SocketTube.java:965)
	at java.net.http/jdk.internal.net.http.SocketTube$SocketFlowEvent.handle(SocketTube.java:253)
	at java.net.http/jdk.internal.net.http.HttpClientImpl$SelectorManager.handleEvent(HttpClientImpl.java:1469)
	at java.net.http/jdk.internal.net.http.HttpClientImpl$SelectorManager.lambda$run$3(HttpClientImpl.java:1414)
	at java.base/java.util.ArrayList.forEach(ArrayList.java:1596)
	at java.net.http/jdk.internal.net.http.HttpClientImpl$SelectorManager.run(HttpClientImpl.java:1414)

]]></system-err>
  </testcase>
  <testcase name="runScenario[&quot;Login page functionality&quot;, &quot;Login functionality&quot;](19)" classname="TestNGTestRunner" time="6.018">
    <system-err><![CDATA[Nov 05, 2024 3:06:27 PM org.openqa.selenium.devtools.CdpVersionFinder findNearestMatch
WARNING: Unable to find an exact match for CDP version 130, returning the closest version; found: 127; Please update to a Selenium version that supports CDP version 130
Nov 05, 2024 3:06:32 PM org.openqa.selenium.remote.http.WebSocket$Listener onError
WARNING: Connection reset
java.net.SocketException: Connection reset
	at java.base/sun.nio.ch.SocketChannelImpl.throwConnectionReset(SocketChannelImpl.java:401)
	at java.base/sun.nio.ch.SocketChannelImpl.read(SocketChannelImpl.java:434)
	at java.net.http/jdk.internal.net.http.SocketTube.readAvailable(SocketTube.java:1178)
	at java.net.http/jdk.internal.net.http.SocketTube$InternalReadPublisher$InternalReadSubscription.read(SocketTube.java:841)
	at java.net.http/jdk.internal.net.http.SocketTube$SocketFlowTask.run(SocketTube.java:181)
	at java.net.http/jdk.internal.net.http.common.SequentialScheduler$SchedulableTask.run(SequentialScheduler.java:207)
	at java.net.http/jdk.internal.net.http.common.SequentialScheduler.runOrSchedule(SequentialScheduler.java:280)
	at java.net.http/jdk.internal.net.http.common.SequentialScheduler.runOrSchedule(SequentialScheduler.java:233)
	at java.net.http/jdk.internal.net.http.SocketTube$InternalReadPublisher$InternalReadSubscription.signalReadable(SocketTube.java:782)
	at java.net.http/jdk.internal.net.http.SocketTube$InternalReadPublisher$ReadEvent.signalEvent(SocketTube.java:965)
	at java.net.http/jdk.internal.net.http.SocketTube$SocketFlowEvent.handle(SocketTube.java:253)
	at java.net.http/jdk.internal.net.http.HttpClientImpl$SelectorManager.handleEvent(HttpClientImpl.java:1469)
	at java.net.http/jdk.internal.net.http.HttpClientImpl$SelectorManager.lambda$run$3(HttpClientImpl.java:1414)
	at java.base/java.util.ArrayList.forEach(ArrayList.java:1596)
	at java.net.http/jdk.internal.net.http.HttpClientImpl$SelectorManager.run(HttpClientImpl.java:1414)

]]></system-err>
  </testcase>
  <testcase name="runScenario[&quot;Login page functionality&quot;, &quot;Login functionality&quot;](20)" classname="TestNGTestRunner" time="5.915">
    <system-err><![CDATA[Nov 05, 2024 3:06:33 PM org.openqa.selenium.devtools.CdpVersionFinder findNearestMatch
WARNING: Unable to find an exact match for CDP version 130, returning the closest version; found: 127; Please update to a Selenium version that supports CDP version 130
Nov 05, 2024 3:06:38 PM org.openqa.selenium.remote.http.WebSocket$Listener onError
WARNING: Connection reset
java.net.SocketException: Connection reset
	at java.base/sun.nio.ch.SocketChannelImpl.throwConnectionReset(SocketChannelImpl.java:401)
	at java.base/sun.nio.ch.SocketChannelImpl.read(SocketChannelImpl.java:434)
	at java.net.http/jdk.internal.net.http.SocketTube.readAvailable(SocketTube.java:1178)
	at java.net.http/jdk.internal.net.http.SocketTube$InternalReadPublisher$InternalReadSubscription.read(SocketTube.java:841)
	at java.net.http/jdk.internal.net.http.SocketTube$SocketFlowTask.run(SocketTube.java:181)
	at java.net.http/jdk.internal.net.http.common.SequentialScheduler$SchedulableTask.run(SequentialScheduler.java:207)
	at java.net.http/jdk.internal.net.http.common.SequentialScheduler.runOrSchedule(SequentialScheduler.java:280)
	at java.net.http/jdk.internal.net.http.common.SequentialScheduler.runOrSchedule(SequentialScheduler.java:233)
	at java.net.http/jdk.internal.net.http.SocketTube$InternalReadPublisher$InternalReadSubscription.signalReadable(SocketTube.java:782)
	at java.net.http/jdk.internal.net.http.SocketTube$InternalReadPublisher$ReadEvent.signalEvent(SocketTube.java:965)
	at java.net.http/jdk.internal.net.http.SocketTube$SocketFlowEvent.handle(SocketTube.java:253)
	at java.net.http/jdk.internal.net.http.HttpClientImpl$SelectorManager.handleEvent(HttpClientImpl.java:1469)
	at java.net.http/jdk.internal.net.http.HttpClientImpl$SelectorManager.lambda$run$3(HttpClientImpl.java:1414)
	at java.base/java.util.ArrayList.forEach(ArrayList.java:1596)
	at java.net.http/jdk.internal.net.http.HttpClientImpl$SelectorManager.run(HttpClientImpl.java:1414)

]]></system-err>
  </testcase>
  <testcase name="runScenario[&quot;Login page functionality&quot;, &quot;Login functionality&quot;](21)" classname="TestNGTestRunner" time="9.406">
    <system-out><![CDATA[{"userEmail":"santhoshsai4517@gmail.com","userPassword":"151Fa04124@4517"}
]]></system-out>
    <system-err><![CDATA[Nov 05, 2024 3:06:39 PM org.openqa.selenium.devtools.CdpVersionFinder findNearestMatch
WARNING: Unable to find an exact match for CDP version 130, returning the closest version; found: 127; Please update to a Selenium version that supports CDP version 130
Nov 05, 2024 3:06:44 PM org.openqa.selenium.devtools.Connection$Listener lambda$onText$0
WARNING: Unable to process: {"method":"Network.requestWillBeSent","params":{"requestId":"22908.20","loaderId":"E44640C97CC88D3FD6BE4437C1BD01F0","documentURL":"https://rahulshettyacademy.com/client/auth/login","request":{"url":"https://rahulshettyacademy.com/api/ecom/auth/login","method":"POST","headers":{"sec-ch-ua-platform":"\"Windows\"","Referer":"https://rahulshettyacademy.com/client/auth/login","User-Agent":"Mozilla/5.0 (Windows NT 10.0; Win64; x64) AppleWebKit/537.36 (KHTML, like Gecko) Chrome/130.0.0.0 Safari/537.36","Accept":"application/json, text/plain, */*","sec-ch-ua":"\"Chromium\";v=\"130\", \"Google Chrome\";v=\"130\", \"Not?A_Brand\";v=\"99\"","Content-Type":"application/json","sec-ch-ua-mobile":"?0"},"postData":"{\"userEmail\":\"santhoshsai4517@gmail.com\",\"userPassword\":\"151Fa04124@4517\"}","hasPostData":true,"postDataEntries":[{"bytes":"eyJ1c2VyRW1haWwiOiJzYW50aG9zaHNhaTQ1MTdAZ21haWwuY29tIiwidXNlclBhc3N3b3JkIjoiMTUxRmEwNDEyNEA0NTE3In0="}],"mixedContentType":"none","initialPriority":"High","referrerPolicy":"strict-origin-when-cross-origin","isSameSite":true},"timestamp":4314.099601,"wallTime":1730799404.153636,"initiator":{"type":"script","stack":{"callFrames":[{"functionName":"q","scriptId":"8","url":"https://rahulshettyacademy.com/client/polyfills.bd0c6ffd915d0ed70d31.js","lineNumber":0,"columnNumber":32300},{"functionName":"scheduleTask","scriptId":"8","url":"https://rahulshettyacademy.com/client/polyfills.bd0c6ffd915d0ed70d31.js","lineNumber":0,"columnNumber":6899},{"functionName":"onScheduleTask","scriptId":"8","url":"https://rahulshettyacademy.com/client/polyfills.bd0c6ffd915d0ed70d31.js","lineNumber":0,"columnNumber":4124},{"functionName":"scheduleTask","scriptId":"8","url":"https://rahulshettyacademy.com/client/polyfills.bd0c6ffd915d0ed70d31.js","lineNumber":0,"columnNumber":6797},{"functionName":"scheduleTask","scriptId":"8","url":"https://rahulshettyacademy.com/client/polyfills.bd0c6ffd915d0ed70d31.js","lineNumber":0,"columnNumber":3086},{"functionName":"scheduleMacroTask","scriptId":"8","url":"https://rahulshettyacademy.com/client/polyfills.bd0c6ffd915d0ed70d31.js","lineNumber":0,"columnNumber":3395},{"functionName":"Me","scriptId":"8","url":"https://rahulshettyacademy.com/client/polyfills.bd0c6ffd915d0ed70d31.js","lineNumber":0,"columnNumber":10539},{"functionName":"","scriptId":"8","url":"https://rahulshettyacademy.com/client/polyfills.bd0c6ffd915d0ed70d31.js","lineNumber":0,"columnNumber":32691},{"functionName":"o.<computed>","scriptId":"8","url":"https://rahulshettyacademy.com/client/polyfills.bd0c6ffd915d0ed70d31.js","lineNumber":0,"columnNumber":13452},{"functionName":"","scriptId":"10","url":"https://rahulshettyacademy.com/client/main.9c44d72685822eee0a0f.js","lineNumber":0,"columnNumber":40276},{"functionName":"_trySubscribe","scriptId":"10","url":"https://rahulshettyacademy.com/client/main.9c44d72685822eee0a0f.js","lineNumber":0,"columnNumber":247222},{"functionName":"subscribe","scriptId":"10","url":"https://rahulshettyacademy.com/client/main.9c44d72685822eee0a0f.js","lineNumber":0,"columnNumber":247023},{"functionName":"call","scriptId":"10","url":"https://rahulshettyacademy.com/client/main.9c44d72685822eee0a0f.js","lineNumber":0,"columnNumber":347614},{"functionName":"subscribe","scriptId":"10","url":"https://rahulshettyacademy.com/client/main.9c44d72685822eee0a0f.js","lineNumber":0,"columnNumber":246898},{"functionName":"call","scriptId":"10","url":"https://rahulshettyacademy.com/client/main.9c44d72685822eee0a0f.js","lineNumber":0,"columnNumber":260024},{"functionName":"subscribe","scriptId":"10","url":"https://rahulshettyacademy.com/client/main.9c44d72685822eee0a0f.js","lineNumber":0,"columnNumber":246898},{"functionName":"call","scriptId":"10","url":"https://rahulshettyacademy.com/client/main.9c44d72685822eee0a0f.js","lineNumber":0,"columnNumber":261641},{"functionName":"subscribe","scriptId":"10","url":"https://rahulshettyacademy.com/client/main.9c44d72685822eee0a0f.js","lineNumber":0,"columnNumber":246898},{"functionName":"X","scriptId":"10","url":"https://rahulshettyacademy.com/client/main.9c44d72685822eee0a0f.js","lineNumber":0,"columnNumber":256272},{"functionName":"_innerSub","scriptId":"10","url":"https://rahulshettyacademy.com/client/main.9c44d72685822eee0a0f.js","lineNumber":0,"columnNumber":263677},{"functionName":"_tryNext","scriptId":"10","url":"https://rahulshettyacademy.com/client/main.9c44d72685822eee0a0f.js","lineNumber":0,"columnNumber":263582},{"functionName":"_next","scriptId":"10","url":"https://rahulshettyacademy.com/client/main.9c44d72685822eee0a0f.js","lineNumber":0,"columnNumber":263421},{"functionName":"next","scriptId":"10","url":"https://rahulshettyacademy.com/client/main.9c44d72685822eee0a0f.js","lineNumber":0,"columnNumber":251086},{"functionName":"","scriptId":"10","url":"https://rahulshettyacademy.com/client/main.9c44d72685822eee0a0f.js","lineNumber":0,"columnNumber":270945},{"functionName":"_trySubscribe","scriptId":"10","url":"https://rahulshettyacademy.com/client/main.9c44d72685822eee0a0f.js","lineNumber":0,"columnNumber":247222},{"functionName":"subscribe","scriptId":"10","url":"https://rahulshettyacademy.com/client/main.9c44d72685822eee0a0f.js","lineNumber":0,"columnNumber":247023},{"functionName":"call","scriptId":"10","url":"https://rahulshettyacademy.com/client/main.9c44d72685822eee0a0f.js","lineNumber":0,"columnNumber":263156},{"functionName":"subscribe","scriptId":"10","url":"https://rahulshettyacademy.com/client/main.9c44d72685822eee0a0f.js","lineNumber":0,"columnNumber":246898},{"functionName":"call","scriptId":"10","url":"https://rahulshettyacademy.com/client/main.9c44d72685822eee0a0f.js","lineNumber":0,"columnNumber":261156},{"functionName":"subscribe","scriptId":"10","url":"https://rahulshettyacademy.com/client/main.9c44d72685822eee0a0f.js","lineNumber":0,"columnNumber":246898},{"functionName":"call","scriptId":"10","url":"https://rahulshettyacademy.com/client/main.9c44d72685822eee0a0f.js","lineNumber":0,"columnNumber":262331},{"functionName":"subscribe","scriptId":"10","url":"https://rahulshettyacademy.com/client/main.9c44d72685822eee0a0f.js","lineNumber":0,"columnNumber":246898},{"functionName":"call","scriptId":"10","url":"https://rahulshettyacademy.com/client/main.9c44d72685822eee0a0f.js","lineNumber":0,"columnNumber":262331},{"functionName":"subscribe","scriptId":"10","url":"https://rahulshettyacademy.com/client/main.9c44d72685822eee0a0f.js","lineNumber":0,"columnNumber":246898},{"functionName":"call","scriptId":"10","url":"https://rahulshettyacademy.com/client/main.9c44d72685822eee0a0f.js","lineNumber":0,"columnNumber":265941},{"functionName":"subscribe","scriptId":"10","url":"https://rahulshettyacademy.com/client/main.9c44d72685822eee0a0f.js","lineNumber":0,"columnNumber":246898},{"functionName":"call","scriptId":"10","url":"https://rahulshettyacademy.com/client/main.9c44d72685822eee0a0f.js","lineNumber":0,"columnNumber":267376},{"functionName":"subscribe","scriptId":"10","url":"https://rahulshettyacademy.com/client/main.9c44d72685822eee0a0f.js","lineNumber":0,"columnNumber":246898},{"functionName":"login","scriptId":"14","url":"https://rahulshettyacademy.com/client/674.c8a6d45922fab3876c70.js","lineNumber":0,"columnNumber":14410},{"functionName":"","scriptId":"14","url":"https://rahulshettyacademy.com/client/674.c8a6d45922fab3876c70.js","lineNumber":0,"columnNumber":17298},{"functionName":"Bp","scriptId":"10","url":"https://rahulshettyacademy.com/client/main.9c44d72685822eee0a0f.js","lineNumber":0,"columnNumber":101233},{"functionName":"i","scriptId":"10","url":"https://rahulshettyacademy.com/client/main.9c44d72685822eee0a0f.js","lineNumber":0,"columnNumber":101395},{"functionName":"__tryOrUnsub","scriptId":"10","url":"https://rahulshettyacademy.com/client/main.9c44d72685822eee0a0f.js","lineNumber":0,"columnNumber":252917},{"functionName":"next","scriptId":"10","url":"https://rahulshettyacademy.com/client/main.9c44d72685822eee0a0f.js","lineNumber":0,"columnNumber":252142},{"functionName":"_next","scriptId":"10","url":"https://rahulshettyacademy.com/client/main.9c44d72685822eee0a0f.js","lineNumber":0,"columnNumber":251312},{"functionName":"next","scriptId":"10","url":"https://rahulshettyacademy.com/client/main.9c44d72685822eee0a0f.js","lineNumber":0,"columnNumber":251086},{"functionName":"next","scriptId":"10","url":"https://rahulshettyacademy.com/client/main.9c44d72685822eee0a0f.js","lineNumber":0,"columnNumber":249168},{"functionName":"emit","scriptId":"10","url":"https://rahulshettyacademy.com/client/main.9c44d72685822eee0a0f.js","lineNumber":0,"columnNumber":136306},{"functionName":"onSubmit","scriptId":"11","url":"https://rahulshettyacademy.com/client/480.f1614ecd961bd8e3dfd9.js","lineNumber":0,"columnNumber":33303},{"functionName":"","scriptId":"11","url":"https://rahulshettyacademy.com/client/480.f1614ecd961bd8e3dfd9.js","lineNumber":0,"columnNumber":34287},{"functionName":"Bp","scriptId":"10","url":"https://rahulshettyacademy.com/client/main.9c44d72685822eee0a0f.js","lineNumber":0,"columnNumber":101233},{"functionName":"i","scriptId":"10","url":"https://rahulshettyacademy.com/client/main.9c44d72685822eee0a0f.js","lineNumber":0,"columnNumber":101395},{"functionName":"","scriptId":"10","url":"https://rahulshettyacademy.com/client/main.9c44d72685822eee0a0f.js","lineNumber":0,"columnNumber":164144},{"functionName":"invokeTask","scriptId":"8","url":"https://rahulshettyacademy.com/client/polyfills.bd0c6ffd915d0ed70d31.js","lineNumber":0,"columnNumber":7136},{"functionName":"onInvokeTask","scriptId":"10","url":"https://rahulshettyacademy.com/client/main.9c44d72685822eee0a0f.js","lineNumber":0,"columnNumber":146363},{"functionName":"invokeTask","scriptId":"8","url":"https://rahulshettyacademy.com/client/polyfills.bd0c6ffd915d0ed70d31.js","lineNumber":0,"columnNumber":7057},{"functionName":"runTask","scriptId":"8","url":"https://rahulshettyacademy.com/client/polyfills.bd0c6ffd915d0ed70d31.js","lineNumber":0,"columnNumber":2531},{"functionName":"invokeTask","scriptId":"8","url":"https://rahulshettyacademy.com/client/polyfills.bd0c6ffd915d0ed70d31.js","lineNumber":0,"columnNumber":8187},{"functionName":"Z","scriptId":"8","url":"https://rahulshettyacademy.com/client/polyfills.bd0c6ffd915d0ed70d31.js","lineNumber":0,"columnNumber":20798},{"functionName":"N","scriptId":"8","url":"https://rahulshettyacademy.com/client/polyfills.bd0c6ffd915d0ed70d31.js","lineNumber":0,"columnNumber":21091},{"functionName":"B","scriptId":"8","url":"https://rahulshettyacademy.com/client/polyfills.bd0c6ffd915d0ed70d31.js","lineNumber":0,"columnNumber":21357}]}},"redirectHasExtraInfo":false,"type":"XHR","frameId":"60B2C562520039FCF4ACBABAEDE35084","hasUserGesture":true},"sessionId":"9643F0F147C69FFC493E41C756C6B87F"}
org.json.JSONException: JSONObject["userPaassword"] not found.
	at org.json.JSONObject.get(JSONObject.java:570)
	at org.json.JSONObject.getString(JSONObject.java:857)
	at StepDefinitions.LoginPage.FunctionalityStepDefImpl.lambda$logged_in_with_username_and_password$0(FunctionalityStepDefImpl.java:79)
	at org.openqa.selenium.devtools.DevTools.lambda$addListener$0(DevTools.java:104)
	at org.openqa.selenium.devtools.Connection.lambda$handle$5(Connection.java:348)
	at java.base/java.util.stream.ForEachOps$ForEachOp$OfRef.accept(ForEachOps.java:184)
	at java.base/java.util.stream.ReferencePipeline$2$1.accept(ReferencePipeline.java:179)
	at java.base/java.util.stream.ReferencePipeline$15$1.accept(ReferencePipeline.java:541)
	at java.base/java.util.HashMap$EntrySpliterator.forEachRemaining(HashMap.java:1858)
	at java.base/java.util.stream.AbstractPipeline.copyInto(AbstractPipeline.java:509)
	at java.base/java.util.stream.AbstractPipeline.wrapAndCopyInto(AbstractPipeline.java:499)
	at java.base/java.util.stream.ForEachOps$ForEachOp.evaluateSequential(ForEachOps.java:151)
	at java.base/java.util.stream.ForEachOps$ForEachOp$OfRef.evaluateSequential(ForEachOps.java:174)
	at java.base/java.util.stream.AbstractPipeline.evaluate(AbstractPipeline.java:234)
	at java.base/java.util.stream.ReferencePipeline.forEach(ReferencePipeline.java:596)
	at org.openqa.selenium.devtools.Connection.handle(Connection.java:311)
	at org.openqa.selenium.devtools.Connection$Listener.lambda$onText$0(Connection.java:239)
	at java.base/java.util.concurrent.ThreadPoolExecutor.runWorker(ThreadPoolExecutor.java:1144)
	at java.base/java.util.concurrent.ThreadPoolExecutor$Worker.run(ThreadPoolExecutor.java:642)
	at java.base/java.lang.Thread.run(Thread.java:1583)

Exception in thread "CDP Connection" org.openqa.selenium.devtools.DevToolsException: JSONObject["userPaassword"] not found.
Build info: version: '4.23.0', revision: '4df0a231af'
System info: os.name: 'Windows 11', os.arch: 'amd64', os.version: '10.0', java.version: '21.0.5'
Driver info: DevTools Connection
	at org.openqa.selenium.devtools.Connection$Listener.lambda$onText$0(Connection.java:242)
	at java.base/java.util.concurrent.ThreadPoolExecutor.runWorker(ThreadPoolExecutor.java:1144)
	at java.base/java.util.concurrent.ThreadPoolExecutor$Worker.run(ThreadPoolExecutor.java:642)
	at java.base/java.lang.Thread.run(Thread.java:1583)
Caused by: org.json.JSONException: JSONObject["userPaassword"] not found.
	at org.json.JSONObject.get(JSONObject.java:570)
	at org.json.JSONObject.getString(JSONObject.java:857)
	at StepDefinitions.LoginPage.FunctionalityStepDefImpl.lambda$logged_in_with_username_and_password$0(FunctionalityStepDefImpl.java:79)
	at org.openqa.selenium.devtools.DevTools.lambda$addListener$0(DevTools.java:104)
	at org.openqa.selenium.devtools.Connection.lambda$handle$5(Connection.java:348)
	at java.base/java.util.stream.ForEachOps$ForEachOp$OfRef.accept(ForEachOps.java:184)
	at java.base/java.util.stream.ReferencePipeline$2$1.accept(ReferencePipeline.java:179)
	at java.base/java.util.stream.ReferencePipeline$15$1.accept(ReferencePipeline.java:541)
	at java.base/java.util.HashMap$EntrySpliterator.forEachRemaining(HashMap.java:1858)
	at java.base/java.util.stream.AbstractPipeline.copyInto(AbstractPipeline.java:509)
	at java.base/java.util.stream.AbstractPipeline.wrapAndCopyInto(AbstractPipeline.java:499)
	at java.base/java.util.stream.ForEachOps$ForEachOp.evaluateSequential(ForEachOps.java:151)
	at java.base/java.util.stream.ForEachOps$ForEachOp$OfRef.evaluateSequential(ForEachOps.java:174)
	at java.base/java.util.stream.AbstractPipeline.evaluate(AbstractPipeline.java:234)
	at java.base/java.util.stream.ReferencePipeline.forEach(ReferencePipeline.java:596)
	at org.openqa.selenium.devtools.Connection.handle(Connection.java:311)
	at org.openqa.selenium.devtools.Connection$Listener.lambda$onText$0(Connection.java:239)
	... 3 more
Nov 05, 2024 3:06:47 PM org.openqa.selenium.remote.http.WebSocket$Listener onError
WARNING: Connection reset
java.net.SocketException: Connection reset
	at java.base/sun.nio.ch.SocketChannelImpl.throwConnectionReset(SocketChannelImpl.java:401)
	at java.base/sun.nio.ch.SocketChannelImpl.read(SocketChannelImpl.java:434)
	at java.net.http/jdk.internal.net.http.SocketTube.readAvailable(SocketTube.java:1178)
	at java.net.http/jdk.internal.net.http.SocketTube$InternalReadPublisher$InternalReadSubscription.read(SocketTube.java:841)
	at java.net.http/jdk.internal.net.http.SocketTube$SocketFlowTask.run(SocketTube.java:181)
	at java.net.http/jdk.internal.net.http.common.SequentialScheduler$SchedulableTask.run(SequentialScheduler.java:207)
	at java.net.http/jdk.internal.net.http.common.SequentialScheduler.runOrSchedule(SequentialScheduler.java:280)
	at java.net.http/jdk.internal.net.http.common.SequentialScheduler.runOrSchedule(SequentialScheduler.java:233)
	at java.net.http/jdk.internal.net.http.SocketTube$InternalReadPublisher$InternalReadSubscription.signalReadable(SocketTube.java:782)
	at java.net.http/jdk.internal.net.http.SocketTube$InternalReadPublisher$ReadEvent.signalEvent(SocketTube.java:965)
	at java.net.http/jdk.internal.net.http.SocketTube$SocketFlowEvent.handle(SocketTube.java:253)
	at java.net.http/jdk.internal.net.http.HttpClientImpl$SelectorManager.handleEvent(HttpClientImpl.java:1469)
	at java.net.http/jdk.internal.net.http.HttpClientImpl$SelectorManager.lambda$run$3(HttpClientImpl.java:1414)
	at java.base/java.util.ArrayList.forEach(ArrayList.java:1596)
	at java.net.http/jdk.internal.net.http.HttpClientImpl$SelectorManager.run(HttpClientImpl.java:1414)

]]></system-err>
  </testcase>
  <testcase name="runScenario[&quot;Products page error handling no products are displayed due to api failure&quot;, &quot;Products page error handling&quot;](22)" classname="TestNGTestRunner" time="12.617">
    <system-err><![CDATA[Nov 05, 2024 3:06:49 PM org.openqa.selenium.devtools.CdpVersionFinder findNearestMatch
WARNING: Unable to find an exact match for CDP version 130, returning the closest version; found: 127; Please update to a Selenium version that supports CDP version 130
Nov 05, 2024 3:07:00 PM org.openqa.selenium.remote.http.WebSocket$Listener onError
WARNING: Connection reset
java.net.SocketException: Connection reset
	at java.base/sun.nio.ch.SocketChannelImpl.throwConnectionReset(SocketChannelImpl.java:401)
	at java.base/sun.nio.ch.SocketChannelImpl.read(SocketChannelImpl.java:434)
	at java.net.http/jdk.internal.net.http.SocketTube.readAvailable(SocketTube.java:1178)
	at java.net.http/jdk.internal.net.http.SocketTube$InternalReadPublisher$InternalReadSubscription.read(SocketTube.java:841)
	at java.net.http/jdk.internal.net.http.SocketTube$SocketFlowTask.run(SocketTube.java:181)
	at java.net.http/jdk.internal.net.http.common.SequentialScheduler$SchedulableTask.run(SequentialScheduler.java:207)
	at java.net.http/jdk.internal.net.http.common.SequentialScheduler.runOrSchedule(SequentialScheduler.java:280)
	at java.net.http/jdk.internal.net.http.common.SequentialScheduler.runOrSchedule(SequentialScheduler.java:233)
	at java.net.http/jdk.internal.net.http.SocketTube$InternalReadPublisher$InternalReadSubscription.signalReadable(SocketTube.java:782)
	at java.net.http/jdk.internal.net.http.SocketTube$InternalReadPublisher$ReadEvent.signalEvent(SocketTube.java:965)
	at java.net.http/jdk.internal.net.http.SocketTube$SocketFlowEvent.handle(SocketTube.java:253)
	at java.net.http/jdk.internal.net.http.HttpClientImpl$SelectorManager.handleEvent(HttpClientImpl.java:1469)
	at java.net.http/jdk.internal.net.http.HttpClientImpl$SelectorManager.lambda$run$3(HttpClientImpl.java:1414)
	at java.base/java.util.ArrayList.forEach(ArrayList.java:1596)
	at java.net.http/jdk.internal.net.http.HttpClientImpl$SelectorManager.run(HttpClientImpl.java:1414)

]]></system-err>
  </testcase>
  <testcase name="runScenario[&quot;Products page error handling no products are displayed due to filters&quot;, &quot;Products page error handling&quot;](23)" classname="TestNGTestRunner" time="13.282">
    <system-err><![CDATA[Nov 05, 2024 3:07:02 PM org.openqa.selenium.devtools.CdpVersionFinder findNearestMatch
WARNING: Unable to find an exact match for CDP version 130, returning the closest version; found: 127; Please update to a Selenium version that supports CDP version 130
Nov 05, 2024 3:07:13 PM org.openqa.selenium.remote.http.WebSocket$Listener onError
WARNING: Connection reset
java.net.SocketException: Connection reset
	at java.base/sun.nio.ch.SocketChannelImpl.throwConnectionReset(SocketChannelImpl.java:401)
	at java.base/sun.nio.ch.SocketChannelImpl.read(SocketChannelImpl.java:434)
	at java.net.http/jdk.internal.net.http.SocketTube.readAvailable(SocketTube.java:1178)
	at java.net.http/jdk.internal.net.http.SocketTube$InternalReadPublisher$InternalReadSubscription.read(SocketTube.java:841)
	at java.net.http/jdk.internal.net.http.SocketTube$SocketFlowTask.run(SocketTube.java:181)
	at java.net.http/jdk.internal.net.http.common.SequentialScheduler$SchedulableTask.run(SequentialScheduler.java:207)
	at java.net.http/jdk.internal.net.http.common.SequentialScheduler.runOrSchedule(SequentialScheduler.java:280)
	at java.net.http/jdk.internal.net.http.common.SequentialScheduler.runOrSchedule(SequentialScheduler.java:233)
	at java.net.http/jdk.internal.net.http.SocketTube$InternalReadPublisher$InternalReadSubscription.signalReadable(SocketTube.java:782)
	at java.net.http/jdk.internal.net.http.SocketTube$InternalReadPublisher$ReadEvent.signalEvent(SocketTube.java:965)
	at java.net.http/jdk.internal.net.http.SocketTube$SocketFlowEvent.handle(SocketTube.java:253)
	at java.net.http/jdk.internal.net.http.HttpClientImpl$SelectorManager.handleEvent(HttpClientImpl.java:1469)
	at java.net.http/jdk.internal.net.http.HttpClientImpl$SelectorManager.lambda$run$3(HttpClientImpl.java:1414)
	at java.base/java.util.ArrayList.forEach(ArrayList.java:1596)
	at java.net.http/jdk.internal.net.http.HttpClientImpl$SelectorManager.run(HttpClientImpl.java:1414)

]]></system-err>
  </testcase>
  <testcase name="runScenario[&quot;Products page error handling add to cart api is failed&quot;, &quot;Products page error handling&quot;](24)" classname="TestNGTestRunner" time="12.505">
    <system-err><![CDATA[Nov 05, 2024 3:07:14 PM org.openqa.selenium.devtools.CdpVersionFinder findNearestMatch
WARNING: Unable to find an exact match for CDP version 130, returning the closest version; found: 127; Please update to a Selenium version that supports CDP version 130
Nov 05, 2024 3:07:25 PM org.openqa.selenium.remote.http.WebSocket$Listener onError
WARNING: Connection reset
java.net.SocketException: Connection reset
	at java.base/sun.nio.ch.SocketChannelImpl.throwConnectionReset(SocketChannelImpl.java:401)
	at java.base/sun.nio.ch.SocketChannelImpl.read(SocketChannelImpl.java:434)
	at java.net.http/jdk.internal.net.http.SocketTube.readAvailable(SocketTube.java:1178)
	at java.net.http/jdk.internal.net.http.SocketTube$InternalReadPublisher$InternalReadSubscription.read(SocketTube.java:841)
	at java.net.http/jdk.internal.net.http.SocketTube$SocketFlowTask.run(SocketTube.java:181)
	at java.net.http/jdk.internal.net.http.common.SequentialScheduler$SchedulableTask.run(SequentialScheduler.java:207)
	at java.net.http/jdk.internal.net.http.common.SequentialScheduler.runOrSchedule(SequentialScheduler.java:280)
	at java.net.http/jdk.internal.net.http.common.SequentialScheduler.runOrSchedule(SequentialScheduler.java:233)
	at java.net.http/jdk.internal.net.http.SocketTube$InternalReadPublisher$InternalReadSubscription.signalReadable(SocketTube.java:782)
	at java.net.http/jdk.internal.net.http.SocketTube$InternalReadPublisher$ReadEvent.signalEvent(SocketTube.java:965)
	at java.net.http/jdk.internal.net.http.SocketTube$SocketFlowEvent.handle(SocketTube.java:253)
	at java.net.http/jdk.internal.net.http.HttpClientImpl$SelectorManager.handleEvent(HttpClientImpl.java:1469)
	at java.net.http/jdk.internal.net.http.HttpClientImpl$SelectorManager.lambda$run$3(HttpClientImpl.java:1414)
	at java.base/java.util.ArrayList.forEach(ArrayList.java:1596)
	at java.net.http/jdk.internal.net.http.HttpClientImpl$SelectorManager.run(HttpClientImpl.java:1414)

]]></system-err>
  </testcase>
  <testcase name="runScenario[&quot;Products page functionality&quot;, &quot;Products page functionality&quot;](25)" classname="TestNGTestRunner" time="12.644">
    <system-err><![CDATA[Nov 05, 2024 3:07:27 PM org.openqa.selenium.devtools.CdpVersionFinder findNearestMatch
WARNING: Unable to find an exact match for CDP version 130, returning the closest version; found: 127; Please update to a Selenium version that supports CDP version 130
Nov 05, 2024 3:07:36 PM org.openqa.selenium.devtools.Connection$Listener lambda$onText$0
WARNING: Unable to process: {"method":"Network.responseReceived","params":{"requestId":"32508.21","loaderId":"DAB230EAEF2EDC1C759B7A857844B954","timestamp":4361.207486,"type":"XHR","response":{"url":"https://rahulshettyacademy.com/api/ecom/product/get-all-products","status":200,"statusText":"OK","headers":{"Content-Encoding":"gzip","ETag":"W/\"6d9-aH29Y87fnqiWYQ6KCk9Q53d1pdE\"","Expect-CT":"max-age=0","X-Permitted-Cross-Domain-Policies":"none","X-Content-Type-Options":"nosniff","Keep-Alive":"timeout=5, max=91","Date":"Tue, 05 Nov 2024 09:37:52 GMT","Content-Type":"application/json; charset=utf-8","Vary":"Accept-Encoding","X-Frame-Options":"SAMEORIGIN","Transfer-Encoding":"chunked","Strict-Transport-Security":"max-age=15552000; includeSubDomains","Content-Security-Policy":"default-src 'self';base-uri 'self';block-all-mixed-content;font-src 'self' https: data:;frame-ancestors 'self';img-src 'self' data:;object-src 'none';script-src 'self';script-src-attr 'none';style-src 'self' https: 'unsafe-inline';upgrade-insecure-requests","X-DNS-Prefetch-Control":"off","Connection":"Keep-Alive","Referrer-Policy":"no-referrer","X-Download-Options":"noopen","Access-Control-Allow-Origin":"*","X-XSS-Protection":"0","Server":"Apache/2.4.52 (Ubuntu)"},"mimeType":"application/json","charset":"utf-8","connectionReused":true,"connectionId":67,"remoteIPAddress":"13.201.9.53","remotePort":443,"fromDiskCache":false,"fromServiceWorker":false,"fromPrefetchCache":false,"encodedDataLength":920,"timing":{"requestTime":4361.101843,"proxyStart":-1,"proxyEnd":-1,"dnsStart":-1,"dnsEnd":-1,"connectStart":-1,"connectEnd":-1,"sslStart":-1,"sslEnd":-1,"workerStart":-1,"workerReady":-1,"workerFetchStart":-1,"workerRespondWithSettled":-1,"sendStart":0.305,"sendEnd":0.47,"pushStart":0,"pushEnd":0,"receiveHeadersStart":104.852,"receiveHeadersEnd":104.912},"responseTime":1.730799451259245e+12,"protocol":"http/1.1","alternateProtocolUsage":"unspecifiedReason","securityState":"secure","securityDetails":{"protocol":"TLS 1.3","keyExchange":"","keyExchangeGroup":"X25519","cipher":"AES_128_GCM","certificateId":0,"subjectName":"rahulshettyacademy.com","sanList":["rahulshettyacademy.com"],"issuer":"E5","validFrom":1726599902,"validTo":1734375901,"signedCertificateTimestampList":[{"status":"Verified","origin":"Embedded in certificate","logDescription":"Let's Encrypt 'Oak2024H2' log","logId":"3F174B4FD7224758941D651C84BE0D12ED90377F1F856AEBC1BF2885ECF8646E","timestamp":1726603412928,"hashAlgorithm":"SHA-256","signatureAlgorithm":"ECDSA","signatureData":"304402206136B9F484BEEF5DAFCCB5A3B9EF18E5E86B48EC5F433A8587B7E2E83463C07802204A2BC563A728DD183CF2024CFCDF23D0C94F3532C459D072A1D94FF227C1F065"},{"status":"Verified","origin":"Embedded in certificate","logDescription":"Google 'Xenon2024' log","logId":"76FF883F0AB6FB9551C261CCF587BA34B4A4CDBB29DC68420A9FE6674C5A3A74","timestamp":1726603412963,"hashAlgorithm":"SHA-256","signatureAlgorithm":"ECDSA","signatureData":"304402200797C0A0A1CC2F171B9D023D76705C0EC9A6D4B6D7A41474DD3833B7A44BAEAC022011B38832F474A19C0940A1398B2D309F476D435701518D1BAAFB1E2FE81F26FF"}],"certificateTransparencyCompliance":"compliant","serverSignatureAlgorithm":1027,"encryptedClientHello":false}},"hasExtraInfo":true,"frameId":"014952C7A9E94AD2D697760A748F407A"},"sessionId":"E23019BA0947D1BCC60256B4D7B50E43"}
org.openqa.selenium.NoSuchElementException: no such element: Unable to locate element: {"method":"css selector","selector":".\.text\-muted"}
  (Session info: chrome=130.0.6723.70)
For documentation on this error, please visit: https://www.selenium.dev/documentation/webdriver/troubleshooting/errors#no-such-element-exception
Build info: version: '4.23.0', revision: '4df0a231af'
System info: os.name: 'Windows 11', os.arch: 'amd64', os.version: '10.0', java.version: '21.0.5'
Driver info: org.openqa.selenium.chrome.ChromeDriver
Command: [e32c5193f7ab20bfc0f99e8e1aed91eb, findChildElement {using=class name, value=.text-muted, id=f.014952C7A9E94AD2D697760A748F407A.d.DAB230EAEF2EDC1C759B7A857844B954.e.71}]
Capabilities {acceptInsecureCerts: false, browserName: chrome, browserVersion: 130.0.6723.70, chrome: {chromedriverVersion: 130.0.6723.91 (53ac07678369..., userDataDir: C:\Users\santh\AppData\Loca...}, fedcm:accounts: true, goog:chromeOptions: {debuggerAddress: localhost:56410}, networkConnectionEnabled: false, pageLoadStrategy: normal, platformName: windows, proxy: Proxy(), se:cdp: ws://localhost:56410/devtoo..., se:cdpVersion: 130.0.6723.70, setWindowRect: true, strictFileInteractability: false, timeouts: {implicit: 0, pageLoad: 300000, script: 30000}, unhandledPromptBehavior: dismiss and notify, webauthn:extension:credBlob: true, webauthn:extension:largeBlob: true, webauthn:extension:minPinLength: true, webauthn:extension:prf: true, webauthn:virtualAuthenticators: true}
Session ID: e32c5193f7ab20bfc0f99e8e1aed91eb
	at java.base/jdk.internal.reflect.DirectConstructorHandleAccessor.newInstance(DirectConstructorHandleAccessor.java:62)
	at java.base/java.lang.reflect.Constructor.newInstanceWithCaller(Constructor.java:502)
	at java.base/java.lang.reflect.Constructor.newInstance(Constructor.java:486)
	at org.openqa.selenium.remote.ErrorCodec.decode(ErrorCodec.java:167)
	at org.openqa.selenium.remote.codec.w3c.W3CHttpResponseCodec.decode(W3CHttpResponseCodec.java:138)
	at org.openqa.selenium.remote.codec.w3c.W3CHttpResponseCodec.decode(W3CHttpResponseCodec.java:50)
	at org.openqa.selenium.remote.HttpCommandExecutor.execute(HttpCommandExecutor.java:190)
	at org.openqa.selenium.remote.service.DriverCommandExecutor.invokeExecute(DriverCommandExecutor.java:216)
	at org.openqa.selenium.remote.service.DriverCommandExecutor.execute(DriverCommandExecutor.java:174)
	at org.openqa.selenium.remote.RemoteWebDriver.execute(RemoteWebDriver.java:527)
	at org.openqa.selenium.remote.ElementLocation$ElementFinder$2.findElement(ElementLocation.java:165)
	at org.openqa.selenium.remote.ElementLocation.findElement(ElementLocation.java:59)
	at org.openqa.selenium.remote.RemoteWebDriver.findElement(RemoteWebDriver.java:357)
	at org.openqa.selenium.remote.RemoteWebElement.findElement(RemoteWebElement.java:211)
	at StepDefinitions.ProductsPage.FunctionalityStepDefImpl.lambda$logo_message_is_displayed$1(FunctionalityStepDefImpl.java:105)
	at org.openqa.selenium.devtools.DevTools.lambda$addListener$0(DevTools.java:104)
	at org.openqa.selenium.devtools.Connection.lambda$handle$5(Connection.java:348)
	at java.base/java.util.stream.ForEachOps$ForEachOp$OfRef.accept(ForEachOps.java:184)
	at java.base/java.util.stream.ReferencePipeline$2$1.accept(ReferencePipeline.java:179)
	at java.base/java.util.stream.ReferencePipeline$15$1.accept(ReferencePipeline.java:541)
	at java.base/java.util.HashMap$EntrySpliterator.forEachRemaining(HashMap.java:1858)
	at java.base/java.util.stream.AbstractPipeline.copyInto(AbstractPipeline.java:509)
	at java.base/java.util.stream.AbstractPipeline.wrapAndCopyInto(AbstractPipeline.java:499)
	at java.base/java.util.stream.ForEachOps$ForEachOp.evaluateSequential(ForEachOps.java:151)
	at java.base/java.util.stream.ForEachOps$ForEachOp$OfRef.evaluateSequential(ForEachOps.java:174)
	at java.base/java.util.stream.AbstractPipeline.evaluate(AbstractPipeline.java:234)
	at java.base/java.util.stream.ReferencePipeline.forEach(ReferencePipeline.java:596)
	at org.openqa.selenium.devtools.Connection.handle(Connection.java:311)
	at org.openqa.selenium.devtools.Connection$Listener.lambda$onText$0(Connection.java:239)
	at java.base/java.util.concurrent.ThreadPoolExecutor.runWorker(ThreadPoolExecutor.java:1144)
	at java.base/java.util.concurrent.ThreadPoolExecutor$Worker.run(ThreadPoolExecutor.java:642)
	at java.base/java.lang.Thread.run(Thread.java:1583)

Exception in thread "CDP Connection" org.openqa.selenium.devtools.DevToolsException: no such element: Unable to locate element: {"method":"css selector","selector":".\.text\-muted"}
  (Session info: chrome=130.0.6723.70)
For documentation on this error, please visit: https://www.selenium.dev/documentation/webdriver/troubleshooting/errors#no-such-element-exception
Build info: version: '4.23.0', revision: '4df0a231af'
System info: os.name: 'Windows 11', os.arch: 'amd64', os.version: '10.0', java.version: '21.0.5'
Driver info: org.openqa.selenium.chrome.ChromeDriver
Command: [e32c5193f7ab20bfc0f99e8e1aed91eb, findChildElement {using=class name, value=.text-muted, id=f.014952C7A9E94AD2D697760A748F407A.d.DAB230EAEF2EDC1C759B7A857844B954.e.71}]
Capabilities {acceptInsecureCerts: false, browserName: chrome, browserVersion: 130.0.6723.70, chrome: {chromedriverVersion: 130.0.6723.91 (53ac07678369..., userDataDir: C:\Users\santh\AppData\Loca...}, fedcm:accounts: true, goog:chromeOptions: {debuggerAddress: localhost:56410}, networkConnectionEnabled: false, pageLoadStrategy: normal, platformName: windows, proxy: Proxy(), se:cdp: ws://localhost:56410/devtoo..., se:cdpVersion: 130.0.6723.70, setWindowRect: true, strictFileInteractability: false, timeouts: {implicit: 0, pageLoad: 300000, script: 30000}, unhandledPromptBehavior: dismiss and notify, webauthn:extension:credBlob: true, webauthn:extension:largeBlob: true, webauthn:extension:minPinLength: true, webauthn:extension:prf: true, webauthn:virtualAuthenticators: true}
Session ID: e32c5193f7ab20bfc0f99e8e1aed91eb
	at org.openqa.selenium.devtools.Connection$Listener.lambda$onText$0(Connection.java:242)
	at java.base/java.util.concurrent.ThreadPoolExecutor.runWorker(ThreadPoolExecutor.java:1144)
	at java.base/java.util.concurrent.ThreadPoolExecutor$Worker.run(ThreadPoolExecutor.java:642)
	at java.base/java.lang.Thread.run(Thread.java:1583)
Caused by: org.openqa.selenium.NoSuchElementException: no such element: Unable to locate element: {"method":"css selector","selector":".\.text\-muted"}
  (Session info: chrome=130.0.6723.70)
For documentation on this error, please visit: https://www.selenium.dev/documentation/webdriver/troubleshooting/errors#no-such-element-exception
Build info: version: '4.23.0', revision: '4df0a231af'
System info: os.name: 'Windows 11', os.arch: 'amd64', os.version: '10.0', java.version: '21.0.5'
Driver info: org.openqa.selenium.chrome.ChromeDriver
Command: [e32c5193f7ab20bfc0f99e8e1aed91eb, findChildElement {using=class name, value=.text-muted, id=f.014952C7A9E94AD2D697760A748F407A.d.DAB230EAEF2EDC1C759B7A857844B954.e.71}]
Capabilities {acceptInsecureCerts: false, browserName: chrome, browserVersion: 130.0.6723.70, chrome: {chromedriverVersion: 130.0.6723.91 (53ac07678369..., userDataDir: C:\Users\santh\AppData\Loca...}, fedcm:accounts: true, goog:chromeOptions: {debuggerAddress: localhost:56410}, networkConnectionEnabled: false, pageLoadStrategy: normal, platformName: windows, proxy: Proxy(), se:cdp: ws://localhost:56410/devtoo..., se:cdpVersion: 130.0.6723.70, setWindowRect: true, strictFileInteractability: false, timeouts: {implicit: 0, pageLoad: 300000, script: 30000}, unhandledPromptBehavior: dismiss and notify, webauthn:extension:credBlob: true, webauthn:extension:largeBlob: true, webauthn:extension:minPinLength: true, webauthn:extension:prf: true, webauthn:virtualAuthenticators: true}
Session ID: e32c5193f7ab20bfc0f99e8e1aed91eb
	at java.base/jdk.internal.reflect.DirectConstructorHandleAccessor.newInstance(DirectConstructorHandleAccessor.java:62)
	at java.base/java.lang.reflect.Constructor.newInstanceWithCaller(Constructor.java:502)
	at java.base/java.lang.reflect.Constructor.newInstance(Constructor.java:486)
	at org.openqa.selenium.remote.ErrorCodec.decode(ErrorCodec.java:167)
	at org.openqa.selenium.remote.codec.w3c.W3CHttpResponseCodec.decode(W3CHttpResponseCodec.java:138)
	at org.openqa.selenium.remote.codec.w3c.W3CHttpResponseCodec.decode(W3CHttpResponseCodec.java:50)
	at org.openqa.selenium.remote.HttpCommandExecutor.execute(HttpCommandExecutor.java:190)
	at org.openqa.selenium.remote.service.DriverCommandExecutor.invokeExecute(DriverCommandExecutor.java:216)
	at org.openqa.selenium.remote.service.DriverCommandExecutor.execute(DriverCommandExecutor.java:174)
	at org.openqa.selenium.remote.RemoteWebDriver.execute(RemoteWebDriver.java:527)
	at org.openqa.selenium.remote.ElementLocation$ElementFinder$2.findElement(ElementLocation.java:165)
	at org.openqa.selenium.remote.ElementLocation.findElement(ElementLocation.java:59)
	at org.openqa.selenium.remote.RemoteWebDriver.findElement(RemoteWebDriver.java:357)
	at org.openqa.selenium.remote.RemoteWebElement.findElement(RemoteWebElement.java:211)
	at StepDefinitions.ProductsPage.FunctionalityStepDefImpl.lambda$logo_message_is_displayed$1(FunctionalityStepDefImpl.java:105)
	at org.openqa.selenium.devtools.DevTools.lambda$addListener$0(DevTools.java:104)
	at org.openqa.selenium.devtools.Connection.lambda$handle$5(Connection.java:348)
	at java.base/java.util.stream.ForEachOps$ForEachOp$OfRef.accept(ForEachOps.java:184)
	at java.base/java.util.stream.ReferencePipeline$2$1.accept(ReferencePipeline.java:179)
	at java.base/java.util.stream.ReferencePipeline$15$1.accept(ReferencePipeline.java:541)
	at java.base/java.util.HashMap$EntrySpliterator.forEachRemaining(HashMap.java:1858)
	at java.base/java.util.stream.AbstractPipeline.copyInto(AbstractPipeline.java:509)
	at java.base/java.util.stream.AbstractPipeline.wrapAndCopyInto(AbstractPipeline.java:499)
	at java.base/java.util.stream.ForEachOps$ForEachOp.evaluateSequential(ForEachOps.java:151)
	at java.base/java.util.stream.ForEachOps$ForEachOp$OfRef.evaluateSequential(ForEachOps.java:174)
	at java.base/java.util.stream.AbstractPipeline.evaluate(AbstractPipeline.java:234)
	at java.base/java.util.stream.ReferencePipeline.forEach(ReferencePipeline.java:596)
	at org.openqa.selenium.devtools.Connection.handle(Connection.java:311)
	at org.openqa.selenium.devtools.Connection$Listener.lambda$onText$0(Connection.java:239)
	... 3 more
Nov 05, 2024 3:07:38 PM org.openqa.selenium.remote.http.WebSocket$Listener onError
WARNING: Connection reset
java.net.SocketException: Connection reset
	at java.base/sun.nio.ch.SocketChannelImpl.throwConnectionReset(SocketChannelImpl.java:401)
	at java.base/sun.nio.ch.SocketChannelImpl.read(SocketChannelImpl.java:434)
	at java.net.http/jdk.internal.net.http.SocketTube.readAvailable(SocketTube.java:1178)
	at java.net.http/jdk.internal.net.http.SocketTube$InternalReadPublisher$InternalReadSubscription.read(SocketTube.java:841)
	at java.net.http/jdk.internal.net.http.SocketTube$SocketFlowTask.run(SocketTube.java:181)
	at java.net.http/jdk.internal.net.http.common.SequentialScheduler$SchedulableTask.run(SequentialScheduler.java:207)
	at java.net.http/jdk.internal.net.http.common.SequentialScheduler.runOrSchedule(SequentialScheduler.java:280)
	at java.net.http/jdk.internal.net.http.common.SequentialScheduler.runOrSchedule(SequentialScheduler.java:233)
	at java.net.http/jdk.internal.net.http.SocketTube$InternalReadPublisher$InternalReadSubscription.signalReadable(SocketTube.java:782)
	at java.net.http/jdk.internal.net.http.SocketTube$InternalReadPublisher$ReadEvent.signalEvent(SocketTube.java:965)
	at java.net.http/jdk.internal.net.http.SocketTube$SocketFlowEvent.handle(SocketTube.java:253)
	at java.net.http/jdk.internal.net.http.HttpClientImpl$SelectorManager.handleEvent(HttpClientImpl.java:1469)
	at java.net.http/jdk.internal.net.http.HttpClientImpl$SelectorManager.lambda$run$3(HttpClientImpl.java:1414)
	at java.base/java.util.ArrayList.forEach(ArrayList.java:1596)
	at java.net.http/jdk.internal.net.http.HttpClientImpl$SelectorManager.run(HttpClientImpl.java:1414)

]]></system-err>
  </testcase>
  <testcase name="runScenario[&quot;Cart button&quot;, &quot;Products page functionality&quot;](26)" classname="TestNGTestRunner" time="7.643">
    <system-err><![CDATA[Nov 05, 2024 3:07:39 PM org.openqa.selenium.devtools.CdpVersionFinder findNearestMatch
WARNING: Unable to find an exact match for CDP version 130, returning the closest version; found: 127; Please update to a Selenium version that supports CDP version 130
Nov 05, 2024 3:07:46 PM org.openqa.selenium.remote.http.WebSocket$Listener onError
WARNING: Connection reset
java.net.SocketException: Connection reset
	at java.base/sun.nio.ch.SocketChannelImpl.throwConnectionReset(SocketChannelImpl.java:401)
	at java.base/sun.nio.ch.SocketChannelImpl.read(SocketChannelImpl.java:434)
	at java.net.http/jdk.internal.net.http.SocketTube.readAvailable(SocketTube.java:1178)
	at java.net.http/jdk.internal.net.http.SocketTube$InternalReadPublisher$InternalReadSubscription.read(SocketTube.java:841)
	at java.net.http/jdk.internal.net.http.SocketTube$SocketFlowTask.run(SocketTube.java:181)
	at java.net.http/jdk.internal.net.http.common.SequentialScheduler$SchedulableTask.run(SequentialScheduler.java:207)
	at java.net.http/jdk.internal.net.http.common.SequentialScheduler.runOrSchedule(SequentialScheduler.java:280)
	at java.net.http/jdk.internal.net.http.common.SequentialScheduler.runOrSchedule(SequentialScheduler.java:233)
	at java.net.http/jdk.internal.net.http.SocketTube$InternalReadPublisher$InternalReadSubscription.signalReadable(SocketTube.java:782)
	at java.net.http/jdk.internal.net.http.SocketTube$InternalReadPublisher$ReadEvent.signalEvent(SocketTube.java:965)
	at java.net.http/jdk.internal.net.http.SocketTube$SocketFlowEvent.handle(SocketTube.java:253)
	at java.net.http/jdk.internal.net.http.HttpClientImpl$SelectorManager.handleEvent(HttpClientImpl.java:1469)
	at java.net.http/jdk.internal.net.http.HttpClientImpl$SelectorManager.lambda$run$3(HttpClientImpl.java:1414)
	at java.base/java.util.ArrayList.forEach(ArrayList.java:1596)
	at java.net.http/jdk.internal.net.http.HttpClientImpl$SelectorManager.run(HttpClientImpl.java:1414)

]]></system-err>
  </testcase>
  <testcase name="runScenario[&quot;Home button&quot;, &quot;Products page functionality&quot;](27)" classname="TestNGTestRunner" time="6.731">
    <system-err><![CDATA[Nov 05, 2024 3:07:47 PM org.openqa.selenium.devtools.CdpVersionFinder findNearestMatch
WARNING: Unable to find an exact match for CDP version 130, returning the closest version; found: 127; Please update to a Selenium version that supports CDP version 130
Nov 05, 2024 3:07:52 PM org.openqa.selenium.remote.http.WebSocket$Listener onError
WARNING: Connection reset
java.net.SocketException: Connection reset
	at java.base/sun.nio.ch.SocketChannelImpl.throwConnectionReset(SocketChannelImpl.java:401)
	at java.base/sun.nio.ch.SocketChannelImpl.read(SocketChannelImpl.java:434)
	at java.net.http/jdk.internal.net.http.SocketTube.readAvailable(SocketTube.java:1178)
	at java.net.http/jdk.internal.net.http.SocketTube$InternalReadPublisher$InternalReadSubscription.read(SocketTube.java:841)
	at java.net.http/jdk.internal.net.http.SocketTube$SocketFlowTask.run(SocketTube.java:181)
	at java.net.http/jdk.internal.net.http.common.SequentialScheduler$SchedulableTask.run(SequentialScheduler.java:207)
	at java.net.http/jdk.internal.net.http.common.SequentialScheduler.runOrSchedule(SequentialScheduler.java:280)
	at java.net.http/jdk.internal.net.http.common.SequentialScheduler.runOrSchedule(SequentialScheduler.java:233)
	at java.net.http/jdk.internal.net.http.SocketTube$InternalReadPublisher$InternalReadSubscription.signalReadable(SocketTube.java:782)
	at java.net.http/jdk.internal.net.http.SocketTube$InternalReadPublisher$ReadEvent.signalEvent(SocketTube.java:965)
	at java.net.http/jdk.internal.net.http.SocketTube$SocketFlowEvent.handle(SocketTube.java:253)
	at java.net.http/jdk.internal.net.http.HttpClientImpl$SelectorManager.handleEvent(HttpClientImpl.java:1469)
	at java.net.http/jdk.internal.net.http.HttpClientImpl$SelectorManager.lambda$run$3(HttpClientImpl.java:1414)
	at java.base/java.util.ArrayList.forEach(ArrayList.java:1596)
	at java.net.http/jdk.internal.net.http.HttpClientImpl$SelectorManager.run(HttpClientImpl.java:1414)

]]></system-err>
  </testcase>
  <testcase name="runScenario[&quot;Orders button&quot;, &quot;Products page functionality&quot;](28)" classname="TestNGTestRunner" time="6.864">
    <system-err><![CDATA[Nov 05, 2024 3:07:54 PM org.openqa.selenium.devtools.CdpVersionFinder findNearestMatch
WARNING: Unable to find an exact match for CDP version 130, returning the closest version; found: 127; Please update to a Selenium version that supports CDP version 130
Nov 05, 2024 3:07:59 PM org.openqa.selenium.remote.http.WebSocket$Listener onError
WARNING: Connection reset
java.net.SocketException: Connection reset
	at java.base/sun.nio.ch.SocketChannelImpl.throwConnectionReset(SocketChannelImpl.java:401)
	at java.base/sun.nio.ch.SocketChannelImpl.read(SocketChannelImpl.java:434)
	at java.net.http/jdk.internal.net.http.SocketTube.readAvailable(SocketTube.java:1178)
	at java.net.http/jdk.internal.net.http.SocketTube$InternalReadPublisher$InternalReadSubscription.read(SocketTube.java:841)
	at java.net.http/jdk.internal.net.http.SocketTube$SocketFlowTask.run(SocketTube.java:181)
	at java.net.http/jdk.internal.net.http.common.SequentialScheduler$SchedulableTask.run(SequentialScheduler.java:207)
	at java.net.http/jdk.internal.net.http.common.SequentialScheduler.runOrSchedule(SequentialScheduler.java:280)
	at java.net.http/jdk.internal.net.http.common.SequentialScheduler.runOrSchedule(SequentialScheduler.java:233)
	at java.net.http/jdk.internal.net.http.SocketTube$InternalReadPublisher$InternalReadSubscription.signalReadable(SocketTube.java:782)
	at java.net.http/jdk.internal.net.http.SocketTube$InternalReadPublisher$ReadEvent.signalEvent(SocketTube.java:965)
	at java.net.http/jdk.internal.net.http.SocketTube$SocketFlowEvent.handle(SocketTube.java:253)
	at java.net.http/jdk.internal.net.http.HttpClientImpl$SelectorManager.handleEvent(HttpClientImpl.java:1469)
	at java.net.http/jdk.internal.net.http.HttpClientImpl$SelectorManager.lambda$run$3(HttpClientImpl.java:1414)
	at java.base/java.util.ArrayList.forEach(ArrayList.java:1596)
	at java.net.http/jdk.internal.net.http.HttpClientImpl$SelectorManager.run(HttpClientImpl.java:1414)

]]></system-err>
  </testcase>
  <testcase name="runScenario[&quot;SignOut&quot;, &quot;Products page functionality&quot;](29)" classname="TestNGTestRunner" time="9.158">
    <system-err><![CDATA[Nov 05, 2024 3:08:01 PM org.openqa.selenium.devtools.CdpVersionFinder findNearestMatch
WARNING: Unable to find an exact match for CDP version 130, returning the closest version; found: 127; Please update to a Selenium version that supports CDP version 130
]]></system-err>
  </testcase>
  <testcase name="runScenario[&quot;Add products to cart&quot;, &quot;Products page functionality&quot;](30)" classname="TestNGTestRunner" time="15.838">
    <failure message="expected [Product Added To Cart] but found []" type="java.lang.AssertionError"><![CDATA[java.lang.AssertionError: expected [Product Added To Cart] but found []
	at org.testng.Assert.fail(Assert.java:111)
	at org.testng.Assert.failNotEquals(Assert.java:1578)
	at org.testng.Assert.assertEqualsImpl(Assert.java:150)
	at org.testng.Assert.assertEquals(Assert.java:132)
	at org.testng.Assert.assertEquals(Assert.java:656)
	at org.testng.Assert.assertEquals(Assert.java:666)
	at StepDefinitions.ProductsPage.FunctionalityStepDefImpl.user_clciks_on_add_cart_button_on_a_product(FunctionalityStepDefImpl.java:223)
	at ✽.User clciks on add cart button on a product(file:///C:/Users/santh/Desktop/Ecommerce%20Automation/Selenium/EcommercePractise/src/test/java/FeatureFiles/ProductsPage/Functionality.feature:36)
]]></failure>
    <system-err><![CDATA[Nov 05, 2024 3:08:10 PM org.openqa.selenium.devtools.CdpVersionFinder findNearestMatch
WARNING: Unable to find an exact match for CDP version 130, returning the closest version; found: 127; Please update to a Selenium version that supports CDP version 130
Nov 05, 2024 3:08:24 PM org.openqa.selenium.remote.http.WebSocket$Listener onError
WARNING: Connection reset
java.net.SocketException: Connection reset
	at java.base/sun.nio.ch.SocketChannelImpl.throwConnectionReset(SocketChannelImpl.java:401)
	at java.base/sun.nio.ch.SocketChannelImpl.read(SocketChannelImpl.java:434)
	at java.net.http/jdk.internal.net.http.SocketTube.readAvailable(SocketTube.java:1178)
	at java.net.http/jdk.internal.net.http.SocketTube$InternalReadPublisher$InternalReadSubscription.read(SocketTube.java:841)
	at java.net.http/jdk.internal.net.http.SocketTube$SocketFlowTask.run(SocketTube.java:181)
	at java.net.http/jdk.internal.net.http.common.SequentialScheduler$SchedulableTask.run(SequentialScheduler.java:207)
	at java.net.http/jdk.internal.net.http.common.SequentialScheduler.runOrSchedule(SequentialScheduler.java:280)
	at java.net.http/jdk.internal.net.http.common.SequentialScheduler.runOrSchedule(SequentialScheduler.java:233)
	at java.net.http/jdk.internal.net.http.SocketTube$InternalReadPublisher$InternalReadSubscription.signalReadable(SocketTube.java:782)
	at java.net.http/jdk.internal.net.http.SocketTube$InternalReadPublisher$ReadEvent.signalEvent(SocketTube.java:965)
	at java.net.http/jdk.internal.net.http.SocketTube$SocketFlowEvent.handle(SocketTube.java:253)
	at java.net.http/jdk.internal.net.http.HttpClientImpl$SelectorManager.handleEvent(HttpClientImpl.java:1469)
	at java.net.http/jdk.internal.net.http.HttpClientImpl$SelectorManager.lambda$run$3(HttpClientImpl.java:1414)
	at java.base/java.util.ArrayList.forEach(ArrayList.java:1596)
	at java.net.http/jdk.internal.net.http.HttpClientImpl$SelectorManager.run(HttpClientImpl.java:1414)

]]></system-err>
  </testcase>
  <testcase name="runScenario[&quot;Search filter&quot;, &quot;Products page functionality&quot;](31)" classname="TestNGTestRunner" time="12.771">
    <system-out><![CDATA[ZARA
]]></system-out>
    <system-err><![CDATA[Nov 05, 2024 3:08:26 PM org.openqa.selenium.devtools.CdpVersionFinder findNearestMatch
WARNING: Unable to find an exact match for CDP version 130, returning the closest version; found: 127; Please update to a Selenium version that supports CDP version 130
Nov 05, 2024 3:08:37 PM org.openqa.selenium.devtools.Connection$Listener lambda$onText$0
WARNING: Unable to process: {"method":"Network.responseReceived","params":{"requestId":"27704.32","loaderId":"8E0A387670F52EC30BC3EA923CDCB4F6","timestamp":4422.174703,"type":"XHR","response":{"url":"https://rahulshettyacademy.com/api/ecom/product/get-all-products","status":200,"statusText":"OK","headers":{"ETag":"W/\"1e8-rAKjXLc7KSNEvi/Jsrkfo53h3X0\"","Expect-CT":"max-age=0","X-Permitted-Cross-Domain-Policies":"none","X-Content-Type-Options":"nosniff","Keep-Alive":"timeout=5, max=99","Date":"Tue, 05 Nov 2024 09:38:53 GMT","Content-Type":"application/json; charset=utf-8","Vary":"Accept-Encoding","X-Frame-Options":"SAMEORIGIN","Strict-Transport-Security":"max-age=15552000; includeSubDomains","Content-Security-Policy":"default-src 'self';base-uri 'self';block-all-mixed-content;font-src 'self' https: data:;frame-ancestors 'self';img-src 'self' data:;object-src 'none';script-src 'self';script-src-attr 'none';style-src 'self' https: 'unsafe-inline';upgrade-insecure-requests","X-DNS-Prefetch-Control":"off","Connection":"Keep-Alive","Referrer-Policy":"no-referrer","X-Download-Options":"noopen","Access-Control-Allow-Origin":"*","Content-Length":"488","X-XSS-Protection":"0","Server":"Apache/2.4.52 (Ubuntu)"},"mimeType":"application/json","charset":"utf-8","connectionReused":true,"connectionId":100,"remoteIPAddress":"13.201.9.53","remotePort":443,"fromDiskCache":false,"fromServiceWorker":false,"fromPrefetchCache":false,"encodedDataLength":889,"timing":{"requestTime":4421.935844,"proxyStart":-1,"proxyEnd":-1,"dnsStart":-1,"dnsEnd":-1,"connectStart":-1,"connectEnd":-1,"sslStart":-1,"sslEnd":-1,"workerStart":-1,"workerReady":-1,"workerFetchStart":-1,"workerRespondWithSettled":-1,"sendStart":0.482,"sendEnd":0.618,"pushStart":0,"pushEnd":0,"receiveHeadersStart":237.32,"receiveHeadersEnd":237.444},"responseTime":1.730799512225196e+12,"protocol":"http/1.1","alternateProtocolUsage":"unspecifiedReason","securityState":"secure","securityDetails":{"protocol":"TLS 1.3","keyExchange":"","keyExchangeGroup":"X25519","cipher":"AES_128_GCM","certificateId":0,"subjectName":"rahulshettyacademy.com","sanList":["rahulshettyacademy.com"],"issuer":"E5","validFrom":1726599902,"validTo":1734375901,"signedCertificateTimestampList":[{"status":"Verified","origin":"Embedded in certificate","logDescription":"Let's Encrypt 'Oak2024H2' log","logId":"3F174B4FD7224758941D651C84BE0D12ED90377F1F856AEBC1BF2885ECF8646E","timestamp":1726603412928,"hashAlgorithm":"SHA-256","signatureAlgorithm":"ECDSA","signatureData":"304402206136B9F484BEEF5DAFCCB5A3B9EF18E5E86B48EC5F433A8587B7E2E83463C07802204A2BC563A728DD183CF2024CFCDF23D0C94F3532C459D072A1D94FF227C1F065"},{"status":"Verified","origin":"Embedded in certificate","logDescription":"Google 'Xenon2024' log","logId":"76FF883F0AB6FB9551C261CCF587BA34B4A4CDBB29DC68420A9FE6674C5A3A74","timestamp":1726603412963,"hashAlgorithm":"SHA-256","signatureAlgorithm":"ECDSA","signatureData":"304402200797C0A0A1CC2F171B9D023D76705C0EC9A6D4B6D7A41474DD3833B7A44BAEAC022011B38832F474A19C0940A1398B2D309F476D435701518D1BAAFB1E2FE81F26FF"}],"certificateTransparencyCompliance":"compliant","serverSignatureAlgorithm":1027,"encryptedClientHello":false}},"hasExtraInfo":true,"frameId":"21088CAB4F254C5311F282BFE0876686"},"sessionId":"4CF3A472F18C8A17B3785E4099B20A66"}
org.openqa.selenium.NoSuchElementException: no such element: Unable to locate element: {"method":"css selector","selector":".\.text\-muted"}
  (Session info: chrome=130.0.6723.70)
For documentation on this error, please visit: https://www.selenium.dev/documentation/webdriver/troubleshooting/errors#no-such-element-exception
Build info: version: '4.23.0', revision: '4df0a231af'
System info: os.name: 'Windows 11', os.arch: 'amd64', os.version: '10.0', java.version: '21.0.5'
Driver info: org.openqa.selenium.chrome.ChromeDriver
Command: [22aa0d057c1a96b2c02dea91e6a7194b, findChildElement {using=class name, value=.text-muted, id=f.21088CAB4F254C5311F282BFE0876686.d.8E0A387670F52EC30BC3EA923CDCB4F6.e.96}]
Capabilities {acceptInsecureCerts: false, browserName: chrome, browserVersion: 130.0.6723.70, chrome: {chromedriverVersion: 130.0.6723.91 (53ac07678369..., userDataDir: C:\Users\santh\AppData\Loca...}, fedcm:accounts: true, goog:chromeOptions: {debuggerAddress: localhost:56559}, networkConnectionEnabled: false, pageLoadStrategy: normal, platformName: windows, proxy: Proxy(), se:cdp: ws://localhost:56559/devtoo..., se:cdpVersion: 130.0.6723.70, setWindowRect: true, strictFileInteractability: false, timeouts: {implicit: 0, pageLoad: 300000, script: 30000}, unhandledPromptBehavior: dismiss and notify, webauthn:extension:credBlob: true, webauthn:extension:largeBlob: true, webauthn:extension:minPinLength: true, webauthn:extension:prf: true, webauthn:virtualAuthenticators: true}
Session ID: 22aa0d057c1a96b2c02dea91e6a7194b
	at java.base/jdk.internal.reflect.DirectConstructorHandleAccessor.newInstance(DirectConstructorHandleAccessor.java:62)
	at java.base/java.lang.reflect.Constructor.newInstanceWithCaller(Constructor.java:502)
	at java.base/java.lang.reflect.Constructor.newInstance(Constructor.java:486)
	at org.openqa.selenium.remote.ErrorCodec.decode(ErrorCodec.java:167)
	at org.openqa.selenium.remote.codec.w3c.W3CHttpResponseCodec.decode(W3CHttpResponseCodec.java:138)
	at org.openqa.selenium.remote.codec.w3c.W3CHttpResponseCodec.decode(W3CHttpResponseCodec.java:50)
	at org.openqa.selenium.remote.HttpCommandExecutor.execute(HttpCommandExecutor.java:190)
	at org.openqa.selenium.remote.service.DriverCommandExecutor.invokeExecute(DriverCommandExecutor.java:216)
	at org.openqa.selenium.remote.service.DriverCommandExecutor.execute(DriverCommandExecutor.java:174)
	at org.openqa.selenium.remote.RemoteWebDriver.execute(RemoteWebDriver.java:527)
	at org.openqa.selenium.remote.ElementLocation$ElementFinder$2.findElement(ElementLocation.java:165)
	at org.openqa.selenium.remote.ElementLocation.findElement(ElementLocation.java:59)
	at org.openqa.selenium.remote.RemoteWebDriver.findElement(RemoteWebDriver.java:357)
	at org.openqa.selenium.remote.RemoteWebElement.findElement(RemoteWebElement.java:211)
	at StepDefinitions.ProductsPage.FunctionalityStepDefImpl.lambda$user_searches_for_a_product$5(FunctionalityStepDefImpl.java:296)
	at org.openqa.selenium.devtools.DevTools.lambda$addListener$0(DevTools.java:104)
	at org.openqa.selenium.devtools.Connection.lambda$handle$5(Connection.java:348)
	at java.base/java.util.stream.ForEachOps$ForEachOp$OfRef.accept(ForEachOps.java:184)
	at java.base/java.util.stream.ReferencePipeline$2$1.accept(ReferencePipeline.java:179)
	at java.base/java.util.stream.ReferencePipeline$15$1.accept(ReferencePipeline.java:541)
	at java.base/java.util.HashMap$EntrySpliterator.forEachRemaining(HashMap.java:1858)
	at java.base/java.util.stream.AbstractPipeline.copyInto(AbstractPipeline.java:509)
	at java.base/java.util.stream.AbstractPipeline.wrapAndCopyInto(AbstractPipeline.java:499)
	at java.base/java.util.stream.ForEachOps$ForEachOp.evaluateSequential(ForEachOps.java:151)
	at java.base/java.util.stream.ForEachOps$ForEachOp$OfRef.evaluateSequential(ForEachOps.java:174)
	at java.base/java.util.stream.AbstractPipeline.evaluate(AbstractPipeline.java:234)
	at java.base/java.util.stream.ReferencePipeline.forEach(ReferencePipeline.java:596)
	at org.openqa.selenium.devtools.Connection.handle(Connection.java:311)
	at org.openqa.selenium.devtools.Connection$Listener.lambda$onText$0(Connection.java:239)
	at java.base/java.util.concurrent.ThreadPoolExecutor.runWorker(ThreadPoolExecutor.java:1144)
	at java.base/java.util.concurrent.ThreadPoolExecutor$Worker.run(ThreadPoolExecutor.java:642)
	at java.base/java.lang.Thread.run(Thread.java:1583)

Exception in thread "CDP Connection" org.openqa.selenium.devtools.DevToolsException: no such element: Unable to locate element: {"method":"css selector","selector":".\.text\-muted"}
  (Session info: chrome=130.0.6723.70)
For documentation on this error, please visit: https://www.selenium.dev/documentation/webdriver/troubleshooting/errors#no-such-element-exception
Build info: version: '4.23.0', revision: '4df0a231af'
System info: os.name: 'Windows 11', os.arch: 'amd64', os.version: '10.0', java.version: '21.0.5'
Driver info: org.openqa.selenium.chrome.ChromeDriver
Command: [22aa0d057c1a96b2c02dea91e6a7194b, findChildElement {using=class name, value=.text-muted, id=f.21088CAB4F254C5311F282BFE0876686.d.8E0A387670F52EC30BC3EA923CDCB4F6.e.96}]
Capabilities {acceptInsecureCerts: false, browserName: chrome, browserVersion: 130.0.6723.70, chrome: {chromedriverVersion: 130.0.6723.91 (53ac07678369..., userDataDir: C:\Users\santh\AppData\Loca...}, fedcm:accounts: true, goog:chromeOptions: {debuggerAddress: localhost:56559}, networkConnectionEnabled: false, pageLoadStrategy: normal, platformName: windows, proxy: Proxy(), se:cdp: ws://localhost:56559/devtoo..., se:cdpVersion: 130.0.6723.70, setWindowRect: true, strictFileInteractability: false, timeouts: {implicit: 0, pageLoad: 300000, script: 30000}, unhandledPromptBehavior: dismiss and notify, webauthn:extension:credBlob: true, webauthn:extension:largeBlob: true, webauthn:extension:minPinLength: true, webauthn:extension:prf: true, webauthn:virtualAuthenticators: true}
Session ID: 22aa0d057c1a96b2c02dea91e6a7194b
	at org.openqa.selenium.devtools.Connection$Listener.lambda$onText$0(Connection.java:242)
	at java.base/java.util.concurrent.ThreadPoolExecutor.runWorker(ThreadPoolExecutor.java:1144)
	at java.base/java.util.concurrent.ThreadPoolExecutor$Worker.run(ThreadPoolExecutor.java:642)
	at java.base/java.lang.Thread.run(Thread.java:1583)
Caused by: org.openqa.selenium.NoSuchElementException: no such element: Unable to locate element: {"method":"css selector","selector":".\.text\-muted"}
  (Session info: chrome=130.0.6723.70)
For documentation on this error, please visit: https://www.selenium.dev/documentation/webdriver/troubleshooting/errors#no-such-element-exception
Build info: version: '4.23.0', revision: '4df0a231af'
System info: os.name: 'Windows 11', os.arch: 'amd64', os.version: '10.0', java.version: '21.0.5'
Driver info: org.openqa.selenium.chrome.ChromeDriver
Command: [22aa0d057c1a96b2c02dea91e6a7194b, findChildElement {using=class name, value=.text-muted, id=f.21088CAB4F254C5311F282BFE0876686.d.8E0A387670F52EC30BC3EA923CDCB4F6.e.96}]
Capabilities {acceptInsecureCerts: false, browserName: chrome, browserVersion: 130.0.6723.70, chrome: {chromedriverVersion: 130.0.6723.91 (53ac07678369..., userDataDir: C:\Users\santh\AppData\Loca...}, fedcm:accounts: true, goog:chromeOptions: {debuggerAddress: localhost:56559}, networkConnectionEnabled: false, pageLoadStrategy: normal, platformName: windows, proxy: Proxy(), se:cdp: ws://localhost:56559/devtoo..., se:cdpVersion: 130.0.6723.70, setWindowRect: true, strictFileInteractability: false, timeouts: {implicit: 0, pageLoad: 300000, script: 30000}, unhandledPromptBehavior: dismiss and notify, webauthn:extension:credBlob: true, webauthn:extension:largeBlob: true, webauthn:extension:minPinLength: true, webauthn:extension:prf: true, webauthn:virtualAuthenticators: true}
Session ID: 22aa0d057c1a96b2c02dea91e6a7194b
	at java.base/jdk.internal.reflect.DirectConstructorHandleAccessor.newInstance(DirectConstructorHandleAccessor.java:62)
	at java.base/java.lang.reflect.Constructor.newInstanceWithCaller(Constructor.java:502)
	at java.base/java.lang.reflect.Constructor.newInstance(Constructor.java:486)
	at org.openqa.selenium.remote.ErrorCodec.decode(ErrorCodec.java:167)
	at org.openqa.selenium.remote.codec.w3c.W3CHttpResponseCodec.decode(W3CHttpResponseCodec.java:138)
	at org.openqa.selenium.remote.codec.w3c.W3CHttpResponseCodec.decode(W3CHttpResponseCodec.java:50)
	at org.openqa.selenium.remote.HttpCommandExecutor.execute(HttpCommandExecutor.java:190)
	at org.openqa.selenium.remote.service.DriverCommandExecutor.invokeExecute(DriverCommandExecutor.java:216)
	at org.openqa.selenium.remote.service.DriverCommandExecutor.execute(DriverCommandExecutor.java:174)
	at org.openqa.selenium.remote.RemoteWebDriver.execute(RemoteWebDriver.java:527)
	at org.openqa.selenium.remote.ElementLocation$ElementFinder$2.findElement(ElementLocation.java:165)
	at org.openqa.selenium.remote.ElementLocation.findElement(ElementLocation.java:59)
	at org.openqa.selenium.remote.RemoteWebDriver.findElement(RemoteWebDriver.java:357)
	at org.openqa.selenium.remote.RemoteWebElement.findElement(RemoteWebElement.java:211)
	at StepDefinitions.ProductsPage.FunctionalityStepDefImpl.lambda$user_searches_for_a_product$5(FunctionalityStepDefImpl.java:296)
	at org.openqa.selenium.devtools.DevTools.lambda$addListener$0(DevTools.java:104)
	at org.openqa.selenium.devtools.Connection.lambda$handle$5(Connection.java:348)
	at java.base/java.util.stream.ForEachOps$ForEachOp$OfRef.accept(ForEachOps.java:184)
	at java.base/java.util.stream.ReferencePipeline$2$1.accept(ReferencePipeline.java:179)
	at java.base/java.util.stream.ReferencePipeline$15$1.accept(ReferencePipeline.java:541)
	at java.base/java.util.HashMap$EntrySpliterator.forEachRemaining(HashMap.java:1858)
	at java.base/java.util.stream.AbstractPipeline.copyInto(AbstractPipeline.java:509)
	at java.base/java.util.stream.AbstractPipeline.wrapAndCopyInto(AbstractPipeline.java:499)
	at java.base/java.util.stream.ForEachOps$ForEachOp.evaluateSequential(ForEachOps.java:151)
	at java.base/java.util.stream.ForEachOps$ForEachOp$OfRef.evaluateSequential(ForEachOps.java:174)
	at java.base/java.util.stream.AbstractPipeline.evaluate(AbstractPipeline.java:234)
	at java.base/java.util.stream.ReferencePipeline.forEach(ReferencePipeline.java:596)
	at org.openqa.selenium.devtools.Connection.handle(Connection.java:311)
	at org.openqa.selenium.devtools.Connection$Listener.lambda$onText$0(Connection.java:239)
	... 3 more
Nov 05, 2024 3:08:37 PM org.openqa.selenium.remote.http.WebSocket$Listener onError
WARNING: Connection reset
java.net.SocketException: Connection reset
	at java.base/sun.nio.ch.SocketChannelImpl.throwConnectionReset(SocketChannelImpl.java:401)
	at java.base/sun.nio.ch.SocketChannelImpl.read(SocketChannelImpl.java:434)
	at java.net.http/jdk.internal.net.http.SocketTube.readAvailable(SocketTube.java:1178)
	at java.net.http/jdk.internal.net.http.SocketTube$InternalReadPublisher$InternalReadSubscription.read(SocketTube.java:841)
	at java.net.http/jdk.internal.net.http.SocketTube$SocketFlowTask.run(SocketTube.java:181)
	at java.net.http/jdk.internal.net.http.common.SequentialScheduler$SchedulableTask.run(SequentialScheduler.java:207)
	at java.net.http/jdk.internal.net.http.common.SequentialScheduler.runOrSchedule(SequentialScheduler.java:280)
	at java.net.http/jdk.internal.net.http.common.SequentialScheduler.runOrSchedule(SequentialScheduler.java:233)
	at java.net.http/jdk.internal.net.http.SocketTube$InternalReadPublisher$InternalReadSubscription.signalReadable(SocketTube.java:782)
	at java.net.http/jdk.internal.net.http.SocketTube$InternalReadPublisher$ReadEvent.signalEvent(SocketTube.java:965)
	at java.net.http/jdk.internal.net.http.SocketTube$SocketFlowEvent.handle(SocketTube.java:253)
	at java.net.http/jdk.internal.net.http.HttpClientImpl$SelectorManager.handleEvent(HttpClientImpl.java:1469)
	at java.net.http/jdk.internal.net.http.HttpClientImpl$SelectorManager.lambda$run$3(HttpClientImpl.java:1414)
	at java.base/java.util.ArrayList.forEach(ArrayList.java:1596)
	at java.net.http/jdk.internal.net.http.HttpClientImpl$SelectorManager.run(HttpClientImpl.java:1414)

]]></system-err>
  </testcase>
  <testcase name="runScenario[&quot;Min max price filter&quot;, &quot;Products page functionality&quot;](32)" classname="TestNGTestRunner" time="13.12">
    <system-out><![CDATA[{"productName":"","minPrice":30000,"maxPrice":50000,"productCategory":[],"productSubCategory":[],"productFor":[]}

]]></system-out>
    <system-err><![CDATA[Nov 05, 2024 3:08:38 PM org.openqa.selenium.devtools.CdpVersionFinder findNearestMatch
WARNING: Unable to find an exact match for CDP version 130, returning the closest version; found: 127; Please update to a Selenium version that supports CDP version 130
Nov 05, 2024 3:08:45 PM org.openqa.selenium.devtools.Connection$Listener lambda$onText$0
WARNING: Unable to process: {"method":"Network.responseReceived","params":{"requestId":"8296.32","loaderId":"58861CFE6DFC642E6A6C653B69D1532F","timestamp":4435.280469,"type":"Other","response":{"url":"https://rahulshettyacademy.com/api/ecom/product/get-all-products","status":200,"statusText":"OK","headers":{"Content-Encoding":"gzip","ETag":"W/\"6d9-aH29Y87fnqiWYQ6KCk9Q53d1pdE\"","Expect-CT":"max-age=0","X-Permitted-Cross-Domain-Policies":"none","X-Content-Type-Options":"nosniff","Keep-Alive":"timeout=5, max=99","Date":"Tue, 05 Nov 2024 09:39:06 GMT","Content-Type":"application/json; charset=utf-8","Vary":"Accept-Encoding","X-Frame-Options":"SAMEORIGIN","Transfer-Encoding":"chunked","Strict-Transport-Security":"max-age=15552000; includeSubDomains","Content-Security-Policy":"default-src 'self';base-uri 'self';block-all-mixed-content;font-src 'self' https: data:;frame-ancestors 'self';img-src 'self' data:;object-src 'none';script-src 'self';script-src-attr 'none';style-src 'self' https: 'unsafe-inline';upgrade-insecure-requests","X-DNS-Prefetch-Control":"off","Connection":"Keep-Alive","Referrer-Policy":"no-referrer","X-Download-Options":"noopen","Access-Control-Allow-Origin":"*","X-XSS-Protection":"0","Server":"Apache/2.4.52 (Ubuntu)"},"mimeType":"application/json","charset":"utf-8","connectionReused":true,"connectionId":106,"remoteIPAddress":"13.201.9.53","remotePort":443,"fromDiskCache":false,"fromServiceWorker":false,"fromPrefetchCache":false,"encodedDataLength":920,"timing":{"requestTime":4434.939546,"proxyStart":-1,"proxyEnd":-1,"dnsStart":-1,"dnsEnd":-1,"connectStart":-1,"connectEnd":-1,"sslStart":-1,"sslEnd":-1,"workerStart":-1,"workerReady":-1,"workerFetchStart":-1,"workerRespondWithSettled":-1,"sendStart":0.328,"sendEnd":0.423,"pushStart":0,"pushEnd":0,"receiveHeadersStart":340.097,"receiveHeadersEnd":340.202},"responseTime":1.730799525332045e+12,"protocol":"http/1.1","alternateProtocolUsage":"unspecifiedReason","securityState":"unknown"},"hasExtraInfo":false,"frameId":"96C53722AE9C757A140477AEF2609F64"},"sessionId":"1EB89E86C1B7C7986E07D28110628042"}
org.openqa.selenium.devtools.DevToolsException: {"id":131,"error":{"code":-32000,"message":"No resource with given identifier found"},"sessionId":"1EB89E86C1B7C7986E07D28110628042"}
Build info: version: '4.23.0', revision: '4df0a231af'
System info: os.name: 'Windows 11', os.arch: 'amd64', os.version: '10.0', java.version: '21.0.5'
Driver info: driver.version: unknown
	at org.openqa.selenium.devtools.Connection.sendAndWait(Connection.java:195)
	at org.openqa.selenium.devtools.DevTools.send(DevTools.java:90)
	at StepDefinitions.ProductsPage.FunctionalityStepDefImpl.lambda$user_filters_using_min_max_price$7(FunctionalityStepDefImpl.java:360)
	at org.openqa.selenium.devtools.DevTools.lambda$addListener$0(DevTools.java:104)
	at org.openqa.selenium.devtools.Connection.lambda$handle$5(Connection.java:348)
	at java.base/java.util.stream.ForEachOps$ForEachOp$OfRef.accept(ForEachOps.java:184)
	at java.base/java.util.stream.ReferencePipeline$2$1.accept(ReferencePipeline.java:179)
	at java.base/java.util.stream.ReferencePipeline$15$1.accept(ReferencePipeline.java:541)
	at java.base/java.util.HashMap$EntrySpliterator.forEachRemaining(HashMap.java:1858)
	at java.base/java.util.stream.AbstractPipeline.copyInto(AbstractPipeline.java:509)
	at java.base/java.util.stream.AbstractPipeline.wrapAndCopyInto(AbstractPipeline.java:499)
	at java.base/java.util.stream.ForEachOps$ForEachOp.evaluateSequential(ForEachOps.java:151)
	at java.base/java.util.stream.ForEachOps$ForEachOp$OfRef.evaluateSequential(ForEachOps.java:174)
	at java.base/java.util.stream.AbstractPipeline.evaluate(AbstractPipeline.java:234)
	at java.base/java.util.stream.ReferencePipeline.forEach(ReferencePipeline.java:596)
	at org.openqa.selenium.devtools.Connection.handle(Connection.java:311)
	at org.openqa.selenium.devtools.Connection$Listener.lambda$onText$0(Connection.java:239)
	at java.base/java.util.concurrent.ThreadPoolExecutor.runWorker(ThreadPoolExecutor.java:1144)
	at java.base/java.util.concurrent.ThreadPoolExecutor$Worker.run(ThreadPoolExecutor.java:642)
	at java.base/java.lang.Thread.run(Thread.java:1583)
Caused by: org.openqa.selenium.WebDriverException: {"id":131,"error":{"code":-32000,"message":"No resource with given identifier found"},"sessionId":"1EB89E86C1B7C7986E07D28110628042"}
Build info: version: '4.23.0', revision: '4df0a231af'
System info: os.name: 'Windows 11', os.arch: 'amd64', os.version: '10.0', java.version: '21.0.5'
Driver info: driver.version: unknown
	at org.openqa.selenium.devtools.Connection.handle(Connection.java:275)
	... 4 more

Exception in thread "CDP Connection" org.openqa.selenium.devtools.DevToolsException: {"id":131,"error":{"code":-32000,"message":"No resource with given identifier found"},"sessionId":"1EB89E86C1B7C7986E07D28110628042"}
Build info: version: '4.23.0', revision: '4df0a231af'
System info: os.name: 'Windows 11', os.arch: 'amd64', os.version: '10.0', java.version: '21.0.5'
Driver info: driver.version: unknown
	at org.openqa.selenium.devtools.Connection$Listener.lambda$onText$0(Connection.java:242)
	at java.base/java.util.concurrent.ThreadPoolExecutor.runWorker(ThreadPoolExecutor.java:1144)
	at java.base/java.util.concurrent.ThreadPoolExecutor$Worker.run(ThreadPoolExecutor.java:642)
	at java.base/java.lang.Thread.run(Thread.java:1583)
Caused by: org.openqa.selenium.devtools.DevToolsException: {"id":131,"error":{"code":-32000,"message":"No resource with given identifier found"},"sessionId":"1EB89E86C1B7C7986E07D28110628042"}
Build info: version: '4.23.0', revision: '4df0a231af'
System info: os.name: 'Windows 11', os.arch: 'amd64', os.version: '10.0', java.version: '21.0.5'
Driver info: driver.version: unknown
	at org.openqa.selenium.devtools.Connection.sendAndWait(Connection.java:195)
	at org.openqa.selenium.devtools.DevTools.send(DevTools.java:90)
	at StepDefinitions.ProductsPage.FunctionalityStepDefImpl.lambda$user_filters_using_min_max_price$7(FunctionalityStepDefImpl.java:360)
	at org.openqa.selenium.devtools.DevTools.lambda$addListener$0(DevTools.java:104)
	at org.openqa.selenium.devtools.Connection.lambda$handle$5(Connection.java:348)
	at java.base/java.util.stream.ForEachOps$ForEachOp$OfRef.accept(ForEachOps.java:184)
	at java.base/java.util.stream.ReferencePipeline$2$1.accept(ReferencePipeline.java:179)
	at java.base/java.util.stream.ReferencePipeline$15$1.accept(ReferencePipeline.java:541)
	at java.base/java.util.HashMap$EntrySpliterator.forEachRemaining(HashMap.java:1858)
	at java.base/java.util.stream.AbstractPipeline.copyInto(AbstractPipeline.java:509)
	at java.base/java.util.stream.AbstractPipeline.wrapAndCopyInto(AbstractPipeline.java:499)
	at java.base/java.util.stream.ForEachOps$ForEachOp.evaluateSequential(ForEachOps.java:151)
	at java.base/java.util.stream.ForEachOps$ForEachOp$OfRef.evaluateSequential(ForEachOps.java:174)
	at java.base/java.util.stream.AbstractPipeline.evaluate(AbstractPipeline.java:234)
	at java.base/java.util.stream.ReferencePipeline.forEach(ReferencePipeline.java:596)
	at org.openqa.selenium.devtools.Connection.handle(Connection.java:311)
	at org.openqa.selenium.devtools.Connection$Listener.lambda$onText$0(Connection.java:239)
	... 3 more
Caused by: org.openqa.selenium.WebDriverException: {"id":131,"error":{"code":-32000,"message":"No resource with given identifier found"},"sessionId":"1EB89E86C1B7C7986E07D28110628042"}
Build info: version: '4.23.0', revision: '4df0a231af'
System info: os.name: 'Windows 11', os.arch: 'amd64', os.version: '10.0', java.version: '21.0.5'
Driver info: driver.version: unknown
	at org.openqa.selenium.devtools.Connection.handle(Connection.java:275)
	... 4 more
Nov 05, 2024 3:08:50 PM org.openqa.selenium.devtools.Connection$Listener lambda$onText$0
WARNING: Unable to process: {"method":"Network.responseReceived","params":{"requestId":"8296.33","loaderId":"58861CFE6DFC642E6A6C653B69D1532F","timestamp":4435.30032,"type":"XHR","response":{"url":"https://rahulshettyacademy.com/api/ecom/product/get-all-products","status":200,"statusText":"OK","headers":{"ETag":"W/\"387-/vpa43pRy0qW68O7hrVWgyGBAyg\"","Expect-CT":"max-age=0","X-Permitted-Cross-Domain-Policies":"none","X-Content-Type-Options":"nosniff","Keep-Alive":"timeout=5, max=92","Date":"Tue, 05 Nov 2024 09:39:06 GMT","Content-Type":"application/json; charset=utf-8","Vary":"Accept-Encoding","X-Frame-Options":"SAMEORIGIN","Strict-Transport-Security":"max-age=15552000; includeSubDomains","Content-Security-Policy":"default-src 'self';base-uri 'self';block-all-mixed-content;font-src 'self' https: data:;frame-ancestors 'self';img-src 'self' data:;object-src 'none';script-src 'self';script-src-attr 'none';style-src 'self' https: 'unsafe-inline';upgrade-insecure-requests","X-DNS-Prefetch-Control":"off","Connection":"Keep-Alive","Referrer-Policy":"no-referrer","X-Download-Options":"noopen","Access-Control-Allow-Origin":"*","Content-Length":"903","X-XSS-Protection":"0","Server":"Apache/2.4.52 (Ubuntu)"},"mimeType":"application/json","charset":"utf-8","connectionReused":true,"connectionId":67,"remoteIPAddress":"13.201.9.53","remotePort":443,"fromDiskCache":false,"fromServiceWorker":false,"fromPrefetchCache":false,"encodedDataLength":889,"timing":{"requestTime":4435.039349,"proxyStart":-1,"proxyEnd":-1,"dnsStart":-1,"dnsEnd":-1,"connectStart":-1,"connectEnd":-1,"sslStart":-1,"sslEnd":-1,"workerStart":-1,"workerReady":-1,"workerFetchStart":-1,"workerRespondWithSettled":-1,"sendStart":0.229,"sendEnd":0.443,"pushStart":0,"pushEnd":0,"receiveHeadersStart":259.84,"receiveHeadersEnd":259.94},"responseTime":1.730799525351591e+12,"protocol":"http/1.1","alternateProtocolUsage":"unspecifiedReason","securityState":"secure","securityDetails":{"protocol":"TLS 1.3","keyExchange":"","keyExchangeGroup":"X25519","cipher":"AES_128_GCM","certificateId":0,"subjectName":"rahulshettyacademy.com","sanList":["rahulshettyacademy.com"],"issuer":"E5","validFrom":1726599902,"validTo":1734375901,"signedCertificateTimestampList":[{"status":"Verified","origin":"Embedded in certificate","logDescription":"Let's Encrypt 'Oak2024H2' log","logId":"3F174B4FD7224758941D651C84BE0D12ED90377F1F856AEBC1BF2885ECF8646E","timestamp":1726603412928,"hashAlgorithm":"SHA-256","signatureAlgorithm":"ECDSA","signatureData":"304402206136B9F484BEEF5DAFCCB5A3B9EF18E5E86B48EC5F433A8587B7E2E83463C07802204A2BC563A728DD183CF2024CFCDF23D0C94F3532C459D072A1D94FF227C1F065"},{"status":"Verified","origin":"Embedded in certificate","logDescription":"Google 'Xenon2024' log","logId":"76FF883F0AB6FB9551C261CCF587BA34B4A4CDBB29DC68420A9FE6674C5A3A74","timestamp":1726603412963,"hashAlgorithm":"SHA-256","signatureAlgorithm":"ECDSA","signatureData":"304402200797C0A0A1CC2F171B9D023D76705C0EC9A6D4B6D7A41474DD3833B7A44BAEAC022011B38832F474A19C0940A1398B2D309F476D435701518D1BAAFB1E2FE81F26FF"}],"certificateTransparencyCompliance":"compliant","serverSignatureAlgorithm":1027,"encryptedClientHello":false}},"hasExtraInfo":true,"frameId":"96C53722AE9C757A140477AEF2609F64"},"sessionId":"1EB89E86C1B7C7986E07D28110628042"}
org.openqa.selenium.NoSuchElementException: no such element: Unable to locate element: {"method":"css selector","selector":".\.text\-muted"}
  (Session info: chrome=130.0.6723.70)
For documentation on this error, please visit: https://www.selenium.dev/documentation/webdriver/troubleshooting/errors#no-such-element-exception
Build info: version: '4.23.0', revision: '4df0a231af'
System info: os.name: 'Windows 11', os.arch: 'amd64', os.version: '10.0', java.version: '21.0.5'
Driver info: org.openqa.selenium.chrome.ChromeDriver
Command: [df312d3affec43a174cdfd11bc10dbf5, findChildElement {using=class name, value=.text-muted, id=f.96C53722AE9C757A140477AEF2609F64.d.58861CFE6DFC642E6A6C653B69D1532F.e.98}]
Capabilities {acceptInsecureCerts: false, browserName: chrome, browserVersion: 130.0.6723.70, chrome: {chromedriverVersion: 130.0.6723.91 (53ac07678369..., userDataDir: C:\Users\santh\AppData\Loca...}, fedcm:accounts: true, goog:chromeOptions: {debuggerAddress: localhost:56585}, networkConnectionEnabled: false, pageLoadStrategy: normal, platformName: windows, proxy: Proxy(), se:cdp: ws://localhost:56585/devtoo..., se:cdpVersion: 130.0.6723.70, setWindowRect: true, strictFileInteractability: false, timeouts: {implicit: 0, pageLoad: 300000, script: 30000}, unhandledPromptBehavior: dismiss and notify, webauthn:extension:credBlob: true, webauthn:extension:largeBlob: true, webauthn:extension:minPinLength: true, webauthn:extension:prf: true, webauthn:virtualAuthenticators: true}
Session ID: df312d3affec43a174cdfd11bc10dbf5
	at java.base/jdk.internal.reflect.DirectConstructorHandleAccessor.newInstance(DirectConstructorHandleAccessor.java:62)
	at java.base/java.lang.reflect.Constructor.newInstanceWithCaller(Constructor.java:502)
	at java.base/java.lang.reflect.Constructor.newInstance(Constructor.java:486)
	at org.openqa.selenium.remote.ErrorCodec.decode(ErrorCodec.java:167)
	at org.openqa.selenium.remote.codec.w3c.W3CHttpResponseCodec.decode(W3CHttpResponseCodec.java:138)
	at org.openqa.selenium.remote.codec.w3c.W3CHttpResponseCodec.decode(W3CHttpResponseCodec.java:50)
	at org.openqa.selenium.remote.HttpCommandExecutor.execute(HttpCommandExecutor.java:190)
	at org.openqa.selenium.remote.service.DriverCommandExecutor.invokeExecute(DriverCommandExecutor.java:216)
	at org.openqa.selenium.remote.service.DriverCommandExecutor.execute(DriverCommandExecutor.java:174)
	at org.openqa.selenium.remote.RemoteWebDriver.execute(RemoteWebDriver.java:527)
	at org.openqa.selenium.remote.ElementLocation$ElementFinder$2.findElement(ElementLocation.java:165)
	at org.openqa.selenium.remote.ElementLocation.findElement(ElementLocation.java:59)
	at org.openqa.selenium.remote.RemoteWebDriver.findElement(RemoteWebDriver.java:357)
	at org.openqa.selenium.remote.RemoteWebElement.findElement(RemoteWebElement.java:211)
	at StepDefinitions.ProductsPage.FunctionalityStepDefImpl.lambda$user_filters_using_min_max_price$7(FunctionalityStepDefImpl.java:374)
	at org.openqa.selenium.devtools.DevTools.lambda$addListener$0(DevTools.java:104)
	at org.openqa.selenium.devtools.Connection.lambda$handle$5(Connection.java:348)
	at java.base/java.util.stream.ForEachOps$ForEachOp$OfRef.accept(ForEachOps.java:184)
	at java.base/java.util.stream.ReferencePipeline$2$1.accept(ReferencePipeline.java:179)
	at java.base/java.util.stream.ReferencePipeline$15$1.accept(ReferencePipeline.java:541)
	at java.base/java.util.HashMap$EntrySpliterator.forEachRemaining(HashMap.java:1858)
	at java.base/java.util.stream.AbstractPipeline.copyInto(AbstractPipeline.java:509)
	at java.base/java.util.stream.AbstractPipeline.wrapAndCopyInto(AbstractPipeline.java:499)
	at java.base/java.util.stream.ForEachOps$ForEachOp.evaluateSequential(ForEachOps.java:151)
	at java.base/java.util.stream.ForEachOps$ForEachOp$OfRef.evaluateSequential(ForEachOps.java:174)
	at java.base/java.util.stream.AbstractPipeline.evaluate(AbstractPipeline.java:234)
	at java.base/java.util.stream.ReferencePipeline.forEach(ReferencePipeline.java:596)
	at org.openqa.selenium.devtools.Connection.handle(Connection.java:311)
	at org.openqa.selenium.devtools.Connection$Listener.lambda$onText$0(Connection.java:239)
	at java.base/java.util.concurrent.ThreadPoolExecutor.runWorker(ThreadPoolExecutor.java:1144)
	at java.base/java.util.concurrent.ThreadPoolExecutor$Worker.run(ThreadPoolExecutor.java:642)
	at java.base/java.lang.Thread.run(Thread.java:1583)

Exception in thread "CDP Connection" org.openqa.selenium.devtools.DevToolsException: no such element: Unable to locate element: {"method":"css selector","selector":".\.text\-muted"}
  (Session info: chrome=130.0.6723.70)
For documentation on this error, please visit: https://www.selenium.dev/documentation/webdriver/troubleshooting/errors#no-such-element-exception
Build info: version: '4.23.0', revision: '4df0a231af'
System info: os.name: 'Windows 11', os.arch: 'amd64', os.version: '10.0', java.version: '21.0.5'
Driver info: org.openqa.selenium.chrome.ChromeDriver
Command: [df312d3affec43a174cdfd11bc10dbf5, findChildElement {using=class name, value=.text-muted, id=f.96C53722AE9C757A140477AEF2609F64.d.58861CFE6DFC642E6A6C653B69D1532F.e.98}]
Capabilities {acceptInsecureCerts: false, browserName: chrome, browserVersion: 130.0.6723.70, chrome: {chromedriverVersion: 130.0.6723.91 (53ac07678369..., userDataDir: C:\Users\santh\AppData\Loca...}, fedcm:accounts: true, goog:chromeOptions: {debuggerAddress: localhost:56585}, networkConnectionEnabled: false, pageLoadStrategy: normal, platformName: windows, proxy: Proxy(), se:cdp: ws://localhost:56585/devtoo..., se:cdpVersion: 130.0.6723.70, setWindowRect: true, strictFileInteractability: false, timeouts: {implicit: 0, pageLoad: 300000, script: 30000}, unhandledPromptBehavior: dismiss and notify, webauthn:extension:credBlob: true, webauthn:extension:largeBlob: true, webauthn:extension:minPinLength: true, webauthn:extension:prf: true, webauthn:virtualAuthenticators: true}
Session ID: df312d3affec43a174cdfd11bc10dbf5
	at org.openqa.selenium.devtools.Connection$Listener.lambda$onText$0(Connection.java:242)
	at java.base/java.util.concurrent.ThreadPoolExecutor.runWorker(ThreadPoolExecutor.java:1144)
	at java.base/java.util.concurrent.ThreadPoolExecutor$Worker.run(ThreadPoolExecutor.java:642)
	at java.base/java.lang.Thread.run(Thread.java:1583)
Caused by: org.openqa.selenium.NoSuchElementException: no such element: Unable to locate element: {"method":"css selector","selector":".\.text\-muted"}
  (Session info: chrome=130.0.6723.70)
For documentation on this error, please visit: https://www.selenium.dev/documentation/webdriver/troubleshooting/errors#no-such-element-exception
Build info: version: '4.23.0', revision: '4df0a231af'
System info: os.name: 'Windows 11', os.arch: 'amd64', os.version: '10.0', java.version: '21.0.5'
Driver info: org.openqa.selenium.chrome.ChromeDriver
Command: [df312d3affec43a174cdfd11bc10dbf5, findChildElement {using=class name, value=.text-muted, id=f.96C53722AE9C757A140477AEF2609F64.d.58861CFE6DFC642E6A6C653B69D1532F.e.98}]
Capabilities {acceptInsecureCerts: false, browserName: chrome, browserVersion: 130.0.6723.70, chrome: {chromedriverVersion: 130.0.6723.91 (53ac07678369..., userDataDir: C:\Users\santh\AppData\Loca...}, fedcm:accounts: true, goog:chromeOptions: {debuggerAddress: localhost:56585}, networkConnectionEnabled: false, pageLoadStrategy: normal, platformName: windows, proxy: Proxy(), se:cdp: ws://localhost:56585/devtoo..., se:cdpVersion: 130.0.6723.70, setWindowRect: true, strictFileInteractability: false, timeouts: {implicit: 0, pageLoad: 300000, script: 30000}, unhandledPromptBehavior: dismiss and notify, webauthn:extension:credBlob: true, webauthn:extension:largeBlob: true, webauthn:extension:minPinLength: true, webauthn:extension:prf: true, webauthn:virtualAuthenticators: true}
Session ID: df312d3affec43a174cdfd11bc10dbf5
	at java.base/jdk.internal.reflect.DirectConstructorHandleAccessor.newInstance(DirectConstructorHandleAccessor.java:62)
	at java.base/java.lang.reflect.Constructor.newInstanceWithCaller(Constructor.java:502)
	at java.base/java.lang.reflect.Constructor.newInstance(Constructor.java:486)
	at org.openqa.selenium.remote.ErrorCodec.decode(ErrorCodec.java:167)
	at org.openqa.selenium.remote.codec.w3c.W3CHttpResponseCodec.decode(W3CHttpResponseCodec.java:138)
	at org.openqa.selenium.remote.codec.w3c.W3CHttpResponseCodec.decode(W3CHttpResponseCodec.java:50)
	at org.openqa.selenium.remote.HttpCommandExecutor.execute(HttpCommandExecutor.java:190)
	at org.openqa.selenium.remote.service.DriverCommandExecutor.invokeExecute(DriverCommandExecutor.java:216)
	at org.openqa.selenium.remote.service.DriverCommandExecutor.execute(DriverCommandExecutor.java:174)
	at org.openqa.selenium.remote.RemoteWebDriver.execute(RemoteWebDriver.java:527)
	at org.openqa.selenium.remote.ElementLocation$ElementFinder$2.findElement(ElementLocation.java:165)
	at org.openqa.selenium.remote.ElementLocation.findElement(ElementLocation.java:59)
	at org.openqa.selenium.remote.RemoteWebDriver.findElement(RemoteWebDriver.java:357)
	at org.openqa.selenium.remote.RemoteWebElement.findElement(RemoteWebElement.java:211)
	at StepDefinitions.ProductsPage.FunctionalityStepDefImpl.lambda$user_filters_using_min_max_price$7(FunctionalityStepDefImpl.java:374)
	at org.openqa.selenium.devtools.DevTools.lambda$addListener$0(DevTools.java:104)
	at org.openqa.selenium.devtools.Connection.lambda$handle$5(Connection.java:348)
	at java.base/java.util.stream.ForEachOps$ForEachOp$OfRef.accept(ForEachOps.java:184)
	at java.base/java.util.stream.ReferencePipeline$2$1.accept(ReferencePipeline.java:179)
	at java.base/java.util.stream.ReferencePipeline$15$1.accept(ReferencePipeline.java:541)
	at java.base/java.util.HashMap$EntrySpliterator.forEachRemaining(HashMap.java:1858)
	at java.base/java.util.stream.AbstractPipeline.copyInto(AbstractPipeline.java:509)
	at java.base/java.util.stream.AbstractPipeline.wrapAndCopyInto(AbstractPipeline.java:499)
	at java.base/java.util.stream.ForEachOps$ForEachOp.evaluateSequential(ForEachOps.java:151)
	at java.base/java.util.stream.ForEachOps$ForEachOp$OfRef.evaluateSequential(ForEachOps.java:174)
	at java.base/java.util.stream.AbstractPipeline.evaluate(AbstractPipeline.java:234)
	at java.base/java.util.stream.ReferencePipeline.forEach(ReferencePipeline.java:596)
	at org.openqa.selenium.devtools.Connection.handle(Connection.java:311)
	at org.openqa.selenium.devtools.Connection$Listener.lambda$onText$0(Connection.java:239)
	... 3 more
Nov 05, 2024 3:08:50 PM org.openqa.selenium.remote.http.WebSocket$Listener onError
WARNING: Connection reset
java.net.SocketException: Connection reset
	at java.base/sun.nio.ch.SocketChannelImpl.throwConnectionReset(SocketChannelImpl.java:401)
	at java.base/sun.nio.ch.SocketChannelImpl.read(SocketChannelImpl.java:434)
	at java.net.http/jdk.internal.net.http.SocketTube.readAvailable(SocketTube.java:1178)
	at java.net.http/jdk.internal.net.http.SocketTube$InternalReadPublisher$InternalReadSubscription.read(SocketTube.java:841)
	at java.net.http/jdk.internal.net.http.SocketTube$SocketFlowTask.run(SocketTube.java:181)
	at java.net.http/jdk.internal.net.http.common.SequentialScheduler$SchedulableTask.run(SequentialScheduler.java:207)
	at java.net.http/jdk.internal.net.http.common.SequentialScheduler.runOrSchedule(SequentialScheduler.java:280)
	at java.net.http/jdk.internal.net.http.common.SequentialScheduler.runOrSchedule(SequentialScheduler.java:233)
	at java.net.http/jdk.internal.net.http.SocketTube$InternalReadPublisher$InternalReadSubscription.signalReadable(SocketTube.java:782)
	at java.net.http/jdk.internal.net.http.SocketTube$InternalReadPublisher$ReadEvent.signalEvent(SocketTube.java:965)
	at java.net.http/jdk.internal.net.http.SocketTube$SocketFlowEvent.handle(SocketTube.java:253)
	at java.net.http/jdk.internal.net.http.HttpClientImpl$SelectorManager.handleEvent(HttpClientImpl.java:1469)
	at java.net.http/jdk.internal.net.http.HttpClientImpl$SelectorManager.lambda$run$3(HttpClientImpl.java:1414)
	at java.base/java.util.ArrayList.forEach(ArrayList.java:1596)
	at java.net.http/jdk.internal.net.http.HttpClientImpl$SelectorManager.run(HttpClientImpl.java:1414)

]]></system-err>
  </testcase>
  <testcase name="runScenario[&quot;Categories filter&quot;, &quot;Products page functionality&quot;](33)" classname="TestNGTestRunner" time="13.364">
    <system-out><![CDATA[{"productName":"","minPrice":null,"maxPrice":null,"productCategory":["fashion"],"productSubCategory":[],"productFor":[]}
{"productFor":"women","productStatus":true,"productTotalOrders":"0","productName":"ZARA COAT 3","productCategory":"fashion","productImage":"https://rahulshettyacademy.com/api/ecom/uploads/productImage_1650649434146.jpeg","productSubCategory":"shirts","__v":0,"_id":"6581ca399fd99c85e8ee7f45","productRating":"0","productPrice":31500,"productDescription":"Zara coat for Women and girls","productAddedBy":"admin@gmail.com"}
]]></system-out>
    <system-err><![CDATA[Nov 05, 2024 3:08:52 PM org.openqa.selenium.devtools.CdpVersionFinder findNearestMatch
WARNING: Unable to find an exact match for CDP version 130, returning the closest version; found: 127; Please update to a Selenium version that supports CDP version 130
Nov 05, 2024 3:09:03 PM org.openqa.selenium.devtools.Connection$Listener lambda$onText$0
WARNING: Unable to process: {"method":"Network.responseReceived","params":{"requestId":"31292.32","loaderId":"D492AC87211ED78A3CE3E3A66895F744","timestamp":4448.695494,"type":"XHR","response":{"url":"https://rahulshettyacademy.com/api/ecom/product/get-all-products","status":200,"statusText":"OK","headers":{"ETag":"W/\"37b-x31QGXEG08nKpW1uRb2KRuSFUdY\"","Expect-CT":"max-age=0","X-Permitted-Cross-Domain-Policies":"none","X-Content-Type-Options":"nosniff","Keep-Alive":"timeout=5, max=99","Date":"Tue, 05 Nov 2024 09:39:19 GMT","Content-Type":"application/json; charset=utf-8","Vary":"Accept-Encoding","X-Frame-Options":"SAMEORIGIN","Strict-Transport-Security":"max-age=15552000; includeSubDomains","Content-Security-Policy":"default-src 'self';base-uri 'self';block-all-mixed-content;font-src 'self' https: data:;frame-ancestors 'self';img-src 'self' data:;object-src 'none';script-src 'self';script-src-attr 'none';style-src 'self' https: 'unsafe-inline';upgrade-insecure-requests","X-DNS-Prefetch-Control":"off","Connection":"Keep-Alive","Referrer-Policy":"no-referrer","X-Download-Options":"noopen","Access-Control-Allow-Origin":"*","Content-Length":"891","X-XSS-Protection":"0","Server":"Apache/2.4.52 (Ubuntu)"},"mimeType":"application/json","charset":"utf-8","connectionReused":true,"connectionId":102,"remoteIPAddress":"13.201.9.53","remotePort":443,"fromDiskCache":false,"fromServiceWorker":false,"fromPrefetchCache":false,"encodedDataLength":889,"timing":{"requestTime":4448.510405,"proxyStart":-1,"proxyEnd":-1,"dnsStart":-1,"dnsEnd":-1,"connectStart":-1,"connectEnd":-1,"sslStart":-1,"sslEnd":-1,"workerStart":-1,"workerReady":-1,"workerFetchStart":-1,"workerRespondWithSettled":-1,"sendStart":0.591,"sendEnd":0.735,"pushStart":0,"pushEnd":0,"receiveHeadersStart":183.726,"receiveHeadersEnd":183.995},"responseTime":1.73079953874649e+12,"protocol":"http/1.1","alternateProtocolUsage":"unspecifiedReason","securityState":"secure","securityDetails":{"protocol":"TLS 1.3","keyExchange":"","keyExchangeGroup":"X25519","cipher":"AES_128_GCM","certificateId":0,"subjectName":"rahulshettyacademy.com","sanList":["rahulshettyacademy.com"],"issuer":"E5","validFrom":1726599902,"validTo":1734375901,"signedCertificateTimestampList":[{"status":"Verified","origin":"Embedded in certificate","logDescription":"Let's Encrypt 'Oak2024H2' log","logId":"3F174B4FD7224758941D651C84BE0D12ED90377F1F856AEBC1BF2885ECF8646E","timestamp":1726603412928,"hashAlgorithm":"SHA-256","signatureAlgorithm":"ECDSA","signatureData":"304402206136B9F484BEEF5DAFCCB5A3B9EF18E5E86B48EC5F433A8587B7E2E83463C07802204A2BC563A728DD183CF2024CFCDF23D0C94F3532C459D072A1D94FF227C1F065"},{"status":"Verified","origin":"Embedded in certificate","logDescription":"Google 'Xenon2024' log","logId":"76FF883F0AB6FB9551C261CCF587BA34B4A4CDBB29DC68420A9FE6674C5A3A74","timestamp":1726603412963,"hashAlgorithm":"SHA-256","signatureAlgorithm":"ECDSA","signatureData":"304402200797C0A0A1CC2F171B9D023D76705C0EC9A6D4B6D7A41474DD3833B7A44BAEAC022011B38832F474A19C0940A1398B2D309F476D435701518D1BAAFB1E2FE81F26FF"}],"certificateTransparencyCompliance":"compliant","serverSignatureAlgorithm":1027,"encryptedClientHello":false}},"hasExtraInfo":true,"frameId":"BC898EFC00D6AC235FE6547AA9F18DC1"},"sessionId":"21BD6075FB9C228C582BA364C8B2CDD8"}
org.openqa.selenium.NoSuchElementException: no such element: Unable to locate element: {"method":"css selector","selector":".\.text\-muted"}
  (Session info: chrome=130.0.6723.70)
For documentation on this error, please visit: https://www.selenium.dev/documentation/webdriver/troubleshooting/errors#no-such-element-exception
Build info: version: '4.23.0', revision: '4df0a231af'
System info: os.name: 'Windows 11', os.arch: 'amd64', os.version: '10.0', java.version: '21.0.5'
Driver info: org.openqa.selenium.chrome.ChromeDriver
Command: [092d0503885b987ed6c624a3632bc70b, findChildElement {using=class name, value=.text-muted, id=f.BC898EFC00D6AC235FE6547AA9F18DC1.d.D492AC87211ED78A3CE3E3A66895F744.e.99}]
Capabilities {acceptInsecureCerts: false, browserName: chrome, browserVersion: 130.0.6723.70, chrome: {chromedriverVersion: 130.0.6723.91 (53ac07678369..., userDataDir: C:\Users\santh\AppData\Loca...}, fedcm:accounts: true, goog:chromeOptions: {debuggerAddress: localhost:56613}, networkConnectionEnabled: false, pageLoadStrategy: normal, platformName: windows, proxy: Proxy(), se:cdp: ws://localhost:56613/devtoo..., se:cdpVersion: 130.0.6723.70, setWindowRect: true, strictFileInteractability: false, timeouts: {implicit: 0, pageLoad: 300000, script: 30000}, unhandledPromptBehavior: dismiss and notify, webauthn:extension:credBlob: true, webauthn:extension:largeBlob: true, webauthn:extension:minPinLength: true, webauthn:extension:prf: true, webauthn:virtualAuthenticators: true}
Session ID: 092d0503885b987ed6c624a3632bc70b
	at java.base/jdk.internal.reflect.DirectConstructorHandleAccessor.newInstance(DirectConstructorHandleAccessor.java:62)
	at java.base/java.lang.reflect.Constructor.newInstanceWithCaller(Constructor.java:502)
	at java.base/java.lang.reflect.Constructor.newInstance(Constructor.java:486)
	at org.openqa.selenium.remote.ErrorCodec.decode(ErrorCodec.java:167)
	at org.openqa.selenium.remote.codec.w3c.W3CHttpResponseCodec.decode(W3CHttpResponseCodec.java:138)
	at org.openqa.selenium.remote.codec.w3c.W3CHttpResponseCodec.decode(W3CHttpResponseCodec.java:50)
	at org.openqa.selenium.remote.HttpCommandExecutor.execute(HttpCommandExecutor.java:190)
	at org.openqa.selenium.remote.service.DriverCommandExecutor.invokeExecute(DriverCommandExecutor.java:216)
	at org.openqa.selenium.remote.service.DriverCommandExecutor.execute(DriverCommandExecutor.java:174)
	at org.openqa.selenium.remote.RemoteWebDriver.execute(RemoteWebDriver.java:527)
	at org.openqa.selenium.remote.ElementLocation$ElementFinder$2.findElement(ElementLocation.java:165)
	at org.openqa.selenium.remote.ElementLocation.findElement(ElementLocation.java:59)
	at org.openqa.selenium.remote.RemoteWebDriver.findElement(RemoteWebDriver.java:357)
	at org.openqa.selenium.remote.RemoteWebElement.findElement(RemoteWebElement.java:211)
	at StepDefinitions.ProductsPage.FunctionalityStepDefImpl.lambda$user_filters_using_categories$9(FunctionalityStepDefImpl.java:455)
	at org.openqa.selenium.devtools.DevTools.lambda$addListener$0(DevTools.java:104)
	at org.openqa.selenium.devtools.Connection.lambda$handle$5(Connection.java:348)
	at java.base/java.util.stream.ForEachOps$ForEachOp$OfRef.accept(ForEachOps.java:184)
	at java.base/java.util.stream.ReferencePipeline$2$1.accept(ReferencePipeline.java:179)
	at java.base/java.util.stream.ReferencePipeline$15$1.accept(ReferencePipeline.java:541)
	at java.base/java.util.HashMap$EntrySpliterator.forEachRemaining(HashMap.java:1858)
	at java.base/java.util.stream.AbstractPipeline.copyInto(AbstractPipeline.java:509)
	at java.base/java.util.stream.AbstractPipeline.wrapAndCopyInto(AbstractPipeline.java:499)
	at java.base/java.util.stream.ForEachOps$ForEachOp.evaluateSequential(ForEachOps.java:151)
	at java.base/java.util.stream.ForEachOps$ForEachOp$OfRef.evaluateSequential(ForEachOps.java:174)
	at java.base/java.util.stream.AbstractPipeline.evaluate(AbstractPipeline.java:234)
	at java.base/java.util.stream.ReferencePipeline.forEach(ReferencePipeline.java:596)
	at org.openqa.selenium.devtools.Connection.handle(Connection.java:311)
	at org.openqa.selenium.devtools.Connection$Listener.lambda$onText$0(Connection.java:239)
	at java.base/java.util.concurrent.ThreadPoolExecutor.runWorker(ThreadPoolExecutor.java:1144)
	at java.base/java.util.concurrent.ThreadPoolExecutor$Worker.run(ThreadPoolExecutor.java:642)
	at java.base/java.lang.Thread.run(Thread.java:1583)

Exception in thread "CDP Connection" org.openqa.selenium.devtools.DevToolsException: no such element: Unable to locate element: {"method":"css selector","selector":".\.text\-muted"}
  (Session info: chrome=130.0.6723.70)
For documentation on this error, please visit: https://www.selenium.dev/documentation/webdriver/troubleshooting/errors#no-such-element-exception
Build info: version: '4.23.0', revision: '4df0a231af'
System info: os.name: 'Windows 11', os.arch: 'amd64', os.version: '10.0', java.version: '21.0.5'
Driver info: org.openqa.selenium.chrome.ChromeDriver
Command: [092d0503885b987ed6c624a3632bc70b, findChildElement {using=class name, value=.text-muted, id=f.BC898EFC00D6AC235FE6547AA9F18DC1.d.D492AC87211ED78A3CE3E3A66895F744.e.99}]
Capabilities {acceptInsecureCerts: false, browserName: chrome, browserVersion: 130.0.6723.70, chrome: {chromedriverVersion: 130.0.6723.91 (53ac07678369..., userDataDir: C:\Users\santh\AppData\Loca...}, fedcm:accounts: true, goog:chromeOptions: {debuggerAddress: localhost:56613}, networkConnectionEnabled: false, pageLoadStrategy: normal, platformName: windows, proxy: Proxy(), se:cdp: ws://localhost:56613/devtoo..., se:cdpVersion: 130.0.6723.70, setWindowRect: true, strictFileInteractability: false, timeouts: {implicit: 0, pageLoad: 300000, script: 30000}, unhandledPromptBehavior: dismiss and notify, webauthn:extension:credBlob: true, webauthn:extension:largeBlob: true, webauthn:extension:minPinLength: true, webauthn:extension:prf: true, webauthn:virtualAuthenticators: true}
Session ID: 092d0503885b987ed6c624a3632bc70b
	at org.openqa.selenium.devtools.Connection$Listener.lambda$onText$0(Connection.java:242)
	at java.base/java.util.concurrent.ThreadPoolExecutor.runWorker(ThreadPoolExecutor.java:1144)
	at java.base/java.util.concurrent.ThreadPoolExecutor$Worker.run(ThreadPoolExecutor.java:642)
	at java.base/java.lang.Thread.run(Thread.java:1583)
Caused by: org.openqa.selenium.NoSuchElementException: no such element: Unable to locate element: {"method":"css selector","selector":".\.text\-muted"}
  (Session info: chrome=130.0.6723.70)
For documentation on this error, please visit: https://www.selenium.dev/documentation/webdriver/troubleshooting/errors#no-such-element-exception
Build info: version: '4.23.0', revision: '4df0a231af'
System info: os.name: 'Windows 11', os.arch: 'amd64', os.version: '10.0', java.version: '21.0.5'
Driver info: org.openqa.selenium.chrome.ChromeDriver
Command: [092d0503885b987ed6c624a3632bc70b, findChildElement {using=class name, value=.text-muted, id=f.BC898EFC00D6AC235FE6547AA9F18DC1.d.D492AC87211ED78A3CE3E3A66895F744.e.99}]
Capabilities {acceptInsecureCerts: false, browserName: chrome, browserVersion: 130.0.6723.70, chrome: {chromedriverVersion: 130.0.6723.91 (53ac07678369..., userDataDir: C:\Users\santh\AppData\Loca...}, fedcm:accounts: true, goog:chromeOptions: {debuggerAddress: localhost:56613}, networkConnectionEnabled: false, pageLoadStrategy: normal, platformName: windows, proxy: Proxy(), se:cdp: ws://localhost:56613/devtoo..., se:cdpVersion: 130.0.6723.70, setWindowRect: true, strictFileInteractability: false, timeouts: {implicit: 0, pageLoad: 300000, script: 30000}, unhandledPromptBehavior: dismiss and notify, webauthn:extension:credBlob: true, webauthn:extension:largeBlob: true, webauthn:extension:minPinLength: true, webauthn:extension:prf: true, webauthn:virtualAuthenticators: true}
Session ID: 092d0503885b987ed6c624a3632bc70b
	at java.base/jdk.internal.reflect.DirectConstructorHandleAccessor.newInstance(DirectConstructorHandleAccessor.java:62)
	at java.base/java.lang.reflect.Constructor.newInstanceWithCaller(Constructor.java:502)
	at java.base/java.lang.reflect.Constructor.newInstance(Constructor.java:486)
	at org.openqa.selenium.remote.ErrorCodec.decode(ErrorCodec.java:167)
	at org.openqa.selenium.remote.codec.w3c.W3CHttpResponseCodec.decode(W3CHttpResponseCodec.java:138)
	at org.openqa.selenium.remote.codec.w3c.W3CHttpResponseCodec.decode(W3CHttpResponseCodec.java:50)
	at org.openqa.selenium.remote.HttpCommandExecutor.execute(HttpCommandExecutor.java:190)
	at org.openqa.selenium.remote.service.DriverCommandExecutor.invokeExecute(DriverCommandExecutor.java:216)
	at org.openqa.selenium.remote.service.DriverCommandExecutor.execute(DriverCommandExecutor.java:174)
	at org.openqa.selenium.remote.RemoteWebDriver.execute(RemoteWebDriver.java:527)
	at org.openqa.selenium.remote.ElementLocation$ElementFinder$2.findElement(ElementLocation.java:165)
	at org.openqa.selenium.remote.ElementLocation.findElement(ElementLocation.java:59)
	at org.openqa.selenium.remote.RemoteWebDriver.findElement(RemoteWebDriver.java:357)
	at org.openqa.selenium.remote.RemoteWebElement.findElement(RemoteWebElement.java:211)
	at StepDefinitions.ProductsPage.FunctionalityStepDefImpl.lambda$user_filters_using_categories$9(FunctionalityStepDefImpl.java:455)
	at org.openqa.selenium.devtools.DevTools.lambda$addListener$0(DevTools.java:104)
	at org.openqa.selenium.devtools.Connection.lambda$handle$5(Connection.java:348)
	at java.base/java.util.stream.ForEachOps$ForEachOp$OfRef.accept(ForEachOps.java:184)
	at java.base/java.util.stream.ReferencePipeline$2$1.accept(ReferencePipeline.java:179)
	at java.base/java.util.stream.ReferencePipeline$15$1.accept(ReferencePipeline.java:541)
	at java.base/java.util.HashMap$EntrySpliterator.forEachRemaining(HashMap.java:1858)
	at java.base/java.util.stream.AbstractPipeline.copyInto(AbstractPipeline.java:509)
	at java.base/java.util.stream.AbstractPipeline.wrapAndCopyInto(AbstractPipeline.java:499)
	at java.base/java.util.stream.ForEachOps$ForEachOp.evaluateSequential(ForEachOps.java:151)
	at java.base/java.util.stream.ForEachOps$ForEachOp$OfRef.evaluateSequential(ForEachOps.java:174)
	at java.base/java.util.stream.AbstractPipeline.evaluate(AbstractPipeline.java:234)
	at java.base/java.util.stream.ReferencePipeline.forEach(ReferencePipeline.java:596)
	at org.openqa.selenium.devtools.Connection.handle(Connection.java:311)
	at org.openqa.selenium.devtools.Connection$Listener.lambda$onText$0(Connection.java:239)
	... 3 more
]]></system-err>
  </testcase>
  <testcase name="runScenario[&quot;User submits empty registration form&quot;, &quot;Register page error handling&quot;](34)" classname="TestNGTestRunner" time="7.272">
    <system-err><![CDATA[Nov 05, 2024 3:09:05 PM org.openqa.selenium.devtools.CdpVersionFinder findNearestMatch
WARNING: Unable to find an exact match for CDP version 130, returning the closest version; found: 127; Please update to a Selenium version that supports CDP version 130
]]></system-err>
  </testcase>
  <testcase name="runScenario[&quot;User provides inalid email and invalid email error is displayed&quot;, &quot;Register page error handling&quot;](35)" classname="TestNGTestRunner" time="7.529">
    <system-err><![CDATA[Nov 05, 2024 3:09:12 PM org.openqa.selenium.devtools.CdpVersionFinder findNearestMatch
WARNING: Unable to find an exact match for CDP version 130, returning the closest version; found: 127; Please update to a Selenium version that supports CDP version 130
Nov 05, 2024 3:09:16 PM org.openqa.selenium.remote.http.WebSocket$Listener onError
WARNING: Connection reset
java.net.SocketException: Connection reset
	at java.base/sun.nio.ch.SocketChannelImpl.throwConnectionReset(SocketChannelImpl.java:401)
	at java.base/sun.nio.ch.SocketChannelImpl.read(SocketChannelImpl.java:434)
	at java.net.http/jdk.internal.net.http.SocketTube.readAvailable(SocketTube.java:1178)
	at java.net.http/jdk.internal.net.http.SocketTube$InternalReadPublisher$InternalReadSubscription.read(SocketTube.java:841)
	at java.net.http/jdk.internal.net.http.SocketTube$SocketFlowTask.run(SocketTube.java:181)
	at java.net.http/jdk.internal.net.http.common.SequentialScheduler$SchedulableTask.run(SequentialScheduler.java:207)
	at java.net.http/jdk.internal.net.http.common.SequentialScheduler.runOrSchedule(SequentialScheduler.java:280)
	at java.net.http/jdk.internal.net.http.common.SequentialScheduler.runOrSchedule(SequentialScheduler.java:233)
	at java.net.http/jdk.internal.net.http.SocketTube$InternalReadPublisher$InternalReadSubscription.signalReadable(SocketTube.java:782)
	at java.net.http/jdk.internal.net.http.SocketTube$InternalReadPublisher$ReadEvent.signalEvent(SocketTube.java:965)
	at java.net.http/jdk.internal.net.http.SocketTube$SocketFlowEvent.handle(SocketTube.java:253)
	at java.net.http/jdk.internal.net.http.HttpClientImpl$SelectorManager.handleEvent(HttpClientImpl.java:1469)
	at java.net.http/jdk.internal.net.http.HttpClientImpl$SelectorManager.lambda$run$3(HttpClientImpl.java:1414)
	at java.base/java.util.ArrayList.forEach(ArrayList.java:1596)
	at java.net.http/jdk.internal.net.http.HttpClientImpl$SelectorManager.run(HttpClientImpl.java:1414)

]]></system-err>
  </testcase>
  <testcase name="runScenario[&quot;User provides mismatch password and password mismatch error is displayed&quot;, &quot;Register page error handling&quot;](36)" classname="TestNGTestRunner" time="8.361">
    <system-err><![CDATA[Nov 05, 2024 3:09:20 PM org.openqa.selenium.devtools.CdpVersionFinder findNearestMatch
WARNING: Unable to find an exact match for CDP version 130, returning the closest version; found: 127; Please update to a Selenium version that supports CDP version 130
Nov 05, 2024 3:09:25 PM org.openqa.selenium.remote.http.WebSocket$Listener onError
WARNING: Connection reset
java.net.SocketException: Connection reset
	at java.base/sun.nio.ch.SocketChannelImpl.throwConnectionReset(SocketChannelImpl.java:401)
	at java.base/sun.nio.ch.SocketChannelImpl.read(SocketChannelImpl.java:434)
	at java.net.http/jdk.internal.net.http.SocketTube.readAvailable(SocketTube.java:1178)
	at java.net.http/jdk.internal.net.http.SocketTube$InternalReadPublisher$InternalReadSubscription.read(SocketTube.java:841)
	at java.net.http/jdk.internal.net.http.SocketTube$SocketFlowTask.run(SocketTube.java:181)
	at java.net.http/jdk.internal.net.http.common.SequentialScheduler$SchedulableTask.run(SequentialScheduler.java:207)
	at java.net.http/jdk.internal.net.http.common.SequentialScheduler.runOrSchedule(SequentialScheduler.java:280)
	at java.net.http/jdk.internal.net.http.common.SequentialScheduler.runOrSchedule(SequentialScheduler.java:233)
	at java.net.http/jdk.internal.net.http.SocketTube$InternalReadPublisher$InternalReadSubscription.signalReadable(SocketTube.java:782)
	at java.net.http/jdk.internal.net.http.SocketTube$InternalReadPublisher$ReadEvent.signalEvent(SocketTube.java:965)
	at java.net.http/jdk.internal.net.http.SocketTube$SocketFlowEvent.handle(SocketTube.java:253)
	at java.net.http/jdk.internal.net.http.HttpClientImpl$SelectorManager.handleEvent(HttpClientImpl.java:1469)
	at java.net.http/jdk.internal.net.http.HttpClientImpl$SelectorManager.lambda$run$3(HttpClientImpl.java:1414)
	at java.base/java.util.ArrayList.forEach(ArrayList.java:1596)
	at java.net.http/jdk.internal.net.http.HttpClientImpl$SelectorManager.run(HttpClientImpl.java:1414)

]]></system-err>
  </testcase>
  <testcase name="runScenario[&quot;User provides mobile number with chars and mobile error is displayed&quot;, &quot;Register page error handling&quot;](37)" classname="TestNGTestRunner" time="9.218">
    <system-err><![CDATA[Nov 05, 2024 3:09:29 PM org.openqa.selenium.devtools.CdpVersionFinder findNearestMatch
WARNING: Unable to find an exact match for CDP version 130, returning the closest version; found: 127; Please update to a Selenium version that supports CDP version 130
Nov 05, 2024 3:09:34 PM org.openqa.selenium.remote.http.WebSocket$Listener onError
WARNING: Connection reset
java.net.SocketException: Connection reset
	at java.base/sun.nio.ch.SocketChannelImpl.throwConnectionReset(SocketChannelImpl.java:401)
	at java.base/sun.nio.ch.SocketChannelImpl.read(SocketChannelImpl.java:434)
	at java.net.http/jdk.internal.net.http.SocketTube.readAvailable(SocketTube.java:1178)
	at java.net.http/jdk.internal.net.http.SocketTube$InternalReadPublisher$InternalReadSubscription.read(SocketTube.java:841)
	at java.net.http/jdk.internal.net.http.SocketTube$SocketFlowTask.run(SocketTube.java:181)
	at java.net.http/jdk.internal.net.http.common.SequentialScheduler$SchedulableTask.run(SequentialScheduler.java:207)
	at java.net.http/jdk.internal.net.http.common.SequentialScheduler.runOrSchedule(SequentialScheduler.java:280)
	at java.net.http/jdk.internal.net.http.common.SequentialScheduler.runOrSchedule(SequentialScheduler.java:233)
	at java.net.http/jdk.internal.net.http.SocketTube$InternalReadPublisher$InternalReadSubscription.signalReadable(SocketTube.java:782)
	at java.net.http/jdk.internal.net.http.SocketTube$InternalReadPublisher$ReadEvent.signalEvent(SocketTube.java:965)
	at java.net.http/jdk.internal.net.http.SocketTube$SocketFlowEvent.handle(SocketTube.java:253)
	at java.net.http/jdk.internal.net.http.HttpClientImpl$SelectorManager.handleEvent(HttpClientImpl.java:1469)
	at java.net.http/jdk.internal.net.http.HttpClientImpl$SelectorManager.lambda$run$3(HttpClientImpl.java:1414)
	at java.base/java.util.ArrayList.forEach(ArrayList.java:1596)
	at java.net.http/jdk.internal.net.http.HttpClientImpl$SelectorManager.run(HttpClientImpl.java:1414)

]]></system-err>
  </testcase>
  <testcase name="runScenario[&quot;User provides mobile number with less than 10 digits and mobile error is displayed&quot;, &quot;Register page error handling&quot;](38)" classname="TestNGTestRunner" time="9.282">
    <system-err><![CDATA[Nov 05, 2024 3:09:37 PM org.openqa.selenium.devtools.CdpVersionFinder findNearestMatch
WARNING: Unable to find an exact match for CDP version 130, returning the closest version; found: 127; Please update to a Selenium version that supports CDP version 130
Nov 05, 2024 3:09:43 PM org.openqa.selenium.remote.http.WebSocket$Listener onError
WARNING: Connection reset
java.net.SocketException: Connection reset
	at java.base/sun.nio.ch.SocketChannelImpl.throwConnectionReset(SocketChannelImpl.java:401)
	at java.base/sun.nio.ch.SocketChannelImpl.read(SocketChannelImpl.java:434)
	at java.net.http/jdk.internal.net.http.SocketTube.readAvailable(SocketTube.java:1178)
	at java.net.http/jdk.internal.net.http.SocketTube$InternalReadPublisher$InternalReadSubscription.read(SocketTube.java:841)
	at java.net.http/jdk.internal.net.http.SocketTube$SocketFlowTask.run(SocketTube.java:181)
	at java.net.http/jdk.internal.net.http.common.SequentialScheduler$SchedulableTask.run(SequentialScheduler.java:207)
	at java.net.http/jdk.internal.net.http.common.SequentialScheduler.runOrSchedule(SequentialScheduler.java:280)
	at java.net.http/jdk.internal.net.http.common.SequentialScheduler.runOrSchedule(SequentialScheduler.java:233)
	at java.net.http/jdk.internal.net.http.SocketTube$InternalReadPublisher$InternalReadSubscription.signalReadable(SocketTube.java:782)
	at java.net.http/jdk.internal.net.http.SocketTube$InternalReadPublisher$ReadEvent.signalEvent(SocketTube.java:965)
	at java.net.http/jdk.internal.net.http.SocketTube$SocketFlowEvent.handle(SocketTube.java:253)
	at java.net.http/jdk.internal.net.http.HttpClientImpl$SelectorManager.handleEvent(HttpClientImpl.java:1469)
	at java.net.http/jdk.internal.net.http.HttpClientImpl$SelectorManager.lambda$run$3(HttpClientImpl.java:1414)
	at java.base/java.util.ArrayList.forEach(ArrayList.java:1596)
	at java.net.http/jdk.internal.net.http.HttpClientImpl$SelectorManager.run(HttpClientImpl.java:1414)

]]></system-err>
  </testcase>
  <testcase name="runScenario[&quot;User provides registered email and registerd user is displayed&quot;, &quot;Register page error handling&quot;](39)" classname="TestNGTestRunner" time="8.615">
    <system-err><![CDATA[Nov 05, 2024 3:09:47 PM org.openqa.selenium.devtools.CdpVersionFinder findNearestMatch
WARNING: Unable to find an exact match for CDP version 130, returning the closest version; found: 127; Please update to a Selenium version that supports CDP version 130
Nov 05, 2024 3:09:51 PM org.openqa.selenium.devtools.Connection$Listener lambda$onText$0
WARNING: Unable to process: {"method":"Network.responseReceived","params":{"requestId":"24364.22","loaderId":"5C8664E6C57C7B1096454F93FF1E800D","timestamp":4501.531336,"type":"Other","response":{"url":"https://rahulshettyacademy.com/api/ecom/auth/register","status":400,"statusText":"Bad Request","headers":{"ETag":"W/\"36-P1IkbAVinPZnsnsl+gSlDYl9r30\"","Expect-CT":"max-age=0","X-Permitted-Cross-Domain-Policies":"none","X-Content-Type-Options":"nosniff","Date":"Tue, 05 Nov 2024 09:40:12 GMT","Content-Type":"application/json; charset=utf-8","Vary":"Accept-Encoding","X-Frame-Options":"SAMEORIGIN","Strict-Transport-Security":"max-age=15552000; includeSubDomains","Content-Security-Policy":"default-src 'self';base-uri 'self';block-all-mixed-content;font-src 'self' https: data:;frame-ancestors 'self';img-src 'self' data:;object-src 'none';script-src 'self';script-src-attr 'none';style-src 'self' https: 'unsafe-inline';upgrade-insecure-requests","X-DNS-Prefetch-Control":"off","Connection":"close","Referrer-Policy":"no-referrer","X-Download-Options":"noopen","Access-Control-Allow-Origin":"*","Content-Length":"54","X-XSS-Protection":"0","Server":"Apache/2.4.52 (Ubuntu)"},"mimeType":"application/json","charset":"utf-8","connectionReused":true,"connectionId":94,"remoteIPAddress":"13.201.9.53","remotePort":443,"fromDiskCache":false,"fromServiceWorker":false,"fromPrefetchCache":false,"encodedDataLength":860,"timing":{"requestTime":4501.441111,"proxyStart":-1,"proxyEnd":-1,"dnsStart":-1,"dnsEnd":-1,"connectStart":-1,"connectEnd":-1,"sslStart":-1,"sslEnd":-1,"workerStart":-1,"workerReady":-1,"workerFetchStart":-1,"workerRespondWithSettled":-1,"sendStart":0.482,"sendEnd":0.644,"pushStart":0,"pushEnd":0,"receiveHeadersStart":89.263,"receiveHeadersEnd":89.321},"responseTime":1.730799591583271e+12,"protocol":"http/1.1","alternateProtocolUsage":"unspecifiedReason","securityState":"secure","securityDetails":{"protocol":"TLS 1.3","keyExchange":"","keyExchangeGroup":"X25519","cipher":"AES_128_GCM","certificateId":0,"subjectName":"rahulshettyacademy.com","sanList":["rahulshettyacademy.com"],"issuer":"E5","validFrom":1726599902,"validTo":1734375901,"signedCertificateTimestampList":[{"status":"Verified","origin":"Embedded in certificate","logDescription":"Let's Encrypt 'Oak2024H2' log","logId":"3F174B4FD7224758941D651C84BE0D12ED90377F1F856AEBC1BF2885ECF8646E","timestamp":1726603412928,"hashAlgorithm":"SHA-256","signatureAlgorithm":"ECDSA","signatureData":"304402206136B9F484BEEF5DAFCCB5A3B9EF18E5E86B48EC5F433A8587B7E2E83463C07802204A2BC563A728DD183CF2024CFCDF23D0C94F3532C459D072A1D94FF227C1F065"},{"status":"Verified","origin":"Embedded in certificate","logDescription":"Google 'Xenon2024' log","logId":"76FF883F0AB6FB9551C261CCF587BA34B4A4CDBB29DC68420A9FE6674C5A3A74","timestamp":1726603412963,"hashAlgorithm":"SHA-256","signatureAlgorithm":"ECDSA","signatureData":"304402200797C0A0A1CC2F171B9D023D76705C0EC9A6D4B6D7A41474DD3833B7A44BAEAC022011B38832F474A19C0940A1398B2D309F476D435701518D1BAAFB1E2FE81F26FF"}],"certificateTransparencyCompliance":"compliant","serverSignatureAlgorithm":1027,"encryptedClientHello":false}},"hasExtraInfo":true,"frameId":"AA4B2220AE1698288A81375E5053AD59"},"sessionId":"ED6E254268595B328AFB952DAD8B8685"}
org.openqa.selenium.devtools.DevToolsException: {"id":190,"error":{"code":-32000,"message":"No resource with given identifier found"},"sessionId":"ED6E254268595B328AFB952DAD8B8685"}
Build info: version: '4.23.0', revision: '4df0a231af'
System info: os.name: 'Windows 11', os.arch: 'amd64', os.version: '10.0', java.version: '21.0.5'
Driver info: driver.version: unknown
	at org.openqa.selenium.devtools.Connection.sendAndWait(Connection.java:195)
	at org.openqa.selenium.devtools.DevTools.send(DevTools.java:90)
	at StepDefinitions.RegisterPage.ErrorHandlingStepDefImpl.lambda$user_exist_error_message_is_displayed$1(ErrorHandlingStepDefImpl.java:116)
	at org.openqa.selenium.devtools.DevTools.lambda$addListener$0(DevTools.java:104)
	at org.openqa.selenium.devtools.Connection.lambda$handle$5(Connection.java:348)
	at java.base/java.util.stream.ForEachOps$ForEachOp$OfRef.accept(ForEachOps.java:184)
	at java.base/java.util.stream.ReferencePipeline$2$1.accept(ReferencePipeline.java:179)
	at java.base/java.util.stream.ReferencePipeline$15$1.accept(ReferencePipeline.java:541)
	at java.base/java.util.HashMap$EntrySpliterator.forEachRemaining(HashMap.java:1858)
	at java.base/java.util.stream.AbstractPipeline.copyInto(AbstractPipeline.java:509)
	at java.base/java.util.stream.AbstractPipeline.wrapAndCopyInto(AbstractPipeline.java:499)
	at java.base/java.util.stream.ForEachOps$ForEachOp.evaluateSequential(ForEachOps.java:151)
	at java.base/java.util.stream.ForEachOps$ForEachOp$OfRef.evaluateSequential(ForEachOps.java:174)
	at java.base/java.util.stream.AbstractPipeline.evaluate(AbstractPipeline.java:234)
	at java.base/java.util.stream.ReferencePipeline.forEach(ReferencePipeline.java:596)
	at org.openqa.selenium.devtools.Connection.handle(Connection.java:311)
	at org.openqa.selenium.devtools.Connection$Listener.lambda$onText$0(Connection.java:239)
	at java.base/java.util.concurrent.ThreadPoolExecutor.runWorker(ThreadPoolExecutor.java:1144)
	at java.base/java.util.concurrent.ThreadPoolExecutor$Worker.run(ThreadPoolExecutor.java:642)
	at java.base/java.lang.Thread.run(Thread.java:1583)
Caused by: org.openqa.selenium.WebDriverException: {"id":190,"error":{"code":-32000,"message":"No resource with given identifier found"},"sessionId":"ED6E254268595B328AFB952DAD8B8685"}
Build info: version: '4.23.0', revision: '4df0a231af'
System info: os.name: 'Windows 11', os.arch: 'amd64', os.version: '10.0', java.version: '21.0.5'
Driver info: driver.version: unknown
	at org.openqa.selenium.devtools.Connection.handle(Connection.java:275)
	... 4 more

Exception in thread "CDP Connection" org.openqa.selenium.devtools.DevToolsException: {"id":190,"error":{"code":-32000,"message":"No resource with given identifier found"},"sessionId":"ED6E254268595B328AFB952DAD8B8685"}
Build info: version: '4.23.0', revision: '4df0a231af'
System info: os.name: 'Windows 11', os.arch: 'amd64', os.version: '10.0', java.version: '21.0.5'
Driver info: driver.version: unknown
	at org.openqa.selenium.devtools.Connection$Listener.lambda$onText$0(Connection.java:242)
	at java.base/java.util.concurrent.ThreadPoolExecutor.runWorker(ThreadPoolExecutor.java:1144)
	at java.base/java.util.concurrent.ThreadPoolExecutor$Worker.run(ThreadPoolExecutor.java:642)
	at java.base/java.lang.Thread.run(Thread.java:1583)
Caused by: org.openqa.selenium.devtools.DevToolsException: {"id":190,"error":{"code":-32000,"message":"No resource with given identifier found"},"sessionId":"ED6E254268595B328AFB952DAD8B8685"}
Build info: version: '4.23.0', revision: '4df0a231af'
System info: os.name: 'Windows 11', os.arch: 'amd64', os.version: '10.0', java.version: '21.0.5'
Driver info: driver.version: unknown
	at org.openqa.selenium.devtools.Connection.sendAndWait(Connection.java:195)
	at org.openqa.selenium.devtools.DevTools.send(DevTools.java:90)
	at StepDefinitions.RegisterPage.ErrorHandlingStepDefImpl.lambda$user_exist_error_message_is_displayed$1(ErrorHandlingStepDefImpl.java:116)
	at org.openqa.selenium.devtools.DevTools.lambda$addListener$0(DevTools.java:104)
	at org.openqa.selenium.devtools.Connection.lambda$handle$5(Connection.java:348)
	at java.base/java.util.stream.ForEachOps$ForEachOp$OfRef.accept(ForEachOps.java:184)
	at java.base/java.util.stream.ReferencePipeline$2$1.accept(ReferencePipeline.java:179)
	at java.base/java.util.stream.ReferencePipeline$15$1.accept(ReferencePipeline.java:541)
	at java.base/java.util.HashMap$EntrySpliterator.forEachRemaining(HashMap.java:1858)
	at java.base/java.util.stream.AbstractPipeline.copyInto(AbstractPipeline.java:509)
	at java.base/java.util.stream.AbstractPipeline.wrapAndCopyInto(AbstractPipeline.java:499)
	at java.base/java.util.stream.ForEachOps$ForEachOp.evaluateSequential(ForEachOps.java:151)
	at java.base/java.util.stream.ForEachOps$ForEachOp$OfRef.evaluateSequential(ForEachOps.java:174)
	at java.base/java.util.stream.AbstractPipeline.evaluate(AbstractPipeline.java:234)
	at java.base/java.util.stream.ReferencePipeline.forEach(ReferencePipeline.java:596)
	at org.openqa.selenium.devtools.Connection.handle(Connection.java:311)
	at org.openqa.selenium.devtools.Connection$Listener.lambda$onText$0(Connection.java:239)
	... 3 more
Caused by: org.openqa.selenium.WebDriverException: {"id":190,"error":{"code":-32000,"message":"No resource with given identifier found"},"sessionId":"ED6E254268595B328AFB952DAD8B8685"}
Build info: version: '4.23.0', revision: '4df0a231af'
System info: os.name: 'Windows 11', os.arch: 'amd64', os.version: '10.0', java.version: '21.0.5'
Driver info: driver.version: unknown
	at org.openqa.selenium.devtools.Connection.handle(Connection.java:275)
	... 4 more
Nov 05, 2024 3:09:51 PM org.openqa.selenium.devtools.Connection$Listener lambda$onText$0
WARNING: Unable to process: {"method":"Network.responseReceived","params":{"requestId":"24364.22","loaderId":"5C8664E6C57C7B1096454F93FF1E800D","timestamp":4501.531276,"type":"XHR","response":{"url":"https://rahulshettyacademy.com/api/ecom/auth/register","status":400,"statusText":"Bad Request","headers":{"ETag":"W/\"36-P1IkbAVinPZnsnsl+gSlDYl9r30\"","Expect-CT":"max-age=0","X-Permitted-Cross-Domain-Policies":"none","X-Content-Type-Options":"nosniff","Date":"Tue, 05 Nov 2024 09:40:12 GMT","Content-Type":"application/json; charset=utf-8","Vary":"Accept-Encoding","X-Frame-Options":"SAMEORIGIN","Strict-Transport-Security":"max-age=15552000; includeSubDomains","Content-Security-Policy":"default-src 'self';base-uri 'self';block-all-mixed-content;font-src 'self' https: data:;frame-ancestors 'self';img-src 'self' data:;object-src 'none';script-src 'self';script-src-attr 'none';style-src 'self' https: 'unsafe-inline';upgrade-insecure-requests","X-DNS-Prefetch-Control":"off","Connection":"close","Referrer-Policy":"no-referrer","X-Download-Options":"noopen","Access-Control-Allow-Origin":"*","Content-Length":"54","X-XSS-Protection":"0","Server":"Apache/2.4.52 (Ubuntu)"},"mimeType":"application/json","charset":"utf-8","connectionReused":true,"connectionId":94,"remoteIPAddress":"13.201.9.53","remotePort":443,"fromDiskCache":false,"fromServiceWorker":false,"fromPrefetchCache":false,"encodedDataLength":860,"timing":{"requestTime":4501.441111,"proxyStart":-1,"proxyEnd":-1,"dnsStart":-1,"dnsEnd":-1,"connectStart":-1,"connectEnd":-1,"sslStart":-1,"sslEnd":-1,"workerStart":-1,"workerReady":-1,"workerFetchStart":-1,"workerRespondWithSettled":-1,"sendStart":0.482,"sendEnd":0.644,"pushStart":0,"pushEnd":0,"receiveHeadersStart":89.263,"receiveHeadersEnd":89.321},"responseTime":1.730799591583271e+12,"protocol":"http/1.1","alternateProtocolUsage":"unspecifiedReason","securityState":"secure","securityDetails":{"protocol":"TLS 1.3","keyExchange":"","keyExchangeGroup":"X25519","cipher":"AES_128_GCM","certificateId":0,"subjectName":"rahulshettyacademy.com","sanList":["rahulshettyacademy.com"],"issuer":"E5","validFrom":1726599902,"validTo":1734375901,"signedCertificateTimestampList":[{"status":"Verified","origin":"Embedded in certificate","logDescription":"Let's Encrypt 'Oak2024H2' log","logId":"3F174B4FD7224758941D651C84BE0D12ED90377F1F856AEBC1BF2885ECF8646E","timestamp":1726603412928,"hashAlgorithm":"SHA-256","signatureAlgorithm":"ECDSA","signatureData":"304402206136B9F484BEEF5DAFCCB5A3B9EF18E5E86B48EC5F433A8587B7E2E83463C07802204A2BC563A728DD183CF2024CFCDF23D0C94F3532C459D072A1D94FF227C1F065"},{"status":"Verified","origin":"Embedded in certificate","logDescription":"Google 'Xenon2024' log","logId":"76FF883F0AB6FB9551C261CCF587BA34B4A4CDBB29DC68420A9FE6674C5A3A74","timestamp":1726603412963,"hashAlgorithm":"SHA-256","signatureAlgorithm":"ECDSA","signatureData":"304402200797C0A0A1CC2F171B9D023D76705C0EC9A6D4B6D7A41474DD3833B7A44BAEAC022011B38832F474A19C0940A1398B2D309F476D435701518D1BAAFB1E2FE81F26FF"}],"certificateTransparencyCompliance":"compliant","serverSignatureAlgorithm":1027,"encryptedClientHello":false}},"hasExtraInfo":true,"frameId":"AA4B2220AE1698288A81375E5053AD59"},"sessionId":"81AAF7F48E4184CE13392FAB59544BE0"}
org.openqa.selenium.devtools.DevToolsException: {"id":191,"error":{"code":-32000,"message":"No resource with given identifier found"},"sessionId":"ED6E254268595B328AFB952DAD8B8685"}
Build info: version: '4.23.0', revision: '4df0a231af'
System info: os.name: 'Windows 11', os.arch: 'amd64', os.version: '10.0', java.version: '21.0.5'
Driver info: driver.version: unknown
	at org.openqa.selenium.devtools.Connection.sendAndWait(Connection.java:195)
	at org.openqa.selenium.devtools.DevTools.send(DevTools.java:90)
	at StepDefinitions.RegisterPage.ErrorHandlingStepDefImpl.lambda$user_exist_error_message_is_displayed$1(ErrorHandlingStepDefImpl.java:116)
	at org.openqa.selenium.devtools.DevTools.lambda$addListener$0(DevTools.java:104)
	at org.openqa.selenium.devtools.Connection.lambda$handle$5(Connection.java:348)
	at java.base/java.util.stream.ForEachOps$ForEachOp$OfRef.accept(ForEachOps.java:184)
	at java.base/java.util.stream.ReferencePipeline$2$1.accept(ReferencePipeline.java:179)
	at java.base/java.util.stream.ReferencePipeline$15$1.accept(ReferencePipeline.java:541)
	at java.base/java.util.HashMap$EntrySpliterator.forEachRemaining(HashMap.java:1858)
	at java.base/java.util.stream.AbstractPipeline.copyInto(AbstractPipeline.java:509)
	at java.base/java.util.stream.AbstractPipeline.wrapAndCopyInto(AbstractPipeline.java:499)
	at java.base/java.util.stream.ForEachOps$ForEachOp.evaluateSequential(ForEachOps.java:151)
	at java.base/java.util.stream.ForEachOps$ForEachOp$OfRef.evaluateSequential(ForEachOps.java:174)
	at java.base/java.util.stream.AbstractPipeline.evaluate(AbstractPipeline.java:234)
	at java.base/java.util.stream.ReferencePipeline.forEach(ReferencePipeline.java:596)
	at org.openqa.selenium.devtools.Connection.handle(Connection.java:311)
	at org.openqa.selenium.devtools.Connection$Listener.lambda$onText$0(Connection.java:239)
	at java.base/java.util.concurrent.ThreadPoolExecutor.runWorker(ThreadPoolExecutor.java:1144)
	at java.base/java.util.concurrent.ThreadPoolExecutor$Worker.run(ThreadPoolExecutor.java:642)
	at java.base/java.lang.Thread.run(Thread.java:1583)
Caused by: org.openqa.selenium.WebDriverException: {"id":191,"error":{"code":-32000,"message":"No resource with given identifier found"},"sessionId":"ED6E254268595B328AFB952DAD8B8685"}
Build info: version: '4.23.0', revision: '4df0a231af'
System info: os.name: 'Windows 11', os.arch: 'amd64', os.version: '10.0', java.version: '21.0.5'
Driver info: driver.version: unknown
	at org.openqa.selenium.devtools.Connection.handle(Connection.java:275)
	... 4 more

Exception in thread "CDP Connection" org.openqa.selenium.devtools.DevToolsException: {"id":191,"error":{"code":-32000,"message":"No resource with given identifier found"},"sessionId":"ED6E254268595B328AFB952DAD8B8685"}
Build info: version: '4.23.0', revision: '4df0a231af'
System info: os.name: 'Windows 11', os.arch: 'amd64', os.version: '10.0', java.version: '21.0.5'
Driver info: driver.version: unknown
	at org.openqa.selenium.devtools.Connection$Listener.lambda$onText$0(Connection.java:242)
	at java.base/java.util.concurrent.ThreadPoolExecutor.runWorker(ThreadPoolExecutor.java:1144)
	at java.base/java.util.concurrent.ThreadPoolExecutor$Worker.run(ThreadPoolExecutor.java:642)
	at java.base/java.lang.Thread.run(Thread.java:1583)
Caused by: org.openqa.selenium.devtools.DevToolsException: {"id":191,"error":{"code":-32000,"message":"No resource with given identifier found"},"sessionId":"ED6E254268595B328AFB952DAD8B8685"}
Build info: version: '4.23.0', revision: '4df0a231af'
System info: os.name: 'Windows 11', os.arch: 'amd64', os.version: '10.0', java.version: '21.0.5'
Driver info: driver.version: unknown
	at org.openqa.selenium.devtools.Connection.sendAndWait(Connection.java:195)
	at org.openqa.selenium.devtools.DevTools.send(DevTools.java:90)
	at StepDefinitions.RegisterPage.ErrorHandlingStepDefImpl.lambda$user_exist_error_message_is_displayed$1(ErrorHandlingStepDefImpl.java:116)
	at org.openqa.selenium.devtools.DevTools.lambda$addListener$0(DevTools.java:104)
	at org.openqa.selenium.devtools.Connection.lambda$handle$5(Connection.java:348)
	at java.base/java.util.stream.ForEachOps$ForEachOp$OfRef.accept(ForEachOps.java:184)
	at java.base/java.util.stream.ReferencePipeline$2$1.accept(ReferencePipeline.java:179)
	at java.base/java.util.stream.ReferencePipeline$15$1.accept(ReferencePipeline.java:541)
	at java.base/java.util.HashMap$EntrySpliterator.forEachRemaining(HashMap.java:1858)
	at java.base/java.util.stream.AbstractPipeline.copyInto(AbstractPipeline.java:509)
	at java.base/java.util.stream.AbstractPipeline.wrapAndCopyInto(AbstractPipeline.java:499)
	at java.base/java.util.stream.ForEachOps$ForEachOp.evaluateSequential(ForEachOps.java:151)
	at java.base/java.util.stream.ForEachOps$ForEachOp$OfRef.evaluateSequential(ForEachOps.java:174)
	at java.base/java.util.stream.AbstractPipeline.evaluate(AbstractPipeline.java:234)
	at java.base/java.util.stream.ReferencePipeline.forEach(ReferencePipeline.java:596)
	at org.openqa.selenium.devtools.Connection.handle(Connection.java:311)
	at org.openqa.selenium.devtools.Connection$Listener.lambda$onText$0(Connection.java:239)
	... 3 more
Caused by: org.openqa.selenium.WebDriverException: {"id":191,"error":{"code":-32000,"message":"No resource with given identifier found"},"sessionId":"ED6E254268595B328AFB952DAD8B8685"}
Build info: version: '4.23.0', revision: '4df0a231af'
System info: os.name: 'Windows 11', os.arch: 'amd64', os.version: '10.0', java.version: '21.0.5'
Driver info: driver.version: unknown
	at org.openqa.selenium.devtools.Connection.handle(Connection.java:275)
	... 4 more
Nov 05, 2024 3:09:52 PM org.openqa.selenium.remote.http.WebSocket$Listener onError
WARNING: Connection reset
java.net.SocketException: Connection reset
	at java.base/sun.nio.ch.SocketChannelImpl.throwConnectionReset(SocketChannelImpl.java:401)
	at java.base/sun.nio.ch.SocketChannelImpl.read(SocketChannelImpl.java:434)
	at java.net.http/jdk.internal.net.http.SocketTube.readAvailable(SocketTube.java:1178)
	at java.net.http/jdk.internal.net.http.SocketTube$InternalReadPublisher$InternalReadSubscription.read(SocketTube.java:841)
	at java.net.http/jdk.internal.net.http.SocketTube$SocketFlowTask.run(SocketTube.java:181)
	at java.net.http/jdk.internal.net.http.common.SequentialScheduler$SchedulableTask.run(SequentialScheduler.java:207)
	at java.net.http/jdk.internal.net.http.common.SequentialScheduler.runOrSchedule(SequentialScheduler.java:280)
	at java.net.http/jdk.internal.net.http.common.SequentialScheduler.runOrSchedule(SequentialScheduler.java:233)
	at java.net.http/jdk.internal.net.http.SocketTube$InternalReadPublisher$InternalReadSubscription.signalReadable(SocketTube.java:782)
	at java.net.http/jdk.internal.net.http.SocketTube$InternalReadPublisher$ReadEvent.signalEvent(SocketTube.java:965)
	at java.net.http/jdk.internal.net.http.SocketTube$SocketFlowEvent.handle(SocketTube.java:253)
	at java.net.http/jdk.internal.net.http.HttpClientImpl$SelectorManager.handleEvent(HttpClientImpl.java:1469)
	at java.net.http/jdk.internal.net.http.HttpClientImpl$SelectorManager.lambda$run$3(HttpClientImpl.java:1414)
	at java.base/java.util.ArrayList.forEach(ArrayList.java:1596)
	at java.net.http/jdk.internal.net.http.HttpClientImpl$SelectorManager.run(HttpClientImpl.java:1414)

]]></system-err>
  </testcase>
  <testcase name="runScenario[&quot;User provides password length less than 8 and passowrd error is displayed&quot;, &quot;Register page error handling&quot;](40)" classname="TestNGTestRunner" time="7.337">
    <failure message="expected [Please enter 1 Special Character, 1 Capital 1, Numeric 1 Small] but found []" type="java.lang.AssertionError"><![CDATA[java.lang.AssertionError: expected [Please enter 1 Special Character, 1 Capital 1, Numeric 1 Small] but found []
	at org.testng.Assert.fail(Assert.java:111)
	at org.testng.Assert.failNotEquals(Assert.java:1578)
	at org.testng.Assert.assertEqualsImpl(Assert.java:150)
	at org.testng.Assert.assertEquals(Assert.java:132)
	at org.testng.Assert.assertEquals(Assert.java:656)
	at org.testng.Assert.assertEquals(Assert.java:666)
	at StepDefinitions.RegisterPage.ErrorHandlingStepDefImpl.password_length_error_message_is_displayed(ErrorHandlingStepDefImpl.java:140)
	at ✽.Please enter 1 Special Character, 1 Capital 1, Numeric 1 Small password length error message is displayed(file:///C:/Users/santh/Desktop/Ecommerce%20Automation/Selenium/EcommercePractise/src/test/java/FeatureFiles/RegisterPage/ErrorHandling.feature:65)
]]></failure>
    <system-err><![CDATA[Nov 05, 2024 3:09:55 PM org.openqa.selenium.devtools.CdpVersionFinder findNearestMatch
WARNING: Unable to find an exact match for CDP version 130, returning the closest version; found: 127; Please update to a Selenium version that supports CDP version 130
Nov 05, 2024 3:09:59 PM org.openqa.selenium.devtools.Connection$Listener lambda$onText$0
WARNING: Unable to process: {"method":"Network.responseReceived","params":{"requestId":"30388.22","loaderId":"3114D5192BF412F03F787BF395413DD8","timestamp":4509.483326,"type":"XHR","response":{"url":"https://rahulshettyacademy.com/api/ecom/auth/register","status":422,"statusText":"Unprocessable Entity","headers":{"ETag":"W/\"5a-mSZORuFKHjKkqEMdomcB1IpMT0w\"","Expect-CT":"max-age=0","X-Permitted-Cross-Domain-Policies":"none","X-Content-Type-Options":"nosniff","Keep-Alive":"timeout=5, max=93","Date":"Tue, 05 Nov 2024 09:40:20 GMT","Content-Type":"application/json; charset=utf-8","Vary":"Accept-Encoding","X-Frame-Options":"SAMEORIGIN","Strict-Transport-Security":"max-age=15552000; includeSubDomains","Content-Security-Policy":"default-src 'self';base-uri 'self';block-all-mixed-content;font-src 'self' https: data:;frame-ancestors 'self';img-src 'self' data:;object-src 'none';script-src 'self';script-src-attr 'none';style-src 'self' https: 'unsafe-inline';upgrade-insecure-requests","X-DNS-Prefetch-Control":"off","Connection":"Keep-Alive","Referrer-Policy":"no-referrer","X-Download-Options":"noopen","Access-Control-Allow-Origin":"*","Content-Length":"90","X-XSS-Protection":"0","Server":"Apache/2.4.52 (Ubuntu)"},"mimeType":"application/json","charset":"utf-8","connectionReused":true,"connectionId":63,"remoteIPAddress":"13.201.9.53","remotePort":443,"fromDiskCache":false,"fromServiceWorker":false,"fromPrefetchCache":false,"encodedDataLength":905,"timing":{"requestTime":4509.404218,"proxyStart":-1,"proxyEnd":-1,"dnsStart":-1,"dnsEnd":-1,"connectStart":-1,"connectEnd":-1,"sslStart":-1,"sslEnd":-1,"workerStart":-1,"workerReady":-1,"workerFetchStart":-1,"workerRespondWithSettled":-1,"sendStart":0.228,"sendEnd":0.351,"pushStart":0,"pushEnd":0,"receiveHeadersStart":78.219,"receiveHeadersEnd":78.278},"responseTime":1.730799599534955e+12,"protocol":"http/1.1","alternateProtocolUsage":"unspecifiedReason","securityState":"secure","securityDetails":{"protocol":"TLS 1.3","keyExchange":"","keyExchangeGroup":"X25519","cipher":"AES_128_GCM","certificateId":0,"subjectName":"rahulshettyacademy.com","sanList":["rahulshettyacademy.com"],"issuer":"E5","validFrom":1726599902,"validTo":1734375901,"signedCertificateTimestampList":[{"status":"Verified","origin":"Embedded in certificate","logDescription":"Let's Encrypt 'Oak2024H2' log","logId":"3F174B4FD7224758941D651C84BE0D12ED90377F1F856AEBC1BF2885ECF8646E","timestamp":1726603412928,"hashAlgorithm":"SHA-256","signatureAlgorithm":"ECDSA","signatureData":"304402206136B9F484BEEF5DAFCCB5A3B9EF18E5E86B48EC5F433A8587B7E2E83463C07802204A2BC563A728DD183CF2024CFCDF23D0C94F3532C459D072A1D94FF227C1F065"},{"status":"Verified","origin":"Embedded in certificate","logDescription":"Google 'Xenon2024' log","logId":"76FF883F0AB6FB9551C261CCF587BA34B4A4CDBB29DC68420A9FE6674C5A3A74","timestamp":1726603412963,"hashAlgorithm":"SHA-256","signatureAlgorithm":"ECDSA","signatureData":"304402200797C0A0A1CC2F171B9D023D76705C0EC9A6D4B6D7A41474DD3833B7A44BAEAC022011B38832F474A19C0940A1398B2D309F476D435701518D1BAAFB1E2FE81F26FF"}],"certificateTransparencyCompliance":"compliant","serverSignatureAlgorithm":1027,"encryptedClientHello":false}},"hasExtraInfo":true,"frameId":"8399AB5708D46D445D4A46F3B1641C1C"},"sessionId":"BD4108A2718ACF2EEFA137BA2AEF9103"}
org.openqa.selenium.devtools.DevToolsException: {"id":206,"error":{"code":-32000,"message":"No resource with given identifier found"},"sessionId":"3A2054331D77E745A9292AF2BEC25E84"}
Build info: version: '4.23.0', revision: '4df0a231af'
System info: os.name: 'Windows 11', os.arch: 'amd64', os.version: '10.0', java.version: '21.0.5'
Driver info: driver.version: unknown
	at org.openqa.selenium.devtools.Connection.sendAndWait(Connection.java:195)
	at org.openqa.selenium.devtools.DevTools.send(DevTools.java:90)
	at StepDefinitions.RegisterPage.ErrorHandlingStepDefImpl.lambda$password_length_error_message_is_displayed$2(ErrorHandlingStepDefImpl.java:134)
	at org.openqa.selenium.devtools.DevTools.lambda$addListener$0(DevTools.java:104)
	at org.openqa.selenium.devtools.Connection.lambda$handle$5(Connection.java:348)
	at java.base/java.util.stream.ForEachOps$ForEachOp$OfRef.accept(ForEachOps.java:184)
	at java.base/java.util.stream.ReferencePipeline$2$1.accept(ReferencePipeline.java:179)
	at java.base/java.util.stream.ReferencePipeline$15$1.accept(ReferencePipeline.java:541)
	at java.base/java.util.HashMap$EntrySpliterator.forEachRemaining(HashMap.java:1858)
	at java.base/java.util.stream.AbstractPipeline.copyInto(AbstractPipeline.java:509)
	at java.base/java.util.stream.AbstractPipeline.wrapAndCopyInto(AbstractPipeline.java:499)
	at java.base/java.util.stream.ForEachOps$ForEachOp.evaluateSequential(ForEachOps.java:151)
	at java.base/java.util.stream.ForEachOps$ForEachOp$OfRef.evaluateSequential(ForEachOps.java:174)
	at java.base/java.util.stream.AbstractPipeline.evaluate(AbstractPipeline.java:234)
	at java.base/java.util.stream.ReferencePipeline.forEach(ReferencePipeline.java:596)
	at org.openqa.selenium.devtools.Connection.handle(Connection.java:311)
	at org.openqa.selenium.devtools.Connection$Listener.lambda$onText$0(Connection.java:239)
	at java.base/java.util.concurrent.ThreadPoolExecutor.runWorker(ThreadPoolExecutor.java:1144)
	at java.base/java.util.concurrent.ThreadPoolExecutor$Worker.run(ThreadPoolExecutor.java:642)
	at java.base/java.lang.Thread.run(Thread.java:1583)
Caused by: org.openqa.selenium.WebDriverException: {"id":206,"error":{"code":-32000,"message":"No resource with given identifier found"},"sessionId":"3A2054331D77E745A9292AF2BEC25E84"}
Build info: version: '4.23.0', revision: '4df0a231af'
System info: os.name: 'Windows 11', os.arch: 'amd64', os.version: '10.0', java.version: '21.0.5'
Driver info: driver.version: unknown
	at org.openqa.selenium.devtools.Connection.handle(Connection.java:275)
	... 4 more

Exception in thread "CDP Connection" org.openqa.selenium.devtools.DevToolsException: {"id":206,"error":{"code":-32000,"message":"No resource with given identifier found"},"sessionId":"3A2054331D77E745A9292AF2BEC25E84"}
Build info: version: '4.23.0', revision: '4df0a231af'
System info: os.name: 'Windows 11', os.arch: 'amd64', os.version: '10.0', java.version: '21.0.5'
Driver info: driver.version: unknown
	at org.openqa.selenium.devtools.Connection$Listener.lambda$onText$0(Connection.java:242)
	at java.base/java.util.concurrent.ThreadPoolExecutor.runWorker(ThreadPoolExecutor.java:1144)
	at java.base/java.util.concurrent.ThreadPoolExecutor$Worker.run(ThreadPoolExecutor.java:642)
	at java.base/java.lang.Thread.run(Thread.java:1583)
Caused by: org.openqa.selenium.devtools.DevToolsException: {"id":206,"error":{"code":-32000,"message":"No resource with given identifier found"},"sessionId":"3A2054331D77E745A9292AF2BEC25E84"}
Build info: version: '4.23.0', revision: '4df0a231af'
System info: os.name: 'Windows 11', os.arch: 'amd64', os.version: '10.0', java.version: '21.0.5'
Driver info: driver.version: unknown
	at org.openqa.selenium.devtools.Connection.sendAndWait(Connection.java:195)
	at org.openqa.selenium.devtools.DevTools.send(DevTools.java:90)
	at StepDefinitions.RegisterPage.ErrorHandlingStepDefImpl.lambda$password_length_error_message_is_displayed$2(ErrorHandlingStepDefImpl.java:134)
	at org.openqa.selenium.devtools.DevTools.lambda$addListener$0(DevTools.java:104)
	at org.openqa.selenium.devtools.Connection.lambda$handle$5(Connection.java:348)
	at java.base/java.util.stream.ForEachOps$ForEachOp$OfRef.accept(ForEachOps.java:184)
	at java.base/java.util.stream.ReferencePipeline$2$1.accept(ReferencePipeline.java:179)
	at java.base/java.util.stream.ReferencePipeline$15$1.accept(ReferencePipeline.java:541)
	at java.base/java.util.HashMap$EntrySpliterator.forEachRemaining(HashMap.java:1858)
	at java.base/java.util.stream.AbstractPipeline.copyInto(AbstractPipeline.java:509)
	at java.base/java.util.stream.AbstractPipeline.wrapAndCopyInto(AbstractPipeline.java:499)
	at java.base/java.util.stream.ForEachOps$ForEachOp.evaluateSequential(ForEachOps.java:151)
	at java.base/java.util.stream.ForEachOps$ForEachOp$OfRef.evaluateSequential(ForEachOps.java:174)
	at java.base/java.util.stream.AbstractPipeline.evaluate(AbstractPipeline.java:234)
	at java.base/java.util.stream.ReferencePipeline.forEach(ReferencePipeline.java:596)
	at org.openqa.selenium.devtools.Connection.handle(Connection.java:311)
	at org.openqa.selenium.devtools.Connection$Listener.lambda$onText$0(Connection.java:239)
	... 3 more
Caused by: org.openqa.selenium.WebDriverException: {"id":206,"error":{"code":-32000,"message":"No resource with given identifier found"},"sessionId":"3A2054331D77E745A9292AF2BEC25E84"}
Build info: version: '4.23.0', revision: '4df0a231af'
System info: os.name: 'Windows 11', os.arch: 'amd64', os.version: '10.0', java.version: '21.0.5'
Driver info: driver.version: unknown
	at org.openqa.selenium.devtools.Connection.handle(Connection.java:275)
	... 4 more
Nov 05, 2024 3:09:59 PM org.openqa.selenium.devtools.Connection$Listener lambda$onText$0
WARNING: Unable to process: {"method":"Network.responseReceived","params":{"requestId":"30388.22","loaderId":"3114D5192BF412F03F787BF395413DD8","timestamp":4509.483387,"type":"Other","response":{"url":"https://rahulshettyacademy.com/api/ecom/auth/register","status":422,"statusText":"Unprocessable Entity","headers":{"ETag":"W/\"5a-mSZORuFKHjKkqEMdomcB1IpMT0w\"","Expect-CT":"max-age=0","X-Permitted-Cross-Domain-Policies":"none","X-Content-Type-Options":"nosniff","Keep-Alive":"timeout=5, max=93","Date":"Tue, 05 Nov 2024 09:40:20 GMT","Content-Type":"application/json; charset=utf-8","Vary":"Accept-Encoding","X-Frame-Options":"SAMEORIGIN","Strict-Transport-Security":"max-age=15552000; includeSubDomains","Content-Security-Policy":"default-src 'self';base-uri 'self';block-all-mixed-content;font-src 'self' https: data:;frame-ancestors 'self';img-src 'self' data:;object-src 'none';script-src 'self';script-src-attr 'none';style-src 'self' https: 'unsafe-inline';upgrade-insecure-requests","X-DNS-Prefetch-Control":"off","Connection":"Keep-Alive","Referrer-Policy":"no-referrer","X-Download-Options":"noopen","Access-Control-Allow-Origin":"*","Content-Length":"90","X-XSS-Protection":"0","Server":"Apache/2.4.52 (Ubuntu)"},"mimeType":"application/json","charset":"utf-8","connectionReused":true,"connectionId":63,"remoteIPAddress":"13.201.9.53","remotePort":443,"fromDiskCache":false,"fromServiceWorker":false,"fromPrefetchCache":false,"encodedDataLength":905,"timing":{"requestTime":4509.404218,"proxyStart":-1,"proxyEnd":-1,"dnsStart":-1,"dnsEnd":-1,"connectStart":-1,"connectEnd":-1,"sslStart":-1,"sslEnd":-1,"workerStart":-1,"workerReady":-1,"workerFetchStart":-1,"workerRespondWithSettled":-1,"sendStart":0.228,"sendEnd":0.351,"pushStart":0,"pushEnd":0,"receiveHeadersStart":78.219,"receiveHeadersEnd":78.278},"responseTime":1.730799599534955e+12,"protocol":"http/1.1","alternateProtocolUsage":"unspecifiedReason","securityState":"secure","securityDetails":{"protocol":"TLS 1.3","keyExchange":"","keyExchangeGroup":"X25519","cipher":"AES_128_GCM","certificateId":0,"subjectName":"rahulshettyacademy.com","sanList":["rahulshettyacademy.com"],"issuer":"E5","validFrom":1726599902,"validTo":1734375901,"signedCertificateTimestampList":[{"status":"Verified","origin":"Embedded in certificate","logDescription":"Let's Encrypt 'Oak2024H2' log","logId":"3F174B4FD7224758941D651C84BE0D12ED90377F1F856AEBC1BF2885ECF8646E","timestamp":1726603412928,"hashAlgorithm":"SHA-256","signatureAlgorithm":"ECDSA","signatureData":"304402206136B9F484BEEF5DAFCCB5A3B9EF18E5E86B48EC5F433A8587B7E2E83463C07802204A2BC563A728DD183CF2024CFCDF23D0C94F3532C459D072A1D94FF227C1F065"},{"status":"Verified","origin":"Embedded in certificate","logDescription":"Google 'Xenon2024' log","logId":"76FF883F0AB6FB9551C261CCF587BA34B4A4CDBB29DC68420A9FE6674C5A3A74","timestamp":1726603412963,"hashAlgorithm":"SHA-256","signatureAlgorithm":"ECDSA","signatureData":"304402200797C0A0A1CC2F171B9D023D76705C0EC9A6D4B6D7A41474DD3833B7A44BAEAC022011B38832F474A19C0940A1398B2D309F476D435701518D1BAAFB1E2FE81F26FF"}],"certificateTransparencyCompliance":"compliant","serverSignatureAlgorithm":1027,"encryptedClientHello":false}},"hasExtraInfo":true,"frameId":"8399AB5708D46D445D4A46F3B1641C1C"},"sessionId":"3A2054331D77E745A9292AF2BEC25E84"}
org.openqa.selenium.devtools.DevToolsException: {"id":207,"error":{"code":-32000,"message":"No resource with given identifier found"},"sessionId":"3A2054331D77E745A9292AF2BEC25E84"}
Build info: version: '4.23.0', revision: '4df0a231af'
System info: os.name: 'Windows 11', os.arch: 'amd64', os.version: '10.0', java.version: '21.0.5'
Driver info: driver.version: unknown
	at org.openqa.selenium.devtools.Connection.sendAndWait(Connection.java:195)
	at org.openqa.selenium.devtools.DevTools.send(DevTools.java:90)
	at StepDefinitions.RegisterPage.ErrorHandlingStepDefImpl.lambda$password_length_error_message_is_displayed$2(ErrorHandlingStepDefImpl.java:134)
	at org.openqa.selenium.devtools.DevTools.lambda$addListener$0(DevTools.java:104)
	at org.openqa.selenium.devtools.Connection.lambda$handle$5(Connection.java:348)
	at java.base/java.util.stream.ForEachOps$ForEachOp$OfRef.accept(ForEachOps.java:184)
	at java.base/java.util.stream.ReferencePipeline$2$1.accept(ReferencePipeline.java:179)
	at java.base/java.util.stream.ReferencePipeline$15$1.accept(ReferencePipeline.java:541)
	at java.base/java.util.HashMap$EntrySpliterator.forEachRemaining(HashMap.java:1858)
	at java.base/java.util.stream.AbstractPipeline.copyInto(AbstractPipeline.java:509)
	at java.base/java.util.stream.AbstractPipeline.wrapAndCopyInto(AbstractPipeline.java:499)
	at java.base/java.util.stream.ForEachOps$ForEachOp.evaluateSequential(ForEachOps.java:151)
	at java.base/java.util.stream.ForEachOps$ForEachOp$OfRef.evaluateSequential(ForEachOps.java:174)
	at java.base/java.util.stream.AbstractPipeline.evaluate(AbstractPipeline.java:234)
	at java.base/java.util.stream.ReferencePipeline.forEach(ReferencePipeline.java:596)
	at org.openqa.selenium.devtools.Connection.handle(Connection.java:311)
	at org.openqa.selenium.devtools.Connection$Listener.lambda$onText$0(Connection.java:239)
	at java.base/java.util.concurrent.ThreadPoolExecutor.runWorker(ThreadPoolExecutor.java:1144)
	at java.base/java.util.concurrent.ThreadPoolExecutor$Worker.run(ThreadPoolExecutor.java:642)
	at java.base/java.lang.Thread.run(Thread.java:1583)
Caused by: org.openqa.selenium.WebDriverException: {"id":207,"error":{"code":-32000,"message":"No resource with given identifier found"},"sessionId":"3A2054331D77E745A9292AF2BEC25E84"}
Build info: version: '4.23.0', revision: '4df0a231af'
System info: os.name: 'Windows 11', os.arch: 'amd64', os.version: '10.0', java.version: '21.0.5'
Driver info: driver.version: unknown
	at org.openqa.selenium.devtools.Connection.handle(Connection.java:275)
	... 4 more

Exception in thread "CDP Connection" org.openqa.selenium.devtools.DevToolsException: {"id":207,"error":{"code":-32000,"message":"No resource with given identifier found"},"sessionId":"3A2054331D77E745A9292AF2BEC25E84"}
Build info: version: '4.23.0', revision: '4df0a231af'
System info: os.name: 'Windows 11', os.arch: 'amd64', os.version: '10.0', java.version: '21.0.5'
Driver info: driver.version: unknown
	at org.openqa.selenium.devtools.Connection$Listener.lambda$onText$0(Connection.java:242)
	at java.base/java.util.concurrent.ThreadPoolExecutor.runWorker(ThreadPoolExecutor.java:1144)
	at java.base/java.util.concurrent.ThreadPoolExecutor$Worker.run(ThreadPoolExecutor.java:642)
	at java.base/java.lang.Thread.run(Thread.java:1583)
Caused by: org.openqa.selenium.devtools.DevToolsException: {"id":207,"error":{"code":-32000,"message":"No resource with given identifier found"},"sessionId":"3A2054331D77E745A9292AF2BEC25E84"}
Build info: version: '4.23.0', revision: '4df0a231af'
System info: os.name: 'Windows 11', os.arch: 'amd64', os.version: '10.0', java.version: '21.0.5'
Driver info: driver.version: unknown
	at org.openqa.selenium.devtools.Connection.sendAndWait(Connection.java:195)
	at org.openqa.selenium.devtools.DevTools.send(DevTools.java:90)
	at StepDefinitions.RegisterPage.ErrorHandlingStepDefImpl.lambda$password_length_error_message_is_displayed$2(ErrorHandlingStepDefImpl.java:134)
	at org.openqa.selenium.devtools.DevTools.lambda$addListener$0(DevTools.java:104)
	at org.openqa.selenium.devtools.Connection.lambda$handle$5(Connection.java:348)
	at java.base/java.util.stream.ForEachOps$ForEachOp$OfRef.accept(ForEachOps.java:184)
	at java.base/java.util.stream.ReferencePipeline$2$1.accept(ReferencePipeline.java:179)
	at java.base/java.util.stream.ReferencePipeline$15$1.accept(ReferencePipeline.java:541)
	at java.base/java.util.HashMap$EntrySpliterator.forEachRemaining(HashMap.java:1858)
	at java.base/java.util.stream.AbstractPipeline.copyInto(AbstractPipeline.java:509)
	at java.base/java.util.stream.AbstractPipeline.wrapAndCopyInto(AbstractPipeline.java:499)
	at java.base/java.util.stream.ForEachOps$ForEachOp.evaluateSequential(ForEachOps.java:151)
	at java.base/java.util.stream.ForEachOps$ForEachOp$OfRef.evaluateSequential(ForEachOps.java:174)
	at java.base/java.util.stream.AbstractPipeline.evaluate(AbstractPipeline.java:234)
	at java.base/java.util.stream.ReferencePipeline.forEach(ReferencePipeline.java:596)
	at org.openqa.selenium.devtools.Connection.handle(Connection.java:311)
	at org.openqa.selenium.devtools.Connection$Listener.lambda$onText$0(Connection.java:239)
	... 3 more
Caused by: org.openqa.selenium.WebDriverException: {"id":207,"error":{"code":-32000,"message":"No resource with given identifier found"},"sessionId":"3A2054331D77E745A9292AF2BEC25E84"}
Build info: version: '4.23.0', revision: '4df0a231af'
System info: os.name: 'Windows 11', os.arch: 'amd64', os.version: '10.0', java.version: '21.0.5'
Driver info: driver.version: unknown
	at org.openqa.selenium.devtools.Connection.handle(Connection.java:275)
	... 4 more
Nov 05, 2024 3:09:59 PM org.openqa.selenium.remote.http.WebSocket$Listener onError
WARNING: Connection reset
java.net.SocketException: Connection reset
	at java.base/sun.nio.ch.SocketChannelImpl.throwConnectionReset(SocketChannelImpl.java:401)
	at java.base/sun.nio.ch.SocketChannelImpl.read(SocketChannelImpl.java:434)
	at java.net.http/jdk.internal.net.http.SocketTube.readAvailable(SocketTube.java:1178)
	at java.net.http/jdk.internal.net.http.SocketTube$InternalReadPublisher$InternalReadSubscription.read(SocketTube.java:841)
	at java.net.http/jdk.internal.net.http.SocketTube$SocketFlowTask.run(SocketTube.java:181)
	at java.net.http/jdk.internal.net.http.common.SequentialScheduler$SchedulableTask.run(SequentialScheduler.java:207)
	at java.net.http/jdk.internal.net.http.common.SequentialScheduler.runOrSchedule(SequentialScheduler.java:280)
	at java.net.http/jdk.internal.net.http.common.SequentialScheduler.runOrSchedule(SequentialScheduler.java:233)
	at java.net.http/jdk.internal.net.http.SocketTube$InternalReadPublisher$InternalReadSubscription.signalReadable(SocketTube.java:782)
	at java.net.http/jdk.internal.net.http.SocketTube$InternalReadPublisher$ReadEvent.signalEvent(SocketTube.java:965)
	at java.net.http/jdk.internal.net.http.SocketTube$SocketFlowEvent.handle(SocketTube.java:253)
	at java.net.http/jdk.internal.net.http.HttpClientImpl$SelectorManager.handleEvent(HttpClientImpl.java:1469)
	at java.net.http/jdk.internal.net.http.HttpClientImpl$SelectorManager.lambda$run$3(HttpClientImpl.java:1414)
	at java.base/java.util.ArrayList.forEach(ArrayList.java:1596)
	at java.net.http/jdk.internal.net.http.HttpClientImpl$SelectorManager.run(HttpClientImpl.java:1414)

]]></system-err>
  </testcase>
  <testcase name="runScenario[&quot;User provides password length less than 8 and passowrd error is displayed&quot;, &quot;Register page error handling&quot;](41)" classname="TestNGTestRunner" time="7.904">
    <failure message="expected [Password must be 8 Character Long!] but found []" type="java.lang.AssertionError"><![CDATA[java.lang.AssertionError: expected [Password must be 8 Character Long!] but found []
	at org.testng.Assert.fail(Assert.java:111)
	at org.testng.Assert.failNotEquals(Assert.java:1578)
	at org.testng.Assert.assertEqualsImpl(Assert.java:150)
	at org.testng.Assert.assertEquals(Assert.java:132)
	at org.testng.Assert.assertEquals(Assert.java:656)
	at org.testng.Assert.assertEquals(Assert.java:666)
	at StepDefinitions.RegisterPage.ErrorHandlingStepDefImpl.password_length_error_message_is_displayed(ErrorHandlingStepDefImpl.java:140)
	at ✽.Password must be 8 Character Long! password length error message is displayed(file:///C:/Users/santh/Desktop/Ecommerce%20Automation/Selenium/EcommercePractise/src/test/java/FeatureFiles/RegisterPage/ErrorHandling.feature:65)
]]></failure>
    <system-err><![CDATA[Nov 05, 2024 3:10:03 PM org.openqa.selenium.devtools.CdpVersionFinder findNearestMatch
WARNING: Unable to find an exact match for CDP version 130, returning the closest version; found: 127; Please update to a Selenium version that supports CDP version 130
Nov 05, 2024 3:10:07 PM org.openqa.selenium.devtools.Connection$Listener lambda$onText$0
WARNING: Unable to process: {"method":"Network.responseReceived","params":{"requestId":"33712.21","loaderId":"7EA8E3C481E6E90334A46A11B9110505","timestamp":4517.361381,"type":"XHR","response":{"url":"https://rahulshettyacademy.com/api/ecom/auth/register","status":422,"statusText":"Unprocessable Entity","headers":{"ETag":"W/\"3e-OmujLQqQR2EiBppCB1shGOh9ahM\"","Expect-CT":"max-age=0","X-Permitted-Cross-Domain-Policies":"none","X-Content-Type-Options":"nosniff","Keep-Alive":"timeout=5, max=94","Date":"Tue, 05 Nov 2024 09:40:28 GMT","Content-Type":"application/json; charset=utf-8","Vary":"Accept-Encoding","X-Frame-Options":"SAMEORIGIN","Strict-Transport-Security":"max-age=15552000; includeSubDomains","Content-Security-Policy":"default-src 'self';base-uri 'self';block-all-mixed-content;font-src 'self' https: data:;frame-ancestors 'self';img-src 'self' data:;object-src 'none';script-src 'self';script-src-attr 'none';style-src 'self' https: 'unsafe-inline';upgrade-insecure-requests","X-DNS-Prefetch-Control":"off","Connection":"Keep-Alive","Referrer-Policy":"no-referrer","X-Download-Options":"noopen","Access-Control-Allow-Origin":"*","Content-Length":"62","X-XSS-Protection":"0","Server":"Apache/2.4.52 (Ubuntu)"},"mimeType":"application/json","charset":"utf-8","connectionReused":true,"connectionId":69,"remoteIPAddress":"13.201.9.53","remotePort":443,"fromDiskCache":false,"fromServiceWorker":false,"fromPrefetchCache":false,"encodedDataLength":905,"timing":{"requestTime":4517.238268,"proxyStart":-1,"proxyEnd":-1,"dnsStart":-1,"dnsEnd":-1,"connectStart":-1,"connectEnd":-1,"sslStart":-1,"sslEnd":-1,"workerStart":-1,"workerReady":-1,"workerFetchStart":-1,"workerRespondWithSettled":-1,"sendStart":0.323,"sendEnd":0.641,"pushStart":0,"pushEnd":0,"receiveHeadersStart":120.954,"receiveHeadersEnd":121.055},"responseTime":1.730799607411813e+12,"protocol":"http/1.1","alternateProtocolUsage":"unspecifiedReason","securityState":"secure","securityDetails":{"protocol":"TLS 1.3","keyExchange":"","keyExchangeGroup":"X25519","cipher":"AES_128_GCM","certificateId":0,"subjectName":"rahulshettyacademy.com","sanList":["rahulshettyacademy.com"],"issuer":"E5","validFrom":1726599902,"validTo":1734375901,"signedCertificateTimestampList":[{"status":"Verified","origin":"Embedded in certificate","logDescription":"Let's Encrypt 'Oak2024H2' log","logId":"3F174B4FD7224758941D651C84BE0D12ED90377F1F856AEBC1BF2885ECF8646E","timestamp":1726603412928,"hashAlgorithm":"SHA-256","signatureAlgorithm":"ECDSA","signatureData":"304402206136B9F484BEEF5DAFCCB5A3B9EF18E5E86B48EC5F433A8587B7E2E83463C07802204A2BC563A728DD183CF2024CFCDF23D0C94F3532C459D072A1D94FF227C1F065"},{"status":"Verified","origin":"Embedded in certificate","logDescription":"Google 'Xenon2024' log","logId":"76FF883F0AB6FB9551C261CCF587BA34B4A4CDBB29DC68420A9FE6674C5A3A74","timestamp":1726603412963,"hashAlgorithm":"SHA-256","signatureAlgorithm":"ECDSA","signatureData":"304402200797C0A0A1CC2F171B9D023D76705C0EC9A6D4B6D7A41474DD3833B7A44BAEAC022011B38832F474A19C0940A1398B2D309F476D435701518D1BAAFB1E2FE81F26FF"}],"certificateTransparencyCompliance":"compliant","serverSignatureAlgorithm":1027,"encryptedClientHello":false}},"hasExtraInfo":true,"frameId":"1AFFA683E56E355E8FF3E2E81C8421A2"},"sessionId":"419C8C8FA5230F29133AE8C2FA369C1F"}
org.openqa.selenium.devtools.DevToolsException: {"id":223,"error":{"code":-32000,"message":"No resource with given identifier found"},"sessionId":"96E257A3B21A7314B9733BAEB4CD8789"}
Build info: version: '4.23.0', revision: '4df0a231af'
System info: os.name: 'Windows 11', os.arch: 'amd64', os.version: '10.0', java.version: '21.0.5'
Driver info: driver.version: unknown
	at org.openqa.selenium.devtools.Connection.sendAndWait(Connection.java:195)
	at org.openqa.selenium.devtools.DevTools.send(DevTools.java:90)
	at StepDefinitions.RegisterPage.ErrorHandlingStepDefImpl.lambda$password_length_error_message_is_displayed$2(ErrorHandlingStepDefImpl.java:134)
	at org.openqa.selenium.devtools.DevTools.lambda$addListener$0(DevTools.java:104)
	at org.openqa.selenium.devtools.Connection.lambda$handle$5(Connection.java:348)
	at java.base/java.util.stream.ForEachOps$ForEachOp$OfRef.accept(ForEachOps.java:184)
	at java.base/java.util.stream.ReferencePipeline$2$1.accept(ReferencePipeline.java:179)
	at java.base/java.util.stream.ReferencePipeline$15$1.accept(ReferencePipeline.java:541)
	at java.base/java.util.HashMap$EntrySpliterator.forEachRemaining(HashMap.java:1858)
	at java.base/java.util.stream.AbstractPipeline.copyInto(AbstractPipeline.java:509)
	at java.base/java.util.stream.AbstractPipeline.wrapAndCopyInto(AbstractPipeline.java:499)
	at java.base/java.util.stream.ForEachOps$ForEachOp.evaluateSequential(ForEachOps.java:151)
	at java.base/java.util.stream.ForEachOps$ForEachOp$OfRef.evaluateSequential(ForEachOps.java:174)
	at java.base/java.util.stream.AbstractPipeline.evaluate(AbstractPipeline.java:234)
	at java.base/java.util.stream.ReferencePipeline.forEach(ReferencePipeline.java:596)
	at org.openqa.selenium.devtools.Connection.handle(Connection.java:311)
	at org.openqa.selenium.devtools.Connection$Listener.lambda$onText$0(Connection.java:239)
	at java.base/java.util.concurrent.ThreadPoolExecutor.runWorker(ThreadPoolExecutor.java:1144)
	at java.base/java.util.concurrent.ThreadPoolExecutor$Worker.run(ThreadPoolExecutor.java:642)
	at java.base/java.lang.Thread.run(Thread.java:1583)
Caused by: org.openqa.selenium.WebDriverException: {"id":223,"error":{"code":-32000,"message":"No resource with given identifier found"},"sessionId":"96E257A3B21A7314B9733BAEB4CD8789"}
Build info: version: '4.23.0', revision: '4df0a231af'
System info: os.name: 'Windows 11', os.arch: 'amd64', os.version: '10.0', java.version: '21.0.5'
Driver info: driver.version: unknown
	at org.openqa.selenium.devtools.Connection.handle(Connection.java:275)
	... 4 more

Exception in thread "CDP Connection" org.openqa.selenium.devtools.DevToolsException: {"id":223,"error":{"code":-32000,"message":"No resource with given identifier found"},"sessionId":"96E257A3B21A7314B9733BAEB4CD8789"}
Build info: version: '4.23.0', revision: '4df0a231af'
System info: os.name: 'Windows 11', os.arch: 'amd64', os.version: '10.0', java.version: '21.0.5'
Driver info: driver.version: unknown
	at org.openqa.selenium.devtools.Connection$Listener.lambda$onText$0(Connection.java:242)
	at java.base/java.util.concurrent.ThreadPoolExecutor.runWorker(ThreadPoolExecutor.java:1144)
	at java.base/java.util.concurrent.ThreadPoolExecutor$Worker.run(ThreadPoolExecutor.java:642)
	at java.base/java.lang.Thread.run(Thread.java:1583)
Caused by: org.openqa.selenium.devtools.DevToolsException: {"id":223,"error":{"code":-32000,"message":"No resource with given identifier found"},"sessionId":"96E257A3B21A7314B9733BAEB4CD8789"}
Build info: version: '4.23.0', revision: '4df0a231af'
System info: os.name: 'Windows 11', os.arch: 'amd64', os.version: '10.0', java.version: '21.0.5'
Driver info: driver.version: unknown
	at org.openqa.selenium.devtools.Connection.sendAndWait(Connection.java:195)
	at org.openqa.selenium.devtools.DevTools.send(DevTools.java:90)
	at StepDefinitions.RegisterPage.ErrorHandlingStepDefImpl.lambda$password_length_error_message_is_displayed$2(ErrorHandlingStepDefImpl.java:134)
	at org.openqa.selenium.devtools.DevTools.lambda$addListener$0(DevTools.java:104)
	at org.openqa.selenium.devtools.Connection.lambda$handle$5(Connection.java:348)
	at java.base/java.util.stream.ForEachOps$ForEachOp$OfRef.accept(ForEachOps.java:184)
	at java.base/java.util.stream.ReferencePipeline$2$1.accept(ReferencePipeline.java:179)
	at java.base/java.util.stream.ReferencePipeline$15$1.accept(ReferencePipeline.java:541)
	at java.base/java.util.HashMap$EntrySpliterator.forEachRemaining(HashMap.java:1858)
	at java.base/java.util.stream.AbstractPipeline.copyInto(AbstractPipeline.java:509)
	at java.base/java.util.stream.AbstractPipeline.wrapAndCopyInto(AbstractPipeline.java:499)
	at java.base/java.util.stream.ForEachOps$ForEachOp.evaluateSequential(ForEachOps.java:151)
	at java.base/java.util.stream.ForEachOps$ForEachOp$OfRef.evaluateSequential(ForEachOps.java:174)
	at java.base/java.util.stream.AbstractPipeline.evaluate(AbstractPipeline.java:234)
	at java.base/java.util.stream.ReferencePipeline.forEach(ReferencePipeline.java:596)
	at org.openqa.selenium.devtools.Connection.handle(Connection.java:311)
	at org.openqa.selenium.devtools.Connection$Listener.lambda$onText$0(Connection.java:239)
	... 3 more
Caused by: org.openqa.selenium.WebDriverException: {"id":223,"error":{"code":-32000,"message":"No resource with given identifier found"},"sessionId":"96E257A3B21A7314B9733BAEB4CD8789"}
Build info: version: '4.23.0', revision: '4df0a231af'
System info: os.name: 'Windows 11', os.arch: 'amd64', os.version: '10.0', java.version: '21.0.5'
Driver info: driver.version: unknown
	at org.openqa.selenium.devtools.Connection.handle(Connection.java:275)
	... 4 more
Nov 05, 2024 3:10:07 PM org.openqa.selenium.devtools.Connection$Listener lambda$onText$0
WARNING: Unable to process: {"method":"Network.responseReceived","params":{"requestId":"33712.21","loaderId":"7EA8E3C481E6E90334A46A11B9110505","timestamp":4517.36145,"type":"Other","response":{"url":"https://rahulshettyacademy.com/api/ecom/auth/register","status":422,"statusText":"Unprocessable Entity","headers":{"ETag":"W/\"3e-OmujLQqQR2EiBppCB1shGOh9ahM\"","Expect-CT":"max-age=0","X-Permitted-Cross-Domain-Policies":"none","X-Content-Type-Options":"nosniff","Keep-Alive":"timeout=5, max=94","Date":"Tue, 05 Nov 2024 09:40:28 GMT","Content-Type":"application/json; charset=utf-8","Vary":"Accept-Encoding","X-Frame-Options":"SAMEORIGIN","Strict-Transport-Security":"max-age=15552000; includeSubDomains","Content-Security-Policy":"default-src 'self';base-uri 'self';block-all-mixed-content;font-src 'self' https: data:;frame-ancestors 'self';img-src 'self' data:;object-src 'none';script-src 'self';script-src-attr 'none';style-src 'self' https: 'unsafe-inline';upgrade-insecure-requests","X-DNS-Prefetch-Control":"off","Connection":"Keep-Alive","Referrer-Policy":"no-referrer","X-Download-Options":"noopen","Access-Control-Allow-Origin":"*","Content-Length":"62","X-XSS-Protection":"0","Server":"Apache/2.4.52 (Ubuntu)"},"mimeType":"application/json","charset":"utf-8","connectionReused":true,"connectionId":69,"remoteIPAddress":"13.201.9.53","remotePort":443,"fromDiskCache":false,"fromServiceWorker":false,"fromPrefetchCache":false,"encodedDataLength":905,"timing":{"requestTime":4517.238268,"proxyStart":-1,"proxyEnd":-1,"dnsStart":-1,"dnsEnd":-1,"connectStart":-1,"connectEnd":-1,"sslStart":-1,"sslEnd":-1,"workerStart":-1,"workerReady":-1,"workerFetchStart":-1,"workerRespondWithSettled":-1,"sendStart":0.323,"sendEnd":0.641,"pushStart":0,"pushEnd":0,"receiveHeadersStart":120.954,"receiveHeadersEnd":121.055},"responseTime":1.730799607411813e+12,"protocol":"http/1.1","alternateProtocolUsage":"unspecifiedReason","securityState":"secure","securityDetails":{"protocol":"TLS 1.3","keyExchange":"","keyExchangeGroup":"X25519","cipher":"AES_128_GCM","certificateId":0,"subjectName":"rahulshettyacademy.com","sanList":["rahulshettyacademy.com"],"issuer":"E5","validFrom":1726599902,"validTo":1734375901,"signedCertificateTimestampList":[{"status":"Verified","origin":"Embedded in certificate","logDescription":"Let's Encrypt 'Oak2024H2' log","logId":"3F174B4FD7224758941D651C84BE0D12ED90377F1F856AEBC1BF2885ECF8646E","timestamp":1726603412928,"hashAlgorithm":"SHA-256","signatureAlgorithm":"ECDSA","signatureData":"304402206136B9F484BEEF5DAFCCB5A3B9EF18E5E86B48EC5F433A8587B7E2E83463C07802204A2BC563A728DD183CF2024CFCDF23D0C94F3532C459D072A1D94FF227C1F065"},{"status":"Verified","origin":"Embedded in certificate","logDescription":"Google 'Xenon2024' log","logId":"76FF883F0AB6FB9551C261CCF587BA34B4A4CDBB29DC68420A9FE6674C5A3A74","timestamp":1726603412963,"hashAlgorithm":"SHA-256","signatureAlgorithm":"ECDSA","signatureData":"304402200797C0A0A1CC2F171B9D023D76705C0EC9A6D4B6D7A41474DD3833B7A44BAEAC022011B38832F474A19C0940A1398B2D309F476D435701518D1BAAFB1E2FE81F26FF"}],"certificateTransparencyCompliance":"compliant","serverSignatureAlgorithm":1027,"encryptedClientHello":false}},"hasExtraInfo":true,"frameId":"1AFFA683E56E355E8FF3E2E81C8421A2"},"sessionId":"96E257A3B21A7314B9733BAEB4CD8789"}
org.openqa.selenium.devtools.DevToolsException: {"id":222,"error":{"code":-32000,"message":"No resource with given identifier found"},"sessionId":"96E257A3B21A7314B9733BAEB4CD8789"}
Build info: version: '4.23.0', revision: '4df0a231af'
System info: os.name: 'Windows 11', os.arch: 'amd64', os.version: '10.0', java.version: '21.0.5'
Driver info: driver.version: unknown
	at org.openqa.selenium.devtools.Connection.sendAndWait(Connection.java:195)
	at org.openqa.selenium.devtools.DevTools.send(DevTools.java:90)
	at StepDefinitions.RegisterPage.ErrorHandlingStepDefImpl.lambda$password_length_error_message_is_displayed$2(ErrorHandlingStepDefImpl.java:134)
	at org.openqa.selenium.devtools.DevTools.lambda$addListener$0(DevTools.java:104)
	at org.openqa.selenium.devtools.Connection.lambda$handle$5(Connection.java:348)
	at java.base/java.util.stream.ForEachOps$ForEachOp$OfRef.accept(ForEachOps.java:184)
	at java.base/java.util.stream.ReferencePipeline$2$1.accept(ReferencePipeline.java:179)
	at java.base/java.util.stream.ReferencePipeline$15$1.accept(ReferencePipeline.java:541)
	at java.base/java.util.HashMap$EntrySpliterator.forEachRemaining(HashMap.java:1858)
	at java.base/java.util.stream.AbstractPipeline.copyInto(AbstractPipeline.java:509)
	at java.base/java.util.stream.AbstractPipeline.wrapAndCopyInto(AbstractPipeline.java:499)
	at java.base/java.util.stream.ForEachOps$ForEachOp.evaluateSequential(ForEachOps.java:151)
	at java.base/java.util.stream.ForEachOps$ForEachOp$OfRef.evaluateSequential(ForEachOps.java:174)
	at java.base/java.util.stream.AbstractPipeline.evaluate(AbstractPipeline.java:234)
	at java.base/java.util.stream.ReferencePipeline.forEach(ReferencePipeline.java:596)
	at org.openqa.selenium.devtools.Connection.handle(Connection.java:311)
	at org.openqa.selenium.devtools.Connection$Listener.lambda$onText$0(Connection.java:239)
	at java.base/java.util.concurrent.ThreadPoolExecutor.runWorker(ThreadPoolExecutor.java:1144)
	at java.base/java.util.concurrent.ThreadPoolExecutor$Worker.run(ThreadPoolExecutor.java:642)
	at java.base/java.lang.Thread.run(Thread.java:1583)
Caused by: org.openqa.selenium.WebDriverException: {"id":222,"error":{"code":-32000,"message":"No resource with given identifier found"},"sessionId":"96E257A3B21A7314B9733BAEB4CD8789"}
Build info: version: '4.23.0', revision: '4df0a231af'
System info: os.name: 'Windows 11', os.arch: 'amd64', os.version: '10.0', java.version: '21.0.5'
Driver info: driver.version: unknown
	at org.openqa.selenium.devtools.Connection.handle(Connection.java:275)
	... 4 more

Exception in thread "CDP Connection" org.openqa.selenium.devtools.DevToolsException: {"id":222,"error":{"code":-32000,"message":"No resource with given identifier found"},"sessionId":"96E257A3B21A7314B9733BAEB4CD8789"}
Build info: version: '4.23.0', revision: '4df0a231af'
System info: os.name: 'Windows 11', os.arch: 'amd64', os.version: '10.0', java.version: '21.0.5'
Driver info: driver.version: unknown
	at org.openqa.selenium.devtools.Connection$Listener.lambda$onText$0(Connection.java:242)
	at java.base/java.util.concurrent.ThreadPoolExecutor.runWorker(ThreadPoolExecutor.java:1144)
	at java.base/java.util.concurrent.ThreadPoolExecutor$Worker.run(ThreadPoolExecutor.java:642)
	at java.base/java.lang.Thread.run(Thread.java:1583)
Caused by: org.openqa.selenium.devtools.DevToolsException: {"id":222,"error":{"code":-32000,"message":"No resource with given identifier found"},"sessionId":"96E257A3B21A7314B9733BAEB4CD8789"}
Build info: version: '4.23.0', revision: '4df0a231af'
System info: os.name: 'Windows 11', os.arch: 'amd64', os.version: '10.0', java.version: '21.0.5'
Driver info: driver.version: unknown
	at org.openqa.selenium.devtools.Connection.sendAndWait(Connection.java:195)
	at org.openqa.selenium.devtools.DevTools.send(DevTools.java:90)
	at StepDefinitions.RegisterPage.ErrorHandlingStepDefImpl.lambda$password_length_error_message_is_displayed$2(ErrorHandlingStepDefImpl.java:134)
	at org.openqa.selenium.devtools.DevTools.lambda$addListener$0(DevTools.java:104)
	at org.openqa.selenium.devtools.Connection.lambda$handle$5(Connection.java:348)
	at java.base/java.util.stream.ForEachOps$ForEachOp$OfRef.accept(ForEachOps.java:184)
	at java.base/java.util.stream.ReferencePipeline$2$1.accept(ReferencePipeline.java:179)
	at java.base/java.util.stream.ReferencePipeline$15$1.accept(ReferencePipeline.java:541)
	at java.base/java.util.HashMap$EntrySpliterator.forEachRemaining(HashMap.java:1858)
	at java.base/java.util.stream.AbstractPipeline.copyInto(AbstractPipeline.java:509)
	at java.base/java.util.stream.AbstractPipeline.wrapAndCopyInto(AbstractPipeline.java:499)
	at java.base/java.util.stream.ForEachOps$ForEachOp.evaluateSequential(ForEachOps.java:151)
	at java.base/java.util.stream.ForEachOps$ForEachOp$OfRef.evaluateSequential(ForEachOps.java:174)
	at java.base/java.util.stream.AbstractPipeline.evaluate(AbstractPipeline.java:234)
	at java.base/java.util.stream.ReferencePipeline.forEach(ReferencePipeline.java:596)
	at org.openqa.selenium.devtools.Connection.handle(Connection.java:311)
	at org.openqa.selenium.devtools.Connection$Listener.lambda$onText$0(Connection.java:239)
	... 3 more
Caused by: org.openqa.selenium.WebDriverException: {"id":222,"error":{"code":-32000,"message":"No resource with given identifier found"},"sessionId":"96E257A3B21A7314B9733BAEB4CD8789"}
Build info: version: '4.23.0', revision: '4df0a231af'
System info: os.name: 'Windows 11', os.arch: 'amd64', os.version: '10.0', java.version: '21.0.5'
Driver info: driver.version: unknown
	at org.openqa.selenium.devtools.Connection.handle(Connection.java:275)
	... 4 more
]]></system-err>
  </testcase>
  <testcase name="runScenario[&quot;User provides correct details and api is failed and error is displayed&quot;, &quot;Register page error handling&quot;](42)" classname="TestNGTestRunner" time="7.776">
    <system-out><![CDATA[dd
]]></system-out>
    <system-err><![CDATA[Nov 05, 2024 3:10:10 PM org.openqa.selenium.devtools.CdpVersionFinder findNearestMatch
WARNING: Unable to find an exact match for CDP version 130, returning the closest version; found: 127; Please update to a Selenium version that supports CDP version 130
]]></system-err>
  </testcase>
  <testcase name="runScenario[&quot;User provides registered email and registerd user is displayed&quot;, &quot;Register page error handling&quot;](43)" classname="TestNGTestRunner" time="7.129">
    <system-out><![CDATA[interception-job-1.0
{"firstName":"santhosh","lastName":"sai","userEmail":"santhoshsai4517@gmail.com","userRole":"customer","occupation":"Student","gender":"Male","userMobile":"1234567890","userPassword":"151Fa04124@4517","confirmPassword":"151Fa04124@4517","required":true}
]]></system-out>
    <system-err><![CDATA[Nov 05, 2024 3:10:18 PM org.openqa.selenium.devtools.CdpVersionFinder findNearestMatch
WARNING: Unable to find an exact match for CDP version 130, returning the closest version; found: 127; Please update to a Selenium version that supports CDP version 130
Nov 05, 2024 3:10:22 PM org.openqa.selenium.devtools.Connection$Listener lambda$onText$0
WARNING: Unable to process: {"method":"Fetch.requestPaused","params":{"requestId":"interception-job-1.0","request":{"url":"https://rahulshettyacademy.com/api/ecom/auth/register","method":"POST","headers":{"Accept":"application/json, text/plain, */*","Content-Type":"application/json","Origin":"https://rahulshettyacademy.com","Referer":"https://rahulshettyacademy.com/client/auth/register","User-Agent":"Mozilla/5.0 (Windows NT 10.0; Win64; x64) AppleWebKit/537.36 (KHTML, like Gecko) Chrome/130.0.0.0 Safari/537.36","sec-ch-ua":"\"Chromium\";v=\"130\", \"Google Chrome\";v=\"130\", \"Not?A_Brand\";v=\"99\"","sec-ch-ua-mobile":"?0","sec-ch-ua-platform":"\"Windows\""},"postData":"{\"firstName\":\"santhosh\",\"lastName\":\"sai\",\"userEmail\":\"santhoshcergsai4517@gmail.com\",\"userRole\":\"customer\",\"occupation\":\"Student\",\"gender\":\"Male\",\"userMobile\":\"1234567890\",\"userPassword\":\"151Fa04124@4517\",\"confirmPassword\":\"151Fa04124@4517\",\"required\":true}","hasPostData":true,"postDataEntries":[{"bytes":"eyJmaXJzdE5hbWUiOiJzYW50aG9zaCIsImxhc3ROYW1lIjoic2FpIiwidXNlckVtYWlsIjoic2FudGhvc2hjZXJnc2FpNDUxN0BnbWFpbC5jb20iLCJ1c2VyUm9sZSI6ImN1c3RvbWVyIiwib2NjdXBhdGlvbiI6IlN0dWRlbnQiLCJnZW5kZXIiOiJNYWxlIiwidXNlck1vYmlsZSI6IjEyMzQ1Njc4OTAiLCJ1c2VyUGFzc3dvcmQiOiIxNTFGYTA0MTI0QDQ1MTciLCJjb25maXJtUGFzc3dvcmQiOiIxNTFGYTA0MTI0QDQ1MTciLCJyZXF1aXJlZCI6dHJ1ZX0="}],"initialPriority":"High","referrerPolicy":"strict-origin-when-cross-origin"},"frameId":"3DE96969F345C6C37F9EE78631E04C47","resourceType":"XHR"},"sessionId":"DE09A9064E1E65E8DBDAEEE6AF516033"}
org.openqa.selenium.devtools.DevToolsException: {"id":241,"error":{"code":-32602,"message":"Invalid parameters","data":"Failed to deserialize params.postData - BINDINGS: invalid base64 string at position 17"},"sessionId":"DE09A9064E1E65E8DBDAEEE6AF516033"}
Build info: version: '4.23.0', revision: '4df0a231af'
System info: os.name: 'Windows 11', os.arch: 'amd64', os.version: '10.0', java.version: '21.0.5'
Driver info: driver.version: unknown
	at org.openqa.selenium.devtools.Connection.sendAndWait(Connection.java:195)
	at org.openqa.selenium.devtools.DevTools.send(DevTools.java:90)
	at StepDefinitions.RegisterPage.ErrorHandlingStepDefImpl.lambda$API_is_intercepted_and_payload_is_modified_and_correct_details_and_error_occurs$4(ErrorHandlingStepDefImpl.java:181)
	at org.openqa.selenium.devtools.DevTools.lambda$addListener$0(DevTools.java:104)
	at org.openqa.selenium.devtools.Connection.lambda$handle$5(Connection.java:348)
	at java.base/java.util.stream.ForEachOps$ForEachOp$OfRef.accept(ForEachOps.java:184)
	at java.base/java.util.stream.ReferencePipeline$2$1.accept(ReferencePipeline.java:179)
	at java.base/java.util.stream.ReferencePipeline$15$1.accept(ReferencePipeline.java:541)
	at java.base/java.util.HashMap$EntrySpliterator.forEachRemaining(HashMap.java:1858)
	at java.base/java.util.stream.AbstractPipeline.copyInto(AbstractPipeline.java:509)
	at java.base/java.util.stream.AbstractPipeline.wrapAndCopyInto(AbstractPipeline.java:499)
	at java.base/java.util.stream.ForEachOps$ForEachOp.evaluateSequential(ForEachOps.java:151)
	at java.base/java.util.stream.ForEachOps$ForEachOp$OfRef.evaluateSequential(ForEachOps.java:174)
	at java.base/java.util.stream.AbstractPipeline.evaluate(AbstractPipeline.java:234)
	at java.base/java.util.stream.ReferencePipeline.forEach(ReferencePipeline.java:596)
	at org.openqa.selenium.devtools.Connection.handle(Connection.java:311)
	at org.openqa.selenium.devtools.Connection$Listener.lambda$onText$0(Connection.java:239)
	at java.base/java.util.concurrent.ThreadPoolExecutor.runWorker(ThreadPoolExecutor.java:1144)
	at java.base/java.util.concurrent.ThreadPoolExecutor$Worker.run(ThreadPoolExecutor.java:642)
	at java.base/java.lang.Thread.run(Thread.java:1583)
Caused by: org.openqa.selenium.WebDriverException: {"id":241,"error":{"code":-32602,"message":"Invalid parameters","data":"Failed to deserialize params.postData - BINDINGS: invalid base64 string at position 17"},"sessionId":"DE09A9064E1E65E8DBDAEEE6AF516033"}
Build info: version: '4.23.0', revision: '4df0a231af'
System info: os.name: 'Windows 11', os.arch: 'amd64', os.version: '10.0', java.version: '21.0.5'
Driver info: driver.version: unknown
	at org.openqa.selenium.devtools.Connection.handle(Connection.java:275)
	... 4 more

Exception in thread "CDP Connection" org.openqa.selenium.devtools.DevToolsException: {"id":241,"error":{"code":-32602,"message":"Invalid parameters","data":"Failed to deserialize params.postData - BINDINGS: invalid base64 string at position 17"},"sessionId":"DE09A9064E1E65E8DBDAEEE6AF516033"}
Build info: version: '4.23.0', revision: '4df0a231af'
System info: os.name: 'Windows 11', os.arch: 'amd64', os.version: '10.0', java.version: '21.0.5'
Driver info: driver.version: unknown
	at org.openqa.selenium.devtools.Connection$Listener.lambda$onText$0(Connection.java:242)
	at java.base/java.util.concurrent.ThreadPoolExecutor.runWorker(ThreadPoolExecutor.java:1144)
	at java.base/java.util.concurrent.ThreadPoolExecutor$Worker.run(ThreadPoolExecutor.java:642)
	at java.base/java.lang.Thread.run(Thread.java:1583)
Caused by: org.openqa.selenium.devtools.DevToolsException: {"id":241,"error":{"code":-32602,"message":"Invalid parameters","data":"Failed to deserialize params.postData - BINDINGS: invalid base64 string at position 17"},"sessionId":"DE09A9064E1E65E8DBDAEEE6AF516033"}
Build info: version: '4.23.0', revision: '4df0a231af'
System info: os.name: 'Windows 11', os.arch: 'amd64', os.version: '10.0', java.version: '21.0.5'
Driver info: driver.version: unknown
	at org.openqa.selenium.devtools.Connection.sendAndWait(Connection.java:195)
	at org.openqa.selenium.devtools.DevTools.send(DevTools.java:90)
	at StepDefinitions.RegisterPage.ErrorHandlingStepDefImpl.lambda$API_is_intercepted_and_payload_is_modified_and_correct_details_and_error_occurs$4(ErrorHandlingStepDefImpl.java:181)
	at org.openqa.selenium.devtools.DevTools.lambda$addListener$0(DevTools.java:104)
	at org.openqa.selenium.devtools.Connection.lambda$handle$5(Connection.java:348)
	at java.base/java.util.stream.ForEachOps$ForEachOp$OfRef.accept(ForEachOps.java:184)
	at java.base/java.util.stream.ReferencePipeline$2$1.accept(ReferencePipeline.java:179)
	at java.base/java.util.stream.ReferencePipeline$15$1.accept(ReferencePipeline.java:541)
	at java.base/java.util.HashMap$EntrySpliterator.forEachRemaining(HashMap.java:1858)
	at java.base/java.util.stream.AbstractPipeline.copyInto(AbstractPipeline.java:509)
	at java.base/java.util.stream.AbstractPipeline.wrapAndCopyInto(AbstractPipeline.java:499)
	at java.base/java.util.stream.ForEachOps$ForEachOp.evaluateSequential(ForEachOps.java:151)
	at java.base/java.util.stream.ForEachOps$ForEachOp$OfRef.evaluateSequential(ForEachOps.java:174)
	at java.base/java.util.stream.AbstractPipeline.evaluate(AbstractPipeline.java:234)
	at java.base/java.util.stream.ReferencePipeline.forEach(ReferencePipeline.java:596)
	at org.openqa.selenium.devtools.Connection.handle(Connection.java:311)
	at org.openqa.selenium.devtools.Connection$Listener.lambda$onText$0(Connection.java:239)
	... 3 more
Caused by: org.openqa.selenium.WebDriverException: {"id":241,"error":{"code":-32602,"message":"Invalid parameters","data":"Failed to deserialize params.postData - BINDINGS: invalid base64 string at position 17"},"sessionId":"DE09A9064E1E65E8DBDAEEE6AF516033"}
Build info: version: '4.23.0', revision: '4df0a231af'
System info: os.name: 'Windows 11', os.arch: 'amd64', os.version: '10.0', java.version: '21.0.5'
Driver info: driver.version: unknown
	at org.openqa.selenium.devtools.Connection.handle(Connection.java:275)
	... 4 more
Nov 05, 2024 3:10:22 PM org.openqa.selenium.remote.http.WebSocket$Listener onError
WARNING: Connection reset
java.net.SocketException: Connection reset
	at java.base/sun.nio.ch.SocketChannelImpl.throwConnectionReset(SocketChannelImpl.java:401)
	at java.base/sun.nio.ch.SocketChannelImpl.read(SocketChannelImpl.java:434)
	at java.net.http/jdk.internal.net.http.SocketTube.readAvailable(SocketTube.java:1178)
	at java.net.http/jdk.internal.net.http.SocketTube$InternalReadPublisher$InternalReadSubscription.read(SocketTube.java:841)
	at java.net.http/jdk.internal.net.http.SocketTube$SocketFlowTask.run(SocketTube.java:181)
	at java.net.http/jdk.internal.net.http.common.SequentialScheduler$SchedulableTask.run(SequentialScheduler.java:207)
	at java.net.http/jdk.internal.net.http.common.SequentialScheduler.runOrSchedule(SequentialScheduler.java:280)
	at java.net.http/jdk.internal.net.http.common.SequentialScheduler.runOrSchedule(SequentialScheduler.java:233)
	at java.net.http/jdk.internal.net.http.SocketTube$InternalReadPublisher$InternalReadSubscription.signalReadable(SocketTube.java:782)
	at java.net.http/jdk.internal.net.http.SocketTube$InternalReadPublisher$ReadEvent.signalEvent(SocketTube.java:965)
	at java.net.http/jdk.internal.net.http.SocketTube$SocketFlowEvent.handle(SocketTube.java:253)
	at java.net.http/jdk.internal.net.http.HttpClientImpl$SelectorManager.handleEvent(HttpClientImpl.java:1469)
	at java.net.http/jdk.internal.net.http.HttpClientImpl$SelectorManager.lambda$run$3(HttpClientImpl.java:1414)
	at java.base/java.util.ArrayList.forEach(ArrayList.java:1596)
	at java.net.http/jdk.internal.net.http.HttpClientImpl$SelectorManager.run(HttpClientImpl.java:1414)

]]></system-err>
  </testcase>
  <testcase name="runScenario[&quot;User clicks on login page link in register page&quot;, &quot;Register page functionality&quot;](44)" classname="TestNGTestRunner" time="6.329">
    <system-err><![CDATA[Nov 05, 2024 3:10:25 PM org.openqa.selenium.devtools.CdpVersionFinder findNearestMatch
WARNING: Unable to find an exact match for CDP version 130, returning the closest version; found: 127; Please update to a Selenium version that supports CDP version 130
Nov 05, 2024 3:10:28 PM org.openqa.selenium.remote.http.WebSocket$Listener onError
WARNING: Connection reset
java.net.SocketException: Connection reset
	at java.base/sun.nio.ch.SocketChannelImpl.throwConnectionReset(SocketChannelImpl.java:401)
	at java.base/sun.nio.ch.SocketChannelImpl.read(SocketChannelImpl.java:434)
	at java.net.http/jdk.internal.net.http.SocketTube.readAvailable(SocketTube.java:1178)
	at java.net.http/jdk.internal.net.http.SocketTube$InternalReadPublisher$InternalReadSubscription.read(SocketTube.java:841)
	at java.net.http/jdk.internal.net.http.SocketTube$SocketFlowTask.run(SocketTube.java:181)
	at java.net.http/jdk.internal.net.http.common.SequentialScheduler$SchedulableTask.run(SequentialScheduler.java:207)
	at java.net.http/jdk.internal.net.http.common.SequentialScheduler.runOrSchedule(SequentialScheduler.java:280)
	at java.net.http/jdk.internal.net.http.common.SequentialScheduler.runOrSchedule(SequentialScheduler.java:233)
	at java.net.http/jdk.internal.net.http.SocketTube$InternalReadPublisher$InternalReadSubscription.signalReadable(SocketTube.java:782)
	at java.net.http/jdk.internal.net.http.SocketTube$InternalReadPublisher$ReadEvent.signalEvent(SocketTube.java:965)
	at java.net.http/jdk.internal.net.http.SocketTube$SocketFlowEvent.handle(SocketTube.java:253)
	at java.net.http/jdk.internal.net.http.HttpClientImpl$SelectorManager.handleEvent(HttpClientImpl.java:1469)
	at java.net.http/jdk.internal.net.http.HttpClientImpl$SelectorManager.lambda$run$3(HttpClientImpl.java:1414)
	at java.base/java.util.ArrayList.forEach(ArrayList.java:1596)
	at java.net.http/jdk.internal.net.http.HttpClientImpl$SelectorManager.run(HttpClientImpl.java:1414)

]]></system-err>
  </testcase>
  <testcase name="runScenario[&quot;User provides all correct details and user is registered successfully&quot;, &quot;Register page functionality&quot;](45)" classname="TestNGTestRunner" time="13.409">
    <system-out><![CDATA[{"firstName":"santhosh","lastName":"sai","userEmail":"vdfw2343edghdfgrf@gmail.com","userRole":"customer","occupation":"Student","gender":"Male","userMobile":"1234567890","userPassword":"151Fa04124@4517","confirmPassword":"151Fa04124@4517","required":true}
]]></system-out>
    <system-err><![CDATA[Nov 05, 2024 3:10:32 PM org.openqa.selenium.devtools.CdpVersionFinder findNearestMatch
WARNING: Unable to find an exact match for CDP version 130, returning the closest version; found: 127; Please update to a Selenium version that supports CDP version 130
Nov 05, 2024 3:10:42 PM org.openqa.selenium.remote.http.WebSocket$Listener onError
WARNING: Connection reset
java.net.SocketException: Connection reset
	at java.base/sun.nio.ch.SocketChannelImpl.throwConnectionReset(SocketChannelImpl.java:401)
	at java.base/sun.nio.ch.SocketChannelImpl.read(SocketChannelImpl.java:434)
	at java.net.http/jdk.internal.net.http.SocketTube.readAvailable(SocketTube.java:1178)
	at java.net.http/jdk.internal.net.http.SocketTube$InternalReadPublisher$InternalReadSubscription.read(SocketTube.java:841)
	at java.net.http/jdk.internal.net.http.SocketTube$SocketFlowTask.run(SocketTube.java:181)
	at java.net.http/jdk.internal.net.http.common.SequentialScheduler$SchedulableTask.run(SequentialScheduler.java:207)
	at java.net.http/jdk.internal.net.http.common.SequentialScheduler.runOrSchedule(SequentialScheduler.java:280)
	at java.net.http/jdk.internal.net.http.common.SequentialScheduler.runOrSchedule(SequentialScheduler.java:233)
	at java.net.http/jdk.internal.net.http.SocketTube$InternalReadPublisher$InternalReadSubscription.signalReadable(SocketTube.java:782)
	at java.net.http/jdk.internal.net.http.SocketTube$InternalReadPublisher$ReadEvent.signalEvent(SocketTube.java:965)
	at java.net.http/jdk.internal.net.http.SocketTube$SocketFlowEvent.handle(SocketTube.java:253)
	at java.net.http/jdk.internal.net.http.HttpClientImpl$SelectorManager.handleEvent(HttpClientImpl.java:1469)
	at java.net.http/jdk.internal.net.http.HttpClientImpl$SelectorManager.lambda$run$3(HttpClientImpl.java:1414)
	at java.base/java.util.ArrayList.forEach(ArrayList.java:1596)
	at java.net.http/jdk.internal.net.http.HttpClientImpl$SelectorManager.run(HttpClientImpl.java:1414)

]]></system-err>
  </testcase>
</testsuite>