<?xml version="1.0" encoding="UTF-8"?>
<!-- Generated by org.testng.reporters.JUnitReportReporter -->
<testsuite hostname="DESKTOP-G0V8S5A" failures="0" tests="6" name="TestNGTestRunner" time="7.632" errors="0" timestamp="2025-01-01T11:03:02 IST" skipped="0">
  <testcase classname="TestNGTestRunner" name="runScenario" time="6.340"/>
  <testcase classname="TestNGTestRunner" name="runScenario" time="0.241"/>
  <testcase classname="TestNGTestRunner" name="runScenario" time="0.158"/>
  <testcase classname="TestNGTestRunner" name="runScenario" time="0.317"/>
  <testcase classname="TestNGTestRunner" name="runScenario" time="0.393"/>
  <testcase classname="TestNGTestRunner" name="runScenario" time="0.183"/>
</testsuite> <!-- TestNGTestRunner -->
