<?xml version="1.0" encoding="UTF-8"?>
<!-- Generated by org.testng.reporters.JUnitReportReporter -->
<testsuite hostname="DESKTOP-G0V8S5A" failures="0" tests="4" name="TestNGTestRunner" time="8.824" errors="0" timestamp="2024-10-24T13:10:18 IST" skipped="0">
  <testcase classname="TestNGTestRunner" name="runScenario" time="2.419"/>
  <testcase classname="TestNGTestRunner" name="runScenario" time="2.317"/>
  <testcase classname="TestNGTestRunner" name="runScenario" time="1.729"/>
  <testcase classname="TestNGTestRunner" name="runScenario" time="2.359"/>
</testsuite> <!-- TestNGTestRunner -->
