<?xml version="1.0" encoding="UTF-8"?>
<!-- Generated by org.testng.reporters.JUnitReportReporter -->
<testsuite hostname="DESKTOP-G0V8S5A" failures="0" tests="21" name="TestNGTestRunner" time="71.084" errors="0" timestamp="2024-10-27T14:31:00 IST" skipped="0">
  <testcase classname="TestNGTestRunner" name="runScenario" time="2.876"/>
  <testcase classname="TestNGTestRunner" name="runScenario" time="2.564"/>
  <testcase classname="TestNGTestRunner" name="runScenario" time="6.511"/>
  <testcase classname="TestNGTestRunner" name="runScenario" time="2.822"/>
  <testcase classname="TestNGTestRunner" name="runScenario" time="2.598"/>
  <testcase classname="TestNGTestRunner" name="runScenario" time="2.770"/>
  <testcase classname="TestNGTestRunner" name="runScenario" time="7.952"/>
  <testcase classname="TestNGTestRunner" name="runScenario" time="2.915"/>
  <testcase classname="TestNGTestRunner" name="runScenario" time="3.228"/>
  <testcase classname="TestNGTestRunner" name="runScenario" time="2.701"/>
  <testcase classname="TestNGTestRunner" name="runScenario" time="2.853"/>
  <testcase classname="TestNGTestRunner" name="runScenario" time="2.675"/>
  <testcase classname="TestNGTestRunner" name="runScenario" time="3.853"/>
  <testcase classname="TestNGTestRunner" name="runScenario" time="2.917"/>
  <testcase classname="TestNGTestRunner" name="runScenario" time="3.519"/>
  <testcase classname="TestNGTestRunner" name="runScenario" time="2.797"/>
  <testcase classname="TestNGTestRunner" name="runScenario" time="2.802"/>
  <testcase classname="TestNGTestRunner" name="runScenario" time="2.731"/>
  <testcase classname="TestNGTestRunner" name="runScenario" time="2.658"/>
  <testcase classname="TestNGTestRunner" name="runScenario" time="2.915"/>
  <testcase classname="TestNGTestRunner" name="runScenario" time="4.427"/>
</testsuite> <!-- TestNGTestRunner -->
