<?xml version="1.0" encoding="UTF-8"?>
<!-- Generated by org.testng.reporters.JUnitReportReporter -->
<testsuite hostname="DESKTOP-G0V8S5A" failures="0" tests="12" name="TestNGTestRunner" time="45.257" errors="0" timestamp="2024-10-25T11:47:14 IST" skipped="0">
  <testcase classname="TestNGTestRunner" name="runScenario" time="2.870"/>
  <testcase classname="TestNGTestRunner" name="runScenario" time="2.814"/>
  <testcase classname="TestNGTestRunner" name="runScenario" time="2.859"/>
  <testcase classname="TestNGTestRunner" name="runScenario" time="3.249"/>
  <testcase classname="TestNGTestRunner" name="runScenario" time="3.223"/>
  <testcase classname="TestNGTestRunner" name="runScenario" time="3.062"/>
  <testcase classname="TestNGTestRunner" name="runScenario" time="3.264"/>
  <testcase classname="TestNGTestRunner" name="runScenario" time="2.946"/>
  <testcase classname="TestNGTestRunner" name="runScenario" time="3.932"/>
  <testcase classname="TestNGTestRunner" name="runScenario" time="3.823"/>
  <testcase classname="TestNGTestRunner" name="runScenario" time="3.233"/>
  <testcase classname="TestNGTestRunner" name="runScenario" time="9.982"/>
</testsuite> <!-- TestNGTestRunner -->
