<?xml version="1.0" encoding="UTF-8"?>
<!-- Generated by org.testng.reporters.JUnitReportReporter -->
<testsuite hostname="DESKTOP-G0V8S5A" failures="0" tests="45" name="TestNGTestRunner" time="406.362" errors="0" timestamp="2024-11-05T15:03:26 IST" skipped="0">
  <testcase classname="TestNGTestRunner" name="runScenario" time="6.588"/>
  <testcase classname="TestNGTestRunner" name="runScenario" time="7.001"/>
  <testcase classname="TestNGTestRunner" name="runScenario" time="12.360"/>
  <testcase classname="TestNGTestRunner" name="runScenario" time="8.441"/>
  <testcase classname="TestNGTestRunner" name="runScenario" time="10.125"/>
  <testcase classname="TestNGTestRunner" name="runScenario" time="8.609"/>
  <testcase classname="TestNGTestRunner" name="runScenario" time="12.197"/>
  <testcase classname="TestNGTestRunner" name="runScenario" time="6.258"/>
  <testcase classname="TestNGTestRunner" name="runScenario" time="8.231"/>
  <testcase classname="TestNGTestRunner" name="runScenario" time="7.618"/>
  <testcase classname="TestNGTestRunner" name="runScenario" time="12.020"/>
  <testcase classname="TestNGTestRunner" name="runScenario" time="6.828"/>
  <testcase classname="TestNGTestRunner" name="runScenario" time="12.062"/>
  <testcase classname="TestNGTestRunner" name="runScenario" time="7.332"/>
  <testcase classname="TestNGTestRunner" name="runScenario" time="7.953"/>
  <testcase classname="TestNGTestRunner" name="runScenario" time="10.142"/>
  <testcase classname="TestNGTestRunner" name="runScenario" time="11.798"/>
  <testcase classname="TestNGTestRunner" name="runScenario" time="7.414"/>
  <testcase classname="TestNGTestRunner" name="runScenario" time="8.144"/>
  <testcase classname="TestNGTestRunner" name="runScenario" time="7.341"/>
  <testcase classname="TestNGTestRunner" name="runScenario" time="12.687"/>
  <testcase classname="TestNGTestRunner" name="runScenario" time="11.620"/>
  <testcase classname="TestNGTestRunner" name="runScenario" time="8.613"/>
  <testcase classname="TestNGTestRunner" name="runScenario" time="7.792"/>
  <testcase classname="TestNGTestRunner" name="runScenario" time="7.274"/>
  <testcase classname="TestNGTestRunner" name="runScenario" time="6.579"/>
  <testcase classname="TestNGTestRunner" name="runScenario" time="7.467"/>
  <testcase classname="TestNGTestRunner" name="runScenario" time="6.290"/>
  <testcase classname="TestNGTestRunner" name="runScenario" time="24.214"/>
  <testcase classname="TestNGTestRunner" name="runScenario" time="8.029"/>
  <testcase classname="TestNGTestRunner" name="runScenario" time="7.456"/>
  <testcase classname="TestNGTestRunner" name="runScenario" time="6.548"/>
  <testcase classname="TestNGTestRunner" name="runScenario" time="12.967"/>
  <testcase classname="TestNGTestRunner" name="runScenario" time="12.803"/>
  <testcase classname="TestNGTestRunner" name="runScenario" time="7.265"/>
  <testcase classname="TestNGTestRunner" name="runScenario" time="8.527"/>
  <testcase classname="TestNGTestRunner" name="runScenario" time="6.071"/>
  <testcase classname="TestNGTestRunner" name="runScenario" time="7.151"/>
  <testcase classname="TestNGTestRunner" name="runScenario" time="7.153"/>
  <testcase classname="TestNGTestRunner" name="runScenario" time="6.717"/>
  <testcase classname="TestNGTestRunner" name="runScenario" time="16.146"/>
  <testcase classname="TestNGTestRunner" name="runScenario" time="6.241"/>
  <testcase classname="TestNGTestRunner" name="runScenario" time="8.030"/>
  <testcase classname="TestNGTestRunner" name="runScenario" time="7.612"/>
  <testcase classname="TestNGTestRunner" name="runScenario" time="6.648"/>
</testsuite> <!-- TestNGTestRunner -->
