<?xml version="1.0" encoding="UTF-8"?>
<!-- Generated by org.testng.reporters.JUnitReportReporter -->
<testsuite hostname="DESKTOP-G0V8S5A" failures="0" tests="33" name="TestNGTestRunner" time="177.380" errors="0" timestamp="2024-10-31T14:38:25 IST" skipped="0">
  <testcase classname="TestNGTestRunner" name="runScenario" time="3.870"/>
  <testcase classname="TestNGTestRunner" name="runScenario" time="4.867"/>
  <testcase classname="TestNGTestRunner" name="runScenario" time="10.255"/>
  <testcase classname="TestNGTestRunner" name="runScenario" time="5.304"/>
  <testcase classname="TestNGTestRunner" name="runScenario" time="6.058"/>
  <testcase classname="TestNGTestRunner" name="runScenario" time="3.912"/>
  <testcase classname="TestNGTestRunner" name="runScenario" time="6.664"/>
  <testcase classname="TestNGTestRunner" name="runScenario" time="3.957"/>
  <testcase classname="TestNGTestRunner" name="runScenario" time="4.569"/>
  <testcase classname="TestNGTestRunner" name="runScenario" time="8.104"/>
  <testcase classname="TestNGTestRunner" name="runScenario" time="6.229"/>
  <testcase classname="TestNGTestRunner" name="runScenario" time="4.105"/>
  <testcase classname="TestNGTestRunner" name="runScenario" time="5.001"/>
  <testcase classname="TestNGTestRunner" name="runScenario" time="4.541"/>
  <testcase classname="TestNGTestRunner" name="runScenario" time="5.327"/>
  <testcase classname="TestNGTestRunner" name="runScenario" time="4.544"/>
  <testcase classname="TestNGTestRunner" name="runScenario" time="6.051"/>
  <testcase classname="TestNGTestRunner" name="runScenario" time="3.879"/>
  <testcase classname="TestNGTestRunner" name="runScenario" time="9.086"/>
  <testcase classname="TestNGTestRunner" name="runScenario" time="3.779"/>
  <testcase classname="TestNGTestRunner" name="runScenario" time="4.697"/>
  <testcase classname="TestNGTestRunner" name="runScenario" time="4.120"/>
  <testcase classname="TestNGTestRunner" name="runScenario" time="5.497"/>
  <testcase classname="TestNGTestRunner" name="runScenario" time="4.776"/>
  <testcase classname="TestNGTestRunner" name="runScenario" time="4.689"/>
  <testcase classname="TestNGTestRunner" name="runScenario" time="4.893"/>
  <testcase classname="TestNGTestRunner" name="runScenario" time="3.832"/>
  <testcase classname="TestNGTestRunner" name="runScenario" time="5.079"/>
  <testcase classname="TestNGTestRunner" name="runScenario" time="6.243"/>
  <testcase classname="TestNGTestRunner" name="runScenario" time="6.253"/>
  <testcase classname="TestNGTestRunner" name="runScenario" time="4.923"/>
  <testcase classname="TestNGTestRunner" name="runScenario" time="6.126"/>
  <testcase classname="TestNGTestRunner" name="runScenario" time="6.150"/>
</testsuite> <!-- TestNGTestRunner -->
