<?xml version="1.0" encoding="UTF-8"?>
<!-- Generated by org.testng.reporters.JUnitReportReporter -->
<testsuite hostname="DESKTOP-G0V8S5A" failures="0" tests="5" name="TestNGTestRunner" time="19.555" errors="0" timestamp="2024-10-23T15:02:25 IST" skipped="0">
  <testcase classname="TestNGTestRunner" name="runScenario" time="3.600"/>
  <testcase classname="TestNGTestRunner" name="runScenario" time="4.510"/>
  <testcase classname="TestNGTestRunner" name="runScenario" time="3.770"/>
  <testcase classname="TestNGTestRunner" name="runScenario" time="3.768"/>
  <testcase classname="TestNGTestRunner" name="runScenario" time="3.907"/>
</testsuite> <!-- TestNGTestRunner -->
