<?xml version="1.0" encoding="UTF-8"?>
<!-- Generated by org.testng.reporters.JUnitReportReporter -->
<testsuite hostname="DESKTOP-G0V8S5A" failures="3" tests="45" name="TestNGTestRunner" time="402.114" errors="0" timestamp="2024-11-05T15:10:44 IST" skipped="0">
  <testcase classname="TestNGTestRunner" name="runScenario" time="8.465"/>
  <testcase classname="TestNGTestRunner" name="runScenario" time="13.281"/>
  <testcase classname="TestNGTestRunner" name="runScenario" time="13.127"/>
  <testcase classname="TestNGTestRunner" name="runScenario" time="7.200"/>
  <testcase classname="TestNGTestRunner" name="runScenario" time="10.706"/>
  <testcase classname="TestNGTestRunner" name="runScenario" time="12.174"/>
  <testcase classname="TestNGTestRunner" name="runScenario" time="7.831"/>
  <testcase classname="TestNGTestRunner" name="runScenario" time="6.768"/>
  <testcase classname="TestNGTestRunner" name="runScenario" time="12.764"/>
  <testcase classname="TestNGTestRunner" name="runScenario" time="6.327"/>
  <testcase classname="TestNGTestRunner" name="runScenario" time="7.128"/>
  <testcase classname="TestNGTestRunner" name="runScenario" time="13.616"/>
  <testcase classname="TestNGTestRunner" name="runScenario" time="9.159"/>
  <testcase classname="TestNGTestRunner" name="runScenario" time="9.404"/>
  <testcase classname="TestNGTestRunner" name="runScenario" time="7.531"/>
  <testcase classname="TestNGTestRunner" name="runScenario" time="6.731"/>
  <testcase classname="TestNGTestRunner" name="runScenario" time="6.824"/>
  <testcase classname="TestNGTestRunner" name="runScenario" time="6.606"/>
  <testcase classname="TestNGTestRunner" name="runScenario" time="7.776"/>
  <testcase classname="TestNGTestRunner" name="runScenario" time="13.409"/>
  <testcase classname="TestNGTestRunner" name="runScenario" time="8.169"/>
  <testcase classname="TestNGTestRunner" name="runScenario" time="7.337">
    <failure message="expected [Please enter 1 Special Character, 1 Capital 1, Numeric 1 Small] but found []" type="java.lang.AssertionError">
      <![CDATA[java.lang.AssertionError: expected [Please enter 1 Special Character, 1 Capital 1, Numeric 1 Small] but found []
at org.testng.Assert.fail(Assert.java:111)
at org.testng.Assert.failNotEquals(Assert.java:1578)
at org.testng.Assert.assertEqualsImpl(Assert.java:150)
at org.testng.Assert.assertEquals(Assert.java:132)
at org.testng.Assert.assertEquals(Assert.java:656)
at org.testng.Assert.assertEquals(Assert.java:666)
at StepDefinitions.RegisterPage.ErrorHandlingStepDefImpl.password_length_error_message_is_displayed(ErrorHandlingStepDefImpl.java:140)
at ✽.Please enter 1 Special Character, 1 Capital 1, Numeric 1 Small password length error message is displayed(file:///C:/Users/santh/Desktop/Ecommerce%20Automation/Selenium/EcommercePractise/src/test/java/FeatureFiles/RegisterPage/ErrorHandling.feature:65)
]]>
    </failure>
  </testcase> <!-- runScenario -->
  <testcase classname="TestNGTestRunner" name="runScenario" time="5.915"/>
  <testcase classname="TestNGTestRunner" name="runScenario" time="6.862"/>
  <testcase classname="TestNGTestRunner" name="runScenario" time="9.281"/>
  <testcase classname="TestNGTestRunner" name="runScenario" time="6.578"/>
  <testcase classname="TestNGTestRunner" name="runScenario" time="6.017"/>
  <testcase classname="TestNGTestRunner" name="runScenario" time="12.618"/>
  <testcase classname="TestNGTestRunner" name="runScenario" time="9.220"/>
  <testcase classname="TestNGTestRunner" name="runScenario" time="6.354"/>
  <testcase classname="TestNGTestRunner" name="runScenario" time="7.077"/>
  <testcase classname="TestNGTestRunner" name="runScenario" time="7.671"/>
  <testcase classname="TestNGTestRunner" name="runScenario" time="7.362"/>
  <testcase classname="TestNGTestRunner" name="runScenario" time="15.834">
    <failure message="expected [Product Added To Cart] but found []" type="java.lang.AssertionError">
      <![CDATA[java.lang.AssertionError: expected [Product Added To Cart] but found []
at org.testng.Assert.fail(Assert.java:111)
at org.testng.Assert.failNotEquals(Assert.java:1578)
at org.testng.Assert.assertEqualsImpl(Assert.java:150)
at org.testng.Assert.assertEquals(Assert.java:132)
at org.testng.Assert.assertEquals(Assert.java:656)
at org.testng.Assert.assertEquals(Assert.java:666)
at StepDefinitions.ProductsPage.FunctionalityStepDefImpl.user_clciks_on_add_cart_button_on_a_product(FunctionalityStepDefImpl.java:223)
at ✽.User clciks on add cart button on a product(file:///C:/Users/santh/Desktop/Ecommerce%20Automation/Selenium/EcommercePractise/src/test/java/FeatureFiles/ProductsPage/Functionality.feature:36)
]]>
    </failure>
  </testcase> <!-- runScenario -->
  <testcase classname="TestNGTestRunner" name="runScenario" time="7.273"/>
  <testcase classname="TestNGTestRunner" name="runScenario" time="13.364"/>
  <testcase classname="TestNGTestRunner" name="runScenario" time="8.361"/>
  <testcase classname="TestNGTestRunner" name="runScenario" time="7.643"/>
  <testcase classname="TestNGTestRunner" name="runScenario" time="7.904">
    <failure message="expected [Password must be 8 Character Long!] but found []" type="java.lang.AssertionError">
      <![CDATA[java.lang.AssertionError: expected [Password must be 8 Character Long!] but found []
at org.testng.Assert.fail(Assert.java:111)
at org.testng.Assert.failNotEquals(Assert.java:1578)
at org.testng.Assert.assertEqualsImpl(Assert.java:150)
at org.testng.Assert.assertEquals(Assert.java:132)
at org.testng.Assert.assertEquals(Assert.java:656)
at org.testng.Assert.assertEquals(Assert.java:666)
at StepDefinitions.RegisterPage.ErrorHandlingStepDefImpl.password_length_error_message_is_displayed(ErrorHandlingStepDefImpl.java:140)
at ✽.Password must be 8 Character Long! password length error message is displayed(file:///C:/Users/santh/Desktop/Ecommerce%20Automation/Selenium/EcommercePractise/src/test/java/FeatureFiles/RegisterPage/ErrorHandling.feature:65)
]]>
    </failure>
  </testcase> <!-- runScenario -->
  <testcase classname="TestNGTestRunner" name="runScenario" time="12.643"/>
  <testcase classname="TestNGTestRunner" name="runScenario" time="12.504"/>
  <testcase classname="TestNGTestRunner" name="runScenario" time="6.581"/>
  <testcase classname="TestNGTestRunner" name="runScenario" time="7.528"/>
  <testcase classname="TestNGTestRunner" name="runScenario" time="8.615"/>
  <testcase classname="TestNGTestRunner" name="runScenario" time="6.576"/>
</testsuite> <!-- TestNGTestRunner -->
