<?xml version="1.0" encoding="UTF-8"?>
<!-- Generated by org.testng.reporters.JUnitReportReporter -->
<testsuite hostname="DESKTOP-G0V8S5A" failures="1" tests="100" name="TestNGTestRunner" time="1889.311" errors="4" timestamp="2024-12-16T11:50:17 IST" skipped="0">
  <testcase classname="TestNGTestRunner" name="runScenario" time="13.542"/>
  <testcase classname="TestNGTestRunner" name="runScenario" time="14.209"/>
  <testcase classname="TestNGTestRunner" name="runScenario" time="26.524"/>
  <testcase classname="TestNGTestRunner" name="runScenario" time="13.882"/>
  <testcase classname="TestNGTestRunner" name="runScenario" time="8.886"/>
  <testcase classname="TestNGTestRunner" name="runScenario" time="7.434"/>
  <testcase classname="TestNGTestRunner" name="runScenario" time="7.388"/>
  <testcase classname="TestNGTestRunner" name="runScenario" time="47.002"/>
  <testcase classname="TestNGTestRunner" name="runScenario" time="47.450"/>
  <testcase classname="TestNGTestRunner" name="runScenario" time="24.202"/>
  <testcase classname="TestNGTestRunner" name="runScenario" time="8.637"/>
  <testcase classname="TestNGTestRunner" name="runScenario" time="13.027"/>
  <testcase classname="TestNGTestRunner" name="runScenario" time="40.246"/>
  <testcase classname="TestNGTestRunner" name="runScenario" time="47.097"/>
  <testcase classname="TestNGTestRunner" name="runScenario" time="7.308"/>
  <testcase classname="TestNGTestRunner" name="runScenario" time="40.353"/>
  <testcase classname="TestNGTestRunner" name="runScenario" time="7.358"/>
  <testcase classname="TestNGTestRunner" name="runScenario" time="7.700"/>
  <testcase classname="TestNGTestRunner" name="runScenario" time="22.872"/>
  <testcase classname="TestNGTestRunner" name="runScenario" time="6.711"/>
  <testcase classname="TestNGTestRunner" name="runScenario" time="7.344"/>
  <testcase classname="TestNGTestRunner" name="runScenario" time="9.391"/>
  <testcase classname="TestNGTestRunner" name="runScenario" time="7.219"/>
  <testcase classname="TestNGTestRunner" name="runScenario" time="46.906"/>
  <testcase classname="TestNGTestRunner" name="runScenario" time="26.172"/>
  <testcase classname="TestNGTestRunner" name="runScenario" time="8.666"/>
  <testcase classname="TestNGTestRunner" name="runScenario" time="14.226"/>
  <testcase classname="TestNGTestRunner" name="runScenario" time="46.852"/>
  <testcase classname="TestNGTestRunner" name="runScenario" time="7.603"/>
  <testcase classname="TestNGTestRunner" name="runScenario" time="46.902"/>
  <testcase classname="TestNGTestRunner" name="runScenario" time="6.204"/>
  <testcase classname="TestNGTestRunner" name="runScenario" time="7.462"/>
  <testcase classname="TestNGTestRunner" name="runScenario" time="10.633"/>
  <testcase classname="TestNGTestRunner" name="runScenario" time="8.597"/>
  <testcase classname="TestNGTestRunner" name="runScenario" time="6.903"/>
  <testcase classname="TestNGTestRunner" name="runScenario" time="47.356"/>
  <testcase classname="TestNGTestRunner" name="runScenario" time="48.721"/>
  <testcase classname="TestNGTestRunner" name="runScenario" time="16.368"/>
  <testcase classname="TestNGTestRunner" name="runScenario" time="54.081"/>
  <testcase classname="TestNGTestRunner" name="runScenario" time="7.313"/>
  <testcase classname="TestNGTestRunner" name="runScenario" time="6.591"/>
  <testcase classname="TestNGTestRunner" name="runScenario" time="46.167">
    <failure message="expected [true] but found [false]" type="java.lang.AssertionError">
      <![CDATA[java.lang.AssertionError: expected [true] but found [false]
at org.testng.Assert.fail(Assert.java:111)
at org.testng.Assert.failNotEquals(Assert.java:1578)
at org.testng.Assert.assertTrue(Assert.java:57)
at org.testng.Assert.assertTrue(Assert.java:67)
at StepDefinitions.OrderConfirmationPage.FunctionalityStepDefImpl.validateProductDetailsOrderIdUrl(FunctionalityStepDefImpl.java:160)
at ✽.Validate product details,order id,url(file:///C:/Users/santh/Desktop/Ecommerce%20Automation/Selenium/EcommercePractise/src/test/java/FeatureFiles/OrderConfirmationPage/Functionality.feature:42)
]]>
    </failure>
  </testcase> <!-- runScenario -->
  <testcase classname="TestNGTestRunner" name="runScenario" time="17.945"/>
  <testcase classname="TestNGTestRunner" name="runScenario" time="17.392">
    <error message="Expected condition failed: waiting for visibility of Proxy element for: DefaultElementLocator &#039;By.xpath: //h1[normalize-space()=&#039;Account Created Successfully&#039;]&#039; (tried for 5 second(s) with 500 milliseconds interval)" type="org.openqa.selenium.TimeoutException">
      <![CDATA[org.openqa.selenium.TimeoutException: Expected condition failed: waiting for visibility of Proxy element for: DefaultElementLocator 'By.xpath: //h1[normalize-space()='Account Created Successfully']' (tried for 5 second(s) with 500 milliseconds interval)
at org.openqa.selenium.support.ui.WebDriverWait.timeoutException(WebDriverWait.java:84)
at org.openqa.selenium.support.ui.FluentWait.until(FluentWait.java:228)
at Util.Utility.waitForWebElementToAppear(Utility.java:32)
at PageObjects.RegisterPage.getSuccessMessage(RegisterPage.java:174)
at StepDefinitions.RegisterPage.FunctionalityStepDefImpl.user_provied_correct_details(FunctionalityStepDefImpl.java:78)
at ✽.User provied santhosh sai rogj3ffgrf@gmail.com 1234567890 Student Male 151Fa04124@4517 151Fa04124@4517 true and submits form with correct details(file:///C:/Users/santh/Desktop/Ecommerce%20Automation/Selenium/EcommercePractise/src/test/java/FeatureFiles/RegisterPage/Functionality.feature:12)
Caused by: org.openqa.selenium.NoSuchElementException: no such element: Unable to locate element: {"method":"xpath","selector":"//h1[normalize-space()='Account Created Successfully']"}
  (Session info: chrome=130.0.6723.70)
For documentation on this error, please visit: https://www.selenium.dev/documentation/webdriver/troubleshooting/errors#no-such-element-exception
Build info: version: '4.23.0', revision: '4df0a231af'
System info: os.name: 'Windows 11', os.arch: 'amd64', os.version: '10.0', java.version: '21.0.5'
Driver info: org.openqa.selenium.chrome.ChromeDriver
Command: [af08d081902fae1544db6caa1a697fb1, findElement {using=xpath, value=//h1[normalize-space()='Account Created Successfully']}]
Capabilities {acceptInsecureCerts: false, browserName: chrome, browserVersion: 130.0.6723.70, chrome: {chromedriverVersion: 130.0.6723.116 (6ac35f94ae3..., userDataDir: C:\Users\santh\AppData\Loca...}, fedcm:accounts: true, goog:chromeOptions: {debuggerAddress: localhost:61938}, networkConnectionEnabled: false, pageLoadStrategy: normal, platformName: windows, proxy: Proxy(), se:cdp: ws://localhost:61938/devtoo..., se:cdpVersion: 130.0.6723.70, setWindowRect: true, strictFileInteractability: false, timeouts: {implicit: 0, pageLoad: 300000, script: 30000}, unhandledPromptBehavior: dismiss and notify, webauthn:extension:credBlob: true, webauthn:extension:largeBlob: true, webauthn:extension:minPinLength: true, webauthn:extension:prf: true, webauthn:virtualAuthenticators: true}
Session ID: af08d081902fae1544db6caa1a697fb1
at java.base/jdk.internal.reflect.DirectConstructorHandleAccessor.newInstance(DirectConstructorHandleAccessor.java:62)
at java.base/java.lang.reflect.Constructor.newInstanceWithCaller(Constructor.java:502)
at java.base/java.lang.reflect.Constructor.newInstance(Constructor.java:486)
at org.openqa.selenium.remote.ErrorCodec.decode(ErrorCodec.java:167)
at org.openqa.selenium.remote.codec.w3c.W3CHttpResponseCodec.decode(W3CHttpResponseCodec.java:138)
at org.openqa.selenium.remote.codec.w3c.W3CHttpResponseCodec.decode(W3CHttpResponseCodec.java:50)
at org.openqa.selenium.remote.HttpCommandExecutor.execute(HttpCommandExecutor.java:190)
at org.openqa.selenium.remote.service.DriverCommandExecutor.invokeExecute(DriverCommandExecutor.java:216)
at org.openqa.selenium.remote.service.DriverCommandExecutor.execute(DriverCommandExecutor.java:174)
at org.openqa.selenium.remote.RemoteWebDriver.execute(RemoteWebDriver.java:527)
at org.openqa.selenium.remote.ElementLocation$ElementFinder$2.findElement(ElementLocation.java:165)
at org.openqa.selenium.remote.ElementLocation.findElement(ElementLocation.java:59)
at org.openqa.selenium.remote.RemoteWebDriver.findElement(RemoteWebDriver.java:357)
at org.openqa.selenium.remote.RemoteWebDriver.findElement(RemoteWebDriver.java:351)
at org.openqa.selenium.support.pagefactory.DefaultElementLocator.findElement(DefaultElementLocator.java:68)
at org.openqa.selenium.support.pagefactory.internal.LocatingElementHandler.invoke(LocatingElementHandler.java:38)
at jdk.proxy2/jdk.proxy2.$Proxy19.isDisplayed(Unknown Source)
at org.openqa.selenium.support.ui.ExpectedConditions.elementIfVisible(ExpectedConditions.java:304)
at org.openqa.selenium.support.ui.ExpectedConditions$10.apply(ExpectedConditions.java:290)
at org.openqa.selenium.support.ui.ExpectedConditions$10.apply(ExpectedConditions.java:287)
at org.openqa.selenium.support.ui.FluentWait.until(FluentWait.java:203)
at Util.Utility.waitForWebElementToAppear(Utility.java:32)
at PageObjects.RegisterPage.getSuccessMessage(RegisterPage.java:174)
at StepDefinitions.RegisterPage.FunctionalityStepDefImpl.user_provied_correct_details(FunctionalityStepDefImpl.java:78)
at java.base/jdk.internal.reflect.DirectMethodHandleAccessor.invoke(DirectMethodHandleAccessor.java:103)
at java.base/java.lang.reflect.Method.invoke(Method.java:580)
at io.cucumber.java.Invoker.doInvoke(Invoker.java:66)
at io.cucumber.java.Invoker.invoke(Invoker.java:24)
at io.cucumber.java.AbstractGlueDefinition.invokeMethod(AbstractGlueDefinition.java:47)
at io.cucumber.java.JavaStepDefinition.execute(JavaStepDefinition.java:29)
at io.cucumber.core.runner.CoreStepDefinition.execute(CoreStepDefinition.java:66)
at io.cucumber.core.runner.PickleStepDefinitionMatch.runStep(PickleStepDefinitionMatch.java:63)
at io.cucumber.core.runner.ExecutionMode$1.execute(ExecutionMode.java:10)
at io.cucumber.core.runner.TestStep.executeStep(TestStep.java:81)
at io.cucumber.core.runner.TestStep.run(TestStep.java:53)
at io.cucumber.core.runner.PickleStepTestStep.run(PickleStepTestStep.java:51)
at io.cucumber.core.runner.TestCase.run(TestCase.java:84)
at io.cucumber.core.runner.Runner.runPickle(Runner.java:75)
at io.cucumber.testng.TestNGCucumberRunner.lambda$runScenario$1(TestNGCucumberRunner.java:132)
at io.cucumber.core.runtime.CucumberExecutionContext.lambda$runTestCase$5(CucumberExecutionContext.java:136)
at io.cucumber.core.runtime.RethrowingThrowableCollector.executeAndThrow(RethrowingThrowableCollector.java:23)
at io.cucumber.core.runtime.CucumberExecutionContext.runTestCase(CucumberExecutionContext.java:136)
at io.cucumber.testng.TestNGCucumberRunner.runScenario(TestNGCucumberRunner.java:129)
at io.cucumber.testng.AbstractTestNGCucumberTests.runScenario(AbstractTestNGCucumberTests.java:35)
at java.base/jdk.internal.reflect.DirectMethodHandleAccessor.invoke(DirectMethodHandleAccessor.java:103)
at java.base/java.lang.reflect.Method.invoke(Method.java:580)
at org.testng.internal.invokers.MethodInvocationHelper.invokeMethod(MethodInvocationHelper.java:141)
at org.testng.internal.invokers.TestInvoker.invokeMethod(TestInvoker.java:686)
at org.testng.internal.invokers.TestInvoker.invokeTestMethod(TestInvoker.java:230)
at org.testng.internal.invokers.MethodRunner.runInSequence(MethodRunner.java:63)
at org.testng.internal.invokers.TestInvoker$MethodInvocationAgent.invoke(TestInvoker.java:992)
at org.testng.internal.invokers.TestInvoker.invokeTestMethods(TestInvoker.java:203)
at org.testng.internal.invokers.TestMethodWorker.invokeTestMethods(TestMethodWorker.java:154)
at org.testng.internal.invokers.TestMethodWorker.run(TestMethodWorker.java:134)
at java.base/java.util.ArrayList.forEach(ArrayList.java:1596)
at org.testng.TestRunner.privateRun(TestRunner.java:739)
at org.testng.TestRunner.run(TestRunner.java:614)
at org.testng.SuiteRunner.runTest(SuiteRunner.java:421)
at org.testng.SuiteRunner.runSequentially(SuiteRunner.java:413)
at org.testng.SuiteRunner.privateRun(SuiteRunner.java:373)
at org.testng.SuiteRunner.run(SuiteRunner.java:312)
at org.testng.SuiteRunnerWorker.runSuite(SuiteRunnerWorker.java:52)
at org.testng.SuiteRunnerWorker.run(SuiteRunnerWorker.java:95)
at org.testng.TestNG.runSuitesSequentially(TestNG.java:1274)
at org.testng.TestNG.runSuitesLocally(TestNG.java:1208)
at org.testng.TestNG.runSuites(TestNG.java:1112)
at org.testng.TestNG.run(TestNG.java:1079)
at org.apache.maven.surefire.testng.TestNGExecutor.run(TestNGExecutor.java:155)
at org.apache.maven.surefire.testng.TestNGDirectoryTestSuite.executeMulti(TestNGDirectoryTestSuite.java:169)
at org.apache.maven.surefire.testng.TestNGDirectoryTestSuite.execute(TestNGDirectoryTestSuite.java:88)
at org.apache.maven.surefire.testng.TestNGProvider.invoke(TestNGProvider.java:137)
at org.apache.maven.surefire.booter.ForkedBooter.runSuitesInProcess(ForkedBooter.java:385)
at org.apache.maven.surefire.booter.ForkedBooter.execute(ForkedBooter.java:162)
at org.apache.maven.surefire.booter.ForkedBooter.run(ForkedBooter.java:507)
at org.apache.maven.surefire.booter.ForkedBooter.main(ForkedBooter.java:495)
]]>
    </error>
  </testcase> <!-- runScenario -->
  <testcase classname="TestNGTestRunner" name="runScenario" time="39.956"/>
  <testcase classname="TestNGTestRunner" name="runScenario" time="8.580"/>
  <testcase classname="TestNGTestRunner" name="runScenario" time="54.273"/>
  <testcase classname="TestNGTestRunner" name="runScenario" time="47.920"/>
  <testcase classname="TestNGTestRunner" name="runScenario" time="8.532"/>
  <testcase classname="TestNGTestRunner" name="runScenario" time="13.267"/>
  <testcase classname="TestNGTestRunner" name="runScenario" time="7.396"/>
  <testcase classname="TestNGTestRunner" name="runScenario" time="24.647"/>
  <testcase classname="TestNGTestRunner" name="runScenario" time="9.356"/>
  <testcase classname="TestNGTestRunner" name="runScenario" time="9.058"/>
  <testcase classname="TestNGTestRunner" name="runScenario" time="8.510"/>
  <testcase classname="TestNGTestRunner" name="runScenario" time="6.232"/>
  <testcase classname="TestNGTestRunner" name="runScenario" time="6.548"/>
  <testcase classname="TestNGTestRunner" name="runScenario" time="7.453"/>
  <testcase classname="TestNGTestRunner" name="runScenario" time="5.673"/>
  <testcase classname="TestNGTestRunner" name="runScenario" time="7.771"/>
  <testcase classname="TestNGTestRunner" name="runScenario" time="55.727"/>
  <testcase classname="TestNGTestRunner" name="runScenario" time="11.308"/>
  <testcase classname="TestNGTestRunner" name="runScenario" time="13.574"/>
  <testcase classname="TestNGTestRunner" name="runScenario" time="28.485"/>
  <testcase classname="TestNGTestRunner" name="runScenario" time="6.991"/>
  <testcase classname="TestNGTestRunner" name="runScenario" time="6.239"/>
  <testcase classname="TestNGTestRunner" name="runScenario" time="9.474"/>
  <testcase classname="TestNGTestRunner" name="runScenario" time="24.683"/>
  <testcase classname="TestNGTestRunner" name="runScenario" time="7.430"/>
  <testcase classname="TestNGTestRunner" name="runScenario" time="15.489"/>
  <testcase classname="TestNGTestRunner" name="runScenario" time="8.571"/>
  <testcase classname="TestNGTestRunner" name="runScenario" time="55.172"/>
  <testcase classname="TestNGTestRunner" name="runScenario" time="40.198"/>
  <testcase classname="TestNGTestRunner" name="runScenario" time="47.783"/>
  <testcase classname="TestNGTestRunner" name="runScenario" time="8.625"/>
  <testcase classname="TestNGTestRunner" name="runScenario" time="6.658"/>
  <testcase classname="TestNGTestRunner" name="runScenario" time="14.402"/>
  <testcase classname="TestNGTestRunner" name="runScenario" time="9.311"/>
  <testcase classname="TestNGTestRunner" name="runScenario" time="47.205"/>
  <testcase classname="TestNGTestRunner" name="runScenario" time="7.475"/>
  <testcase classname="TestNGTestRunner" name="runScenario" time="12.416"/>
  <testcase classname="TestNGTestRunner" name="runScenario" time="9.668"/>
  <testcase classname="TestNGTestRunner" name="runScenario" time="9.017"/>
  <testcase classname="TestNGTestRunner" name="runScenario" time="7.141"/>
  <testcase classname="TestNGTestRunner" name="runScenario" time="5.878"/>
  <testcase classname="TestNGTestRunner" name="runScenario" time="7.564"/>
  <testcase classname="TestNGTestRunner" name="runScenario" time="7.281"/>
  <testcase classname="TestNGTestRunner" name="runScenario" time="8.347"/>
  <testcase classname="TestNGTestRunner" name="runScenario" time="43.622">
    <error message="element click intercepted: Element is not clickable at point (1286, 1095)
  (Session info: chrome=130.0.6723.70)
Build info: version: &#039;4.23.0&#039;, revision: &#039;4df0a231af&#039;
System info: os.name: &#039;Windows 11&#039;, os.arch: &#039;amd64&#039;, os.version: &#039;10.0&#039;, java.version: &#039;21.0.5&#039;
Driver info: org.openqa.selenium.chrome.ChromeDriver
Command: [b181763634d60658182ef6df93880e86, clickElement {id=f.E212ABF3576554B63DBE2CE9268EB14C.d.4BA7EF215D74BA01D781EC6C74ADD1C3.e.211}]
Capabilities {acceptInsecureCerts: false, browserName: chrome, browserVersion: 130.0.6723.70, chrome: {chromedriverVersion: 130.0.6723.116 (6ac35f94ae3..., userDataDir: C:\Users\santh\AppData\Loca...}, fedcm:accounts: true, goog:chromeOptions: {debuggerAddress: localhost:60574}, networkConnectionEnabled: false, pageLoadStrategy: normal, platformName: windows, proxy: Proxy(), se:cdp: ws://localhost:60574/devtoo..., se:cdpVersion: 130.0.6723.70, setWindowRect: true, strictFileInteractability: false, timeouts: {implicit: 0, pageLoad: 300000, script: 30000}, unhandledPromptBehavior: dismiss and notify, webauthn:extension:credBlob: true, webauthn:extension:largeBlob: true, webauthn:extension:minPinLength: true, webauthn:extension:prf: true, webauthn:virtualAuthenticators: true}
Element: [[[[ChromeDriver: chrome on windows (b181763634d60658182ef6df93880e86)] -&gt; css selector: tr.ng-star-inserted]] -&gt; css selector: .btn-primary]
Session ID: b181763634d60658182ef6df93880e86" type="org.openqa.selenium.ElementClickInterceptedException">
      <![CDATA[org.openqa.selenium.ElementClickInterceptedException: element click intercepted: Element is not clickable at point (1286, 1095)
  (Session info: chrome=130.0.6723.70)
Build info: version: '4.23.0', revision: '4df0a231af'
System info: os.name: 'Windows 11', os.arch: 'amd64', os.version: '10.0', java.version: '21.0.5'
Driver info: org.openqa.selenium.chrome.ChromeDriver
Command: [b181763634d60658182ef6df93880e86, clickElement {id=f.E212ABF3576554B63DBE2CE9268EB14C.d.4BA7EF215D74BA01D781EC6C74ADD1C3.e.211}]
Capabilities {acceptInsecureCerts: false, browserName: chrome, browserVersion: 130.0.6723.70, chrome: {chromedriverVersion: 130.0.6723.116 (6ac35f94ae3..., userDataDir: C:\Users\santh\AppData\Loca...}, fedcm:accounts: true, goog:chromeOptions: {debuggerAddress: localhost:60574}, networkConnectionEnabled: false, pageLoadStrategy: normal, platformName: windows, proxy: Proxy(), se:cdp: ws://localhost:60574/devtoo..., se:cdpVersion: 130.0.6723.70, setWindowRect: true, strictFileInteractability: false, timeouts: {implicit: 0, pageLoad: 300000, script: 30000}, unhandledPromptBehavior: dismiss and notify, webauthn:extension:credBlob: true, webauthn:extension:largeBlob: true, webauthn:extension:minPinLength: true, webauthn:extension:prf: true, webauthn:virtualAuthenticators: true}
Element: [[[[ChromeDriver: chrome on windows (b181763634d60658182ef6df93880e86)] -> css selector: tr.ng-star-inserted]] -> css selector: .btn-primary]
Session ID: b181763634d60658182ef6df93880e86
at java.base/jdk.internal.reflect.DirectConstructorHandleAccessor.newInstance(DirectConstructorHandleAccessor.java:62)
at java.base/java.lang.reflect.Constructor.newInstanceWithCaller(Constructor.java:502)
at java.base/java.lang.reflect.Constructor.newInstance(Constructor.java:486)
at org.openqa.selenium.remote.ErrorCodec.decode(ErrorCodec.java:167)
at org.openqa.selenium.remote.codec.w3c.W3CHttpResponseCodec.decode(W3CHttpResponseCodec.java:138)
at org.openqa.selenium.remote.codec.w3c.W3CHttpResponseCodec.decode(W3CHttpResponseCodec.java:50)
at org.openqa.selenium.remote.HttpCommandExecutor.execute(HttpCommandExecutor.java:190)
at org.openqa.selenium.remote.service.DriverCommandExecutor.invokeExecute(DriverCommandExecutor.java:216)
at org.openqa.selenium.remote.service.DriverCommandExecutor.execute(DriverCommandExecutor.java:174)
at org.openqa.selenium.remote.RemoteWebDriver.execute(RemoteWebDriver.java:527)
at org.openqa.selenium.remote.RemoteWebElement.execute(RemoteWebElement.java:223)
at org.openqa.selenium.remote.RemoteWebElement.click(RemoteWebElement.java:76)
at StepDefinitions.OrdersPage.ErrorHandlingStepDefImpl.userClicksOnViewButtonWhenApiIsDown(ErrorHandlingStepDefImpl.java:150)
at ✽.User clicks on view button when api is down(file:///C:/Users/santh/Desktop/Ecommerce%20Automation/Selenium/EcommercePractise/src/test/java/FeatureFiles/OrdersPage/ErrorHandling.feature:17)
]]>
    </error>
  </testcase> <!-- runScenario -->
  <testcase classname="TestNGTestRunner" name="runScenario" time="5.955"/>
  <testcase classname="TestNGTestRunner" name="runScenario" time="7.222"/>
  <testcase classname="TestNGTestRunner" name="runScenario" time="9.785"/>
  <testcase classname="TestNGTestRunner" name="runScenario" time="7.192"/>
  <testcase classname="TestNGTestRunner" name="runScenario" time="23.068">
    <error message="element click intercepted: Element &lt;button _ngcontent-paw-c34=&quot;&quot; class=&quot;btn w-10 rounded&quot; style=&quot;float: right;&quot;&gt;...&lt;/button&gt; is not clickable at point (1062, 443). Other element would receive the click: &lt;div _ngcontent-paw-c31=&quot;&quot; class=&quot;ngx-spinner-overlay ng-tns-c31-1 ng-trigger ng-trigger-fadeIn ng-star-inserted ng-animating&quot; style=&quot;background-color: rgba(51, 51, 51, 0.8); z-index: 99999; position: fixed;&quot;&gt;...&lt;/div&gt;
  (Session info: chrome=130.0.6723.70)
Build info: version: &#039;4.23.0&#039;, revision: &#039;4df0a231af&#039;
System info: os.name: &#039;Windows 11&#039;, os.arch: &#039;amd64&#039;, os.version: &#039;10.0&#039;, java.version: &#039;21.0.5&#039;
Driver info: org.openqa.selenium.chrome.ChromeDriver
Command: [556c1577452d2fae78622038b2ea7f58, clickElement {id=f.4EB67D20353F1F63B0C92F62620DF2D1.d.A8BB64927AEE7F273B7FEA780E395869.e.79}]
Capabilities {acceptInsecureCerts: false, browserName: chrome, browserVersion: 130.0.6723.70, chrome: {chromedriverVersion: 130.0.6723.116 (6ac35f94ae3..., userDataDir: C:\Users\santh\AppData\Loca...}, fedcm:accounts: true, goog:chromeOptions: {debuggerAddress: localhost:61241}, networkConnectionEnabled: false, pageLoadStrategy: normal, platformName: windows, proxy: Proxy(), se:cdp: ws://localhost:61241/devtoo..., se:cdpVersion: 130.0.6723.70, setWindowRect: true, strictFileInteractability: false, timeouts: {implicit: 0, pageLoad: 300000, script: 30000}, unhandledPromptBehavior: dismiss and notify, webauthn:extension:credBlob: true, webauthn:extension:largeBlob: true, webauthn:extension:minPinLength: true, webauthn:extension:prf: true, webauthn:virtualAuthenticators: true}
Element: [[[[ChromeDriver: chrome on windows (556c1577452d2fae78622038b2ea7f58)] -&gt; class name: card]] -&gt; css selector: .card-body button:last-of-type]
Session ID: 556c1577452d2fae78622038b2ea7f58" type="org.openqa.selenium.ElementClickInterceptedException">
      <![CDATA[org.openqa.selenium.ElementClickInterceptedException: element click intercepted: Element <button _ngcontent-paw-c34="" class="btn w-10 rounded" style="float: right;">...</button> is not clickable at point (1062, 443). Other element would receive the click: <div _ngcontent-paw-c31="" class="ngx-spinner-overlay ng-tns-c31-1 ng-trigger ng-trigger-fadeIn ng-star-inserted ng-animating" style="background-color: rgba(51, 51, 51, 0.8); z-index: 99999; position: fixed;">...</div>
  (Session info: chrome=130.0.6723.70)
Build info: version: '4.23.0', revision: '4df0a231af'
System info: os.name: 'Windows 11', os.arch: 'amd64', os.version: '10.0', java.version: '21.0.5'
Driver info: org.openqa.selenium.chrome.ChromeDriver
Command: [556c1577452d2fae78622038b2ea7f58, clickElement {id=f.4EB67D20353F1F63B0C92F62620DF2D1.d.A8BB64927AEE7F273B7FEA780E395869.e.79}]
Capabilities {acceptInsecureCerts: false, browserName: chrome, browserVersion: 130.0.6723.70, chrome: {chromedriverVersion: 130.0.6723.116 (6ac35f94ae3..., userDataDir: C:\Users\santh\AppData\Loca...}, fedcm:accounts: true, goog:chromeOptions: {debuggerAddress: localhost:61241}, networkConnectionEnabled: false, pageLoadStrategy: normal, platformName: windows, proxy: Proxy(), se:cdp: ws://localhost:61241/devtoo..., se:cdpVersion: 130.0.6723.70, setWindowRect: true, strictFileInteractability: false, timeouts: {implicit: 0, pageLoad: 300000, script: 30000}, unhandledPromptBehavior: dismiss and notify, webauthn:extension:credBlob: true, webauthn:extension:largeBlob: true, webauthn:extension:minPinLength: true, webauthn:extension:prf: true, webauthn:virtualAuthenticators: true}
Element: [[[[ChromeDriver: chrome on windows (556c1577452d2fae78622038b2ea7f58)] -> class name: card]] -> css selector: .card-body button:last-of-type]
Session ID: 556c1577452d2fae78622038b2ea7f58
at java.base/jdk.internal.reflect.DirectConstructorHandleAccessor.newInstance(DirectConstructorHandleAccessor.java:62)
at java.base/java.lang.reflect.Constructor.newInstanceWithCaller(Constructor.java:502)
at java.base/java.lang.reflect.Constructor.newInstance(Constructor.java:486)
at org.openqa.selenium.remote.ErrorCodec.decode(ErrorCodec.java:167)
at org.openqa.selenium.remote.codec.w3c.W3CHttpResponseCodec.decode(W3CHttpResponseCodec.java:138)
at org.openqa.selenium.remote.codec.w3c.W3CHttpResponseCodec.decode(W3CHttpResponseCodec.java:50)
at org.openqa.selenium.remote.HttpCommandExecutor.execute(HttpCommandExecutor.java:190)
at org.openqa.selenium.remote.service.DriverCommandExecutor.invokeExecute(DriverCommandExecutor.java:216)
at org.openqa.selenium.remote.service.DriverCommandExecutor.execute(DriverCommandExecutor.java:174)
at org.openqa.selenium.remote.RemoteWebDriver.execute(RemoteWebDriver.java:527)
at org.openqa.selenium.remote.RemoteWebElement.execute(RemoteWebElement.java:223)
at org.openqa.selenium.remote.RemoteWebElement.click(RemoteWebElement.java:76)
at PageObjects.ProductsPage.addProductToCart(ProductsPage.java:91)
at StepDefinitions.OrdersPage.FunctionalityStepDefImpl.userLandedOnECommerecePageOrdersPage(FunctionalityStepDefImpl.java:69)
at ✽.User landed on ECommerece page orders page(file:///C:/Users/santh/Desktop/Ecommerce%20Automation/Selenium/EcommercePractise/src/test/java/FeatureFiles/OrdersPage/Functionality.feature:62)
]]>
    </error>
  </testcase> <!-- runScenario -->
  <testcase classname="TestNGTestRunner" name="runScenario" time="8.754"/>
  <testcase classname="TestNGTestRunner" name="runScenario" time="6.450"/>
  <testcase classname="TestNGTestRunner" name="runScenario" time="8.158"/>
  <testcase classname="TestNGTestRunner" name="runScenario" time="50.330"/>
  <testcase classname="TestNGTestRunner" name="runScenario" time="13.253">
    <error message="no such element: Unable to locate element: {&quot;method&quot;:&quot;css selector&quot;,&quot;selector&quot;:&quot;button[routerlink*=&#039;myorders&#039;]&quot;}
  (Session info: chrome=130.0.6723.70)
For documentation on this error, please visit: https://www.selenium.dev/documentation/webdriver/troubleshooting/errors#no-such-element-exception
Build info: version: &#039;4.23.0&#039;, revision: &#039;4df0a231af&#039;
System info: os.name: &#039;Windows 11&#039;, os.arch: &#039;amd64&#039;, os.version: &#039;10.0&#039;, java.version: &#039;21.0.5&#039;
Driver info: org.openqa.selenium.chrome.ChromeDriver
Command: [a4aa70ea92cad751f225b67853f35dff, findElement {using=css selector, value=button[routerlink*=&#039;myorders&#039;]}]
Capabilities {acceptInsecureCerts: false, browserName: chrome, browserVersion: 130.0.6723.70, chrome: {chromedriverVersion: 130.0.6723.116 (6ac35f94ae3..., userDataDir: C:\Users\santh\AppData\Loca...}, fedcm:accounts: true, goog:chromeOptions: {debuggerAddress: localhost:61084}, networkConnectionEnabled: false, pageLoadStrategy: normal, platformName: windows, proxy: Proxy(), se:cdp: ws://localhost:61084/devtoo..., se:cdpVersion: 130.0.6723.70, setWindowRect: true, strictFileInteractability: false, timeouts: {implicit: 0, pageLoad: 300000, script: 30000}, unhandledPromptBehavior: dismiss and notify, webauthn:extension:credBlob: true, webauthn:extension:largeBlob: true, webauthn:extension:minPinLength: true, webauthn:extension:prf: true, webauthn:virtualAuthenticators: true}
Session ID: a4aa70ea92cad751f225b67853f35dff" type="org.openqa.selenium.NoSuchElementException">
      <![CDATA[org.openqa.selenium.NoSuchElementException: no such element: Unable to locate element: {"method":"css selector","selector":"button[routerlink*='myorders']"}
  (Session info: chrome=130.0.6723.70)
For documentation on this error, please visit: https://www.selenium.dev/documentation/webdriver/troubleshooting/errors#no-such-element-exception
Build info: version: '4.23.0', revision: '4df0a231af'
System info: os.name: 'Windows 11', os.arch: 'amd64', os.version: '10.0', java.version: '21.0.5'
Driver info: org.openqa.selenium.chrome.ChromeDriver
Command: [a4aa70ea92cad751f225b67853f35dff, findElement {using=css selector, value=button[routerlink*='myorders']}]
Capabilities {acceptInsecureCerts: false, browserName: chrome, browserVersion: 130.0.6723.70, chrome: {chromedriverVersion: 130.0.6723.116 (6ac35f94ae3..., userDataDir: C:\Users\santh\AppData\Loca...}, fedcm:accounts: true, goog:chromeOptions: {debuggerAddress: localhost:61084}, networkConnectionEnabled: false, pageLoadStrategy: normal, platformName: windows, proxy: Proxy(), se:cdp: ws://localhost:61084/devtoo..., se:cdpVersion: 130.0.6723.70, setWindowRect: true, strictFileInteractability: false, timeouts: {implicit: 0, pageLoad: 300000, script: 30000}, unhandledPromptBehavior: dismiss and notify, webauthn:extension:credBlob: true, webauthn:extension:largeBlob: true, webauthn:extension:minPinLength: true, webauthn:extension:prf: true, webauthn:virtualAuthenticators: true}
Session ID: a4aa70ea92cad751f225b67853f35dff
at java.base/jdk.internal.reflect.DirectConstructorHandleAccessor.newInstance(DirectConstructorHandleAccessor.java:62)
at java.base/java.lang.reflect.Constructor.newInstanceWithCaller(Constructor.java:502)
at java.base/java.lang.reflect.Constructor.newInstance(Constructor.java:486)
at org.openqa.selenium.remote.ErrorCodec.decode(ErrorCodec.java:167)
at org.openqa.selenium.remote.codec.w3c.W3CHttpResponseCodec.decode(W3CHttpResponseCodec.java:138)
at org.openqa.selenium.remote.codec.w3c.W3CHttpResponseCodec.decode(W3CHttpResponseCodec.java:50)
at org.openqa.selenium.remote.HttpCommandExecutor.execute(HttpCommandExecutor.java:190)
at org.openqa.selenium.remote.service.DriverCommandExecutor.invokeExecute(DriverCommandExecutor.java:216)
at org.openqa.selenium.remote.service.DriverCommandExecutor.execute(DriverCommandExecutor.java:174)
at org.openqa.selenium.remote.RemoteWebDriver.execute(RemoteWebDriver.java:527)
at org.openqa.selenium.remote.ElementLocation$ElementFinder$2.findElement(ElementLocation.java:165)
at org.openqa.selenium.remote.ElementLocation.findElement(ElementLocation.java:59)
at org.openqa.selenium.remote.RemoteWebDriver.findElement(RemoteWebDriver.java:357)
at org.openqa.selenium.remote.RemoteWebDriver.findElement(RemoteWebDriver.java:351)
at org.openqa.selenium.support.pagefactory.DefaultElementLocator.findElement(DefaultElementLocator.java:68)
at org.openqa.selenium.support.pagefactory.internal.LocatingElementHandler.invoke(LocatingElementHandler.java:38)
at jdk.proxy2/jdk.proxy2.$Proxy19.click(Unknown Source)
at PageObjects.ProductsPage.gotoMyOrders(ProductsPage.java:118)
at StepDefinitions.OrdersPage.FunctionalityStepDefImpl.userLandedOnECommerecePageOrdersPageWithNoOrders(FunctionalityStepDefImpl.java:170)
at ✽.User landed on ECommerece page orders page with no orders(file:///C:/Users/santh/Desktop/Ecommerce%20Automation/Selenium/EcommercePractise/src/test/java/FeatureFiles/OrdersPage/Functionality.feature:47)
]]>
    </error>
  </testcase> <!-- runScenario -->
  <testcase classname="TestNGTestRunner" name="runScenario" time="13.396"/>
</testsuite> <!-- TestNGTestRunner -->
