<?xml version="1.0" encoding="UTF-8"?>
<!-- Generated by org.testng.reporters.JUnitReportReporter -->
<testsuite hostname="DESKTOP-G0V8S5A" failures="0" tests="4" name="TestNGTestRunner" time="16.611" errors="0" timestamp="2024-10-24T14:10:01 IST" skipped="0">
  <testcase classname="TestNGTestRunner" name="runScenario" time="3.888"/>
  <testcase classname="TestNGTestRunner" name="runScenario" time="5.058"/>
  <testcase classname="TestNGTestRunner" name="runScenario" time="3.555"/>
  <testcase classname="TestNGTestRunner" name="runScenario" time="4.110"/>
</testsuite> <!-- TestNGTestRunner -->
