<?xml version="1.0" encoding="UTF-8"?>
<!-- Generated by org.testng.reporters.JUnitReportReporter -->
<testsuite hostname="DESKTOP-G0V8S5A" failures="0" tests="5" name="TestNGTestRunner" time="18.714" errors="0" timestamp="2024-10-23T15:29:01 IST" skipped="0">
  <testcase classname="TestNGTestRunner" name="runScenario" time="3.334"/>
  <testcase classname="TestNGTestRunner" name="runScenario" time="3.799"/>
  <testcase classname="TestNGTestRunner" name="runScenario" time="3.336"/>
  <testcase classname="TestNGTestRunner" name="runScenario" time="4.838"/>
  <testcase classname="TestNGTestRunner" name="runScenario" time="3.407"/>
</testsuite> <!-- TestNGTestRunner -->
