<?xml version="1.0" encoding="UTF-8"?>
<!-- Generated by org.testng.reporters.JUnitReportReporter -->
<testsuite hostname="DESKTOP-G0V8S5A" failures="0" tests="21" name="TestNGTestRunner" time="72.895" errors="0" timestamp="2024-10-27T14:33:10 IST" skipped="0">
  <testcase classname="TestNGTestRunner" name="runScenario" time="3.302"/>
  <testcase classname="TestNGTestRunner" name="runScenario" time="3.007"/>
  <testcase classname="TestNGTestRunner" name="runScenario" time="2.881"/>
  <testcase classname="TestNGTestRunner" name="runScenario" time="2.984"/>
  <testcase classname="TestNGTestRunner" name="runScenario" time="7.378"/>
  <testcase classname="TestNGTestRunner" name="runScenario" time="2.887"/>
  <testcase classname="TestNGTestRunner" name="runScenario" time="2.991"/>
  <testcase classname="TestNGTestRunner" name="runScenario" time="3.575"/>
  <testcase classname="TestNGTestRunner" name="runScenario" time="4.347"/>
  <testcase classname="TestNGTestRunner" name="runScenario" time="2.576"/>
  <testcase classname="TestNGTestRunner" name="runScenario" time="2.834"/>
  <testcase classname="TestNGTestRunner" name="runScenario" time="2.664"/>
  <testcase classname="TestNGTestRunner" name="runScenario" time="3.175"/>
  <testcase classname="TestNGTestRunner" name="runScenario" time="3.024"/>
  <testcase classname="TestNGTestRunner" name="runScenario" time="3.254"/>
  <testcase classname="TestNGTestRunner" name="runScenario" time="2.933"/>
  <testcase classname="TestNGTestRunner" name="runScenario" time="7.704"/>
  <testcase classname="TestNGTestRunner" name="runScenario" time="2.793"/>
  <testcase classname="TestNGTestRunner" name="runScenario" time="2.866"/>
  <testcase classname="TestNGTestRunner" name="runScenario" time="3.045"/>
  <testcase classname="TestNGTestRunner" name="runScenario" time="2.675"/>
</testsuite> <!-- TestNGTestRunner -->
